<?xml version="1.0" encoding="utf-8" standalone="no"?>
<test-run id="2" testcasecount="3341" result="Failed" total="3341" passed="3221" failed="7" inconclusive="109" skipped="4" asserts="6867" engine-version="3.0.5813.39036" clr-version="4.0.30319.42000" start-time="2016-02-19 11:52:43Z" end-time="2016-02-19 11:52:57Z" duration="13.327825">
  <command-line><![CDATA[nunit3-console.exe  net-4.5\nunit.framework.tests.dll]]></command-line>
  <test-suite type="Assembly" id="0-4995" name="nunit.framework.tests.dll" fullname="D:\aula\Verificacao de Software\NUnit-3.0.1\bin\net-4.5\nunit.framework.tests.dll" runstate="Runnable" testcasecount="3341" result="Failed" site="Child" start-time="2016-02-19 11:52:43Z" end-time="2016-02-19 11:52:55Z" duration="11.304010" total="3341" passed="3221" failed="7" inconclusive="109" skipped="4" asserts="6867">
    <environment framework-version="3.0.5813.39031" clr-version="4.0.30319.42000" os-version="Microsoft Windows NT 10.0.10240.0" platform="Win32NT" cwd="D:\aula\Verificacao de Software\NUnit-3.0.1\bin" machine-name="EDERSON" user="Ederson" user-domain="EDERSON" culture="pt-BR" uiculture="pt-BR" os-architecture="x64" />
    <settings>
      <setting name="WorkDirectory" value="D:\aula\Verificacao de Software\NUnit-3.0.1\bin" />
      <setting name="NumberOfTestWorkers" value="4" />
    </settings>
    <properties>
      <property name="ParallelScope" value="Fixtures" />
      <property name="_PID" value="12820" />
      <property name="_APPDOMAIN" value="test-domain-" />
    </properties>
    <failure>
      <message><![CDATA[One or more child tests had errors]]></message>
    </failure>
    <test-suite type="TestSuite" id="0-4996" name="NUnit" fullname="NUnit" runstate="Runnable" testcasecount="3341" result="Failed" site="Child" start-time="2016-02-19 11:52:43Z" end-time="2016-02-19 11:52:55Z" duration="11.293790" total="3341" passed="3221" failed="7" inconclusive="109" skipped="4" asserts="6867">
      <failure>
        <message><![CDATA[One or more child tests had errors]]></message>
      </failure>
      <test-suite type="TestSuite" id="0-4997" name="TestUtilities" fullname="NUnit.TestUtilities" runstate="Runnable" testcasecount="6" result="Passed" start-time="2016-02-19 11:52:43Z" end-time="2016-02-19 11:52:47Z" duration="3.336571" total="6" passed="6" failed="0" inconclusive="0" skipped="0" asserts="6">
        <test-suite type="TestFixture" id="0-1000" name="UniqueValues" fullname="NUnit.TestUtilities.UniqueValues" classname="NUnit.TestUtilities.UniqueValues" runstate="Runnable" testcasecount="6" result="Passed" start-time="2016-02-19 11:52:47Z" end-time="2016-02-19 11:52:47Z" duration="0.001598" total="6" passed="6" failed="0" inconclusive="0" skipped="0" asserts="6">
          <test-suite type="ParameterizedMethod" id="0-1007" name="CountUniqueValuesTest" fullname="NUnit.TestUtilities.UniqueValues.CountUniqueValuesTest" runstate="Runnable" testcasecount="6" result="Passed" start-time="2016-02-19 11:52:47Z" end-time="2016-02-19 11:52:47Z" duration="0.001442" total="6" passed="6" failed="0" inconclusive="0" skipped="0" asserts="6">
            <test-case id="0-1001" name="CountUniqueValuesTest(1,2,3,4,5)" fullname="NUnit.TestUtilities.UniqueValues.CountUniqueValuesTest(1,2,3,4,5)" methodname="CountUniqueValuesTest" classname="NUnit.TestUtilities.UniqueValues" runstate="Runnable" seed="2031539648" result="Passed" start-time="2016-02-19 11:52:47Z" end-time="2016-02-19 11:52:47Z" duration="0.000698" asserts="1" />
            <test-case id="0-1002" name="CountUniqueValuesTest(1,2,3,4,3)" fullname="NUnit.TestUtilities.UniqueValues.CountUniqueValuesTest(1,2,3,4,3)" methodname="CountUniqueValuesTest" classname="NUnit.TestUtilities.UniqueValues" runstate="Runnable" seed="798259755" result="Passed" start-time="2016-02-19 11:52:47Z" end-time="2016-02-19 11:52:47Z" duration="0.000081" asserts="1" />
            <test-case id="0-1003" name="CountUniqueValuesTest(1,1,1,1,1)" fullname="NUnit.TestUtilities.UniqueValues.CountUniqueValuesTest(1,1,1,1,1)" methodname="CountUniqueValuesTest" classname="NUnit.TestUtilities.UniqueValues" runstate="Runnable" seed="1998102471" result="Passed" start-time="2016-02-19 11:52:47Z" end-time="2016-02-19 11:52:47Z" duration="0.000066" asserts="1" />
            <test-case id="0-1004" name="CountUniqueValuesTest(1,2,1,2,1)" fullname="NUnit.TestUtilities.UniqueValues.CountUniqueValuesTest(1,2,1,2,1)" methodname="CountUniqueValuesTest" classname="NUnit.TestUtilities.UniqueValues" runstate="Runnable" seed="1396928079" result="Passed" start-time="2016-02-19 11:52:47Z" end-time="2016-02-19 11:52:47Z" duration="0.000062" asserts="1" />
            <test-case id="0-1005" name="CountUniqueValuesTest(1,1,1,2,2)" fullname="NUnit.TestUtilities.UniqueValues.CountUniqueValuesTest(1,1,1,2,2)" methodname="CountUniqueValuesTest" classname="NUnit.TestUtilities.UniqueValues" runstate="Runnable" seed="202129304" result="Passed" start-time="2016-02-19 11:52:47Z" end-time="2016-02-19 11:52:47Z" duration="0.000064" asserts="1" />
            <test-case id="0-1006" name="CountUniqueValuesTest()" fullname="NUnit.TestUtilities.UniqueValues.CountUniqueValuesTest()" methodname="CountUniqueValuesTest" classname="NUnit.TestUtilities.UniqueValues" runstate="Runnable" seed="1630670862" result="Passed" start-time="2016-02-19 11:52:47Z" end-time="2016-02-19 11:52:47Z" duration="0.000062" asserts="1" />
          </test-suite>
        </test-suite>
      </test-suite>
      <test-suite type="TestSuite" id="0-4998" name="Framework" fullname="NUnit.Framework" runstate="Runnable" testcasecount="3335" result="Failed" site="Child" start-time="2016-02-19 11:52:43Z" end-time="2016-02-19 11:52:55Z" duration="11.293673" total="3335" passed="3215" failed="7" inconclusive="109" skipped="4" asserts="6861">
        <failure>
          <message><![CDATA[One or more child tests had errors]]></message>
        </failure>
        <test-suite type="TestSuite" id="0-5008" name="Assertions" fullname="NUnit.Framework.Assertions" runstate="Runnable" testcasecount="414" result="Failed" site="Child" start-time="2016-02-19 11:52:43Z" end-time="2016-02-19 11:52:45Z" duration="1.209834" total="414" passed="413" failed="1" inconclusive="0" skipped="0" asserts="1199">
          <failure>
            <message><![CDATA[One or more child tests had errors]]></message>
          </failure>
          <test-suite type="TestFixture" id="0-3185" name="ArrayEqualsFailureMessageFixture" fullname="NUnit.Framework.Assertions.ArrayEqualsFailureMessageFixture" classname="NUnit.Framework.Assertions.ArrayEqualsFailureMessageFixture" runstate="Runnable" testcasecount="15" result="Passed" start-time="2016-02-19 11:52:43Z" end-time="2016-02-19 11:52:44Z" duration="0.137849" total="15" passed="15" failed="0" inconclusive="0" skipped="0" asserts="45">
            <test-case id="0-3188" name="ActualArrayIsLonger" fullname="NUnit.Framework.Assertions.ArrayEqualsFailureMessageFixture.ActualArrayIsLonger" methodname="ActualArrayIsLonger" classname="NUnit.Framework.Assertions.ArrayEqualsFailureMessageFixture" runstate="Runnable" seed="998373374" result="Passed" start-time="2016-02-19 11:52:43Z" end-time="2016-02-19 11:52:43Z" duration="0.038327" asserts="3" />
            <test-case id="0-3199" name="ArrayAndCollection_Failure" fullname="NUnit.Framework.Assertions.ArrayEqualsFailureMessageFixture.ArrayAndCollection_Failure" methodname="ArrayAndCollection_Failure" classname="NUnit.Framework.Assertions.ArrayEqualsFailureMessageFixture" runstate="Runnable" seed="30226177" result="Passed" start-time="2016-02-19 11:52:43Z" end-time="2016-02-19 11:52:43Z" duration="0.003222" asserts="3" />
            <test-case id="0-3198" name="ArraysDeclaredAsDifferentTypes" fullname="NUnit.Framework.Assertions.ArrayEqualsFailureMessageFixture.ArraysDeclaredAsDifferentTypes" methodname="ArraysDeclaredAsDifferentTypes" classname="NUnit.Framework.Assertions.ArrayEqualsFailureMessageFixture" runstate="Runnable" seed="1937777543" result="Passed" start-time="2016-02-19 11:52:43Z" end-time="2016-02-19 11:52:43Z" duration="0.005065" asserts="3" />
            <test-case id="0-3186" name="ArraysHaveDifferentRanks" fullname="NUnit.Framework.Assertions.ArrayEqualsFailureMessageFixture.ArraysHaveDifferentRanks" methodname="ArraysHaveDifferentRanks" classname="NUnit.Framework.Assertions.ArrayEqualsFailureMessageFixture" runstate="Runnable" seed="1442038" result="Passed" start-time="2016-02-19 11:52:43Z" end-time="2016-02-19 11:52:43Z" duration="0.001700" asserts="3" />
            <test-case id="0-3196" name="ArraysWithDifferentDimensionsAsCollection" fullname="NUnit.Framework.Assertions.ArrayEqualsFailureMessageFixture.ArraysWithDifferentDimensionsAsCollection" methodname="ArraysWithDifferentDimensionsAsCollection" classname="NUnit.Framework.Assertions.ArrayEqualsFailureMessageFixture" runstate="Runnable" seed="1230626203" result="Passed" start-time="2016-02-19 11:52:43Z" end-time="2016-02-19 11:52:44Z" duration="0.022021" asserts="3" />
            <test-case id="0-3195" name="ArraysWithDifferentRanksAsCollection" fullname="NUnit.Framework.Assertions.ArrayEqualsFailureMessageFixture.ArraysWithDifferentRanksAsCollection" methodname="ArraysWithDifferentRanksAsCollection" classname="NUnit.Framework.Assertions.ArrayEqualsFailureMessageFixture" runstate="Runnable" seed="560095304" result="Passed" start-time="2016-02-19 11:52:44Z" end-time="2016-02-19 11:52:44Z" duration="0.001362" asserts="3" />
            <test-case id="0-3200" name="DifferentArrayTypesEqualFails" fullname="NUnit.Framework.Assertions.ArrayEqualsFailureMessageFixture.DifferentArrayTypesEqualFails" methodname="DifferentArrayTypesEqualFails" classname="NUnit.Framework.Assertions.ArrayEqualsFailureMessageFixture" runstate="Runnable" seed="277597925" result="Passed" start-time="2016-02-19 11:52:44Z" end-time="2016-02-19 11:52:44Z" duration="0.001391" asserts="3" />
            <test-case id="0-3190" name="DoubleDimensionedArrays" fullname="NUnit.Framework.Assertions.ArrayEqualsFailureMessageFixture.DoubleDimensionedArrays" methodname="DoubleDimensionedArrays" classname="NUnit.Framework.Assertions.ArrayEqualsFailureMessageFixture" runstate="Runnable" seed="2106590982" result="Passed" start-time="2016-02-19 11:52:44Z" end-time="2016-02-19 11:52:44Z" duration="0.001699" asserts="3" />
            <test-case id="0-3187" name="ExpectedArrayIsLonger" fullname="NUnit.Framework.Assertions.ArrayEqualsFailureMessageFixture.ExpectedArrayIsLonger" methodname="ExpectedArrayIsLonger" classname="NUnit.Framework.Assertions.ArrayEqualsFailureMessageFixture" runstate="Runnable" seed="1396569921" result="Passed" start-time="2016-02-19 11:52:44Z" end-time="2016-02-19 11:52:44Z" duration="0.001527" asserts="3" />
            <test-case id="0-3189" name="FailureOnSingleDimensionedArrays" fullname="NUnit.Framework.Assertions.ArrayEqualsFailureMessageFixture.FailureOnSingleDimensionedArrays" methodname="FailureOnSingleDimensionedArrays" classname="NUnit.Framework.Assertions.ArrayEqualsFailureMessageFixture" runstate="Runnable" seed="1153004774" result="Passed" start-time="2016-02-19 11:52:44Z" end-time="2016-02-19 11:52:44Z" duration="0.001583" asserts="3" />
            <test-case id="0-3192" name="FiveDimensionedArrays" fullname="NUnit.Framework.Assertions.ArrayEqualsFailureMessageFixture.FiveDimensionedArrays" methodname="FiveDimensionedArrays" classname="NUnit.Framework.Assertions.ArrayEqualsFailureMessageFixture" runstate="Runnable" seed="2078326658" result="Passed" start-time="2016-02-19 11:52:44Z" end-time="2016-02-19 11:52:44Z" duration="0.002071" asserts="3" />
            <test-case id="0-3194" name="JaggedArrayComparedToSimpleArray" fullname="NUnit.Framework.Assertions.ArrayEqualsFailureMessageFixture.JaggedArrayComparedToSimpleArray" methodname="JaggedArrayComparedToSimpleArray" classname="NUnit.Framework.Assertions.ArrayEqualsFailureMessageFixture" runstate="Runnable" seed="1295759997" result="Passed" start-time="2016-02-19 11:52:44Z" end-time="2016-02-19 11:52:44Z" duration="0.002222" asserts="3" />
            <test-case id="0-3193" name="JaggedArrays" fullname="NUnit.Framework.Assertions.ArrayEqualsFailureMessageFixture.JaggedArrays" methodname="JaggedArrays" classname="NUnit.Framework.Assertions.ArrayEqualsFailureMessageFixture" runstate="Runnable" seed="1841579780" result="Passed" start-time="2016-02-19 11:52:44Z" end-time="2016-02-19 11:52:44Z" duration="0.003094" asserts="3" />
            <test-case id="0-3197" name="SameLengthDifferentContent" fullname="NUnit.Framework.Assertions.ArrayEqualsFailureMessageFixture.SameLengthDifferentContent" methodname="SameLengthDifferentContent" classname="NUnit.Framework.Assertions.ArrayEqualsFailureMessageFixture" runstate="Runnable" seed="1690794594" result="Passed" start-time="2016-02-19 11:52:44Z" end-time="2016-02-19 11:52:44Z" duration="0.004411" asserts="3" />
            <test-case id="0-3191" name="TripleDimensionedArrays" fullname="NUnit.Framework.Assertions.ArrayEqualsFailureMessageFixture.TripleDimensionedArrays" methodname="TripleDimensionedArrays" classname="NUnit.Framework.Assertions.ArrayEqualsFailureMessageFixture" runstate="Runnable" seed="781477765" result="Passed" start-time="2016-02-19 11:52:44Z" end-time="2016-02-19 11:52:44Z" duration="0.003108" asserts="3" />
          </test-suite>
          <test-suite type="TestFixture" id="0-3225" name="ArrayNotEqualFixture" fullname="NUnit.Framework.Assertions.ArrayNotEqualFixture" classname="NUnit.Framework.Assertions.ArrayNotEqualFixture" runstate="Runnable" testcasecount="3" result="Passed" start-time="2016-02-19 11:52:44Z" end-time="2016-02-19 11:52:44Z" duration="0.007917" total="3" passed="3" failed="0" inconclusive="0" skipped="0" asserts="11">
            <test-case id="0-3228" name="ArraysDeclaredAsDifferentTypes" fullname="NUnit.Framework.Assertions.ArrayNotEqualFixture.ArraysDeclaredAsDifferentTypes" methodname="ArraysDeclaredAsDifferentTypes" classname="NUnit.Framework.Assertions.ArrayNotEqualFixture" runstate="Runnable" seed="1973416547" result="Passed" start-time="2016-02-19 11:52:44Z" end-time="2016-02-19 11:52:44Z" duration="0.002452" asserts="3" />
            <test-case id="0-3226" name="DifferentLengthArrays" fullname="NUnit.Framework.Assertions.ArrayNotEqualFixture.DifferentLengthArrays" methodname="DifferentLengthArrays" classname="NUnit.Framework.Assertions.ArrayNotEqualFixture" runstate="Runnable" seed="931464354" result="Passed" start-time="2016-02-19 11:52:44Z" end-time="2016-02-19 11:52:44Z" duration="0.001359" asserts="4" />
            <test-case id="0-3227" name="SameLengthDifferentContent" fullname="NUnit.Framework.Assertions.ArrayNotEqualFixture.SameLengthDifferentContent" methodname="SameLengthDifferentContent" classname="NUnit.Framework.Assertions.ArrayNotEqualFixture" runstate="Runnable" seed="1700088676" result="Passed" start-time="2016-02-19 11:52:44Z" end-time="2016-02-19 11:52:44Z" duration="0.001886" asserts="4" />
          </test-suite>
          <test-suite type="TestFixture" id="0-3201" name="ArrayEqualsFixture" fullname="NUnit.Framework.Assertions.ArrayEqualsFixture" classname="NUnit.Framework.Assertions.ArrayEqualsFixture" runstate="Runnable" testcasecount="23" result="Passed" start-time="2016-02-19 11:52:43Z" end-time="2016-02-19 11:52:44Z" duration="0.150162" total="23" passed="23" failed="0" inconclusive="0" skipped="0" asserts="66">
            <test-case id="0-3221" name="ArrayAndArraySegment" fullname="NUnit.Framework.Assertions.ArrayEqualsFixture.ArrayAndArraySegment" methodname="ArrayAndArraySegment" classname="NUnit.Framework.Assertions.ArrayEqualsFixture" runstate="Runnable" seed="425812998" result="Passed" start-time="2016-02-19 11:52:43Z" end-time="2016-02-19 11:52:43Z" duration="0.024369" asserts="1" />
            <test-case id="0-3216" name="ArrayAndCollection" fullname="NUnit.Framework.Assertions.ArrayEqualsFixture.ArrayAndCollection" methodname="ArrayAndCollection" classname="NUnit.Framework.Assertions.ArrayEqualsFixture" runstate="Runnable" seed="822927868" result="Passed" start-time="2016-02-19 11:52:43Z" end-time="2016-02-19 11:52:43Z" duration="0.001847" asserts="4" />
            <test-case id="0-3222" name="ArrayAndEmptyArraySegment" fullname="NUnit.Framework.Assertions.ArrayEqualsFixture.ArrayAndEmptyArraySegment" methodname="ArrayAndEmptyArraySegment" classname="NUnit.Framework.Assertions.ArrayEqualsFixture" runstate="Runnable" seed="1541079384" result="Passed" start-time="2016-02-19 11:52:43Z" end-time="2016-02-19 11:52:43Z" duration="0.002473" asserts="1" />
            <test-case id="0-3202" name="ArrayIsEqualToItself" fullname="NUnit.Framework.Assertions.ArrayEqualsFixture.ArrayIsEqualToItself" methodname="ArrayIsEqualToItself" classname="NUnit.Framework.Assertions.ArrayEqualsFixture" runstate="Runnable" seed="885014097" result="Passed" start-time="2016-02-19 11:52:43Z" end-time="2016-02-19 11:52:43Z" duration="0.000764" asserts="3" />
            <test-case id="0-3207" name="ArrayOfIntAndArrayOfDouble" fullname="NUnit.Framework.Assertions.ArrayEqualsFixture.ArrayOfIntAndArrayOfDouble" methodname="ArrayOfIntAndArrayOfDouble" classname="NUnit.Framework.Assertions.ArrayEqualsFixture" runstate="Runnable" seed="1816383012" result="Passed" start-time="2016-02-19 11:52:43Z" end-time="2016-02-19 11:52:43Z" duration="0.003489" asserts="4" />
            <test-case id="0-3208" name="ArraysDeclaredAsDifferentTypes" fullname="NUnit.Framework.Assertions.ArrayEqualsFixture.ArraysDeclaredAsDifferentTypes" methodname="ArraysDeclaredAsDifferentTypes" classname="NUnit.Framework.Assertions.ArrayEqualsFixture" runstate="Runnable" seed="1525089674" result="Passed" start-time="2016-02-19 11:52:43Z" end-time="2016-02-19 11:52:43Z" duration="0.000989" asserts="4" />
            <test-case id="0-3219" name="ArraySegmentAndArray" fullname="NUnit.Framework.Assertions.ArrayEqualsFixture.ArraySegmentAndArray" methodname="ArraySegmentAndArray" classname="NUnit.Framework.Assertions.ArrayEqualsFixture" runstate="Runnable" seed="1198226794" result="Passed" start-time="2016-02-19 11:52:43Z" end-time="2016-02-19 11:52:44Z" duration="0.022825" asserts="1" />
            <test-case id="0-3213" name="ArraysOfArrays" fullname="NUnit.Framework.Assertions.ArrayEqualsFixture.ArraysOfArrays" methodname="ArraysOfArrays" classname="NUnit.Framework.Assertions.ArrayEqualsFixture" runstate="Runnable" seed="1110307719" result="Passed" start-time="2016-02-19 11:52:44Z" end-time="2016-02-19 11:52:44Z" duration="0.001430" asserts="4" />
            <test-case id="0-3206" name="ArraysOfDecimal" fullname="NUnit.Framework.Assertions.ArrayEqualsFixture.ArraysOfDecimal" methodname="ArraysOfDecimal" classname="NUnit.Framework.Assertions.ArrayEqualsFixture" runstate="Runnable" seed="1745043691" result="Passed" start-time="2016-02-19 11:52:44Z" end-time="2016-02-19 11:52:44Z" duration="0.002830" asserts="4" />
            <test-case id="0-3205" name="ArraysOfDouble" fullname="NUnit.Framework.Assertions.ArrayEqualsFixture.ArraysOfDouble" methodname="ArraysOfDouble" classname="NUnit.Framework.Assertions.ArrayEqualsFixture" runstate="Runnable" seed="422547388" result="Passed" start-time="2016-02-19 11:52:44Z" end-time="2016-02-19 11:52:44Z" duration="0.000771" asserts="4" />
            <test-case id="0-3204" name="ArraysOfInt" fullname="NUnit.Framework.Assertions.ArrayEqualsFixture.ArraysOfInt" methodname="ArraysOfInt" classname="NUnit.Framework.Assertions.ArrayEqualsFixture" runstate="Runnable" seed="1366613102" result="Passed" start-time="2016-02-19 11:52:44Z" end-time="2016-02-19 11:52:44Z" duration="0.000924" asserts="4" />
            <test-case id="0-3209" name="ArraysOfMixedTypes" fullname="NUnit.Framework.Assertions.ArrayEqualsFixture.ArraysOfMixedTypes" methodname="ArraysOfMixedTypes" classname="NUnit.Framework.Assertions.ArrayEqualsFixture" runstate="Runnable" seed="743059582" result="Passed" start-time="2016-02-19 11:52:44Z" end-time="2016-02-19 11:52:44Z" duration="0.009843" asserts="4" />
            <test-case id="0-3203" name="ArraysOfString" fullname="NUnit.Framework.Assertions.ArrayEqualsFixture.ArraysOfString" methodname="ArraysOfString" classname="NUnit.Framework.Assertions.ArrayEqualsFixture" runstate="Runnable" seed="660100156" result="Passed" start-time="2016-02-19 11:52:44Z" end-time="2016-02-19 11:52:44Z" duration="0.003230" asserts="5" />
            <test-case id="0-3215" name="ArraysPassedAsObjects" fullname="NUnit.Framework.Assertions.ArrayEqualsFixture.ArraysPassedAsObjects" methodname="ArraysPassedAsObjects" classname="NUnit.Framework.Assertions.ArrayEqualsFixture" runstate="Runnable" seed="2081645909" result="Passed" start-time="2016-02-19 11:52:44Z" end-time="2016-02-19 11:52:44Z" duration="0.000982" asserts="4" />
            <test-case id="0-3218" name="ArraysWithDifferentDimensionsMatchedAsCollection" fullname="NUnit.Framework.Assertions.ArrayEqualsFixture.ArraysWithDifferentDimensionsMatchedAsCollection" methodname="ArraysWithDifferentDimensionsMatchedAsCollection" classname="NUnit.Framework.Assertions.ArrayEqualsFixture" runstate="Runnable" seed="852376490" result="Passed" start-time="2016-02-19 11:52:44Z" end-time="2016-02-19 11:52:44Z" duration="0.001915" asserts="3" />
            <test-case id="0-3217" name="ArraysWithDifferentRanksComparedAsCollection" fullname="NUnit.Framework.Assertions.ArrayEqualsFixture.ArraysWithDifferentRanksComparedAsCollection" methodname="ArraysWithDifferentRanksComparedAsCollection" classname="NUnit.Framework.Assertions.ArrayEqualsFixture" runstate="Runnable" seed="1428944326" result="Passed" start-time="2016-02-19 11:52:44Z" end-time="2016-02-19 11:52:44Z" duration="0.001208" asserts="3" />
            <test-case id="0-3210" name="DoubleDimensionedArrays" fullname="NUnit.Framework.Assertions.ArrayEqualsFixture.DoubleDimensionedArrays" methodname="DoubleDimensionedArrays" classname="NUnit.Framework.Assertions.ArrayEqualsFixture" runstate="Runnable" seed="428543136" result="Passed" start-time="2016-02-19 11:52:44Z" end-time="2016-02-19 11:52:44Z" duration="0.001130" asserts="4" />
            <test-case id="0-3220" name="EmptyArraySegmentAndArray" fullname="NUnit.Framework.Assertions.ArrayEqualsFixture.EmptyArraySegmentAndArray" methodname="EmptyArraySegmentAndArray" classname="NUnit.Framework.Assertions.ArrayEqualsFixture" runstate="Runnable" seed="1704680996" result="Passed" start-time="2016-02-19 11:52:44Z" end-time="2016-02-19 11:52:44Z" duration="0.001535" asserts="1" />
            <test-case id="0-3212" name="FiveDimensionedArrays" fullname="NUnit.Framework.Assertions.ArrayEqualsFixture.FiveDimensionedArrays" methodname="FiveDimensionedArrays" classname="NUnit.Framework.Assertions.ArrayEqualsFixture" runstate="Runnable" seed="2071515768" result="Passed" start-time="2016-02-19 11:52:44Z" end-time="2016-02-19 11:52:44Z" duration="0.000986" asserts="2" />
            <test-case id="0-3214" name="JaggedArrays" fullname="NUnit.Framework.Assertions.ArrayEqualsFixture.JaggedArrays" methodname="JaggedArrays" classname="NUnit.Framework.Assertions.ArrayEqualsFixture" runstate="Runnable" seed="1525372076" result="Passed" start-time="2016-02-19 11:52:44Z" end-time="2016-02-19 11:52:44Z" duration="0.001174" asserts="2" />
            <test-case id="0-3211" name="TripleDimensionedArrays" fullname="NUnit.Framework.Assertions.ArrayEqualsFixture.TripleDimensionedArrays" methodname="TripleDimensionedArrays" classname="NUnit.Framework.Assertions.ArrayEqualsFixture" runstate="Runnable" seed="1194842359" result="Passed" start-time="2016-02-19 11:52:44Z" end-time="2016-02-19 11:52:44Z" duration="0.000782" asserts="2" />
            <test-case id="0-3223" name="TwoArraySegments" fullname="NUnit.Framework.Assertions.ArrayEqualsFixture.TwoArraySegments" methodname="TwoArraySegments" classname="NUnit.Framework.Assertions.ArrayEqualsFixture" runstate="Runnable" seed="255903910" result="Passed" start-time="2016-02-19 11:52:44Z" end-time="2016-02-19 11:52:44Z" duration="0.000817" asserts="1" />
            <test-case id="0-3224" name="TwoEmptyArraySegments" fullname="NUnit.Framework.Assertions.ArrayEqualsFixture.TwoEmptyArraySegments" methodname="TwoEmptyArraySegments" classname="NUnit.Framework.Assertions.ArrayEqualsFixture" runstate="Runnable" seed="532729021" result="Passed" start-time="2016-02-19 11:52:44Z" end-time="2016-02-19 11:52:44Z" duration="0.000684" asserts="1" />
          </test-suite>
          <test-suite type="TestFixture" id="0-3229" name="AssertFailTests" fullname="NUnit.Framework.Assertions.AssertFailTests" classname="NUnit.Framework.Assertions.AssertFailTests" runstate="Runnable" testcasecount="7" result="Passed" start-time="2016-02-19 11:52:44Z" end-time="2016-02-19 11:52:44Z" duration="0.030444" total="7" passed="7" failed="0" inconclusive="0" skipped="0" asserts="7">
            <test-case id="0-3234" name="AssertFailWorks" fullname="NUnit.Framework.Assertions.AssertFailTests.AssertFailWorks" methodname="AssertFailWorks" classname="NUnit.Framework.Assertions.AssertFailTests" runstate="Runnable" seed="1780319859" result="Passed" start-time="2016-02-19 11:52:44Z" end-time="2016-02-19 11:52:44Z" duration="0.006826" asserts="1" />
            <test-case id="0-3235" name="AssertFailWorksWithMessage" fullname="NUnit.Framework.Assertions.AssertFailTests.AssertFailWorksWithMessage" methodname="AssertFailWorksWithMessage" classname="NUnit.Framework.Assertions.AssertFailTests" runstate="Runnable" seed="1154290369" result="Passed" start-time="2016-02-19 11:52:44Z" end-time="2016-02-19 11:52:44Z" duration="0.003240" asserts="1" />
            <test-case id="0-3236" name="AssertFailWorksWithMessageAndArgs" fullname="NUnit.Framework.Assertions.AssertFailTests.AssertFailWorksWithMessageAndArgs" methodname="AssertFailWorksWithMessageAndArgs" classname="NUnit.Framework.Assertions.AssertFailTests" runstate="Runnable" seed="1752318539" result="Passed" start-time="2016-02-19 11:52:44Z" end-time="2016-02-19 11:52:44Z" duration="0.002200" asserts="1" />
            <test-case id="0-3230" name="ThrowsAssertionException" fullname="NUnit.Framework.Assertions.AssertFailTests.ThrowsAssertionException" methodname="ThrowsAssertionException" classname="NUnit.Framework.Assertions.AssertFailTests" runstate="Runnable" seed="967266451" result="Passed" start-time="2016-02-19 11:52:44Z" end-time="2016-02-19 11:52:44Z" duration="0.006491" asserts="1" />
            <test-case id="0-3231" name="ThrowsAssertionException_MessageSpecified" fullname="NUnit.Framework.Assertions.AssertFailTests.ThrowsAssertionException_MessageSpecified" methodname="ThrowsAssertionException_MessageSpecified" classname="NUnit.Framework.Assertions.AssertFailTests" runstate="Runnable" seed="433931105" result="Passed" start-time="2016-02-19 11:52:44Z" end-time="2016-02-19 11:52:44Z" duration="0.003236" asserts="1" />
            <test-case id="0-3232" name="ThrowsAssertionExceptionWithMessage" fullname="NUnit.Framework.Assertions.AssertFailTests.ThrowsAssertionExceptionWithMessage" methodname="ThrowsAssertionExceptionWithMessage" classname="NUnit.Framework.Assertions.AssertFailTests" runstate="Runnable" seed="1089453691" result="Passed" start-time="2016-02-19 11:52:44Z" end-time="2016-02-19 11:52:44Z" duration="0.002115" asserts="1" />
            <test-case id="0-3233" name="ThrowsAssertionExceptionWithMessageAndArgs" fullname="NUnit.Framework.Assertions.AssertFailTests.ThrowsAssertionExceptionWithMessageAndArgs" methodname="ThrowsAssertionExceptionWithMessageAndArgs" classname="NUnit.Framework.Assertions.AssertFailTests" runstate="Runnable" seed="1146474846" result="Passed" start-time="2016-02-19 11:52:44Z" end-time="2016-02-19 11:52:44Z" duration="0.001773" asserts="1" />
          </test-suite>
          <test-suite type="TestFixture" id="0-3248" name="AssertInconclusiveTests" fullname="NUnit.Framework.Assertions.AssertInconclusiveTests" classname="NUnit.Framework.Assertions.AssertInconclusiveTests" runstate="Runnable" testcasecount="3" result="Passed" start-time="2016-02-19 11:52:44Z" end-time="2016-02-19 11:52:44Z" duration="0.009404" total="3" passed="3" failed="0" inconclusive="0" skipped="0" asserts="3">
            <test-case id="0-3249" name="ThrowsInconclusiveException" fullname="NUnit.Framework.Assertions.AssertInconclusiveTests.ThrowsInconclusiveException" methodname="ThrowsInconclusiveException" classname="NUnit.Framework.Assertions.AssertInconclusiveTests" runstate="Runnable" seed="1387300473" result="Passed" start-time="2016-02-19 11:52:44Z" end-time="2016-02-19 11:52:44Z" duration="0.003666" asserts="1" />
            <test-case id="0-3250" name="ThrowsInconclusiveExceptionWithMessage" fullname="NUnit.Framework.Assertions.AssertInconclusiveTests.ThrowsInconclusiveExceptionWithMessage" methodname="ThrowsInconclusiveExceptionWithMessage" classname="NUnit.Framework.Assertions.AssertInconclusiveTests" runstate="Runnable" seed="1653982192" result="Passed" start-time="2016-02-19 11:52:44Z" end-time="2016-02-19 11:52:44Z" duration="0.001557" asserts="1" />
            <test-case id="0-3251" name="ThrowsInconclusiveExceptionWithMessageAndArgs" fullname="NUnit.Framework.Assertions.AssertInconclusiveTests.ThrowsInconclusiveExceptionWithMessageAndArgs" methodname="ThrowsInconclusiveExceptionWithMessageAndArgs" classname="NUnit.Framework.Assertions.AssertInconclusiveTests" runstate="Runnable" seed="121980801" result="Passed" start-time="2016-02-19 11:52:44Z" end-time="2016-02-19 11:52:44Z" duration="0.001939" asserts="1" />
          </test-suite>
          <test-suite type="TestFixture" id="0-3252" name="AssertPassTests" fullname="NUnit.Framework.Assertions.AssertPassTests" classname="NUnit.Framework.Assertions.AssertPassTests" runstate="Runnable" testcasecount="5" result="Passed" start-time="2016-02-19 11:52:44Z" end-time="2016-02-19 11:52:44Z" duration="0.009705" total="5" passed="5" failed="0" inconclusive="0" skipped="0" asserts="3">
            <test-case id="0-3256" name="AssertPassReturnsSuccess" fullname="NUnit.Framework.Assertions.AssertPassTests.AssertPassReturnsSuccess" methodname="AssertPassReturnsSuccess" classname="NUnit.Framework.Assertions.AssertPassTests" runstate="Runnable" seed="1931462019" result="Passed" start-time="2016-02-19 11:52:44Z" end-time="2016-02-19 11:52:44Z" duration="0.001851" asserts="0">
              <reason>
                <message><![CDATA[This test is OK!]]></message>
              </reason>
            </test-case>
            <test-case id="0-3257" name="SubsequentFailureIsIrrelevant" fullname="NUnit.Framework.Assertions.AssertPassTests.SubsequentFailureIsIrrelevant" methodname="SubsequentFailureIsIrrelevant" classname="NUnit.Framework.Assertions.AssertPassTests" runstate="Runnable" seed="602228274" result="Passed" start-time="2016-02-19 11:52:44Z" end-time="2016-02-19 11:52:44Z" duration="0.000888" asserts="0">
              <reason>
                <message><![CDATA[This test is OK!]]></message>
              </reason>
            </test-case>
            <test-case id="0-3253" name="ThrowsSuccessException" fullname="NUnit.Framework.Assertions.AssertPassTests.ThrowsSuccessException" methodname="ThrowsSuccessException" classname="NUnit.Framework.Assertions.AssertPassTests" runstate="Runnable" seed="804065693" result="Passed" start-time="2016-02-19 11:52:44Z" end-time="2016-02-19 11:52:44Z" duration="0.002805" asserts="1" />
            <test-case id="0-3254" name="ThrowsSuccessExceptionWithMessage" fullname="NUnit.Framework.Assertions.AssertPassTests.ThrowsSuccessExceptionWithMessage" methodname="ThrowsSuccessExceptionWithMessage" classname="NUnit.Framework.Assertions.AssertPassTests" runstate="Runnable" seed="2019295875" result="Passed" start-time="2016-02-19 11:52:44Z" end-time="2016-02-19 11:52:44Z" duration="0.001372" asserts="1" />
            <test-case id="0-3255" name="ThrowsSuccessExceptionWithMessageAndArgs" fullname="NUnit.Framework.Assertions.AssertPassTests.ThrowsSuccessExceptionWithMessageAndArgs" methodname="ThrowsSuccessExceptionWithMessageAndArgs" classname="NUnit.Framework.Assertions.AssertPassTests" runstate="Runnable" seed="229493587" result="Passed" start-time="2016-02-19 11:52:44Z" end-time="2016-02-19 11:52:44Z" duration="0.001643" asserts="1" />
          </test-suite>
          <test-suite type="TestFixture" id="0-3237" name="AssertIgnoreTests" fullname="NUnit.Framework.Assertions.AssertIgnoreTests" classname="NUnit.Framework.Assertions.AssertIgnoreTests" runstate="Runnable" testcasecount="10" result="Passed" start-time="2016-02-19 11:52:44Z" end-time="2016-02-19 11:52:44Z" duration="0.052852" total="10" passed="10" failed="0" inconclusive="0" skipped="0" asserts="8">
            <test-case id="0-3244" name="IgnoreWithUserMessage" fullname="NUnit.Framework.Assertions.AssertIgnoreTests.IgnoreWithUserMessage" methodname="IgnoreWithUserMessage" classname="NUnit.Framework.Assertions.AssertIgnoreTests" runstate="Runnable" seed="1683126735" result="Passed" start-time="2016-02-19 11:52:44Z" end-time="2016-02-19 11:52:44Z" duration="0.001172" asserts="1" />
            <test-case id="0-3247" name="IgnoreWithUserMessage_ArrayOfArgs" fullname="NUnit.Framework.Assertions.AssertIgnoreTests.IgnoreWithUserMessage_ArrayOfArgs" methodname="IgnoreWithUserMessage_ArrayOfArgs" classname="NUnit.Framework.Assertions.AssertIgnoreTests" runstate="Runnable" seed="6954515" result="Passed" start-time="2016-02-19 11:52:44Z" end-time="2016-02-19 11:52:44Z" duration="0.000676" asserts="1" />
            <test-case id="0-3245" name="IgnoreWithUserMessage_OneArg" fullname="NUnit.Framework.Assertions.AssertIgnoreTests.IgnoreWithUserMessage_OneArg" methodname="IgnoreWithUserMessage_OneArg" classname="NUnit.Framework.Assertions.AssertIgnoreTests" runstate="Runnable" seed="2139307247" result="Passed" start-time="2016-02-19 11:52:44Z" end-time="2016-02-19 11:52:44Z" duration="0.000488" asserts="1" />
            <test-case id="0-3246" name="IgnoreWithUserMessage_ThreeArgs" fullname="NUnit.Framework.Assertions.AssertIgnoreTests.IgnoreWithUserMessage_ThreeArgs" methodname="IgnoreWithUserMessage_ThreeArgs" classname="NUnit.Framework.Assertions.AssertIgnoreTests" runstate="Runnable" seed="2089487028" result="Passed" start-time="2016-02-19 11:52:44Z" end-time="2016-02-19 11:52:44Z" duration="0.000751" asserts="1" />
            <test-case id="0-3241" name="IgnoreWorksForTestCase" fullname="NUnit.Framework.Assertions.AssertIgnoreTests.IgnoreWorksForTestCase" methodname="IgnoreWorksForTestCase" classname="NUnit.Framework.Assertions.AssertIgnoreTests" runstate="Runnable" seed="712880851" result="Passed" start-time="2016-02-19 11:52:44Z" end-time="2016-02-19 11:52:44Z" duration="0.002130" asserts="1" />
            <test-case id="0-3242" name="IgnoreWorksForTestSuite" fullname="NUnit.Framework.Assertions.AssertIgnoreTests.IgnoreWorksForTestSuite" methodname="IgnoreWorksForTestSuite" classname="NUnit.Framework.Assertions.AssertIgnoreTests" runstate="Runnable" seed="1004954013" result="Passed" start-time="2016-02-19 11:52:44Z" end-time="2016-02-19 11:52:44Z" duration="0.021300" asserts="0" />
            <test-case id="0-3243" name="IgnoreWorksFromSetUp" fullname="NUnit.Framework.Assertions.AssertIgnoreTests.IgnoreWorksFromSetUp" methodname="IgnoreWorksFromSetUp" classname="NUnit.Framework.Assertions.AssertIgnoreTests" runstate="Runnable" seed="516249994" result="Passed" start-time="2016-02-19 11:52:44Z" end-time="2016-02-19 11:52:44Z" duration="0.008240" asserts="0" />
            <test-case id="0-3238" name="ThrowsIgnoreException" fullname="NUnit.Framework.Assertions.AssertIgnoreTests.ThrowsIgnoreException" methodname="ThrowsIgnoreException" classname="NUnit.Framework.Assertions.AssertIgnoreTests" runstate="Runnable" seed="1127258383" result="Passed" start-time="2016-02-19 11:52:44Z" end-time="2016-02-19 11:52:44Z" duration="0.001736" asserts="1" />
            <test-case id="0-3239" name="ThrowsIgnoreExceptionWithMessage" fullname="NUnit.Framework.Assertions.AssertIgnoreTests.ThrowsIgnoreExceptionWithMessage" methodname="ThrowsIgnoreExceptionWithMessage" classname="NUnit.Framework.Assertions.AssertIgnoreTests" runstate="Runnable" seed="340209157" result="Passed" start-time="2016-02-19 11:52:44Z" end-time="2016-02-19 11:52:44Z" duration="0.002227" asserts="1" />
            <test-case id="0-3240" name="ThrowsIgnoreExceptionWithMessageAndArgs" fullname="NUnit.Framework.Assertions.AssertIgnoreTests.ThrowsIgnoreExceptionWithMessageAndArgs" methodname="ThrowsIgnoreExceptionWithMessageAndArgs" classname="NUnit.Framework.Assertions.AssertIgnoreTests" runstate="Runnable" seed="1445813626" result="Passed" start-time="2016-02-19 11:52:44Z" end-time="2016-02-19 11:52:44Z" duration="0.001512" asserts="1" />
          </test-suite>
          <test-suite type="TestFixture" id="0-3291" name="AssertThrowsTests" fullname="NUnit.Framework.Assertions.AssertThrowsTests" classname="NUnit.Framework.Assertions.AssertThrowsTests" runstate="Runnable" testcasecount="8" result="Failed" site="Child" start-time="2016-02-19 11:52:44Z" end-time="2016-02-19 11:52:44Z" duration="0.032841" total="8" passed="7" failed="1" inconclusive="0" skipped="0" asserts="32">
            <failure>
              <message><![CDATA[One or more child tests had errors]]></message>
            </failure>
            <test-case id="0-3296" name="BaseExceptionThrown" fullname="NUnit.Framework.Assertions.AssertThrowsTests.BaseExceptionThrown" methodname="BaseExceptionThrown" classname="NUnit.Framework.Assertions.AssertThrowsTests" runstate="Runnable" seed="835601487" result="Passed" start-time="2016-02-19 11:52:44Z" end-time="2016-02-19 11:52:44Z" duration="0.002383" asserts="2" />
            <test-case id="0-3293" name="CorrectExceptionIsReturnedToMethod" fullname="NUnit.Framework.Assertions.AssertThrowsTests.CorrectExceptionIsReturnedToMethod" methodname="CorrectExceptionIsReturnedToMethod" classname="NUnit.Framework.Assertions.AssertThrowsTests" runstate="Runnable" seed="210781738" result="Passed" start-time="2016-02-19 11:52:44Z" end-time="2016-02-19 11:52:44Z" duration="0.013238" asserts="16" />
            <test-case id="0-3292" name="CorrectExceptionThrown" fullname="NUnit.Framework.Assertions.AssertThrowsTests.CorrectExceptionThrown" methodname="CorrectExceptionThrown" classname="NUnit.Framework.Assertions.AssertThrowsTests" runstate="Runnable" seed="1438675915" result="Passed" start-time="2016-02-19 11:52:44Z" end-time="2016-02-19 11:52:44Z" duration="0.003669" asserts="5" />
            <test-case id="0-3297" name="DerivedExceptionThrown" fullname="NUnit.Framework.Assertions.AssertThrowsTests.DerivedExceptionThrown" methodname="DerivedExceptionThrown" classname="NUnit.Framework.Assertions.AssertThrowsTests" runstate="Runnable" seed="1300927086" result="Failed" start-time="2016-02-19 11:52:44Z" end-time="2016-02-19 11:52:44Z" duration="0.003785" asserts="2">
              <failure>
                <message><![CDATA[  Expected: String starting with "  Expected: <System.Exception>
  But was:  <System.ArgumentException: myMessage
Parameter name: myParam
"
  But was:  "  Expected: <System.Exception>
  But was:  <System.ArgumentException: myMessage
Nome do parâmetro: myParam
   em NUnit.TestUtilities.TestDelegates.ThrowsArgumentException()
   em NUnit.Framework.Assert.Throws(IResolveConstraint expression, TestDelegate code, String message, Object[] args)>
"
]]></message>
                <stack-trace><![CDATA[em NUnit.Framework.Assertions.AssertThrowsTests.DerivedExceptionThrown()
]]></stack-trace>
              </failure>
            </test-case>
            <test-case id="0-3299" name="DoesNotThrowFails" fullname="NUnit.Framework.Assertions.AssertThrowsTests.DoesNotThrowFails" methodname="DoesNotThrowFails" classname="NUnit.Framework.Assertions.AssertThrowsTests" runstate="Runnable" seed="593142444" result="Passed" start-time="2016-02-19 11:52:44Z" end-time="2016-02-19 11:52:44Z" duration="0.002775" asserts="2" />
            <test-case id="0-3298" name="DoesNotThrowSuceeds" fullname="NUnit.Framework.Assertions.AssertThrowsTests.DoesNotThrowSuceeds" methodname="DoesNotThrowSuceeds" classname="NUnit.Framework.Assertions.AssertThrowsTests" runstate="Runnable" seed="1870888831" result="Passed" start-time="2016-02-19 11:52:44Z" end-time="2016-02-19 11:52:44Z" duration="0.000599" asserts="1" />
            <test-case id="0-3294" name="NoExceptionThrown" fullname="NUnit.Framework.Assertions.AssertThrowsTests.NoExceptionThrown" methodname="NoExceptionThrown" classname="NUnit.Framework.Assertions.AssertThrowsTests" runstate="Runnable" seed="803299949" result="Passed" start-time="2016-02-19 11:52:44Z" end-time="2016-02-19 11:52:44Z" duration="0.001283" asserts="2" />
            <test-case id="0-3295" name="UnrelatedExceptionThrown" fullname="NUnit.Framework.Assertions.AssertThrowsTests.UnrelatedExceptionThrown" methodname="UnrelatedExceptionThrown" classname="NUnit.Framework.Assertions.AssertThrowsTests" runstate="Runnable" seed="359659782" result="Passed" start-time="2016-02-19 11:52:44Z" end-time="2016-02-19 11:52:44Z" duration="0.001568" asserts="2" />
          </test-suite>
          <test-suite type="TestFixture" id="0-3258" name="AssertThatTests" fullname="NUnit.Framework.Assertions.AssertThatTests" classname="NUnit.Framework.Assertions.AssertThatTests" runstate="Runnable" testcasecount="32" result="Passed" start-time="2016-02-19 11:52:44Z" end-time="2016-02-19 11:52:44Z" duration="0.209368" total="32" passed="32" failed="0" inconclusive="0" skipped="0" asserts="60">
            <test-case id="0-3262" name="AssertionPasses_ActualAndConstraint" fullname="NUnit.Framework.Assertions.AssertThatTests.AssertionPasses_ActualAndConstraint" methodname="AssertionPasses_ActualAndConstraint" classname="NUnit.Framework.Assertions.AssertThatTests" runstate="Runnable" seed="845072941" result="Passed" start-time="2016-02-19 11:52:44Z" end-time="2016-02-19 11:52:44Z" duration="0.000372" asserts="1" />
            <test-case id="0-3263" name="AssertionPasses_ActualAndConstraintWithMessage" fullname="NUnit.Framework.Assertions.AssertThatTests.AssertionPasses_ActualAndConstraintWithMessage" methodname="AssertionPasses_ActualAndConstraintWithMessage" classname="NUnit.Framework.Assertions.AssertThatTests" runstate="Runnable" seed="1100585533" result="Passed" start-time="2016-02-19 11:52:44Z" end-time="2016-02-19 11:52:44Z" duration="0.000397" asserts="1" />
            <test-case id="0-3264" name="AssertionPasses_ActualAndConstraintWithMessageAndArgs" fullname="NUnit.Framework.Assertions.AssertThatTests.AssertionPasses_ActualAndConstraintWithMessageAndArgs" methodname="AssertionPasses_ActualAndConstraintWithMessageAndArgs" classname="NUnit.Framework.Assertions.AssertThatTests" runstate="Runnable" seed="741898952" result="Passed" start-time="2016-02-19 11:52:44Z" end-time="2016-02-19 11:52:44Z" duration="0.000537" asserts="1" />
            <test-case id="0-3265" name="AssertionPasses_ActualLambdaAndConstraint" fullname="NUnit.Framework.Assertions.AssertThatTests.AssertionPasses_ActualLambdaAndConstraint" methodname="AssertionPasses_ActualLambdaAndConstraint" classname="NUnit.Framework.Assertions.AssertThatTests" runstate="Runnable" seed="1152959934" result="Passed" start-time="2016-02-19 11:52:44Z" end-time="2016-02-19 11:52:44Z" duration="0.003485" asserts="1" />
            <test-case id="0-3266" name="AssertionPasses_ActualLambdaAndConstraintWithMessage" fullname="NUnit.Framework.Assertions.AssertThatTests.AssertionPasses_ActualLambdaAndConstraintWithMessage" methodname="AssertionPasses_ActualLambdaAndConstraintWithMessage" classname="NUnit.Framework.Assertions.AssertThatTests" runstate="Runnable" seed="829880534" result="Passed" start-time="2016-02-19 11:52:44Z" end-time="2016-02-19 11:52:44Z" duration="0.000868" asserts="1" />
            <test-case id="0-3267" name="AssertionPasses_ActualLambdaAndConstraintWithMessageAndArgs" fullname="NUnit.Framework.Assertions.AssertThatTests.AssertionPasses_ActualLambdaAndConstraintWithMessageAndArgs" methodname="AssertionPasses_ActualLambdaAndConstraintWithMessageAndArgs" classname="NUnit.Framework.Assertions.AssertThatTests" runstate="Runnable" seed="17373086" result="Passed" start-time="2016-02-19 11:52:44Z" end-time="2016-02-19 11:52:44Z" duration="0.000868" asserts="1" />
            <test-case id="0-3259" name="AssertionPasses_Boolean" fullname="NUnit.Framework.Assertions.AssertThatTests.AssertionPasses_Boolean" methodname="AssertionPasses_Boolean" classname="NUnit.Framework.Assertions.AssertThatTests" runstate="Runnable" seed="688545067" result="Passed" start-time="2016-02-19 11:52:44Z" end-time="2016-02-19 11:52:44Z" duration="0.000266" asserts="1" />
            <test-case id="0-3260" name="AssertionPasses_BooleanWithMessage" fullname="NUnit.Framework.Assertions.AssertThatTests.AssertionPasses_BooleanWithMessage" methodname="AssertionPasses_BooleanWithMessage" classname="NUnit.Framework.Assertions.AssertThatTests" runstate="Runnable" seed="1588740089" result="Passed" start-time="2016-02-19 11:52:44Z" end-time="2016-02-19 11:52:44Z" duration="0.000277" asserts="1" />
            <test-case id="0-3261" name="AssertionPasses_BooleanWithMessageAndArgs" fullname="NUnit.Framework.Assertions.AssertThatTests.AssertionPasses_BooleanWithMessageAndArgs" methodname="AssertionPasses_BooleanWithMessageAndArgs" classname="NUnit.Framework.Assertions.AssertThatTests" runstate="Runnable" seed="1429438345" result="Passed" start-time="2016-02-19 11:52:44Z" end-time="2016-02-19 11:52:44Z" duration="0.001433" asserts="1" />
            <test-case id="0-3268" name="AssertionPasses_DelegateAndConstraint" fullname="NUnit.Framework.Assertions.AssertThatTests.AssertionPasses_DelegateAndConstraint" methodname="AssertionPasses_DelegateAndConstraint" classname="NUnit.Framework.Assertions.AssertThatTests" runstate="Runnable" seed="1658458122" result="Passed" start-time="2016-02-19 11:52:44Z" end-time="2016-02-19 11:52:44Z" duration="0.000805" asserts="1" />
            <test-case id="0-3269" name="AssertionPasses_DelegateAndConstraintWithMessage" fullname="NUnit.Framework.Assertions.AssertThatTests.AssertionPasses_DelegateAndConstraintWithMessage" methodname="AssertionPasses_DelegateAndConstraintWithMessage" classname="NUnit.Framework.Assertions.AssertThatTests" runstate="Runnable" seed="238461960" result="Passed" start-time="2016-02-19 11:52:44Z" end-time="2016-02-19 11:52:44Z" duration="0.000567" asserts="1" />
            <test-case id="0-3270" name="AssertionPasses_DelegateAndConstraintWithMessageAndArgs" fullname="NUnit.Framework.Assertions.AssertThatTests.AssertionPasses_DelegateAndConstraintWithMessageAndArgs" methodname="AssertionPasses_DelegateAndConstraintWithMessageAndArgs" classname="NUnit.Framework.Assertions.AssertThatTests" runstate="Runnable" seed="1017723453" result="Passed" start-time="2016-02-19 11:52:44Z" end-time="2016-02-19 11:52:44Z" duration="0.000704" asserts="1" />
            <test-case id="0-3283" name="AssertionsAreCountedCorrectly" fullname="NUnit.Framework.Assertions.AssertThatTests.AssertionsAreCountedCorrectly" methodname="AssertionsAreCountedCorrectly" classname="NUnit.Framework.Assertions.AssertThatTests" runstate="Runnable" seed="855608847" result="Passed" start-time="2016-02-19 11:52:44Z" end-time="2016-02-19 11:52:44Z" duration="0.010651" asserts="0" />
            <test-case id="0-3287" name="AssertThatErrorGenericTask" fullname="NUnit.Framework.Assertions.AssertThatTests.AssertThatErrorGenericTask" methodname="AssertThatErrorGenericTask" classname="NUnit.Framework.Assertions.AssertThatTests" runstate="Runnable" seed="1301197155" result="Passed" start-time="2016-02-19 11:52:44Z" end-time="2016-02-19 11:52:44Z" duration="0.102036" asserts="3" />
            <test-case id="0-3286" name="AssertThatErrorTask" fullname="NUnit.Framework.Assertions.AssertThatTests.AssertThatErrorTask" methodname="AssertThatErrorTask" classname="NUnit.Framework.Assertions.AssertThatTests" runstate="Runnable" seed="138046850" result="Passed" start-time="2016-02-19 11:52:44Z" end-time="2016-02-19 11:52:44Z" duration="0.010099" asserts="3" />
            <test-case id="0-3288" name="AssertThatErrorVoid" fullname="NUnit.Framework.Assertions.AssertThatTests.AssertThatErrorVoid" methodname="AssertThatErrorVoid" classname="NUnit.Framework.Assertions.AssertThatTests" runstate="Runnable" seed="747216072" result="Passed" start-time="2016-02-19 11:52:44Z" end-time="2016-02-19 11:52:44Z" duration="0.005510" asserts="3" />
            <test-case id="0-3285" name="AssertThatFailure" fullname="NUnit.Framework.Assertions.AssertThatTests.AssertThatFailure" methodname="AssertThatFailure" classname="NUnit.Framework.Assertions.AssertThatTests" runstate="Runnable" seed="472738379" result="Passed" start-time="2016-02-19 11:52:44Z" end-time="2016-02-19 11:52:44Z" duration="0.005684" asserts="2" />
            <test-case id="0-3284" name="AssertThatSuccess" fullname="NUnit.Framework.Assertions.AssertThatTests.AssertThatSuccess" methodname="AssertThatSuccess" classname="NUnit.Framework.Assertions.AssertThatTests" runstate="Runnable" seed="49568797" result="Passed" start-time="2016-02-19 11:52:44Z" end-time="2016-02-19 11:52:44Z" duration="0.005290" asserts="1" />
            <test-case id="0-3290" name="AssertThatWithFalseLambda" fullname="NUnit.Framework.Assertions.AssertThatTests.AssertThatWithFalseLambda" methodname="AssertThatWithFalseLambda" classname="NUnit.Framework.Assertions.AssertThatTests" runstate="Runnable" seed="1483899570" result="Passed" start-time="2016-02-19 11:52:44Z" end-time="2016-02-19 11:52:44Z" duration="0.001703" asserts="3" />
            <test-case id="0-3289" name="AssertThatWithLambda" fullname="NUnit.Framework.Assertions.AssertThatTests.AssertThatWithLambda" methodname="AssertThatWithLambda" classname="NUnit.Framework.Assertions.AssertThatTests" runstate="Runnable" seed="1939784075" result="Passed" start-time="2016-02-19 11:52:44Z" end-time="2016-02-19 11:52:44Z" duration="0.000796" asserts="1" />
            <test-case id="0-3274" name="FailureThrowsAssertionException_ActualAndConstraint" fullname="NUnit.Framework.Assertions.AssertThatTests.FailureThrowsAssertionException_ActualAndConstraint" methodname="FailureThrowsAssertionException_ActualAndConstraint" classname="NUnit.Framework.Assertions.AssertThatTests" runstate="Runnable" seed="630790634" result="Passed" start-time="2016-02-19 11:52:44Z" end-time="2016-02-19 11:52:44Z" duration="0.001148" asserts="2" />
            <test-case id="0-3275" name="FailureThrowsAssertionException_ActualAndConstraintWithMessage" fullname="NUnit.Framework.Assertions.AssertThatTests.FailureThrowsAssertionException_ActualAndConstraintWithMessage" methodname="FailureThrowsAssertionException_ActualAndConstraintWithMessage" classname="NUnit.Framework.Assertions.AssertThatTests" runstate="Runnable" seed="1311652451" result="Passed" start-time="2016-02-19 11:52:44Z" end-time="2016-02-19 11:52:44Z" duration="0.002377" asserts="3" />
            <test-case id="0-3276" name="FailureThrowsAssertionException_ActualAndConstraintWithMessageAndArgs" fullname="NUnit.Framework.Assertions.AssertThatTests.FailureThrowsAssertionException_ActualAndConstraintWithMessageAndArgs" methodname="FailureThrowsAssertionException_ActualAndConstraintWithMessageAndArgs" classname="NUnit.Framework.Assertions.AssertThatTests" runstate="Runnable" seed="1719875884" result="Passed" start-time="2016-02-19 11:52:44Z" end-time="2016-02-19 11:52:44Z" duration="0.001502" asserts="3" />
            <test-case id="0-3277" name="FailureThrowsAssertionException_ActualLambdaAndConstraint" fullname="NUnit.Framework.Assertions.AssertThatTests.FailureThrowsAssertionException_ActualLambdaAndConstraint" methodname="FailureThrowsAssertionException_ActualLambdaAndConstraint" classname="NUnit.Framework.Assertions.AssertThatTests" runstate="Runnable" seed="2057071637" result="Passed" start-time="2016-02-19 11:52:44Z" end-time="2016-02-19 11:52:44Z" duration="0.001469" asserts="2" />
            <test-case id="0-3278" name="FailureThrowsAssertionException_ActualLambdaAndConstraintWithMessage" fullname="NUnit.Framework.Assertions.AssertThatTests.FailureThrowsAssertionException_ActualLambdaAndConstraintWithMessage" methodname="FailureThrowsAssertionException_ActualLambdaAndConstraintWithMessage" classname="NUnit.Framework.Assertions.AssertThatTests" runstate="Runnable" seed="1769863543" result="Passed" start-time="2016-02-19 11:52:44Z" end-time="2016-02-19 11:52:44Z" duration="0.001602" asserts="3" />
            <test-case id="0-3279" name="FailureThrowsAssertionException_ActualLambdaAndConstraintWithMessageAndArgs" fullname="NUnit.Framework.Assertions.AssertThatTests.FailureThrowsAssertionException_ActualLambdaAndConstraintWithMessageAndArgs" methodname="FailureThrowsAssertionException_ActualLambdaAndConstraintWithMessageAndArgs" classname="NUnit.Framework.Assertions.AssertThatTests" runstate="Runnable" seed="195726641" result="Passed" start-time="2016-02-19 11:52:44Z" end-time="2016-02-19 11:52:44Z" duration="0.001674" asserts="3" />
            <test-case id="0-3271" name="FailureThrowsAssertionException_Boolean" fullname="NUnit.Framework.Assertions.AssertThatTests.FailureThrowsAssertionException_Boolean" methodname="FailureThrowsAssertionException_Boolean" classname="NUnit.Framework.Assertions.AssertThatTests" runstate="Runnable" seed="851781742" result="Passed" start-time="2016-02-19 11:52:44Z" end-time="2016-02-19 11:52:44Z" duration="0.001787" asserts="2" />
            <test-case id="0-3272" name="FailureThrowsAssertionException_BooleanWithMessage" fullname="NUnit.Framework.Assertions.AssertThatTests.FailureThrowsAssertionException_BooleanWithMessage" methodname="FailureThrowsAssertionException_BooleanWithMessage" classname="NUnit.Framework.Assertions.AssertThatTests" runstate="Runnable" seed="1107775326" result="Passed" start-time="2016-02-19 11:52:44Z" end-time="2016-02-19 11:52:44Z" duration="0.002170" asserts="3" />
            <test-case id="0-3273" name="FailureThrowsAssertionException_BooleanWithMessageAndArgs" fullname="NUnit.Framework.Assertions.AssertThatTests.FailureThrowsAssertionException_BooleanWithMessageAndArgs" methodname="FailureThrowsAssertionException_BooleanWithMessageAndArgs" classname="NUnit.Framework.Assertions.AssertThatTests" runstate="Runnable" seed="2075705446" result="Passed" start-time="2016-02-19 11:52:44Z" end-time="2016-02-19 11:52:44Z" duration="0.001227" asserts="3" />
            <test-case id="0-3280" name="FailureThrowsAssertionException_DelegateAndConstraint" fullname="NUnit.Framework.Assertions.AssertThatTests.FailureThrowsAssertionException_DelegateAndConstraint" methodname="FailureThrowsAssertionException_DelegateAndConstraint" classname="NUnit.Framework.Assertions.AssertThatTests" runstate="Runnable" seed="1577705332" result="Passed" start-time="2016-02-19 11:52:44Z" end-time="2016-02-19 11:52:44Z" duration="0.001260" asserts="2" />
            <test-case id="0-3281" name="FailureThrowsAssertionException_DelegateAndConstraintWithMessage" fullname="NUnit.Framework.Assertions.AssertThatTests.FailureThrowsAssertionException_DelegateAndConstraintWithMessage" methodname="FailureThrowsAssertionException_DelegateAndConstraintWithMessage" classname="NUnit.Framework.Assertions.AssertThatTests" runstate="Runnable" seed="1149449838" result="Passed" start-time="2016-02-19 11:52:44Z" end-time="2016-02-19 11:52:44Z" duration="0.001451" asserts="3" />
            <test-case id="0-3282" name="FailureThrowsAssertionException_DelegateAndConstraintWithMessageAndArgs" fullname="NUnit.Framework.Assertions.AssertThatTests.FailureThrowsAssertionException_DelegateAndConstraintWithMessageAndArgs" methodname="FailureThrowsAssertionException_DelegateAndConstraintWithMessageAndArgs" classname="NUnit.Framework.Assertions.AssertThatTests" runstate="Runnable" seed="975213534" result="Passed" start-time="2016-02-19 11:52:44Z" end-time="2016-02-19 11:52:44Z" duration="0.002946" asserts="3" />
          </test-suite>
          <test-suite type="TestFixture" id="0-3300" name="AssumeThatTests" fullname="NUnit.Framework.Assertions.AssumeThatTests" classname="NUnit.Framework.Assertions.AssumeThatTests" runstate="Runnable" testcasecount="33" result="Passed" start-time="2016-02-19 11:52:44Z" end-time="2016-02-19 11:52:44Z" duration="0.180729" total="33" passed="33" failed="0" inconclusive="0" skipped="0" asserts="28">
            <test-case id="0-3333" name="AssumeThatError" fullname="NUnit.Framework.Assertions.AssumeThatTests.AssumeThatError" methodname="AssumeThatError" classname="NUnit.Framework.Assertions.AssumeThatTests" runstate="Runnable" seed="1654938580" result="Passed" start-time="2016-02-19 11:52:44Z" end-time="2016-02-19 11:52:44Z" duration="0.081002" asserts="2" />
            <test-case id="0-3332" name="AssumeThatFailure" fullname="NUnit.Framework.Assertions.AssumeThatTests.AssumeThatFailure" methodname="AssumeThatFailure" classname="NUnit.Framework.Assertions.AssumeThatTests" runstate="Runnable" seed="1263465324" result="Passed" start-time="2016-02-19 11:52:44Z" end-time="2016-02-19 11:52:44Z" duration="0.003497" asserts="1" />
            <test-case id="0-3331" name="AssumeThatSuccess" fullname="NUnit.Framework.Assertions.AssumeThatTests.AssumeThatSuccess" methodname="AssumeThatSuccess" classname="NUnit.Framework.Assertions.AssumeThatTests" runstate="Runnable" seed="263304649" result="Passed" start-time="2016-02-19 11:52:44Z" end-time="2016-02-19 11:52:44Z" duration="0.005419" asserts="0" />
            <test-case id="0-3307" name="AssumptionPasses_ActualAndConstraint" fullname="NUnit.Framework.Assertions.AssumeThatTests.AssumptionPasses_ActualAndConstraint" methodname="AssumptionPasses_ActualAndConstraint" classname="NUnit.Framework.Assertions.AssumeThatTests" runstate="Runnable" seed="906946795" result="Passed" start-time="2016-02-19 11:52:44Z" end-time="2016-02-19 11:52:44Z" duration="0.000974" asserts="0" />
            <test-case id="0-3308" name="AssumptionPasses_ActualAndConstraintWithMessage" fullname="NUnit.Framework.Assertions.AssumeThatTests.AssumptionPasses_ActualAndConstraintWithMessage" methodname="AssumptionPasses_ActualAndConstraintWithMessage" classname="NUnit.Framework.Assertions.AssumeThatTests" runstate="Runnable" seed="1327771683" result="Passed" start-time="2016-02-19 11:52:44Z" end-time="2016-02-19 11:52:44Z" duration="0.000389" asserts="0" />
            <test-case id="0-3309" name="AssumptionPasses_ActualAndConstraintWithMessageAndArgs" fullname="NUnit.Framework.Assertions.AssumeThatTests.AssumptionPasses_ActualAndConstraintWithMessageAndArgs" methodname="AssumptionPasses_ActualAndConstraintWithMessageAndArgs" classname="NUnit.Framework.Assertions.AssumeThatTests" runstate="Runnable" seed="1541354303" result="Passed" start-time="2016-02-19 11:52:44Z" end-time="2016-02-19 11:52:44Z" duration="0.000600" asserts="0" />
            <test-case id="0-3310" name="AssumptionPasses_ActualLambdaAndConstraint" fullname="NUnit.Framework.Assertions.AssumeThatTests.AssumptionPasses_ActualLambdaAndConstraint" methodname="AssumptionPasses_ActualLambdaAndConstraint" classname="NUnit.Framework.Assertions.AssumeThatTests" runstate="Runnable" seed="278269334" result="Passed" start-time="2016-02-19 11:52:44Z" end-time="2016-02-19 11:52:44Z" duration="0.001258" asserts="0" />
            <test-case id="0-3311" name="AssumptionPasses_ActualLambdaAndConstraintWithMessage" fullname="NUnit.Framework.Assertions.AssumeThatTests.AssumptionPasses_ActualLambdaAndConstraintWithMessage" methodname="AssumptionPasses_ActualLambdaAndConstraintWithMessage" classname="NUnit.Framework.Assertions.AssumeThatTests" runstate="Runnable" seed="456510597" result="Passed" start-time="2016-02-19 11:52:44Z" end-time="2016-02-19 11:52:44Z" duration="0.000989" asserts="0" />
            <test-case id="0-3312" name="AssumptionPasses_ActualLambdaAndConstraintWithMessageAndArgs" fullname="NUnit.Framework.Assertions.AssumeThatTests.AssumptionPasses_ActualLambdaAndConstraintWithMessageAndArgs" methodname="AssumptionPasses_ActualLambdaAndConstraintWithMessageAndArgs" classname="NUnit.Framework.Assertions.AssumeThatTests" runstate="Runnable" seed="73965912" result="Passed" start-time="2016-02-19 11:52:44Z" end-time="2016-02-19 11:52:44Z" duration="0.003356" asserts="0" />
            <test-case id="0-3301" name="AssumptionPasses_Boolean" fullname="NUnit.Framework.Assertions.AssumeThatTests.AssumptionPasses_Boolean" methodname="AssumptionPasses_Boolean" classname="NUnit.Framework.Assertions.AssumeThatTests" runstate="Runnable" seed="1673280617" result="Passed" start-time="2016-02-19 11:52:44Z" end-time="2016-02-19 11:52:44Z" duration="0.000378" asserts="0" />
            <test-case id="0-3304" name="AssumptionPasses_BooleanLambda" fullname="NUnit.Framework.Assertions.AssumeThatTests.AssumptionPasses_BooleanLambda" methodname="AssumptionPasses_BooleanLambda" classname="NUnit.Framework.Assertions.AssumeThatTests" runstate="Runnable" seed="1855868511" result="Passed" start-time="2016-02-19 11:52:44Z" end-time="2016-02-19 11:52:44Z" duration="0.000889" asserts="0" />
            <test-case id="0-3305" name="AssumptionPasses_BooleanLambdaWithMessage" fullname="NUnit.Framework.Assertions.AssumeThatTests.AssumptionPasses_BooleanLambdaWithMessage" methodname="AssumptionPasses_BooleanLambdaWithMessage" classname="NUnit.Framework.Assertions.AssumeThatTests" runstate="Runnable" seed="1634445481" result="Passed" start-time="2016-02-19 11:52:44Z" end-time="2016-02-19 11:52:44Z" duration="0.000864" asserts="0" />
            <test-case id="0-3306" name="AssumptionPasses_BooleanLambdaWithMessageAndArgs" fullname="NUnit.Framework.Assertions.AssumeThatTests.AssumptionPasses_BooleanLambdaWithMessageAndArgs" methodname="AssumptionPasses_BooleanLambdaWithMessageAndArgs" classname="NUnit.Framework.Assertions.AssumeThatTests" runstate="Runnable" seed="1332218433" result="Passed" start-time="2016-02-19 11:52:44Z" end-time="2016-02-19 11:52:44Z" duration="0.000863" asserts="0" />
            <test-case id="0-3302" name="AssumptionPasses_BooleanWithMessage" fullname="NUnit.Framework.Assertions.AssumeThatTests.AssumptionPasses_BooleanWithMessage" methodname="AssumptionPasses_BooleanWithMessage" classname="NUnit.Framework.Assertions.AssumeThatTests" runstate="Runnable" seed="1436862602" result="Passed" start-time="2016-02-19 11:52:44Z" end-time="2016-02-19 11:52:44Z" duration="0.000353" asserts="0" />
            <test-case id="0-3303" name="AssumptionPasses_BooleanWithMessageAndArgs" fullname="NUnit.Framework.Assertions.AssumeThatTests.AssumptionPasses_BooleanWithMessageAndArgs" methodname="AssumptionPasses_BooleanWithMessageAndArgs" classname="NUnit.Framework.Assertions.AssumeThatTests" runstate="Runnable" seed="1220326632" result="Passed" start-time="2016-02-19 11:52:44Z" end-time="2016-02-19 11:52:44Z" duration="0.000468" asserts="0" />
            <test-case id="0-3313" name="AssumptionPasses_DelegateAndConstraint" fullname="NUnit.Framework.Assertions.AssumeThatTests.AssumptionPasses_DelegateAndConstraint" methodname="AssumptionPasses_DelegateAndConstraint" classname="NUnit.Framework.Assertions.AssumeThatTests" runstate="Runnable" seed="1784741524" result="Passed" start-time="2016-02-19 11:52:44Z" end-time="2016-02-19 11:52:44Z" duration="0.000733" asserts="0" />
            <test-case id="0-3314" name="AssumptionPasses_DelegateAndConstraintWithMessage" fullname="NUnit.Framework.Assertions.AssumeThatTests.AssumptionPasses_DelegateAndConstraintWithMessage" methodname="AssumptionPasses_DelegateAndConstraintWithMessage" classname="NUnit.Framework.Assertions.AssumeThatTests" runstate="Runnable" seed="348927190" result="Passed" start-time="2016-02-19 11:52:44Z" end-time="2016-02-19 11:52:44Z" duration="0.000651" asserts="0" />
            <test-case id="0-3315" name="AssumptionPasses_DelegateAndConstraintWithMessageAndArgs" fullname="NUnit.Framework.Assertions.AssumeThatTests.AssumptionPasses_DelegateAndConstraintWithMessageAndArgs" methodname="AssumptionPasses_DelegateAndConstraintWithMessageAndArgs" classname="NUnit.Framework.Assertions.AssumeThatTests" runstate="Runnable" seed="1071790693" result="Passed" start-time="2016-02-19 11:52:44Z" end-time="2016-02-19 11:52:44Z" duration="0.000631" asserts="0" />
            <test-case id="0-3322" name="FailureThrowsInconclusiveException_ActualAndConstraint" fullname="NUnit.Framework.Assertions.AssumeThatTests.FailureThrowsInconclusiveException_ActualAndConstraint" methodname="FailureThrowsInconclusiveException_ActualAndConstraint" classname="NUnit.Framework.Assertions.AssumeThatTests" runstate="Runnable" seed="1526633593" result="Passed" start-time="2016-02-19 11:52:44Z" end-time="2016-02-19 11:52:44Z" duration="0.001086" asserts="1" />
            <test-case id="0-3323" name="FailureThrowsInconclusiveException_ActualAndConstraintWithMessage" fullname="NUnit.Framework.Assertions.AssumeThatTests.FailureThrowsInconclusiveException_ActualAndConstraintWithMessage" methodname="FailureThrowsInconclusiveException_ActualAndConstraintWithMessage" classname="NUnit.Framework.Assertions.AssumeThatTests" runstate="Runnable" seed="563227609" result="Passed" start-time="2016-02-19 11:52:44Z" end-time="2016-02-19 11:52:44Z" duration="0.001124" asserts="2" />
            <test-case id="0-3324" name="FailureThrowsInconclusiveException_ActualAndConstraintWithMessageAndArgs" fullname="NUnit.Framework.Assertions.AssumeThatTests.FailureThrowsInconclusiveException_ActualAndConstraintWithMessageAndArgs" methodname="FailureThrowsInconclusiveException_ActualAndConstraintWithMessageAndArgs" classname="NUnit.Framework.Assertions.AssumeThatTests" runstate="Runnable" seed="404405044" result="Passed" start-time="2016-02-19 11:52:44Z" end-time="2016-02-19 11:52:44Z" duration="0.002402" asserts="2" />
            <test-case id="0-3325" name="FailureThrowsInconclusiveException_ActualLambdaAndConstraint" fullname="NUnit.Framework.Assertions.AssumeThatTests.FailureThrowsInconclusiveException_ActualLambdaAndConstraint" methodname="FailureThrowsInconclusiveException_ActualLambdaAndConstraint" classname="NUnit.Framework.Assertions.AssumeThatTests" runstate="Runnable" seed="1343599007" result="Passed" start-time="2016-02-19 11:52:44Z" end-time="2016-02-19 11:52:44Z" duration="0.001458" asserts="1" />
            <test-case id="0-3326" name="FailureThrowsInconclusiveException_ActualLambdaAndConstraintWithMessage" fullname="NUnit.Framework.Assertions.AssumeThatTests.FailureThrowsInconclusiveException_ActualLambdaAndConstraintWithMessage" methodname="FailureThrowsInconclusiveException_ActualLambdaAndConstraintWithMessage" classname="NUnit.Framework.Assertions.AssumeThatTests" runstate="Runnable" seed="381669297" result="Passed" start-time="2016-02-19 11:52:44Z" end-time="2016-02-19 11:52:44Z" duration="0.001711" asserts="2" />
            <test-case id="0-3327" name="FailureThrowsInconclusiveException_ActualLambdaAndConstraintWithMessageAndArgs" fullname="NUnit.Framework.Assertions.AssumeThatTests.FailureThrowsInconclusiveException_ActualLambdaAndConstraintWithMessageAndArgs" methodname="FailureThrowsInconclusiveException_ActualLambdaAndConstraintWithMessageAndArgs" classname="NUnit.Framework.Assertions.AssumeThatTests" runstate="Runnable" seed="738441777" result="Passed" start-time="2016-02-19 11:52:44Z" end-time="2016-02-19 11:52:44Z" duration="0.001925" asserts="2" />
            <test-case id="0-3316" name="FailureThrowsInconclusiveException_Boolean" fullname="NUnit.Framework.Assertions.AssumeThatTests.FailureThrowsInconclusiveException_Boolean" methodname="FailureThrowsInconclusiveException_Boolean" classname="NUnit.Framework.Assertions.AssumeThatTests" runstate="Runnable" seed="1672509402" result="Passed" start-time="2016-02-19 11:52:44Z" end-time="2016-02-19 11:52:44Z" duration="0.001919" asserts="1" />
            <test-case id="0-3319" name="FailureThrowsInconclusiveException_BooleanLambda" fullname="NUnit.Framework.Assertions.AssumeThatTests.FailureThrowsInconclusiveException_BooleanLambda" methodname="FailureThrowsInconclusiveException_BooleanLambda" classname="NUnit.Framework.Assertions.AssumeThatTests" runstate="Runnable" seed="661671097" result="Passed" start-time="2016-02-19 11:52:44Z" end-time="2016-02-19 11:52:44Z" duration="0.001100" asserts="1" />
            <test-case id="0-3320" name="FailureThrowsInconclusiveException_BooleanLambdaWithMessage" fullname="NUnit.Framework.Assertions.AssumeThatTests.FailureThrowsInconclusiveException_BooleanLambdaWithMessage" methodname="FailureThrowsInconclusiveException_BooleanLambdaWithMessage" classname="NUnit.Framework.Assertions.AssumeThatTests" runstate="Runnable" seed="1700496816" result="Passed" start-time="2016-02-19 11:52:44Z" end-time="2016-02-19 11:52:44Z" duration="0.003744" asserts="2" />
            <test-case id="0-3321" name="FailureThrowsInconclusiveException_BooleanLambdaWithMessageAndArgs" fullname="NUnit.Framework.Assertions.AssumeThatTests.FailureThrowsInconclusiveException_BooleanLambdaWithMessageAndArgs" methodname="FailureThrowsInconclusiveException_BooleanLambdaWithMessageAndArgs" classname="NUnit.Framework.Assertions.AssumeThatTests" runstate="Runnable" seed="1079874738" result="Passed" start-time="2016-02-19 11:52:44Z" end-time="2016-02-19 11:52:44Z" duration="0.001609" asserts="2" />
            <test-case id="0-3317" name="FailureThrowsInconclusiveException_BooleanWithMessage" fullname="NUnit.Framework.Assertions.AssumeThatTests.FailureThrowsInconclusiveException_BooleanWithMessage" methodname="FailureThrowsInconclusiveException_BooleanWithMessage" classname="NUnit.Framework.Assertions.AssumeThatTests" runstate="Runnable" seed="556035973" result="Passed" start-time="2016-02-19 11:52:44Z" end-time="2016-02-19 11:52:44Z" duration="0.001291" asserts="2" />
            <test-case id="0-3318" name="FailureThrowsInconclusiveException_BooleanWithMessageAndArgs" fullname="NUnit.Framework.Assertions.AssumeThatTests.FailureThrowsInconclusiveException_BooleanWithMessageAndArgs" methodname="FailureThrowsInconclusiveException_BooleanWithMessageAndArgs" classname="NUnit.Framework.Assertions.AssumeThatTests" runstate="Runnable" seed="158373380" result="Passed" start-time="2016-02-19 11:52:44Z" end-time="2016-02-19 11:52:44Z" duration="0.002495" asserts="2" />
            <test-case id="0-3328" name="FailureThrowsInconclusiveException_DelegateAndConstraint" fullname="NUnit.Framework.Assertions.AssumeThatTests.FailureThrowsInconclusiveException_DelegateAndConstraint" methodname="FailureThrowsInconclusiveException_DelegateAndConstraint" classname="NUnit.Framework.Assertions.AssumeThatTests" runstate="Runnable" seed="737869560" result="Passed" start-time="2016-02-19 11:52:44Z" end-time="2016-02-19 11:52:44Z" duration="0.003612" asserts="1" />
            <test-case id="0-3329" name="FailureThrowsInconclusiveException_DelegateAndConstraintWithMessage" fullname="NUnit.Framework.Assertions.AssumeThatTests.FailureThrowsInconclusiveException_DelegateAndConstraintWithMessage" methodname="FailureThrowsInconclusiveException_DelegateAndConstraintWithMessage" classname="NUnit.Framework.Assertions.AssumeThatTests" runstate="Runnable" seed="1469462417" result="Passed" start-time="2016-02-19 11:52:44Z" end-time="2016-02-19 11:52:44Z" duration="0.001560" asserts="2" />
            <test-case id="0-3330" name="FailureThrowsInconclusiveException_DelegateAndConstraintWithMessageAndArgs" fullname="NUnit.Framework.Assertions.AssumeThatTests.FailureThrowsInconclusiveException_DelegateAndConstraintWithMessageAndArgs" methodname="FailureThrowsInconclusiveException_DelegateAndConstraintWithMessageAndArgs" classname="NUnit.Framework.Assertions.AssumeThatTests" runstate="Runnable" seed="797134538" result="Passed" start-time="2016-02-19 11:52:44Z" end-time="2016-02-19 11:52:44Z" duration="0.001614" asserts="2" />
          </test-suite>
          <test-suite type="TestFixture" id="0-3334" name="AsyncThrowsTests" fullname="NUnit.Framework.Assertions.AsyncThrowsTests" classname="NUnit.Framework.Assertions.AsyncThrowsTests" runstate="Runnable" testcasecount="12" result="Passed" start-time="2016-02-19 11:52:44Z" end-time="2016-02-19 11:52:44Z" duration="0.085804" total="12" passed="12" failed="0" inconclusive="0" skipped="0" asserts="15">
            <test-case id="0-3342" name="AssertThatThrowsGenericTask" fullname="NUnit.Framework.Assertions.AsyncThrowsTests.AssertThatThrowsGenericTask" methodname="AssertThatThrowsGenericTask" classname="NUnit.Framework.Assertions.AsyncThrowsTests" runstate="Runnable" seed="60146409" result="Passed" start-time="2016-02-19 11:52:44Z" end-time="2016-02-19 11:52:44Z" duration="0.012966" asserts="1" />
            <test-case id="0-3346" name="AssertThatThrowsNothingGenericTaskFailure" fullname="NUnit.Framework.Assertions.AsyncThrowsTests.AssertThatThrowsNothingGenericTaskFailure" methodname="AssertThatThrowsNothingGenericTaskFailure" classname="NUnit.Framework.Assertions.AsyncThrowsTests" runstate="Runnable" seed="1085756697" result="Passed" start-time="2016-02-19 11:52:44Z" end-time="2016-02-19 11:52:44Z" duration="0.005150" asserts="2" />
            <test-case id="0-3344" name="AssertThatThrowsNothingGenericTaskSuccess" fullname="NUnit.Framework.Assertions.AsyncThrowsTests.AssertThatThrowsNothingGenericTaskSuccess" methodname="AssertThatThrowsNothingGenericTaskSuccess" classname="NUnit.Framework.Assertions.AsyncThrowsTests" runstate="Runnable" seed="216818502" result="Passed" start-time="2016-02-19 11:52:44Z" end-time="2016-02-19 11:52:44Z" duration="0.005672" asserts="1" />
            <test-case id="0-3345" name="AssertThatThrowsNothingTaskFailure" fullname="NUnit.Framework.Assertions.AsyncThrowsTests.AssertThatThrowsNothingTaskFailure" methodname="AssertThatThrowsNothingTaskFailure" classname="NUnit.Framework.Assertions.AsyncThrowsTests" runstate="Runnable" seed="1037359710" result="Passed" start-time="2016-02-19 11:52:44Z" end-time="2016-02-19 11:52:44Z" duration="0.008645" asserts="2" />
            <test-case id="0-3343" name="AssertThatThrowsNothingTaskSuccess" fullname="NUnit.Framework.Assertions.AsyncThrowsTests.AssertThatThrowsNothingTaskSuccess" methodname="AssertThatThrowsNothingTaskSuccess" classname="NUnit.Framework.Assertions.AsyncThrowsTests" runstate="Runnable" seed="515580731" result="Passed" start-time="2016-02-19 11:52:44Z" end-time="2016-02-19 11:52:44Z" duration="0.008054" asserts="1" />
            <test-case id="0-3341" name="AssertThatThrowsTask" fullname="NUnit.Framework.Assertions.AsyncThrowsTests.AssertThatThrowsTask" methodname="AssertThatThrowsTask" classname="NUnit.Framework.Assertions.AsyncThrowsTests" runstate="Runnable" seed="1397279681" result="Passed" start-time="2016-02-19 11:52:44Z" end-time="2016-02-19 11:52:44Z" duration="0.002770" asserts="1" />
            <test-case id="0-3336" name="ThrowsConstraintAsyncGenericTask" fullname="NUnit.Framework.Assertions.AsyncThrowsTests.ThrowsConstraintAsyncGenericTask" methodname="ThrowsConstraintAsyncGenericTask" classname="NUnit.Framework.Assertions.AsyncThrowsTests" runstate="Runnable" seed="1704149676" result="Passed" start-time="2016-02-19 11:52:44Z" end-time="2016-02-19 11:52:44Z" duration="0.005753" asserts="1" />
            <test-case id="0-3335" name="ThrowsConstraintAsyncTask" fullname="NUnit.Framework.Assertions.AsyncThrowsTests.ThrowsConstraintAsyncTask" methodname="ThrowsConstraintAsyncTask" classname="NUnit.Framework.Assertions.AsyncThrowsTests" runstate="Runnable" seed="266739296" result="Passed" start-time="2016-02-19 11:52:44Z" end-time="2016-02-19 11:52:44Z" duration="0.002992" asserts="1" />
            <test-case id="0-3337" name="ThrowsConstraintAsyncVoid" fullname="NUnit.Framework.Assertions.AsyncThrowsTests.ThrowsConstraintAsyncVoid" methodname="ThrowsConstraintAsyncVoid" classname="NUnit.Framework.Assertions.AsyncThrowsTests" runstate="Runnable" seed="1367233605" result="Passed" start-time="2016-02-19 11:52:44Z" end-time="2016-02-19 11:52:44Z" duration="0.001738" asserts="1" />
            <test-case id="0-3340" name="ThrowsNothingConstraintTaskFailure" fullname="NUnit.Framework.Assertions.AsyncThrowsTests.ThrowsNothingConstraintTaskFailure" methodname="ThrowsNothingConstraintTaskFailure" classname="NUnit.Framework.Assertions.AsyncThrowsTests" runstate="Runnable" seed="1171797281" result="Passed" start-time="2016-02-19 11:52:44Z" end-time="2016-02-19 11:52:44Z" duration="0.003846" asserts="1" />
            <test-case id="0-3339" name="ThrowsNothingConstraintTaskVoidSuccess" fullname="NUnit.Framework.Assertions.AsyncThrowsTests.ThrowsNothingConstraintTaskVoidSuccess" methodname="ThrowsNothingConstraintTaskVoidSuccess" classname="NUnit.Framework.Assertions.AsyncThrowsTests" runstate="Runnable" seed="447959058" result="Passed" start-time="2016-02-19 11:52:44Z" end-time="2016-02-19 11:52:44Z" duration="0.005810" asserts="1" />
            <test-case id="0-3338" name="ThrowsVoidIsAnError" fullname="NUnit.Framework.Assertions.AsyncThrowsTests.ThrowsVoidIsAnError" methodname="ThrowsVoidIsAnError" classname="NUnit.Framework.Assertions.AsyncThrowsTests" runstate="Runnable" seed="1669807456" result="Passed" start-time="2016-02-19 11:52:44Z" end-time="2016-02-19 11:52:44Z" duration="0.002653" asserts="2" />
          </test-suite>
          <test-suite type="TestFixture" id="0-3401" name="ConditionAssertTests" fullname="NUnit.Framework.Assertions.ConditionAssertTests" classname="NUnit.Framework.Assertions.ConditionAssertTests" runstate="Runnable" testcasecount="27" result="Passed" start-time="2016-02-19 11:52:44Z" end-time="2016-02-19 11:52:44Z" duration="0.080133" total="27" passed="27" failed="0" inconclusive="0" skipped="0" asserts="71">
            <test-case id="0-3420" name="IsEmpty" fullname="NUnit.Framework.Assertions.ConditionAssertTests.IsEmpty" methodname="IsEmpty" classname="NUnit.Framework.Assertions.ConditionAssertTests" runstate="Runnable" seed="460576551" result="Passed" start-time="2016-02-19 11:52:44Z" end-time="2016-02-19 11:52:44Z" duration="0.003749" asserts="5" />
            <test-case id="0-3423" name="IsEmptyFailsOnNonEmptyArray" fullname="NUnit.Framework.Assertions.ConditionAssertTests.IsEmptyFailsOnNonEmptyArray" methodname="IsEmptyFailsOnNonEmptyArray" classname="NUnit.Framework.Assertions.ConditionAssertTests" runstate="Runnable" seed="1436635641" result="Passed" start-time="2016-02-19 11:52:44Z" end-time="2016-02-19 11:52:44Z" duration="0.001572" asserts="3" />
            <test-case id="0-3424" name="IsEmptyFailsOnNonEmptyIEnumerable" fullname="NUnit.Framework.Assertions.ConditionAssertTests.IsEmptyFailsOnNonEmptyIEnumerable" methodname="IsEmptyFailsOnNonEmptyIEnumerable" classname="NUnit.Framework.Assertions.ConditionAssertTests" runstate="Runnable" seed="1554859336" result="Passed" start-time="2016-02-19 11:52:44Z" end-time="2016-02-19 11:52:44Z" duration="0.002578" asserts="3" />
            <test-case id="0-3422" name="IsEmptyFailsOnNullString" fullname="NUnit.Framework.Assertions.ConditionAssertTests.IsEmptyFailsOnNullString" methodname="IsEmptyFailsOnNullString" classname="NUnit.Framework.Assertions.ConditionAssertTests" runstate="Runnable" seed="1611210497" result="Passed" start-time="2016-02-19 11:52:44Z" end-time="2016-02-19 11:52:44Z" duration="0.001457" asserts="3" />
            <test-case id="0-3421" name="IsEmptyFailsOnString" fullname="NUnit.Framework.Assertions.ConditionAssertTests.IsEmptyFailsOnString" methodname="IsEmptyFailsOnString" classname="NUnit.Framework.Assertions.ConditionAssertTests" runstate="Runnable" seed="575050674" result="Passed" start-time="2016-02-19 11:52:44Z" end-time="2016-02-19 11:52:44Z" duration="0.001215" asserts="3" />
            <test-case id="0-3408" name="IsFalse" fullname="NUnit.Framework.Assertions.ConditionAssertTests.IsFalse" methodname="IsFalse" classname="NUnit.Framework.Assertions.ConditionAssertTests" runstate="Runnable" seed="442041539" result="Passed" start-time="2016-02-19 11:52:44Z" end-time="2016-02-19 11:52:44Z" duration="0.000277" asserts="1" />
            <test-case id="0-3410" name="IsFalseFails" fullname="NUnit.Framework.Assertions.ConditionAssertTests.IsFalseFails" methodname="IsFalseFails" classname="NUnit.Framework.Assertions.ConditionAssertTests" runstate="Runnable" seed="2054921368" result="Passed" start-time="2016-02-19 11:52:44Z" end-time="2016-02-19 11:52:44Z" duration="0.002113" asserts="3" />
            <test-suite type="ParameterizedMethod" id="0-3413" name="IsFalseFailsForNullable" fullname="NUnit.Framework.Assertions.ConditionAssertTests.IsFalseFailsForNullable" runstate="Runnable" testcasecount="2" result="Passed" start-time="2016-02-19 11:52:44Z" end-time="2016-02-19 11:52:44Z" duration="0.004330" total="2" passed="2" failed="0" inconclusive="0" skipped="0" asserts="6">
              <test-case id="0-3411" name="IsFalseFailsForNullable(True,&quot;  But was:  True&quot;)" fullname="NUnit.Framework.Assertions.ConditionAssertTests.IsFalseFailsForNullable(True,&quot;  But was:  True&quot;)" methodname="IsFalseFailsForNullable" classname="NUnit.Framework.Assertions.ConditionAssertTests" runstate="Runnable" seed="1136510419" result="Passed" start-time="2016-02-19 11:52:44Z" end-time="2016-02-19 11:52:44Z" duration="0.003548" asserts="3" />
              <test-case id="0-3412" name="IsFalseFailsForNullable(null,&quot;  But was:  null&quot;)" fullname="NUnit.Framework.Assertions.ConditionAssertTests.IsFalseFailsForNullable(null,&quot;  But was:  null&quot;)" methodname="IsFalseFailsForNullable" classname="NUnit.Framework.Assertions.ConditionAssertTests" runstate="Runnable" seed="2109174003" result="Passed" start-time="2016-02-19 11:52:44Z" end-time="2016-02-19 11:52:44Z" duration="0.000176" asserts="3" />
            </test-suite>
            <test-case id="0-3409" name="IsFalseNullable" fullname="NUnit.Framework.Assertions.ConditionAssertTests.IsFalseNullable" methodname="IsFalseNullable" classname="NUnit.Framework.Assertions.ConditionAssertTests" runstate="Runnable" seed="1422740877" result="Passed" start-time="2016-02-19 11:52:44Z" end-time="2016-02-19 11:52:44Z" duration="0.000522" asserts="1" />
            <test-case id="0-3418" name="IsNaN" fullname="NUnit.Framework.Assertions.ConditionAssertTests.IsNaN" methodname="IsNaN" classname="NUnit.Framework.Assertions.ConditionAssertTests" runstate="Runnable" seed="180544388" result="Passed" start-time="2016-02-19 11:52:44Z" end-time="2016-02-19 11:52:44Z" duration="0.002228" asserts="1" />
            <test-case id="0-3419" name="IsNaNFails" fullname="NUnit.Framework.Assertions.ConditionAssertTests.IsNaNFails" methodname="IsNaNFails" classname="NUnit.Framework.Assertions.ConditionAssertTests" runstate="Runnable" seed="1726874176" result="Passed" start-time="2016-02-19 11:52:44Z" end-time="2016-02-19 11:52:44Z" duration="0.001278" asserts="3" />
            <test-case id="0-3425" name="IsNotEmpty" fullname="NUnit.Framework.Assertions.ConditionAssertTests.IsNotEmpty" methodname="IsNotEmpty" classname="NUnit.Framework.Assertions.ConditionAssertTests" runstate="Runnable" seed="255485392" result="Passed" start-time="2016-02-19 11:52:44Z" end-time="2016-02-19 11:52:44Z" duration="0.005206" asserts="5" />
            <test-case id="0-3427" name="IsNotEmptyFailsOnEmptyArray" fullname="NUnit.Framework.Assertions.ConditionAssertTests.IsNotEmptyFailsOnEmptyArray" methodname="IsNotEmptyFailsOnEmptyArray" classname="NUnit.Framework.Assertions.ConditionAssertTests" runstate="Runnable" seed="502058362" result="Passed" start-time="2016-02-19 11:52:44Z" end-time="2016-02-19 11:52:44Z" duration="0.003041" asserts="3" />
            <test-case id="0-3429" name="IsNotEmptyFailsOnEmptyArrayList" fullname="NUnit.Framework.Assertions.ConditionAssertTests.IsNotEmptyFailsOnEmptyArrayList" methodname="IsNotEmptyFailsOnEmptyArrayList" classname="NUnit.Framework.Assertions.ConditionAssertTests" runstate="Runnable" seed="35168574" result="Passed" start-time="2016-02-19 11:52:44Z" end-time="2016-02-19 11:52:44Z" duration="0.001209" asserts="3" />
            <test-case id="0-3430" name="IsNotEmptyFailsOnEmptyHashTable" fullname="NUnit.Framework.Assertions.ConditionAssertTests.IsNotEmptyFailsOnEmptyHashTable" methodname="IsNotEmptyFailsOnEmptyHashTable" classname="NUnit.Framework.Assertions.ConditionAssertTests" runstate="Runnable" seed="2073870270" result="Passed" start-time="2016-02-19 11:52:44Z" end-time="2016-02-19 11:52:44Z" duration="0.001085" asserts="3" />
            <test-case id="0-3428" name="IsNotEmptyFailsOnEmptyIEnumerable" fullname="NUnit.Framework.Assertions.ConditionAssertTests.IsNotEmptyFailsOnEmptyIEnumerable" methodname="IsNotEmptyFailsOnEmptyIEnumerable" classname="NUnit.Framework.Assertions.ConditionAssertTests" runstate="Runnable" seed="1990408599" result="Passed" start-time="2016-02-19 11:52:44Z" end-time="2016-02-19 11:52:44Z" duration="0.003083" asserts="3" />
            <test-case id="0-3426" name="IsNotEmptyFailsOnEmptyString" fullname="NUnit.Framework.Assertions.ConditionAssertTests.IsNotEmptyFailsOnEmptyString" methodname="IsNotEmptyFailsOnEmptyString" classname="NUnit.Framework.Assertions.ConditionAssertTests" runstate="Runnable" seed="719927065" result="Passed" start-time="2016-02-19 11:52:44Z" end-time="2016-02-19 11:52:44Z" duration="0.001572" asserts="3" />
            <test-case id="0-3416" name="IsNotNull" fullname="NUnit.Framework.Assertions.ConditionAssertTests.IsNotNull" methodname="IsNotNull" classname="NUnit.Framework.Assertions.ConditionAssertTests" runstate="Runnable" seed="848904924" result="Passed" start-time="2016-02-19 11:52:44Z" end-time="2016-02-19 11:52:44Z" duration="0.002411" asserts="1" />
            <test-case id="0-3417" name="IsNotNullFails" fullname="NUnit.Framework.Assertions.ConditionAssertTests.IsNotNullFails" methodname="IsNotNullFails" classname="NUnit.Framework.Assertions.ConditionAssertTests" runstate="Runnable" seed="1544293065" result="Passed" start-time="2016-02-19 11:52:44Z" end-time="2016-02-19 11:52:44Z" duration="0.001080" asserts="3" />
            <test-case id="0-3414" name="IsNull" fullname="NUnit.Framework.Assertions.ConditionAssertTests.IsNull" methodname="IsNull" classname="NUnit.Framework.Assertions.ConditionAssertTests" runstate="Runnable" seed="1859254429" result="Passed" start-time="2016-02-19 11:52:44Z" end-time="2016-02-19 11:52:44Z" duration="0.000255" asserts="1" />
            <test-case id="0-3415" name="IsNullFails" fullname="NUnit.Framework.Assertions.ConditionAssertTests.IsNullFails" methodname="IsNullFails" classname="NUnit.Framework.Assertions.ConditionAssertTests" runstate="Runnable" seed="1120134735" result="Passed" start-time="2016-02-19 11:52:44Z" end-time="2016-02-19 11:52:44Z" duration="0.001958" asserts="3" />
            <test-case id="0-3402" name="IsTrue" fullname="NUnit.Framework.Assertions.ConditionAssertTests.IsTrue" methodname="IsTrue" classname="NUnit.Framework.Assertions.ConditionAssertTests" runstate="Runnable" seed="1548639754" result="Passed" start-time="2016-02-19 11:52:44Z" end-time="2016-02-19 11:52:44Z" duration="0.000295" asserts="1" />
            <test-case id="0-3404" name="IsTrueFails" fullname="NUnit.Framework.Assertions.ConditionAssertTests.IsTrueFails" methodname="IsTrueFails" classname="NUnit.Framework.Assertions.ConditionAssertTests" runstate="Runnable" seed="222865778" result="Passed" start-time="2016-02-19 11:52:44Z" end-time="2016-02-19 11:52:44Z" duration="0.001363" asserts="3" />
            <test-suite type="ParameterizedMethod" id="0-3407" name="IsTrueFailsForNullable" fullname="NUnit.Framework.Assertions.ConditionAssertTests.IsTrueFailsForNullable" runstate="Runnable" testcasecount="2" result="Passed" start-time="2016-02-19 11:52:44Z" end-time="2016-02-19 11:52:44Z" duration="0.004271" total="2" passed="2" failed="0" inconclusive="0" skipped="0" asserts="6">
              <test-case id="0-3405" name="IsTrueFailsForNullable(False,&quot;  But was:  False&quot;)" fullname="NUnit.Framework.Assertions.ConditionAssertTests.IsTrueFailsForNullable(False,&quot;  But was:  False&quot;)" methodname="IsTrueFailsForNullable" classname="NUnit.Framework.Assertions.ConditionAssertTests" runstate="Runnable" seed="104867152" result="Passed" start-time="2016-02-19 11:52:44Z" end-time="2016-02-19 11:52:44Z" duration="0.002859" asserts="3" />
              <test-case id="0-3406" name="IsTrueFailsForNullable(null,&quot;  But was:  null&quot;)" fullname="NUnit.Framework.Assertions.ConditionAssertTests.IsTrueFailsForNullable(null,&quot;  But was:  null&quot;)" methodname="IsTrueFailsForNullable" classname="NUnit.Framework.Assertions.ConditionAssertTests" runstate="Runnable" seed="1254663605" result="Passed" start-time="2016-02-19 11:52:44Z" end-time="2016-02-19 11:52:44Z" duration="0.000195" asserts="3" />
            </test-suite>
            <test-case id="0-3403" name="IsTrueNullable" fullname="NUnit.Framework.Assertions.ConditionAssertTests.IsTrueNullable" methodname="IsTrueNullable" classname="NUnit.Framework.Assertions.ConditionAssertTests" runstate="Runnable" seed="1470128522" result="Passed" start-time="2016-02-19 11:52:44Z" end-time="2016-02-19 11:52:44Z" duration="0.016815" asserts="1" />
          </test-suite>
          <test-suite type="TestFixture" id="0-3347" name="CollectionAssertTest" fullname="NUnit.Framework.Assertions.CollectionAssertTest" classname="NUnit.Framework.Assertions.CollectionAssertTest" runstate="Runnable" testcasecount="53" result="Passed" start-time="2016-02-19 11:52:44Z" end-time="2016-02-19 11:52:44Z" duration="0.198853" total="53" passed="53" failed="0" inconclusive="0" skipped="0" asserts="108">
            <test-case id="0-3357" name="AreEqual" fullname="NUnit.Framework.Assertions.CollectionAssertTest.AreEqual" methodname="AreEqual" classname="NUnit.Framework.Assertions.CollectionAssertTest" runstate="Runnable" seed="1541912664" result="Passed" start-time="2016-02-19 11:52:44Z" end-time="2016-02-19 11:52:44Z" duration="0.003215" asserts="3" />
            <test-case id="0-3360" name="AreEqual_HandlesNull" fullname="NUnit.Framework.Assertions.CollectionAssertTest.AreEqual_HandlesNull" methodname="AreEqual_HandlesNull" classname="NUnit.Framework.Assertions.CollectionAssertTest" runstate="Runnable" seed="834370668" result="Passed" start-time="2016-02-19 11:52:44Z" end-time="2016-02-19 11:52:44Z" duration="0.000796" asserts="2" />
            <test-case id="0-3362" name="AreEqual_UsingIterator" fullname="NUnit.Framework.Assertions.CollectionAssertTest.AreEqual_UsingIterator" methodname="AreEqual_UsingIterator" classname="NUnit.Framework.Assertions.CollectionAssertTest" runstate="Runnable" seed="307960058" result="Passed" start-time="2016-02-19 11:52:44Z" end-time="2016-02-19 11:52:44Z" duration="0.002135" asserts="1" />
            <test-case id="0-3363" name="AreEqual_UsingIterator_Fails" fullname="NUnit.Framework.Assertions.CollectionAssertTest.AreEqual_UsingIterator_Fails" methodname="AreEqual_UsingIterator_Fails" classname="NUnit.Framework.Assertions.CollectionAssertTest" runstate="Runnable" seed="703454966" result="Passed" start-time="2016-02-19 11:52:44Z" end-time="2016-02-19 11:52:44Z" duration="0.004425" asserts="3" />
            <test-case id="0-3364" name="AreEqual_UsingLinqQuery" fullname="NUnit.Framework.Assertions.CollectionAssertTest.AreEqual_UsingLinqQuery" methodname="AreEqual_UsingLinqQuery" classname="NUnit.Framework.Assertions.CollectionAssertTest" runstate="Runnable" seed="1445119682" result="Passed" start-time="2016-02-19 11:52:44Z" end-time="2016-02-19 11:52:44Z" duration="0.010418" asserts="1" />
            <test-case id="0-3365" name="AreEqual_UsingLinqQuery_Fails" fullname="NUnit.Framework.Assertions.CollectionAssertTest.AreEqual_UsingLinqQuery_Fails" methodname="AreEqual_UsingLinqQuery_Fails" classname="NUnit.Framework.Assertions.CollectionAssertTest" runstate="Runnable" seed="384986805" result="Passed" start-time="2016-02-19 11:52:44Z" end-time="2016-02-19 11:52:44Z" duration="0.003525" asserts="3" />
            <test-case id="0-3359" name="AreEqualFail" fullname="NUnit.Framework.Assertions.CollectionAssertTest.AreEqualFail" methodname="AreEqualFail" classname="NUnit.Framework.Assertions.CollectionAssertTest" runstate="Runnable" seed="142212973" result="Passed" start-time="2016-02-19 11:52:44Z" end-time="2016-02-19 11:52:44Z" duration="0.005178" asserts="3" />
            <test-case id="0-3358" name="AreEqualFailCount" fullname="NUnit.Framework.Assertions.CollectionAssertTest.AreEqualFailCount" methodname="AreEqualFailCount" classname="NUnit.Framework.Assertions.CollectionAssertTest" runstate="Runnable" seed="777836553" result="Passed" start-time="2016-02-19 11:52:44Z" end-time="2016-02-19 11:52:44Z" duration="0.003676" asserts="3" />
            <test-case id="0-3369" name="AreEquivalentHandlesNull" fullname="NUnit.Framework.Assertions.CollectionAssertTest.AreEquivalentHandlesNull" methodname="AreEquivalentHandlesNull" classname="NUnit.Framework.Assertions.CollectionAssertTest" runstate="Runnable" seed="847984712" result="Passed" start-time="2016-02-19 11:52:44Z" end-time="2016-02-19 11:52:44Z" duration="0.005802" asserts="1" />
            <test-case id="0-3370" name="AreNotEqual" fullname="NUnit.Framework.Assertions.CollectionAssertTest.AreNotEqual" methodname="AreNotEqual" classname="NUnit.Framework.Assertions.CollectionAssertTest" runstate="Runnable" seed="628372489" result="Passed" start-time="2016-02-19 11:52:44Z" end-time="2016-02-19 11:52:44Z" duration="0.004328" asserts="6" />
            <test-case id="0-3371" name="AreNotEqual_Fails" fullname="NUnit.Framework.Assertions.CollectionAssertTest.AreNotEqual_Fails" methodname="AreNotEqual_Fails" classname="NUnit.Framework.Assertions.CollectionAssertTest" runstate="Runnable" seed="945944332" result="Passed" start-time="2016-02-19 11:52:44Z" end-time="2016-02-19 11:52:44Z" duration="0.002836" asserts="3" />
            <test-case id="0-3372" name="AreNotEqual_HandlesNull" fullname="NUnit.Framework.Assertions.CollectionAssertTest.AreNotEqual_HandlesNull" methodname="AreNotEqual_HandlesNull" classname="NUnit.Framework.Assertions.CollectionAssertTest" runstate="Runnable" seed="1251447031" result="Passed" start-time="2016-02-19 11:52:44Z" end-time="2016-02-19 11:52:44Z" duration="0.001283" asserts="2" />
            <test-case id="0-3377" name="Contains_ICollection" fullname="NUnit.Framework.Assertions.CollectionAssertTest.Contains_ICollection" methodname="Contains_ICollection" classname="NUnit.Framework.Assertions.CollectionAssertTest" runstate="Runnable" seed="723220657" result="Passed" start-time="2016-02-19 11:52:44Z" end-time="2016-02-19 11:52:44Z" duration="0.003044" asserts="1" />
            <test-case id="0-3376" name="Contains_IList" fullname="NUnit.Framework.Assertions.CollectionAssertTest.Contains_IList" methodname="Contains_IList" classname="NUnit.Framework.Assertions.CollectionAssertTest" runstate="Runnable" seed="2020545926" result="Passed" start-time="2016-02-19 11:52:44Z" end-time="2016-02-19 11:52:44Z" duration="0.000591" asserts="1" />
            <test-case id="0-3381" name="ContainsFails_EmptyICollection" fullname="NUnit.Framework.Assertions.CollectionAssertTest.ContainsFails_EmptyICollection" methodname="ContainsFails_EmptyICollection" classname="NUnit.Framework.Assertions.CollectionAssertTest" runstate="Runnable" seed="377383092" result="Passed" start-time="2016-02-19 11:52:44Z" end-time="2016-02-19 11:52:44Z" duration="0.001289" asserts="3" />
            <test-case id="0-3380" name="ContainsFails_EmptyIList" fullname="NUnit.Framework.Assertions.CollectionAssertTest.ContainsFails_EmptyIList" methodname="ContainsFails_EmptyIList" classname="NUnit.Framework.Assertions.CollectionAssertTest" runstate="Runnable" seed="1135789273" result="Passed" start-time="2016-02-19 11:52:44Z" end-time="2016-02-19 11:52:44Z" duration="0.001306" asserts="3" />
            <test-case id="0-3379" name="ContainsFails_ICollection" fullname="NUnit.Framework.Assertions.CollectionAssertTest.ContainsFails_ICollection" methodname="ContainsFails_ICollection" classname="NUnit.Framework.Assertions.CollectionAssertTest" runstate="Runnable" seed="1970530750" result="Passed" start-time="2016-02-19 11:52:44Z" end-time="2016-02-19 11:52:44Z" duration="0.001547" asserts="3" />
            <test-case id="0-3378" name="ContainsFails_ILIst" fullname="NUnit.Framework.Assertions.CollectionAssertTest.ContainsFails_ILIst" methodname="ContainsFails_ILIst" classname="NUnit.Framework.Assertions.CollectionAssertTest" runstate="Runnable" seed="1562752509" result="Passed" start-time="2016-02-19 11:52:44Z" end-time="2016-02-19 11:52:44Z" duration="0.002573" asserts="3" />
            <test-case id="0-3383" name="ContainsNull_ICollection" fullname="NUnit.Framework.Assertions.CollectionAssertTest.ContainsNull_ICollection" methodname="ContainsNull_ICollection" classname="NUnit.Framework.Assertions.CollectionAssertTest" runstate="Runnable" seed="487242235" result="Passed" start-time="2016-02-19 11:52:44Z" end-time="2016-02-19 11:52:44Z" duration="0.000812" asserts="1" />
            <test-case id="0-3382" name="ContainsNull_IList" fullname="NUnit.Framework.Assertions.CollectionAssertTest.ContainsNull_IList" methodname="ContainsNull_IList" classname="NUnit.Framework.Assertions.CollectionAssertTest" runstate="Runnable" seed="1019145098" result="Passed" start-time="2016-02-19 11:52:44Z" end-time="2016-02-19 11:52:44Z" duration="0.000681" asserts="1" />
            <test-case id="0-3384" name="DoesNotContain" fullname="NUnit.Framework.Assertions.CollectionAssertTest.DoesNotContain" methodname="DoesNotContain" classname="NUnit.Framework.Assertions.CollectionAssertTest" runstate="Runnable" seed="1022582303" result="Passed" start-time="2016-02-19 11:52:44Z" end-time="2016-02-19 11:52:44Z" duration="0.002318" asserts="1" />
            <test-case id="0-3385" name="DoesNotContain_Empty" fullname="NUnit.Framework.Assertions.CollectionAssertTest.DoesNotContain_Empty" methodname="DoesNotContain_Empty" classname="NUnit.Framework.Assertions.CollectionAssertTest" runstate="Runnable" seed="29871753" result="Passed" start-time="2016-02-19 11:52:44Z" end-time="2016-02-19 11:52:44Z" duration="0.000832" asserts="1" />
            <test-case id="0-3386" name="DoesNotContain_Fails" fullname="NUnit.Framework.Assertions.CollectionAssertTest.DoesNotContain_Fails" methodname="DoesNotContain_Fails" classname="NUnit.Framework.Assertions.CollectionAssertTest" runstate="Runnable" seed="1115391499" result="Passed" start-time="2016-02-19 11:52:44Z" end-time="2016-02-19 11:52:44Z" duration="0.003216" asserts="3" />
            <test-case id="0-3361" name="EnsureComparerIsUsed" fullname="NUnit.Framework.Assertions.CollectionAssertTest.EnsureComparerIsUsed" methodname="EnsureComparerIsUsed" classname="NUnit.Framework.Assertions.CollectionAssertTest" runstate="Runnable" seed="1133442728" result="Passed" start-time="2016-02-19 11:52:44Z" end-time="2016-02-19 11:52:44Z" duration="0.000785" asserts="1" />
            <test-case id="0-3366" name="Equivalent" fullname="NUnit.Framework.Assertions.CollectionAssertTest.Equivalent" methodname="Equivalent" classname="NUnit.Framework.Assertions.CollectionAssertTest" runstate="Runnable" seed="613222166" result="Passed" start-time="2016-02-19 11:52:44Z" end-time="2016-02-19 11:52:44Z" duration="0.000777" asserts="1" />
            <test-case id="0-3367" name="EquivalentFailOne" fullname="NUnit.Framework.Assertions.CollectionAssertTest.EquivalentFailOne" methodname="EquivalentFailOne" classname="NUnit.Framework.Assertions.CollectionAssertTest" runstate="Runnable" seed="207040449" result="Passed" start-time="2016-02-19 11:52:44Z" end-time="2016-02-19 11:52:44Z" duration="0.001681" asserts="3" />
            <test-case id="0-3368" name="EquivalentFailTwo" fullname="NUnit.Framework.Assertions.CollectionAssertTest.EquivalentFailTwo" methodname="EquivalentFailTwo" classname="NUnit.Framework.Assertions.CollectionAssertTest" runstate="Runnable" seed="937139239" result="Passed" start-time="2016-02-19 11:52:44Z" end-time="2016-02-19 11:52:44Z" duration="0.001629" asserts="3" />
            <test-case id="0-3390" name="IsNotSubsetOf" fullname="NUnit.Framework.Assertions.CollectionAssertTest.IsNotSubsetOf" methodname="IsNotSubsetOf" classname="NUnit.Framework.Assertions.CollectionAssertTest" runstate="Runnable" seed="1244372908" result="Passed" start-time="2016-02-19 11:52:44Z" end-time="2016-02-19 11:52:44Z" duration="0.004435" asserts="2" />
            <test-case id="0-3391" name="IsNotSubsetOf_Fails" fullname="NUnit.Framework.Assertions.CollectionAssertTest.IsNotSubsetOf_Fails" methodname="IsNotSubsetOf_Fails" classname="NUnit.Framework.Assertions.CollectionAssertTest" runstate="Runnable" seed="1240775458" result="Passed" start-time="2016-02-19 11:52:44Z" end-time="2016-02-19 11:52:44Z" duration="0.002023" asserts="3" />
            <test-case id="0-3392" name="IsNotSubsetOfHandlesNull" fullname="NUnit.Framework.Assertions.CollectionAssertTest.IsNotSubsetOfHandlesNull" methodname="IsNotSubsetOfHandlesNull" classname="NUnit.Framework.Assertions.CollectionAssertTest" runstate="Runnable" seed="227507310" result="Passed" start-time="2016-02-19 11:52:44Z" end-time="2016-02-19 11:52:44Z" duration="0.001685" asserts="1" />
            <test-case id="0-3393" name="IsOrdered" fullname="NUnit.Framework.Assertions.CollectionAssertTest.IsOrdered" methodname="IsOrdered" classname="NUnit.Framework.Assertions.CollectionAssertTest" runstate="Runnable" seed="1055496706" result="Passed" start-time="2016-02-19 11:52:44Z" end-time="2016-02-19 11:52:44Z" duration="0.003758" asserts="1" />
            <test-case id="0-3395" name="IsOrdered_Allows_adjacent_equal_values" fullname="NUnit.Framework.Assertions.CollectionAssertTest.IsOrdered_Allows_adjacent_equal_values" methodname="IsOrdered_Allows_adjacent_equal_values" classname="NUnit.Framework.Assertions.CollectionAssertTest" runstate="Runnable" seed="10884458" result="Passed" start-time="2016-02-19 11:52:44Z" end-time="2016-02-19 11:52:44Z" duration="0.000564" asserts="1" />
            <test-case id="0-3397" name="IsOrdered_ContainedTypesMustBeCompatible" fullname="NUnit.Framework.Assertions.CollectionAssertTest.IsOrdered_ContainedTypesMustBeCompatible" methodname="IsOrdered_ContainedTypesMustBeCompatible" classname="NUnit.Framework.Assertions.CollectionAssertTest" runstate="Runnable" seed="759437900" result="Passed" start-time="2016-02-19 11:52:44Z" end-time="2016-02-19 11:52:44Z" duration="0.018140" asserts="2" />
            <test-case id="0-3394" name="IsOrdered_Fails" fullname="NUnit.Framework.Assertions.CollectionAssertTest.IsOrdered_Fails" methodname="IsOrdered_Fails" classname="NUnit.Framework.Assertions.CollectionAssertTest" runstate="Runnable" seed="2062081234" result="Passed" start-time="2016-02-19 11:52:44Z" end-time="2016-02-19 11:52:44Z" duration="0.001479" asserts="3" />
            <test-case id="0-3399" name="IsOrdered_Handles_custom_comparison" fullname="NUnit.Framework.Assertions.CollectionAssertTest.IsOrdered_Handles_custom_comparison" methodname="IsOrdered_Handles_custom_comparison" classname="NUnit.Framework.Assertions.CollectionAssertTest" runstate="Runnable" seed="873299641" result="Passed" start-time="2016-02-19 11:52:44Z" end-time="2016-02-19 11:52:44Z" duration="0.000904" asserts="1" />
            <test-case id="0-3400" name="IsOrdered_Handles_custom_comparison2" fullname="NUnit.Framework.Assertions.CollectionAssertTest.IsOrdered_Handles_custom_comparison2" methodname="IsOrdered_Handles_custom_comparison2" classname="NUnit.Framework.Assertions.CollectionAssertTest" runstate="Runnable" seed="1543881556" result="Passed" start-time="2016-02-19 11:52:44Z" end-time="2016-02-19 11:52:44Z" duration="0.000669" asserts="1" />
            <test-case id="0-3396" name="IsOrdered_Handles_null" fullname="NUnit.Framework.Assertions.CollectionAssertTest.IsOrdered_Handles_null" methodname="IsOrdered_Handles_null" classname="NUnit.Framework.Assertions.CollectionAssertTest" runstate="Runnable" seed="1109178943" result="Passed" start-time="2016-02-19 11:52:44Z" end-time="2016-02-19 11:52:44Z" duration="0.001453" asserts="3" />
            <test-case id="0-3398" name="IsOrdered_TypesMustImplementIComparable" fullname="NUnit.Framework.Assertions.CollectionAssertTest.IsOrdered_TypesMustImplementIComparable" methodname="IsOrdered_TypesMustImplementIComparable" classname="NUnit.Framework.Assertions.CollectionAssertTest" runstate="Runnable" seed="207563297" result="Passed" start-time="2016-02-19 11:52:44Z" end-time="2016-02-19 11:52:44Z" duration="0.001026" asserts="2" />
            <test-case id="0-3387" name="IsSubsetOf" fullname="NUnit.Framework.Assertions.CollectionAssertTest.IsSubsetOf" methodname="IsSubsetOf" classname="NUnit.Framework.Assertions.CollectionAssertTest" runstate="Runnable" seed="712439808" result="Passed" start-time="2016-02-19 11:52:44Z" end-time="2016-02-19 11:52:44Z" duration="0.002446" asserts="2" />
            <test-case id="0-3388" name="IsSubsetOf_Fails" fullname="NUnit.Framework.Assertions.CollectionAssertTest.IsSubsetOf_Fails" methodname="IsSubsetOf_Fails" classname="NUnit.Framework.Assertions.CollectionAssertTest" runstate="Runnable" seed="1481109178" result="Passed" start-time="2016-02-19 11:52:44Z" end-time="2016-02-19 11:52:44Z" duration="0.001962" asserts="3" />
            <test-case id="0-3389" name="IsSubsetOfHandlesNull" fullname="NUnit.Framework.Assertions.CollectionAssertTest.IsSubsetOfHandlesNull" methodname="IsSubsetOfHandlesNull" classname="NUnit.Framework.Assertions.CollectionAssertTest" runstate="Runnable" seed="1744418651" result="Passed" start-time="2016-02-19 11:52:44Z" end-time="2016-02-19 11:52:44Z" duration="0.000787" asserts="2" />
            <test-case id="0-3350" name="ItemsNotNull" fullname="NUnit.Framework.Assertions.CollectionAssertTest.ItemsNotNull" methodname="ItemsNotNull" classname="NUnit.Framework.Assertions.CollectionAssertTest" runstate="Runnable" seed="1433887019" result="Passed" start-time="2016-02-19 11:52:44Z" end-time="2016-02-19 11:52:44Z" duration="0.003254" asserts="1" />
            <test-case id="0-3351" name="ItemsNotNullFailure" fullname="NUnit.Framework.Assertions.CollectionAssertTest.ItemsNotNullFailure" methodname="ItemsNotNullFailure" classname="NUnit.Framework.Assertions.CollectionAssertTest" runstate="Runnable" seed="1315021218" result="Passed" start-time="2016-02-19 11:52:44Z" end-time="2016-02-19 11:52:44Z" duration="0.001275" asserts="3" />
            <test-case id="0-3348" name="ItemsOfType" fullname="NUnit.Framework.Assertions.CollectionAssertTest.ItemsOfType" methodname="ItemsOfType" classname="NUnit.Framework.Assertions.CollectionAssertTest" runstate="Runnable" seed="1222333120" result="Passed" start-time="2016-02-19 11:52:44Z" end-time="2016-02-19 11:52:44Z" duration="0.003426" asserts="1" />
            <test-case id="0-3349" name="ItemsOfTypeFailure" fullname="NUnit.Framework.Assertions.CollectionAssertTest.ItemsOfTypeFailure" methodname="ItemsOfTypeFailure" classname="NUnit.Framework.Assertions.CollectionAssertTest" runstate="Runnable" seed="1629762442" result="Passed" start-time="2016-02-19 11:52:44Z" end-time="2016-02-19 11:52:44Z" duration="0.002215" asserts="3" />
            <test-case id="0-3373" name="NotEquivalent" fullname="NUnit.Framework.Assertions.CollectionAssertTest.NotEquivalent" methodname="NotEquivalent" classname="NUnit.Framework.Assertions.CollectionAssertTest" runstate="Runnable" seed="1086450496" result="Passed" start-time="2016-02-19 11:52:44Z" end-time="2016-02-19 11:52:44Z" duration="0.002076" asserts="1" />
            <test-case id="0-3374" name="NotEquivalent_Fails" fullname="NUnit.Framework.Assertions.CollectionAssertTest.NotEquivalent_Fails" methodname="NotEquivalent_Fails" classname="NUnit.Framework.Assertions.CollectionAssertTest" runstate="Runnable" seed="1161115875" result="Passed" start-time="2016-02-19 11:52:44Z" end-time="2016-02-19 11:52:44Z" duration="0.003135" asserts="3" />
            <test-case id="0-3375" name="NotEquivalentHandlesNull" fullname="NUnit.Framework.Assertions.CollectionAssertTest.NotEquivalentHandlesNull" methodname="NotEquivalentHandlesNull" classname="NUnit.Framework.Assertions.CollectionAssertTest" runstate="Runnable" seed="26482345" result="Passed" start-time="2016-02-19 11:52:44Z" end-time="2016-02-19 11:52:44Z" duration="0.001740" asserts="1" />
            <test-case id="0-3354" name="Unique_WithNull" fullname="NUnit.Framework.Assertions.CollectionAssertTest.Unique_WithNull" methodname="Unique_WithNull" classname="NUnit.Framework.Assertions.CollectionAssertTest" runstate="Runnable" seed="536850944" result="Passed" start-time="2016-02-19 11:52:44Z" end-time="2016-02-19 11:52:44Z" duration="0.003862" asserts="1" />
            <test-case id="0-3352" name="Unique_WithObjects" fullname="NUnit.Framework.Assertions.CollectionAssertTest.Unique_WithObjects" methodname="Unique_WithObjects" classname="NUnit.Framework.Assertions.CollectionAssertTest" runstate="Runnable" seed="1905100385" result="Passed" start-time="2016-02-19 11:52:44Z" end-time="2016-02-19 11:52:44Z" duration="0.000935" asserts="1" />
            <test-case id="0-3353" name="Unique_WithStrings" fullname="NUnit.Framework.Assertions.CollectionAssertTest.Unique_WithStrings" methodname="Unique_WithStrings" classname="NUnit.Framework.Assertions.CollectionAssertTest" runstate="Runnable" seed="143076864" result="Passed" start-time="2016-02-19 11:52:44Z" end-time="2016-02-19 11:52:44Z" duration="0.001581" asserts="1" />
            <test-case id="0-3355" name="UniqueFailure" fullname="NUnit.Framework.Assertions.CollectionAssertTest.UniqueFailure" methodname="UniqueFailure" classname="NUnit.Framework.Assertions.CollectionAssertTest" runstate="Runnable" seed="1419142481" result="Passed" start-time="2016-02-19 11:52:44Z" end-time="2016-02-19 11:52:44Z" duration="0.001923" asserts="3" />
            <test-case id="0-3356" name="UniqueFailure_WithTwoNulls" fullname="NUnit.Framework.Assertions.CollectionAssertTest.UniqueFailure_WithTwoNulls" methodname="UniqueFailure_WithTwoNulls" classname="NUnit.Framework.Assertions.CollectionAssertTest" runstate="Runnable" seed="404784068" result="Passed" start-time="2016-02-19 11:52:44Z" end-time="2016-02-19 11:52:44Z" duration="0.002471" asserts="2" />
          </test-suite>
          <test-suite type="TestFixture" id="0-3473" name="DirectoryAssertTests" fullname="NUnit.Framework.Assertions.DirectoryAssertTests" classname="NUnit.Framework.Assertions.DirectoryAssertTests" runstate="Runnable" testcasecount="20" result="Passed" start-time="2016-02-19 11:52:44Z" end-time="2016-02-19 11:52:44Z" duration="0.116735" total="20" passed="20" failed="0" inconclusive="0" skipped="0" asserts="45">
            <test-case id="0-3475" name="AreEqualFailsWithDirectoryInfos" fullname="NUnit.Framework.Assertions.DirectoryAssertTests.AreEqualFailsWithDirectoryInfos" methodname="AreEqualFailsWithDirectoryInfos" classname="NUnit.Framework.Assertions.DirectoryAssertTests" runstate="Runnable" seed="874352844" result="Passed" start-time="2016-02-19 11:52:44Z" end-time="2016-02-19 11:52:44Z" duration="0.015838" asserts="3" />
            <test-case id="0-3474" name="AreEqualPassesWithDirectoryInfos" fullname="NUnit.Framework.Assertions.DirectoryAssertTests.AreEqualPassesWithDirectoryInfos" methodname="AreEqualPassesWithDirectoryInfos" classname="NUnit.Framework.Assertions.DirectoryAssertTests" runstate="Runnable" seed="706523357" result="Passed" start-time="2016-02-19 11:52:44Z" end-time="2016-02-19 11:52:44Z" duration="0.004649" asserts="2" />
            <test-case id="0-3479" name="AreNotEqualFailsWithDirectoryInfos" fullname="NUnit.Framework.Assertions.DirectoryAssertTests.AreNotEqualFailsWithDirectoryInfos" methodname="AreNotEqualFailsWithDirectoryInfos" classname="NUnit.Framework.Assertions.DirectoryAssertTests" runstate="Runnable" seed="236260374" result="Passed" start-time="2016-02-19 11:52:44Z" end-time="2016-02-19 11:52:44Z" duration="0.004216" asserts="3" />
            <test-case id="0-3477" name="AreNotEqualPassesIfActualIsNull" fullname="NUnit.Framework.Assertions.DirectoryAssertTests.AreNotEqualPassesIfActualIsNull" methodname="AreNotEqualPassesIfActualIsNull" classname="NUnit.Framework.Assertions.DirectoryAssertTests" runstate="Runnable" seed="1835592959" result="Passed" start-time="2016-02-19 11:52:44Z" end-time="2016-02-19 11:52:44Z" duration="0.004333" asserts="1" />
            <test-case id="0-3476" name="AreNotEqualPassesIfExpectedIsNull" fullname="NUnit.Framework.Assertions.DirectoryAssertTests.AreNotEqualPassesIfExpectedIsNull" methodname="AreNotEqualPassesIfExpectedIsNull" classname="NUnit.Framework.Assertions.DirectoryAssertTests" runstate="Runnable" seed="915554544" result="Passed" start-time="2016-02-19 11:52:44Z" end-time="2016-02-19 11:52:44Z" duration="0.003191" asserts="1" />
            <test-case id="0-3478" name="AreNotEqualPassesWithDirectoryInfos" fullname="NUnit.Framework.Assertions.DirectoryAssertTests.AreNotEqualPassesWithDirectoryInfos" methodname="AreNotEqualPassesWithDirectoryInfos" classname="NUnit.Framework.Assertions.DirectoryAssertTests" runstate="Runnable" seed="762569552" result="Passed" start-time="2016-02-19 11:52:44Z" end-time="2016-02-19 11:52:44Z" duration="0.003985" asserts="1" />
            <test-case id="0-3487" name="DoesNotExistFailsWhenDirectoryInfoExists" fullname="NUnit.Framework.Assertions.DirectoryAssertTests.DoesNotExistFailsWhenDirectoryInfoExists" methodname="DoesNotExistFailsWhenDirectoryInfoExists" classname="NUnit.Framework.Assertions.DirectoryAssertTests" runstate="Runnable" seed="395630575" result="Passed" start-time="2016-02-19 11:52:44Z" end-time="2016-02-19 11:52:44Z" duration="0.003951" asserts="3" />
            <test-case id="0-3491" name="DoesNotExistFailsWhenDirectoryInfoIsNull" fullname="NUnit.Framework.Assertions.DirectoryAssertTests.DoesNotExistFailsWhenDirectoryInfoIsNull" methodname="DoesNotExistFailsWhenDirectoryInfoIsNull" classname="NUnit.Framework.Assertions.DirectoryAssertTests" runstate="Runnable" seed="1924626449" result="Passed" start-time="2016-02-19 11:52:44Z" end-time="2016-02-19 11:52:44Z" duration="0.011007" asserts="3" />
            <test-case id="0-3488" name="DoesNotExistFailsWhenStringExists" fullname="NUnit.Framework.Assertions.DirectoryAssertTests.DoesNotExistFailsWhenStringExists" methodname="DoesNotExistFailsWhenStringExists" classname="NUnit.Framework.Assertions.DirectoryAssertTests" runstate="Runnable" seed="1330520496" result="Passed" start-time="2016-02-19 11:52:44Z" end-time="2016-02-19 11:52:44Z" duration="0.005005" asserts="3" />
            <test-case id="0-3493" name="DoesNotExistFailsWhenStringIsEmpty" fullname="NUnit.Framework.Assertions.DirectoryAssertTests.DoesNotExistFailsWhenStringIsEmpty" methodname="DoesNotExistFailsWhenStringIsEmpty" classname="NUnit.Framework.Assertions.DirectoryAssertTests" runstate="Runnable" seed="788173962" result="Passed" start-time="2016-02-19 11:52:44Z" end-time="2016-02-19 11:52:44Z" duration="0.004051" asserts="3" />
            <test-case id="0-3492" name="DoesNotExistFailsWhenStringIsNull" fullname="NUnit.Framework.Assertions.DirectoryAssertTests.DoesNotExistFailsWhenStringIsNull" methodname="DoesNotExistFailsWhenStringIsNull" classname="NUnit.Framework.Assertions.DirectoryAssertTests" runstate="Runnable" seed="1718664" result="Passed" start-time="2016-02-19 11:52:44Z" end-time="2016-02-19 11:52:44Z" duration="0.005477" asserts="3" />
            <test-case id="0-3489" name="DoesNotExistPassesWhenDirectoryInfoDoesNotExist" fullname="NUnit.Framework.Assertions.DirectoryAssertTests.DoesNotExistPassesWhenDirectoryInfoDoesNotExist" methodname="DoesNotExistPassesWhenDirectoryInfoDoesNotExist" classname="NUnit.Framework.Assertions.DirectoryAssertTests" runstate="Runnable" seed="531202182" result="Passed" start-time="2016-02-19 11:52:44Z" end-time="2016-02-19 11:52:44Z" duration="0.004083" asserts="1" />
            <test-case id="0-3490" name="DoesNotExistPassesWhenStringDoesNotExist" fullname="NUnit.Framework.Assertions.DirectoryAssertTests.DoesNotExistPassesWhenStringDoesNotExist" methodname="DoesNotExistPassesWhenStringDoesNotExist" classname="NUnit.Framework.Assertions.DirectoryAssertTests" runstate="Runnable" seed="1293712716" result="Passed" start-time="2016-02-19 11:52:44Z" end-time="2016-02-19 11:52:44Z" duration="0.005438" asserts="1" />
            <test-case id="0-3482" name="ExistsFailsWhenDirectoryInfoDoesNotExist" fullname="NUnit.Framework.Assertions.DirectoryAssertTests.ExistsFailsWhenDirectoryInfoDoesNotExist" methodname="ExistsFailsWhenDirectoryInfoDoesNotExist" classname="NUnit.Framework.Assertions.DirectoryAssertTests" runstate="Runnable" seed="132104084" result="Passed" start-time="2016-02-19 11:52:44Z" end-time="2016-02-19 11:52:44Z" duration="0.005626" asserts="3" />
            <test-case id="0-3484" name="ExistsFailsWhenDirectoryInfoIsNull" fullname="NUnit.Framework.Assertions.DirectoryAssertTests.ExistsFailsWhenDirectoryInfoIsNull" methodname="ExistsFailsWhenDirectoryInfoIsNull" classname="NUnit.Framework.Assertions.DirectoryAssertTests" runstate="Runnable" seed="389293964" result="Passed" start-time="2016-02-19 11:52:44Z" end-time="2016-02-19 11:52:44Z" duration="0.003462" asserts="3" />
            <test-case id="0-3483" name="ExistsFailsWhenStringDoesNotExist" fullname="NUnit.Framework.Assertions.DirectoryAssertTests.ExistsFailsWhenStringDoesNotExist" methodname="ExistsFailsWhenStringDoesNotExist" classname="NUnit.Framework.Assertions.DirectoryAssertTests" runstate="Runnable" seed="11946774" result="Passed" start-time="2016-02-19 11:52:44Z" end-time="2016-02-19 11:52:44Z" duration="0.003273" asserts="3" />
            <test-case id="0-3486" name="ExistsFailsWhenStringIsEmpty" fullname="NUnit.Framework.Assertions.DirectoryAssertTests.ExistsFailsWhenStringIsEmpty" methodname="ExistsFailsWhenStringIsEmpty" classname="NUnit.Framework.Assertions.DirectoryAssertTests" runstate="Runnable" seed="1189085074" result="Passed" start-time="2016-02-19 11:52:44Z" end-time="2016-02-19 11:52:44Z" duration="0.003028" asserts="3" />
            <test-case id="0-3485" name="ExistsFailsWhenStringIsNull" fullname="NUnit.Framework.Assertions.DirectoryAssertTests.ExistsFailsWhenStringIsNull" methodname="ExistsFailsWhenStringIsNull" classname="NUnit.Framework.Assertions.DirectoryAssertTests" runstate="Runnable" seed="206652897" result="Passed" start-time="2016-02-19 11:52:44Z" end-time="2016-02-19 11:52:44Z" duration="0.004181" asserts="3" />
            <test-case id="0-3480" name="ExistsPassesWhenDirectoryInfoExists" fullname="NUnit.Framework.Assertions.DirectoryAssertTests.ExistsPassesWhenDirectoryInfoExists" methodname="ExistsPassesWhenDirectoryInfoExists" classname="NUnit.Framework.Assertions.DirectoryAssertTests" runstate="Runnable" seed="1906313591" result="Passed" start-time="2016-02-19 11:52:44Z" end-time="2016-02-19 11:52:44Z" duration="0.002668" asserts="1" />
            <test-case id="0-3481" name="ExistsPassesWhenStringExists" fullname="NUnit.Framework.Assertions.DirectoryAssertTests.ExistsPassesWhenStringExists" methodname="ExistsPassesWhenStringExists" classname="NUnit.Framework.Assertions.DirectoryAssertTests" runstate="Runnable" seed="27217975" result="Passed" start-time="2016-02-19 11:52:44Z" end-time="2016-02-19 11:52:44Z" duration="0.004405" asserts="1" />
          </test-suite>
          <test-suite type="TestFixture" id="0-3533" name="GreaterEqualFixture" fullname="NUnit.Framework.Assertions.GreaterEqualFixture" classname="NUnit.Framework.Assertions.GreaterEqualFixture" runstate="Runnable" testcasecount="11" result="Passed" start-time="2016-02-19 11:52:44Z" end-time="2016-02-19 11:52:44Z" duration="0.047375" total="11" passed="11" failed="0" inconclusive="0" skipped="0" asserts="65">
            <test-case id="0-3544" name="FailureMessage" fullname="NUnit.Framework.Assertions.GreaterEqualFixture.FailureMessage" methodname="FailureMessage" classname="NUnit.Framework.Assertions.GreaterEqualFixture" runstate="Runnable" seed="1184528011" result="Passed" start-time="2016-02-19 11:52:44Z" end-time="2016-02-19 11:52:44Z" duration="0.001535" asserts="3" />
            <test-case id="0-3539" name="GreaterOrEqual_Decimal" fullname="NUnit.Framework.Assertions.GreaterEqualFixture.GreaterOrEqual_Decimal" methodname="GreaterOrEqual_Decimal" classname="NUnit.Framework.Assertions.GreaterEqualFixture" runstate="Runnable" seed="29762837" result="Passed" start-time="2016-02-19 11:52:44Z" end-time="2016-02-19 11:52:44Z" duration="0.002643" asserts="2" />
            <test-case id="0-3538" name="GreaterOrEqual_Double" fullname="NUnit.Framework.Assertions.GreaterEqualFixture.GreaterOrEqual_Double" methodname="GreaterOrEqual_Double" classname="NUnit.Framework.Assertions.GreaterEqualFixture" runstate="Runnable" seed="505211630" result="Passed" start-time="2016-02-19 11:52:44Z" end-time="2016-02-19 11:52:44Z" duration="0.001862" asserts="2" />
            <test-case id="0-3540" name="GreaterOrEqual_Float" fullname="NUnit.Framework.Assertions.GreaterEqualFixture.GreaterOrEqual_Float" methodname="GreaterOrEqual_Float" classname="NUnit.Framework.Assertions.GreaterEqualFixture" runstate="Runnable" seed="923563874" result="Passed" start-time="2016-02-19 11:52:44Z" end-time="2016-02-19 11:52:44Z" duration="0.003580" asserts="2" />
            <test-case id="0-3534" name="GreaterOrEqual_Int32" fullname="NUnit.Framework.Assertions.GreaterEqualFixture.GreaterOrEqual_Int32" methodname="GreaterOrEqual_Int32" classname="NUnit.Framework.Assertions.GreaterEqualFixture" runstate="Runnable" seed="743833099" result="Passed" start-time="2016-02-19 11:52:44Z" end-time="2016-02-19 11:52:44Z" duration="0.000597" asserts="2" />
            <test-case id="0-3536" name="GreaterOrEqual_Long" fullname="NUnit.Framework.Assertions.GreaterEqualFixture.GreaterOrEqual_Long" methodname="GreaterOrEqual_Long" classname="NUnit.Framework.Assertions.GreaterEqualFixture" runstate="Runnable" seed="1607084518" result="Passed" start-time="2016-02-19 11:52:44Z" end-time="2016-02-19 11:52:44Z" duration="0.002420" asserts="2" />
            <test-case id="0-3535" name="GreaterOrEqual_UInt32" fullname="NUnit.Framework.Assertions.GreaterEqualFixture.GreaterOrEqual_UInt32" methodname="GreaterOrEqual_UInt32" classname="NUnit.Framework.Assertions.GreaterEqualFixture" runstate="Runnable" seed="2138488967" result="Passed" start-time="2016-02-19 11:52:44Z" end-time="2016-02-19 11:52:44Z" duration="0.002307" asserts="2" />
            <test-case id="0-3537" name="GreaterOrEqual_ULong" fullname="NUnit.Framework.Assertions.GreaterEqualFixture.GreaterOrEqual_ULong" methodname="GreaterOrEqual_ULong" classname="NUnit.Framework.Assertions.GreaterEqualFixture" runstate="Runnable" seed="1966331956" result="Passed" start-time="2016-02-19 11:52:44Z" end-time="2016-02-19 11:52:44Z" duration="0.016423" asserts="2" />
            <test-case id="0-3541" name="MixedTypes" fullname="NUnit.Framework.Assertions.GreaterEqualFixture.MixedTypes" methodname="MixedTypes" classname="NUnit.Framework.Assertions.GreaterEqualFixture" runstate="Runnable" seed="1580050301" result="Passed" start-time="2016-02-19 11:52:44Z" end-time="2016-02-19 11:52:44Z" duration="0.009788" asserts="42" />
            <test-case id="0-3543" name="NotGreaterEqualIComparable" fullname="NUnit.Framework.Assertions.GreaterEqualFixture.NotGreaterEqualIComparable" methodname="NotGreaterEqualIComparable" classname="NUnit.Framework.Assertions.GreaterEqualFixture" runstate="Runnable" seed="966268146" result="Passed" start-time="2016-02-19 11:52:44Z" end-time="2016-02-19 11:52:44Z" duration="0.001149" asserts="3" />
            <test-case id="0-3542" name="NotGreaterOrEqual" fullname="NUnit.Framework.Assertions.GreaterEqualFixture.NotGreaterOrEqual" methodname="NotGreaterOrEqual" classname="NUnit.Framework.Assertions.GreaterEqualFixture" runstate="Runnable" seed="1035644963" result="Passed" start-time="2016-02-19 11:52:44Z" end-time="2016-02-19 11:52:44Z" duration="0.001081" asserts="3" />
          </test-suite>
          <test-suite type="TestFixture" id="0-3431" name="EqualsFixture" fullname="NUnit.Framework.Assertions.EqualsFixture" classname="NUnit.Framework.Assertions.EqualsFixture" runstate="Runnable" testcasecount="41" result="Passed" start-time="2016-02-19 11:52:44Z" end-time="2016-02-19 11:52:44Z" duration="0.123576" total="41" passed="41" failed="0" inconclusive="0" skipped="0" asserts="116">
            <test-case id="0-3435" name="Bug524CharIntComparision" fullname="NUnit.Framework.Assertions.EqualsFixture.Bug524CharIntComparision" methodname="Bug524CharIntComparision" classname="NUnit.Framework.Assertions.EqualsFixture" runstate="Runnable" seed="1244546182" result="Passed" start-time="2016-02-19 11:52:44Z" end-time="2016-02-19 11:52:44Z" duration="0.000465" asserts="1" />
            <test-case id="0-3436" name="Bug524CharIntWithoutOverload" fullname="NUnit.Framework.Assertions.EqualsFixture.Bug524CharIntWithoutOverload" methodname="Bug524CharIntWithoutOverload" classname="NUnit.Framework.Assertions.EqualsFixture" runstate="Runnable" seed="970900502" result="Passed" start-time="2016-02-19 11:52:44Z" end-time="2016-02-19 11:52:44Z" duration="0.002588" asserts="1" />
            <test-case id="0-3434" name="Bug575936Int32Int64Comparison" fullname="NUnit.Framework.Assertions.EqualsFixture.Bug575936Int32Int64Comparison" methodname="Bug575936Int32Int64Comparison" classname="NUnit.Framework.Assertions.EqualsFixture" runstate="Runnable" seed="222940111" result="Passed" start-time="2016-02-19 11:52:44Z" end-time="2016-02-19 11:52:44Z" duration="0.002936" asserts="1" />
            <test-case id="0-3452" name="Byte" fullname="NUnit.Framework.Assertions.EqualsFixture.Byte" methodname="Byte" classname="NUnit.Framework.Assertions.EqualsFixture" runstate="Runnable" seed="1340502741" result="Passed" start-time="2016-02-19 11:52:44Z" end-time="2016-02-19 11:52:44Z" duration="0.000738" asserts="2" />
            <test-case id="0-3437" name="CharCharComparision" fullname="NUnit.Framework.Assertions.EqualsFixture.CharCharComparision" methodname="CharCharComparision" classname="NUnit.Framework.Assertions.EqualsFixture" runstate="Runnable" seed="1655025389" result="Passed" start-time="2016-02-19 11:52:44Z" end-time="2016-02-19 11:52:44Z" duration="0.002721" asserts="1" />
            <test-case id="0-3461" name="DateTimeEqual" fullname="NUnit.Framework.Assertions.EqualsFixture.DateTimeEqual" methodname="DateTimeEqual" classname="NUnit.Framework.Assertions.EqualsFixture" runstate="Runnable" seed="276704101" result="Passed" start-time="2016-02-19 11:52:44Z" end-time="2016-02-19 11:52:44Z" duration="0.000855" asserts="1" />
            <test-case id="0-3462" name="DateTimeNotEqual" fullname="NUnit.Framework.Assertions.EqualsFixture.DateTimeNotEqual" methodname="DateTimeNotEqual" classname="NUnit.Framework.Assertions.EqualsFixture" runstate="Runnable" seed="1776396817" result="Passed" start-time="2016-02-19 11:52:44Z" end-time="2016-02-19 11:52:44Z" duration="0.001626" asserts="3" />
            <test-case id="0-3457" name="Decimal" fullname="NUnit.Framework.Assertions.EqualsFixture.Decimal" methodname="Decimal" classname="NUnit.Framework.Assertions.EqualsFixture" runstate="Runnable" seed="1094235959" result="Passed" start-time="2016-02-19 11:52:44Z" end-time="2016-02-19 11:52:44Z" duration="0.002939" asserts="6" />
            <test-case id="0-3463" name="DirectoryInfoEqual" fullname="NUnit.Framework.Assertions.EqualsFixture.DirectoryInfoEqual" methodname="DirectoryInfoEqual" classname="NUnit.Framework.Assertions.EqualsFixture" runstate="Runnable" seed="74917607" result="Passed" start-time="2016-02-19 11:52:44Z" end-time="2016-02-19 11:52:44Z" duration="0.003428" asserts="1" />
            <test-case id="0-3464" name="DirectoryInfoNotEqual" fullname="NUnit.Framework.Assertions.EqualsFixture.DirectoryInfoNotEqual" methodname="DirectoryInfoNotEqual" classname="NUnit.Framework.Assertions.EqualsFixture" runstate="Runnable" seed="1696361076" result="Passed" start-time="2016-02-19 11:52:44Z" end-time="2016-02-19 11:52:44Z" duration="0.005933" asserts="3" />
            <test-case id="0-3465" name="DoubleNotEqualMessageDisplaysAllDigits" fullname="NUnit.Framework.Assertions.EqualsFixture.DoubleNotEqualMessageDisplaysAllDigits" methodname="DoubleNotEqualMessageDisplaysAllDigits" classname="NUnit.Framework.Assertions.EqualsFixture" runstate="Runnable" seed="663963526" result="Passed" start-time="2016-02-19 11:52:44Z" end-time="2016-02-19 11:52:44Z" duration="0.002191" asserts="2" />
            <test-case id="0-3469" name="DoubleNotEqualMessageDisplaysDefaultTolerance" fullname="NUnit.Framework.Assertions.EqualsFixture.DoubleNotEqualMessageDisplaysDefaultTolerance" methodname="DoubleNotEqualMessageDisplaysDefaultTolerance" classname="NUnit.Framework.Assertions.EqualsFixture" runstate="Runnable" seed="1696361934" result="Passed" start-time="2016-02-19 11:52:44Z" end-time="2016-02-19 11:52:44Z" duration="0.002243" asserts="2" />
            <test-case id="0-3467" name="DoubleNotEqualMessageDisplaysTolerance" fullname="NUnit.Framework.Assertions.EqualsFixture.DoubleNotEqualMessageDisplaysTolerance" methodname="DoubleNotEqualMessageDisplaysTolerance" classname="NUnit.Framework.Assertions.EqualsFixture" runstate="Runnable" seed="1139623766" result="Passed" start-time="2016-02-19 11:52:44Z" end-time="2016-02-19 11:52:44Z" duration="0.003469" asserts="2" />
            <test-case id="0-3470" name="DoubleNotEqualWithNanDoesNotDisplayDefaultTolerance" fullname="NUnit.Framework.Assertions.EqualsFixture.DoubleNotEqualWithNanDoesNotDisplayDefaultTolerance" methodname="DoubleNotEqualWithNanDoesNotDisplayDefaultTolerance" classname="NUnit.Framework.Assertions.EqualsFixture" runstate="Runnable" seed="993457797" result="Passed" start-time="2016-02-19 11:52:44Z" end-time="2016-02-19 11:52:44Z" duration="0.001098" asserts="2" />
            <test-case id="0-3459" name="EnumsEqual" fullname="NUnit.Framework.Assertions.EqualsFixture.EnumsEqual" methodname="EnumsEqual" classname="NUnit.Framework.Assertions.EqualsFixture" runstate="Runnable" seed="1155989962" result="Passed" start-time="2016-02-19 11:52:44Z" end-time="2016-02-19 11:52:44Z" duration="0.001602" asserts="1" />
            <test-case id="0-3460" name="EnumsNotEqual" fullname="NUnit.Framework.Assertions.EqualsFixture.EnumsNotEqual" methodname="EnumsNotEqual" classname="NUnit.Framework.Assertions.EqualsFixture" runstate="Runnable" seed="2079690732" result="Passed" start-time="2016-02-19 11:52:44Z" end-time="2016-02-19 11:52:44Z" duration="0.001219" asserts="3" />
            <test-case id="0-3432" name="Equals" fullname="NUnit.Framework.Assertions.EqualsFixture.Equals" methodname="Equals" classname="NUnit.Framework.Assertions.EqualsFixture" runstate="Runnable" seed="868984127" result="Passed" start-time="2016-02-19 11:52:44Z" end-time="2016-02-19 11:52:44Z" duration="0.000436" asserts="2" />
            <test-case id="0-3440" name="EqualsFail" fullname="NUnit.Framework.Assertions.EqualsFixture.EqualsFail" methodname="EqualsFail" classname="NUnit.Framework.Assertions.EqualsFixture" runstate="Runnable" seed="1398267525" result="Passed" start-time="2016-02-19 11:52:44Z" end-time="2016-02-19 11:52:44Z" duration="0.001284" asserts="3" />
            <test-case id="0-3441" name="EqualsNaNFails" fullname="NUnit.Framework.Assertions.EqualsFixture.EqualsNaNFails" methodname="EqualsNaNFails" classname="NUnit.Framework.Assertions.EqualsFixture" runstate="Runnable" seed="1769279537" result="Passed" start-time="2016-02-19 11:52:44Z" end-time="2016-02-19 11:52:44Z" duration="0.001486" asserts="3" />
            <test-case id="0-3433" name="EqualsNull" fullname="NUnit.Framework.Assertions.EqualsFixture.EqualsNull" methodname="EqualsNull" classname="NUnit.Framework.Assertions.EqualsFixture" runstate="Runnable" seed="851977694" result="Passed" start-time="2016-02-19 11:52:44Z" end-time="2016-02-19 11:52:44Z" duration="0.000241" asserts="1" />
            <test-case id="0-3458" name="EqualsSameTypes" fullname="NUnit.Framework.Assertions.EqualsFixture.EqualsSameTypes" methodname="EqualsSameTypes" classname="NUnit.Framework.Assertions.EqualsFixture" runstate="Runnable" seed="1453102623" result="Passed" start-time="2016-02-19 11:52:44Z" end-time="2016-02-19 11:52:44Z" duration="0.027841" asserts="37" />
            <test-case id="0-3449" name="EqualsThrowsException" fullname="NUnit.Framework.Assertions.EqualsFixture.EqualsThrowsException" methodname="EqualsThrowsException" classname="NUnit.Framework.Assertions.EqualsFixture" runstate="Runnable" seed="527294372" result="Passed" start-time="2016-02-19 11:52:44Z" end-time="2016-02-19 11:52:44Z" duration="0.001145" asserts="1" />
            <test-case id="0-3451" name="Float" fullname="NUnit.Framework.Assertions.EqualsFixture.Float" methodname="Float" classname="NUnit.Framework.Assertions.EqualsFixture" runstate="Runnable" seed="1386919727" result="Passed" start-time="2016-02-19 11:52:44Z" end-time="2016-02-19 11:52:44Z" duration="0.000679" asserts="2" />
            <test-case id="0-3466" name="FloatNotEqualMessageDisplaysAllDigits" fullname="NUnit.Framework.Assertions.EqualsFixture.FloatNotEqualMessageDisplaysAllDigits" methodname="FloatNotEqualMessageDisplaysAllDigits" classname="NUnit.Framework.Assertions.EqualsFixture" runstate="Runnable" seed="1877665871" result="Passed" start-time="2016-02-19 11:52:44Z" end-time="2016-02-19 11:52:44Z" duration="0.001635" asserts="2" />
            <test-case id="0-3468" name="FloatNotEqualMessageDisplaysTolerance" fullname="NUnit.Framework.Assertions.EqualsFixture.FloatNotEqualMessageDisplaysTolerance" methodname="FloatNotEqualMessageDisplaysTolerance" classname="NUnit.Framework.Assertions.EqualsFixture" runstate="Runnable" seed="1513703547" result="Passed" start-time="2016-02-19 11:52:44Z" end-time="2016-02-19 11:52:44Z" duration="0.000963" asserts="2" />
            <test-case id="0-3472" name="IEquatableSuccess_ConstraintSyntax" fullname="NUnit.Framework.Assertions.EqualsFixture.IEquatableSuccess_ConstraintSyntax" methodname="IEquatableSuccess_ConstraintSyntax" classname="NUnit.Framework.Assertions.EqualsFixture" runstate="Runnable" seed="1701192417" result="Passed" start-time="2016-02-19 11:52:44Z" end-time="2016-02-19 11:52:44Z" duration="0.001097" asserts="2" />
            <test-case id="0-3471" name="IEquatableSuccess_OldSyntax" fullname="NUnit.Framework.Assertions.EqualsFixture.IEquatableSuccess_OldSyntax" methodname="IEquatableSuccess_OldSyntax" classname="NUnit.Framework.Assertions.EqualsFixture" runstate="Runnable" seed="1894593039" result="Passed" start-time="2016-02-19 11:52:44Z" end-time="2016-02-19 11:52:44Z" duration="0.000626" asserts="2" />
            <test-case id="0-3455" name="Int" fullname="NUnit.Framework.Assertions.EqualsFixture.Int" methodname="Int" classname="NUnit.Framework.Assertions.EqualsFixture" runstate="Runnable" seed="753805187" result="Passed" start-time="2016-02-19 11:52:44Z" end-time="2016-02-19 11:52:44Z" duration="0.000714" asserts="2" />
            <test-case id="0-3439" name="IntegerEquals" fullname="NUnit.Framework.Assertions.EqualsFixture.IntegerEquals" methodname="IntegerEquals" classname="NUnit.Framework.Assertions.EqualsFixture" runstate="Runnable" seed="2028573528" result="Passed" start-time="2016-02-19 11:52:44Z" end-time="2016-02-19 11:52:44Z" duration="0.000364" asserts="1" />
            <test-case id="0-3438" name="IntegerLongComparison" fullname="NUnit.Framework.Assertions.EqualsFixture.IntegerLongComparison" methodname="IntegerLongComparison" classname="NUnit.Framework.Assertions.EqualsFixture" runstate="Runnable" seed="390251136" result="Passed" start-time="2016-02-19 11:52:44Z" end-time="2016-02-19 11:52:44Z" duration="0.000692" asserts="2" />
            <test-case id="0-3442" name="NanEqualsFails" fullname="NUnit.Framework.Assertions.EqualsFixture.NanEqualsFails" methodname="NanEqualsFails" classname="NUnit.Framework.Assertions.EqualsFixture" runstate="Runnable" seed="1000203770" result="Passed" start-time="2016-02-19 11:52:44Z" end-time="2016-02-19 11:52:44Z" duration="0.001359" asserts="3" />
            <test-case id="0-3443" name="NanEqualsNaNSucceeds" fullname="NUnit.Framework.Assertions.EqualsFixture.NanEqualsNaNSucceeds" methodname="NanEqualsNaNSucceeds" classname="NUnit.Framework.Assertions.EqualsFixture" runstate="Runnable" seed="502509684" result="Passed" start-time="2016-02-19 11:52:44Z" end-time="2016-02-19 11:52:44Z" duration="0.000216" asserts="1" />
            <test-case id="0-3444" name="NegInfinityEqualsInfinity" fullname="NUnit.Framework.Assertions.EqualsFixture.NegInfinityEqualsInfinity" methodname="NegInfinityEqualsInfinity" classname="NUnit.Framework.Assertions.EqualsFixture" runstate="Runnable" seed="886691758" result="Passed" start-time="2016-02-19 11:52:44Z" end-time="2016-02-19 11:52:44Z" duration="0.000207" asserts="1" />
            <test-case id="0-3445" name="PosInfinityEqualsInfinity" fullname="NUnit.Framework.Assertions.EqualsFixture.PosInfinityEqualsInfinity" methodname="PosInfinityEqualsInfinity" classname="NUnit.Framework.Assertions.EqualsFixture" runstate="Runnable" seed="565608862" result="Passed" start-time="2016-02-19 11:52:44Z" end-time="2016-02-19 11:52:44Z" duration="0.000218" asserts="1" />
            <test-case id="0-3446" name="PosInfinityNotEquals" fullname="NUnit.Framework.Assertions.EqualsFixture.PosInfinityNotEquals" methodname="PosInfinityNotEquals" classname="NUnit.Framework.Assertions.EqualsFixture" runstate="Runnable" seed="1889347300" result="Passed" start-time="2016-02-19 11:52:44Z" end-time="2016-02-19 11:52:44Z" duration="0.001340" asserts="3" />
            <test-case id="0-3447" name="PosInfinityNotEqualsNegInfinity" fullname="NUnit.Framework.Assertions.EqualsFixture.PosInfinityNotEqualsNegInfinity" methodname="PosInfinityNotEqualsNegInfinity" classname="NUnit.Framework.Assertions.EqualsFixture" runstate="Runnable" seed="464248604" result="Passed" start-time="2016-02-19 11:52:44Z" end-time="2016-02-19 11:52:44Z" duration="0.002166" asserts="3" />
            <test-case id="0-3450" name="ReferenceEqualsThrowsException" fullname="NUnit.Framework.Assertions.EqualsFixture.ReferenceEqualsThrowsException" methodname="ReferenceEqualsThrowsException" classname="NUnit.Framework.Assertions.EqualsFixture" runstate="Runnable" seed="2037205896" result="Passed" start-time="2016-02-19 11:52:44Z" end-time="2016-02-19 11:52:44Z" duration="0.000906" asserts="1" />
            <test-case id="0-3454" name="Short" fullname="NUnit.Framework.Assertions.EqualsFixture.Short" methodname="Short" classname="NUnit.Framework.Assertions.EqualsFixture" runstate="Runnable" seed="78809883" result="Passed" start-time="2016-02-19 11:52:44Z" end-time="2016-02-19 11:52:44Z" duration="0.000562" asserts="2" />
            <test-case id="0-3448" name="SinglePosInfinityNotEqualsNegInfinity" fullname="NUnit.Framework.Assertions.EqualsFixture.SinglePosInfinityNotEqualsNegInfinity" methodname="SinglePosInfinityNotEqualsNegInfinity" classname="NUnit.Framework.Assertions.EqualsFixture" runstate="Runnable" seed="1582179619" result="Passed" start-time="2016-02-19 11:52:44Z" end-time="2016-02-19 11:52:44Z" duration="0.001514" asserts="3" />
            <test-case id="0-3453" name="String" fullname="NUnit.Framework.Assertions.EqualsFixture.String" methodname="String" classname="NUnit.Framework.Assertions.EqualsFixture" runstate="Runnable" seed="586965763" result="Passed" start-time="2016-02-19 11:52:44Z" end-time="2016-02-19 11:52:44Z" duration="0.001019" asserts="2" />
            <test-case id="0-3456" name="UInt" fullname="NUnit.Framework.Assertions.EqualsFixture.UInt" methodname="UInt" classname="NUnit.Framework.Assertions.EqualsFixture" runstate="Runnable" seed="200569051" result="Passed" start-time="2016-02-19 11:52:44Z" end-time="2016-02-19 11:52:44Z" duration="0.000541" asserts="2" />
          </test-suite>
          <test-suite type="TestFixture" id="0-3545" name="GreaterFixture" fullname="NUnit.Framework.Assertions.GreaterFixture" classname="NUnit.Framework.Assertions.GreaterFixture" runstate="Runnable" testcasecount="6" result="Passed" start-time="2016-02-19 11:52:44Z" end-time="2016-02-19 11:52:44Z" duration="0.020123" total="6" passed="6" failed="0" inconclusive="0" skipped="0" asserts="61">
            <test-case id="0-3551" name="FailureMessage" fullname="NUnit.Framework.Assertions.GreaterFixture.FailureMessage" methodname="FailureMessage" classname="NUnit.Framework.Assertions.GreaterFixture" runstate="Runnable" seed="41211064" result="Passed" start-time="2016-02-19 11:52:44Z" end-time="2016-02-19 11:52:44Z" duration="0.001610" asserts="3" />
            <test-case id="0-3546" name="Greater" fullname="NUnit.Framework.Assertions.GreaterFixture.Greater" methodname="Greater" classname="NUnit.Framework.Assertions.GreaterFixture" runstate="Runnable" seed="52628956" result="Passed" start-time="2016-02-19 11:52:44Z" end-time="2016-02-19 11:52:44Z" duration="0.003498" asserts="7" />
            <test-case id="0-3547" name="MixedTypes" fullname="NUnit.Framework.Assertions.GreaterFixture.MixedTypes" methodname="MixedTypes" classname="NUnit.Framework.Assertions.GreaterFixture" runstate="Runnable" seed="2137951605" result="Passed" start-time="2016-02-19 11:52:44Z" end-time="2016-02-19 11:52:44Z" duration="0.007930" asserts="42" />
            <test-case id="0-3549" name="NotGreater" fullname="NUnit.Framework.Assertions.GreaterFixture.NotGreater" methodname="NotGreater" classname="NUnit.Framework.Assertions.GreaterFixture" runstate="Runnable" seed="857595605" result="Passed" start-time="2016-02-19 11:52:44Z" end-time="2016-02-19 11:52:44Z" duration="0.001389" asserts="3" />
            <test-case id="0-3550" name="NotGreaterIComparable" fullname="NUnit.Framework.Assertions.GreaterFixture.NotGreaterIComparable" methodname="NotGreaterIComparable" classname="NUnit.Framework.Assertions.GreaterFixture" runstate="Runnable" seed="539132854" result="Passed" start-time="2016-02-19 11:52:44Z" end-time="2016-02-19 11:52:44Z" duration="0.001491" asserts="3" />
            <test-case id="0-3548" name="NotGreaterWhenEqual" fullname="NUnit.Framework.Assertions.GreaterFixture.NotGreaterWhenEqual" methodname="NotGreaterWhenEqual" classname="NUnit.Framework.Assertions.GreaterFixture" runstate="Runnable" seed="826019669" result="Passed" start-time="2016-02-19 11:52:44Z" end-time="2016-02-19 11:52:44Z" duration="0.001031" asserts="3" />
          </test-suite>
          <test-suite type="TestFixture" id="0-3552" name="LessEqualFixture" fullname="NUnit.Framework.Assertions.LessEqualFixture" classname="NUnit.Framework.Assertions.LessEqualFixture" runstate="Runnable" testcasecount="5" result="Passed" start-time="2016-02-19 11:52:44Z" end-time="2016-02-19 11:52:44Z" duration="0.029417" total="5" passed="5" failed="0" inconclusive="0" skipped="0" asserts="93">
            <test-case id="0-3557" name="FailureMessage" fullname="NUnit.Framework.Assertions.LessEqualFixture.FailureMessage" methodname="FailureMessage" classname="NUnit.Framework.Assertions.LessEqualFixture" runstate="Runnable" seed="1598608167" result="Passed" start-time="2016-02-19 11:52:44Z" end-time="2016-02-19 11:52:44Z" duration="0.001887" asserts="3" />
            <test-case id="0-3553" name="LessOrEqual" fullname="NUnit.Framework.Assertions.LessEqualFixture.LessOrEqual" methodname="LessOrEqual" classname="NUnit.Framework.Assertions.LessEqualFixture" runstate="Runnable" seed="392959272" result="Passed" start-time="2016-02-19 11:52:44Z" end-time="2016-02-19 11:52:44Z" duration="0.013800" asserts="42" />
            <test-case id="0-3554" name="MixedTypes" fullname="NUnit.Framework.Assertions.LessEqualFixture.MixedTypes" methodname="MixedTypes" classname="NUnit.Framework.Assertions.LessEqualFixture" runstate="Runnable" seed="1257141435" result="Passed" start-time="2016-02-19 11:52:44Z" end-time="2016-02-19 11:52:44Z" duration="0.007908" asserts="42" />
            <test-case id="0-3556" name="NotLessEqualIComparable" fullname="NUnit.Framework.Assertions.LessEqualFixture.NotLessEqualIComparable" methodname="NotLessEqualIComparable" classname="NUnit.Framework.Assertions.LessEqualFixture" runstate="Runnable" seed="1797657830" result="Passed" start-time="2016-02-19 11:52:44Z" end-time="2016-02-19 11:52:44Z" duration="0.001312" asserts="3" />
            <test-case id="0-3555" name="NotLessOrEqual" fullname="NUnit.Framework.Assertions.LessEqualFixture.NotLessOrEqual" methodname="NotLessOrEqual" classname="NUnit.Framework.Assertions.LessEqualFixture" runstate="Runnable" seed="1926144480" result="Passed" start-time="2016-02-19 11:52:44Z" end-time="2016-02-19 11:52:44Z" duration="0.002163" asserts="3" />
          </test-suite>
          <test-suite type="TestFixture" id="0-3558" name="LessFixture" fullname="NUnit.Framework.Assertions.LessFixture" classname="NUnit.Framework.Assertions.LessFixture" runstate="Runnable" testcasecount="6" result="Passed" start-time="2016-02-19 11:52:44Z" end-time="2016-02-19 11:52:44Z" duration="0.021929" total="6" passed="6" failed="0" inconclusive="0" skipped="0" asserts="72">
            <test-case id="0-3564" name="FailureMessage" fullname="NUnit.Framework.Assertions.LessFixture.FailureMessage" methodname="FailureMessage" classname="NUnit.Framework.Assertions.LessFixture" runstate="Runnable" seed="866043962" result="Passed" start-time="2016-02-19 11:52:44Z" end-time="2016-02-19 11:52:44Z" duration="0.001338" asserts="3" />
            <test-case id="0-3559" name="Less" fullname="NUnit.Framework.Assertions.LessFixture.Less" methodname="Less" classname="NUnit.Framework.Assertions.LessFixture" runstate="Runnable" seed="1668268087" result="Passed" start-time="2016-02-19 11:52:44Z" end-time="2016-02-19 11:52:44Z" duration="0.007092" asserts="18" />
            <test-case id="0-3560" name="MixedTypes" fullname="NUnit.Framework.Assertions.LessFixture.MixedTypes" methodname="MixedTypes" classname="NUnit.Framework.Assertions.LessFixture" runstate="Runnable" seed="57507056" result="Passed" start-time="2016-02-19 11:52:44Z" end-time="2016-02-19 11:52:44Z" duration="0.008410" asserts="42" />
            <test-case id="0-3562" name="NotLess" fullname="NUnit.Framework.Assertions.LessFixture.NotLess" methodname="NotLess" classname="NUnit.Framework.Assertions.LessFixture" runstate="Runnable" seed="625815786" result="Passed" start-time="2016-02-19 11:52:44Z" end-time="2016-02-19 11:52:44Z" duration="0.000976" asserts="3" />
            <test-case id="0-3563" name="NotLessIComparable" fullname="NUnit.Framework.Assertions.LessFixture.NotLessIComparable" methodname="NotLessIComparable" classname="NUnit.Framework.Assertions.LessFixture" runstate="Runnable" seed="620610067" result="Passed" start-time="2016-02-19 11:52:44Z" end-time="2016-02-19 11:52:44Z" duration="0.001203" asserts="3" />
            <test-case id="0-3561" name="NotLessWhenEqual" fullname="NUnit.Framework.Assertions.LessFixture.NotLessWhenEqual" methodname="NotLessWhenEqual" classname="NUnit.Framework.Assertions.LessFixture" runstate="Runnable" seed="2118629517" result="Passed" start-time="2016-02-19 11:52:44Z" end-time="2016-02-19 11:52:44Z" duration="0.001056" asserts="3" />
          </test-suite>
          <test-suite type="TestFixture" id="0-3565" name="ListContentsTests" fullname="NUnit.Framework.Assertions.ListContentsTests" classname="NUnit.Framework.Assertions.ListContentsTests" runstate="Runnable" testcasecount="7" result="Passed" start-time="2016-02-19 11:52:44Z" end-time="2016-02-19 11:52:44Z" duration="0.007803" total="7" passed="7" failed="0" inconclusive="0" skipped="0" asserts="18">
            <test-case id="0-3567" name="ArrayFails" fullname="NUnit.Framework.Assertions.ListContentsTests.ArrayFails" methodname="ArrayFails" classname="NUnit.Framework.Assertions.ListContentsTests" runstate="Runnable" seed="2198443" result="Passed" start-time="2016-02-19 11:52:44Z" end-time="2016-02-19 11:52:44Z" duration="0.001752" asserts="3" />
            <test-case id="0-3571" name="ArrayListFails" fullname="NUnit.Framework.Assertions.ListContentsTests.ArrayListFails" methodname="ArrayListFails" classname="NUnit.Framework.Assertions.ListContentsTests" runstate="Runnable" seed="1579259449" result="Passed" start-time="2016-02-19 11:52:44Z" end-time="2016-02-19 11:52:44Z" duration="0.001156" asserts="3" />
            <test-case id="0-3570" name="ArrayListSucceeds" fullname="NUnit.Framework.Assertions.ListContentsTests.ArrayListSucceeds" methodname="ArrayListSucceeds" classname="NUnit.Framework.Assertions.ListContentsTests" runstate="Runnable" seed="334855667" result="Passed" start-time="2016-02-19 11:52:44Z" end-time="2016-02-19 11:52:44Z" duration="0.000610" asserts="3" />
            <test-case id="0-3566" name="ArraySucceeds" fullname="NUnit.Framework.Assertions.ListContentsTests.ArraySucceeds" methodname="ArraySucceeds" classname="NUnit.Framework.Assertions.ListContentsTests" runstate="Runnable" seed="301070570" result="Passed" start-time="2016-02-19 11:52:44Z" end-time="2016-02-19 11:52:44Z" duration="0.000606" asserts="3" />
            <test-case id="0-3572" name="DifferentTypesMayBeEqual" fullname="NUnit.Framework.Assertions.ListContentsTests.DifferentTypesMayBeEqual" methodname="DifferentTypesMayBeEqual" classname="NUnit.Framework.Assertions.ListContentsTests" runstate="Runnable" seed="1560037200" result="Passed" start-time="2016-02-19 11:52:44Z" end-time="2016-02-19 11:52:44Z" duration="0.000397" asserts="1" />
            <test-case id="0-3568" name="EmptyArrayFails" fullname="NUnit.Framework.Assertions.ListContentsTests.EmptyArrayFails" methodname="EmptyArrayFails" classname="NUnit.Framework.Assertions.ListContentsTests" runstate="Runnable" seed="18204825" result="Passed" start-time="2016-02-19 11:52:44Z" end-time="2016-02-19 11:52:44Z" duration="0.001174" asserts="3" />
            <test-case id="0-3569" name="NullArrayIsError" fullname="NUnit.Framework.Assertions.ListContentsTests.NullArrayIsError" methodname="NullArrayIsError" classname="NUnit.Framework.Assertions.ListContentsTests" runstate="Runnable" seed="426480034" result="Passed" start-time="2016-02-19 11:52:44Z" end-time="2016-02-19 11:52:44Z" duration="0.000785" asserts="2" />
          </test-suite>
          <test-suite type="TestFixture" id="0-3582" name="NotSameFixture" fullname="NUnit.Framework.Assertions.NotSameFixture" classname="NUnit.Framework.Assertions.NotSameFixture" runstate="Runnable" testcasecount="2" result="Passed" start-time="2016-02-19 11:52:44Z" end-time="2016-02-19 11:52:44Z" duration="0.003895" total="2" passed="2" failed="0" inconclusive="0" skipped="0" asserts="4">
            <test-case id="0-3583" name="NotSame" fullname="NUnit.Framework.Assertions.NotSameFixture.NotSame" methodname="NotSame" classname="NUnit.Framework.Assertions.NotSameFixture" runstate="Runnable" seed="450482737" result="Passed" start-time="2016-02-19 11:52:44Z" end-time="2016-02-19 11:52:44Z" duration="0.001165" asserts="1" />
            <test-case id="0-3584" name="NotSameFails" fullname="NUnit.Framework.Assertions.NotSameFixture.NotSameFails" methodname="NotSameFails" classname="NUnit.Framework.Assertions.NotSameFixture" runstate="Runnable" seed="633010090" result="Passed" start-time="2016-02-19 11:52:44Z" end-time="2016-02-19 11:52:44Z" duration="0.001013" asserts="3" />
          </test-suite>
          <test-suite type="TestFixture" id="0-3573" name="NotEqualFixture" fullname="NUnit.Framework.Assertions.NotEqualFixture" classname="NUnit.Framework.Assertions.NotEqualFixture" runstate="Runnable" testcasecount="8" result="Passed" start-time="2016-02-19 11:52:44Z" end-time="2016-02-19 11:52:44Z" duration="0.011516" total="8" passed="8" failed="0" inconclusive="0" skipped="0" asserts="34">
            <test-case id="0-3578" name="ArraysNotEqual" fullname="NUnit.Framework.Assertions.NotEqualFixture.ArraysNotEqual" methodname="ArraysNotEqual" classname="NUnit.Framework.Assertions.NotEqualFixture" runstate="Runnable" seed="2138378791" result="Passed" start-time="2016-02-19 11:52:44Z" end-time="2016-02-19 11:52:44Z" duration="0.000631" asserts="1" />
            <test-case id="0-3579" name="ArraysNotEqualFails" fullname="NUnit.Framework.Assertions.NotEqualFixture.ArraysNotEqualFails" methodname="ArraysNotEqualFails" classname="NUnit.Framework.Assertions.NotEqualFixture" runstate="Runnable" seed="1314660467" result="Passed" start-time="2016-02-19 11:52:44Z" end-time="2016-02-19 11:52:44Z" duration="0.002678" asserts="3" />
            <test-case id="0-3574" name="NotEqual" fullname="NUnit.Framework.Assertions.NotEqualFixture.NotEqual" methodname="NotEqual" classname="NUnit.Framework.Assertions.NotEqualFixture" runstate="Runnable" seed="490812762" result="Passed" start-time="2016-02-19 11:52:44Z" end-time="2016-02-19 11:52:44Z" duration="0.000306" asserts="1" />
            <test-case id="0-3575" name="NotEqualFails" fullname="NUnit.Framework.Assertions.NotEqualFixture.NotEqualFails" methodname="NotEqualFails" classname="NUnit.Framework.Assertions.NotEqualFixture" runstate="Runnable" seed="2040860251" result="Passed" start-time="2016-02-19 11:52:44Z" end-time="2016-02-19 11:52:44Z" duration="0.001170" asserts="3" />
            <test-case id="0-3581" name="NotEqualSameTypes" fullname="NUnit.Framework.Assertions.NotEqualFixture.NotEqualSameTypes" methodname="NotEqualSameTypes" classname="NUnit.Framework.Assertions.NotEqualFixture" runstate="Runnable" seed="1299810729" result="Passed" start-time="2016-02-19 11:52:44Z" end-time="2016-02-19 11:52:44Z" duration="0.002963" asserts="21" />
            <test-case id="0-3577" name="NullEqualsNull" fullname="NUnit.Framework.Assertions.NotEqualFixture.NullEqualsNull" methodname="NullEqualsNull" classname="NUnit.Framework.Assertions.NotEqualFixture" runstate="Runnable" seed="880633207" result="Passed" start-time="2016-02-19 11:52:44Z" end-time="2016-02-19 11:52:44Z" duration="0.001630" asserts="3" />
            <test-case id="0-3576" name="NullNotEqualToNonNull" fullname="NUnit.Framework.Assertions.NotEqualFixture.NullNotEqualToNonNull" methodname="NullNotEqualToNonNull" classname="NUnit.Framework.Assertions.NotEqualFixture" runstate="Runnable" seed="1517997941" result="Passed" start-time="2016-02-19 11:52:44Z" end-time="2016-02-19 11:52:44Z" duration="0.000317" asserts="1" />
            <test-case id="0-3580" name="UInt" fullname="NUnit.Framework.Assertions.NotEqualFixture.UInt" methodname="UInt" classname="NUnit.Framework.Assertions.NotEqualFixture" runstate="Runnable" seed="417579531" result="Passed" start-time="2016-02-19 11:52:44Z" end-time="2016-02-19 11:52:44Z" duration="0.000342" asserts="1" />
          </test-suite>
          <test-suite type="TestFixture" id="0-3595" name="SameFixture" fullname="NUnit.Framework.Assertions.SameFixture" classname="NUnit.Framework.Assertions.SameFixture" runstate="Runnable" testcasecount="3" result="Passed" start-time="2016-02-19 11:52:44Z" end-time="2016-02-19 11:52:44Z" duration="0.004666" total="3" passed="3" failed="0" inconclusive="0" skipped="0" asserts="7">
            <test-case id="0-3596" name="Same" fullname="NUnit.Framework.Assertions.SameFixture.Same" methodname="Same" classname="NUnit.Framework.Assertions.SameFixture" runstate="Runnable" seed="505367993" result="Passed" start-time="2016-02-19 11:52:44Z" end-time="2016-02-19 11:52:44Z" duration="0.000316" asserts="1" />
            <test-case id="0-3597" name="SameFails" fullname="NUnit.Framework.Assertions.SameFixture.SameFails" methodname="SameFails" classname="NUnit.Framework.Assertions.SameFixture" runstate="Runnable" seed="588866551" result="Passed" start-time="2016-02-19 11:52:44Z" end-time="2016-02-19 11:52:44Z" duration="0.002390" asserts="3" />
            <test-case id="0-3598" name="SameValueTypes" fullname="NUnit.Framework.Assertions.SameFixture.SameValueTypes" methodname="SameValueTypes" classname="NUnit.Framework.Assertions.SameFixture" runstate="Runnable" seed="1518475212" result="Passed" start-time="2016-02-19 11:52:44Z" end-time="2016-02-19 11:52:44Z" duration="0.001345" asserts="3" />
          </test-suite>
          <test-suite type="TestFixture" id="0-3599" name="StringAssertTests" fullname="NUnit.Framework.Assertions.StringAssertTests" classname="NUnit.Framework.Assertions.StringAssertTests" runstate="Runnable" testcasecount="17" result="Passed" start-time="2016-02-19 11:52:44Z" end-time="2016-02-19 11:52:44Z" duration="0.032630" total="17" passed="17" failed="0" inconclusive="0" skipped="0" asserts="34">
            <test-case id="0-3612" name="CaseInsensitiveCompare" fullname="NUnit.Framework.Assertions.StringAssertTests.CaseInsensitiveCompare" methodname="CaseInsensitiveCompare" classname="NUnit.Framework.Assertions.StringAssertTests" runstate="Runnable" seed="1412458106" result="Passed" start-time="2016-02-19 11:52:44Z" end-time="2016-02-19 11:52:44Z" duration="0.000493" asserts="1" />
            <test-case id="0-3613" name="CaseInsensitiveCompareFails" fullname="NUnit.Framework.Assertions.StringAssertTests.CaseInsensitiveCompareFails" methodname="CaseInsensitiveCompareFails" classname="NUnit.Framework.Assertions.StringAssertTests" runstate="Runnable" seed="1706293042" result="Passed" start-time="2016-02-19 11:52:44Z" end-time="2016-02-19 11:52:44Z" duration="0.001940" asserts="3" />
            <test-case id="0-3600" name="Contains" fullname="NUnit.Framework.Assertions.StringAssertTests.Contains" methodname="Contains" classname="NUnit.Framework.Assertions.StringAssertTests" runstate="Runnable" seed="1224929756" result="Passed" start-time="2016-02-19 11:52:44Z" end-time="2016-02-19 11:52:44Z" duration="0.000819" asserts="3" />
            <test-case id="0-3601" name="ContainsFails" fullname="NUnit.Framework.Assertions.StringAssertTests.ContainsFails" methodname="ContainsFails" classname="NUnit.Framework.Assertions.StringAssertTests" runstate="Runnable" seed="1711369606" result="Passed" start-time="2016-02-19 11:52:44Z" end-time="2016-02-19 11:52:44Z" duration="0.001440" asserts="3" />
            <test-case id="0-3616" name="DifferentEncodingsOfSameStringAreNotEqual" fullname="NUnit.Framework.Assertions.StringAssertTests.DifferentEncodingsOfSameStringAreNotEqual" methodname="DifferentEncodingsOfSameStringAreNotEqual" classname="NUnit.Framework.Assertions.StringAssertTests" runstate="Runnable" seed="1584952046" result="Passed" start-time="2016-02-19 11:52:44Z" end-time="2016-02-19 11:52:44Z" duration="0.000336" asserts="1" />
            <test-case id="0-3602" name="DoesNotContain" fullname="NUnit.Framework.Assertions.StringAssertTests.DoesNotContain" methodname="DoesNotContain" classname="NUnit.Framework.Assertions.StringAssertTests" runstate="Runnable" seed="927277160" result="Passed" start-time="2016-02-19 11:52:44Z" end-time="2016-02-19 11:52:44Z" duration="0.002049" asserts="1" />
            <test-case id="0-3603" name="DoesNotContainFails" fullname="NUnit.Framework.Assertions.StringAssertTests.DoesNotContainFails" methodname="DoesNotContainFails" classname="NUnit.Framework.Assertions.StringAssertTests" runstate="Runnable" seed="946762225" result="Passed" start-time="2016-02-19 11:52:44Z" end-time="2016-02-19 11:52:44Z" duration="0.001196" asserts="2" />
            <test-case id="0-3610" name="DoesNotEndWith" fullname="NUnit.Framework.Assertions.StringAssertTests.DoesNotEndWith" methodname="DoesNotEndWith" classname="NUnit.Framework.Assertions.StringAssertTests" runstate="Runnable" seed="1363255619" result="Passed" start-time="2016-02-19 11:52:44Z" end-time="2016-02-19 11:52:44Z" duration="0.001624" asserts="1" />
            <test-case id="0-3611" name="DoesNotEndWithFails" fullname="NUnit.Framework.Assertions.StringAssertTests.DoesNotEndWithFails" methodname="DoesNotEndWithFails" classname="NUnit.Framework.Assertions.StringAssertTests" runstate="Runnable" seed="1228468905" result="Passed" start-time="2016-02-19 11:52:44Z" end-time="2016-02-19 11:52:44Z" duration="0.001314" asserts="2" />
            <test-case id="0-3606" name="DoesNotStartWith" fullname="NUnit.Framework.Assertions.StringAssertTests.DoesNotStartWith" methodname="DoesNotStartWith" classname="NUnit.Framework.Assertions.StringAssertTests" runstate="Runnable" seed="212013243" result="Passed" start-time="2016-02-19 11:52:44Z" end-time="2016-02-19 11:52:44Z" duration="0.000652" asserts="1" />
            <test-case id="0-3607" name="DoesNotStartWithFails" fullname="NUnit.Framework.Assertions.StringAssertTests.DoesNotStartWithFails" methodname="DoesNotStartWithFails" classname="NUnit.Framework.Assertions.StringAssertTests" runstate="Runnable" seed="1003152015" result="Passed" start-time="2016-02-19 11:52:44Z" end-time="2016-02-19 11:52:44Z" duration="0.001277" asserts="2" />
            <test-case id="0-3608" name="EndsWith" fullname="NUnit.Framework.Assertions.StringAssertTests.EndsWith" methodname="EndsWith" classname="NUnit.Framework.Assertions.StringAssertTests" runstate="Runnable" seed="800824175" result="Passed" start-time="2016-02-19 11:52:44Z" end-time="2016-02-19 11:52:44Z" duration="0.000751" asserts="2" />
            <test-case id="0-3609" name="EndsWithFails" fullname="NUnit.Framework.Assertions.StringAssertTests.EndsWithFails" methodname="EndsWithFails" classname="NUnit.Framework.Assertions.StringAssertTests" runstate="Runnable" seed="1376730768" result="Passed" start-time="2016-02-19 11:52:44Z" end-time="2016-02-19 11:52:44Z" duration="0.001555" asserts="3" />
            <test-case id="0-3614" name="IsMatch" fullname="NUnit.Framework.Assertions.StringAssertTests.IsMatch" methodname="IsMatch" classname="NUnit.Framework.Assertions.StringAssertTests" runstate="Runnable" seed="664952769" result="Passed" start-time="2016-02-19 11:52:44Z" end-time="2016-02-19 11:52:44Z" duration="0.009035" asserts="1" />
            <test-case id="0-3615" name="IsMatchFails" fullname="NUnit.Framework.Assertions.StringAssertTests.IsMatchFails" methodname="IsMatchFails" classname="NUnit.Framework.Assertions.StringAssertTests" runstate="Runnable" seed="1361031620" result="Passed" start-time="2016-02-19 11:52:44Z" end-time="2016-02-19 11:52:44Z" duration="0.001608" asserts="3" />
            <test-case id="0-3604" name="StartsWith" fullname="NUnit.Framework.Assertions.StringAssertTests.StartsWith" methodname="StartsWith" classname="NUnit.Framework.Assertions.StringAssertTests" runstate="Runnable" seed="901688326" result="Passed" start-time="2016-02-19 11:52:44Z" end-time="2016-02-19 11:52:44Z" duration="0.000542" asserts="2" />
            <test-case id="0-3605" name="StartsWithFails" fullname="NUnit.Framework.Assertions.StringAssertTests.StartsWithFails" methodname="StartsWithFails" classname="NUnit.Framework.Assertions.StringAssertTests" runstate="Runnable" seed="537300870" result="Passed" start-time="2016-02-19 11:52:44Z" end-time="2016-02-19 11:52:44Z" duration="0.002410" asserts="3" />
          </test-suite>
          <test-suite type="TestFixture" id="0-3585" name="NullableTypesTests" fullname="NUnit.Framework.Assertions.NullableTypesTests" classname="NUnit.Framework.Assertions.NullableTypesTests" runstate="Runnable" testcasecount="9" result="Passed" start-time="2016-02-19 11:52:44Z" end-time="2016-02-19 11:52:44Z" duration="0.046462" total="9" passed="9" failed="0" inconclusive="0" skipped="0" asserts="83">
            <properties>
              <property name="Category" value="Generics" />
            </properties>
            <test-case id="0-3590" name="CanCompareNullableDecimals" fullname="NUnit.Framework.Assertions.NullableTypesTests.CanCompareNullableDecimals" methodname="CanCompareNullableDecimals" classname="NUnit.Framework.Assertions.NullableTypesTests" runstate="Runnable" seed="967675880" result="Passed" start-time="2016-02-19 11:52:44Z" end-time="2016-02-19 11:52:44Z" duration="0.008686" asserts="8" />
            <test-case id="0-3588" name="CanCompareNullableDoubles" fullname="NUnit.Framework.Assertions.NullableTypesTests.CanCompareNullableDoubles" methodname="CanCompareNullableDoubles" classname="NUnit.Framework.Assertions.NullableTypesTests" runstate="Runnable" seed="981253955" result="Passed" start-time="2016-02-19 11:52:44Z" end-time="2016-02-19 11:52:44Z" duration="0.005195" asserts="8" />
            <test-case id="0-3592" name="CanCompareNullableEnums" fullname="NUnit.Framework.Assertions.NullableTypesTests.CanCompareNullableEnums" methodname="CanCompareNullableEnums" classname="NUnit.Framework.Assertions.NullableTypesTests" runstate="Runnable" seed="2104125470" result="Passed" start-time="2016-02-19 11:52:44Z" end-time="2016-02-19 11:52:44Z" duration="0.001113" asserts="3" />
            <test-case id="0-3587" name="CanCompareNullableInts" fullname="NUnit.Framework.Assertions.NullableTypesTests.CanCompareNullableInts" methodname="CanCompareNullableInts" classname="NUnit.Framework.Assertions.NullableTypesTests" runstate="Runnable" seed="110738141" result="Passed" start-time="2016-02-19 11:52:44Z" end-time="2016-02-19 11:52:44Z" duration="0.005910" asserts="8" />
            <test-case id="0-3593" name="CanCompareNullableMixedNumerics" fullname="NUnit.Framework.Assertions.NullableTypesTests.CanCompareNullableMixedNumerics" methodname="CanCompareNullableMixedNumerics" classname="NUnit.Framework.Assertions.NullableTypesTests" runstate="Runnable" seed="735889398" result="Passed" start-time="2016-02-19 11:52:44Z" end-time="2016-02-19 11:52:44Z" duration="0.010950" asserts="42" />
            <test-case id="0-3594" name="CanCompareNullableStructs" fullname="NUnit.Framework.Assertions.NullableTypesTests.CanCompareNullableStructs" methodname="CanCompareNullableStructs" classname="NUnit.Framework.Assertions.NullableTypesTests" runstate="Runnable" seed="1667033788" result="Passed" start-time="2016-02-19 11:52:44Z" end-time="2016-02-19 11:52:44Z" duration="0.002318" asserts="4" />
            <test-case id="0-3591" name="CanCompareWithTolerance" fullname="NUnit.Framework.Assertions.NullableTypesTests.CanCompareWithTolerance" methodname="CanCompareWithTolerance" classname="NUnit.Framework.Assertions.NullableTypesTests" runstate="Runnable" seed="573945120" result="Passed" start-time="2016-02-19 11:52:44Z" end-time="2016-02-19 11:52:44Z" duration="0.004539" asserts="4" />
            <test-case id="0-3589" name="CanTestForNaN" fullname="NUnit.Framework.Assertions.NullableTypesTests.CanTestForNaN" methodname="CanTestForNaN" classname="NUnit.Framework.Assertions.NullableTypesTests" runstate="Runnable" seed="263451539" result="Passed" start-time="2016-02-19 11:52:44Z" end-time="2016-02-19 11:52:44Z" duration="0.003005" asserts="2" />
            <test-case id="0-3586" name="CanTestForNull" fullname="NUnit.Framework.Assertions.NullableTypesTests.CanTestForNull" methodname="CanTestForNull" classname="NUnit.Framework.Assertions.NullableTypesTests" runstate="Runnable" seed="376453272" result="Passed" start-time="2016-02-19 11:52:44Z" end-time="2016-02-19 11:52:44Z" duration="0.002417" asserts="4" />
          </test-suite>
          <test-suite type="TestFixture" id="0-3617" name="TypeAssertTests" fullname="NUnit.Framework.Assertions.TypeAssertTests" classname="NUnit.Framework.Assertions.TypeAssertTests" runstate="Runnable" testcasecount="10" result="Passed" start-time="2016-02-19 11:52:44Z" end-time="2016-02-19 11:52:44Z" duration="0.021987" total="10" passed="10" failed="0" inconclusive="0" skipped="0" asserts="28">
            <test-case id="0-3618" name="ExactType" fullname="NUnit.Framework.Assertions.TypeAssertTests.ExactType" methodname="ExactType" classname="NUnit.Framework.Assertions.TypeAssertTests" runstate="Runnable" seed="287740751" result="Passed" start-time="2016-02-19 11:52:44Z" end-time="2016-02-19 11:52:44Z" duration="0.000517" asserts="1" />
            <test-case id="0-3619" name="ExactTypeFails" fullname="NUnit.Framework.Assertions.TypeAssertTests.ExactTypeFails" methodname="ExactTypeFails" classname="NUnit.Framework.Assertions.TypeAssertTests" runstate="Runnable" seed="507894352" result="Passed" start-time="2016-02-19 11:52:44Z" end-time="2016-02-19 11:52:44Z" duration="0.001774" asserts="3" />
            <test-case id="0-3624" name="IsAssignableFrom" fullname="NUnit.Framework.Assertions.TypeAssertTests.IsAssignableFrom" methodname="IsAssignableFrom" classname="NUnit.Framework.Assertions.TypeAssertTests" runstate="Runnable" seed="1830067282" result="Passed" start-time="2016-02-19 11:52:44Z" end-time="2016-02-19 11:52:44Z" duration="0.001946" asserts="3" />
            <test-case id="0-3625" name="IsAssignableFromFails" fullname="NUnit.Framework.Assertions.TypeAssertTests.IsAssignableFromFails" methodname="IsAssignableFromFails" classname="NUnit.Framework.Assertions.TypeAssertTests" runstate="Runnable" seed="208171376" result="Passed" start-time="2016-02-19 11:52:44Z" end-time="2016-02-19 11:52:44Z" duration="0.001633" asserts="3" />
            <test-case id="0-3620" name="IsInstanceOf" fullname="NUnit.Framework.Assertions.TypeAssertTests.IsInstanceOf" methodname="IsInstanceOf" classname="NUnit.Framework.Assertions.TypeAssertTests" runstate="Runnable" seed="1325695415" result="Passed" start-time="2016-02-19 11:52:44Z" end-time="2016-02-19 11:52:44Z" duration="0.002594" asserts="3" />
            <test-case id="0-3621" name="IsInstanceOfFails" fullname="NUnit.Framework.Assertions.TypeAssertTests.IsInstanceOfFails" methodname="IsInstanceOfFails" classname="NUnit.Framework.Assertions.TypeAssertTests" runstate="Runnable" seed="102046567" result="Passed" start-time="2016-02-19 11:52:44Z" end-time="2016-02-19 11:52:44Z" duration="0.002016" asserts="3" />
            <test-case id="0-3626" name="IsNotAssignableFrom" fullname="NUnit.Framework.Assertions.TypeAssertTests.IsNotAssignableFrom" methodname="IsNotAssignableFrom" classname="NUnit.Framework.Assertions.TypeAssertTests" runstate="Runnable" seed="71468701" result="Passed" start-time="2016-02-19 11:52:44Z" end-time="2016-02-19 11:52:44Z" duration="0.002408" asserts="3" />
            <test-case id="0-3627" name="IsNotAssignableFromFails" fullname="NUnit.Framework.Assertions.TypeAssertTests.IsNotAssignableFromFails" methodname="IsNotAssignableFromFails" classname="NUnit.Framework.Assertions.TypeAssertTests" runstate="Runnable" seed="1179682001" result="Passed" start-time="2016-02-19 11:52:44Z" end-time="2016-02-19 11:52:44Z" duration="0.001592" asserts="3" />
            <test-case id="0-3622" name="IsNotInstanceOf" fullname="NUnit.Framework.Assertions.TypeAssertTests.IsNotInstanceOf" methodname="IsNotInstanceOf" classname="NUnit.Framework.Assertions.TypeAssertTests" runstate="Runnable" seed="1878081973" result="Passed" start-time="2016-02-19 11:52:44Z" end-time="2016-02-19 11:52:44Z" duration="0.002682" asserts="3" />
            <test-case id="0-3623" name="IsNotInstanceOfFails" fullname="NUnit.Framework.Assertions.TypeAssertTests.IsNotInstanceOfFails" methodname="IsNotInstanceOfFails" classname="NUnit.Framework.Assertions.TypeAssertTests" runstate="Runnable" seed="2049120067" result="Passed" start-time="2016-02-19 11:52:44Z" end-time="2016-02-19 11:52:44Z" duration="0.001286" asserts="3" />
          </test-suite>
          <test-suite type="TestFixture" id="0-3494" name="FileAssertTests" fullname="NUnit.Framework.Assertions.FileAssertTests" classname="NUnit.Framework.Assertions.FileAssertTests" runstate="Runnable" testcasecount="38" result="Passed" start-time="2016-02-19 11:52:44Z" end-time="2016-02-19 11:52:45Z" duration="0.515635" total="38" passed="38" failed="0" inconclusive="0" skipped="0" asserts="82">
            <test-case id="0-3504" name="AreEqualFailsWhenOneIsNull" fullname="NUnit.Framework.Assertions.FileAssertTests.AreEqualFailsWhenOneIsNull" methodname="AreEqualFailsWhenOneIsNull" classname="NUnit.Framework.Assertions.FileAssertTests" runstate="Runnable" seed="863525997" result="Passed" start-time="2016-02-19 11:52:44Z" end-time="2016-02-19 11:52:44Z" duration="0.010494" asserts="3" />
            <test-case id="0-3506" name="AreEqualFailsWithFileInfos" fullname="NUnit.Framework.Assertions.FileAssertTests.AreEqualFailsWithFileInfos" methodname="AreEqualFailsWithFileInfos" classname="NUnit.Framework.Assertions.FileAssertTests" runstate="Runnable" seed="1769872601" result="Passed" start-time="2016-02-19 11:52:44Z" end-time="2016-02-19 11:52:44Z" duration="0.028461" asserts="3" />
            <test-case id="0-3507" name="AreEqualFailsWithFiles" fullname="NUnit.Framework.Assertions.FileAssertTests.AreEqualFailsWithFiles" methodname="AreEqualFailsWithFiles" classname="NUnit.Framework.Assertions.FileAssertTests" runstate="Runnable" seed="80722572" result="Passed" start-time="2016-02-19 11:52:44Z" end-time="2016-02-19 11:52:44Z" duration="0.008281" asserts="3" />
            <test-case id="0-3505" name="AreEqualFailsWithStreams" fullname="NUnit.Framework.Assertions.FileAssertTests.AreEqualFailsWithStreams" methodname="AreEqualFailsWithStreams" classname="NUnit.Framework.Assertions.FileAssertTests" runstate="Runnable" seed="2064506409" result="Passed" start-time="2016-02-19 11:52:44Z" end-time="2016-02-19 11:52:44Z" duration="0.008849" asserts="3" />
            <test-case id="0-3508" name="AreEqualFailsWithTextFilesAfterReadingBothFiles" fullname="NUnit.Framework.Assertions.FileAssertTests.AreEqualFailsWithTextFilesAfterReadingBothFiles" methodname="AreEqualFailsWithTextFilesAfterReadingBothFiles" classname="NUnit.Framework.Assertions.FileAssertTests" runstate="Runnable" seed="1267721880" result="Passed" start-time="2016-02-19 11:52:44Z" end-time="2016-02-19 11:52:44Z" duration="0.066599" asserts="3" />
            <test-case id="0-3501" name="AreEqualPassesUsingSameFileTwice" fullname="NUnit.Framework.Assertions.FileAssertTests.AreEqualPassesUsingSameFileTwice" methodname="AreEqualPassesUsingSameFileTwice" classname="NUnit.Framework.Assertions.FileAssertTests" runstate="Runnable" seed="1963377034" result="Passed" start-time="2016-02-19 11:52:44Z" end-time="2016-02-19 11:52:44Z" duration="0.003067" asserts="1" />
            <test-case id="0-3495" name="AreEqualPassesWhenBothAreNull" fullname="NUnit.Framework.Assertions.FileAssertTests.AreEqualPassesWhenBothAreNull" methodname="AreEqualPassesWhenBothAreNull" classname="NUnit.Framework.Assertions.FileAssertTests" runstate="Runnable" seed="1206262139" result="Passed" start-time="2016-02-19 11:52:44Z" end-time="2016-02-19 11:52:44Z" duration="0.000367" asserts="1" />
            <test-case id="0-3497" name="AreEqualPassesWithEqualStreams" fullname="NUnit.Framework.Assertions.FileAssertTests.AreEqualPassesWithEqualStreams" methodname="AreEqualPassesWithEqualStreams" classname="NUnit.Framework.Assertions.FileAssertTests" runstate="Runnable" seed="378845947" result="Passed" start-time="2016-02-19 11:52:44Z" end-time="2016-02-19 11:52:44Z" duration="0.005026" asserts="1" />
            <test-case id="0-3502" name="AreEqualPassesWithFileInfos" fullname="NUnit.Framework.Assertions.FileAssertTests.AreEqualPassesWithFileInfos" methodname="AreEqualPassesWithFileInfos" classname="NUnit.Framework.Assertions.FileAssertTests" runstate="Runnable" seed="671774152" result="Passed" start-time="2016-02-19 11:52:44Z" end-time="2016-02-19 11:52:44Z" duration="0.004737" asserts="1" />
            <test-case id="0-3500" name="AreEqualPassesWithFiles" fullname="NUnit.Framework.Assertions.FileAssertTests.AreEqualPassesWithFiles" methodname="AreEqualPassesWithFiles" classname="NUnit.Framework.Assertions.FileAssertTests" runstate="Runnable" seed="975685378" result="Passed" start-time="2016-02-19 11:52:44Z" end-time="2016-02-19 11:52:44Z" duration="0.005809" asserts="1" />
            <test-case id="0-3496" name="AreEqualPassesWithSameStream" fullname="NUnit.Framework.Assertions.FileAssertTests.AreEqualPassesWithSameStream" methodname="AreEqualPassesWithSameStream" classname="NUnit.Framework.Assertions.FileAssertTests" runstate="Runnable" seed="516919894" result="Passed" start-time="2016-02-19 11:52:44Z" end-time="2016-02-19 11:52:44Z" duration="0.000535" asserts="1" />
            <test-case id="0-3503" name="AreEqualPassesWithTextFiles" fullname="NUnit.Framework.Assertions.FileAssertTests.AreEqualPassesWithTextFiles" methodname="AreEqualPassesWithTextFiles" classname="NUnit.Framework.Assertions.FileAssertTests" runstate="Runnable" seed="1526368476" result="Passed" start-time="2016-02-19 11:52:44Z" end-time="2016-02-19 11:52:44Z" duration="0.059103" asserts="1" />
            <test-case id="0-3514" name="AreNotEqualFailsWhenBothAreNull" fullname="NUnit.Framework.Assertions.FileAssertTests.AreNotEqualFailsWhenBothAreNull" methodname="AreNotEqualFailsWhenBothAreNull" classname="NUnit.Framework.Assertions.FileAssertTests" runstate="Runnable" seed="472122284" result="Passed" start-time="2016-02-19 11:52:44Z" end-time="2016-02-19 11:52:44Z" duration="0.001669" asserts="3" />
            <test-case id="0-3516" name="AreNotEqualFailsWithFileInfos" fullname="NUnit.Framework.Assertions.FileAssertTests.AreNotEqualFailsWithFileInfos" methodname="AreNotEqualFailsWithFileInfos" classname="NUnit.Framework.Assertions.FileAssertTests" runstate="Runnable" seed="1525423958" result="Passed" start-time="2016-02-19 11:52:44Z" end-time="2016-02-19 11:52:44Z" duration="0.006626" asserts="3" />
            <test-case id="0-3517" name="AreNotEqualFailsWithFiles" fullname="NUnit.Framework.Assertions.FileAssertTests.AreNotEqualFailsWithFiles" methodname="AreNotEqualFailsWithFiles" classname="NUnit.Framework.Assertions.FileAssertTests" runstate="Runnable" seed="832838405" result="Passed" start-time="2016-02-19 11:52:44Z" end-time="2016-02-19 11:52:44Z" duration="0.004906" asserts="3" />
            <test-case id="0-3515" name="AreNotEqualFailsWithStreams" fullname="NUnit.Framework.Assertions.FileAssertTests.AreNotEqualFailsWithStreams" methodname="AreNotEqualFailsWithStreams" classname="NUnit.Framework.Assertions.FileAssertTests" runstate="Runnable" seed="1709626568" result="Passed" start-time="2016-02-19 11:52:44Z" end-time="2016-02-19 11:52:44Z" duration="0.007116" asserts="3" />
            <test-case id="0-3513" name="AreNotEqualIteratesOverTheEntireFile" fullname="NUnit.Framework.Assertions.FileAssertTests.AreNotEqualIteratesOverTheEntireFile" methodname="AreNotEqualIteratesOverTheEntireFile" classname="NUnit.Framework.Assertions.FileAssertTests" runstate="Runnable" seed="1948429554" result="Passed" start-time="2016-02-19 11:52:44Z" end-time="2016-02-19 11:52:44Z" duration="0.073532" asserts="1" />
            <test-case id="0-3518" name="AreNotEqualIteratesOverTheEntireFileAndFails" fullname="NUnit.Framework.Assertions.FileAssertTests.AreNotEqualIteratesOverTheEntireFileAndFails" methodname="AreNotEqualIteratesOverTheEntireFileAndFails" classname="NUnit.Framework.Assertions.FileAssertTests" runstate="Runnable" seed="1024862633" result="Passed" start-time="2016-02-19 11:52:44Z" end-time="2016-02-19 11:52:44Z" duration="0.050616" asserts="3" />
            <test-case id="0-3509" name="AreNotEqualPassesIfOneIsNull" fullname="NUnit.Framework.Assertions.FileAssertTests.AreNotEqualPassesIfOneIsNull" methodname="AreNotEqualPassesIfOneIsNull" classname="NUnit.Framework.Assertions.FileAssertTests" runstate="Runnable" seed="714850721" result="Passed" start-time="2016-02-19 11:52:44Z" end-time="2016-02-19 11:52:44Z" duration="0.003636" asserts="1" />
            <test-case id="0-3512" name="AreNotEqualPassesWithFileInfos" fullname="NUnit.Framework.Assertions.FileAssertTests.AreNotEqualPassesWithFileInfos" methodname="AreNotEqualPassesWithFileInfos" classname="NUnit.Framework.Assertions.FileAssertTests" runstate="Runnable" seed="1138066963" result="Passed" start-time="2016-02-19 11:52:44Z" end-time="2016-02-19 11:52:44Z" duration="0.004107" asserts="1" />
            <test-case id="0-3511" name="AreNotEqualPassesWithFiles" fullname="NUnit.Framework.Assertions.FileAssertTests.AreNotEqualPassesWithFiles" methodname="AreNotEqualPassesWithFiles" classname="NUnit.Framework.Assertions.FileAssertTests" runstate="Runnable" seed="2137560793" result="Passed" start-time="2016-02-19 11:52:44Z" end-time="2016-02-19 11:52:44Z" duration="0.005418" asserts="1" />
            <test-case id="0-3510" name="AreNotEqualPassesWithStreams" fullname="NUnit.Framework.Assertions.FileAssertTests.AreNotEqualPassesWithStreams" methodname="AreNotEqualPassesWithStreams" classname="NUnit.Framework.Assertions.FileAssertTests" runstate="Runnable" seed="1765117757" result="Passed" start-time="2016-02-19 11:52:44Z" end-time="2016-02-19 11:52:44Z" duration="0.006435" asserts="1" />
            <test-case id="0-3526" name="DoesNotExistFailsWhenFileInfoExists" fullname="NUnit.Framework.Assertions.FileAssertTests.DoesNotExistFailsWhenFileInfoExists" methodname="DoesNotExistFailsWhenFileInfoExists" classname="NUnit.Framework.Assertions.FileAssertTests" runstate="Runnable" seed="2017827990" result="Passed" start-time="2016-02-19 11:52:44Z" end-time="2016-02-19 11:52:45Z" duration="0.029993" asserts="3" />
            <test-case id="0-3530" name="DoesNotExistFailsWhenFileInfoIsNull" fullname="NUnit.Framework.Assertions.FileAssertTests.DoesNotExistFailsWhenFileInfoIsNull" methodname="DoesNotExistFailsWhenFileInfoIsNull" classname="NUnit.Framework.Assertions.FileAssertTests" runstate="Runnable" seed="1658215686" result="Passed" start-time="2016-02-19 11:52:45Z" end-time="2016-02-19 11:52:45Z" duration="0.001436" asserts="3" />
            <test-case id="0-3527" name="DoesNotExistFailsWhenStringExists" fullname="NUnit.Framework.Assertions.FileAssertTests.DoesNotExistFailsWhenStringExists" methodname="DoesNotExistFailsWhenStringExists" classname="NUnit.Framework.Assertions.FileAssertTests" runstate="Runnable" seed="2057616462" result="Passed" start-time="2016-02-19 11:52:45Z" end-time="2016-02-19 11:52:45Z" duration="0.027694" asserts="3" />
            <test-case id="0-3532" name="DoesNotExistFailsWhenStringIsEmpty" fullname="NUnit.Framework.Assertions.FileAssertTests.DoesNotExistFailsWhenStringIsEmpty" methodname="DoesNotExistFailsWhenStringIsEmpty" classname="NUnit.Framework.Assertions.FileAssertTests" runstate="Runnable" seed="456161534" result="Passed" start-time="2016-02-19 11:52:45Z" end-time="2016-02-19 11:52:45Z" duration="0.000901" asserts="3" />
            <test-case id="0-3531" name="DoesNotExistFailsWhenStringIsNull" fullname="NUnit.Framework.Assertions.FileAssertTests.DoesNotExistFailsWhenStringIsNull" methodname="DoesNotExistFailsWhenStringIsNull" classname="NUnit.Framework.Assertions.FileAssertTests" runstate="Runnable" seed="1420343621" result="Passed" start-time="2016-02-19 11:52:45Z" end-time="2016-02-19 11:52:45Z" duration="0.000671" asserts="3" />
            <test-case id="0-3528" name="DoesNotExistPassesWhenFileInfoDoesNotExist" fullname="NUnit.Framework.Assertions.FileAssertTests.DoesNotExistPassesWhenFileInfoDoesNotExist" methodname="DoesNotExistPassesWhenFileInfoDoesNotExist" classname="NUnit.Framework.Assertions.FileAssertTests" runstate="Runnable" seed="651646291" result="Passed" start-time="2016-02-19 11:52:45Z" end-time="2016-02-19 11:52:45Z" duration="0.000452" asserts="1" />
            <test-case id="0-3529" name="DoesNotExistPassesWhenStringDoesNotExist" fullname="NUnit.Framework.Assertions.FileAssertTests.DoesNotExistPassesWhenStringDoesNotExist" methodname="DoesNotExistPassesWhenStringDoesNotExist" classname="NUnit.Framework.Assertions.FileAssertTests" runstate="Runnable" seed="125440190" result="Passed" start-time="2016-02-19 11:52:45Z" end-time="2016-02-19 11:52:45Z" duration="0.000358" asserts="1" />
            <test-case id="0-3521" name="ExistsFailsWhenFileInfoDoesNotExist" fullname="NUnit.Framework.Assertions.FileAssertTests.ExistsFailsWhenFileInfoDoesNotExist" methodname="ExistsFailsWhenFileInfoDoesNotExist" classname="NUnit.Framework.Assertions.FileAssertTests" runstate="Runnable" seed="1428097225" result="Passed" start-time="2016-02-19 11:52:45Z" end-time="2016-02-19 11:52:45Z" duration="0.001683" asserts="3" />
            <test-case id="0-3523" name="ExistsFailsWhenFileInfoIsNull" fullname="NUnit.Framework.Assertions.FileAssertTests.ExistsFailsWhenFileInfoIsNull" methodname="ExistsFailsWhenFileInfoIsNull" classname="NUnit.Framework.Assertions.FileAssertTests" runstate="Runnable" seed="1143421737" result="Passed" start-time="2016-02-19 11:52:45Z" end-time="2016-02-19 11:52:45Z" duration="0.001995" asserts="3" />
            <test-case id="0-3522" name="ExistsFailsWhenStringDoesNotExist" fullname="NUnit.Framework.Assertions.FileAssertTests.ExistsFailsWhenStringDoesNotExist" methodname="ExistsFailsWhenStringDoesNotExist" classname="NUnit.Framework.Assertions.FileAssertTests" runstate="Runnable" seed="1041387911" result="Passed" start-time="2016-02-19 11:52:45Z" end-time="2016-02-19 11:52:45Z" duration="0.001516" asserts="3" />
            <test-case id="0-3525" name="ExistsFailsWhenStringIsEmpty" fullname="NUnit.Framework.Assertions.FileAssertTests.ExistsFailsWhenStringIsEmpty" methodname="ExistsFailsWhenStringIsEmpty" classname="NUnit.Framework.Assertions.FileAssertTests" runstate="Runnable" seed="1960421519" result="Passed" start-time="2016-02-19 11:52:45Z" end-time="2016-02-19 11:52:45Z" duration="0.001140" asserts="3" />
            <test-case id="0-3524" name="ExistsFailsWhenStringIsNull" fullname="NUnit.Framework.Assertions.FileAssertTests.ExistsFailsWhenStringIsNull" methodname="ExistsFailsWhenStringIsNull" classname="NUnit.Framework.Assertions.FileAssertTests" runstate="Runnable" seed="847279700" result="Passed" start-time="2016-02-19 11:52:45Z" end-time="2016-02-19 11:52:45Z" duration="0.000968" asserts="3" />
            <test-case id="0-3519" name="ExistsPassesWhenFileInfoExists" fullname="NUnit.Framework.Assertions.FileAssertTests.ExistsPassesWhenFileInfoExists" methodname="ExistsPassesWhenFileInfoExists" classname="NUnit.Framework.Assertions.FileAssertTests" runstate="Runnable" seed="518454526" result="Passed" start-time="2016-02-19 11:52:45Z" end-time="2016-02-19 11:52:45Z" duration="0.025736" asserts="1" />
            <test-case id="0-3520" name="ExistsPassesWhenStringExists" fullname="NUnit.Framework.Assertions.FileAssertTests.ExistsPassesWhenStringExists" methodname="ExistsPassesWhenStringExists" classname="NUnit.Framework.Assertions.FileAssertTests" runstate="Runnable" seed="1466523903" result="Passed" start-time="2016-02-19 11:52:45Z" end-time="2016-02-19 11:52:45Z" duration="0.029210" asserts="1" />
            <test-case id="0-3498" name="NonReadableStreamGivesException" fullname="NUnit.Framework.Assertions.FileAssertTests.NonReadableStreamGivesException" methodname="NonReadableStreamGivesException" classname="NUnit.Framework.Assertions.FileAssertTests" runstate="Runnable" seed="62070619" result="Passed" start-time="2016-02-19 11:52:45Z" end-time="2016-02-19 11:52:45Z" duration="0.007417" asserts="3" />
            <test-case id="0-3499" name="NonSeekableStreamGivesException" fullname="NUnit.Framework.Assertions.FileAssertTests.NonSeekableStreamGivesException" methodname="NonSeekableStreamGivesException" classname="NUnit.Framework.Assertions.FileAssertTests" runstate="Runnable" seed="142134648" result="Passed" start-time="2016-02-19 11:52:45Z" end-time="2016-02-19 11:52:45Z" duration="0.004796" asserts="3" />
          </test-suite>
        </test-suite>
        <test-suite type="TestSuite" id="0-5009" name="Api" fullname="NUnit.Framework.Api" runstate="Runnable" testcasecount="42" result="Failed" site="Child" start-time="2016-02-19 11:52:43Z" end-time="2016-02-19 11:52:45Z" duration="1.670336" total="42" passed="35" failed="6" inconclusive="0" skipped="1" asserts="143">
          <failure>
            <message><![CDATA[One or more child tests had errors]]></message>
          </failure>
          <test-suite type="TestFixture" id="0-3628" name="FrameworkControllerTests" fullname="NUnit.Framework.Api.FrameworkControllerTests" classname="NUnit.Framework.Api.FrameworkControllerTests" runstate="Runnable" testcasecount="21" result="Passed" start-time="2016-02-19 11:52:43Z" end-time="2016-02-19 11:52:44Z" duration="0.694743" total="21" passed="21" failed="0" inconclusive="0" skipped="0" asserts="59">
            <test-case id="0-3629" name="ConstructController" fullname="NUnit.Framework.Api.FrameworkControllerTests.ConstructController" methodname="ConstructController" classname="NUnit.Framework.Api.FrameworkControllerTests" runstate="Runnable" seed="1156954605" result="Passed" start-time="2016-02-19 11:52:43Z" end-time="2016-02-19 11:52:43Z" duration="0.022837" asserts="4" />
            <test-case id="0-3638" name="CountTestsAction_AfterLoad_ReturnsCorrectCount" fullname="NUnit.Framework.Api.FrameworkControllerTests.CountTestsAction_AfterLoad_ReturnsCorrectCount" methodname="CountTestsAction_AfterLoad_ReturnsCorrectCount" classname="NUnit.Framework.Api.FrameworkControllerTests" runstate="Runnable" seed="1214709934" result="Passed" start-time="2016-02-19 11:52:43Z" end-time="2016-02-19 11:52:43Z" duration="0.015586" asserts="1" />
            <test-case id="0-3641" name="CountTestsAction_BadFile_ReturnsZero" fullname="NUnit.Framework.Api.FrameworkControllerTests.CountTestsAction_BadFile_ReturnsZero" methodname="CountTestsAction_BadFile_ReturnsZero" classname="NUnit.Framework.Api.FrameworkControllerTests" runstate="Runnable" seed="497268032" result="Passed" start-time="2016-02-19 11:52:43Z" end-time="2016-02-19 11:52:43Z" duration="0.002782" asserts="1" />
            <test-case id="0-3640" name="CountTestsAction_FileNotFound_ReturnsZero" fullname="NUnit.Framework.Api.FrameworkControllerTests.CountTestsAction_FileNotFound_ReturnsZero" methodname="CountTestsAction_FileNotFound_ReturnsZero" classname="NUnit.Framework.Api.FrameworkControllerTests" runstate="Runnable" seed="222242225" result="Passed" start-time="2016-02-19 11:52:43Z" end-time="2016-02-19 11:52:44Z" duration="0.035108" asserts="1" />
            <test-case id="0-3639" name="CountTestsAction_WithoutLoad_ThrowsInvalidOperation" fullname="NUnit.Framework.Api.FrameworkControllerTests.CountTestsAction_WithoutLoad_ThrowsInvalidOperation" methodname="CountTestsAction_WithoutLoad_ThrowsInvalidOperation" classname="NUnit.Framework.Api.FrameworkControllerTests" runstate="Runnable" seed="384057612" result="Passed" start-time="2016-02-19 11:52:44Z" end-time="2016-02-19 11:52:44Z" duration="0.001000" asserts="2" />
            <test-case id="0-3634" name="ExploreTestsAction_AfterLoad_ReturnsRunnableSuite" fullname="NUnit.Framework.Api.FrameworkControllerTests.ExploreTestsAction_AfterLoad_ReturnsRunnableSuite" methodname="ExploreTestsAction_AfterLoad_ReturnsRunnableSuite" classname="NUnit.Framework.Api.FrameworkControllerTests" runstate="Runnable" seed="525778328" result="Passed" start-time="2016-02-19 11:52:44Z" end-time="2016-02-19 11:52:44Z" duration="0.137442" asserts="7" />
            <test-case id="0-3637" name="ExploreTestsAction_BadFile_ReturnsNonRunnableSuite" fullname="NUnit.Framework.Api.FrameworkControllerTests.ExploreTestsAction_BadFile_ReturnsNonRunnableSuite" methodname="ExploreTestsAction_BadFile_ReturnsNonRunnableSuite" classname="NUnit.Framework.Api.FrameworkControllerTests" runstate="Runnable" seed="167355116" result="Passed" start-time="2016-02-19 11:52:44Z" end-time="2016-02-19 11:52:44Z" duration="0.008095" asserts="6" />
            <test-case id="0-3636" name="ExploreTestsAction_FileNotFound_ReturnsNonRunnableSuite" fullname="NUnit.Framework.Api.FrameworkControllerTests.ExploreTestsAction_FileNotFound_ReturnsNonRunnableSuite" methodname="ExploreTestsAction_FileNotFound_ReturnsNonRunnableSuite" classname="NUnit.Framework.Api.FrameworkControllerTests" runstate="Runnable" seed="2110654237" result="Passed" start-time="2016-02-19 11:52:44Z" end-time="2016-02-19 11:52:44Z" duration="0.004543" asserts="6" />
            <test-case id="0-3635" name="ExploreTestsAction_WithoutLoad_ThrowsInvalidOperationException" fullname="NUnit.Framework.Api.FrameworkControllerTests.ExploreTestsAction_WithoutLoad_ThrowsInvalidOperationException" methodname="ExploreTestsAction_WithoutLoad_ThrowsInvalidOperationException" classname="NUnit.Framework.Api.FrameworkControllerTests" runstate="Runnable" seed="491955925" result="Passed" start-time="2016-02-19 11:52:44Z" end-time="2016-02-19 11:52:44Z" duration="0.001165" asserts="2" />
            <test-case id="0-3631" name="LoadTestsAction_Assembly_ReturnsRunnableSuite" fullname="NUnit.Framework.Api.FrameworkControllerTests.LoadTestsAction_Assembly_ReturnsRunnableSuite" methodname="LoadTestsAction_Assembly_ReturnsRunnableSuite" classname="NUnit.Framework.Api.FrameworkControllerTests" runstate="Runnable" seed="1834740664" result="Passed" start-time="2016-02-19 11:52:44Z" end-time="2016-02-19 11:52:44Z" duration="0.021986" asserts="7" />
            <test-case id="0-3633" name="LoadTestsAction_BadFile_ReturnsNonRunnableSuite" fullname="NUnit.Framework.Api.FrameworkControllerTests.LoadTestsAction_BadFile_ReturnsNonRunnableSuite" methodname="LoadTestsAction_BadFile_ReturnsNonRunnableSuite" classname="NUnit.Framework.Api.FrameworkControllerTests" runstate="Runnable" seed="1345775123" result="Passed" start-time="2016-02-19 11:52:44Z" end-time="2016-02-19 11:52:44Z" duration="0.003548" asserts="5" />
            <test-case id="0-3632" name="LoadTestsAction_FileNotFound_ReturnsNonRunnableSuite" fullname="NUnit.Framework.Api.FrameworkControllerTests.LoadTestsAction_FileNotFound_ReturnsNonRunnableSuite" methodname="LoadTestsAction_FileNotFound_ReturnsNonRunnableSuite" classname="NUnit.Framework.Api.FrameworkControllerTests" runstate="Runnable" seed="39765540" result="Passed" start-time="2016-02-19 11:52:44Z" end-time="2016-02-19 11:52:44Z" duration="0.008162" asserts="6" />
            <test-case id="0-3630" name="LoadTestsAction_GoodFile_ReturnsRunnableSuite" fullname="NUnit.Framework.Api.FrameworkControllerTests.LoadTestsAction_GoodFile_ReturnsRunnableSuite" methodname="LoadTestsAction_GoodFile_ReturnsRunnableSuite" classname="NUnit.Framework.Api.FrameworkControllerTests" runstate="Runnable" seed="562157716" result="Passed" start-time="2016-02-19 11:52:44Z" end-time="2016-02-19 11:52:44Z" duration="0.043714" asserts="7" />
            <test-case id="0-3646" name="RunAsyncAction_AfterLoad_ReturnsRunnableSuite" fullname="NUnit.Framework.Api.FrameworkControllerTests.RunAsyncAction_AfterLoad_ReturnsRunnableSuite" methodname="RunAsyncAction_AfterLoad_ReturnsRunnableSuite" classname="NUnit.Framework.Api.FrameworkControllerTests" runstate="Runnable" seed="1066686212" result="Passed" start-time="2016-02-19 11:52:44Z" end-time="2016-02-19 11:52:44Z" duration="0.011909" asserts="0" />
            <test-case id="0-3649" name="RunAsyncAction_BadFile_ReturnsNonRunnableSuite" fullname="NUnit.Framework.Api.FrameworkControllerTests.RunAsyncAction_BadFile_ReturnsNonRunnableSuite" methodname="RunAsyncAction_BadFile_ReturnsNonRunnableSuite" classname="NUnit.Framework.Api.FrameworkControllerTests" runstate="Runnable" seed="1424069579" result="Passed" start-time="2016-02-19 11:52:44Z" end-time="2016-02-19 11:52:44Z" duration="0.003301" asserts="0" />
            <test-case id="0-3648" name="RunAsyncAction_FileNotFound_ReturnsNonRunnableSuite" fullname="NUnit.Framework.Api.FrameworkControllerTests.RunAsyncAction_FileNotFound_ReturnsNonRunnableSuite" methodname="RunAsyncAction_FileNotFound_ReturnsNonRunnableSuite" classname="NUnit.Framework.Api.FrameworkControllerTests" runstate="Runnable" seed="2046285486" result="Passed" start-time="2016-02-19 11:52:44Z" end-time="2016-02-19 11:52:44Z" duration="0.006146" asserts="0" />
            <test-case id="0-3647" name="RunAsyncAction_WithoutLoad_ReturnsError" fullname="NUnit.Framework.Api.FrameworkControllerTests.RunAsyncAction_WithoutLoad_ReturnsError" methodname="RunAsyncAction_WithoutLoad_ReturnsError" classname="NUnit.Framework.Api.FrameworkControllerTests" runstate="Runnable" seed="349911606" result="Passed" start-time="2016-02-19 11:52:44Z" end-time="2016-02-19 11:52:44Z" duration="0.001029" asserts="2" />
            <test-case id="0-3642" name="RunTestsAction_AfterLoad_ReturnsRunnableSuite" fullname="NUnit.Framework.Api.FrameworkControllerTests.RunTestsAction_AfterLoad_ReturnsRunnableSuite" methodname="RunTestsAction_AfterLoad_ReturnsRunnableSuite" classname="NUnit.Framework.Api.FrameworkControllerTests" runstate="Runnable" seed="2104237875" result="Passed" start-time="2016-02-19 11:52:44Z" end-time="2016-02-19 11:52:44Z" duration="0.307103" asserts="0" />
            <test-case id="0-3645" name="RunTestsAction_BadFile_ReturnsNonRunnableSuite" fullname="NUnit.Framework.Api.FrameworkControllerTests.RunTestsAction_BadFile_ReturnsNonRunnableSuite" methodname="RunTestsAction_BadFile_ReturnsNonRunnableSuite" classname="NUnit.Framework.Api.FrameworkControllerTests" runstate="Runnable" seed="23986613" result="Passed" start-time="2016-02-19 11:52:44Z" end-time="2016-02-19 11:52:44Z" duration="0.012731" asserts="0" />
            <test-case id="0-3644" name="RunTestsAction_FileNotFound_ReturnsNonRunnableSuite" fullname="NUnit.Framework.Api.FrameworkControllerTests.RunTestsAction_FileNotFound_ReturnsNonRunnableSuite" methodname="RunTestsAction_FileNotFound_ReturnsNonRunnableSuite" classname="NUnit.Framework.Api.FrameworkControllerTests" runstate="Runnable" seed="1699699353" result="Passed" start-time="2016-02-19 11:52:44Z" end-time="2016-02-19 11:52:44Z" duration="0.011119" asserts="0" />
            <test-case id="0-3643" name="RunTestsAction_WithoutLoad_ReturnsError" fullname="NUnit.Framework.Api.FrameworkControllerTests.RunTestsAction_WithoutLoad_ReturnsError" methodname="RunTestsAction_WithoutLoad_ReturnsError" classname="NUnit.Framework.Api.FrameworkControllerTests" runstate="Runnable" seed="1937730885" result="Passed" start-time="2016-02-19 11:52:44Z" end-time="2016-02-19 11:52:44Z" duration="0.001391" asserts="2" />
          </test-suite>
          <test-suite type="TestFixture" id="0-3650" name="TestAssemblyRunnerTests" fullname="NUnit.Framework.Api.TestAssemblyRunnerTests" classname="NUnit.Framework.Api.TestAssemblyRunnerTests" runstate="Runnable" testcasecount="21" result="Failed" site="Child" start-time="2016-02-19 11:52:43Z" end-time="2016-02-19 11:52:45Z" duration="1.668530" total="21" passed="14" failed="6" inconclusive="0" skipped="1" asserts="84">
            <failure>
              <message><![CDATA[One or more child tests had errors]]></message>
            </failure>
            <test-case id="0-3670" name="CancelRun_WhenNoTestIsRunning_Succeeds" fullname="NUnit.Framework.Api.TestAssemblyRunnerTests.CancelRun_WhenNoTestIsRunning_Succeeds" methodname="CancelRun_WhenNoTestIsRunning_Succeeds" classname="NUnit.Framework.Api.TestAssemblyRunnerTests" runstate="Runnable" seed="1530045247" result="Passed" start-time="2016-02-19 11:52:43Z" end-time="2016-02-19 11:52:43Z" duration="0.013282" asserts="0" />
            <test-case id="0-3671" name="CancelRun_WhenTestIsRunning_StopsTest" fullname="NUnit.Framework.Api.TestAssemblyRunnerTests.CancelRun_WhenTestIsRunning_StopsTest" methodname="CancelRun_WhenTestIsRunning_StopsTest" classname="NUnit.Framework.Api.TestAssemblyRunnerTests" runstate="Explicit" seed="384326468" result="Skipped" label="Explicit" start-time="2016-02-19 11:52:43Z" end-time="2016-02-19 11:52:43Z" duration="0.001332" asserts="0">
              <properties>
                <property name="_SKIPREASON" value="Intermittent failure" />
              </properties>
              <reason>
                <message><![CDATA[Intermittent failure]]></message>
              </reason>
            </test-case>
            <test-case id="0-3654" name="CountTestCases_AfterLoad_ReturnsCorrectCount" fullname="NUnit.Framework.Api.TestAssemblyRunnerTests.CountTestCases_AfterLoad_ReturnsCorrectCount" methodname="CountTestCases_AfterLoad_ReturnsCorrectCount" classname="NUnit.Framework.Api.TestAssemblyRunnerTests" runstate="Runnable" seed="669238326" result="Passed" start-time="2016-02-19 11:52:43Z" end-time="2016-02-19 11:52:43Z" duration="0.012064" asserts="1" />
            <test-case id="0-3657" name="CountTestCases_BadFile_ReturnsZero" fullname="NUnit.Framework.Api.TestAssemblyRunnerTests.CountTestCases_BadFile_ReturnsZero" methodname="CountTestCases_BadFile_ReturnsZero" classname="NUnit.Framework.Api.TestAssemblyRunnerTests" runstate="Runnable" seed="1705269281" result="Passed" start-time="2016-02-19 11:52:43Z" end-time="2016-02-19 11:52:43Z" duration="0.001082" asserts="1" />
            <test-case id="0-3656" name="CountTestCases_FileNotFound_ReturnsZero" fullname="NUnit.Framework.Api.TestAssemblyRunnerTests.CountTestCases_FileNotFound_ReturnsZero" methodname="CountTestCases_FileNotFound_ReturnsZero" classname="NUnit.Framework.Api.TestAssemblyRunnerTests" runstate="Runnable" seed="724396716" result="Passed" start-time="2016-02-19 11:52:43Z" end-time="2016-02-19 11:52:44Z" duration="0.033421" asserts="1" />
            <test-case id="0-3655" name="CountTestCases_WithoutLoad_ThrowsInvalidOperation" fullname="NUnit.Framework.Api.TestAssemblyRunnerTests.CountTestCases_WithoutLoad_ThrowsInvalidOperation" methodname="CountTestCases_WithoutLoad_ThrowsInvalidOperation" classname="NUnit.Framework.Api.TestAssemblyRunnerTests" runstate="Runnable" seed="855075708" result="Passed" start-time="2016-02-19 11:52:44Z" end-time="2016-02-19 11:52:44Z" duration="0.001310" asserts="2" />
            <test-case id="0-3653" name="Load_BadFile_ReturnsNonRunnableSuite" fullname="NUnit.Framework.Api.TestAssemblyRunnerTests.Load_BadFile_ReturnsNonRunnableSuite" methodname="Load_BadFile_ReturnsNonRunnableSuite" classname="NUnit.Framework.Api.TestAssemblyRunnerTests" runstate="Runnable" seed="1191881902" result="Failed" start-time="2016-02-19 11:52:44Z" end-time="2016-02-19 11:52:44Z" duration="0.039802" asserts="6">
              <failure>
                <message><![CDATA[  Expected: String starting with "Could not load" and containing "mock-nunit-assembly.pdb"
  But was:  "Não foi possível carregar arquivo ou assembly 'mock-nunit-assembly.pdb' ou uma de suas dependências. O sistema não pode encontrar o arquivo especificado."
]]></message>
                <stack-trace><![CDATA[em NUnit.Framework.Api.TestAssemblyRunnerTests.Load_BadFile_ReturnsNonRunnableSuite()
]]></stack-trace>
              </failure>
            </test-case>
            <test-case id="0-3652" name="Load_FileNotFound_ReturnsNonRunnableSuite" fullname="NUnit.Framework.Api.TestAssemblyRunnerTests.Load_FileNotFound_ReturnsNonRunnableSuite" methodname="Load_FileNotFound_ReturnsNonRunnableSuite" classname="NUnit.Framework.Api.TestAssemblyRunnerTests" runstate="Runnable" seed="1746912642" result="Failed" start-time="2016-02-19 11:52:44Z" end-time="2016-02-19 11:52:44Z" duration="0.003918" asserts="6">
              <failure>
                <message><![CDATA[  Expected: String starting with "Could not load" and containing "junk.dll"
  But was:  "Não foi possível carregar arquivo ou assembly 'junk.dll' ou uma de suas dependências. O sistema não pode encontrar o arquivo especificado."
]]></message>
                <stack-trace><![CDATA[em NUnit.Framework.Api.TestAssemblyRunnerTests.Load_FileNotFound_ReturnsNonRunnableSuite()
]]></stack-trace>
              </failure>
            </test-case>
            <test-case id="0-3651" name="Load_GoodFile_ReturnsRunnableSuite" fullname="NUnit.Framework.Api.TestAssemblyRunnerTests.Load_GoodFile_ReturnsRunnableSuite" methodname="Load_GoodFile_ReturnsRunnableSuite" classname="NUnit.Framework.Api.TestAssemblyRunnerTests" runstate="Runnable" seed="464723077" result="Passed" start-time="2016-02-19 11:52:44Z" end-time="2016-02-19 11:52:44Z" duration="0.011502" asserts="5" />
            <test-case id="0-3658" name="Run_AfterLoad_ReturnsRunnableSuite" fullname="NUnit.Framework.Api.TestAssemblyRunnerTests.Run_AfterLoad_ReturnsRunnableSuite" methodname="Run_AfterLoad_ReturnsRunnableSuite" classname="NUnit.Framework.Api.TestAssemblyRunnerTests" runstate="Runnable" seed="1063300639" result="Passed" start-time="2016-02-19 11:52:44Z" end-time="2016-02-19 11:52:44Z" duration="0.085855" asserts="9" />
            <test-case id="0-3659" name="Run_AfterLoad_SendsExpectedEvents" fullname="NUnit.Framework.Api.TestAssemblyRunnerTests.Run_AfterLoad_SendsExpectedEvents" methodname="Run_AfterLoad_SendsExpectedEvents" classname="NUnit.Framework.Api.TestAssemblyRunnerTests" runstate="Runnable" seed="162608348" result="Passed" start-time="2016-02-19 11:52:44Z" end-time="2016-02-19 11:52:44Z" duration="0.112749" asserts="6" />
            <test-case id="0-3662" name="Run_BadFile_ReturnsNonRunnableSuite" fullname="NUnit.Framework.Api.TestAssemblyRunnerTests.Run_BadFile_ReturnsNonRunnableSuite" methodname="Run_BadFile_ReturnsNonRunnableSuite" classname="NUnit.Framework.Api.TestAssemblyRunnerTests" runstate="Runnable" seed="360957767" result="Failed" start-time="2016-02-19 11:52:44Z" end-time="2016-02-19 11:52:44Z" duration="0.009630" asserts="6">
              <failure>
                <message><![CDATA[  Expected: String starting with "Could not load" and containing "mock-nunit-assembly.pdb"
  But was:  "Não foi possível carregar arquivo ou assembly 'mock-nunit-assembly.pdb' ou uma de suas dependências. O sistema não pode encontrar o arquivo especificado."
]]></message>
                <stack-trace><![CDATA[em NUnit.Framework.Api.TestAssemblyRunnerTests.Run_BadFile_ReturnsNonRunnableSuite()
]]></stack-trace>
              </failure>
            </test-case>
            <test-case id="0-3661" name="Run_FileNotFound_ReturnsNonRunnableSuite" fullname="NUnit.Framework.Api.TestAssemblyRunnerTests.Run_FileNotFound_ReturnsNonRunnableSuite" methodname="Run_FileNotFound_ReturnsNonRunnableSuite" classname="NUnit.Framework.Api.TestAssemblyRunnerTests" runstate="Runnable" seed="1772965665" result="Failed" start-time="2016-02-19 11:52:44Z" end-time="2016-02-19 11:52:44Z" duration="0.006787" asserts="6">
              <failure>
                <message><![CDATA[  Expected: String starting with "Could not load" and containing "junk.dll"
  But was:  "Não foi possível carregar arquivo ou assembly 'junk.dll' ou uma de suas dependências. O sistema não pode encontrar o arquivo especificado."
]]></message>
                <stack-trace><![CDATA[em NUnit.Framework.Api.TestAssemblyRunnerTests.Run_FileNotFound_ReturnsNonRunnableSuite()
]]></stack-trace>
              </failure>
            </test-case>
            <test-case id="0-3660" name="Run_WithoutLoad_ReturnsError" fullname="NUnit.Framework.Api.TestAssemblyRunnerTests.Run_WithoutLoad_ReturnsError" methodname="Run_WithoutLoad_ReturnsError" classname="NUnit.Framework.Api.TestAssemblyRunnerTests" runstate="Runnable" seed="1372938532" result="Passed" start-time="2016-02-19 11:52:44Z" end-time="2016-02-19 11:52:44Z" duration="0.001322" asserts="2" />
            <test-case id="0-3663" name="RunAsync_AfterLoad_ReturnsRunnableSuite" fullname="NUnit.Framework.Api.TestAssemblyRunnerTests.RunAsync_AfterLoad_ReturnsRunnableSuite" methodname="RunAsync_AfterLoad_ReturnsRunnableSuite" classname="NUnit.Framework.Api.TestAssemblyRunnerTests" runstate="Runnable" seed="441328498" result="Passed" start-time="2016-02-19 11:52:44Z" end-time="2016-02-19 11:52:44Z" duration="0.133415" asserts="10" />
            <test-case id="0-3664" name="RunAsync_AfterLoad_SendsExpectedEvents" fullname="NUnit.Framework.Api.TestAssemblyRunnerTests.RunAsync_AfterLoad_SendsExpectedEvents" methodname="RunAsync_AfterLoad_SendsExpectedEvents" classname="NUnit.Framework.Api.TestAssemblyRunnerTests" runstate="Runnable" seed="471552827" result="Passed" start-time="2016-02-19 11:52:44Z" end-time="2016-02-19 11:52:44Z" duration="0.104440" asserts="6" />
            <test-case id="0-3667" name="RunAsync_BadFile_ReturnsNonRunnableSuite" fullname="NUnit.Framework.Api.TestAssemblyRunnerTests.RunAsync_BadFile_ReturnsNonRunnableSuite" methodname="RunAsync_BadFile_ReturnsNonRunnableSuite" classname="NUnit.Framework.Api.TestAssemblyRunnerTests" runstate="Runnable" seed="848549993" result="Failed" start-time="2016-02-19 11:52:44Z" end-time="2016-02-19 11:52:44Z" duration="0.012845" asserts="7">
              <failure>
                <message><![CDATA[  Expected: String starting with "Could not load" and containing "mock-nunit-assembly.pdb"
  But was:  "Não foi possível carregar arquivo ou assembly 'mock-nunit-assembly.pdb' ou uma de suas dependências. O sistema não pode encontrar o arquivo especificado."
]]></message>
                <stack-trace><![CDATA[em NUnit.Framework.Api.TestAssemblyRunnerTests.RunAsync_BadFile_ReturnsNonRunnableSuite()
]]></stack-trace>
              </failure>
            </test-case>
            <test-case id="0-3666" name="RunAsync_FileNotFound_ReturnsNonRunnableSuite" fullname="NUnit.Framework.Api.TestAssemblyRunnerTests.RunAsync_FileNotFound_ReturnsNonRunnableSuite" methodname="RunAsync_FileNotFound_ReturnsNonRunnableSuite" classname="NUnit.Framework.Api.TestAssemblyRunnerTests" runstate="Runnable" seed="2125329580" result="Failed" start-time="2016-02-19 11:52:44Z" end-time="2016-02-19 11:52:44Z" duration="0.013187" asserts="7">
              <failure>
                <message><![CDATA[  Expected: String starting with "Could not load" and containing "junk.dll"
  But was:  "Não foi possível carregar arquivo ou assembly 'junk.dll' ou uma de suas dependências. O sistema não pode encontrar o arquivo especificado."
]]></message>
                <stack-trace><![CDATA[em NUnit.Framework.Api.TestAssemblyRunnerTests.RunAsync_FileNotFound_ReturnsNonRunnableSuite()
]]></stack-trace>
              </failure>
            </test-case>
            <test-case id="0-3665" name="RunAsync_WithoutLoad_ReturnsError" fullname="NUnit.Framework.Api.TestAssemblyRunnerTests.RunAsync_WithoutLoad_ReturnsError" methodname="RunAsync_WithoutLoad_ReturnsError" classname="NUnit.Framework.Api.TestAssemblyRunnerTests" runstate="Runnable" seed="95486287" result="Passed" start-time="2016-02-19 11:52:44Z" end-time="2016-02-19 11:52:44Z" duration="0.002954" asserts="2" />
            <test-case id="0-3668" name="StopRun_WhenNoTestIsRunning_Succeeds" fullname="NUnit.Framework.Api.TestAssemblyRunnerTests.StopRun_WhenNoTestIsRunning_Succeeds" methodname="StopRun_WhenNoTestIsRunning_Succeeds" classname="NUnit.Framework.Api.TestAssemblyRunnerTests" runstate="Runnable" seed="1558952863" result="Passed" start-time="2016-02-19 11:52:44Z" end-time="2016-02-19 11:52:44Z" duration="0.000439" asserts="0" />
            <test-case id="0-3669" name="StopRun_WhenTestIsRunning_StopsTest" fullname="NUnit.Framework.Api.TestAssemblyRunnerTests.StopRun_WhenTestIsRunning_StopsTest" methodname="StopRun_WhenTestIsRunning_StopsTest" classname="NUnit.Framework.Api.TestAssemblyRunnerTests" runstate="Runnable" seed="1445235004" result="Passed" start-time="2016-02-19 11:52:44Z" end-time="2016-02-19 11:52:45Z" duration="1.000190" asserts="1" />
          </test-suite>
        </test-suite>
        <test-suite type="TestSuite" id="0-5010" name="Internal" fullname="NUnit.Framework.Internal" runstate="Runnable" testcasecount="875" result="Passed" start-time="2016-02-19 11:52:43Z" end-time="2016-02-19 11:52:46Z" duration="2.881732" total="875" passed="870" failed="0" inconclusive="5" skipped="0" asserts="2980">
          <test-suite type="TestFixture" id="0-3748" name="AsyncSetupTeardownTests" fullname="NUnit.Framework.Internal.AsyncSetupTeardownTests" classname="NUnit.Framework.Internal.AsyncSetupTeardownTests" runstate="Runnable" testcasecount="5" result="Passed" start-time="2016-02-19 11:52:45Z" end-time="2016-02-19 11:52:45Z" duration="0.046392" total="5" passed="5" failed="0" inconclusive="0" skipped="0" asserts="6">
            <test-case id="0-3750" name="FailingSetupShouldLetExceptionBubbleUpUnwrapped" fullname="NUnit.Framework.Internal.AsyncSetupTeardownTests.FailingSetupShouldLetExceptionBubbleUpUnwrapped" methodname="FailingSetupShouldLetExceptionBubbleUpUnwrapped" classname="NUnit.Framework.Internal.AsyncSetupTeardownTests" runstate="Runnable" seed="1659908169" result="Passed" start-time="2016-02-19 11:52:45Z" end-time="2016-02-19 11:52:45Z" duration="0.013527" asserts="1" />
            <test-case id="0-3751" name="FailingTeardownShouldRecordFailureInTestContext" fullname="NUnit.Framework.Internal.AsyncSetupTeardownTests.FailingTeardownShouldRecordFailureInTestContext" methodname="FailingTeardownShouldRecordFailureInTestContext" classname="NUnit.Framework.Internal.AsyncSetupTeardownTests" runstate="Runnable" seed="1953339815" result="Passed" start-time="2016-02-19 11:52:45Z" end-time="2016-02-19 11:52:45Z" duration="0.017412" asserts="1" />
            <test-case id="0-3749" name="SuccessfulSetup" fullname="NUnit.Framework.Internal.AsyncSetupTeardownTests.SuccessfulSetup" methodname="SuccessfulSetup" classname="NUnit.Framework.Internal.AsyncSetupTeardownTests" runstate="Runnable" seed="1076870157" result="Passed" start-time="2016-02-19 11:52:45Z" end-time="2016-02-19 11:52:45Z" duration="0.005178" asserts="1" />
            <test-case id="0-3752" name="SuccessfulThenFailingSetupShouldLetExceptionBubbleUpUnwrapped" fullname="NUnit.Framework.Internal.AsyncSetupTeardownTests.SuccessfulThenFailingSetupShouldLetExceptionBubbleUpUnwrapped" methodname="SuccessfulThenFailingSetupShouldLetExceptionBubbleUpUnwrapped" classname="NUnit.Framework.Internal.AsyncSetupTeardownTests" runstate="Runnable" seed="1253096174" result="Passed" start-time="2016-02-19 11:52:45Z" end-time="2016-02-19 11:52:45Z" duration="0.007540" asserts="2" />
            <test-case id="0-3753" name="SuccessfulThenFailingTeardownShouldRecordFailureInTestContext" fullname="NUnit.Framework.Internal.AsyncSetupTeardownTests.SuccessfulThenFailingTeardownShouldRecordFailureInTestContext" methodname="SuccessfulThenFailingTeardownShouldRecordFailureInTestContext" classname="NUnit.Framework.Internal.AsyncSetupTeardownTests" runstate="Runnable" seed="1378408253" result="Passed" start-time="2016-02-19 11:52:45Z" end-time="2016-02-19 11:52:45Z" duration="0.001596" asserts="1" />
          </test-suite>
          <test-suite type="TestFixture" id="0-3782" name="CallContextTests" fullname="NUnit.Framework.Internal.CallContextTests" classname="NUnit.Framework.Internal.CallContextTests" runstate="Runnable" testcasecount="7" result="Passed" start-time="2016-02-19 11:52:45Z" end-time="2016-02-19 11:52:45Z" duration="0.005371" total="7" passed="7" failed="0" inconclusive="0" skipped="0" asserts="0">
            <test-case id="0-3785" name="GenericPrincipalTest" fullname="NUnit.Framework.Internal.CallContextTests.GenericPrincipalTest" methodname="GenericPrincipalTest" classname="NUnit.Framework.Internal.CallContextTests" runstate="Runnable" seed="1613565986" result="Passed" start-time="2016-02-19 11:52:45Z" end-time="2016-02-19 11:52:45Z" duration="0.000309" asserts="0" />
            <test-case id="0-3783" name="ILogicalThreadAffinativeTest" fullname="NUnit.Framework.Internal.CallContextTests.ILogicalThreadAffinativeTest" methodname="ILogicalThreadAffinativeTest" classname="NUnit.Framework.Internal.CallContextTests" runstate="Runnable" seed="63169940" result="Passed" start-time="2016-02-19 11:52:45Z" end-time="2016-02-19 11:52:45Z" duration="0.000196" asserts="0" />
            <test-case id="0-3784" name="ILogicalThreadAffinativeTestConsole" fullname="NUnit.Framework.Internal.CallContextTests.ILogicalThreadAffinativeTestConsole" methodname="ILogicalThreadAffinativeTestConsole" classname="NUnit.Framework.Internal.CallContextTests" runstate="Runnable" seed="917451877" result="Passed" start-time="2016-02-19 11:52:45Z" end-time="2016-02-19 11:52:45Z" duration="0.001075" asserts="0" />
            <test-case id="0-3787" name="SetCustomPrincipalOnThread" fullname="NUnit.Framework.Internal.CallContextTests.SetCustomPrincipalOnThread" methodname="SetCustomPrincipalOnThread" classname="NUnit.Framework.Internal.CallContextTests" runstate="Runnable" seed="441970917" result="Passed" start-time="2016-02-19 11:52:45Z" end-time="2016-02-19 11:52:45Z" duration="0.000171" asserts="0" />
            <test-case id="0-3786" name="SetGenericPrincipalOnThread" fullname="NUnit.Framework.Internal.CallContextTests.SetGenericPrincipalOnThread" methodname="SetGenericPrincipalOnThread" classname="NUnit.Framework.Internal.CallContextTests" runstate="Runnable" seed="1028940228" result="Passed" start-time="2016-02-19 11:52:45Z" end-time="2016-02-19 11:52:45Z" duration="0.000256" asserts="0" />
            <test-case id="0-3789" name="ShouldRestoreCurrentPrincipalAfterTestRun" fullname="NUnit.Framework.Internal.CallContextTests.ShouldRestoreCurrentPrincipalAfterTestRun" methodname="ShouldRestoreCurrentPrincipalAfterTestRun" classname="NUnit.Framework.Internal.CallContextTests" runstate="Runnable" seed="723323127" result="Passed" start-time="2016-02-19 11:52:45Z" end-time="2016-02-19 11:52:45Z" duration="0.002058" asserts="0" />
            <test-case id="0-3788" name="UseCustomIdentity" fullname="NUnit.Framework.Internal.CallContextTests.UseCustomIdentity" methodname="UseCustomIdentity" classname="NUnit.Framework.Internal.CallContextTests" runstate="Runnable" seed="2006210975" result="Passed" start-time="2016-02-19 11:52:45Z" end-time="2016-02-19 11:52:45Z" duration="0.000396" asserts="0" />
          </test-suite>
          <test-suite type="TestFixture" id="0-3790" name="CultureSettingAndDetectionTests" fullname="NUnit.Framework.Internal.CultureSettingAndDetectionTests" classname="NUnit.Framework.Internal.CultureSettingAndDetectionTests" runstate="Runnable" testcasecount="7" result="Passed" start-time="2016-02-19 11:52:45Z" end-time="2016-02-19 11:52:45Z" duration="0.012643" total="7" passed="7" failed="0" inconclusive="0" skipped="0" asserts="25">
            <test-case id="0-3793" name="CanMatchAttributeWithExclude" fullname="NUnit.Framework.Internal.CultureSettingAndDetectionTests.CanMatchAttributeWithExclude" methodname="CanMatchAttributeWithExclude" classname="NUnit.Framework.Internal.CultureSettingAndDetectionTests" runstate="Runnable" seed="2146229288" result="Passed" start-time="2016-02-19 11:52:45Z" end-time="2016-02-19 11:52:45Z" duration="0.001758" asserts="2" />
            <test-case id="0-3792" name="CanMatchAttributeWithInclude" fullname="NUnit.Framework.Internal.CultureSettingAndDetectionTests.CanMatchAttributeWithInclude" methodname="CanMatchAttributeWithInclude" classname="NUnit.Framework.Internal.CultureSettingAndDetectionTests" runstate="Runnable" seed="1439501518" result="Passed" start-time="2016-02-19 11:52:45Z" end-time="2016-02-19 11:52:45Z" duration="0.000300" asserts="2" />
            <test-case id="0-3794" name="CanMatchAttributeWithIncludeAndExclude" fullname="NUnit.Framework.Internal.CultureSettingAndDetectionTests.CanMatchAttributeWithIncludeAndExclude" methodname="CanMatchAttributeWithIncludeAndExclude" classname="NUnit.Framework.Internal.CultureSettingAndDetectionTests" runstate="Runnable" seed="1309756857" result="Passed" start-time="2016-02-19 11:52:45Z" end-time="2016-02-19 11:52:45Z" duration="0.000266" asserts="1" />
            <test-case id="0-3791" name="CanMatchStrings" fullname="NUnit.Framework.Internal.CultureSettingAndDetectionTests.CanMatchStrings" methodname="CanMatchStrings" classname="NUnit.Framework.Internal.CultureSettingAndDetectionTests" runstate="Runnable" seed="1873978530" result="Passed" start-time="2016-02-19 11:52:45Z" end-time="2016-02-19 11:52:45Z" duration="0.001480" asserts="5" />
            <test-case id="0-3796" name="LoadWithFrenchCanadianCulture" fullname="NUnit.Framework.Internal.CultureSettingAndDetectionTests.LoadWithFrenchCanadianCulture" methodname="LoadWithFrenchCanadianCulture" classname="NUnit.Framework.Internal.CultureSettingAndDetectionTests" runstate="Runnable" seed="574540256" result="Passed" start-time="2016-02-19 11:52:45Z" end-time="2016-02-19 11:52:45Z" duration="0.003117" asserts="5">
              <properties>
                <property name="SetCulture" value="fr-CA" />
              </properties>
            </test-case>
            <test-case id="0-3795" name="LoadWithFrenchCulture" fullname="NUnit.Framework.Internal.CultureSettingAndDetectionTests.LoadWithFrenchCulture" methodname="LoadWithFrenchCulture" classname="NUnit.Framework.Internal.CultureSettingAndDetectionTests" runstate="Runnable" seed="945295960" result="Passed" start-time="2016-02-19 11:52:45Z" end-time="2016-02-19 11:52:45Z" duration="0.002191" asserts="5">
              <properties>
                <property name="SetCulture" value="fr-FR" />
              </properties>
            </test-case>
            <test-case id="0-3797" name="LoadWithRussianCulture" fullname="NUnit.Framework.Internal.CultureSettingAndDetectionTests.LoadWithRussianCulture" methodname="LoadWithRussianCulture" classname="NUnit.Framework.Internal.CultureSettingAndDetectionTests" runstate="Runnable" seed="1950704487" result="Passed" start-time="2016-02-19 11:52:45Z" end-time="2016-02-19 11:52:45Z" duration="0.001935" asserts="5">
              <properties>
                <property name="SetCulture" value="ru-RU" />
              </properties>
            </test-case>
          </test-suite>
          <test-suite type="TestFixture" id="0-4927" name="CultureSettingAndDetectionTests+NestedFixture" fullname="NUnit.Framework.Internal.CultureSettingAndDetectionTests+NestedFixture" classname="NUnit.Framework.Internal.CultureSettingAndDetectionTests+NestedFixture" runstate="Runnable" testcasecount="1" result="Passed" start-time="2016-02-19 11:52:45Z" end-time="2016-02-19 11:52:45Z" duration="0.001801" total="1" passed="1" failed="0" inconclusive="0" skipped="0" asserts="1">
            <properties>
              <property name="SetCulture" value="en-GB" />
            </properties>
            <test-case id="0-4928" name="CanSetCultureOnFixture" fullname="NUnit.Framework.Internal.CultureSettingAndDetectionTests+NestedFixture.CanSetCultureOnFixture" methodname="CanSetCultureOnFixture" classname="NUnit.Framework.Internal.CultureSettingAndDetectionTests+NestedFixture" runstate="Runnable" seed="1821030869" result="Passed" start-time="2016-02-19 11:52:45Z" end-time="2016-02-19 11:52:45Z" duration="0.000447" asserts="1" />
          </test-suite>
          <test-suite type="GenericFixture" id="0-3804" name="DeduceTypeArgsFromArgs&lt;T1,T2&gt;" fullname="NUnit.Framework.Internal.DeduceTypeArgsFromArgs&lt;T1,T2&gt;" runstate="Runnable" testcasecount="2" result="Passed" start-time="2016-02-19 11:52:43Z" end-time="2016-02-19 11:52:45Z" duration="1.794507" total="2" passed="2" failed="0" inconclusive="0" skipped="0" asserts="4">
            <test-suite type="TestFixture" id="0-3798" name="DeduceTypeArgsFromArgs&lt;Double,Double&gt;(100.0d,42)" fullname="NUnit.Framework.Internal.DeduceTypeArgsFromArgs&lt;Double,Double&gt;(100.0d,42)" classname="NUnit.Framework.Internal.DeduceTypeArgsFromArgs`2" runstate="Runnable" testcasecount="1" result="Passed" start-time="2016-02-19 11:52:45Z" end-time="2016-02-19 11:52:45Z" duration="0.001869" total="1" passed="1" failed="0" inconclusive="0" skipped="0" asserts="2">
              <properties>
                <property name="Category" value="Generics" />
              </properties>
              <test-suite type="ParameterizedMethod" id="0-3800" name="TestMyArgTypes" fullname="NUnit.Framework.Internal.DeduceTypeArgsFromArgs`2[[System.Double, mscorlib, Version=4.0.0.0, Culture=neutral, PublicKeyToken=b77a5c561934e089],[System.Double, mscorlib, Version=4.0.0.0, Culture=neutral, PublicKeyToken=b77a5c561934e089]].TestMyArgTypes" runstate="Runnable" testcasecount="1" result="Passed" start-time="2016-02-19 11:52:45Z" end-time="2016-02-19 11:52:45Z" duration="0.001498" total="1" passed="1" failed="0" inconclusive="0" skipped="0" asserts="2">
                <test-case id="0-3799" name="TestMyArgTypes(5.0d,7.0d)" fullname="NUnit.Framework.Internal.DeduceTypeArgsFromArgs&lt;Double,Double&gt;(100.0d,42).TestMyArgTypes(5.0d,7.0d)" methodname="TestMyArgTypes" classname="NUnit.Framework.Internal.DeduceTypeArgsFromArgs`2" runstate="Runnable" seed="1329373894" result="Passed" start-time="2016-02-19 11:52:45Z" end-time="2016-02-19 11:52:45Z" duration="0.001332" asserts="2" />
              </test-suite>
            </test-suite>
            <test-suite type="TestFixture" id="0-3801" name="DeduceTypeArgsFromArgs&lt;Double,Double&gt;(42,100.0d)" fullname="NUnit.Framework.Internal.DeduceTypeArgsFromArgs&lt;Double,Double&gt;(42,100.0d)" classname="NUnit.Framework.Internal.DeduceTypeArgsFromArgs`2" runstate="Runnable" testcasecount="1" result="Passed" start-time="2016-02-19 11:52:45Z" end-time="2016-02-19 11:52:45Z" duration="0.000343" total="1" passed="1" failed="0" inconclusive="0" skipped="0" asserts="2">
              <properties>
                <property name="Category" value="Generics" />
              </properties>
              <test-suite type="ParameterizedMethod" id="0-3803" name="TestMyArgTypes" fullname="NUnit.Framework.Internal.DeduceTypeArgsFromArgs`2[[System.Double, mscorlib, Version=4.0.0.0, Culture=neutral, PublicKeyToken=b77a5c561934e089],[System.Double, mscorlib, Version=4.0.0.0, Culture=neutral, PublicKeyToken=b77a5c561934e089]].TestMyArgTypes" runstate="Runnable" testcasecount="1" result="Passed" start-time="2016-02-19 11:52:45Z" end-time="2016-02-19 11:52:45Z" duration="0.000194" total="1" passed="1" failed="0" inconclusive="0" skipped="0" asserts="2">
                <test-case id="0-3802" name="TestMyArgTypes(5.0d,7.0d)" fullname="NUnit.Framework.Internal.DeduceTypeArgsFromArgs&lt;Double,Double&gt;(42,100.0d).TestMyArgTypes(5.0d,7.0d)" methodname="TestMyArgTypes" classname="NUnit.Framework.Internal.DeduceTypeArgsFromArgs`2" runstate="Runnable" seed="650399182" result="Passed" start-time="2016-02-19 11:52:45Z" end-time="2016-02-19 11:52:45Z" duration="0.000056" asserts="2" />
              </test-suite>
            </test-suite>
          </test-suite>
          <test-suite type="TestFixture" id="0-4263" name="DefaultResultTests" fullname="NUnit.Framework.Internal.DefaultResultTests" classname="NUnit.Framework.Internal.DefaultResultTests" runstate="Runnable" testcasecount="9" result="Passed" start-time="2016-02-19 11:52:45Z" end-time="2016-02-19 11:52:45Z" duration="0.026256" total="9" passed="9" failed="0" inconclusive="0" skipped="0" asserts="33">
            <test-case id="0-4270" name="SuiteResultBasicInfo" fullname="NUnit.Framework.Internal.DefaultResultTests.SuiteResultBasicInfo" methodname="SuiteResultBasicInfo" classname="NUnit.Framework.Internal.DefaultResultTests" runstate="Runnable" seed="1715598853" result="Passed" start-time="2016-02-19 11:52:45Z" end-time="2016-02-19 11:52:45Z" duration="0.004047" asserts="2" />
            <test-case id="0-4265" name="SuiteResultIsInconclusive" fullname="NUnit.Framework.Internal.DefaultResultTests.SuiteResultIsInconclusive" methodname="SuiteResultIsInconclusive" classname="NUnit.Framework.Internal.DefaultResultTests" runstate="Runnable" seed="1525189721" result="Passed" start-time="2016-02-19 11:52:45Z" end-time="2016-02-19 11:52:45Z" duration="0.000591" asserts="2" />
            <test-case id="0-4272" name="SuiteResultXmlNodeBasicInfo" fullname="NUnit.Framework.Internal.DefaultResultTests.SuiteResultXmlNodeBasicInfo" methodname="SuiteResultXmlNodeBasicInfo" classname="NUnit.Framework.Internal.DefaultResultTests" runstate="Runnable" seed="1584095138" result="Passed" start-time="2016-02-19 11:52:45Z" end-time="2016-02-19 11:52:45Z" duration="0.003473" asserts="7" />
            <test-case id="0-4268" name="SuiteResultXmlNodeHasOneChildTest" fullname="NUnit.Framework.Internal.DefaultResultTests.SuiteResultXmlNodeHasOneChildTest" methodname="SuiteResultXmlNodeHasOneChildTest" classname="NUnit.Framework.Internal.DefaultResultTests" runstate="Runnable" seed="1226739601" result="Passed" start-time="2016-02-19 11:52:45Z" end-time="2016-02-19 11:52:45Z" duration="0.002734" asserts="1" />
            <test-case id="0-4267" name="SuiteResultXmlNodeIsInconclusive" fullname="NUnit.Framework.Internal.DefaultResultTests.SuiteResultXmlNodeIsInconclusive" methodname="SuiteResultXmlNodeIsInconclusive" classname="NUnit.Framework.Internal.DefaultResultTests" runstate="Runnable" seed="1123251399" result="Passed" start-time="2016-02-19 11:52:45Z" end-time="2016-02-19 11:52:45Z" duration="0.004819" asserts="6" />
            <test-case id="0-4269" name="TestResultBasicInfo" fullname="NUnit.Framework.Internal.DefaultResultTests.TestResultBasicInfo" methodname="TestResultBasicInfo" classname="NUnit.Framework.Internal.DefaultResultTests" runstate="Runnable" seed="229318996" result="Passed" start-time="2016-02-19 11:52:45Z" end-time="2016-02-19 11:52:45Z" duration="0.000631" asserts="2" />
            <test-case id="0-4264" name="TestResultIsInconclusive" fullname="NUnit.Framework.Internal.DefaultResultTests.TestResultIsInconclusive" methodname="TestResultIsInconclusive" classname="NUnit.Framework.Internal.DefaultResultTests" runstate="Runnable" seed="1593273624" result="Passed" start-time="2016-02-19 11:52:45Z" end-time="2016-02-19 11:52:45Z" duration="0.001314" asserts="4" />
            <test-case id="0-4271" name="TestResultXmlNodeBasicInfo" fullname="NUnit.Framework.Internal.DefaultResultTests.TestResultXmlNodeBasicInfo" methodname="TestResultXmlNodeBasicInfo" classname="NUnit.Framework.Internal.DefaultResultTests" runstate="Runnable" seed="1668608277" result="Passed" start-time="2016-02-19 11:52:45Z" end-time="2016-02-19 11:52:45Z" duration="0.004331" asserts="8" />
            <test-case id="0-4266" name="TestResultXmlNodeIsInconclusive" fullname="NUnit.Framework.Internal.DefaultResultTests.TestResultXmlNodeIsInconclusive" methodname="TestResultXmlNodeIsInconclusive" classname="NUnit.Framework.Internal.DefaultResultTests" runstate="Runnable" seed="150303650" result="Passed" start-time="2016-02-19 11:52:45Z" end-time="2016-02-19 11:52:45Z" duration="0.002332" asserts="1" />
          </test-suite>
          <test-suite type="TestFixture" id="0-3754" name="AsyncTestMethodTests" fullname="NUnit.Framework.Internal.AsyncTestMethodTests" classname="NUnit.Framework.Internal.AsyncTestMethodTests" runstate="Runnable" testcasecount="26" result="Passed" start-time="2016-02-19 11:52:45Z" end-time="2016-02-19 11:52:45Z" duration="0.221833" total="26" passed="26" failed="0" inconclusive="0" skipped="0" asserts="0">
            <test-suite type="ParameterizedMethod" id="0-3781" name="RunTests" fullname="NUnit.Framework.Internal.AsyncTestMethodTests.RunTests" runstate="Runnable" testcasecount="26" result="Passed" start-time="2016-02-19 11:52:45Z" end-time="2016-02-19 11:52:45Z" duration="0.221658" total="26" passed="26" failed="0" inconclusive="0" skipped="0" asserts="0">
              <test-case id="0-3755" name="RunTests(AsyncVoid,Failed:Invalid,0)" fullname="NUnit.Framework.Internal.AsyncTestMethodTests.RunTests(AsyncVoid,Failed:Invalid,0)" methodname="RunTests" classname="NUnit.Framework.Internal.AsyncTestMethodTests" runstate="Runnable" seed="612077019" result="Passed" start-time="2016-02-19 11:52:45Z" end-time="2016-02-19 11:52:45Z" duration="0.001141" asserts="0" />
              <test-case id="0-3756" name="RunTests(AsyncTaskSuccess,Passed,1)" fullname="NUnit.Framework.Internal.AsyncTestMethodTests.RunTests(AsyncTaskSuccess,Passed,1)" methodname="RunTests" classname="NUnit.Framework.Internal.AsyncTestMethodTests" runstate="Runnable" seed="1876542411" result="Passed" start-time="2016-02-19 11:52:45Z" end-time="2016-02-19 11:52:45Z" duration="0.005398" asserts="0" />
              <test-case id="0-3757" name="RunTests(AsyncTaskFailure,Failed,1)" fullname="NUnit.Framework.Internal.AsyncTestMethodTests.RunTests(AsyncTaskFailure,Failed,1)" methodname="RunTests" classname="NUnit.Framework.Internal.AsyncTestMethodTests" runstate="Runnable" seed="1330832016" result="Passed" start-time="2016-02-19 11:52:45Z" end-time="2016-02-19 11:52:45Z" duration="0.005070" asserts="0" />
              <test-case id="0-3758" name="RunTests(AsyncTaskError,Failed:Error,0)" fullname="NUnit.Framework.Internal.AsyncTestMethodTests.RunTests(AsyncTaskError,Failed:Error,0)" methodname="RunTests" classname="NUnit.Framework.Internal.AsyncTestMethodTests" runstate="Runnable" seed="1650140669" result="Passed" start-time="2016-02-19 11:52:45Z" end-time="2016-02-19 11:52:45Z" duration="0.015133" asserts="0" />
              <test-case id="0-3759" name="RunTests(TaskSuccess,Passed,1)" fullname="NUnit.Framework.Internal.AsyncTestMethodTests.RunTests(TaskSuccess,Passed,1)" methodname="RunTests" classname="NUnit.Framework.Internal.AsyncTestMethodTests" runstate="Runnable" seed="789098447" result="Passed" start-time="2016-02-19 11:52:45Z" end-time="2016-02-19 11:52:45Z" duration="0.001468" asserts="0" />
              <test-case id="0-3760" name="RunTests(TaskFailure,Failed,1)" fullname="NUnit.Framework.Internal.AsyncTestMethodTests.RunTests(TaskFailure,Failed,1)" methodname="RunTests" classname="NUnit.Framework.Internal.AsyncTestMethodTests" runstate="Runnable" seed="263170533" result="Passed" start-time="2016-02-19 11:52:45Z" end-time="2016-02-19 11:52:45Z" duration="0.002049" asserts="0" />
              <test-case id="0-3761" name="RunTests(TaskError,Failed:Error,0)" fullname="NUnit.Framework.Internal.AsyncTestMethodTests.RunTests(TaskError,Failed:Error,0)" methodname="RunTests" classname="NUnit.Framework.Internal.AsyncTestMethodTests" runstate="Runnable" seed="22516842" result="Passed" start-time="2016-02-19 11:52:45Z" end-time="2016-02-19 11:52:45Z" duration="0.000942" asserts="0" />
              <test-case id="0-3762" name="RunTests(AsyncTaskResult,Failed:Invalid,0)" fullname="NUnit.Framework.Internal.AsyncTestMethodTests.RunTests(AsyncTaskResult,Failed:Invalid,0)" methodname="RunTests" classname="NUnit.Framework.Internal.AsyncTestMethodTests" runstate="Runnable" seed="629907146" result="Passed" start-time="2016-02-19 11:52:45Z" end-time="2016-02-19 11:52:45Z" duration="0.001189" asserts="0" />
              <test-case id="0-3763" name="RunTests(TaskResult,Failed:Invalid,0)" fullname="NUnit.Framework.Internal.AsyncTestMethodTests.RunTests(TaskResult,Failed:Invalid,0)" methodname="RunTests" classname="NUnit.Framework.Internal.AsyncTestMethodTests" runstate="Runnable" seed="1421622529" result="Passed" start-time="2016-02-19 11:52:45Z" end-time="2016-02-19 11:52:45Z" duration="0.000198" asserts="0" />
              <test-case id="0-3764" name="RunTests(AsyncTaskResultCheckSuccess,Passed,1)" fullname="NUnit.Framework.Internal.AsyncTestMethodTests.RunTests(AsyncTaskResultCheckSuccess,Passed,1)" methodname="RunTests" classname="NUnit.Framework.Internal.AsyncTestMethodTests" runstate="Runnable" seed="1244724798" result="Passed" start-time="2016-02-19 11:52:45Z" end-time="2016-02-19 11:52:45Z" duration="0.006415" asserts="0" />
              <test-case id="0-3765" name="RunTests(AsyncTaskResultCheckFailure,Failed(Child),1)" fullname="NUnit.Framework.Internal.AsyncTestMethodTests.RunTests(AsyncTaskResultCheckFailure,Failed(Child),1)" methodname="RunTests" classname="NUnit.Framework.Internal.AsyncTestMethodTests" runstate="Runnable" seed="1603634496" result="Passed" start-time="2016-02-19 11:52:45Z" end-time="2016-02-19 11:52:45Z" duration="0.015763" asserts="0" />
              <test-case id="0-3766" name="RunTests(AsyncTaskResultCheckError,Failed(Child),0)" fullname="NUnit.Framework.Internal.AsyncTestMethodTests.RunTests(AsyncTaskResultCheckError,Failed(Child),0)" methodname="RunTests" classname="NUnit.Framework.Internal.AsyncTestMethodTests" runstate="Runnable" seed="409997829" result="Passed" start-time="2016-02-19 11:52:45Z" end-time="2016-02-19 11:52:45Z" duration="0.015398" asserts="0" />
              <test-case id="0-3767" name="RunTests(TaskResultCheckSuccess,Passed,1)" fullname="NUnit.Framework.Internal.AsyncTestMethodTests.RunTests(TaskResultCheckSuccess,Passed,1)" methodname="RunTests" classname="NUnit.Framework.Internal.AsyncTestMethodTests" runstate="Runnable" seed="221445442" result="Passed" start-time="2016-02-19 11:52:45Z" end-time="2016-02-19 11:52:45Z" duration="0.015734" asserts="0" />
              <test-case id="0-3768" name="RunTests(TaskResultCheckFailure,Failed(Child),1)" fullname="NUnit.Framework.Internal.AsyncTestMethodTests.RunTests(TaskResultCheckFailure,Failed(Child),1)" methodname="RunTests" classname="NUnit.Framework.Internal.AsyncTestMethodTests" runstate="Runnable" seed="1190533288" result="Passed" start-time="2016-02-19 11:52:45Z" end-time="2016-02-19 11:52:45Z" duration="0.003090" asserts="0" />
              <test-case id="0-3769" name="RunTests(TaskResultCheckError,Failed(Child),0)" fullname="NUnit.Framework.Internal.AsyncTestMethodTests.RunTests(TaskResultCheckError,Failed(Child),0)" methodname="RunTests" classname="NUnit.Framework.Internal.AsyncTestMethodTests" runstate="Runnable" seed="418533377" result="Passed" start-time="2016-02-19 11:52:45Z" end-time="2016-02-19 11:52:45Z" duration="0.014647" asserts="0" />
              <test-case id="0-3770" name="RunTests(AsyncTaskTestCaseWithParametersSuccess,Passed,1)" fullname="NUnit.Framework.Internal.AsyncTestMethodTests.RunTests(AsyncTaskTestCaseWithParametersSuccess,Passed,1)" methodname="RunTests" classname="NUnit.Framework.Internal.AsyncTestMethodTests" runstate="Runnable" seed="620206814" result="Passed" start-time="2016-02-19 11:52:45Z" end-time="2016-02-19 11:52:45Z" duration="0.011752" asserts="0" />
              <test-case id="0-3771" name="RunTests(AsyncTaskResultCheckSuccessReturningNull,Passed,1)" fullname="NUnit.Framework.Internal.AsyncTestMethodTests.RunTests(AsyncTaskResultCheckSuccessReturningNull,Passed,1)" methodname="RunTests" classname="NUnit.Framework.Internal.AsyncTestMethodTests" runstate="Runnable" seed="1642134051" result="Passed" start-time="2016-02-19 11:52:45Z" end-time="2016-02-19 11:52:45Z" duration="0.015550" asserts="0" />
              <test-case id="0-3772" name="RunTests(TaskResultCheckSuccessReturningNull,Passed,1)" fullname="NUnit.Framework.Internal.AsyncTestMethodTests.RunTests(TaskResultCheckSuccessReturningNull,Passed,1)" methodname="RunTests" classname="NUnit.Framework.Internal.AsyncTestMethodTests" runstate="Runnable" seed="685297317" result="Passed" start-time="2016-02-19 11:52:45Z" end-time="2016-02-19 11:52:45Z" duration="0.015651" asserts="0" />
              <test-case id="0-3773" name="RunTests(NestedAsyncTaskSuccess,Passed,1)" fullname="NUnit.Framework.Internal.AsyncTestMethodTests.RunTests(NestedAsyncTaskSuccess,Passed,1)" methodname="RunTests" classname="NUnit.Framework.Internal.AsyncTestMethodTests" runstate="Runnable" seed="30036776" result="Passed" start-time="2016-02-19 11:52:45Z" end-time="2016-02-19 11:52:45Z" duration="0.024144" asserts="0" />
              <test-case id="0-3774" name="RunTests(NestedAsyncTaskFailure,Failed,1)" fullname="NUnit.Framework.Internal.AsyncTestMethodTests.RunTests(NestedAsyncTaskFailure,Failed,1)" methodname="RunTests" classname="NUnit.Framework.Internal.AsyncTestMethodTests" runstate="Runnable" seed="1297372161" result="Passed" start-time="2016-02-19 11:52:45Z" end-time="2016-02-19 11:52:45Z" duration="0.009831" asserts="0" />
              <test-case id="0-3775" name="RunTests(NestedAsyncTaskError,Failed:Error,0)" fullname="NUnit.Framework.Internal.AsyncTestMethodTests.RunTests(NestedAsyncTaskError,Failed:Error,0)" methodname="RunTests" classname="NUnit.Framework.Internal.AsyncTestMethodTests" runstate="Runnable" seed="955610635" result="Passed" start-time="2016-02-19 11:52:45Z" end-time="2016-02-19 11:52:45Z" duration="0.006335" asserts="0" />
              <test-case id="0-3776" name="RunTests(AsyncTaskMultipleSuccess,Passed,1)" fullname="NUnit.Framework.Internal.AsyncTestMethodTests.RunTests(AsyncTaskMultipleSuccess,Passed,1)" methodname="RunTests" classname="NUnit.Framework.Internal.AsyncTestMethodTests" runstate="Runnable" seed="1676302497" result="Passed" start-time="2016-02-19 11:52:45Z" end-time="2016-02-19 11:52:45Z" duration="0.007523" asserts="0" />
              <test-case id="0-3777" name="RunTests(AsyncTaskMultipleFailure,Failed,1)" fullname="NUnit.Framework.Internal.AsyncTestMethodTests.RunTests(AsyncTaskMultipleFailure,Failed,1)" methodname="RunTests" classname="NUnit.Framework.Internal.AsyncTestMethodTests" runstate="Runnable" seed="267799237" result="Passed" start-time="2016-02-19 11:52:45Z" end-time="2016-02-19 11:52:45Z" duration="0.007682" asserts="0" />
              <test-case id="0-3778" name="RunTests(AsyncTaskMultipleError,Failed:Error,0)" fullname="NUnit.Framework.Internal.AsyncTestMethodTests.RunTests(AsyncTaskMultipleError,Failed:Error,0)" methodname="RunTests" classname="NUnit.Framework.Internal.AsyncTestMethodTests" runstate="Runnable" seed="628859424" result="Passed" start-time="2016-02-19 11:52:45Z" end-time="2016-02-19 11:52:45Z" duration="0.004595" asserts="0" />
              <test-case id="0-3779" name="RunTests(TaskCheckTestContextAcrossTasks,Passed,2)" fullname="NUnit.Framework.Internal.AsyncTestMethodTests.RunTests(TaskCheckTestContextAcrossTasks,Passed,2)" methodname="RunTests" classname="NUnit.Framework.Internal.AsyncTestMethodTests" runstate="Runnable" seed="1391707553" result="Passed" start-time="2016-02-19 11:52:45Z" end-time="2016-02-19 11:52:45Z" duration="0.006234" asserts="0" />
              <test-case id="0-3780" name="RunTests(TaskCheckTestContextWithinTestBody,Passed,2)" fullname="NUnit.Framework.Internal.AsyncTestMethodTests.RunTests(TaskCheckTestContextWithinTestBody,Passed,2)" methodname="RunTests" classname="NUnit.Framework.Internal.AsyncTestMethodTests" runstate="Runnable" seed="480647032" result="Passed" start-time="2016-02-19 11:52:45Z" end-time="2016-02-19 11:52:45Z" duration="0.004358" asserts="0" />
            </test-suite>
          </test-suite>
          <test-suite type="TestFixture" id="0-4303" name="FailedResultTests" fullname="NUnit.Framework.Internal.FailedResultTests" classname="NUnit.Framework.Internal.FailedResultTests" runstate="Runnable" testcasecount="10" result="Passed" start-time="2016-02-19 11:52:45Z" end-time="2016-02-19 11:52:45Z" duration="0.039779" total="10" passed="10" failed="0" inconclusive="0" skipped="0" asserts="66">
            <test-case id="0-4311" name="SuiteResultBasicInfo" fullname="NUnit.Framework.Internal.FailedResultTests.SuiteResultBasicInfo" methodname="SuiteResultBasicInfo" classname="NUnit.Framework.Internal.FailedResultTests" runstate="Runnable" seed="1200168316" result="Passed" start-time="2016-02-19 11:52:45Z" end-time="2016-02-19 11:52:45Z" duration="0.001229" asserts="2" />
            <test-case id="0-4305" name="SuiteResultIsFailure" fullname="NUnit.Framework.Internal.FailedResultTests.SuiteResultIsFailure" methodname="SuiteResultIsFailure" classname="NUnit.Framework.Internal.FailedResultTests" runstate="Runnable" seed="1095508460" result="Passed" start-time="2016-02-19 11:52:45Z" end-time="2016-02-19 11:52:45Z" duration="0.002605" asserts="10" />
            <test-case id="0-4313" name="SuiteResultXmlNodeBasicInfo" fullname="NUnit.Framework.Internal.FailedResultTests.SuiteResultXmlNodeBasicInfo" methodname="SuiteResultXmlNodeBasicInfo" classname="NUnit.Framework.Internal.FailedResultTests" runstate="Runnable" seed="751705994" result="Passed" start-time="2016-02-19 11:52:45Z" end-time="2016-02-19 11:52:45Z" duration="0.003286" asserts="7" />
            <test-case id="0-4309" name="SuiteResultXmlNodeHasOneChildTest" fullname="NUnit.Framework.Internal.FailedResultTests.SuiteResultXmlNodeHasOneChildTest" methodname="SuiteResultXmlNodeHasOneChildTest" classname="NUnit.Framework.Internal.FailedResultTests" runstate="Runnable" seed="1988011616" result="Passed" start-time="2016-02-19 11:52:45Z" end-time="2016-02-19 11:52:45Z" duration="0.002571" asserts="1" />
            <test-case id="0-4308" name="SuiteResultXmlNodeIsFailure" fullname="NUnit.Framework.Internal.FailedResultTests.SuiteResultXmlNodeIsFailure" methodname="SuiteResultXmlNodeIsFailure" classname="NUnit.Framework.Internal.FailedResultTests" runstate="Runnable" seed="948727721" result="Passed" start-time="2016-02-19 11:52:45Z" end-time="2016-02-19 11:52:45Z" duration="0.009237" asserts="15" />
            <test-case id="0-4310" name="TestResultBasicInfo" fullname="NUnit.Framework.Internal.FailedResultTests.TestResultBasicInfo" methodname="TestResultBasicInfo" classname="NUnit.Framework.Internal.FailedResultTests" runstate="Runnable" seed="1657011825" result="Passed" start-time="2016-02-19 11:52:45Z" end-time="2016-02-19 11:52:45Z" duration="0.000135" asserts="2" />
            <test-case id="0-4304" name="TestResultIsFailure" fullname="NUnit.Framework.Internal.FailedResultTests.TestResultIsFailure" methodname="TestResultIsFailure" classname="NUnit.Framework.Internal.FailedResultTests" runstate="Runnable" seed="754140889" result="Passed" start-time="2016-02-19 11:52:45Z" end-time="2016-02-19 11:52:45Z" duration="0.002282" asserts="7" />
            <test-case id="0-4312" name="TestResultXmlNodeBasicInfo" fullname="NUnit.Framework.Internal.FailedResultTests.TestResultXmlNodeBasicInfo" methodname="TestResultXmlNodeBasicInfo" classname="NUnit.Framework.Internal.FailedResultTests" runstate="Runnable" seed="2133355346" result="Passed" start-time="2016-02-19 11:52:45Z" end-time="2016-02-19 11:52:45Z" duration="0.001230" asserts="8" />
            <test-case id="0-4307" name="TestResultXmlNodeEscapesInvalidXmlCharacters" fullname="NUnit.Framework.Internal.FailedResultTests.TestResultXmlNodeEscapesInvalidXmlCharacters" methodname="TestResultXmlNodeEscapesInvalidXmlCharacters" classname="NUnit.Framework.Internal.FailedResultTests" runstate="Runnable" seed="1230842595" result="Passed" start-time="2016-02-19 11:52:45Z" end-time="2016-02-19 11:52:45Z" duration="0.006973" asserts="3" />
            <test-case id="0-4306" name="TestResultXmlNodeIsFailure" fullname="NUnit.Framework.Internal.FailedResultTests.TestResultXmlNodeIsFailure" methodname="TestResultXmlNodeIsFailure" classname="NUnit.Framework.Internal.FailedResultTests" runstate="Runnable" seed="2046873486" result="Passed" start-time="2016-02-19 11:52:45Z" end-time="2016-02-19 11:52:45Z" duration="0.006657" asserts="11" />
          </test-suite>
          <test-suite type="TestSuite" id="0-5011" name="Execution" fullname="NUnit.Framework.Internal.Execution" runstate="Runnable" testcasecount="24" result="Passed" start-time="2016-02-19 11:52:43Z" end-time="2016-02-19 11:52:46Z" duration="2.148526" total="24" passed="24" failed="0" inconclusive="0" skipped="0" asserts="70">
            <test-suite type="TestFixture" id="0-4381" name="EventQueueTests" fullname="NUnit.Framework.Internal.Execution.EventQueueTests" classname="NUnit.Framework.Internal.Execution.EventQueueTests" runstate="Runnable" testcasecount="6" result="Passed" start-time="2016-02-19 11:52:45Z" end-time="2016-02-19 11:52:45Z" duration="0.021178" total="6" passed="6" failed="0" inconclusive="0" skipped="0" asserts="24">
              <test-case id="0-4383" name="DequeueEmpty" fullname="NUnit.Framework.Internal.Execution.EventQueueTests.DequeueEmpty" methodname="DequeueEmpty" classname="NUnit.Framework.Internal.Execution.EventQueueTests" runstate="Runnable" seed="289172029" result="Passed" start-time="2016-02-19 11:52:45Z" end-time="2016-02-19 11:52:45Z" duration="0.000427" asserts="1" />
              <test-case id="0-4386" name="PumpEvents" fullname="NUnit.Framework.Internal.Execution.EventQueueTests.PumpEvents" methodname="PumpEvents" classname="NUnit.Framework.Internal.Execution.EventQueueTests" runstate="Runnable" seed="932073847" result="Passed" start-time="2016-02-19 11:52:45Z" end-time="2016-02-19 11:52:45Z" duration="0.009923" asserts="9">
                <properties>
                  <property name="Timeout" value="3000" />
                </properties>
              </test-case>
              <test-case id="0-4387" name="PumpSynchronousAndAsynchronousEvents" fullname="NUnit.Framework.Internal.Execution.EventQueueTests.PumpSynchronousAndAsynchronousEvents" methodname="PumpSynchronousAndAsynchronousEvents" classname="NUnit.Framework.Internal.Execution.EventQueueTests" runstate="Runnable" seed="1888539650" result="Passed" start-time="2016-02-19 11:52:45Z" end-time="2016-02-19 11:52:45Z" duration="0.004648" asserts="0">
                <properties>
                  <property name="Timeout" value="1000" />
                </properties>
                <output><![CDATA[Average queue length: 0
]]></output>
              </test-case>
              <test-case id="0-4382" name="QueueEvents" fullname="NUnit.Framework.Internal.Execution.EventQueueTests.QueueEvents" methodname="QueueEvents" classname="NUnit.Framework.Internal.Execution.EventQueueTests" runstate="Runnable" seed="918003240" result="Passed" start-time="2016-02-19 11:52:45Z" end-time="2016-02-19 11:52:45Z" duration="0.000351" asserts="6" />
              <test-case id="0-4384" name="SendEvents" fullname="NUnit.Framework.Internal.Execution.EventQueueTests.SendEvents" methodname="SendEvents" classname="NUnit.Framework.Internal.Execution.EventQueueTests" runstate="Runnable" seed="1547103671" result="Passed" start-time="2016-02-19 11:52:45Z" end-time="2016-02-19 11:52:45Z" duration="0.000774" asserts="6" />
              <test-case id="0-4385" name="StartAndStopPumpOnEmptyQueue" fullname="NUnit.Framework.Internal.Execution.EventQueueTests.StartAndStopPumpOnEmptyQueue" methodname="StartAndStopPumpOnEmptyQueue" classname="NUnit.Framework.Internal.Execution.EventQueueTests" runstate="Runnable" seed="1004397887" result="Passed" start-time="2016-02-19 11:52:45Z" end-time="2016-02-19 11:52:45Z" duration="0.001549" asserts="2" />
            </test-suite>
            <test-suite type="TestFixture" id="0-4942" name="EventQueueTests+DequeueBlocking_StopTest" fullname="NUnit.Framework.Internal.Execution.EventQueueTests+DequeueBlocking_StopTest" classname="NUnit.Framework.Internal.Execution.EventQueueTests+DequeueBlocking_StopTest" runstate="Runnable" testcasecount="1" result="Passed" start-time="2016-02-19 11:52:45Z" end-time="2016-02-19 11:52:45Z" duration="0.041341" total="1" passed="1" failed="0" inconclusive="0" skipped="0" asserts="3">
              <test-case id="0-4943" name="DequeueBlocking_Stop" fullname="NUnit.Framework.Internal.Execution.EventQueueTests+DequeueBlocking_StopTest.DequeueBlocking_Stop" methodname="DequeueBlocking_Stop" classname="NUnit.Framework.Internal.Execution.EventQueueTests+DequeueBlocking_StopTest" runstate="Runnable" seed="562427801" result="Passed" start-time="2016-02-19 11:52:45Z" end-time="2016-02-19 11:52:45Z" duration="0.039817" asserts="3">
                <properties>
                  <property name="Timeout" value="1000" />
                </properties>
              </test-case>
            </test-suite>
            <test-suite type="TestFixture" id="0-4944" name="EventQueueTests+SetWaitHandle_Enqueue_AsynchronousTest" fullname="NUnit.Framework.Internal.Execution.EventQueueTests+SetWaitHandle_Enqueue_AsynchronousTest" classname="NUnit.Framework.Internal.Execution.EventQueueTests+SetWaitHandle_Enqueue_AsynchronousTest" runstate="Runnable" testcasecount="1" result="Passed" start-time="2016-02-19 11:52:45Z" end-time="2016-02-19 11:52:45Z" duration="0.045580" total="1" passed="1" failed="0" inconclusive="0" skipped="0" asserts="4">
              <test-case id="0-4945" name="SetWaitHandle_Enqueue_Asynchronous" fullname="NUnit.Framework.Internal.Execution.EventQueueTests+SetWaitHandle_Enqueue_AsynchronousTest.SetWaitHandle_Enqueue_Asynchronous" methodname="SetWaitHandle_Enqueue_Asynchronous" classname="NUnit.Framework.Internal.Execution.EventQueueTests+SetWaitHandle_Enqueue_AsynchronousTest" runstate="Runnable" seed="1364754756" result="Passed" start-time="2016-02-19 11:52:45Z" end-time="2016-02-19 11:52:45Z" duration="0.044858" asserts="4">
                <properties>
                  <property name="Timeout" value="1000" />
                </properties>
              </test-case>
            </test-suite>
            <test-suite type="TestFixture" id="0-4390" name="WorkItemQueueTests" fullname="NUnit.Framework.Internal.Execution.WorkItemQueueTests" classname="NUnit.Framework.Internal.Execution.WorkItemQueueTests" runstate="Runnable" testcasecount="8" result="Passed" start-time="2016-02-19 11:52:45Z" end-time="2016-02-19 11:52:45Z" duration="0.069124" total="8" passed="8" failed="0" inconclusive="0" skipped="0" asserts="19">
              <test-case id="0-4397" name="DequeueBeforeEnqueue" fullname="NUnit.Framework.Internal.Execution.WorkItemQueueTests.DequeueBeforeEnqueue" methodname="DequeueBeforeEnqueue" classname="NUnit.Framework.Internal.Execution.WorkItemQueueTests" runstate="Runnable" seed="1117908565" result="Passed" start-time="2016-02-19 11:52:45Z" end-time="2016-02-19 11:52:45Z" duration="0.021139" asserts="3" />
              <test-case id="0-4398" name="EnqueueAndDequeueWhilePaused" fullname="NUnit.Framework.Internal.Execution.WorkItemQueueTests.EnqueueAndDequeueWhilePaused" methodname="EnqueueAndDequeueWhilePaused" classname="NUnit.Framework.Internal.Execution.WorkItemQueueTests" runstate="Runnable" seed="496942368" result="Passed" start-time="2016-02-19 11:52:45Z" end-time="2016-02-19 11:52:45Z" duration="0.014603" asserts="3" />
              <test-case id="0-4396" name="EnqueueBeforeDequeue" fullname="NUnit.Framework.Internal.Execution.WorkItemQueueTests.EnqueueBeforeDequeue" methodname="EnqueueBeforeDequeue" classname="NUnit.Framework.Internal.Execution.WorkItemQueueTests" runstate="Runnable" seed="898514212" result="Passed" start-time="2016-02-19 11:52:45Z" end-time="2016-02-19 11:52:45Z" duration="0.000388" asserts="3" />
              <test-case id="0-4391" name="InitialState" fullname="NUnit.Framework.Internal.Execution.WorkItemQueueTests.InitialState" methodname="InitialState" classname="NUnit.Framework.Internal.Execution.WorkItemQueueTests" runstate="Runnable" seed="776933689" result="Passed" start-time="2016-02-19 11:52:45Z" end-time="2016-02-19 11:52:45Z" duration="0.002534" asserts="3" />
              <test-case id="0-4395" name="PauseQueue" fullname="NUnit.Framework.Internal.Execution.WorkItemQueueTests.PauseQueue" methodname="PauseQueue" classname="NUnit.Framework.Internal.Execution.WorkItemQueueTests" runstate="Runnable" seed="762435266" result="Passed" start-time="2016-02-19 11:52:45Z" end-time="2016-02-19 11:52:45Z" duration="0.000462" asserts="1" />
              <test-case id="0-4392" name="StartQueue" fullname="NUnit.Framework.Internal.Execution.WorkItemQueueTests.StartQueue" methodname="StartQueue" classname="NUnit.Framework.Internal.Execution.WorkItemQueueTests" runstate="Runnable" seed="1729063009" result="Passed" start-time="2016-02-19 11:52:45Z" end-time="2016-02-19 11:52:45Z" duration="0.000364" asserts="1" />
              <test-case id="0-4393" name="StopQueue_NoWorkers" fullname="NUnit.Framework.Internal.Execution.WorkItemQueueTests.StopQueue_NoWorkers" methodname="StopQueue_NoWorkers" classname="NUnit.Framework.Internal.Execution.WorkItemQueueTests" runstate="Runnable" seed="798397993" result="Passed" start-time="2016-02-19 11:52:45Z" end-time="2016-02-19 11:52:45Z" duration="0.000348" asserts="1" />
              <test-case id="0-4394" name="StopQueue_WithWorkers" fullname="NUnit.Framework.Internal.Execution.WorkItemQueueTests.StopQueue_WithWorkers" methodname="StopQueue_WithWorkers" classname="NUnit.Framework.Internal.Execution.WorkItemQueueTests" runstate="Runnable" seed="230399761" result="Passed" start-time="2016-02-19 11:52:45Z" end-time="2016-02-19 11:52:45Z" duration="0.026966" asserts="4" />
            </test-suite>
            <test-suite type="TestFixture" id="0-4399" name="WorkShiftTests" fullname="NUnit.Framework.Internal.Execution.WorkShiftTests" classname="NUnit.Framework.Internal.Execution.WorkShiftTests" runstate="Runnable" testcasecount="7" result="Passed" start-time="2016-02-19 11:52:45Z" end-time="2016-02-19 11:52:45Z" duration="0.010045" total="7" passed="7" failed="0" inconclusive="0" skipped="0" asserts="19">
              <test-case id="0-4402" name="AddQueue" fullname="NUnit.Framework.Internal.Execution.WorkShiftTests.AddQueue" methodname="AddQueue" classname="NUnit.Framework.Internal.Execution.WorkShiftTests" runstate="Runnable" seed="2082672197" result="Passed" start-time="2016-02-19 11:52:45Z" end-time="2016-02-19 11:52:45Z" duration="0.001416" asserts="3" />
              <test-case id="0-4403" name="AddQueueThenStart" fullname="NUnit.Framework.Internal.Execution.WorkShiftTests.AddQueueThenStart" methodname="AddQueueThenStart" classname="NUnit.Framework.Internal.Execution.WorkShiftTests" runstate="Runnable" seed="1508319901" result="Passed" start-time="2016-02-19 11:52:45Z" end-time="2016-02-19 11:52:45Z" duration="0.001151" asserts="3" />
              <test-case id="0-4405" name="AddQueueThenStartThenAddQueue" fullname="NUnit.Framework.Internal.Execution.WorkShiftTests.AddQueueThenStartThenAddQueue" methodname="AddQueueThenStartThenAddQueue" classname="NUnit.Framework.Internal.Execution.WorkShiftTests" runstate="Runnable" seed="1797413615" result="Passed" start-time="2016-02-19 11:52:45Z" end-time="2016-02-19 11:52:45Z" duration="0.002478" asserts="4" />
              <test-case id="0-4406" name="HasWorkTest" fullname="NUnit.Framework.Internal.Execution.WorkShiftTests.HasWorkTest" methodname="HasWorkTest" classname="NUnit.Framework.Internal.Execution.WorkShiftTests" runstate="Runnable" seed="1221585776" result="Passed" start-time="2016-02-19 11:52:45Z" end-time="2016-02-19 11:52:45Z" duration="0.001388" asserts="3" />
              <test-case id="0-4400" name="InitialState" fullname="NUnit.Framework.Internal.Execution.WorkShiftTests.InitialState" methodname="InitialState" classname="NUnit.Framework.Internal.Execution.WorkShiftTests" runstate="Runnable" seed="1955889441" result="Passed" start-time="2016-02-19 11:52:45Z" end-time="2016-02-19 11:52:45Z" duration="0.000734" asserts="2" />
              <test-case id="0-4401" name="StartShift" fullname="NUnit.Framework.Internal.Execution.WorkShiftTests.StartShift" methodname="StartShift" classname="NUnit.Framework.Internal.Execution.WorkShiftTests" runstate="Runnable" seed="235525795" result="Passed" start-time="2016-02-19 11:52:45Z" end-time="2016-02-19 11:52:45Z" duration="0.000431" asserts="1" />
              <test-case id="0-4404" name="StartShiftThenAddQueue" fullname="NUnit.Framework.Internal.Execution.WorkShiftTests.StartShiftThenAddQueue" methodname="StartShiftThenAddQueue" classname="NUnit.Framework.Internal.Execution.WorkShiftTests" runstate="Runnable" seed="648838784" result="Passed" start-time="2016-02-19 11:52:45Z" end-time="2016-02-19 11:52:45Z" duration="0.001150" asserts="3" />
            </test-suite>
            <test-suite type="TestFixture" id="0-4388" name="TestWorkerTests" fullname="NUnit.Framework.Internal.Execution.TestWorkerTests" classname="NUnit.Framework.Internal.Execution.TestWorkerTests" runstate="Runnable" testcasecount="1" result="Passed" start-time="2016-02-19 11:52:45Z" end-time="2016-02-19 11:52:46Z" duration="0.218646" total="1" passed="1" failed="0" inconclusive="0" skipped="0" asserts="1">
              <test-case id="0-4389" name="BusyExecuteIdleEventsCalledInSequence" fullname="NUnit.Framework.Internal.Execution.TestWorkerTests.BusyExecuteIdleEventsCalledInSequence" methodname="BusyExecuteIdleEventsCalledInSequence" classname="NUnit.Framework.Internal.Execution.TestWorkerTests" runstate="Runnable" seed="1253555731" result="Passed" start-time="2016-02-19 11:52:45Z" end-time="2016-02-19 11:52:46Z" duration="0.218259" asserts="1" />
            </test-suite>
          </test-suite>
          <test-suite type="TestFixture" id="0-3721" name="GenericMethodHelperTests" fullname="NUnit.Framework.Internal.GenericMethodHelperTests" classname="NUnit.Framework.Internal.GenericMethodHelperTests" runstate="Runnable" testcasecount="23" result="Passed" start-time="2016-02-19 11:52:46Z" end-time="2016-02-19 11:52:46Z" duration="0.021439" total="23" passed="23" failed="0" inconclusive="0" skipped="0" asserts="23">
            <test-suite type="ParameterizedMethod" id="0-3745" name="GetTypeArgumentsForMethodTests" fullname="NUnit.Framework.Internal.GenericMethodHelperTests.GetTypeArgumentsForMethodTests" runstate="Runnable" testcasecount="23" result="Passed" start-time="2016-02-19 11:52:46Z" end-time="2016-02-19 11:52:46Z" duration="0.021153" total="23" passed="23" failed="0" inconclusive="0" skipped="0" asserts="23">
              <test-case id="0-3722" name="GetTypeArgumentsForMethodTests(&quot;MethodWithOneTypeAndOneParameter&quot;,System.Object[],System.Type[])" fullname="NUnit.Framework.Internal.GenericMethodHelperTests.GetTypeArgumentsForMethodTests(&quot;MethodWithOneTypeAndOneParameter&quot;,System.Object[],System.Type[])" methodname="GetTypeArgumentsForMethodTests" classname="NUnit.Framework.Internal.GenericMethodHelperTests" runstate="Runnable" seed="1117559201" result="Passed" start-time="2016-02-19 11:52:46Z" end-time="2016-02-19 11:52:46Z" duration="0.002401" asserts="1" />
              <test-case id="0-3723" name="GetTypeArgumentsForMethodTests(&quot;MethodWithOneTypeAndTwoParameters&quot;,System.Object[],System.Type[])" fullname="NUnit.Framework.Internal.GenericMethodHelperTests.GetTypeArgumentsForMethodTests(&quot;MethodWithOneTypeAndTwoParameters&quot;,System.Object[],System.Type[])" methodname="GetTypeArgumentsForMethodTests" classname="NUnit.Framework.Internal.GenericMethodHelperTests" runstate="Runnable" seed="1853981548" result="Passed" start-time="2016-02-19 11:52:46Z" end-time="2016-02-19 11:52:46Z" duration="0.000129" asserts="1" />
              <test-case id="0-3724" name="GetTypeArgumentsForMethodTests(&quot;MethodWithOneTypeAndTwoParameters&quot;,System.Object[],System.Type[])" fullname="NUnit.Framework.Internal.GenericMethodHelperTests.GetTypeArgumentsForMethodTests(&quot;MethodWithOneTypeAndTwoParameters&quot;,System.Object[],System.Type[])" methodname="GetTypeArgumentsForMethodTests" classname="NUnit.Framework.Internal.GenericMethodHelperTests" runstate="Runnable" seed="396034260" result="Passed" start-time="2016-02-19 11:52:46Z" end-time="2016-02-19 11:52:46Z" duration="0.000092" asserts="1" />
              <test-case id="0-3725" name="GetTypeArgumentsForMethodTests(&quot;MethodWithOneTypeAndTwoParameters&quot;,System.Object[],System.Type[])" fullname="NUnit.Framework.Internal.GenericMethodHelperTests.GetTypeArgumentsForMethodTests(&quot;MethodWithOneTypeAndTwoParameters&quot;,System.Object[],System.Type[])" methodname="GetTypeArgumentsForMethodTests" classname="NUnit.Framework.Internal.GenericMethodHelperTests" runstate="Runnable" seed="1335782901" result="Passed" start-time="2016-02-19 11:52:46Z" end-time="2016-02-19 11:52:46Z" duration="0.000063" asserts="1" />
              <test-case id="0-3726" name="GetTypeArgumentsForMethodTests(&quot;MethodWithOneTypeAndTwoParameters&quot;,System.Object[],System.Type[])" fullname="NUnit.Framework.Internal.GenericMethodHelperTests.GetTypeArgumentsForMethodTests(&quot;MethodWithOneTypeAndTwoParameters&quot;,System.Object[],System.Type[])" methodname="GetTypeArgumentsForMethodTests" classname="NUnit.Framework.Internal.GenericMethodHelperTests" runstate="Runnable" seed="70784849" result="Passed" start-time="2016-02-19 11:52:46Z" end-time="2016-02-19 11:52:46Z" duration="0.000065" asserts="1" />
              <test-case id="0-3727" name="GetTypeArgumentsForMethodTests(&quot;MethodWithOneTypeAndThreeParameters&quot;,System.Object[],System.Type[])" fullname="NUnit.Framework.Internal.GenericMethodHelperTests.GetTypeArgumentsForMethodTests(&quot;MethodWithOneTypeAndThreeParameters&quot;,System.Object[],System.Type[])" methodname="GetTypeArgumentsForMethodTests" classname="NUnit.Framework.Internal.GenericMethodHelperTests" runstate="Runnable" seed="249438111" result="Passed" start-time="2016-02-19 11:52:46Z" end-time="2016-02-19 11:52:46Z" duration="0.000140" asserts="1" />
              <test-case id="0-3728" name="GetTypeArgumentsForMethodTests(&quot;MethodWithTwoTypesAndTwoParameters&quot;,System.Object[],System.Type[])" fullname="NUnit.Framework.Internal.GenericMethodHelperTests.GetTypeArgumentsForMethodTests(&quot;MethodWithTwoTypesAndTwoParameters&quot;,System.Object[],System.Type[])" methodname="GetTypeArgumentsForMethodTests" classname="NUnit.Framework.Internal.GenericMethodHelperTests" runstate="Runnable" seed="1428169195" result="Passed" start-time="2016-02-19 11:52:46Z" end-time="2016-02-19 11:52:46Z" duration="0.000144" asserts="1" />
              <test-case id="0-3729" name="GetTypeArgumentsForMethodTests(&quot;MethodWithTwoTypesAndTwoParameters_Re...&quot;,System.Object[],System.Type[])" fullname="NUnit.Framework.Internal.GenericMethodHelperTests.GetTypeArgumentsForMethodTests(&quot;MethodWithTwoTypesAndTwoParameters_Re...&quot;,System.Object[],System.Type[])" methodname="GetTypeArgumentsForMethodTests" classname="NUnit.Framework.Internal.GenericMethodHelperTests" runstate="Runnable" seed="1891162345" result="Passed" start-time="2016-02-19 11:52:46Z" end-time="2016-02-19 11:52:46Z" duration="0.000084" asserts="1" />
              <test-case id="0-3730" name="GetTypeArgumentsForMethodTests(&quot;MethodWithTwoTypesAndThreeParameters&quot;,System.Object[],System.Type[])" fullname="NUnit.Framework.Internal.GenericMethodHelperTests.GetTypeArgumentsForMethodTests(&quot;MethodWithTwoTypesAndThreeParameters&quot;,System.Object[],System.Type[])" methodname="GetTypeArgumentsForMethodTests" classname="NUnit.Framework.Internal.GenericMethodHelperTests" runstate="Runnable" seed="658639715" result="Passed" start-time="2016-02-19 11:52:46Z" end-time="2016-02-19 11:52:46Z" duration="0.000076" asserts="1" />
              <test-case id="0-3731" name="GetTypeArgumentsForMethodTests(&quot;MethodWithTwoTypesAndFourParameters&quot;,System.Object[],System.Type[])" fullname="NUnit.Framework.Internal.GenericMethodHelperTests.GetTypeArgumentsForMethodTests(&quot;MethodWithTwoTypesAndFourParameters&quot;,System.Object[],System.Type[])" methodname="GetTypeArgumentsForMethodTests" classname="NUnit.Framework.Internal.GenericMethodHelperTests" runstate="Runnable" seed="377496089" result="Passed" start-time="2016-02-19 11:52:46Z" end-time="2016-02-19 11:52:46Z" duration="0.000072" asserts="1" />
              <test-case id="0-3732" name="GetTypeArgumentsForMethodTests(&quot;MethodWithThreeTypes_Order123&quot;,System.Object[],System.Type[])" fullname="NUnit.Framework.Internal.GenericMethodHelperTests.GetTypeArgumentsForMethodTests(&quot;MethodWithThreeTypes_Order123&quot;,System.Object[],System.Type[])" methodname="GetTypeArgumentsForMethodTests" classname="NUnit.Framework.Internal.GenericMethodHelperTests" runstate="Runnable" seed="1504879394" result="Passed" start-time="2016-02-19 11:52:46Z" end-time="2016-02-19 11:52:46Z" duration="0.000077" asserts="1" />
              <test-case id="0-3733" name="GetTypeArgumentsForMethodTests(&quot;MethodWithThreeTypes_Order132&quot;,System.Object[],System.Type[])" fullname="NUnit.Framework.Internal.GenericMethodHelperTests.GetTypeArgumentsForMethodTests(&quot;MethodWithThreeTypes_Order132&quot;,System.Object[],System.Type[])" methodname="GetTypeArgumentsForMethodTests" classname="NUnit.Framework.Internal.GenericMethodHelperTests" runstate="Runnable" seed="1150497611" result="Passed" start-time="2016-02-19 11:52:46Z" end-time="2016-02-19 11:52:46Z" duration="0.000074" asserts="1" />
              <test-case id="0-3734" name="GetTypeArgumentsForMethodTests(&quot;MethodWithThreeTypes_Order321&quot;,System.Object[],System.Type[])" fullname="NUnit.Framework.Internal.GenericMethodHelperTests.GetTypeArgumentsForMethodTests(&quot;MethodWithThreeTypes_Order321&quot;,System.Object[],System.Type[])" methodname="GetTypeArgumentsForMethodTests" classname="NUnit.Framework.Internal.GenericMethodHelperTests" runstate="Runnable" seed="1350642686" result="Passed" start-time="2016-02-19 11:52:46Z" end-time="2016-02-19 11:52:46Z" duration="0.000091" asserts="1" />
              <test-case id="0-3735" name="GetTypeArgumentsForMethodTests(&quot;MethodWithThreeTypes_Order213&quot;,System.Object[],System.Type[])" fullname="NUnit.Framework.Internal.GenericMethodHelperTests.GetTypeArgumentsForMethodTests(&quot;MethodWithThreeTypes_Order213&quot;,System.Object[],System.Type[])" methodname="GetTypeArgumentsForMethodTests" classname="NUnit.Framework.Internal.GenericMethodHelperTests" runstate="Runnable" seed="1891170125" result="Passed" start-time="2016-02-19 11:52:46Z" end-time="2016-02-19 11:52:46Z" duration="0.000081" asserts="1" />
              <test-case id="0-3736" name="GetTypeArgumentsForMethodTests(&quot;MethodWithOneTypeAndOneParameter&quot;,System.Object[],System.Type[])" fullname="NUnit.Framework.Internal.GenericMethodHelperTests.GetTypeArgumentsForMethodTests(&quot;MethodWithOneTypeAndOneParameter&quot;,System.Object[],System.Type[])" methodname="GetTypeArgumentsForMethodTests" classname="NUnit.Framework.Internal.GenericMethodHelperTests" runstate="Runnable" seed="1266489569" result="Passed" start-time="2016-02-19 11:52:46Z" end-time="2016-02-19 11:52:46Z" duration="0.000066" asserts="1" />
              <test-case id="0-3737" name="GetTypeArgumentsForMethodTests(&quot;MethodWithGenericListOfType&quot;,System.Object[],System.Type[])" fullname="NUnit.Framework.Internal.GenericMethodHelperTests.GetTypeArgumentsForMethodTests(&quot;MethodWithGenericListOfType&quot;,System.Object[],System.Type[])" methodname="GetTypeArgumentsForMethodTests" classname="NUnit.Framework.Internal.GenericMethodHelperTests" runstate="Runnable" seed="1780896120" result="Passed" start-time="2016-02-19 11:52:46Z" end-time="2016-02-19 11:52:46Z" duration="0.002506" asserts="1" />
              <test-case id="0-3738" name="GetTypeArgumentsForMethodTests(&quot;MethodWithGenericListOfType&quot;,System.Object[],System.Type[])" fullname="NUnit.Framework.Internal.GenericMethodHelperTests.GetTypeArgumentsForMethodTests(&quot;MethodWithGenericListOfType&quot;,System.Object[],System.Type[])" methodname="GetTypeArgumentsForMethodTests" classname="NUnit.Framework.Internal.GenericMethodHelperTests" runstate="Runnable" seed="1884038565" result="Passed" start-time="2016-02-19 11:52:46Z" end-time="2016-02-19 11:52:46Z" duration="0.000157" asserts="1" />
              <test-case id="0-3739" name="GetTypeArgumentsForMethodTests(&quot;MethodWithGenericListOfLists&quot;,System.Object[],System.Type[])" fullname="NUnit.Framework.Internal.GenericMethodHelperTests.GetTypeArgumentsForMethodTests(&quot;MethodWithGenericListOfLists&quot;,System.Object[],System.Type[])" methodname="GetTypeArgumentsForMethodTests" classname="NUnit.Framework.Internal.GenericMethodHelperTests" runstate="Runnable" seed="751443979" result="Passed" start-time="2016-02-19 11:52:46Z" end-time="2016-02-19 11:52:46Z" duration="0.001614" asserts="1" />
              <test-case id="0-3740" name="GetTypeArgumentsForMethodTests(&quot;MethodWithGenericEnumerableOfType&quot;,System.Object[],System.Type[])" fullname="NUnit.Framework.Internal.GenericMethodHelperTests.GetTypeArgumentsForMethodTests(&quot;MethodWithGenericEnumerableOfType&quot;,System.Object[],System.Type[])" methodname="GetTypeArgumentsForMethodTests" classname="NUnit.Framework.Internal.GenericMethodHelperTests" runstate="Runnable" seed="1623871099" result="Passed" start-time="2016-02-19 11:52:46Z" end-time="2016-02-19 11:52:46Z" duration="0.000207" asserts="1" />
              <test-case id="0-3741" name="GetTypeArgumentsForMethodTests(&quot;MethodWithGenericEnumerableOfType&quot;,System.Object[],System.Type[])" fullname="NUnit.Framework.Internal.GenericMethodHelperTests.GetTypeArgumentsForMethodTests(&quot;MethodWithGenericEnumerableOfType&quot;,System.Object[],System.Type[])" methodname="GetTypeArgumentsForMethodTests" classname="NUnit.Framework.Internal.GenericMethodHelperTests" runstate="Runnable" seed="1449567036" result="Passed" start-time="2016-02-19 11:52:46Z" end-time="2016-02-19 11:52:46Z" duration="0.000068" asserts="1" />
              <test-case id="0-3742" name="GetTypeArgumentsForMethodTests(&quot;MethodWithGenericEnumerableOfTypeAsSe...&quot;,System.Object[],System.Type[])" fullname="NUnit.Framework.Internal.GenericMethodHelperTests.GetTypeArgumentsForMethodTests(&quot;MethodWithGenericEnumerableOfTypeAsSe...&quot;,System.Object[],System.Type[])" methodname="GetTypeArgumentsForMethodTests" classname="NUnit.Framework.Internal.GenericMethodHelperTests" runstate="Runnable" seed="1036536127" result="Passed" start-time="2016-02-19 11:52:46Z" end-time="2016-02-19 11:52:46Z" duration="0.000148" asserts="1" />
              <test-case id="0-3743" name="GetTypeArgumentsForMethodTests(&quot;MethodTakingDictionary&quot;,System.Object[],System.Type[])" fullname="NUnit.Framework.Internal.GenericMethodHelperTests.GetTypeArgumentsForMethodTests(&quot;MethodTakingDictionary&quot;,System.Object[],System.Type[])" methodname="GetTypeArgumentsForMethodTests" classname="NUnit.Framework.Internal.GenericMethodHelperTests" runstate="Runnable" seed="570583193" result="Passed" start-time="2016-02-19 11:52:46Z" end-time="2016-02-19 11:52:46Z" duration="0.001388" asserts="1" />
              <test-case id="0-3744" name="GetTypeArgumentsForMethodTests(&quot;MethodWithNestedTypes&quot;,System.Object[],System.Type[])" fullname="NUnit.Framework.Internal.GenericMethodHelperTests.GetTypeArgumentsForMethodTests(&quot;MethodWithNestedTypes&quot;,System.Object[],System.Type[])" methodname="GetTypeArgumentsForMethodTests" classname="NUnit.Framework.Internal.GenericMethodHelperTests" runstate="Runnable" seed="1810276752" result="Passed" start-time="2016-02-19 11:52:46Z" end-time="2016-02-19 11:52:46Z" duration="0.004033" asserts="1" />
            </test-suite>
          </test-suite>
          <test-suite type="GenericFixture" id="0-3811" name="GenericTestFixture_IList&lt;T&gt;" fullname="NUnit.Framework.Internal.GenericTestFixture_IList&lt;T&gt;" runstate="Runnable" testcasecount="3" result="Passed" start-time="2016-02-19 11:52:43Z" end-time="2016-02-19 11:52:46Z" duration="2.182297" total="3" passed="3" failed="0" inconclusive="0" skipped="0" asserts="3">
            <test-suite type="TestFixture" id="0-3809" name="GenericTestFixture_IList&lt;ArrayList&gt;" fullname="NUnit.Framework.Internal.GenericTestFixture_IList&lt;ArrayList&gt;" classname="NUnit.Framework.Internal.GenericTestFixture_IList`1" runstate="Runnable" testcasecount="1" result="Passed" start-time="2016-02-19 11:52:46Z" end-time="2016-02-19 11:52:46Z" duration="0.001217" total="1" passed="1" failed="0" inconclusive="0" skipped="0" asserts="1">
              <test-case id="0-3810" name="TestCollectionCount" fullname="NUnit.Framework.Internal.GenericTestFixture_IList&lt;ArrayList&gt;.TestCollectionCount" methodname="TestCollectionCount" classname="NUnit.Framework.Internal.GenericTestFixture_IList`1" runstate="Runnable" seed="1935584606" result="Passed" start-time="2016-02-19 11:52:46Z" end-time="2016-02-19 11:52:46Z" duration="0.000867" asserts="1" />
            </test-suite>
            <test-suite type="TestFixture" id="0-3805" name="GenericTestFixture_IList&lt;List&lt;Int32&gt;&gt;" fullname="NUnit.Framework.Internal.GenericTestFixture_IList&lt;List&lt;Int32&gt;&gt;" classname="NUnit.Framework.Internal.GenericTestFixture_IList`1" runstate="Runnable" testcasecount="1" result="Passed" start-time="2016-02-19 11:52:46Z" end-time="2016-02-19 11:52:46Z" duration="0.000326" total="1" passed="1" failed="0" inconclusive="0" skipped="0" asserts="1">
              <test-case id="0-3806" name="TestCollectionCount" fullname="NUnit.Framework.Internal.GenericTestFixture_IList&lt;List&lt;Int32&gt;&gt;.TestCollectionCount" methodname="TestCollectionCount" classname="NUnit.Framework.Internal.GenericTestFixture_IList`1" runstate="Runnable" seed="1270817447" result="Passed" start-time="2016-02-19 11:52:46Z" end-time="2016-02-19 11:52:46Z" duration="0.000107" asserts="1" />
            </test-suite>
            <test-suite type="TestFixture" id="0-3807" name="GenericTestFixture_IList&lt;List&lt;Object&gt;&gt;" fullname="NUnit.Framework.Internal.GenericTestFixture_IList&lt;List&lt;Object&gt;&gt;" classname="NUnit.Framework.Internal.GenericTestFixture_IList`1" runstate="Runnable" testcasecount="1" result="Passed" start-time="2016-02-19 11:52:46Z" end-time="2016-02-19 11:52:46Z" duration="0.001093" total="1" passed="1" failed="0" inconclusive="0" skipped="0" asserts="1">
              <test-case id="0-3808" name="TestCollectionCount" fullname="NUnit.Framework.Internal.GenericTestFixture_IList&lt;List&lt;Object&gt;&gt;.TestCollectionCount" methodname="TestCollectionCount" classname="NUnit.Framework.Internal.GenericTestFixture_IList`1" runstate="Runnable" seed="1911924937" result="Passed" start-time="2016-02-19 11:52:46Z" end-time="2016-02-19 11:52:46Z" duration="0.000107" asserts="1" />
            </test-suite>
          </test-suite>
          <test-suite type="GenericFixture" id="0-3816" name="GenericTestFixture_Numeric&lt;T&gt;" fullname="NUnit.Framework.Internal.GenericTestFixture_Numeric&lt;T&gt;" runstate="Runnable" testcasecount="2" result="Passed" start-time="2016-02-19 11:52:43Z" end-time="2016-02-19 11:52:46Z" duration="2.183133" total="2" passed="2" failed="0" inconclusive="0" skipped="0" asserts="2">
            <test-suite type="TestFixture" id="0-3812" name="GenericTestFixture_Numeric&lt;Double&gt;" fullname="NUnit.Framework.Internal.GenericTestFixture_Numeric&lt;Double&gt;" classname="NUnit.Framework.Internal.GenericTestFixture_Numeric`1" runstate="Runnable" testcasecount="2" result="Passed" start-time="2016-02-19 11:52:46Z" end-time="2016-02-19 11:52:46Z" duration="0.000891" total="2" passed="2" failed="0" inconclusive="0" skipped="0" asserts="2">
              <test-suite type="ParameterizedMethod" id="0-3815" name="TestMyArgType" fullname="NUnit.Framework.Internal.GenericTestFixture_Numeric`1[[System.Double, mscorlib, Version=4.0.0.0, Culture=neutral, PublicKeyToken=b77a5c561934e089]].TestMyArgType" runstate="Runnable" testcasecount="2" result="Passed" start-time="2016-02-19 11:52:46Z" end-time="2016-02-19 11:52:46Z" duration="0.000693" total="2" passed="2" failed="0" inconclusive="0" skipped="0" asserts="2">
                <test-case id="0-3813" name="TestMyArgType(5.0d)" fullname="NUnit.Framework.Internal.GenericTestFixture_Numeric&lt;Double&gt;.TestMyArgType(5.0d)" methodname="TestMyArgType" classname="NUnit.Framework.Internal.GenericTestFixture_Numeric`1" runstate="Runnable" seed="1337622713" result="Passed" start-time="2016-02-19 11:52:46Z" end-time="2016-02-19 11:52:46Z" duration="0.000373" asserts="1" />
                <test-case id="0-3814" name="TestMyArgType(1.23d)" fullname="NUnit.Framework.Internal.GenericTestFixture_Numeric&lt;Double&gt;.TestMyArgType(1.23d)" methodname="TestMyArgType" classname="NUnit.Framework.Internal.GenericTestFixture_Numeric`1" runstate="Runnable" seed="51754228" result="Passed" start-time="2016-02-19 11:52:46Z" end-time="2016-02-19 11:52:46Z" duration="0.000056" asserts="1" />
              </test-suite>
            </test-suite>
          </test-suite>
          <test-suite type="TestSuite" id="0-5012" name="Filters" fullname="NUnit.Framework.Internal.Filters" runstate="Runnable" testcasecount="97" result="Passed" start-time="2016-02-19 11:52:43Z" end-time="2016-02-19 11:52:46Z" duration="2.189619" total="97" passed="97" failed="0" inconclusive="0" skipped="0" asserts="257">
            <test-suite type="TestFixture" id="0-4407" name="AndFilterTests" fullname="NUnit.Framework.Internal.Filters.AndFilterTests" classname="NUnit.Framework.Internal.Filters.AndFilterTests" runstate="Runnable" testcasecount="6" result="Passed" start-time="2016-02-19 11:52:45Z" end-time="2016-02-19 11:52:46Z" duration="0.026756" total="6" passed="6" failed="0" inconclusive="0" skipped="0" asserts="17">
              <test-case id="0-4412" name="BuildFromXml" fullname="NUnit.Framework.Internal.Filters.AndFilterTests.BuildFromXml" methodname="BuildFromXml" classname="NUnit.Framework.Internal.Filters.AndFilterTests" runstate="Runnable" seed="1491775317" result="Passed" start-time="2016-02-19 11:52:45Z" end-time="2016-02-19 11:52:46Z" duration="0.016018" asserts="3" />
              <test-case id="0-4413" name="BuildFromXml_TopLevelDefaultsToAnd" fullname="NUnit.Framework.Internal.Filters.AndFilterTests.BuildFromXml_TopLevelDefaultsToAnd" methodname="BuildFromXml_TopLevelDefaultsToAnd" classname="NUnit.Framework.Internal.Filters.AndFilterTests" runstate="Runnable" seed="338999622" result="Passed" start-time="2016-02-19 11:52:46Z" end-time="2016-02-19 11:52:46Z" duration="0.000946" asserts="3" />
              <test-case id="0-4411" name="ExplicitMatchTest" fullname="NUnit.Framework.Internal.Filters.AndFilterTests.ExplicitMatchTest" methodname="ExplicitMatchTest" classname="NUnit.Framework.Internal.Filters.AndFilterTests" runstate="Runnable" seed="655375096" result="Passed" start-time="2016-02-19 11:52:46Z" end-time="2016-02-19 11:52:46Z" duration="0.002606" asserts="4" />
              <test-case id="0-4408" name="IsNotEmpty" fullname="NUnit.Framework.Internal.Filters.AndFilterTests.IsNotEmpty" methodname="IsNotEmpty" classname="NUnit.Framework.Internal.Filters.AndFilterTests" runstate="Runnable" seed="1211146222" result="Passed" start-time="2016-02-19 11:52:46Z" end-time="2016-02-19 11:52:46Z" duration="0.000786" asserts="1" />
              <test-case id="0-4409" name="MatchTest" fullname="NUnit.Framework.Internal.Filters.AndFilterTests.MatchTest" methodname="MatchTest" classname="NUnit.Framework.Internal.Filters.AndFilterTests" runstate="Runnable" seed="888349042" result="Passed" start-time="2016-02-19 11:52:46Z" end-time="2016-02-19 11:52:46Z" duration="0.000836" asserts="2" />
              <test-case id="0-4410" name="PassTest" fullname="NUnit.Framework.Internal.Filters.AndFilterTests.PassTest" methodname="PassTest" classname="NUnit.Framework.Internal.Filters.AndFilterTests" runstate="Runnable" seed="903791326" result="Passed" start-time="2016-02-19 11:52:46Z" end-time="2016-02-19 11:52:46Z" duration="0.002842" asserts="4" />
            </test-suite>
            <test-suite type="ParameterizedFixture" id="0-4424" name="CategoryFilterTests" fullname="NUnit.Framework.Internal.Filters.CategoryFilterTests" runstate="Runnable" testcasecount="8" result="Passed" start-time="2016-02-19 11:52:43Z" end-time="2016-02-19 11:52:46Z" duration="2.106008" total="8" passed="8" failed="0" inconclusive="0" skipped="0" asserts="22">
              <test-suite type="TestFixture" id="0-4419" name="CategoryFilterTests(&quot;D.mmy&quot;,True)" fullname="NUnit.Framework.Internal.Filters.CategoryFilterTests(&quot;D.mmy&quot;,True)" classname="NUnit.Framework.Internal.Filters.CategoryFilterTests" runstate="Runnable" testcasecount="4" result="Passed" start-time="2016-02-19 11:52:46Z" end-time="2016-02-19 11:52:46Z" duration="0.003959" total="4" passed="4" failed="0" inconclusive="0" skipped="0" asserts="11">
                <test-case id="0-4423" name="ExplicitMatchTest" fullname="NUnit.Framework.Internal.Filters.CategoryFilterTests(&quot;D.mmy&quot;,True).ExplicitMatchTest" methodname="ExplicitMatchTest" classname="NUnit.Framework.Internal.Filters.CategoryFilterTests" runstate="Runnable" seed="202875029" result="Passed" start-time="2016-02-19 11:52:46Z" end-time="2016-02-19 11:52:46Z" duration="0.001021" asserts="4" />
                <test-case id="0-4420" name="IsNotEmpty" fullname="NUnit.Framework.Internal.Filters.CategoryFilterTests(&quot;D.mmy&quot;,True).IsNotEmpty" methodname="IsNotEmpty" classname="NUnit.Framework.Internal.Filters.CategoryFilterTests" runstate="Runnable" seed="876993851" result="Passed" start-time="2016-02-19 11:52:46Z" end-time="2016-02-19 11:52:46Z" duration="0.000268" asserts="1" />
                <test-case id="0-4421" name="MatchTest" fullname="NUnit.Framework.Internal.Filters.CategoryFilterTests(&quot;D.mmy&quot;,True).MatchTest" methodname="MatchTest" classname="NUnit.Framework.Internal.Filters.CategoryFilterTests" runstate="Runnable" seed="1605444734" result="Passed" start-time="2016-02-19 11:52:46Z" end-time="2016-02-19 11:52:46Z" duration="0.000444" asserts="2" />
                <test-case id="0-4422" name="PassTest" fullname="NUnit.Framework.Internal.Filters.CategoryFilterTests(&quot;D.mmy&quot;,True).PassTest" methodname="PassTest" classname="NUnit.Framework.Internal.Filters.CategoryFilterTests" runstate="Runnable" seed="1168893674" result="Passed" start-time="2016-02-19 11:52:46Z" end-time="2016-02-19 11:52:46Z" duration="0.000747" asserts="4" />
              </test-suite>
              <test-suite type="TestFixture" id="0-4414" name="CategoryFilterTests(&quot;Dummy&quot;,False)" fullname="NUnit.Framework.Internal.Filters.CategoryFilterTests(&quot;Dummy&quot;,False)" classname="NUnit.Framework.Internal.Filters.CategoryFilterTests" runstate="Runnable" testcasecount="4" result="Passed" start-time="2016-02-19 11:52:46Z" end-time="2016-02-19 11:52:46Z" duration="0.002224" total="4" passed="4" failed="0" inconclusive="0" skipped="0" asserts="11">
                <test-case id="0-4418" name="ExplicitMatchTest" fullname="NUnit.Framework.Internal.Filters.CategoryFilterTests(&quot;Dummy&quot;,False).ExplicitMatchTest" methodname="ExplicitMatchTest" classname="NUnit.Framework.Internal.Filters.CategoryFilterTests" runstate="Runnable" seed="1981786307" result="Passed" start-time="2016-02-19 11:52:46Z" end-time="2016-02-19 11:52:46Z" duration="0.000069" asserts="4" />
                <test-case id="0-4415" name="IsNotEmpty" fullname="NUnit.Framework.Internal.Filters.CategoryFilterTests(&quot;Dummy&quot;,False).IsNotEmpty" methodname="IsNotEmpty" classname="NUnit.Framework.Internal.Filters.CategoryFilterTests" runstate="Runnable" seed="2136399266" result="Passed" start-time="2016-02-19 11:52:46Z" end-time="2016-02-19 11:52:46Z" duration="0.000041" asserts="1" />
                <test-case id="0-4416" name="MatchTest" fullname="NUnit.Framework.Internal.Filters.CategoryFilterTests(&quot;Dummy&quot;,False).MatchTest" methodname="MatchTest" classname="NUnit.Framework.Internal.Filters.CategoryFilterTests" runstate="Runnable" seed="232913213" result="Passed" start-time="2016-02-19 11:52:46Z" end-time="2016-02-19 11:52:46Z" duration="0.000046" asserts="2" />
                <test-case id="0-4417" name="PassTest" fullname="NUnit.Framework.Internal.Filters.CategoryFilterTests(&quot;Dummy&quot;,False).PassTest" methodname="PassTest" classname="NUnit.Framework.Internal.Filters.CategoryFilterTests" runstate="Runnable" seed="1065340173" result="Passed" start-time="2016-02-19 11:52:46Z" end-time="2016-02-19 11:52:46Z" duration="0.000059" asserts="4" />
              </test-suite>
            </test-suite>
            <test-suite type="ParameterizedFixture" id="0-4435" name="ClassNameFilterTests" fullname="NUnit.Framework.Internal.Filters.ClassNameFilterTests" runstate="Runnable" testcasecount="8" result="Passed" start-time="2016-02-19 11:52:43Z" end-time="2016-02-19 11:52:46Z" duration="2.112887" total="8" passed="8" failed="0" inconclusive="0" skipped="0" asserts="22">
              <test-suite type="TestFixture" id="0-4430" name="ClassNameFilterTests(&quot;Dummy&quot;,True)" fullname="NUnit.Framework.Internal.Filters.ClassNameFilterTests(&quot;Dummy&quot;,True)" classname="NUnit.Framework.Internal.Filters.ClassNameFilterTests" runstate="Runnable" testcasecount="4" result="Passed" start-time="2016-02-19 11:52:46Z" end-time="2016-02-19 11:52:46Z" duration="0.005704" total="4" passed="4" failed="0" inconclusive="0" skipped="0" asserts="11">
                <test-case id="0-4434" name="ExplicitMatchTest" fullname="NUnit.Framework.Internal.Filters.ClassNameFilterTests(&quot;Dummy&quot;,True).ExplicitMatchTest" methodname="ExplicitMatchTest" classname="NUnit.Framework.Internal.Filters.ClassNameFilterTests" runstate="Runnable" seed="507733460" result="Passed" start-time="2016-02-19 11:52:46Z" end-time="2016-02-19 11:52:46Z" duration="0.000938" asserts="4" />
                <test-case id="0-4431" name="IsNotEmpty" fullname="NUnit.Framework.Internal.Filters.ClassNameFilterTests(&quot;Dummy&quot;,True).IsNotEmpty" methodname="IsNotEmpty" classname="NUnit.Framework.Internal.Filters.ClassNameFilterTests" runstate="Runnable" seed="2069075871" result="Passed" start-time="2016-02-19 11:52:46Z" end-time="2016-02-19 11:52:46Z" duration="0.000266" asserts="1" />
                <test-case id="0-4432" name="MatchTest" fullname="NUnit.Framework.Internal.Filters.ClassNameFilterTests(&quot;Dummy&quot;,True).MatchTest" methodname="MatchTest" classname="NUnit.Framework.Internal.Filters.ClassNameFilterTests" runstate="Runnable" seed="517414521" result="Passed" start-time="2016-02-19 11:52:46Z" end-time="2016-02-19 11:52:46Z" duration="0.000397" asserts="2" />
                <test-case id="0-4433" name="PassTest" fullname="NUnit.Framework.Internal.Filters.ClassNameFilterTests(&quot;Dummy&quot;,True).PassTest" methodname="PassTest" classname="NUnit.Framework.Internal.Filters.ClassNameFilterTests" runstate="Runnable" seed="437006464" result="Passed" start-time="2016-02-19 11:52:46Z" end-time="2016-02-19 11:52:46Z" duration="0.000718" asserts="4" />
              </test-suite>
              <test-suite type="TestFixture" id="0-4425" name="ClassNameFilterTests(&quot;NUnit.Framework.Internal.Filters.Test...&quot;,False)" fullname="NUnit.Framework.Internal.Filters.ClassNameFilterTests(&quot;NUnit.Framework.Internal.Filters.Test...&quot;,False)" classname="NUnit.Framework.Internal.Filters.ClassNameFilterTests" runstate="Runnable" testcasecount="4" result="Passed" start-time="2016-02-19 11:52:46Z" end-time="2016-02-19 11:52:46Z" duration="0.001182" total="4" passed="4" failed="0" inconclusive="0" skipped="0" asserts="11">
                <test-case id="0-4429" name="ExplicitMatchTest" fullname="NUnit.Framework.Internal.Filters.ClassNameFilterTests(&quot;NUnit.Framework.Internal.Filters.Test...&quot;,False).ExplicitMatchTest" methodname="ExplicitMatchTest" classname="NUnit.Framework.Internal.Filters.ClassNameFilterTests" runstate="Runnable" seed="1229186879" result="Passed" start-time="2016-02-19 11:52:46Z" end-time="2016-02-19 11:52:46Z" duration="0.000037" asserts="4" />
                <test-case id="0-4426" name="IsNotEmpty" fullname="NUnit.Framework.Internal.Filters.ClassNameFilterTests(&quot;NUnit.Framework.Internal.Filters.Test...&quot;,False).IsNotEmpty" methodname="IsNotEmpty" classname="NUnit.Framework.Internal.Filters.ClassNameFilterTests" runstate="Runnable" seed="1173961134" result="Passed" start-time="2016-02-19 11:52:46Z" end-time="2016-02-19 11:52:46Z" duration="0.000024" asserts="1" />
                <test-case id="0-4427" name="MatchTest" fullname="NUnit.Framework.Internal.Filters.ClassNameFilterTests(&quot;NUnit.Framework.Internal.Filters.Test...&quot;,False).MatchTest" methodname="MatchTest" classname="NUnit.Framework.Internal.Filters.ClassNameFilterTests" runstate="Runnable" seed="8431222" result="Passed" start-time="2016-02-19 11:52:46Z" end-time="2016-02-19 11:52:46Z" duration="0.000025" asserts="2" />
                <test-case id="0-4428" name="PassTest" fullname="NUnit.Framework.Internal.Filters.ClassNameFilterTests(&quot;NUnit.Framework.Internal.Filters.Test...&quot;,False).PassTest" methodname="PassTest" classname="NUnit.Framework.Internal.Filters.ClassNameFilterTests" runstate="Runnable" seed="573692241" result="Passed" start-time="2016-02-19 11:52:46Z" end-time="2016-02-19 11:52:46Z" duration="0.000029" asserts="4" />
              </test-suite>
            </test-suite>
            <test-suite type="TestFixture" id="0-4492" name="EmptyFilterTests" fullname="NUnit.Framework.Internal.Filters.EmptyFilterTests" classname="NUnit.Framework.Internal.Filters.EmptyFilterTests" runstate="Runnable" testcasecount="5" result="Passed" start-time="2016-02-19 11:52:46Z" end-time="2016-02-19 11:52:46Z" duration="0.003205" total="5" passed="5" failed="0" inconclusive="0" skipped="0" asserts="11">
              <test-case id="0-4494" name="BuildFromXml" fullname="NUnit.Framework.Internal.Filters.EmptyFilterTests.BuildFromXml" methodname="BuildFromXml" classname="NUnit.Framework.Internal.Filters.EmptyFilterTests" runstate="Runnable" seed="113885698" result="Passed" start-time="2016-02-19 11:52:46Z" end-time="2016-02-19 11:52:46Z" duration="0.000373" asserts="1" />
              <test-case id="0-4493" name="IsEmpty" fullname="NUnit.Framework.Internal.Filters.EmptyFilterTests.IsEmpty" methodname="IsEmpty" classname="NUnit.Framework.Internal.Filters.EmptyFilterTests" runstate="Runnable" seed="75491314" result="Passed" start-time="2016-02-19 11:52:46Z" end-time="2016-02-19 11:52:46Z" duration="0.000265" asserts="1" />
              <test-case id="0-4495" name="MatchesAnything" fullname="NUnit.Framework.Internal.Filters.EmptyFilterTests.MatchesAnything" methodname="MatchesAnything" classname="NUnit.Framework.Internal.Filters.EmptyFilterTests" runstate="Runnable" seed="919767921" result="Passed" start-time="2016-02-19 11:52:46Z" end-time="2016-02-19 11:52:46Z" duration="0.000509" asserts="3" />
              <test-case id="0-4497" name="MatchesNothihngExplicitly" fullname="NUnit.Framework.Internal.Filters.EmptyFilterTests.MatchesNothihngExplicitly" methodname="MatchesNothihngExplicitly" classname="NUnit.Framework.Internal.Filters.EmptyFilterTests" runstate="Runnable" seed="717646875" result="Passed" start-time="2016-02-19 11:52:46Z" end-time="2016-02-19 11:52:46Z" duration="0.000515" asserts="3" />
              <test-case id="0-4496" name="PassesAnything" fullname="NUnit.Framework.Internal.Filters.EmptyFilterTests.PassesAnything" methodname="PassesAnything" classname="NUnit.Framework.Internal.Filters.EmptyFilterTests" runstate="Runnable" seed="431416077" result="Passed" start-time="2016-02-19 11:52:46Z" end-time="2016-02-19 11:52:46Z" duration="0.000424" asserts="3" />
            </test-suite>
            <test-suite type="ParameterizedFixture" id="0-4523" name="FullNameFilterTests" fullname="NUnit.Framework.Internal.Filters.FullNameFilterTests" runstate="Runnable" testcasecount="6" result="Passed" start-time="2016-02-19 11:52:43Z" end-time="2016-02-19 11:52:46Z" duration="2.122862" total="6" passed="6" failed="0" inconclusive="0" skipped="0" asserts="14">
              <test-suite type="TestFixture" id="0-4519" name="FullNameFilterTests(&quot;Dummy&quot;,True)" fullname="NUnit.Framework.Internal.Filters.FullNameFilterTests(&quot;Dummy&quot;,True)" classname="NUnit.Framework.Internal.Filters.FullNameFilterTests" runstate="Runnable" testcasecount="3" result="Passed" start-time="2016-02-19 11:52:46Z" end-time="2016-02-19 11:52:46Z" duration="0.004939" total="3" passed="3" failed="0" inconclusive="0" skipped="0" asserts="7">
                <test-case id="0-4520" name="IsNotEmpty" fullname="NUnit.Framework.Internal.Filters.FullNameFilterTests(&quot;Dummy&quot;,True).IsNotEmpty" methodname="IsNotEmpty" classname="NUnit.Framework.Internal.Filters.FullNameFilterTests" runstate="Runnable" seed="1547245245" result="Passed" start-time="2016-02-19 11:52:46Z" end-time="2016-02-19 11:52:46Z" duration="0.000401" asserts="1" />
                <test-case id="0-4521" name="MatchTest" fullname="NUnit.Framework.Internal.Filters.FullNameFilterTests(&quot;Dummy&quot;,True).MatchTest" methodname="MatchTest" classname="NUnit.Framework.Internal.Filters.FullNameFilterTests" runstate="Runnable" seed="627599838" result="Passed" start-time="2016-02-19 11:52:46Z" end-time="2016-02-19 11:52:46Z" duration="0.000722" asserts="2" />
                <test-case id="0-4522" name="PassTest" fullname="NUnit.Framework.Internal.Filters.FullNameFilterTests(&quot;Dummy&quot;,True).PassTest" methodname="PassTest" classname="NUnit.Framework.Internal.Filters.FullNameFilterTests" runstate="Runnable" seed="855771961" result="Passed" start-time="2016-02-19 11:52:46Z" end-time="2016-02-19 11:52:46Z" duration="0.000971" asserts="4" />
              </test-suite>
              <test-suite type="TestFixture" id="0-4515" name="FullNameFilterTests(&quot;NUnit.Framework.Internal.Filters.Test...&quot;,False)" fullname="NUnit.Framework.Internal.Filters.FullNameFilterTests(&quot;NUnit.Framework.Internal.Filters.Test...&quot;,False)" classname="NUnit.Framework.Internal.Filters.FullNameFilterTests" runstate="Runnable" testcasecount="3" result="Passed" start-time="2016-02-19 11:52:46Z" end-time="2016-02-19 11:52:46Z" duration="0.001837" total="3" passed="3" failed="0" inconclusive="0" skipped="0" asserts="7">
                <test-case id="0-4516" name="IsNotEmpty" fullname="NUnit.Framework.Internal.Filters.FullNameFilterTests(&quot;NUnit.Framework.Internal.Filters.Test...&quot;,False).IsNotEmpty" methodname="IsNotEmpty" classname="NUnit.Framework.Internal.Filters.FullNameFilterTests" runstate="Runnable" seed="1319757770" result="Passed" start-time="2016-02-19 11:52:46Z" end-time="2016-02-19 11:52:46Z" duration="0.000044" asserts="1" />
                <test-case id="0-4517" name="MatchTest" fullname="NUnit.Framework.Internal.Filters.FullNameFilterTests(&quot;NUnit.Framework.Internal.Filters.Test...&quot;,False).MatchTest" methodname="MatchTest" classname="NUnit.Framework.Internal.Filters.FullNameFilterTests" runstate="Runnable" seed="1731737485" result="Passed" start-time="2016-02-19 11:52:46Z" end-time="2016-02-19 11:52:46Z" duration="0.000046" asserts="2" />
                <test-case id="0-4518" name="PassTest" fullname="NUnit.Framework.Internal.Filters.FullNameFilterTests(&quot;NUnit.Framework.Internal.Filters.Test...&quot;,False).PassTest" methodname="PassTest" classname="NUnit.Framework.Internal.Filters.FullNameFilterTests" runstate="Runnable" seed="738388167" result="Passed" start-time="2016-02-19 11:52:46Z" end-time="2016-02-19 11:52:46Z" duration="0.000052" asserts="4" />
              </test-suite>
            </test-suite>
            <test-suite type="TestFixture" id="0-4498" name="IdFilterTests" fullname="NUnit.Framework.Internal.Filters.IdFilterTests" classname="NUnit.Framework.Internal.Filters.IdFilterTests" runstate="Runnable" testcasecount="4" result="Passed" start-time="2016-02-19 11:52:46Z" end-time="2016-02-19 11:52:46Z" duration="0.004463" total="4" passed="4" failed="0" inconclusive="0" skipped="0" asserts="11">
              <test-case id="0-4502" name="ExplicitMatchTest" fullname="NUnit.Framework.Internal.Filters.IdFilterTests.ExplicitMatchTest" methodname="ExplicitMatchTest" classname="NUnit.Framework.Internal.Filters.IdFilterTests" runstate="Runnable" seed="1896220866" result="Passed" start-time="2016-02-19 11:52:46Z" end-time="2016-02-19 11:52:46Z" duration="0.000901" asserts="4" />
              <test-case id="0-4499" name="IsNotEmpty" fullname="NUnit.Framework.Internal.Filters.IdFilterTests.IsNotEmpty" methodname="IsNotEmpty" classname="NUnit.Framework.Internal.Filters.IdFilterTests" runstate="Runnable" seed="383899563" result="Passed" start-time="2016-02-19 11:52:46Z" end-time="2016-02-19 11:52:46Z" duration="0.000298" asserts="1" />
              <test-case id="0-4500" name="MatchTest" fullname="NUnit.Framework.Internal.Filters.IdFilterTests.MatchTest" methodname="MatchTest" classname="NUnit.Framework.Internal.Filters.IdFilterTests" runstate="Runnable" seed="1836298590" result="Passed" start-time="2016-02-19 11:52:46Z" end-time="2016-02-19 11:52:46Z" duration="0.000417" asserts="2" />
              <test-case id="0-4501" name="PassTest" fullname="NUnit.Framework.Internal.Filters.IdFilterTests.PassTest" methodname="PassTest" classname="NUnit.Framework.Internal.Filters.IdFilterTests" runstate="Runnable" seed="805641446" result="Passed" start-time="2016-02-19 11:52:46Z" end-time="2016-02-19 11:52:46Z" duration="0.000615" asserts="4" />
            </test-suite>
            <test-suite type="ParameterizedFixture" id="0-4455" name="MethodNameFilterTests" fullname="NUnit.Framework.Internal.Filters.MethodNameFilterTests" runstate="Runnable" testcasecount="6" result="Passed" start-time="2016-02-19 11:52:43Z" end-time="2016-02-19 11:52:46Z" duration="2.131518" total="6" passed="6" failed="0" inconclusive="0" skipped="0" asserts="18">
              <test-suite type="TestFixture" id="0-4451" name="MethodNameFilterTests(&quot;T.st&quot;,True)" fullname="NUnit.Framework.Internal.Filters.MethodNameFilterTests(&quot;T.st&quot;,True)" classname="NUnit.Framework.Internal.Filters.MethodNameFilterTests" runstate="Runnable" testcasecount="3" result="Passed" start-time="2016-02-19 11:52:46Z" end-time="2016-02-19 11:52:46Z" duration="0.003230" total="3" passed="3" failed="0" inconclusive="0" skipped="0" asserts="9">
                <test-case id="0-4452" name="IsNotEmpty" fullname="NUnit.Framework.Internal.Filters.MethodNameFilterTests(&quot;T.st&quot;,True).IsNotEmpty" methodname="IsNotEmpty" classname="NUnit.Framework.Internal.Filters.MethodNameFilterTests" runstate="Runnable" seed="762088274" result="Passed" start-time="2016-02-19 11:52:46Z" end-time="2016-02-19 11:52:46Z" duration="0.000278" asserts="1" />
                <test-case id="0-4453" name="MatchTest" fullname="NUnit.Framework.Internal.Filters.MethodNameFilterTests(&quot;T.st&quot;,True).MatchTest" methodname="MatchTest" classname="NUnit.Framework.Internal.Filters.MethodNameFilterTests" runstate="Runnable" seed="1925476406" result="Passed" start-time="2016-02-19 11:52:46Z" end-time="2016-02-19 11:52:46Z" duration="0.000673" asserts="2" />
                <test-case id="0-4454" name="PassTest" fullname="NUnit.Framework.Internal.Filters.MethodNameFilterTests(&quot;T.st&quot;,True).PassTest" methodname="PassTest" classname="NUnit.Framework.Internal.Filters.MethodNameFilterTests" runstate="Runnable" seed="289434616" result="Passed" start-time="2016-02-19 11:52:46Z" end-time="2016-02-19 11:52:46Z" duration="0.000962" asserts="6" />
              </test-suite>
              <test-suite type="TestFixture" id="0-4447" name="MethodNameFilterTests(&quot;Test&quot;,False)" fullname="NUnit.Framework.Internal.Filters.MethodNameFilterTests(&quot;Test&quot;,False)" classname="NUnit.Framework.Internal.Filters.MethodNameFilterTests" runstate="Runnable" testcasecount="3" result="Passed" start-time="2016-02-19 11:52:46Z" end-time="2016-02-19 11:52:46Z" duration="0.000969" total="3" passed="3" failed="0" inconclusive="0" skipped="0" asserts="9">
                <test-case id="0-4448" name="IsNotEmpty" fullname="NUnit.Framework.Internal.Filters.MethodNameFilterTests(&quot;Test&quot;,False).IsNotEmpty" methodname="IsNotEmpty" classname="NUnit.Framework.Internal.Filters.MethodNameFilterTests" runstate="Runnable" seed="681963301" result="Passed" start-time="2016-02-19 11:52:46Z" end-time="2016-02-19 11:52:46Z" duration="0.000028" asserts="1" />
                <test-case id="0-4449" name="MatchTest" fullname="NUnit.Framework.Internal.Filters.MethodNameFilterTests(&quot;Test&quot;,False).MatchTest" methodname="MatchTest" classname="NUnit.Framework.Internal.Filters.MethodNameFilterTests" runstate="Runnable" seed="1796711410" result="Passed" start-time="2016-02-19 11:52:46Z" end-time="2016-02-19 11:52:46Z" duration="0.000029" asserts="2" />
                <test-case id="0-4450" name="PassTest" fullname="NUnit.Framework.Internal.Filters.MethodNameFilterTests(&quot;Test&quot;,False).PassTest" methodname="PassTest" classname="NUnit.Framework.Internal.Filters.MethodNameFilterTests" runstate="Runnable" seed="2009509761" result="Passed" start-time="2016-02-19 11:52:46Z" end-time="2016-02-19 11:52:46Z" duration="0.000031" asserts="6" />
              </test-suite>
            </test-suite>
            <test-suite type="TestFixture" id="0-4503" name="NotFilterTests" fullname="NUnit.Framework.Internal.Filters.NotFilterTests" classname="NUnit.Framework.Internal.Filters.NotFilterTests" runstate="Runnable" testcasecount="5" result="Passed" start-time="2016-02-19 11:52:46Z" end-time="2016-02-19 11:52:46Z" duration="0.007670" total="5" passed="5" failed="0" inconclusive="0" skipped="0" asserts="25">
              <test-case id="0-4508" name="BuildFromXml" fullname="NUnit.Framework.Internal.Filters.NotFilterTests.BuildFromXml" methodname="BuildFromXml" classname="NUnit.Framework.Internal.Filters.NotFilterTests" runstate="Runnable" seed="1935541242" result="Passed" start-time="2016-02-19 11:52:46Z" end-time="2016-02-19 11:52:46Z" duration="0.002172" asserts="4" />
              <test-case id="0-4507" name="ExplicitMatchTest" fullname="NUnit.Framework.Internal.Filters.NotFilterTests.ExplicitMatchTest" methodname="ExplicitMatchTest" classname="NUnit.Framework.Internal.Filters.NotFilterTests" runstate="Runnable" seed="1912588601" result="Passed" start-time="2016-02-19 11:52:46Z" end-time="2016-02-19 11:52:46Z" duration="0.000909" asserts="5" />
              <test-case id="0-4504" name="IsNotEmpty" fullname="NUnit.Framework.Internal.Filters.NotFilterTests.IsNotEmpty" methodname="IsNotEmpty" classname="NUnit.Framework.Internal.Filters.NotFilterTests" runstate="Runnable" seed="292541149" result="Passed" start-time="2016-02-19 11:52:46Z" end-time="2016-02-19 11:52:46Z" duration="0.000428" asserts="1" />
              <test-case id="0-4505" name="MatchTest" fullname="NUnit.Framework.Internal.Filters.NotFilterTests.MatchTest" methodname="MatchTest" classname="NUnit.Framework.Internal.Filters.NotFilterTests" runstate="Runnable" seed="2011585316" result="Passed" start-time="2016-02-19 11:52:46Z" end-time="2016-02-19 11:52:46Z" duration="0.001114" asserts="7" />
              <test-case id="0-4506" name="PassTest" fullname="NUnit.Framework.Internal.Filters.NotFilterTests.PassTest" methodname="PassTest" classname="NUnit.Framework.Internal.Filters.NotFilterTests" runstate="Runnable" seed="471601915" result="Passed" start-time="2016-02-19 11:52:46Z" end-time="2016-02-19 11:52:46Z" duration="0.001355" asserts="8" />
            </test-suite>
            <test-suite type="TestFixture" id="0-4509" name="OrFilterTests" fullname="NUnit.Framework.Internal.Filters.OrFilterTests" classname="NUnit.Framework.Internal.Filters.OrFilterTests" runstate="Runnable" testcasecount="5" result="Passed" start-time="2016-02-19 11:52:46Z" end-time="2016-02-19 11:52:46Z" duration="0.007087" total="5" passed="5" failed="0" inconclusive="0" skipped="0" asserts="19">
              <test-case id="0-4514" name="BuildFromXml" fullname="NUnit.Framework.Internal.Filters.OrFilterTests.BuildFromXml" methodname="BuildFromXml" classname="NUnit.Framework.Internal.Filters.OrFilterTests" runstate="Runnable" seed="151012828" result="Passed" start-time="2016-02-19 11:52:46Z" end-time="2016-02-19 11:52:46Z" duration="0.001191" asserts="3" />
              <test-case id="0-4513" name="ExplicitMatchTest" fullname="NUnit.Framework.Internal.Filters.OrFilterTests.ExplicitMatchTest" methodname="ExplicitMatchTest" classname="NUnit.Framework.Internal.Filters.OrFilterTests" runstate="Runnable" seed="2070886534" result="Passed" start-time="2016-02-19 11:52:46Z" end-time="2016-02-19 11:52:46Z" duration="0.001076" asserts="6" />
              <test-case id="0-4510" name="IsNotEmpty" fullname="NUnit.Framework.Internal.Filters.OrFilterTests.IsNotEmpty" methodname="IsNotEmpty" classname="NUnit.Framework.Internal.Filters.OrFilterTests" runstate="Runnable" seed="1246925218" result="Passed" start-time="2016-02-19 11:52:46Z" end-time="2016-02-19 11:52:46Z" duration="0.001351" asserts="1" />
              <test-case id="0-4511" name="MatchTest" fullname="NUnit.Framework.Internal.Filters.OrFilterTests.MatchTest" methodname="MatchTest" classname="NUnit.Framework.Internal.Filters.OrFilterTests" runstate="Runnable" seed="2093276863" result="Passed" start-time="2016-02-19 11:52:46Z" end-time="2016-02-19 11:52:46Z" duration="0.000644" asserts="3" />
              <test-case id="0-4512" name="PassTest" fullname="NUnit.Framework.Internal.Filters.OrFilterTests.PassTest" methodname="PassTest" classname="NUnit.Framework.Internal.Filters.OrFilterTests" runstate="Runnable" seed="2008216249" result="Passed" start-time="2016-02-19 11:52:46Z" end-time="2016-02-19 11:52:46Z" duration="0.001490" asserts="6" />
            </test-suite>
            <test-suite type="ParameterizedFixture" id="0-4446" name="PropertyFilterTests" fullname="NUnit.Framework.Internal.Filters.PropertyFilterTests" runstate="Runnable" testcasecount="8" result="Passed" start-time="2016-02-19 11:52:43Z" end-time="2016-02-19 11:52:46Z" duration="2.150630" total="8" passed="8" failed="0" inconclusive="0" skipped="0" asserts="28">
              <test-suite type="TestFixture" id="0-4441" name="PropertyFilterTests(&quot;Author&quot;,&quot;Charlie&quot;,True)" fullname="NUnit.Framework.Internal.Filters.PropertyFilterTests(&quot;Author&quot;,&quot;Charlie&quot;,True)" classname="NUnit.Framework.Internal.Filters.PropertyFilterTests" runstate="Runnable" testcasecount="4" result="Passed" start-time="2016-02-19 11:52:46Z" end-time="2016-02-19 11:52:46Z" duration="0.004237" total="4" passed="4" failed="0" inconclusive="0" skipped="0" asserts="14">
                <test-case id="0-4445" name="ExplicitMatchTest" fullname="NUnit.Framework.Internal.Filters.PropertyFilterTests(&quot;Author&quot;,&quot;Charlie&quot;,True).ExplicitMatchTest" methodname="ExplicitMatchTest" classname="NUnit.Framework.Internal.Filters.PropertyFilterTests" runstate="Runnable" seed="1968336138" result="Passed" start-time="2016-02-19 11:52:46Z" end-time="2016-02-19 11:52:46Z" duration="0.001407" asserts="5" />
                <test-case id="0-4442" name="IsNotEmpty" fullname="NUnit.Framework.Internal.Filters.PropertyFilterTests(&quot;Author&quot;,&quot;Charlie&quot;,True).IsNotEmpty" methodname="IsNotEmpty" classname="NUnit.Framework.Internal.Filters.PropertyFilterTests" runstate="Runnable" seed="874787267" result="Passed" start-time="2016-02-19 11:52:46Z" end-time="2016-02-19 11:52:46Z" duration="0.000242" asserts="1" />
                <test-case id="0-4443" name="MatchTest" fullname="NUnit.Framework.Internal.Filters.PropertyFilterTests(&quot;Author&quot;,&quot;Charlie&quot;,True).MatchTest" methodname="MatchTest" classname="NUnit.Framework.Internal.Filters.PropertyFilterTests" runstate="Runnable" seed="779378257" result="Passed" start-time="2016-02-19 11:52:46Z" end-time="2016-02-19 11:52:46Z" duration="0.000473" asserts="3" />
                <test-case id="0-4444" name="PassTest" fullname="NUnit.Framework.Internal.Filters.PropertyFilterTests(&quot;Author&quot;,&quot;Charlie&quot;,True).PassTest" methodname="PassTest" classname="NUnit.Framework.Internal.Filters.PropertyFilterTests" runstate="Runnable" seed="1392187715" result="Passed" start-time="2016-02-19 11:52:46Z" end-time="2016-02-19 11:52:46Z" duration="0.000696" asserts="5" />
              </test-suite>
              <test-suite type="TestFixture" id="0-4436" name="PropertyFilterTests(&quot;Priority&quot;,&quot;High&quot;,False)" fullname="NUnit.Framework.Internal.Filters.PropertyFilterTests(&quot;Priority&quot;,&quot;High&quot;,False)" classname="NUnit.Framework.Internal.Filters.PropertyFilterTests" runstate="Runnable" testcasecount="4" result="Passed" start-time="2016-02-19 11:52:46Z" end-time="2016-02-19 11:52:46Z" duration="0.002296" total="4" passed="4" failed="0" inconclusive="0" skipped="0" asserts="14">
                <test-case id="0-4440" name="ExplicitMatchTest" fullname="NUnit.Framework.Internal.Filters.PropertyFilterTests(&quot;Priority&quot;,&quot;High&quot;,False).ExplicitMatchTest" methodname="ExplicitMatchTest" classname="NUnit.Framework.Internal.Filters.PropertyFilterTests" runstate="Runnable" seed="1460212349" result="Passed" start-time="2016-02-19 11:52:46Z" end-time="2016-02-19 11:52:46Z" duration="0.000067" asserts="5" />
                <test-case id="0-4437" name="IsNotEmpty" fullname="NUnit.Framework.Internal.Filters.PropertyFilterTests(&quot;Priority&quot;,&quot;High&quot;,False).IsNotEmpty" methodname="IsNotEmpty" classname="NUnit.Framework.Internal.Filters.PropertyFilterTests" runstate="Runnable" seed="1702785005" result="Passed" start-time="2016-02-19 11:52:46Z" end-time="2016-02-19 11:52:46Z" duration="0.000043" asserts="1" />
                <test-case id="0-4438" name="MatchTest" fullname="NUnit.Framework.Internal.Filters.PropertyFilterTests(&quot;Priority&quot;,&quot;High&quot;,False).MatchTest" methodname="MatchTest" classname="NUnit.Framework.Internal.Filters.PropertyFilterTests" runstate="Runnable" seed="782882471" result="Passed" start-time="2016-02-19 11:52:46Z" end-time="2016-02-19 11:52:46Z" duration="0.000050" asserts="3" />
                <test-case id="0-4439" name="PassTest" fullname="NUnit.Framework.Internal.Filters.PropertyFilterTests(&quot;Priority&quot;,&quot;High&quot;,False).PassTest" methodname="PassTest" classname="NUnit.Framework.Internal.Filters.PropertyFilterTests" runstate="Runnable" seed="2115991951" result="Passed" start-time="2016-02-19 11:52:46Z" end-time="2016-02-19 11:52:46Z" duration="0.000428" asserts="5" />
              </test-suite>
            </test-suite>
            <test-suite type="TestFixture" id="0-4948" name="TestFilterTests+AnotherFixture" fullname="NUnit.Framework.Internal.Filters.TestFilterTests+AnotherFixture" classname="NUnit.Framework.Internal.Filters.TestFilterTests+AnotherFixture" runstate="Runnable" testcasecount="1" result="Passed" start-time="2016-02-19 11:52:46Z" end-time="2016-02-19 11:52:46Z" duration="0.000281" total="1" passed="1" failed="0" inconclusive="0" skipped="0" asserts="0">
              <properties>
                <property name="Category" value="Another" />
                <property name="Priority" value="Low" />
                <property name="Author" value="Fred Smith" />
              </properties>
              <test-case id="0-4949" name="Test" fullname="NUnit.Framework.Internal.Filters.TestFilterTests+AnotherFixture.Test" methodname="Test" classname="NUnit.Framework.Internal.Filters.TestFilterTests+AnotherFixture" runstate="Runnable" seed="854650412" result="Passed" start-time="2016-02-19 11:52:46Z" end-time="2016-02-19 11:52:46Z" duration="0.000097" asserts="0" />
            </test-suite>
            <test-suite type="TestFixture" id="0-4946" name="TestFilterTests+DummyFixture" fullname="NUnit.Framework.Internal.Filters.TestFilterTests+DummyFixture" classname="NUnit.Framework.Internal.Filters.TestFilterTests+DummyFixture" runstate="Runnable" testcasecount="1" result="Passed" start-time="2016-02-19 11:52:46Z" end-time="2016-02-19 11:52:46Z" duration="0.000315" total="1" passed="1" failed="0" inconclusive="0" skipped="0" asserts="0">
              <properties>
                <property name="Category" value="Dummy" />
                <property name="Priority" value="High" />
                <property name="Author" value="Charlie Poole" />
              </properties>
              <test-case id="0-4947" name="Test" fullname="NUnit.Framework.Internal.Filters.TestFilterTests+DummyFixture.Test" methodname="Test" classname="NUnit.Framework.Internal.Filters.TestFilterTests+DummyFixture" runstate="Runnable" seed="456672229" result="Passed" start-time="2016-02-19 11:52:46Z" end-time="2016-02-19 11:52:46Z" duration="0.000095" asserts="0" />
            </test-suite>
            <test-suite type="TestFixture" id="0-4950" name="TestFilterTests+FixtureWithMultipleTests" fullname="NUnit.Framework.Internal.Filters.TestFilterTests+FixtureWithMultipleTests" classname="NUnit.Framework.Internal.Filters.TestFilterTests+FixtureWithMultipleTests" runstate="Runnable" testcasecount="2" result="Passed" start-time="2016-02-19 11:52:46Z" end-time="2016-02-19 11:52:46Z" duration="0.000420" total="2" passed="2" failed="0" inconclusive="0" skipped="0" asserts="0">
              <test-case id="0-4951" name="Test1" fullname="NUnit.Framework.Internal.Filters.TestFilterTests+FixtureWithMultipleTests.Test1" methodname="Test1" classname="NUnit.Framework.Internal.Filters.TestFilterTests+FixtureWithMultipleTests" runstate="Runnable" seed="360793551" result="Passed" start-time="2016-02-19 11:52:46Z" end-time="2016-02-19 11:52:46Z" duration="0.000067" asserts="0" />
              <test-case id="0-4952" name="Test2" fullname="NUnit.Framework.Internal.Filters.TestFilterTests+FixtureWithMultipleTests.Test2" methodname="Test2" classname="NUnit.Framework.Internal.Filters.TestFilterTests+FixtureWithMultipleTests" runstate="Runnable" seed="1293642783" result="Passed" start-time="2016-02-19 11:52:46Z" end-time="2016-02-19 11:52:46Z" duration="0.000097" asserts="0">
                <properties>
                  <property name="Category" value="Dummy" />
                </properties>
              </test-case>
            </test-suite>
            <test-suite type="ParameterizedFixture" id="0-4491" name="TestNameFilterTests" fullname="NUnit.Framework.Internal.Filters.TestNameFilterTests" runstate="Runnable" testcasecount="6" result="Passed" start-time="2016-02-19 11:52:43Z" end-time="2016-02-19 11:52:46Z" duration="2.158224" total="6" passed="6" failed="0" inconclusive="0" skipped="0" asserts="14">
              <test-suite type="TestFixture" id="0-4487" name="TestNameFilterTests(&quot;Dummy&quot;,True)" fullname="NUnit.Framework.Internal.Filters.TestNameFilterTests(&quot;Dummy&quot;,True)" classname="NUnit.Framework.Internal.Filters.TestNameFilterTests" runstate="Runnable" testcasecount="3" result="Passed" start-time="2016-02-19 11:52:46Z" end-time="2016-02-19 11:52:46Z" duration="0.005362" total="3" passed="3" failed="0" inconclusive="0" skipped="0" asserts="7">
                <test-case id="0-4488" name="IsNotEmpty" fullname="NUnit.Framework.Internal.Filters.TestNameFilterTests(&quot;Dummy&quot;,True).IsNotEmpty" methodname="IsNotEmpty" classname="NUnit.Framework.Internal.Filters.TestNameFilterTests" runstate="Runnable" seed="662075148" result="Passed" start-time="2016-02-19 11:52:46Z" end-time="2016-02-19 11:52:46Z" duration="0.000417" asserts="1" />
                <test-case id="0-4489" name="MatchTest" fullname="NUnit.Framework.Internal.Filters.TestNameFilterTests(&quot;Dummy&quot;,True).MatchTest" methodname="MatchTest" classname="NUnit.Framework.Internal.Filters.TestNameFilterTests" runstate="Runnable" seed="385755410" result="Passed" start-time="2016-02-19 11:52:46Z" end-time="2016-02-19 11:52:46Z" duration="0.000733" asserts="2" />
                <test-case id="0-4490" name="PassTest" fullname="NUnit.Framework.Internal.Filters.TestNameFilterTests(&quot;Dummy&quot;,True).PassTest" methodname="PassTest" classname="NUnit.Framework.Internal.Filters.TestNameFilterTests" runstate="Runnable" seed="816008832" result="Passed" start-time="2016-02-19 11:52:46Z" end-time="2016-02-19 11:52:46Z" duration="0.000997" asserts="4" />
              </test-suite>
              <test-suite type="TestFixture" id="0-4483" name="TestNameFilterTests(&quot;TestFilterTests+DummyFixture&quot;,False)" fullname="NUnit.Framework.Internal.Filters.TestNameFilterTests(&quot;TestFilterTests+DummyFixture&quot;,False)" classname="NUnit.Framework.Internal.Filters.TestNameFilterTests" runstate="Runnable" testcasecount="3" result="Passed" start-time="2016-02-19 11:52:46Z" end-time="2016-02-19 11:52:46Z" duration="0.001683" total="3" passed="3" failed="0" inconclusive="0" skipped="0" asserts="7">
                <test-case id="0-4484" name="IsNotEmpty" fullname="NUnit.Framework.Internal.Filters.TestNameFilterTests(&quot;TestFilterTests+DummyFixture&quot;,False).IsNotEmpty" methodname="IsNotEmpty" classname="NUnit.Framework.Internal.Filters.TestNameFilterTests" runstate="Runnable" seed="671151277" result="Passed" start-time="2016-02-19 11:52:46Z" end-time="2016-02-19 11:52:46Z" duration="0.000045" asserts="1" />
                <test-case id="0-4485" name="MatchTest" fullname="NUnit.Framework.Internal.Filters.TestNameFilterTests(&quot;TestFilterTests+DummyFixture&quot;,False).MatchTest" methodname="MatchTest" classname="NUnit.Framework.Internal.Filters.TestNameFilterTests" runstate="Runnable" seed="1914783765" result="Passed" start-time="2016-02-19 11:52:46Z" end-time="2016-02-19 11:52:46Z" duration="0.000045" asserts="2" />
                <test-case id="0-4486" name="PassTest" fullname="NUnit.Framework.Internal.Filters.TestNameFilterTests(&quot;TestFilterTests+DummyFixture&quot;,False).PassTest" methodname="PassTest" classname="NUnit.Framework.Internal.Filters.TestNameFilterTests" runstate="Runnable" seed="1489255335" result="Passed" start-time="2016-02-19 11:52:46Z" end-time="2016-02-19 11:52:46Z" duration="0.000057" asserts="4" />
              </test-suite>
            </test-suite>
            <test-suite type="TestFixture" id="0-4456" name="TestFilterXmlTests" fullname="NUnit.Framework.Internal.Filters.TestFilterXmlTests" classname="NUnit.Framework.Internal.Filters.TestFilterXmlTests" runstate="Runnable" testcasecount="26" result="Passed" start-time="2016-02-19 11:52:46Z" end-time="2016-02-19 11:52:46Z" duration="0.038503" total="26" passed="26" failed="0" inconclusive="0" skipped="0" asserts="56">
              <test-case id="0-4463" name="BuildMethodNameFilter_FromXml_Regex" fullname="NUnit.Framework.Internal.Filters.TestFilterXmlTests.BuildMethodNameFilter_FromXml_Regex" methodname="BuildMethodNameFilter_FromXml_Regex" classname="NUnit.Framework.Internal.Filters.TestFilterXmlTests" runstate="Runnable" seed="2084144852" result="Passed" start-time="2016-02-19 11:52:46Z" end-time="2016-02-19 11:52:46Z" duration="0.001728" asserts="4" />
              <test-case id="0-4473" name="CategoryFilter_FromXml" fullname="NUnit.Framework.Internal.Filters.TestFilterXmlTests.CategoryFilter_FromXml" methodname="CategoryFilter_FromXml" classname="NUnit.Framework.Internal.Filters.TestFilterXmlTests" runstate="Runnable" seed="1045079609" result="Passed" start-time="2016-02-19 11:52:46Z" end-time="2016-02-19 11:52:46Z" duration="0.000853" asserts="3" />
              <test-case id="0-4475" name="CategoryFilter_FromXml_Regex" fullname="NUnit.Framework.Internal.Filters.TestFilterXmlTests.CategoryFilter_FromXml_Regex" methodname="CategoryFilter_FromXml_Regex" classname="NUnit.Framework.Internal.Filters.TestFilterXmlTests" runstate="Runnable" seed="226944467" result="Passed" start-time="2016-02-19 11:52:46Z" end-time="2016-02-19 11:52:46Z" duration="0.000883" asserts="3" />
              <test-case id="0-4474" name="CategoryFilter_ToXml" fullname="NUnit.Framework.Internal.Filters.TestFilterXmlTests.CategoryFilter_ToXml" methodname="CategoryFilter_ToXml" classname="NUnit.Framework.Internal.Filters.TestFilterXmlTests" runstate="Runnable" seed="1845420102" result="Passed" start-time="2016-02-19 11:52:46Z" end-time="2016-02-19 11:52:46Z" duration="0.005826" asserts="1" />
              <test-case id="0-4476" name="CategoryFilter_ToXml_Regex" fullname="NUnit.Framework.Internal.Filters.TestFilterXmlTests.CategoryFilter_ToXml_Regex" methodname="CategoryFilter_ToXml_Regex" classname="NUnit.Framework.Internal.Filters.TestFilterXmlTests" runstate="Runnable" seed="187679525" result="Passed" start-time="2016-02-19 11:52:46Z" end-time="2016-02-19 11:52:46Z" duration="0.000698" asserts="1" />
              <test-case id="0-4457" name="ClassNameFilter_FromXml" fullname="NUnit.Framework.Internal.Filters.TestFilterXmlTests.ClassNameFilter_FromXml" methodname="ClassNameFilter_FromXml" classname="NUnit.Framework.Internal.Filters.TestFilterXmlTests" runstate="Runnable" seed="186914948" result="Passed" start-time="2016-02-19 11:52:46Z" end-time="2016-02-19 11:52:46Z" duration="0.000868" asserts="3" />
              <test-case id="0-4459" name="ClassNameFilter_FromXml_Regex" fullname="NUnit.Framework.Internal.Filters.TestFilterXmlTests.ClassNameFilter_FromXml_Regex" methodname="ClassNameFilter_FromXml_Regex" classname="NUnit.Framework.Internal.Filters.TestFilterXmlTests" runstate="Runnable" seed="732177286" result="Passed" start-time="2016-02-19 11:52:46Z" end-time="2016-02-19 11:52:46Z" duration="0.000893" asserts="3" />
              <test-case id="0-4458" name="ClassNameFilter_ToXml" fullname="NUnit.Framework.Internal.Filters.TestFilterXmlTests.ClassNameFilter_ToXml" methodname="ClassNameFilter_ToXml" classname="NUnit.Framework.Internal.Filters.TestFilterXmlTests" runstate="Runnable" seed="1839825636" result="Passed" start-time="2016-02-19 11:52:46Z" end-time="2016-02-19 11:52:46Z" duration="0.000737" asserts="1" />
              <test-case id="0-4460" name="ClassNameFilter_ToXml_Regex" fullname="NUnit.Framework.Internal.Filters.TestFilterXmlTests.ClassNameFilter_ToXml_Regex" methodname="ClassNameFilter_ToXml_Regex" classname="NUnit.Framework.Internal.Filters.TestFilterXmlTests" runstate="Runnable" seed="259959904" result="Passed" start-time="2016-02-19 11:52:46Z" end-time="2016-02-19 11:52:46Z" duration="0.000658" asserts="1" />
              <test-case id="0-4469" name="FullNameFilter_FromXml" fullname="NUnit.Framework.Internal.Filters.TestFilterXmlTests.FullNameFilter_FromXml" methodname="FullNameFilter_FromXml" classname="NUnit.Framework.Internal.Filters.TestFilterXmlTests" runstate="Runnable" seed="2129361466" result="Passed" start-time="2016-02-19 11:52:46Z" end-time="2016-02-19 11:52:46Z" duration="0.000888" asserts="3" />
              <test-case id="0-4471" name="FullNameFilter_FromXml_Regex" fullname="NUnit.Framework.Internal.Filters.TestFilterXmlTests.FullNameFilter_FromXml_Regex" methodname="FullNameFilter_FromXml_Regex" classname="NUnit.Framework.Internal.Filters.TestFilterXmlTests" runstate="Runnable" seed="1293922909" result="Passed" start-time="2016-02-19 11:52:46Z" end-time="2016-02-19 11:52:46Z" duration="0.002653" asserts="3" />
              <test-case id="0-4470" name="FullNameFilter_ToXml" fullname="NUnit.Framework.Internal.Filters.TestFilterXmlTests.FullNameFilter_ToXml" methodname="FullNameFilter_ToXml" classname="NUnit.Framework.Internal.Filters.TestFilterXmlTests" runstate="Runnable" seed="641621990" result="Passed" start-time="2016-02-19 11:52:46Z" end-time="2016-02-19 11:52:46Z" duration="0.000703" asserts="1" />
              <test-case id="0-4472" name="FullNameFilter_ToXml_Regex" fullname="NUnit.Framework.Internal.Filters.TestFilterXmlTests.FullNameFilter_ToXml_Regex" methodname="FullNameFilter_ToXml_Regex" classname="NUnit.Framework.Internal.Filters.TestFilterXmlTests" runstate="Runnable" seed="1668340936" result="Passed" start-time="2016-02-19 11:52:46Z" end-time="2016-02-19 11:52:46Z" duration="0.000625" asserts="1" />
              <test-case id="0-4481" name="IdFilter_FromXml" fullname="NUnit.Framework.Internal.Filters.TestFilterXmlTests.IdFilter_FromXml" methodname="IdFilter_FromXml" classname="NUnit.Framework.Internal.Filters.TestFilterXmlTests" runstate="Runnable" seed="2135260377" result="Passed" start-time="2016-02-19 11:52:46Z" end-time="2016-02-19 11:52:46Z" duration="0.001179" asserts="3" />
              <test-case id="0-4482" name="IdFilter_ToXml" fullname="NUnit.Framework.Internal.Filters.TestFilterXmlTests.IdFilter_ToXml" methodname="IdFilter_ToXml" classname="NUnit.Framework.Internal.Filters.TestFilterXmlTests" runstate="Runnable" seed="1404323496" result="Passed" start-time="2016-02-19 11:52:46Z" end-time="2016-02-19 11:52:46Z" duration="0.000675" asserts="1" />
              <test-case id="0-4461" name="MethodNameFilter_FromXml" fullname="NUnit.Framework.Internal.Filters.TestFilterXmlTests.MethodNameFilter_FromXml" methodname="MethodNameFilter_FromXml" classname="NUnit.Framework.Internal.Filters.TestFilterXmlTests" runstate="Runnable" seed="2095082724" result="Passed" start-time="2016-02-19 11:52:46Z" end-time="2016-02-19 11:52:46Z" duration="0.001303" asserts="4" />
              <test-case id="0-4462" name="MethodNameFilter_ToXml" fullname="NUnit.Framework.Internal.Filters.TestFilterXmlTests.MethodNameFilter_ToXml" methodname="MethodNameFilter_ToXml" classname="NUnit.Framework.Internal.Filters.TestFilterXmlTests" runstate="Runnable" seed="893805428" result="Passed" start-time="2016-02-19 11:52:46Z" end-time="2016-02-19 11:52:46Z" duration="0.000692" asserts="1" />
              <test-case id="0-4464" name="MethodNameFilter_ToXml_Regex" fullname="NUnit.Framework.Internal.Filters.TestFilterXmlTests.MethodNameFilter_ToXml_Regex" methodname="MethodNameFilter_ToXml_Regex" classname="NUnit.Framework.Internal.Filters.TestFilterXmlTests" runstate="Runnable" seed="1992173166" result="Passed" start-time="2016-02-19 11:52:46Z" end-time="2016-02-19 11:52:46Z" duration="0.000754" asserts="1" />
              <test-case id="0-4477" name="PropertyFilter_FromXml" fullname="NUnit.Framework.Internal.Filters.TestFilterXmlTests.PropertyFilter_FromXml" methodname="PropertyFilter_FromXml" classname="NUnit.Framework.Internal.Filters.TestFilterXmlTests" runstate="Runnable" seed="508022453" result="Passed" start-time="2016-02-19 11:52:46Z" end-time="2016-02-19 11:52:46Z" duration="0.001872" asserts="4" />
              <test-case id="0-4479" name="PropertyFilter_FromXml_Regex" fullname="NUnit.Framework.Internal.Filters.TestFilterXmlTests.PropertyFilter_FromXml_Regex" methodname="PropertyFilter_FromXml_Regex" classname="NUnit.Framework.Internal.Filters.TestFilterXmlTests" runstate="Runnable" seed="124248501" result="Passed" start-time="2016-02-19 11:52:46Z" end-time="2016-02-19 11:52:46Z" duration="0.000960" asserts="4" />
              <test-case id="0-4478" name="PropertyFilter_ToXml" fullname="NUnit.Framework.Internal.Filters.TestFilterXmlTests.PropertyFilter_ToXml" methodname="PropertyFilter_ToXml" classname="NUnit.Framework.Internal.Filters.TestFilterXmlTests" runstate="Runnable" seed="1230236744" result="Passed" start-time="2016-02-19 11:52:46Z" end-time="2016-02-19 11:52:46Z" duration="0.001140" asserts="1" />
              <test-case id="0-4480" name="PropertyFilter_ToXml_Regex" fullname="NUnit.Framework.Internal.Filters.TestFilterXmlTests.PropertyFilter_ToXml_Regex" methodname="PropertyFilter_ToXml_Regex" classname="NUnit.Framework.Internal.Filters.TestFilterXmlTests" runstate="Runnable" seed="571559641" result="Passed" start-time="2016-02-19 11:52:46Z" end-time="2016-02-19 11:52:46Z" duration="0.000767" asserts="1" />
              <test-case id="0-4465" name="TestNameFilter_FromXml" fullname="NUnit.Framework.Internal.Filters.TestFilterXmlTests.TestNameFilter_FromXml" methodname="TestNameFilter_FromXml" classname="NUnit.Framework.Internal.Filters.TestFilterXmlTests" runstate="Runnable" seed="1449839737" result="Passed" start-time="2016-02-19 11:52:46Z" end-time="2016-02-19 11:52:46Z" duration="0.000909" asserts="3" />
              <test-case id="0-4467" name="TestNameFilter_FromXml_Regex" fullname="NUnit.Framework.Internal.Filters.TestFilterXmlTests.TestNameFilter_FromXml_Regex" methodname="TestNameFilter_FromXml_Regex" classname="NUnit.Framework.Internal.Filters.TestFilterXmlTests" runstate="Runnable" seed="1661855495" result="Passed" start-time="2016-02-19 11:52:46Z" end-time="2016-02-19 11:52:46Z" duration="0.000882" asserts="3" />
              <test-case id="0-4466" name="TestNameFilter_ToXml" fullname="NUnit.Framework.Internal.Filters.TestFilterXmlTests.TestNameFilter_ToXml" methodname="TestNameFilter_ToXml" classname="NUnit.Framework.Internal.Filters.TestFilterXmlTests" runstate="Runnable" seed="219180242" result="Passed" start-time="2016-02-19 11:52:46Z" end-time="2016-02-19 11:52:46Z" duration="0.000649" asserts="1" />
              <test-case id="0-4468" name="TestNameFilter_ToXml_Regex" fullname="NUnit.Framework.Internal.Filters.TestFilterXmlTests.TestNameFilter_ToXml_Regex" methodname="TestNameFilter_ToXml_Regex" classname="NUnit.Framework.Internal.Filters.TestFilterXmlTests" runstate="Runnable" seed="766697834" result="Passed" start-time="2016-02-19 11:52:46Z" end-time="2016-02-19 11:52:46Z" duration="0.000665" asserts="1" />
            </test-suite>
          </test-suite>
          <test-suite type="TestFixture" id="0-4283" name="IgnoredResultTests" fullname="NUnit.Framework.Internal.IgnoredResultTests" classname="NUnit.Framework.Internal.IgnoredResultTests" runstate="Runnable" testcasecount="9" result="Passed" start-time="2016-02-19 11:52:46Z" end-time="2016-02-19 11:52:46Z" duration="0.025137" total="9" passed="9" failed="0" inconclusive="0" skipped="0" asserts="47">
            <test-case id="0-4290" name="SuiteResultBasicInfo" fullname="NUnit.Framework.Internal.IgnoredResultTests.SuiteResultBasicInfo" methodname="SuiteResultBasicInfo" classname="NUnit.Framework.Internal.IgnoredResultTests" runstate="Runnable" seed="1745430536" result="Passed" start-time="2016-02-19 11:52:46Z" end-time="2016-02-19 11:52:46Z" duration="0.000526" asserts="2" />
            <test-case id="0-4285" name="SuiteResultIsIgnored" fullname="NUnit.Framework.Internal.IgnoredResultTests.SuiteResultIsIgnored" methodname="SuiteResultIsIgnored" classname="NUnit.Framework.Internal.IgnoredResultTests" runstate="Runnable" seed="1372693515" result="Passed" start-time="2016-02-19 11:52:46Z" end-time="2016-02-19 11:52:46Z" duration="0.002026" asserts="8" />
            <test-case id="0-4292" name="SuiteResultXmlNodeBasicInfo" fullname="NUnit.Framework.Internal.IgnoredResultTests.SuiteResultXmlNodeBasicInfo" methodname="SuiteResultXmlNodeBasicInfo" classname="NUnit.Framework.Internal.IgnoredResultTests" runstate="Runnable" seed="1157795418" result="Passed" start-time="2016-02-19 11:52:46Z" end-time="2016-02-19 11:52:46Z" duration="0.003592" asserts="7" />
            <test-case id="0-4288" name="SuiteResultXmlNodeHasOneChildTest" fullname="NUnit.Framework.Internal.IgnoredResultTests.SuiteResultXmlNodeHasOneChildTest" methodname="SuiteResultXmlNodeHasOneChildTest" classname="NUnit.Framework.Internal.IgnoredResultTests" runstate="Runnable" seed="1485795641" result="Passed" start-time="2016-02-19 11:52:46Z" end-time="2016-02-19 11:52:46Z" duration="0.002821" asserts="1" />
            <test-case id="0-4287" name="SuiteResultXmlNodeIsIgnored" fullname="NUnit.Framework.Internal.IgnoredResultTests.SuiteResultXmlNodeIsIgnored" methodname="SuiteResultXmlNodeIsIgnored" classname="NUnit.Framework.Internal.IgnoredResultTests" runstate="Runnable" seed="935050646" result="Passed" start-time="2016-02-19 11:52:46Z" end-time="2016-02-19 11:52:46Z" duration="0.005296" asserts="8" />
            <test-case id="0-4289" name="TestResultBasicInfo" fullname="NUnit.Framework.Internal.IgnoredResultTests.TestResultBasicInfo" methodname="TestResultBasicInfo" classname="NUnit.Framework.Internal.IgnoredResultTests" runstate="Runnable" seed="1143909471" result="Passed" start-time="2016-02-19 11:52:46Z" end-time="2016-02-19 11:52:46Z" duration="0.000111" asserts="2" />
            <test-case id="0-4284" name="TestResultIsIgnored" fullname="NUnit.Framework.Internal.IgnoredResultTests.TestResultIsIgnored" methodname="TestResultIsIgnored" classname="NUnit.Framework.Internal.IgnoredResultTests" runstate="Runnable" seed="660532936" result="Passed" start-time="2016-02-19 11:52:46Z" end-time="2016-02-19 11:52:46Z" duration="0.001097" asserts="4" />
            <test-case id="0-4291" name="TestResultXmlNodeBasicInfo" fullname="NUnit.Framework.Internal.IgnoredResultTests.TestResultXmlNodeBasicInfo" methodname="TestResultXmlNodeBasicInfo" classname="NUnit.Framework.Internal.IgnoredResultTests" runstate="Runnable" seed="622699712" result="Passed" start-time="2016-02-19 11:52:46Z" end-time="2016-02-19 11:52:46Z" duration="0.002610" asserts="8" />
            <test-case id="0-4286" name="TestResultXmlNodeIsIgnored" fullname="NUnit.Framework.Internal.IgnoredResultTests.TestResultXmlNodeIsIgnored" methodname="TestResultXmlNodeIsIgnored" classname="NUnit.Framework.Internal.IgnoredResultTests" runstate="Runnable" seed="766583321" result="Passed" start-time="2016-02-19 11:52:46Z" end-time="2016-02-19 11:52:46Z" duration="0.004149" asserts="7" />
          </test-suite>
          <test-suite type="TestFixture" id="0-4314" name="InconclusiveResultTests" fullname="NUnit.Framework.Internal.InconclusiveResultTests" classname="NUnit.Framework.Internal.InconclusiveResultTests" runstate="Runnable" testcasecount="9" result="Passed" start-time="2016-02-19 11:52:46Z" end-time="2016-02-19 11:52:46Z" duration="0.026677" total="9" passed="9" failed="0" inconclusive="0" skipped="0" asserts="46">
            <test-case id="0-4321" name="SuiteResultBasicInfo" fullname="NUnit.Framework.Internal.InconclusiveResultTests.SuiteResultBasicInfo" methodname="SuiteResultBasicInfo" classname="NUnit.Framework.Internal.InconclusiveResultTests" runstate="Runnable" seed="1166386974" result="Passed" start-time="2016-02-19 11:52:46Z" end-time="2016-02-19 11:52:46Z" duration="0.001400" asserts="2" />
            <test-case id="0-4316" name="SuiteResultIsInconclusive" fullname="NUnit.Framework.Internal.InconclusiveResultTests.SuiteResultIsInconclusive" methodname="SuiteResultIsInconclusive" classname="NUnit.Framework.Internal.InconclusiveResultTests" runstate="Runnable" seed="1646377531" result="Passed" start-time="2016-02-19 11:52:46Z" end-time="2016-02-19 11:52:46Z" duration="0.002074" asserts="8" />
            <test-case id="0-4323" name="SuiteResultXmlNodeBasicInfo" fullname="NUnit.Framework.Internal.InconclusiveResultTests.SuiteResultXmlNodeBasicInfo" methodname="SuiteResultXmlNodeBasicInfo" classname="NUnit.Framework.Internal.InconclusiveResultTests" runstate="Runnable" seed="1645470402" result="Passed" start-time="2016-02-19 11:52:46Z" end-time="2016-02-19 11:52:46Z" duration="0.002103" asserts="7" />
            <test-case id="0-4319" name="SuiteResultXmlNodeHasOneChildTest" fullname="NUnit.Framework.Internal.InconclusiveResultTests.SuiteResultXmlNodeHasOneChildTest" methodname="SuiteResultXmlNodeHasOneChildTest" classname="NUnit.Framework.Internal.InconclusiveResultTests" runstate="Runnable" seed="1490594460" result="Passed" start-time="2016-02-19 11:52:46Z" end-time="2016-02-19 11:52:46Z" duration="0.003618" asserts="1" />
            <test-case id="0-4318" name="SuiteResultXmlNodeIsInconclusive" fullname="NUnit.Framework.Internal.InconclusiveResultTests.SuiteResultXmlNodeIsInconclusive" methodname="SuiteResultXmlNodeIsInconclusive" classname="NUnit.Framework.Internal.InconclusiveResultTests" runstate="Runnable" seed="388024091" result="Passed" start-time="2016-02-19 11:52:46Z" end-time="2016-02-19 11:52:46Z" duration="0.008975" asserts="7" />
            <test-case id="0-4320" name="TestResultBasicInfo" fullname="NUnit.Framework.Internal.InconclusiveResultTests.TestResultBasicInfo" methodname="TestResultBasicInfo" classname="NUnit.Framework.Internal.InconclusiveResultTests" runstate="Runnable" seed="563595210" result="Passed" start-time="2016-02-19 11:52:46Z" end-time="2016-02-19 11:52:46Z" duration="0.000130" asserts="2" />
            <test-case id="0-4315" name="TestResultIsInconclusive" fullname="NUnit.Framework.Internal.InconclusiveResultTests.TestResultIsInconclusive" methodname="TestResultIsInconclusive" classname="NUnit.Framework.Internal.InconclusiveResultTests" runstate="Runnable" seed="965965577" result="Passed" start-time="2016-02-19 11:52:46Z" end-time="2016-02-19 11:52:46Z" duration="0.001192" asserts="4" />
            <test-case id="0-4322" name="TestResultXmlNodeBasicInfo" fullname="NUnit.Framework.Internal.InconclusiveResultTests.TestResultXmlNodeBasicInfo" methodname="TestResultXmlNodeBasicInfo" classname="NUnit.Framework.Internal.InconclusiveResultTests" runstate="Runnable" seed="762539309" result="Passed" start-time="2016-02-19 11:52:46Z" end-time="2016-02-19 11:52:46Z" duration="0.001058" asserts="8" />
            <test-case id="0-4317" name="TestResultXmlNodeIsInconclusive" fullname="NUnit.Framework.Internal.InconclusiveResultTests.TestResultXmlNodeIsInconclusive" methodname="TestResultXmlNodeIsInconclusive" classname="NUnit.Framework.Internal.InconclusiveResultTests" runstate="Runnable" seed="1084450090" result="Passed" start-time="2016-02-19 11:52:46Z" end-time="2016-02-19 11:52:46Z" duration="0.003981" asserts="7" />
          </test-suite>
          <test-suite type="TestFixture" id="0-3817" name="GenericTestMethodTests" fullname="NUnit.Framework.Internal.GenericTestMethodTests" classname="NUnit.Framework.Internal.GenericTestMethodTests" runstate="Runnable" testcasecount="31" result="Passed" start-time="2016-02-19 11:52:46Z" end-time="2016-02-19 11:52:46Z" duration="0.064710" total="31" passed="31" failed="0" inconclusive="0" skipped="0" asserts="76">
            <test-case id="0-3855" name="Combinatorial_IncompatibleArgsAreNotRunnable" fullname="NUnit.Framework.Internal.GenericTestMethodTests.Combinatorial_IncompatibleArgsAreNotRunnable" methodname="Combinatorial_IncompatibleArgsAreNotRunnable" classname="NUnit.Framework.Internal.GenericTestMethodTests" runstate="Runnable" seed="1180854975" result="Passed" start-time="2016-02-19 11:52:46Z" end-time="2016-02-19 11:52:46Z" duration="0.010924" asserts="0" />
            <test-suite type="GenericMethod" id="0-3849" name="Combinatorial_OneTypeParameterOnTwoArgs" fullname="NUnit.Framework.Internal.GenericTestMethodTests.Combinatorial_OneTypeParameterOnTwoArgs" runstate="Runnable" testcasecount="4" result="Passed" start-time="2016-02-19 11:52:46Z" end-time="2016-02-19 11:52:46Z" duration="0.002189" total="4" passed="4" failed="0" inconclusive="0" skipped="0" asserts="8">
              <test-case id="0-3845" name="Combinatorial_OneTypeParameterOnTwoArgs&lt;Double&gt;(5.0d,2.0d)" fullname="NUnit.Framework.Internal.GenericTestMethodTests.Combinatorial_OneTypeParameterOnTwoArgs&lt;Double&gt;(5.0d,2.0d)" methodname="Combinatorial_OneTypeParameterOnTwoArgs" classname="NUnit.Framework.Internal.GenericTestMethodTests" runstate="Runnable" seed="954589340" result="Passed" start-time="2016-02-19 11:52:46Z" end-time="2016-02-19 11:52:46Z" duration="0.000647" asserts="2" />
              <test-case id="0-3846" name="Combinatorial_OneTypeParameterOnTwoArgs&lt;Int32&gt;(5,2)" fullname="NUnit.Framework.Internal.GenericTestMethodTests.Combinatorial_OneTypeParameterOnTwoArgs&lt;Int32&gt;(5,2)" methodname="Combinatorial_OneTypeParameterOnTwoArgs" classname="NUnit.Framework.Internal.GenericTestMethodTests" runstate="Runnable" seed="1061052264" result="Passed" start-time="2016-02-19 11:52:46Z" end-time="2016-02-19 11:52:46Z" duration="0.000563" asserts="2" />
              <test-case id="0-3847" name="Combinatorial_OneTypeParameterOnTwoArgs&lt;Double&gt;(5.0d,2.0d)" fullname="NUnit.Framework.Internal.GenericTestMethodTests.Combinatorial_OneTypeParameterOnTwoArgs&lt;Double&gt;(5.0d,2.0d)" methodname="Combinatorial_OneTypeParameterOnTwoArgs" classname="NUnit.Framework.Internal.GenericTestMethodTests" runstate="Runnable" seed="1879431441" result="Passed" start-time="2016-02-19 11:52:46Z" end-time="2016-02-19 11:52:46Z" duration="0.000074" asserts="2" />
              <test-case id="0-3848" name="Combinatorial_OneTypeParameterOnTwoArgs&lt;Double&gt;(5.0d,2.0d)" fullname="NUnit.Framework.Internal.GenericTestMethodTests.Combinatorial_OneTypeParameterOnTwoArgs&lt;Double&gt;(5.0d,2.0d)" methodname="Combinatorial_OneTypeParameterOnTwoArgs" classname="NUnit.Framework.Internal.GenericTestMethodTests" runstate="Runnable" seed="1947766535" result="Passed" start-time="2016-02-19 11:52:46Z" end-time="2016-02-19 11:52:46Z" duration="0.000061" asserts="2" />
            </test-suite>
            <test-suite type="GenericMethod" id="0-3854" name="Combinatorial_TwoTypeParameters" fullname="NUnit.Framework.Internal.GenericTestMethodTests.Combinatorial_TwoTypeParameters" runstate="Runnable" testcasecount="4" result="Passed" start-time="2016-02-19 11:52:46Z" end-time="2016-02-19 11:52:46Z" duration="0.004166" total="4" passed="4" failed="0" inconclusive="0" skipped="0" asserts="8">
              <test-case id="0-3850" name="Combinatorial_TwoTypeParameters&lt;Int32,Double&gt;(5,2.0d)" fullname="NUnit.Framework.Internal.GenericTestMethodTests.Combinatorial_TwoTypeParameters&lt;Int32,Double&gt;(5,2.0d)" methodname="Combinatorial_TwoTypeParameters" classname="NUnit.Framework.Internal.GenericTestMethodTests" runstate="Runnable" seed="1983586048" result="Passed" start-time="2016-02-19 11:52:46Z" end-time="2016-02-19 11:52:46Z" duration="0.000663" asserts="2" />
              <test-case id="0-3851" name="Combinatorial_TwoTypeParameters&lt;Int32,Int32&gt;(5,2)" fullname="NUnit.Framework.Internal.GenericTestMethodTests.Combinatorial_TwoTypeParameters&lt;Int32,Int32&gt;(5,2)" methodname="Combinatorial_TwoTypeParameters" classname="NUnit.Framework.Internal.GenericTestMethodTests" runstate="Runnable" seed="771637838" result="Passed" start-time="2016-02-19 11:52:46Z" end-time="2016-02-19 11:52:46Z" duration="0.000617" asserts="2" />
              <test-case id="0-3852" name="Combinatorial_TwoTypeParameters&lt;Double,Double&gt;(5.0d,2.0d)" fullname="NUnit.Framework.Internal.GenericTestMethodTests.Combinatorial_TwoTypeParameters&lt;Double,Double&gt;(5.0d,2.0d)" methodname="Combinatorial_TwoTypeParameters" classname="NUnit.Framework.Internal.GenericTestMethodTests" runstate="Runnable" seed="967965934" result="Passed" start-time="2016-02-19 11:52:46Z" end-time="2016-02-19 11:52:46Z" duration="0.000601" asserts="2" />
              <test-case id="0-3853" name="Combinatorial_TwoTypeParameters&lt;Double,Int32&gt;(5.0d,2)" fullname="NUnit.Framework.Internal.GenericTestMethodTests.Combinatorial_TwoTypeParameters&lt;Double,Int32&gt;(5.0d,2)" methodname="Combinatorial_TwoTypeParameters" classname="NUnit.Framework.Internal.GenericTestMethodTests" runstate="Runnable" seed="381855026" result="Passed" start-time="2016-02-19 11:52:46Z" end-time="2016-02-19 11:52:46Z" duration="0.001549" asserts="2" />
            </test-suite>
            <test-case id="0-3823" name="TestCase_IncompatibleArgsAreNotRunnable" fullname="NUnit.Framework.Internal.GenericTestMethodTests.TestCase_IncompatibleArgsAreNotRunnable" methodname="TestCase_IncompatibleArgsAreNotRunnable" classname="NUnit.Framework.Internal.GenericTestMethodTests" runstate="Runnable" seed="1724504901" result="Passed" start-time="2016-02-19 11:52:46Z" end-time="2016-02-19 11:52:46Z" duration="0.006184" asserts="0" />
            <test-suite type="GenericMethod" id="0-3822" name="TestCase_OneTypeParameterOnTwoArgs" fullname="NUnit.Framework.Internal.GenericTestMethodTests.TestCase_OneTypeParameterOnTwoArgs" runstate="Runnable" testcasecount="4" result="Passed" start-time="2016-02-19 11:52:46Z" end-time="2016-02-19 11:52:46Z" duration="0.002655" total="4" passed="4" failed="0" inconclusive="0" skipped="0" asserts="12">
              <test-case id="0-3818" name="TestCase_OneTypeParameterOnTwoArgs&lt;Int32&gt;(5,2,&quot;ABC&quot;)" fullname="NUnit.Framework.Internal.GenericTestMethodTests.TestCase_OneTypeParameterOnTwoArgs&lt;Int32&gt;(5,2,&quot;ABC&quot;)" methodname="TestCase_OneTypeParameterOnTwoArgs" classname="NUnit.Framework.Internal.GenericTestMethodTests" runstate="Runnable" seed="839568374" result="Passed" start-time="2016-02-19 11:52:46Z" end-time="2016-02-19 11:52:46Z" duration="0.000817" asserts="3" />
              <test-case id="0-3819" name="TestCase_OneTypeParameterOnTwoArgs&lt;Double&gt;(5.0d,2.0d,&quot;ABC&quot;)" fullname="NUnit.Framework.Internal.GenericTestMethodTests.TestCase_OneTypeParameterOnTwoArgs&lt;Double&gt;(5.0d,2.0d,&quot;ABC&quot;)" methodname="TestCase_OneTypeParameterOnTwoArgs" classname="NUnit.Framework.Internal.GenericTestMethodTests" runstate="Runnable" seed="1455371364" result="Passed" start-time="2016-02-19 11:52:46Z" end-time="2016-02-19 11:52:46Z" duration="0.000814" asserts="3" />
              <test-case id="0-3820" name="TestCase_OneTypeParameterOnTwoArgs&lt;Double&gt;(5.0d,2.0d,&quot;ABC&quot;)" fullname="NUnit.Framework.Internal.GenericTestMethodTests.TestCase_OneTypeParameterOnTwoArgs&lt;Double&gt;(5.0d,2.0d,&quot;ABC&quot;)" methodname="TestCase_OneTypeParameterOnTwoArgs" classname="NUnit.Framework.Internal.GenericTestMethodTests" runstate="Runnable" seed="1172174585" result="Passed" start-time="2016-02-19 11:52:46Z" end-time="2016-02-19 11:52:46Z" duration="0.000105" asserts="3" />
              <test-case id="0-3821" name="TestCase_OneTypeParameterOnTwoArgs&lt;Double&gt;(5.0d,2.0d,&quot;ABC&quot;)" fullname="NUnit.Framework.Internal.GenericTestMethodTests.TestCase_OneTypeParameterOnTwoArgs&lt;Double&gt;(5.0d,2.0d,&quot;ABC&quot;)" methodname="TestCase_OneTypeParameterOnTwoArgs" classname="NUnit.Framework.Internal.GenericTestMethodTests" runstate="Runnable" seed="888689296" result="Passed" start-time="2016-02-19 11:52:46Z" end-time="2016-02-19 11:52:46Z" duration="0.000086" asserts="3" />
            </test-suite>
            <test-suite type="GenericMethod" id="0-3828" name="TestCase_TwoTypeParameters" fullname="NUnit.Framework.Internal.GenericTestMethodTests.TestCase_TwoTypeParameters" runstate="Runnable" testcasecount="4" result="Passed" start-time="2016-02-19 11:52:46Z" end-time="2016-02-19 11:52:46Z" duration="0.004601" total="4" passed="4" failed="0" inconclusive="0" skipped="0" asserts="12">
              <test-case id="0-3824" name="TestCase_TwoTypeParameters&lt;Int32,Int32&gt;(5,2,&quot;ABC&quot;)" fullname="NUnit.Framework.Internal.GenericTestMethodTests.TestCase_TwoTypeParameters&lt;Int32,Int32&gt;(5,2,&quot;ABC&quot;)" methodname="TestCase_TwoTypeParameters" classname="NUnit.Framework.Internal.GenericTestMethodTests" runstate="Runnable" seed="873164075" result="Passed" start-time="2016-02-19 11:52:46Z" end-time="2016-02-19 11:52:46Z" duration="0.000696" asserts="3" />
              <test-case id="0-3825" name="TestCase_TwoTypeParameters&lt;Double,Double&gt;(5.0d,2.0d,&quot;ABC&quot;)" fullname="NUnit.Framework.Internal.GenericTestMethodTests.TestCase_TwoTypeParameters&lt;Double,Double&gt;(5.0d,2.0d,&quot;ABC&quot;)" methodname="TestCase_TwoTypeParameters" classname="NUnit.Framework.Internal.GenericTestMethodTests" runstate="Runnable" seed="2132576439" result="Passed" start-time="2016-02-19 11:52:46Z" end-time="2016-02-19 11:52:46Z" duration="0.000798" asserts="3" />
              <test-case id="0-3826" name="TestCase_TwoTypeParameters&lt;Int32,Double&gt;(5,2.0d,&quot;ABC&quot;)" fullname="NUnit.Framework.Internal.GenericTestMethodTests.TestCase_TwoTypeParameters&lt;Int32,Double&gt;(5,2.0d,&quot;ABC&quot;)" methodname="TestCase_TwoTypeParameters" classname="NUnit.Framework.Internal.GenericTestMethodTests" runstate="Runnable" seed="9941443" result="Passed" start-time="2016-02-19 11:52:46Z" end-time="2016-02-19 11:52:46Z" duration="0.000864" asserts="3" />
              <test-case id="0-3827" name="TestCase_TwoTypeParameters&lt;Double,Int64&gt;(5.0d,2L,&quot;ABC&quot;)" fullname="NUnit.Framework.Internal.GenericTestMethodTests.TestCase_TwoTypeParameters&lt;Double,Int64&gt;(5.0d,2L,&quot;ABC&quot;)" methodname="TestCase_TwoTypeParameters" classname="NUnit.Framework.Internal.GenericTestMethodTests" runstate="Runnable" seed="1448720130" result="Passed" start-time="2016-02-19 11:52:46Z" end-time="2016-02-19 11:52:46Z" duration="0.001436" asserts="3" />
            </test-suite>
            <test-suite type="GenericMethod" id="0-3833" name="TestCase_TwoTypeParameters_Reversed" fullname="NUnit.Framework.Internal.GenericTestMethodTests.TestCase_TwoTypeParameters_Reversed" runstate="Runnable" testcasecount="4" result="Passed" start-time="2016-02-19 11:52:46Z" end-time="2016-02-19 11:52:46Z" duration="0.004265" total="4" passed="4" failed="0" inconclusive="0" skipped="0" asserts="12">
              <test-case id="0-3829" name="TestCase_TwoTypeParameters_Reversed&lt;Int32,Int32&gt;(5,2,&quot;ABC&quot;)" fullname="NUnit.Framework.Internal.GenericTestMethodTests.TestCase_TwoTypeParameters_Reversed&lt;Int32,Int32&gt;(5,2,&quot;ABC&quot;)" methodname="TestCase_TwoTypeParameters_Reversed" classname="NUnit.Framework.Internal.GenericTestMethodTests" runstate="Runnable" seed="1561223294" result="Passed" start-time="2016-02-19 11:52:46Z" end-time="2016-02-19 11:52:46Z" duration="0.000979" asserts="3" />
              <test-case id="0-3830" name="TestCase_TwoTypeParameters_Reversed&lt;Double,Double&gt;(5.0d,2.0d,&quot;ABC&quot;)" fullname="NUnit.Framework.Internal.GenericTestMethodTests.TestCase_TwoTypeParameters_Reversed&lt;Double,Double&gt;(5.0d,2.0d,&quot;ABC&quot;)" methodname="TestCase_TwoTypeParameters_Reversed" classname="NUnit.Framework.Internal.GenericTestMethodTests" runstate="Runnable" seed="1147385427" result="Passed" start-time="2016-02-19 11:52:46Z" end-time="2016-02-19 11:52:46Z" duration="0.000975" asserts="3" />
              <test-case id="0-3831" name="TestCase_TwoTypeParameters_Reversed&lt;Double,Int32&gt;(5,2.0d,&quot;ABC&quot;)" fullname="NUnit.Framework.Internal.GenericTestMethodTests.TestCase_TwoTypeParameters_Reversed&lt;Double,Int32&gt;(5,2.0d,&quot;ABC&quot;)" methodname="TestCase_TwoTypeParameters_Reversed" classname="NUnit.Framework.Internal.GenericTestMethodTests" runstate="Runnable" seed="992580298" result="Passed" start-time="2016-02-19 11:52:46Z" end-time="2016-02-19 11:52:46Z" duration="0.000780" asserts="3" />
              <test-case id="0-3832" name="TestCase_TwoTypeParameters_Reversed&lt;Int64,Double&gt;(5.0d,2L,&quot;ABC&quot;)" fullname="NUnit.Framework.Internal.GenericTestMethodTests.TestCase_TwoTypeParameters_Reversed&lt;Int64,Double&gt;(5.0d,2L,&quot;ABC&quot;)" methodname="TestCase_TwoTypeParameters_Reversed" classname="NUnit.Framework.Internal.GenericTestMethodTests" runstate="Runnable" seed="1234074059" result="Passed" start-time="2016-02-19 11:52:46Z" end-time="2016-02-19 11:52:46Z" duration="0.000751" asserts="3" />
            </test-suite>
            <test-case id="0-3839" name="TestCaseSource_IncompatibleArgsAreNotRunnable" fullname="NUnit.Framework.Internal.GenericTestMethodTests.TestCaseSource_IncompatibleArgsAreNotRunnable" methodname="TestCaseSource_IncompatibleArgsAreNotRunnable" classname="NUnit.Framework.Internal.GenericTestMethodTests" runstate="Runnable" seed="1574715427" result="Passed" start-time="2016-02-19 11:52:46Z" end-time="2016-02-19 11:52:46Z" duration="0.019706" asserts="0" />
            <test-suite type="GenericMethod" id="0-3838" name="TestCaseSource_OneTypeParameterOnTwoArgs" fullname="NUnit.Framework.Internal.GenericTestMethodTests.TestCaseSource_OneTypeParameterOnTwoArgs" runstate="Runnable" testcasecount="4" result="Passed" start-time="2016-02-19 11:52:46Z" end-time="2016-02-19 11:52:46Z" duration="0.002620" total="4" passed="4" failed="0" inconclusive="0" skipped="0" asserts="12">
              <test-case id="0-3834" name="TestCaseSource_OneTypeParameterOnTwoArgs&lt;Int32&gt;(5,2,&quot;ABC&quot;)" fullname="NUnit.Framework.Internal.GenericTestMethodTests.TestCaseSource_OneTypeParameterOnTwoArgs&lt;Int32&gt;(5,2,&quot;ABC&quot;)" methodname="TestCaseSource_OneTypeParameterOnTwoArgs" classname="NUnit.Framework.Internal.GenericTestMethodTests" runstate="Runnable" seed="918592490" result="Passed" start-time="2016-02-19 11:52:46Z" end-time="2016-02-19 11:52:46Z" duration="0.000796" asserts="3" />
              <test-case id="0-3835" name="TestCaseSource_OneTypeParameterOnTwoArgs&lt;Double&gt;(5.0d,2.0d,&quot;ABC&quot;)" fullname="NUnit.Framework.Internal.GenericTestMethodTests.TestCaseSource_OneTypeParameterOnTwoArgs&lt;Double&gt;(5.0d,2.0d,&quot;ABC&quot;)" methodname="TestCaseSource_OneTypeParameterOnTwoArgs" classname="NUnit.Framework.Internal.GenericTestMethodTests" runstate="Runnable" seed="2140071373" result="Passed" start-time="2016-02-19 11:52:46Z" end-time="2016-02-19 11:52:46Z" duration="0.000936" asserts="3" />
              <test-case id="0-3836" name="TestCaseSource_OneTypeParameterOnTwoArgs&lt;Double&gt;(5.0d,2.0d,&quot;ABC&quot;)" fullname="NUnit.Framework.Internal.GenericTestMethodTests.TestCaseSource_OneTypeParameterOnTwoArgs&lt;Double&gt;(5.0d,2.0d,&quot;ABC&quot;)" methodname="TestCaseSource_OneTypeParameterOnTwoArgs" classname="NUnit.Framework.Internal.GenericTestMethodTests" runstate="Runnable" seed="1544988865" result="Passed" start-time="2016-02-19 11:52:46Z" end-time="2016-02-19 11:52:46Z" duration="0.000083" asserts="3" />
              <test-case id="0-3837" name="TestCaseSource_OneTypeParameterOnTwoArgs&lt;Double&gt;(5.0d,2.0d,&quot;ABC&quot;)" fullname="NUnit.Framework.Internal.GenericTestMethodTests.TestCaseSource_OneTypeParameterOnTwoArgs&lt;Double&gt;(5.0d,2.0d,&quot;ABC&quot;)" methodname="TestCaseSource_OneTypeParameterOnTwoArgs" classname="NUnit.Framework.Internal.GenericTestMethodTests" runstate="Runnable" seed="1850190214" result="Passed" start-time="2016-02-19 11:52:46Z" end-time="2016-02-19 11:52:46Z" duration="0.000072" asserts="3" />
            </test-suite>
            <test-suite type="GenericMethod" id="0-3844" name="TestCaseSource_TwoTypeParameters" fullname="NUnit.Framework.Internal.GenericTestMethodTests.TestCaseSource_TwoTypeParameters" runstate="Runnable" testcasecount="4" result="Passed" start-time="2016-02-19 11:52:46Z" end-time="2016-02-19 11:52:46Z" duration="0.003523" total="4" passed="4" failed="0" inconclusive="0" skipped="0" asserts="12">
              <test-case id="0-3840" name="TestCaseSource_TwoTypeParameters&lt;Int32,Int32&gt;(5,2,&quot;ABC&quot;)" fullname="NUnit.Framework.Internal.GenericTestMethodTests.TestCaseSource_TwoTypeParameters&lt;Int32,Int32&gt;(5,2,&quot;ABC&quot;)" methodname="TestCaseSource_TwoTypeParameters" classname="NUnit.Framework.Internal.GenericTestMethodTests" runstate="Runnable" seed="1274228004" result="Passed" start-time="2016-02-19 11:52:46Z" end-time="2016-02-19 11:52:46Z" duration="0.000916" asserts="3" />
              <test-case id="0-3841" name="TestCaseSource_TwoTypeParameters&lt;Double,Double&gt;(5.0d,2.0d,&quot;ABC&quot;)" fullname="NUnit.Framework.Internal.GenericTestMethodTests.TestCaseSource_TwoTypeParameters&lt;Double,Double&gt;(5.0d,2.0d,&quot;ABC&quot;)" methodname="TestCaseSource_TwoTypeParameters" classname="NUnit.Framework.Internal.GenericTestMethodTests" runstate="Runnable" seed="1843472112" result="Passed" start-time="2016-02-19 11:52:46Z" end-time="2016-02-19 11:52:46Z" duration="0.000753" asserts="3" />
              <test-case id="0-3842" name="TestCaseSource_TwoTypeParameters&lt;Double,Double&gt;(5.0d,2.0d,&quot;ABC&quot;)" fullname="NUnit.Framework.Internal.GenericTestMethodTests.TestCaseSource_TwoTypeParameters&lt;Double,Double&gt;(5.0d,2.0d,&quot;ABC&quot;)" methodname="TestCaseSource_TwoTypeParameters" classname="NUnit.Framework.Internal.GenericTestMethodTests" runstate="Runnable" seed="859943202" result="Passed" start-time="2016-02-19 11:52:46Z" end-time="2016-02-19 11:52:46Z" duration="0.000073" asserts="3" />
              <test-case id="0-3843" name="TestCaseSource_TwoTypeParameters&lt;Double,Double&gt;(5.0d,2.0d,&quot;ABC&quot;)" fullname="NUnit.Framework.Internal.GenericTestMethodTests.TestCaseSource_TwoTypeParameters&lt;Double,Double&gt;(5.0d,2.0d,&quot;ABC&quot;)" methodname="TestCaseSource_TwoTypeParameters" classname="NUnit.Framework.Internal.GenericTestMethodTests" runstate="Runnable" seed="1214341746" result="Passed" start-time="2016-02-19 11:52:46Z" end-time="2016-02-19 11:52:46Z" duration="0.000067" asserts="3" />
            </test-suite>
          </test-suite>
          <test-suite type="TestFixture" id="0-4332" name="MinimumDurationResultTests" fullname="NUnit.Framework.Internal.MinimumDurationResultTests" classname="NUnit.Framework.Internal.MinimumDurationResultTests" runstate="Runnable" testcasecount="5" result="Passed" start-time="2016-02-19 11:52:46Z" end-time="2016-02-19 11:52:46Z" duration="0.007284" total="5" passed="5" failed="0" inconclusive="0" skipped="0" asserts="21">
            <test-case id="0-4335" name="SuiteResultBasicInfo" fullname="NUnit.Framework.Internal.MinimumDurationResultTests.SuiteResultBasicInfo" methodname="SuiteResultBasicInfo" classname="NUnit.Framework.Internal.MinimumDurationResultTests" runstate="Runnable" seed="1067010042" result="Passed" start-time="2016-02-19 11:52:46Z" end-time="2016-02-19 11:52:46Z" duration="0.001292" asserts="2" />
            <test-case id="0-4337" name="SuiteResultXmlNodeBasicInfo" fullname="NUnit.Framework.Internal.MinimumDurationResultTests.SuiteResultXmlNodeBasicInfo" methodname="SuiteResultXmlNodeBasicInfo" classname="NUnit.Framework.Internal.MinimumDurationResultTests" runstate="Runnable" seed="1568448925" result="Passed" start-time="2016-02-19 11:52:46Z" end-time="2016-02-19 11:52:46Z" duration="0.003070" asserts="7" />
            <test-case id="0-4334" name="TestResultBasicInfo" fullname="NUnit.Framework.Internal.MinimumDurationResultTests.TestResultBasicInfo" methodname="TestResultBasicInfo" classname="NUnit.Framework.Internal.MinimumDurationResultTests" runstate="Runnable" seed="823553413" result="Passed" start-time="2016-02-19 11:52:46Z" end-time="2016-02-19 11:52:46Z" duration="0.000107" asserts="2" />
            <test-case id="0-4333" name="TestResultHasMinimumDuration" fullname="NUnit.Framework.Internal.MinimumDurationResultTests.TestResultHasMinimumDuration" methodname="TestResultHasMinimumDuration" classname="NUnit.Framework.Internal.MinimumDurationResultTests" runstate="Runnable" seed="662518695" result="Passed" start-time="2016-02-19 11:52:46Z" end-time="2016-02-19 11:52:46Z" duration="0.000775" asserts="2" />
            <test-case id="0-4336" name="TestResultXmlNodeBasicInfo" fullname="NUnit.Framework.Internal.MinimumDurationResultTests.TestResultXmlNodeBasicInfo" methodname="TestResultXmlNodeBasicInfo" classname="NUnit.Framework.Internal.MinimumDurationResultTests" runstate="Runnable" seed="1477871161" result="Passed" start-time="2016-02-19 11:52:46Z" end-time="2016-02-19 11:52:46Z" duration="0.001077" asserts="8" />
          </test-suite>
          <test-suite type="TestFixture" id="0-4293" name="NotRunnableResultTests" fullname="NUnit.Framework.Internal.NotRunnableResultTests" classname="NUnit.Framework.Internal.NotRunnableResultTests" runstate="Runnable" testcasecount="9" result="Passed" start-time="2016-02-19 11:52:46Z" end-time="2016-02-19 11:52:46Z" duration="0.032677" total="9" passed="9" failed="0" inconclusive="0" skipped="0" asserts="48">
            <test-case id="0-4300" name="SuiteResultBasicInfo" fullname="NUnit.Framework.Internal.NotRunnableResultTests.SuiteResultBasicInfo" methodname="SuiteResultBasicInfo" classname="NUnit.Framework.Internal.NotRunnableResultTests" runstate="Runnable" seed="629317252" result="Passed" start-time="2016-02-19 11:52:46Z" end-time="2016-02-19 11:52:46Z" duration="0.000568" asserts="2" />
            <test-case id="0-4295" name="SuiteResultIsFailure" fullname="NUnit.Framework.Internal.NotRunnableResultTests.SuiteResultIsFailure" methodname="SuiteResultIsFailure" classname="NUnit.Framework.Internal.NotRunnableResultTests" runstate="Runnable" seed="67016748" result="Passed" start-time="2016-02-19 11:52:46Z" end-time="2016-02-19 11:52:46Z" duration="0.002448" asserts="9" />
            <test-case id="0-4302" name="SuiteResultXmlNodeBasicInfo" fullname="NUnit.Framework.Internal.NotRunnableResultTests.SuiteResultXmlNodeBasicInfo" methodname="SuiteResultXmlNodeBasicInfo" classname="NUnit.Framework.Internal.NotRunnableResultTests" runstate="Runnable" seed="1375108799" result="Passed" start-time="2016-02-19 11:52:46Z" end-time="2016-02-19 11:52:46Z" duration="0.002259" asserts="7" />
            <test-case id="0-4298" name="SuiteResultXmlNodeHasOneChildTest" fullname="NUnit.Framework.Internal.NotRunnableResultTests.SuiteResultXmlNodeHasOneChildTest" methodname="SuiteResultXmlNodeHasOneChildTest" classname="NUnit.Framework.Internal.NotRunnableResultTests" runstate="Runnable" seed="259442208" result="Passed" start-time="2016-02-19 11:52:46Z" end-time="2016-02-19 11:52:46Z" duration="0.003563" asserts="1" />
            <test-case id="0-4297" name="SuiteResultXmlNodeIsFailure" fullname="NUnit.Framework.Internal.NotRunnableResultTests.SuiteResultXmlNodeIsFailure" methodname="SuiteResultXmlNodeIsFailure" classname="NUnit.Framework.Internal.NotRunnableResultTests" runstate="Runnable" seed="229947159" result="Passed" start-time="2016-02-19 11:52:46Z" end-time="2016-02-19 11:52:46Z" duration="0.005292" asserts="8" />
            <test-case id="0-4299" name="TestResultBasicInfo" fullname="NUnit.Framework.Internal.NotRunnableResultTests.TestResultBasicInfo" methodname="TestResultBasicInfo" classname="NUnit.Framework.Internal.NotRunnableResultTests" runstate="Runnable" seed="555851698" result="Passed" start-time="2016-02-19 11:52:46Z" end-time="2016-02-19 11:52:46Z" duration="0.000128" asserts="2" />
            <test-case id="0-4294" name="TestResultIsNotRunnable" fullname="NUnit.Framework.Internal.NotRunnableResultTests.TestResultIsNotRunnable" methodname="TestResultIsNotRunnable" classname="NUnit.Framework.Internal.NotRunnableResultTests" runstate="Runnable" seed="1830542228" result="Passed" start-time="2016-02-19 11:52:46Z" end-time="2016-02-19 11:52:46Z" duration="0.001856" asserts="4" />
            <test-case id="0-4301" name="TestResultXmlNodeBasicInfo" fullname="NUnit.Framework.Internal.NotRunnableResultTests.TestResultXmlNodeBasicInfo" methodname="TestResultXmlNodeBasicInfo" classname="NUnit.Framework.Internal.NotRunnableResultTests" runstate="Runnable" seed="1101553979" result="Passed" start-time="2016-02-19 11:52:46Z" end-time="2016-02-19 11:52:46Z" duration="0.001278" asserts="8" />
            <test-case id="0-4296" name="TestResultXmlNodeIsNotRunnable" fullname="NUnit.Framework.Internal.NotRunnableResultTests.TestResultXmlNodeIsNotRunnable" methodname="TestResultXmlNodeIsNotRunnable" classname="NUnit.Framework.Internal.NotRunnableResultTests" runstate="Runnable" seed="174036167" result="Passed" start-time="2016-02-19 11:52:46Z" end-time="2016-02-19 11:52:46Z" duration="0.004471" asserts="7" />
          </test-suite>
          <test-suite type="TestFixture" id="0-4324" name="MixedResultTests" fullname="NUnit.Framework.Internal.MixedResultTests" classname="NUnit.Framework.Internal.MixedResultTests" runstate="Runnable" testcasecount="7" result="Passed" start-time="2016-02-19 11:52:46Z" end-time="2016-02-19 11:52:46Z" duration="0.036843" total="7" passed="7" failed="0" inconclusive="0" skipped="0" asserts="40">
            <test-case id="0-4329" name="SuiteResultBasicInfo" fullname="NUnit.Framework.Internal.MixedResultTests.SuiteResultBasicInfo" methodname="SuiteResultBasicInfo" classname="NUnit.Framework.Internal.MixedResultTests" runstate="Runnable" seed="1011298706" result="Passed" start-time="2016-02-19 11:52:46Z" end-time="2016-02-19 11:52:46Z" duration="0.001262" asserts="2" />
            <test-case id="0-4325" name="SuiteResultIsFailure" fullname="NUnit.Framework.Internal.MixedResultTests.SuiteResultIsFailure" methodname="SuiteResultIsFailure" classname="NUnit.Framework.Internal.MixedResultTests" runstate="Runnable" seed="950806075" result="Passed" start-time="2016-02-19 11:52:46Z" end-time="2016-02-19 11:52:46Z" duration="0.002304" asserts="10" />
            <test-case id="0-4331" name="SuiteResultXmlNodeBasicInfo" fullname="NUnit.Framework.Internal.MixedResultTests.SuiteResultXmlNodeBasicInfo" methodname="SuiteResultXmlNodeBasicInfo" classname="NUnit.Framework.Internal.MixedResultTests" runstate="Runnable" seed="1535081383" result="Passed" start-time="2016-02-19 11:52:46Z" end-time="2016-02-19 11:52:46Z" duration="0.012277" asserts="7" />
            <test-case id="0-4327" name="SuiteResultXmlNodeHasFourChildTests" fullname="NUnit.Framework.Internal.MixedResultTests.SuiteResultXmlNodeHasFourChildTests" methodname="SuiteResultXmlNodeHasFourChildTests" classname="NUnit.Framework.Internal.MixedResultTests" runstate="Runnable" seed="335466946" result="Passed" start-time="2016-02-19 11:52:46Z" end-time="2016-02-19 11:52:46Z" duration="0.007464" asserts="1" />
            <test-case id="0-4326" name="SuiteResultXmlNodeIsFailure" fullname="NUnit.Framework.Internal.MixedResultTests.SuiteResultXmlNodeIsFailure" methodname="SuiteResultXmlNodeIsFailure" classname="NUnit.Framework.Internal.MixedResultTests" runstate="Runnable" seed="41995677" result="Passed" start-time="2016-02-19 11:52:46Z" end-time="2016-02-19 11:52:46Z" duration="0.009964" asserts="10" />
            <test-case id="0-4328" name="TestResultBasicInfo" fullname="NUnit.Framework.Internal.MixedResultTests.TestResultBasicInfo" methodname="TestResultBasicInfo" classname="NUnit.Framework.Internal.MixedResultTests" runstate="Runnable" seed="24011622" result="Passed" start-time="2016-02-19 11:52:46Z" end-time="2016-02-19 11:52:46Z" duration="0.000124" asserts="2" />
            <test-case id="0-4330" name="TestResultXmlNodeBasicInfo" fullname="NUnit.Framework.Internal.MixedResultTests.TestResultXmlNodeBasicInfo" methodname="TestResultXmlNodeBasicInfo" classname="NUnit.Framework.Internal.MixedResultTests" runstate="Runnable" seed="2072720825" result="Passed" start-time="2016-02-19 11:52:46Z" end-time="2016-02-19 11:52:46Z" duration="0.001853" asserts="8" />
          </test-suite>
          <test-suite type="TestFixture" id="0-3856" name="NUnitTestCaseBuilderTests" fullname="NUnit.Framework.Internal.NUnitTestCaseBuilderTests" classname="NUnit.Framework.Internal.NUnitTestCaseBuilderTests" runstate="Runnable" testcasecount="23" result="Passed" start-time="2016-02-19 11:52:46Z" end-time="2016-02-19 11:52:46Z" duration="0.014689" total="23" passed="23" failed="0" inconclusive="0" skipped="0" asserts="46">
            <test-suite type="ParameterizedMethod" id="0-3873" name="AsyncTestCases" fullname="NUnit.Framework.Internal.NUnitTestCaseBuilderTests.AsyncTestCases" runstate="Runnable" testcasecount="10" result="Passed" start-time="2016-02-19 11:52:46Z" end-time="2016-02-19 11:52:46Z" duration="0.007052" total="10" passed="10" failed="0" inconclusive="0" skipped="0" asserts="20">
              <test-case id="0-3863" name="AsyncTestCases(&quot;AsyncVoidTestCase&quot;,NotRunnable)" fullname="NUnit.Framework.Internal.NUnitTestCaseBuilderTests.AsyncTestCases(&quot;AsyncVoidTestCase&quot;,NotRunnable)" methodname="AsyncTestCases" classname="NUnit.Framework.Internal.NUnitTestCaseBuilderTests" runstate="Runnable" seed="576103309" result="Passed" start-time="2016-02-19 11:52:46Z" end-time="2016-02-19 11:52:46Z" duration="0.001337" asserts="2" />
              <test-case id="0-3864" name="AsyncTestCases(&quot;AsyncVoidTestCaseWithExpectedResult&quot;,NotRunnable)" fullname="NUnit.Framework.Internal.NUnitTestCaseBuilderTests.AsyncTestCases(&quot;AsyncVoidTestCaseWithExpectedResult&quot;,NotRunnable)" methodname="AsyncTestCases" classname="NUnit.Framework.Internal.NUnitTestCaseBuilderTests" runstate="Runnable" seed="1532810121" result="Passed" start-time="2016-02-19 11:52:46Z" end-time="2016-02-19 11:52:46Z" duration="0.000524" asserts="2" />
              <test-case id="0-3865" name="AsyncTestCases(&quot;AsyncTaskTestCase&quot;,Runnable)" fullname="NUnit.Framework.Internal.NUnitTestCaseBuilderTests.AsyncTestCases(&quot;AsyncTaskTestCase&quot;,Runnable)" methodname="AsyncTestCases" classname="NUnit.Framework.Internal.NUnitTestCaseBuilderTests" runstate="Runnable" seed="558478755" result="Passed" start-time="2016-02-19 11:52:46Z" end-time="2016-02-19 11:52:46Z" duration="0.000366" asserts="2" />
              <test-case id="0-3866" name="AsyncTestCases(&quot;AsyncTaskTestCaseWithExpectedResult&quot;,NotRunnable)" fullname="NUnit.Framework.Internal.NUnitTestCaseBuilderTests.AsyncTestCases(&quot;AsyncTaskTestCaseWithExpectedResult&quot;,NotRunnable)" methodname="AsyncTestCases" classname="NUnit.Framework.Internal.NUnitTestCaseBuilderTests" runstate="Runnable" seed="1263282975" result="Passed" start-time="2016-02-19 11:52:46Z" end-time="2016-02-19 11:52:46Z" duration="0.000345" asserts="2" />
              <test-case id="0-3867" name="AsyncTestCases(&quot;AsyncGenericTaskTestCase&quot;,NotRunnable)" fullname="NUnit.Framework.Internal.NUnitTestCaseBuilderTests.AsyncTestCases(&quot;AsyncGenericTaskTestCase&quot;,NotRunnable)" methodname="AsyncTestCases" classname="NUnit.Framework.Internal.NUnitTestCaseBuilderTests" runstate="Runnable" seed="480555714" result="Passed" start-time="2016-02-19 11:52:46Z" end-time="2016-02-19 11:52:46Z" duration="0.000254" asserts="2" />
              <test-case id="0-3868" name="AsyncTestCases(&quot;AsyncGenericTaskTestCaseWithExpectedR...&quot;,Runnable)" fullname="NUnit.Framework.Internal.NUnitTestCaseBuilderTests.AsyncTestCases(&quot;AsyncGenericTaskTestCaseWithExpectedR...&quot;,Runnable)" methodname="AsyncTestCases" classname="NUnit.Framework.Internal.NUnitTestCaseBuilderTests" runstate="Runnable" seed="840645015" result="Passed" start-time="2016-02-19 11:52:46Z" end-time="2016-02-19 11:52:46Z" duration="0.000208" asserts="2" />
              <test-case id="0-3869" name="AsyncTestCases(&quot;TaskTestCase&quot;,Runnable)" fullname="NUnit.Framework.Internal.NUnitTestCaseBuilderTests.AsyncTestCases(&quot;TaskTestCase&quot;,Runnable)" methodname="AsyncTestCases" classname="NUnit.Framework.Internal.NUnitTestCaseBuilderTests" runstate="Runnable" seed="1525609676" result="Passed" start-time="2016-02-19 11:52:46Z" end-time="2016-02-19 11:52:46Z" duration="0.000344" asserts="2" />
              <test-case id="0-3870" name="AsyncTestCases(&quot;TaskTestCaseWithExpectedResult&quot;,NotRunnable)" fullname="NUnit.Framework.Internal.NUnitTestCaseBuilderTests.AsyncTestCases(&quot;TaskTestCaseWithExpectedResult&quot;,NotRunnable)" methodname="AsyncTestCases" classname="NUnit.Framework.Internal.NUnitTestCaseBuilderTests" runstate="Runnable" seed="854956773" result="Passed" start-time="2016-02-19 11:52:46Z" end-time="2016-02-19 11:52:46Z" duration="0.000321" asserts="2" />
              <test-case id="0-3871" name="AsyncTestCases(&quot;GenericTaskTestCase&quot;,NotRunnable)" fullname="NUnit.Framework.Internal.NUnitTestCaseBuilderTests.AsyncTestCases(&quot;GenericTaskTestCase&quot;,NotRunnable)" methodname="AsyncTestCases" classname="NUnit.Framework.Internal.NUnitTestCaseBuilderTests" runstate="Runnable" seed="61451880" result="Passed" start-time="2016-02-19 11:52:46Z" end-time="2016-02-19 11:52:46Z" duration="0.000343" asserts="2" />
              <test-case id="0-3872" name="AsyncTestCases(&quot;GenericTaskTestCaseWithExpectedResult&quot;,Runnable)" fullname="NUnit.Framework.Internal.NUnitTestCaseBuilderTests.AsyncTestCases(&quot;GenericTaskTestCaseWithExpectedResult&quot;,Runnable)" methodname="AsyncTestCases" classname="NUnit.Framework.Internal.NUnitTestCaseBuilderTests" runstate="Runnable" seed="673828848" result="Passed" start-time="2016-02-19 11:52:46Z" end-time="2016-02-19 11:52:46Z" duration="0.000339" asserts="2" />
            </test-suite>
            <test-suite type="ParameterizedMethod" id="0-3862" name="AsyncTests" fullname="NUnit.Framework.Internal.NUnitTestCaseBuilderTests.AsyncTests" runstate="Runnable" testcasecount="5" result="Passed" start-time="2016-02-19 11:52:46Z" end-time="2016-02-19 11:52:46Z" duration="0.003880" total="5" passed="5" failed="0" inconclusive="0" skipped="0" asserts="10">
              <test-case id="0-3857" name="AsyncTests(&quot;AsyncVoid&quot;,NotRunnable)" fullname="NUnit.Framework.Internal.NUnitTestCaseBuilderTests.AsyncTests(&quot;AsyncVoid&quot;,NotRunnable)" methodname="AsyncTests" classname="NUnit.Framework.Internal.NUnitTestCaseBuilderTests" runstate="Runnable" seed="692757284" result="Passed" start-time="2016-02-19 11:52:46Z" end-time="2016-02-19 11:52:46Z" duration="0.001135" asserts="2" />
              <test-case id="0-3858" name="AsyncTests(&quot;AsyncTask&quot;,Runnable)" fullname="NUnit.Framework.Internal.NUnitTestCaseBuilderTests.AsyncTests(&quot;AsyncTask&quot;,Runnable)" methodname="AsyncTests" classname="NUnit.Framework.Internal.NUnitTestCaseBuilderTests" runstate="Runnable" seed="1374137030" result="Passed" start-time="2016-02-19 11:52:46Z" end-time="2016-02-19 11:52:46Z" duration="0.000197" asserts="2" />
              <test-case id="0-3859" name="AsyncTests(&quot;AsyncGenericTask&quot;,NotRunnable)" fullname="NUnit.Framework.Internal.NUnitTestCaseBuilderTests.AsyncTests(&quot;AsyncGenericTask&quot;,NotRunnable)" methodname="AsyncTests" classname="NUnit.Framework.Internal.NUnitTestCaseBuilderTests" runstate="Runnable" seed="172535334" result="Passed" start-time="2016-02-19 11:52:46Z" end-time="2016-02-19 11:52:46Z" duration="0.000166" asserts="2" />
              <test-case id="0-3860" name="AsyncTests(&quot;NonAsyncTask&quot;,Runnable)" fullname="NUnit.Framework.Internal.NUnitTestCaseBuilderTests.AsyncTests(&quot;NonAsyncTask&quot;,Runnable)" methodname="AsyncTests" classname="NUnit.Framework.Internal.NUnitTestCaseBuilderTests" runstate="Runnable" seed="29469408" result="Passed" start-time="2016-02-19 11:52:46Z" end-time="2016-02-19 11:52:46Z" duration="0.000141" asserts="2" />
              <test-case id="0-3861" name="AsyncTests(&quot;NonAsyncGenericTask&quot;,NotRunnable)" fullname="NUnit.Framework.Internal.NUnitTestCaseBuilderTests.AsyncTests(&quot;NonAsyncGenericTask&quot;,NotRunnable)" methodname="AsyncTests" classname="NUnit.Framework.Internal.NUnitTestCaseBuilderTests" runstate="Runnable" seed="1479989474" result="Passed" start-time="2016-02-19 11:52:46Z" end-time="2016-02-19 11:52:46Z" duration="0.000143" asserts="2" />
            </test-suite>
            <test-suite type="ParameterizedMethod" id="0-3882" name="ParametrizedTestCaseTests" fullname="NUnit.Framework.Internal.NUnitTestCaseBuilderTests.ParametrizedTestCaseTests" runstate="Runnable" testcasecount="8" result="Passed" start-time="2016-02-19 11:52:46Z" end-time="2016-02-19 11:52:46Z" duration="0.003009" total="8" passed="8" failed="0" inconclusive="0" skipped="0" asserts="16">
              <test-case id="0-3874" name="ParametrizedTestCaseTests(&quot;MethodWithOptionalParams0&quot;,NotRunnable)" fullname="NUnit.Framework.Internal.NUnitTestCaseBuilderTests.ParametrizedTestCaseTests(&quot;MethodWithOptionalParams0&quot;,NotRunnable)" methodname="ParametrizedTestCaseTests" classname="NUnit.Framework.Internal.NUnitTestCaseBuilderTests" runstate="Runnable" seed="1717411656" result="Passed" start-time="2016-02-19 11:52:46Z" end-time="2016-02-19 11:52:46Z" duration="0.000832" asserts="2" />
              <test-case id="0-3875" name="ParametrizedTestCaseTests(&quot;MethodWithOptionalParams1&quot;,Runnable)" fullname="NUnit.Framework.Internal.NUnitTestCaseBuilderTests.ParametrizedTestCaseTests(&quot;MethodWithOptionalParams1&quot;,Runnable)" methodname="ParametrizedTestCaseTests" classname="NUnit.Framework.Internal.NUnitTestCaseBuilderTests" runstate="Runnable" seed="315085253" result="Passed" start-time="2016-02-19 11:52:46Z" end-time="2016-02-19 11:52:46Z" duration="0.000231" asserts="2" />
              <test-case id="0-3876" name="ParametrizedTestCaseTests(&quot;MethodWithOptionalParams2&quot;,Runnable)" fullname="NUnit.Framework.Internal.NUnitTestCaseBuilderTests.ParametrizedTestCaseTests(&quot;MethodWithOptionalParams2&quot;,Runnable)" methodname="ParametrizedTestCaseTests" classname="NUnit.Framework.Internal.NUnitTestCaseBuilderTests" runstate="Runnable" seed="1885153024" result="Passed" start-time="2016-02-19 11:52:46Z" end-time="2016-02-19 11:52:46Z" duration="0.000202" asserts="2" />
              <test-case id="0-3877" name="ParametrizedTestCaseTests(&quot;MethodWithOptionalParams3&quot;,NotRunnable)" fullname="NUnit.Framework.Internal.NUnitTestCaseBuilderTests.ParametrizedTestCaseTests(&quot;MethodWithOptionalParams3&quot;,NotRunnable)" methodname="ParametrizedTestCaseTests" classname="NUnit.Framework.Internal.NUnitTestCaseBuilderTests" runstate="Runnable" seed="1511186614" result="Passed" start-time="2016-02-19 11:52:46Z" end-time="2016-02-19 11:52:46Z" duration="0.000191" asserts="2" />
              <test-case id="0-3878" name="ParametrizedTestCaseTests(&quot;MethodWithAllOptionalParams0&quot;,Runnable)" fullname="NUnit.Framework.Internal.NUnitTestCaseBuilderTests.ParametrizedTestCaseTests(&quot;MethodWithAllOptionalParams0&quot;,Runnable)" methodname="ParametrizedTestCaseTests" classname="NUnit.Framework.Internal.NUnitTestCaseBuilderTests" runstate="Runnable" seed="1494063135" result="Passed" start-time="2016-02-19 11:52:46Z" end-time="2016-02-19 11:52:46Z" duration="0.000267" asserts="2" />
              <test-case id="0-3879" name="ParametrizedTestCaseTests(&quot;MethodWithAllOptionalParams1&quot;,Runnable)" fullname="NUnit.Framework.Internal.NUnitTestCaseBuilderTests.ParametrizedTestCaseTests(&quot;MethodWithAllOptionalParams1&quot;,Runnable)" methodname="ParametrizedTestCaseTests" classname="NUnit.Framework.Internal.NUnitTestCaseBuilderTests" runstate="Runnable" seed="1328905108" result="Passed" start-time="2016-02-19 11:52:46Z" end-time="2016-02-19 11:52:46Z" duration="0.000214" asserts="2" />
              <test-case id="0-3880" name="ParametrizedTestCaseTests(&quot;MethodWithAllOptionalParams2&quot;,Runnable)" fullname="NUnit.Framework.Internal.NUnitTestCaseBuilderTests.ParametrizedTestCaseTests(&quot;MethodWithAllOptionalParams2&quot;,Runnable)" methodname="ParametrizedTestCaseTests" classname="NUnit.Framework.Internal.NUnitTestCaseBuilderTests" runstate="Runnable" seed="333206836" result="Passed" start-time="2016-02-19 11:52:46Z" end-time="2016-02-19 11:52:46Z" duration="0.000197" asserts="2" />
              <test-case id="0-3881" name="ParametrizedTestCaseTests(&quot;MethodWithAllOptionalParams3&quot;,NotRunnable)" fullname="NUnit.Framework.Internal.NUnitTestCaseBuilderTests.ParametrizedTestCaseTests(&quot;MethodWithAllOptionalParams3&quot;,NotRunnable)" methodname="ParametrizedTestCaseTests" classname="NUnit.Framework.Internal.NUnitTestCaseBuilderTests" runstate="Runnable" seed="355638718" result="Passed" start-time="2016-02-19 11:52:46Z" end-time="2016-02-19 11:52:46Z" duration="0.000198" asserts="2" />
            </test-suite>
          </test-suite>
          <test-suite type="TestFixture" id="0-3933" name="PropertyBagTests" fullname="NUnit.Framework.Internal.PropertyBagTests" classname="NUnit.Framework.Internal.PropertyBagTests" runstate="Runnable" testcasecount="9" result="Passed" start-time="2016-02-19 11:52:46Z" end-time="2016-02-19 11:52:46Z" duration="0.013656" total="9" passed="9" failed="0" inconclusive="0" skipped="0" asserts="27">
            <test-case id="0-3937" name="AllKeysAreListed" fullname="NUnit.Framework.Internal.PropertyBagTests.AllKeysAreListed" methodname="AllKeysAreListed" classname="NUnit.Framework.Internal.PropertyBagTests" runstate="Runnable" seed="1478710280" result="Passed" start-time="2016-02-19 11:52:46Z" end-time="2016-02-19 11:52:46Z" duration="0.002133" asserts="3" />
            <test-case id="0-3938" name="ContainsKey" fullname="NUnit.Framework.Internal.PropertyBagTests.ContainsKey" methodname="ContainsKey" classname="NUnit.Framework.Internal.PropertyBagTests" runstate="Runnable" seed="1947717067" result="Passed" start-time="2016-02-19 11:52:46Z" end-time="2016-02-19 11:52:46Z" duration="0.000746" asserts="3" />
            <test-case id="0-3939" name="GetReturnsSingleValue" fullname="NUnit.Framework.Internal.PropertyBagTests.GetReturnsSingleValue" methodname="GetReturnsSingleValue" classname="NUnit.Framework.Internal.PropertyBagTests" runstate="Runnable" seed="1926176018" result="Passed" start-time="2016-02-19 11:52:46Z" end-time="2016-02-19 11:52:46Z" duration="0.000745" asserts="2" />
            <test-case id="0-3935" name="IndexGetsEmptyListIfNameIsNotPresent" fullname="NUnit.Framework.Internal.PropertyBagTests.IndexGetsEmptyListIfNameIsNotPresent" methodname="IndexGetsEmptyListIfNameIsNotPresent" classname="NUnit.Framework.Internal.PropertyBagTests" runstate="Runnable" seed="1731564951" result="Passed" start-time="2016-02-19 11:52:46Z" end-time="2016-02-19 11:52:46Z" duration="0.000384" asserts="1" />
            <test-case id="0-3934" name="IndexGetsListOfValues" fullname="NUnit.Framework.Internal.PropertyBagTests.IndexGetsListOfValues" methodname="IndexGetsListOfValues" classname="NUnit.Framework.Internal.PropertyBagTests" runstate="Runnable" seed="693024635" result="Passed" start-time="2016-02-19 11:52:46Z" end-time="2016-02-19 11:52:46Z" duration="0.001436" asserts="5" />
            <test-case id="0-3936" name="IndexSetsListOfValues" fullname="NUnit.Framework.Internal.PropertyBagTests.IndexSetsListOfValues" methodname="IndexSetsListOfValues" classname="NUnit.Framework.Internal.PropertyBagTests" runstate="Runnable" seed="1810889473" result="Passed" start-time="2016-02-19 11:52:46Z" end-time="2016-02-19 11:52:46Z" duration="0.001346" asserts="3" />
            <test-case id="0-3940" name="SetAddsNewSingleValue" fullname="NUnit.Framework.Internal.PropertyBagTests.SetAddsNewSingleValue" methodname="SetAddsNewSingleValue" classname="NUnit.Framework.Internal.PropertyBagTests" runstate="Runnable" seed="1159414493" result="Passed" start-time="2016-02-19 11:52:46Z" end-time="2016-02-19 11:52:46Z" duration="0.001266" asserts="3" />
            <test-case id="0-3941" name="SetReplacesOldValues" fullname="NUnit.Framework.Internal.PropertyBagTests.SetReplacesOldValues" methodname="SetReplacesOldValues" classname="NUnit.Framework.Internal.PropertyBagTests" runstate="Runnable" seed="1520255708" result="Passed" start-time="2016-02-19 11:52:46Z" end-time="2016-02-19 11:52:46Z" duration="0.001050" asserts="2" />
            <test-case id="0-3942" name="XmlIsProducedCorrectly" fullname="NUnit.Framework.Internal.PropertyBagTests.XmlIsProducedCorrectly" methodname="XmlIsProducedCorrectly" classname="NUnit.Framework.Internal.PropertyBagTests" runstate="Runnable" seed="782977236" result="Passed" start-time="2016-02-19 11:52:46Z" end-time="2016-02-19 11:52:46Z" duration="0.003587" asserts="5" />
          </test-suite>
          <test-suite type="TestFixture" id="0-3883" name="PlatformDetectionTests" fullname="NUnit.Framework.Internal.PlatformDetectionTests" classname="NUnit.Framework.Internal.PlatformDetectionTests" runstate="Runnable" testcasecount="49" result="Passed" start-time="2016-02-19 11:52:46Z" end-time="2016-02-19 11:52:46Z" duration="0.072332" total="49" passed="49" failed="0" inconclusive="0" skipped="0" asserts="1135">
            <test-case id="0-3926" name="ArrayOfPlatforms" fullname="NUnit.Framework.Internal.PlatformDetectionTests.ArrayOfPlatforms" methodname="ArrayOfPlatforms" classname="NUnit.Framework.Internal.PlatformDetectionTests" runstate="Runnable" seed="1495409731" result="Passed" start-time="2016-02-19 11:52:46Z" end-time="2016-02-19 11:52:46Z" duration="0.002348" asserts="2" />
            <test-case id="0-3925" name="DetectExactVersion" fullname="NUnit.Framework.Internal.PlatformDetectionTests.DetectExactVersion" methodname="DetectExactVersion" classname="NUnit.Framework.Internal.PlatformDetectionTests" runstate="Runnable" seed="300774867" result="Passed" start-time="2016-02-19 11:52:46Z" end-time="2016-02-19 11:52:46Z" duration="0.000796" asserts="4" />
            <test-case id="0-3907" name="DetectMacOSX" fullname="NUnit.Framework.Internal.PlatformDetectionTests.DetectMacOSX" methodname="DetectMacOSX" classname="NUnit.Framework.Internal.PlatformDetectionTests" runstate="Runnable" seed="635340316" result="Passed" start-time="2016-02-19 11:52:46Z" end-time="2016-02-19 11:52:46Z" duration="0.007273" asserts="34" />
            <test-case id="0-3916" name="DetectMono10" fullname="NUnit.Framework.Internal.PlatformDetectionTests.DetectMono10" methodname="DetectMono10" classname="NUnit.Framework.Internal.PlatformDetectionTests" runstate="Runnable" seed="1619810941" result="Passed" start-time="2016-02-19 11:52:46Z" end-time="2016-02-19 11:52:46Z" duration="0.001053" asserts="22" />
            <test-case id="0-3917" name="DetectMono20" fullname="NUnit.Framework.Internal.PlatformDetectionTests.DetectMono20" methodname="DetectMono20" classname="NUnit.Framework.Internal.PlatformDetectionTests" runstate="Runnable" seed="612867865" result="Passed" start-time="2016-02-19 11:52:46Z" end-time="2016-02-19 11:52:46Z" duration="0.000715" asserts="22" />
            <test-case id="0-3918" name="DetectMono30" fullname="NUnit.Framework.Internal.PlatformDetectionTests.DetectMono30" methodname="DetectMono30" classname="NUnit.Framework.Internal.PlatformDetectionTests" runstate="Runnable" seed="2023124836" result="Passed" start-time="2016-02-19 11:52:46Z" end-time="2016-02-19 11:52:46Z" duration="0.001547" asserts="21" />
            <test-case id="0-3919" name="DetectMono35" fullname="NUnit.Framework.Internal.PlatformDetectionTests.DetectMono35" methodname="DetectMono35" classname="NUnit.Framework.Internal.PlatformDetectionTests" runstate="Runnable" seed="164261167" result="Passed" start-time="2016-02-19 11:52:46Z" end-time="2016-02-19 11:52:46Z" duration="0.000627" asserts="20" />
            <test-case id="0-3920" name="DetectMono40" fullname="NUnit.Framework.Internal.PlatformDetectionTests.DetectMono40" methodname="DetectMono40" classname="NUnit.Framework.Internal.PlatformDetectionTests" runstate="Runnable" seed="358626482" result="Passed" start-time="2016-02-19 11:52:46Z" end-time="2016-02-19 11:52:46Z" duration="0.000614" asserts="22" />
            <test-case id="0-3921" name="DetectMonoTouch" fullname="NUnit.Framework.Internal.PlatformDetectionTests.DetectMonoTouch" methodname="DetectMonoTouch" classname="NUnit.Framework.Internal.PlatformDetectionTests" runstate="Runnable" seed="1858338561" result="Passed" start-time="2016-02-19 11:52:46Z" end-time="2016-02-19 11:52:46Z" duration="0.000571" asserts="22" />
            <test-case id="0-3908" name="DetectNet10" fullname="NUnit.Framework.Internal.PlatformDetectionTests.DetectNet10" methodname="DetectNet10" classname="NUnit.Framework.Internal.PlatformDetectionTests" runstate="Runnable" seed="59702360" result="Passed" start-time="2016-02-19 11:52:46Z" end-time="2016-02-19 11:52:46Z" duration="0.000592" asserts="22" />
            <test-case id="0-3909" name="DetectNet11" fullname="NUnit.Framework.Internal.PlatformDetectionTests.DetectNet11" methodname="DetectNet11" classname="NUnit.Framework.Internal.PlatformDetectionTests" runstate="Runnable" seed="797761374" result="Passed" start-time="2016-02-19 11:52:46Z" end-time="2016-02-19 11:52:46Z" duration="0.000581" asserts="22" />
            <test-case id="0-3910" name="DetectNet20" fullname="NUnit.Framework.Internal.PlatformDetectionTests.DetectNet20" methodname="DetectNet20" classname="NUnit.Framework.Internal.PlatformDetectionTests" runstate="Runnable" seed="244370982" result="Passed" start-time="2016-02-19 11:52:46Z" end-time="2016-02-19 11:52:46Z" duration="0.000583" asserts="22" />
            <test-case id="0-3911" name="DetectNet30" fullname="NUnit.Framework.Internal.PlatformDetectionTests.DetectNet30" methodname="DetectNet30" classname="NUnit.Framework.Internal.PlatformDetectionTests" runstate="Runnable" seed="947527487" result="Passed" start-time="2016-02-19 11:52:46Z" end-time="2016-02-19 11:52:46Z" duration="0.000574" asserts="21" />
            <test-case id="0-3912" name="DetectNet35" fullname="NUnit.Framework.Internal.PlatformDetectionTests.DetectNet35" methodname="DetectNet35" classname="NUnit.Framework.Internal.PlatformDetectionTests" runstate="Runnable" seed="1534875217" result="Passed" start-time="2016-02-19 11:52:46Z" end-time="2016-02-19 11:52:46Z" duration="0.000587" asserts="20" />
            <test-case id="0-3913" name="DetectNet40" fullname="NUnit.Framework.Internal.PlatformDetectionTests.DetectNet40" methodname="DetectNet40" classname="NUnit.Framework.Internal.PlatformDetectionTests" runstate="Runnable" seed="701604317" result="Passed" start-time="2016-02-19 11:52:46Z" end-time="2016-02-19 11:52:46Z" duration="0.000577" asserts="22" />
            <test-case id="0-3914" name="DetectNetCF" fullname="NUnit.Framework.Internal.PlatformDetectionTests.DetectNetCF" methodname="DetectNetCF" classname="NUnit.Framework.Internal.PlatformDetectionTests" runstate="Runnable" seed="1347574592" result="Passed" start-time="2016-02-19 11:52:46Z" end-time="2016-02-19 11:52:46Z" duration="0.001450" asserts="23" />
            <test-case id="0-3888" name="DetectNT3" fullname="NUnit.Framework.Internal.PlatformDetectionTests.DetectNT3" methodname="DetectNT3" classname="NUnit.Framework.Internal.PlatformDetectionTests" runstate="Runnable" seed="132414972" result="Passed" start-time="2016-02-19 11:52:46Z" end-time="2016-02-19 11:52:46Z" duration="0.000802" asserts="31" />
            <test-case id="0-3889" name="DetectNT4" fullname="NUnit.Framework.Internal.PlatformDetectionTests.DetectNT4" methodname="DetectNT4" classname="NUnit.Framework.Internal.PlatformDetectionTests" runstate="Runnable" seed="252313550" result="Passed" start-time="2016-02-19 11:52:46Z" end-time="2016-02-19 11:52:46Z" duration="0.000744" asserts="31" />
            <test-case id="0-3922" name="DetectSilverlight30" fullname="NUnit.Framework.Internal.PlatformDetectionTests.DetectSilverlight30" methodname="DetectSilverlight30" classname="NUnit.Framework.Internal.PlatformDetectionTests" runstate="Runnable" seed="746296920" result="Passed" start-time="2016-02-19 11:52:46Z" end-time="2016-02-19 11:52:46Z" duration="0.000645" asserts="23" />
            <test-case id="0-3923" name="DetectSilverlight40" fullname="NUnit.Framework.Internal.PlatformDetectionTests.DetectSilverlight40" methodname="DetectSilverlight40" classname="NUnit.Framework.Internal.PlatformDetectionTests" runstate="Runnable" seed="1116087902" result="Passed" start-time="2016-02-19 11:52:46Z" end-time="2016-02-19 11:52:46Z" duration="0.000607" asserts="23" />
            <test-case id="0-3924" name="DetectSilverlight50" fullname="NUnit.Framework.Internal.PlatformDetectionTests.DetectSilverlight50" methodname="DetectSilverlight50" classname="NUnit.Framework.Internal.PlatformDetectionTests" runstate="Runnable" seed="1284092243" result="Passed" start-time="2016-02-19 11:52:46Z" end-time="2016-02-19 11:52:46Z" duration="0.000605" asserts="23" />
            <test-case id="0-3915" name="DetectSSCLI" fullname="NUnit.Framework.Internal.PlatformDetectionTests.DetectSSCLI" methodname="DetectSSCLI" classname="NUnit.Framework.Internal.PlatformDetectionTests" runstate="Runnable" seed="722457954" result="Passed" start-time="2016-02-19 11:52:46Z" end-time="2016-02-19 11:52:46Z" duration="0.000610" asserts="22" />
            <test-case id="0-3904" name="DetectUnixUnderMicrosoftDotNet" fullname="NUnit.Framework.Internal.PlatformDetectionTests.DetectUnixUnderMicrosoftDotNet" methodname="DetectUnixUnderMicrosoftDotNet" classname="NUnit.Framework.Internal.PlatformDetectionTests" runstate="Runnable" seed="747766801" result="Passed" start-time="2016-02-19 11:52:46Z" end-time="2016-02-19 11:52:46Z" duration="0.002276" asserts="33" />
            <test-case id="0-3905" name="DetectUnixUnderMono" fullname="NUnit.Framework.Internal.PlatformDetectionTests.DetectUnixUnderMono" methodname="DetectUnixUnderMono" classname="NUnit.Framework.Internal.PlatformDetectionTests" runstate="Runnable" seed="408337332" result="Passed" start-time="2016-02-19 11:52:46Z" end-time="2016-02-19 11:52:46Z" duration="0.001387" asserts="33" />
            <test-case id="0-3894" name="DetectVista" fullname="NUnit.Framework.Internal.PlatformDetectionTests.DetectVista" methodname="DetectVista" classname="NUnit.Framework.Internal.PlatformDetectionTests" runstate="Runnable" seed="134120284" result="Passed" start-time="2016-02-19 11:52:46Z" end-time="2016-02-19 11:52:46Z" duration="0.000999" asserts="30" />
            <test-case id="0-3893" name="DetectWin2003Server" fullname="NUnit.Framework.Internal.PlatformDetectionTests.DetectWin2003Server" methodname="DetectWin2003Server" classname="NUnit.Framework.Internal.PlatformDetectionTests" runstate="Runnable" seed="1161195685" result="Passed" start-time="2016-02-19 11:52:46Z" end-time="2016-02-19 11:52:46Z" duration="0.001011" asserts="30" />
            <test-case id="0-3895" name="DetectWin2008ServerOriginal" fullname="NUnit.Framework.Internal.PlatformDetectionTests.DetectWin2008ServerOriginal" methodname="DetectWin2008ServerOriginal" classname="NUnit.Framework.Internal.PlatformDetectionTests" runstate="Runnable" seed="167192862" result="Passed" start-time="2016-02-19 11:52:46Z" end-time="2016-02-19 11:52:46Z" duration="0.002120" asserts="30" />
            <test-case id="0-3896" name="DetectWin2008ServerR2" fullname="NUnit.Framework.Internal.PlatformDetectionTests.DetectWin2008ServerR2" methodname="DetectWin2008ServerR2" classname="NUnit.Framework.Internal.PlatformDetectionTests" runstate="Runnable" seed="1761513744" result="Passed" start-time="2016-02-19 11:52:46Z" end-time="2016-02-19 11:52:46Z" duration="0.001631" asserts="29" />
            <test-case id="0-3890" name="DetectWin2K" fullname="NUnit.Framework.Internal.PlatformDetectionTests.DetectWin2K" methodname="DetectWin2K" classname="NUnit.Framework.Internal.PlatformDetectionTests" runstate="Runnable" seed="1593643455" result="Passed" start-time="2016-02-19 11:52:46Z" end-time="2016-02-19 11:52:46Z" duration="0.000893" asserts="30" />
            <test-case id="0-3884" name="DetectWin95" fullname="NUnit.Framework.Internal.PlatformDetectionTests.DetectWin95" methodname="DetectWin95" classname="NUnit.Framework.Internal.PlatformDetectionTests" runstate="Runnable" seed="267824213" result="Passed" start-time="2016-02-19 11:52:46Z" end-time="2016-02-19 11:52:46Z" duration="0.000782" asserts="31" />
            <test-case id="0-3885" name="DetectWin98" fullname="NUnit.Framework.Internal.PlatformDetectionTests.DetectWin98" methodname="DetectWin98" classname="NUnit.Framework.Internal.PlatformDetectionTests" runstate="Runnable" seed="1505330328" result="Passed" start-time="2016-02-19 11:52:46Z" end-time="2016-02-19 11:52:46Z" duration="0.000795" asserts="31" />
            <test-case id="0-3887" name="DetectWinCE" fullname="NUnit.Framework.Internal.PlatformDetectionTests.DetectWinCE" methodname="DetectWinCE" classname="NUnit.Framework.Internal.PlatformDetectionTests" runstate="Runnable" seed="637332186" result="Passed" start-time="2016-02-19 11:52:46Z" end-time="2016-02-19 11:52:46Z" duration="0.001889" asserts="32" />
            <test-case id="0-3902" name="DetectWindows10" fullname="NUnit.Framework.Internal.PlatformDetectionTests.DetectWindows10" methodname="DetectWindows10" classname="NUnit.Framework.Internal.PlatformDetectionTests" runstate="Runnable" seed="297803974" result="Passed" start-time="2016-02-19 11:52:46Z" end-time="2016-02-19 11:52:46Z" duration="0.001012" asserts="30" />
            <test-case id="0-3898" name="DetectWindows2012ServerOriginal" fullname="NUnit.Framework.Internal.PlatformDetectionTests.DetectWindows2012ServerOriginal" methodname="DetectWindows2012ServerOriginal" classname="NUnit.Framework.Internal.PlatformDetectionTests" runstate="Runnable" seed="1862703424" result="Passed" start-time="2016-02-19 11:52:46Z" end-time="2016-02-19 11:52:46Z" duration="0.001642" asserts="30" />
            <test-case id="0-3899" name="DetectWindows2012ServerR2" fullname="NUnit.Framework.Internal.PlatformDetectionTests.DetectWindows2012ServerR2" methodname="DetectWindows2012ServerR2" classname="NUnit.Framework.Internal.PlatformDetectionTests" runstate="Runnable" seed="138416225" result="Passed" start-time="2016-02-19 11:52:46Z" end-time="2016-02-19 11:52:46Z" duration="0.000974" asserts="29" />
            <test-case id="0-3897" name="DetectWindows7" fullname="NUnit.Framework.Internal.PlatformDetectionTests.DetectWindows7" methodname="DetectWindows7" classname="NUnit.Framework.Internal.PlatformDetectionTests" runstate="Runnable" seed="1917599687" result="Passed" start-time="2016-02-19 11:52:46Z" end-time="2016-02-19 11:52:46Z" duration="0.001906" asserts="29" />
            <test-case id="0-3900" name="DetectWindows8" fullname="NUnit.Framework.Internal.PlatformDetectionTests.DetectWindows8" methodname="DetectWindows8" classname="NUnit.Framework.Internal.PlatformDetectionTests" runstate="Runnable" seed="1734734895" result="Passed" start-time="2016-02-19 11:52:46Z" end-time="2016-02-19 11:52:46Z" duration="0.000962" asserts="29" />
            <test-case id="0-3901" name="DetectWindows81" fullname="NUnit.Framework.Internal.PlatformDetectionTests.DetectWindows81" methodname="DetectWindows81" classname="NUnit.Framework.Internal.PlatformDetectionTests" runstate="Runnable" seed="1342235961" result="Passed" start-time="2016-02-19 11:52:46Z" end-time="2016-02-19 11:52:46Z" duration="0.001254" asserts="29" />
            <test-case id="0-3903" name="DetectWindowsServer" fullname="NUnit.Framework.Internal.PlatformDetectionTests.DetectWindowsServer" methodname="DetectWindowsServer" classname="NUnit.Framework.Internal.PlatformDetectionTests" runstate="Runnable" seed="1999220983" result="Passed" start-time="2016-02-19 11:52:46Z" end-time="2016-02-19 11:52:46Z" duration="0.001059" asserts="31" />
            <test-case id="0-3886" name="DetectWinMe" fullname="NUnit.Framework.Internal.PlatformDetectionTests.DetectWinMe" methodname="DetectWinMe" classname="NUnit.Framework.Internal.PlatformDetectionTests" runstate="Runnable" seed="1693543625" result="Passed" start-time="2016-02-19 11:52:46Z" end-time="2016-02-19 11:52:46Z" duration="0.000777" asserts="31" />
            <test-case id="0-3891" name="DetectWinXP" fullname="NUnit.Framework.Internal.PlatformDetectionTests.DetectWinXP" methodname="DetectWinXP" classname="NUnit.Framework.Internal.PlatformDetectionTests" runstate="Runnable" seed="758289695" result="Passed" start-time="2016-02-19 11:52:46Z" end-time="2016-02-19 11:52:46Z" duration="0.001756" asserts="30" />
            <test-case id="0-3892" name="DetectWinXPProfessionalX64" fullname="NUnit.Framework.Internal.PlatformDetectionTests.DetectWinXPProfessionalX64" methodname="DetectWinXPProfessionalX64" classname="NUnit.Framework.Internal.PlatformDetectionTests" runstate="Runnable" seed="486780684" result="Passed" start-time="2016-02-19 11:52:46Z" end-time="2016-02-19 11:52:46Z" duration="0.000989" asserts="30" />
            <test-case id="0-3906" name="DetectXbox" fullname="NUnit.Framework.Internal.PlatformDetectionTests.DetectXbox" methodname="DetectXbox" classname="NUnit.Framework.Internal.PlatformDetectionTests" runstate="Runnable" seed="119520889" result="Passed" start-time="2016-02-19 11:52:46Z" end-time="2016-02-19 11:52:46Z" duration="0.000971" asserts="34" />
            <test-case id="0-3928" name="PlatformAttribute_Exclude" fullname="NUnit.Framework.Internal.PlatformDetectionTests.PlatformAttribute_Exclude" methodname="PlatformAttribute_Exclude" classname="NUnit.Framework.Internal.PlatformDetectionTests" runstate="Runnable" seed="1601038482" result="Passed" start-time="2016-02-19 11:52:46Z" end-time="2016-02-19 11:52:46Z" duration="0.000896" asserts="3" />
            <test-case id="0-3927" name="PlatformAttribute_Include" fullname="NUnit.Framework.Internal.PlatformDetectionTests.PlatformAttribute_Include" methodname="PlatformAttribute_Include" classname="NUnit.Framework.Internal.PlatformDetectionTests" runstate="Runnable" seed="1662905702" result="Passed" start-time="2016-02-19 11:52:46Z" end-time="2016-02-19 11:52:46Z" duration="0.000830" asserts="3" />
            <test-case id="0-3929" name="PlatformAttribute_IncludeAndExclude" fullname="NUnit.Framework.Internal.PlatformDetectionTests.PlatformAttribute_IncludeAndExclude" methodname="PlatformAttribute_IncludeAndExclude" classname="NUnit.Framework.Internal.PlatformDetectionTests" runstate="Runnable" seed="1773202724" result="Passed" start-time="2016-02-19 11:52:46Z" end-time="2016-02-19 11:52:46Z" duration="0.001471" asserts="7" />
            <test-case id="0-3930" name="PlatformAttribute_InvalidPlatform" fullname="NUnit.Framework.Internal.PlatformDetectionTests.PlatformAttribute_InvalidPlatform" methodname="PlatformAttribute_InvalidPlatform" classname="NUnit.Framework.Internal.PlatformDetectionTests" runstate="Runnable" seed="30801744" result="Passed" start-time="2016-02-19 11:52:46Z" end-time="2016-02-19 11:52:46Z" duration="0.002048" asserts="3" />
            <test-case id="0-3932" name="PlatformAttribute_OperatingSystemBitNess" fullname="NUnit.Framework.Internal.PlatformDetectionTests.PlatformAttribute_OperatingSystemBitNess" methodname="PlatformAttribute_OperatingSystemBitNess" classname="NUnit.Framework.Internal.PlatformDetectionTests" runstate="Runnable" seed="1025571993" result="Passed" start-time="2016-02-19 11:52:46Z" end-time="2016-02-19 11:52:46Z" duration="0.003618" asserts="2" />
            <test-case id="0-3931" name="PlatformAttribute_ProcessBitNess" fullname="NUnit.Framework.Internal.PlatformDetectionTests.PlatformAttribute_ProcessBitNess" methodname="PlatformAttribute_ProcessBitNess" classname="NUnit.Framework.Internal.PlatformDetectionTests" runstate="Runnable" seed="1673452368" result="Passed" start-time="2016-02-19 11:52:46Z" end-time="2016-02-19 11:52:46Z" duration="0.001055" asserts="2" />
          </test-suite>
          <test-suite type="TestFixture" id="0-4929" name="RandomizerTests+Repeatability" fullname="NUnit.Framework.Internal.RandomizerTests+Repeatability" classname="NUnit.Framework.Internal.RandomizerTests+Repeatability" runstate="Runnable" testcasecount="6" result="Passed" start-time="2016-02-19 11:52:46Z" end-time="2016-02-19 11:52:46Z" duration="0.032376" total="6" passed="6" failed="0" inconclusive="0" skipped="0" asserts="24">
            <test-case id="0-4931" name="RandomizersWithDifferentSeedsReturnDifferentValues" fullname="NUnit.Framework.Internal.RandomizerTests+Repeatability.RandomizersWithDifferentSeedsReturnDifferentValues" methodname="RandomizersWithDifferentSeedsReturnDifferentValues" classname="NUnit.Framework.Internal.RandomizerTests+Repeatability" runstate="Runnable" seed="110226432" result="Passed" start-time="2016-02-19 11:52:46Z" end-time="2016-02-19 11:52:46Z" duration="0.002802" asserts="10" />
            <test-case id="0-4930" name="RandomizersWithSameSeedsReturnSameValues" fullname="NUnit.Framework.Internal.RandomizerTests+Repeatability.RandomizersWithSameSeedsReturnSameValues" methodname="RandomizersWithSameSeedsReturnSameValues" classname="NUnit.Framework.Internal.RandomizerTests+Repeatability" runstate="Runnable" seed="1816837647" result="Passed" start-time="2016-02-19 11:52:46Z" end-time="2016-02-19 11:52:46Z" duration="0.015323" asserts="10" />
            <test-case id="0-4935" name="ReturnsDifferentRandomizersForDifferentMethods" fullname="NUnit.Framework.Internal.RandomizerTests+Repeatability.ReturnsDifferentRandomizersForDifferentMethods" methodname="ReturnsDifferentRandomizersForDifferentMethods" classname="NUnit.Framework.Internal.RandomizerTests+Repeatability" runstate="Runnable" seed="418818775" result="Passed" start-time="2016-02-19 11:52:46Z" end-time="2016-02-19 11:52:46Z" duration="0.001267" asserts="1" />
            <test-case id="0-4933" name="ReturnsSameRandomizerForDifferentParametersOfSameMethod" fullname="NUnit.Framework.Internal.RandomizerTests+Repeatability.ReturnsSameRandomizerForDifferentParametersOfSameMethod" methodname="ReturnsSameRandomizerForDifferentParametersOfSameMethod" classname="NUnit.Framework.Internal.RandomizerTests+Repeatability" runstate="Runnable" seed="152602941" result="Passed" start-time="2016-02-19 11:52:46Z" end-time="2016-02-19 11:52:46Z" duration="0.000620" asserts="1" />
            <test-case id="0-4934" name="ReturnsSameRandomizerForSameMethod" fullname="NUnit.Framework.Internal.RandomizerTests+Repeatability.ReturnsSameRandomizerForSameMethod" methodname="ReturnsSameRandomizerForSameMethod" classname="NUnit.Framework.Internal.RandomizerTests+Repeatability" runstate="Runnable" seed="1787048045" result="Passed" start-time="2016-02-19 11:52:46Z" end-time="2016-02-19 11:52:46Z" duration="0.000473" asserts="1" />
            <test-case id="0-4932" name="ReturnsSameRandomizerForSameParameter" fullname="NUnit.Framework.Internal.RandomizerTests+Repeatability.ReturnsSameRandomizerForSameParameter" methodname="ReturnsSameRandomizerForSameParameter" classname="NUnit.Framework.Internal.RandomizerTests+Repeatability" runstate="Runnable" seed="2138318477" result="Passed" start-time="2016-02-19 11:52:46Z" end-time="2016-02-19 11:52:46Z" duration="0.000620" asserts="1" />
          </test-suite>
          <test-suite type="TestFixture" id="0-3746" name="RealAsyncSetupTeardownTests" fullname="NUnit.Framework.Internal.RealAsyncSetupTeardownTests" classname="NUnit.Framework.Internal.RealAsyncSetupTeardownTests" runstate="Runnable" testcasecount="1" result="Passed" start-time="2016-02-19 11:52:46Z" end-time="2016-02-19 11:52:46Z" duration="0.007753" total="1" passed="1" failed="0" inconclusive="0" skipped="0" asserts="2">
            <test-case id="0-3747" name="TestCurrentFixtureInitialization" fullname="NUnit.Framework.Internal.RealAsyncSetupTeardownTests.TestCurrentFixtureInitialization" methodname="TestCurrentFixtureInitialization" classname="NUnit.Framework.Internal.RealAsyncSetupTeardownTests" runstate="Runnable" seed="381745511" result="Passed" start-time="2016-02-19 11:52:46Z" end-time="2016-02-19 11:52:46Z" duration="0.004616" asserts="2" />
          </test-suite>
          <test-suite type="TestFixture" id="0-3672" name="ResultStateTests" fullname="NUnit.Framework.Internal.ResultStateTests" classname="NUnit.Framework.Internal.ResultStateTests" runstate="Runnable" testcasecount="41" result="Passed" start-time="2016-02-19 11:52:46Z" end-time="2016-02-19 11:52:46Z" duration="0.038821" total="41" passed="41" failed="0" inconclusive="0" skipped="0" asserts="69">
            <test-suite type="ParameterizedMethod" id="0-3711" name="AddSiteToResult" fullname="NUnit.Framework.Internal.ResultStateTests.AddSiteToResult" runstate="Runnable" testcasecount="3" result="Passed" start-time="2016-02-19 11:52:46Z" end-time="2016-02-19 11:52:46Z" duration="0.004424" total="3" passed="3" failed="0" inconclusive="0" skipped="0" asserts="9">
              <test-case id="0-3708" name="AddSiteToResult(Failed,&quot;Error&quot;,TearDown)" fullname="NUnit.Framework.Internal.ResultStateTests.AddSiteToResult(Failed,&quot;Error&quot;,TearDown)" methodname="AddSiteToResult" classname="NUnit.Framework.Internal.ResultStateTests" runstate="Runnable" seed="211503249" result="Passed" start-time="2016-02-19 11:52:46Z" end-time="2016-02-19 11:52:46Z" duration="0.003239" asserts="3" />
              <test-case id="0-3709" name="AddSiteToResult(Skipped,&quot;Ignored&quot;,Parent)" fullname="NUnit.Framework.Internal.ResultStateTests.AddSiteToResult(Skipped,&quot;Ignored&quot;,Parent)" methodname="AddSiteToResult" classname="NUnit.Framework.Internal.ResultStateTests" runstate="Runnable" seed="1120136539" result="Passed" start-time="2016-02-19 11:52:46Z" end-time="2016-02-19 11:52:46Z" duration="0.000188" asserts="3" />
              <test-case id="0-3710" name="AddSiteToResult(Inconclusive,&quot;&quot;,SetUp)" fullname="NUnit.Framework.Internal.ResultStateTests.AddSiteToResult(Inconclusive,&quot;&quot;,SetUp)" methodname="AddSiteToResult" classname="NUnit.Framework.Internal.ResultStateTests" runstate="Runnable" seed="857500944" result="Passed" start-time="2016-02-19 11:52:46Z" end-time="2016-02-19 11:52:46Z" duration="0.000169" asserts="3" />
            </test-suite>
            <test-case id="0-3720" name="Cancelled_ReturnsResultStateWithPropertiesCorrectlySet" fullname="NUnit.Framework.Internal.ResultStateTests.Cancelled_ReturnsResultStateWithPropertiesCorrectlySet" methodname="Cancelled_ReturnsResultStateWithPropertiesCorrectlySet" classname="NUnit.Framework.Internal.ResultStateTests" runstate="Runnable" seed="1134960422" result="Passed" start-time="2016-02-19 11:52:46Z" end-time="2016-02-19 11:52:46Z" duration="0.001900" asserts="3" />
            <test-case id="0-3718" name="ChildFailure_ReturnsResultStateWithPropertiesSet" fullname="NUnit.Framework.Internal.ResultStateTests.ChildFailure_ReturnsResultStateWithPropertiesSet" methodname="ChildFailure_ReturnsResultStateWithPropertiesSet" classname="NUnit.Framework.Internal.ResultStateTests" runstate="Runnable" seed="1609137902" result="Passed" start-time="2016-02-19 11:52:46Z" end-time="2016-02-19 11:52:46Z" duration="0.000889" asserts="3" />
            <test-case id="0-3719" name="Error_ReturnsResultStateWithPropertiesCorrectlySet" fullname="NUnit.Framework.Internal.ResultStateTests.Error_ReturnsResultStateWithPropertiesCorrectlySet" methodname="Error_ReturnsResultStateWithPropertiesCorrectlySet" classname="NUnit.Framework.Internal.ResultStateTests" runstate="Runnable" seed="1893108871" result="Passed" start-time="2016-02-19 11:52:46Z" end-time="2016-02-19 11:52:46Z" duration="0.000962" asserts="3" />
            <test-case id="0-3717" name="Failure_ReturnsResultStateWithPropertiesCorrectlySet" fullname="NUnit.Framework.Internal.ResultStateTests.Failure_ReturnsResultStateWithPropertiesCorrectlySet" methodname="Failure_ReturnsResultStateWithPropertiesCorrectlySet" classname="NUnit.Framework.Internal.ResultStateTests" runstate="Runnable" seed="1962518140" result="Passed" start-time="2016-02-19 11:52:46Z" end-time="2016-02-19 11:52:46Z" duration="0.000948" asserts="3" />
            <test-case id="0-3715" name="Ignored_ReturnsResultStateWithPropertiesCorrectlySet" fullname="NUnit.Framework.Internal.ResultStateTests.Ignored_ReturnsResultStateWithPropertiesCorrectlySet" methodname="Ignored_ReturnsResultStateWithPropertiesCorrectlySet" classname="NUnit.Framework.Internal.ResultStateTests" runstate="Runnable" seed="1044241933" result="Passed" start-time="2016-02-19 11:52:46Z" end-time="2016-02-19 11:52:46Z" duration="0.000959" asserts="3" />
            <test-case id="0-3712" name="Inconclusive_ReturnsResultStateWithPropertiesCorrectlySet" fullname="NUnit.Framework.Internal.ResultStateTests.Inconclusive_ReturnsResultStateWithPropertiesCorrectlySet" methodname="Inconclusive_ReturnsResultStateWithPropertiesCorrectlySet" classname="NUnit.Framework.Internal.ResultStateTests" runstate="Runnable" seed="1265983119" result="Passed" start-time="2016-02-19 11:52:46Z" end-time="2016-02-19 11:52:46Z" duration="0.000949" asserts="3" />
            <test-case id="0-3678" name="Label_ConstructorWithOneArguments_ReturnsStringEmpty" fullname="NUnit.Framework.Internal.ResultStateTests.Label_ConstructorWithOneArguments_ReturnsStringEmpty" methodname="Label_ConstructorWithOneArguments_ReturnsStringEmpty" classname="NUnit.Framework.Internal.ResultStateTests" runstate="Runnable" seed="1440920073" result="Passed" start-time="2016-02-19 11:52:46Z" end-time="2016-02-19 11:52:46Z" duration="0.000416" asserts="1" />
            <test-suite type="ParameterizedMethod" id="0-3686" name="Label_ConstructorWithTwoArguments_ReturnsConstructorArgumentLabel" fullname="NUnit.Framework.Internal.ResultStateTests.Label_ConstructorWithTwoArguments_ReturnsConstructorArgumentLabel" runstate="Runnable" testcasecount="2" result="Passed" start-time="2016-02-19 11:52:46Z" end-time="2016-02-19 11:52:46Z" duration="0.000963" total="2" passed="2" failed="0" inconclusive="0" skipped="0" asserts="2">
              <test-case id="0-3684" name="Label_ConstructorWithTwoArguments_ReturnsConstructorArgumentLabel(&quot;&quot;)" fullname="NUnit.Framework.Internal.ResultStateTests.Label_ConstructorWithTwoArguments_ReturnsConstructorArgumentLabel(&quot;&quot;)" methodname="Label_ConstructorWithTwoArguments_ReturnsConstructorArgumentLabel" classname="NUnit.Framework.Internal.ResultStateTests" runstate="Runnable" seed="650172865" result="Passed" start-time="2016-02-19 11:52:46Z" end-time="2016-02-19 11:52:46Z" duration="0.000426" asserts="1" />
              <test-case id="0-3685" name="Label_ConstructorWithTwoArguments_ReturnsConstructorArgumentLabel(&quot;label&quot;)" fullname="NUnit.Framework.Internal.ResultStateTests.Label_ConstructorWithTwoArguments_ReturnsConstructorArgumentLabel(&quot;label&quot;)" methodname="Label_ConstructorWithTwoArguments_ReturnsConstructorArgumentLabel" classname="NUnit.Framework.Internal.ResultStateTests" runstate="Runnable" seed="1330915559" result="Passed" start-time="2016-02-19 11:52:46Z" end-time="2016-02-19 11:52:46Z" duration="0.000057" asserts="1" />
            </test-suite>
            <test-case id="0-3687" name="Label_ConstructorWithTwoArgumentsLabelArgumentIsNull_ReturnsEmptyString" fullname="NUnit.Framework.Internal.ResultStateTests.Label_ConstructorWithTwoArgumentsLabelArgumentIsNull_ReturnsEmptyString" methodname="Label_ConstructorWithTwoArgumentsLabelArgumentIsNull_ReturnsEmptyString" classname="NUnit.Framework.Internal.ResultStateTests" runstate="Runnable" seed="1641069462" result="Passed" start-time="2016-02-19 11:52:46Z" end-time="2016-02-19 11:52:46Z" duration="0.000529" asserts="1" />
            <test-case id="0-3713" name="NotRunnable_ReturnsResultStateWithPropertiesCorrectlySet" fullname="NUnit.Framework.Internal.ResultStateTests.NotRunnable_ReturnsResultStateWithPropertiesCorrectlySet" methodname="NotRunnable_ReturnsResultStateWithPropertiesCorrectlySet" classname="NUnit.Framework.Internal.ResultStateTests" runstate="Runnable" seed="410195843" result="Passed" start-time="2016-02-19 11:52:46Z" end-time="2016-02-19 11:52:46Z" duration="0.000918" asserts="3" />
            <test-case id="0-3688" name="Site_ConstructorWithOneArguments_ReturnsTest" fullname="NUnit.Framework.Internal.ResultStateTests.Site_ConstructorWithOneArguments_ReturnsTest" methodname="Site_ConstructorWithOneArguments_ReturnsTest" classname="NUnit.Framework.Internal.ResultStateTests" runstate="Runnable" seed="785534352" result="Passed" start-time="2016-02-19 11:52:46Z" end-time="2016-02-19 11:52:46Z" duration="0.000496" asserts="1" />
            <test-suite type="ParameterizedMethod" id="0-3694" name="Site_ConstructorWithThreeArguments_ReturnsSite" fullname="NUnit.Framework.Internal.ResultStateTests.Site_ConstructorWithThreeArguments_ReturnsSite" runstate="Runnable" testcasecount="2" result="Passed" start-time="2016-02-19 11:52:46Z" end-time="2016-02-19 11:52:46Z" duration="0.002396" total="2" passed="2" failed="0" inconclusive="0" skipped="0" asserts="2">
              <test-case id="0-3692" name="Site_ConstructorWithThreeArguments_ReturnsSite(&quot;&quot;,Parent)" fullname="NUnit.Framework.Internal.ResultStateTests.Site_ConstructorWithThreeArguments_ReturnsSite(&quot;&quot;,Parent)" methodname="Site_ConstructorWithThreeArguments_ReturnsSite" classname="NUnit.Framework.Internal.ResultStateTests" runstate="Runnable" seed="294292706" result="Passed" start-time="2016-02-19 11:52:46Z" end-time="2016-02-19 11:52:46Z" duration="0.000673" asserts="1" />
              <test-case id="0-3693" name="Site_ConstructorWithThreeArguments_ReturnsSite(&quot;label&quot;,SetUp)" fullname="NUnit.Framework.Internal.ResultStateTests.Site_ConstructorWithThreeArguments_ReturnsSite(&quot;label&quot;,SetUp)" methodname="Site_ConstructorWithThreeArguments_ReturnsSite" classname="NUnit.Framework.Internal.ResultStateTests" runstate="Runnable" seed="1224272433" result="Passed" start-time="2016-02-19 11:52:46Z" end-time="2016-02-19 11:52:46Z" duration="0.000106" asserts="1" />
            </test-suite>
            <test-suite type="ParameterizedMethod" id="0-3691" name="Site_ConstructorWithTwoArguments_ReturnsTest" fullname="NUnit.Framework.Internal.ResultStateTests.Site_ConstructorWithTwoArguments_ReturnsTest" runstate="Runnable" testcasecount="2" result="Passed" start-time="2016-02-19 11:52:46Z" end-time="2016-02-19 11:52:46Z" duration="0.001166" total="2" passed="2" failed="0" inconclusive="0" skipped="0" asserts="2">
              <test-case id="0-3689" name="Site_ConstructorWithTwoArguments_ReturnsTest(&quot;&quot;)" fullname="NUnit.Framework.Internal.ResultStateTests.Site_ConstructorWithTwoArguments_ReturnsTest(&quot;&quot;)" methodname="Site_ConstructorWithTwoArguments_ReturnsTest" classname="NUnit.Framework.Internal.ResultStateTests" runstate="Runnable" seed="369739194" result="Passed" start-time="2016-02-19 11:52:46Z" end-time="2016-02-19 11:52:46Z" duration="0.000582" asserts="1" />
              <test-case id="0-3690" name="Site_ConstructorWithTwoArguments_ReturnsTest(&quot;label&quot;)" fullname="NUnit.Framework.Internal.ResultStateTests.Site_ConstructorWithTwoArguments_ReturnsTest(&quot;label&quot;)" methodname="Site_ConstructorWithTwoArguments_ReturnsTest" classname="NUnit.Framework.Internal.ResultStateTests" runstate="Runnable" seed="619417914" result="Passed" start-time="2016-02-19 11:52:46Z" end-time="2016-02-19 11:52:46Z" duration="0.000071" asserts="1" />
            </test-suite>
            <test-case id="0-3714" name="Skipped_ReturnsResultStateWithPropertiesCorrectlySet" fullname="NUnit.Framework.Internal.ResultStateTests.Skipped_ReturnsResultStateWithPropertiesCorrectlySet" methodname="Skipped_ReturnsResultStateWithPropertiesCorrectlySet" classname="NUnit.Framework.Internal.ResultStateTests" runstate="Runnable" seed="524287400" result="Passed" start-time="2016-02-19 11:52:46Z" end-time="2016-02-19 11:52:46Z" duration="0.001042" asserts="3" />
            <test-suite type="ParameterizedMethod" id="0-3677" name="Status_ConstructorWithOneArguments_ReturnsConstructorArgumentStatus" fullname="NUnit.Framework.Internal.ResultStateTests.Status_ConstructorWithOneArguments_ReturnsConstructorArgumentStatus" runstate="Runnable" testcasecount="4" result="Passed" start-time="2016-02-19 11:52:46Z" end-time="2016-02-19 11:52:46Z" duration="0.002134" total="4" passed="4" failed="0" inconclusive="0" skipped="0" asserts="4">
              <test-case id="0-3673" name="Status_ConstructorWithOneArguments_ReturnsConstructorArgumentStatus(Failed)" fullname="NUnit.Framework.Internal.ResultStateTests.Status_ConstructorWithOneArguments_ReturnsConstructorArgumentStatus(Failed)" methodname="Status_ConstructorWithOneArguments_ReturnsConstructorArgumentStatus" classname="NUnit.Framework.Internal.ResultStateTests" runstate="Runnable" seed="2061645857" result="Passed" start-time="2016-02-19 11:52:46Z" end-time="2016-02-19 11:52:46Z" duration="0.000670" asserts="1" />
              <test-case id="0-3674" name="Status_ConstructorWithOneArguments_ReturnsConstructorArgumentStatus(Skipped)" fullname="NUnit.Framework.Internal.ResultStateTests.Status_ConstructorWithOneArguments_ReturnsConstructorArgumentStatus(Skipped)" methodname="Status_ConstructorWithOneArguments_ReturnsConstructorArgumentStatus" classname="NUnit.Framework.Internal.ResultStateTests" runstate="Runnable" seed="1096016397" result="Passed" start-time="2016-02-19 11:52:46Z" end-time="2016-02-19 11:52:46Z" duration="0.000141" asserts="1" />
              <test-case id="0-3675" name="Status_ConstructorWithOneArguments_ReturnsConstructorArgumentStatus(Inconclusive)" fullname="NUnit.Framework.Internal.ResultStateTests.Status_ConstructorWithOneArguments_ReturnsConstructorArgumentStatus(Inconclusive)" methodname="Status_ConstructorWithOneArguments_ReturnsConstructorArgumentStatus" classname="NUnit.Framework.Internal.ResultStateTests" runstate="Runnable" seed="603890037" result="Passed" start-time="2016-02-19 11:52:46Z" end-time="2016-02-19 11:52:46Z" duration="0.000121" asserts="1" />
              <test-case id="0-3676" name="Status_ConstructorWithOneArguments_ReturnsConstructorArgumentStatus(Passed)" fullname="NUnit.Framework.Internal.ResultStateTests.Status_ConstructorWithOneArguments_ReturnsConstructorArgumentStatus(Passed)" methodname="Status_ConstructorWithOneArguments_ReturnsConstructorArgumentStatus" classname="NUnit.Framework.Internal.ResultStateTests" runstate="Runnable" seed="277885975" result="Passed" start-time="2016-02-19 11:52:46Z" end-time="2016-02-19 11:52:46Z" duration="0.000181" asserts="1" />
            </test-suite>
            <test-suite type="ParameterizedMethod" id="0-3683" name="Status_ConstructorWithTwoArguments_ReturnsConstructorArgumentStatus" fullname="NUnit.Framework.Internal.ResultStateTests.Status_ConstructorWithTwoArguments_ReturnsConstructorArgumentStatus" runstate="Runnable" testcasecount="4" result="Passed" start-time="2016-02-19 11:52:46Z" end-time="2016-02-19 11:52:46Z" duration="0.002080" total="4" passed="4" failed="0" inconclusive="0" skipped="0" asserts="4">
              <test-case id="0-3679" name="Status_ConstructorWithTwoArguments_ReturnsConstructorArgumentStatus(Failed)" fullname="NUnit.Framework.Internal.ResultStateTests.Status_ConstructorWithTwoArguments_ReturnsConstructorArgumentStatus(Failed)" methodname="Status_ConstructorWithTwoArguments_ReturnsConstructorArgumentStatus" classname="NUnit.Framework.Internal.ResultStateTests" runstate="Runnable" seed="1028726593" result="Passed" start-time="2016-02-19 11:52:46Z" end-time="2016-02-19 11:52:46Z" duration="0.000657" asserts="1" />
              <test-case id="0-3680" name="Status_ConstructorWithTwoArguments_ReturnsConstructorArgumentStatus(Skipped)" fullname="NUnit.Framework.Internal.ResultStateTests.Status_ConstructorWithTwoArguments_ReturnsConstructorArgumentStatus(Skipped)" methodname="Status_ConstructorWithTwoArguments_ReturnsConstructorArgumentStatus" classname="NUnit.Framework.Internal.ResultStateTests" runstate="Runnable" seed="105771360" result="Passed" start-time="2016-02-19 11:52:46Z" end-time="2016-02-19 11:52:46Z" duration="0.000138" asserts="1" />
              <test-case id="0-3681" name="Status_ConstructorWithTwoArguments_ReturnsConstructorArgumentStatus(Inconclusive)" fullname="NUnit.Framework.Internal.ResultStateTests.Status_ConstructorWithTwoArguments_ReturnsConstructorArgumentStatus(Inconclusive)" methodname="Status_ConstructorWithTwoArguments_ReturnsConstructorArgumentStatus" classname="NUnit.Framework.Internal.ResultStateTests" runstate="Runnable" seed="2012046706" result="Passed" start-time="2016-02-19 11:52:46Z" end-time="2016-02-19 11:52:46Z" duration="0.000127" asserts="1" />
              <test-case id="0-3682" name="Status_ConstructorWithTwoArguments_ReturnsConstructorArgumentStatus(Passed)" fullname="NUnit.Framework.Internal.ResultStateTests.Status_ConstructorWithTwoArguments_ReturnsConstructorArgumentStatus(Passed)" methodname="Status_ConstructorWithTwoArguments_ReturnsConstructorArgumentStatus" classname="NUnit.Framework.Internal.ResultStateTests" runstate="Runnable" seed="1781790790" result="Passed" start-time="2016-02-19 11:52:46Z" end-time="2016-02-19 11:52:46Z" duration="0.000120" asserts="1" />
            </test-suite>
            <test-case id="0-3716" name="Success_ReturnsResultStateWithPropertiesCorrectlySet" fullname="NUnit.Framework.Internal.ResultStateTests.Success_ReturnsResultStateWithPropertiesCorrectlySet" methodname="Success_ReturnsResultStateWithPropertiesCorrectlySet" classname="NUnit.Framework.Internal.ResultStateTests" runstate="Runnable" seed="701950002" result="Passed" start-time="2016-02-19 11:52:46Z" end-time="2016-02-19 11:52:46Z" duration="0.000972" asserts="3" />
            <test-case id="0-3704" name="TestEquality_LabelDiffers" fullname="NUnit.Framework.Internal.ResultStateTests.TestEquality_LabelDiffers" methodname="TestEquality_LabelDiffers" classname="NUnit.Framework.Internal.ResultStateTests" runstate="Runnable" seed="688223404" result="Passed" start-time="2016-02-19 11:52:46Z" end-time="2016-02-19 11:52:46Z" duration="0.000639" asserts="1" />
            <test-case id="0-3707" name="TestEquality_Null" fullname="NUnit.Framework.Internal.ResultStateTests.TestEquality_Null" methodname="TestEquality_Null" classname="NUnit.Framework.Internal.ResultStateTests" runstate="Runnable" seed="178653569" result="Passed" start-time="2016-02-19 11:52:46Z" end-time="2016-02-19 11:52:46Z" duration="0.000480" asserts="3" />
            <test-case id="0-3705" name="TestEquality_SiteDiffers" fullname="NUnit.Framework.Internal.ResultStateTests.TestEquality_SiteDiffers" methodname="TestEquality_SiteDiffers" classname="NUnit.Framework.Internal.ResultStateTests" runstate="Runnable" seed="80392645" result="Passed" start-time="2016-02-19 11:52:46Z" end-time="2016-02-19 11:52:46Z" duration="0.000714" asserts="1" />
            <test-case id="0-3700" name="TestEquality_StatusAndLabelSpecified" fullname="NUnit.Framework.Internal.ResultStateTests.TestEquality_StatusAndLabelSpecified" methodname="TestEquality_StatusAndLabelSpecified" classname="NUnit.Framework.Internal.ResultStateTests" runstate="Runnable" seed="337105236" result="Passed" start-time="2016-02-19 11:52:46Z" end-time="2016-02-19 11:52:46Z" duration="0.000799" asserts="1" />
            <test-case id="0-3701" name="TestEquality_StatusAndSiteSpecified" fullname="NUnit.Framework.Internal.ResultStateTests.TestEquality_StatusAndSiteSpecified" methodname="TestEquality_StatusAndSiteSpecified" classname="NUnit.Framework.Internal.ResultStateTests" runstate="Runnable" seed="540400518" result="Passed" start-time="2016-02-19 11:52:46Z" end-time="2016-02-19 11:52:46Z" duration="0.000483" asserts="1" />
            <test-case id="0-3703" name="TestEquality_StatusDiffers" fullname="NUnit.Framework.Internal.ResultStateTests.TestEquality_StatusDiffers" methodname="TestEquality_StatusDiffers" classname="NUnit.Framework.Internal.ResultStateTests" runstate="Runnable" seed="303781948" result="Passed" start-time="2016-02-19 11:52:46Z" end-time="2016-02-19 11:52:46Z" duration="0.000370" asserts="1" />
            <test-case id="0-3702" name="TestEquality_StatusLabelAndSiteSpecified" fullname="NUnit.Framework.Internal.ResultStateTests.TestEquality_StatusLabelAndSiteSpecified" methodname="TestEquality_StatusLabelAndSiteSpecified" classname="NUnit.Framework.Internal.ResultStateTests" runstate="Runnable" seed="436885328" result="Passed" start-time="2016-02-19 11:52:46Z" end-time="2016-02-19 11:52:46Z" duration="0.000785" asserts="1" />
            <test-case id="0-3699" name="TestEquality_StatusSpecified" fullname="NUnit.Framework.Internal.ResultStateTests.TestEquality_StatusSpecified" methodname="TestEquality_StatusSpecified" classname="NUnit.Framework.Internal.ResultStateTests" runstate="Runnable" seed="1733959597" result="Passed" start-time="2016-02-19 11:52:46Z" end-time="2016-02-19 11:52:46Z" duration="0.000487" asserts="1" />
            <test-case id="0-3706" name="TestEquality_WrongType" fullname="NUnit.Framework.Internal.ResultStateTests.TestEquality_WrongType" methodname="TestEquality_WrongType" classname="NUnit.Framework.Internal.ResultStateTests" runstate="Runnable" seed="2125283514" result="Passed" start-time="2016-02-19 11:52:46Z" end-time="2016-02-19 11:52:46Z" duration="0.000544" asserts="3" />
            <test-suite type="ParameterizedMethod" id="0-3698" name="ToString_Constructor_ReturnsExpectedString" fullname="NUnit.Framework.Internal.ResultStateTests.ToString_Constructor_ReturnsExpectedString" runstate="Runnable" testcasecount="3" result="Passed" start-time="2016-02-19 11:52:46Z" end-time="2016-02-19 11:52:46Z" duration="0.001689" total="3" passed="3" failed="0" inconclusive="0" skipped="0" asserts="3">
              <test-case id="0-3695" name="ToString_Constructor_ReturnsExpectedString(Skipped,null,&quot;Skipped&quot;)" fullname="NUnit.Framework.Internal.ResultStateTests.ToString_Constructor_ReturnsExpectedString(Skipped,null,&quot;Skipped&quot;)" methodname="ToString_Constructor_ReturnsExpectedString" classname="NUnit.Framework.Internal.ResultStateTests" runstate="Runnable" seed="1983137195" result="Passed" start-time="2016-02-19 11:52:46Z" end-time="2016-02-19 11:52:46Z" duration="0.000647" asserts="1" />
              <test-case id="0-3696" name="ToString_Constructor_ReturnsExpectedString(Passed,&quot;&quot;,&quot;Passed&quot;)" fullname="NUnit.Framework.Internal.ResultStateTests.ToString_Constructor_ReturnsExpectedString(Passed,&quot;&quot;,&quot;Passed&quot;)" methodname="ToString_Constructor_ReturnsExpectedString" classname="NUnit.Framework.Internal.ResultStateTests" runstate="Runnable" seed="1381249694" result="Passed" start-time="2016-02-19 11:52:46Z" end-time="2016-02-19 11:52:46Z" duration="0.000133" asserts="1" />
              <test-case id="0-3697" name="ToString_Constructor_ReturnsExpectedString(Passed,&quot;testLabel&quot;,&quot;Passed:testLabel&quot;)" fullname="NUnit.Framework.Internal.ResultStateTests.ToString_Constructor_ReturnsExpectedString(Passed,&quot;testLabel&quot;,&quot;Passed:testLabel&quot;)" methodname="ToString_Constructor_ReturnsExpectedString" classname="NUnit.Framework.Internal.ResultStateTests" runstate="Runnable" seed="1015249120" result="Passed" start-time="2016-02-19 11:52:46Z" end-time="2016-02-19 11:52:46Z" duration="0.000129" asserts="1" />
            </test-suite>
          </test-suite>
          <test-suite type="TestFixture" id="0-4028" name="RuntimeFrameworkTests" fullname="NUnit.Framework.Internal.RuntimeFrameworkTests" classname="NUnit.Framework.Internal.RuntimeFrameworkTests" runstate="Runnable" testcasecount="98" result="Passed" start-time="2016-02-19 11:52:46Z" end-time="2016-02-19 11:52:46Z" duration="0.129106" total="98" passed="93" failed="0" inconclusive="5" skipped="0" asserts="198">
            <test-suite type="ParameterizedMethod" id="0-4071" name="CanCreateUsingClrVersion" fullname="NUnit.Framework.Internal.RuntimeFrameworkTests.CanCreateUsingClrVersion" runstate="Runnable" testcasecount="19" result="Passed" start-time="2016-02-19 11:52:46Z" end-time="2016-02-19 11:52:46Z" duration="0.010796" total="19" passed="14" failed="0" inconclusive="5" skipped="0" asserts="42">
              <test-case id="0-4052" name="CanCreateUsingClrVersion(&lt;Net,1.0,1.0.3705&gt;)" fullname="NUnit.Framework.Internal.RuntimeFrameworkTests.CanCreateUsingClrVersion(&lt;Net,1.0,1.0.3705&gt;)" methodname="CanCreateUsingClrVersion" classname="NUnit.Framework.Internal.RuntimeFrameworkTests" runstate="Runnable" seed="1681250696" result="Passed" start-time="2016-02-19 11:52:46Z" end-time="2016-02-19 11:52:46Z" duration="0.001401" asserts="3" />
              <test-case id="0-4053" name="CanCreateUsingClrVersion(&lt;Net,1.1,1.1.4322&gt;)" fullname="NUnit.Framework.Internal.RuntimeFrameworkTests.CanCreateUsingClrVersion(&lt;Net,1.1,1.1.4322&gt;)" methodname="CanCreateUsingClrVersion" classname="NUnit.Framework.Internal.RuntimeFrameworkTests" runstate="Runnable" seed="347985712" result="Passed" start-time="2016-02-19 11:52:46Z" end-time="2016-02-19 11:52:46Z" duration="0.000102" asserts="3" />
              <test-case id="0-4054" name="CanCreateUsingClrVersion(&lt;Net,2.0,2.0.50727&gt;)" fullname="NUnit.Framework.Internal.RuntimeFrameworkTests.CanCreateUsingClrVersion(&lt;Net,2.0,2.0.50727&gt;)" methodname="CanCreateUsingClrVersion" classname="NUnit.Framework.Internal.RuntimeFrameworkTests" runstate="Runnable" seed="834868595" result="Passed" start-time="2016-02-19 11:52:46Z" end-time="2016-02-19 11:52:46Z" duration="0.000094" asserts="3" />
              <test-case id="0-4055" name="CanCreateUsingClrVersion(&lt;Net,3.0,2.0.50727&gt;)" fullname="NUnit.Framework.Internal.RuntimeFrameworkTests.CanCreateUsingClrVersion(&lt;Net,3.0,2.0.50727&gt;)" methodname="CanCreateUsingClrVersion" classname="NUnit.Framework.Internal.RuntimeFrameworkTests" runstate="Runnable" seed="725850494" result="Inconclusive" start-time="2016-02-19 11:52:46Z" end-time="2016-02-19 11:52:46Z" duration="0.000816" asserts="0">
                <reason>
                  <message><![CDATA[  #0
  Expected: True
  But was:  False
]]></message>
                </reason>
              </test-case>
              <test-case id="0-4056" name="CanCreateUsingClrVersion(&lt;Net,3.5,2.0.50727&gt;)" fullname="NUnit.Framework.Internal.RuntimeFrameworkTests.CanCreateUsingClrVersion(&lt;Net,3.5,2.0.50727&gt;)" methodname="CanCreateUsingClrVersion" classname="NUnit.Framework.Internal.RuntimeFrameworkTests" runstate="Runnable" seed="1341150690" result="Inconclusive" start-time="2016-02-19 11:52:46Z" end-time="2016-02-19 11:52:46Z" duration="0.000779" asserts="0">
                <reason>
                  <message><![CDATA[  #0
  Expected: True
  But was:  False
]]></message>
                </reason>
              </test-case>
              <test-case id="0-4057" name="CanCreateUsingClrVersion(&lt;Net,4.0,4.0.30319&gt;)" fullname="NUnit.Framework.Internal.RuntimeFrameworkTests.CanCreateUsingClrVersion(&lt;Net,4.0,4.0.30319&gt;)" methodname="CanCreateUsingClrVersion" classname="NUnit.Framework.Internal.RuntimeFrameworkTests" runstate="Runnable" seed="1848287245" result="Passed" start-time="2016-02-19 11:52:46Z" end-time="2016-02-19 11:52:46Z" duration="0.000113" asserts="3" />
              <test-case id="0-4058" name="CanCreateUsingClrVersion(&lt;Net,0.0,0.0&gt;)" fullname="NUnit.Framework.Internal.RuntimeFrameworkTests.CanCreateUsingClrVersion(&lt;Net,0.0,0.0&gt;)" methodname="CanCreateUsingClrVersion" classname="NUnit.Framework.Internal.RuntimeFrameworkTests" runstate="Runnable" seed="296987617" result="Passed" start-time="2016-02-19 11:52:46Z" end-time="2016-02-19 11:52:46Z" duration="0.000075" asserts="3" />
              <test-case id="0-4059" name="CanCreateUsingClrVersion(&lt;NetCF,3.5,3.5.7283&gt;)" fullname="NUnit.Framework.Internal.RuntimeFrameworkTests.CanCreateUsingClrVersion(&lt;NetCF,3.5,3.5.7283&gt;)" methodname="CanCreateUsingClrVersion" classname="NUnit.Framework.Internal.RuntimeFrameworkTests" runstate="Runnable" seed="584814964" result="Inconclusive" start-time="2016-02-19 11:52:46Z" end-time="2016-02-19 11:52:46Z" duration="0.000676" asserts="0">
                <reason>
                  <message><![CDATA[  #0
  Expected: True
  But was:  False
]]></message>
                </reason>
              </test-case>
              <test-case id="0-4060" name="CanCreateUsingClrVersion(&lt;NetCF,0.0,0.0&gt;)" fullname="NUnit.Framework.Internal.RuntimeFrameworkTests.CanCreateUsingClrVersion(&lt;NetCF,0.0,0.0&gt;)" methodname="CanCreateUsingClrVersion" classname="NUnit.Framework.Internal.RuntimeFrameworkTests" runstate="Runnable" seed="836284531" result="Passed" start-time="2016-02-19 11:52:46Z" end-time="2016-02-19 11:52:46Z" duration="0.000189" asserts="3" />
              <test-case id="0-4061" name="CanCreateUsingClrVersion(&lt;Mono,1.0,1.1.4322&gt;)" fullname="NUnit.Framework.Internal.RuntimeFrameworkTests.CanCreateUsingClrVersion(&lt;Mono,1.0,1.1.4322&gt;)" methodname="CanCreateUsingClrVersion" classname="NUnit.Framework.Internal.RuntimeFrameworkTests" runstate="Runnable" seed="1396679479" result="Passed" start-time="2016-02-19 11:52:46Z" end-time="2016-02-19 11:52:46Z" duration="0.000102" asserts="3" />
              <test-case id="0-4062" name="CanCreateUsingClrVersion(&lt;Mono,2.0,2.0.50727&gt;)" fullname="NUnit.Framework.Internal.RuntimeFrameworkTests.CanCreateUsingClrVersion(&lt;Mono,2.0,2.0.50727&gt;)" methodname="CanCreateUsingClrVersion" classname="NUnit.Framework.Internal.RuntimeFrameworkTests" runstate="Runnable" seed="1559932924" result="Passed" start-time="2016-02-19 11:52:46Z" end-time="2016-02-19 11:52:46Z" duration="0.000135" asserts="3" />
              <test-case id="0-4063" name="CanCreateUsingClrVersion(&lt;Mono,3.5,2.0.50727&gt;)" fullname="NUnit.Framework.Internal.RuntimeFrameworkTests.CanCreateUsingClrVersion(&lt;Mono,3.5,2.0.50727&gt;)" methodname="CanCreateUsingClrVersion" classname="NUnit.Framework.Internal.RuntimeFrameworkTests" runstate="Runnable" seed="786919930" result="Inconclusive" start-time="2016-02-19 11:52:46Z" end-time="2016-02-19 11:52:46Z" duration="0.000727" asserts="0">
                <reason>
                  <message><![CDATA[  #0
  Expected: True
  But was:  False
]]></message>
                </reason>
              </test-case>
              <test-case id="0-4064" name="CanCreateUsingClrVersion(&lt;Mono,4.0,4.0.30319&gt;)" fullname="NUnit.Framework.Internal.RuntimeFrameworkTests.CanCreateUsingClrVersion(&lt;Mono,4.0,4.0.30319&gt;)" methodname="CanCreateUsingClrVersion" classname="NUnit.Framework.Internal.RuntimeFrameworkTests" runstate="Runnable" seed="377075518" result="Passed" start-time="2016-02-19 11:52:46Z" end-time="2016-02-19 11:52:46Z" duration="0.000118" asserts="3" />
              <test-case id="0-4065" name="CanCreateUsingClrVersion(&lt;Mono,0.0,0.0&gt;)" fullname="NUnit.Framework.Internal.RuntimeFrameworkTests.CanCreateUsingClrVersion(&lt;Mono,0.0,0.0&gt;)" methodname="CanCreateUsingClrVersion" classname="NUnit.Framework.Internal.RuntimeFrameworkTests" runstate="Runnable" seed="288455546" result="Passed" start-time="2016-02-19 11:52:46Z" end-time="2016-02-19 11:52:46Z" duration="0.000075" asserts="3" />
              <test-case id="0-4066" name="CanCreateUsingClrVersion(&lt;Any,1.1,1.1.4322&gt;)" fullname="NUnit.Framework.Internal.RuntimeFrameworkTests.CanCreateUsingClrVersion(&lt;Any,1.1,1.1.4322&gt;)" methodname="CanCreateUsingClrVersion" classname="NUnit.Framework.Internal.RuntimeFrameworkTests" runstate="Runnable" seed="479934210" result="Passed" start-time="2016-02-19 11:52:46Z" end-time="2016-02-19 11:52:46Z" duration="0.000108" asserts="3" />
              <test-case id="0-4067" name="CanCreateUsingClrVersion(&lt;Any,2.0,2.0.50727&gt;)" fullname="NUnit.Framework.Internal.RuntimeFrameworkTests.CanCreateUsingClrVersion(&lt;Any,2.0,2.0.50727&gt;)" methodname="CanCreateUsingClrVersion" classname="NUnit.Framework.Internal.RuntimeFrameworkTests" runstate="Runnable" seed="393982472" result="Passed" start-time="2016-02-19 11:52:46Z" end-time="2016-02-19 11:52:46Z" duration="0.000091" asserts="3" />
              <test-case id="0-4068" name="CanCreateUsingClrVersion(&lt;Any,3.5,2.0.50727&gt;)" fullname="NUnit.Framework.Internal.RuntimeFrameworkTests.CanCreateUsingClrVersion(&lt;Any,3.5,2.0.50727&gt;)" methodname="CanCreateUsingClrVersion" classname="NUnit.Framework.Internal.RuntimeFrameworkTests" runstate="Runnable" seed="1507683613" result="Inconclusive" start-time="2016-02-19 11:52:46Z" end-time="2016-02-19 11:52:46Z" duration="0.000723" asserts="0">
                <reason>
                  <message><![CDATA[  #0
  Expected: True
  But was:  False
]]></message>
                </reason>
              </test-case>
              <test-case id="0-4069" name="CanCreateUsingClrVersion(&lt;Any,4.0,4.0.30319&gt;)" fullname="NUnit.Framework.Internal.RuntimeFrameworkTests.CanCreateUsingClrVersion(&lt;Any,4.0,4.0.30319&gt;)" methodname="CanCreateUsingClrVersion" classname="NUnit.Framework.Internal.RuntimeFrameworkTests" runstate="Runnable" seed="1569733030" result="Passed" start-time="2016-02-19 11:52:46Z" end-time="2016-02-19 11:52:46Z" duration="0.000170" asserts="3" />
              <test-case id="0-4070" name="CanCreateUsingClrVersion(&lt;Any,0.0,0.0&gt;)" fullname="NUnit.Framework.Internal.RuntimeFrameworkTests.CanCreateUsingClrVersion(&lt;Any,0.0,0.0&gt;)" methodname="CanCreateUsingClrVersion" classname="NUnit.Framework.Internal.RuntimeFrameworkTests" runstate="Runnable" seed="1557484183" result="Passed" start-time="2016-02-19 11:52:46Z" end-time="2016-02-19 11:52:46Z" duration="0.000075" asserts="3" />
            </test-suite>
            <test-suite type="ParameterizedMethod" id="0-4051" name="CanCreateUsingFrameworkVersion" fullname="NUnit.Framework.Internal.RuntimeFrameworkTests.CanCreateUsingFrameworkVersion" runstate="Runnable" testcasecount="19" result="Passed" start-time="2016-02-19 11:52:46Z" end-time="2016-02-19 11:52:46Z" duration="0.006713" total="19" passed="19" failed="0" inconclusive="0" skipped="0" asserts="57">
              <test-case id="0-4032" name="CanCreateUsingFrameworkVersion(&lt;Net,1.0,1.0.3705&gt;)" fullname="NUnit.Framework.Internal.RuntimeFrameworkTests.CanCreateUsingFrameworkVersion(&lt;Net,1.0,1.0.3705&gt;)" methodname="CanCreateUsingFrameworkVersion" classname="NUnit.Framework.Internal.RuntimeFrameworkTests" runstate="Runnable" seed="847998973" result="Passed" start-time="2016-02-19 11:52:46Z" end-time="2016-02-19 11:52:46Z" duration="0.001242" asserts="3" />
              <test-case id="0-4033" name="CanCreateUsingFrameworkVersion(&lt;Net,1.1,1.1.4322&gt;)" fullname="NUnit.Framework.Internal.RuntimeFrameworkTests.CanCreateUsingFrameworkVersion(&lt;Net,1.1,1.1.4322&gt;)" methodname="CanCreateUsingFrameworkVersion" classname="NUnit.Framework.Internal.RuntimeFrameworkTests" runstate="Runnable" seed="1222352696" result="Passed" start-time="2016-02-19 11:52:46Z" end-time="2016-02-19 11:52:46Z" duration="0.000118" asserts="3" />
              <test-case id="0-4034" name="CanCreateUsingFrameworkVersion(&lt;Net,2.0,2.0.50727&gt;)" fullname="NUnit.Framework.Internal.RuntimeFrameworkTests.CanCreateUsingFrameworkVersion(&lt;Net,2.0,2.0.50727&gt;)" methodname="CanCreateUsingFrameworkVersion" classname="NUnit.Framework.Internal.RuntimeFrameworkTests" runstate="Runnable" seed="1193183339" result="Passed" start-time="2016-02-19 11:52:46Z" end-time="2016-02-19 11:52:46Z" duration="0.000083" asserts="3" />
              <test-case id="0-4035" name="CanCreateUsingFrameworkVersion(&lt;Net,3.0,2.0.50727&gt;)" fullname="NUnit.Framework.Internal.RuntimeFrameworkTests.CanCreateUsingFrameworkVersion(&lt;Net,3.0,2.0.50727&gt;)" methodname="CanCreateUsingFrameworkVersion" classname="NUnit.Framework.Internal.RuntimeFrameworkTests" runstate="Runnable" seed="1583746917" result="Passed" start-time="2016-02-19 11:52:46Z" end-time="2016-02-19 11:52:46Z" duration="0.000082" asserts="3" />
              <test-case id="0-4036" name="CanCreateUsingFrameworkVersion(&lt;Net,3.5,2.0.50727&gt;)" fullname="NUnit.Framework.Internal.RuntimeFrameworkTests.CanCreateUsingFrameworkVersion(&lt;Net,3.5,2.0.50727&gt;)" methodname="CanCreateUsingFrameworkVersion" classname="NUnit.Framework.Internal.RuntimeFrameworkTests" runstate="Runnable" seed="932858035" result="Passed" start-time="2016-02-19 11:52:46Z" end-time="2016-02-19 11:52:46Z" duration="0.000085" asserts="3" />
              <test-case id="0-4037" name="CanCreateUsingFrameworkVersion(&lt;Net,4.0,4.0.30319&gt;)" fullname="NUnit.Framework.Internal.RuntimeFrameworkTests.CanCreateUsingFrameworkVersion(&lt;Net,4.0,4.0.30319&gt;)" methodname="CanCreateUsingFrameworkVersion" classname="NUnit.Framework.Internal.RuntimeFrameworkTests" runstate="Runnable" seed="1171165711" result="Passed" start-time="2016-02-19 11:52:46Z" end-time="2016-02-19 11:52:46Z" duration="0.000085" asserts="3" />
              <test-case id="0-4038" name="CanCreateUsingFrameworkVersion(&lt;Net,0.0,0.0&gt;)" fullname="NUnit.Framework.Internal.RuntimeFrameworkTests.CanCreateUsingFrameworkVersion(&lt;Net,0.0,0.0&gt;)" methodname="CanCreateUsingFrameworkVersion" classname="NUnit.Framework.Internal.RuntimeFrameworkTests" runstate="Runnable" seed="1347579307" result="Passed" start-time="2016-02-19 11:52:46Z" end-time="2016-02-19 11:52:46Z" duration="0.000069" asserts="3" />
              <test-case id="0-4039" name="CanCreateUsingFrameworkVersion(&lt;NetCF,3.5,3.5.7283&gt;)" fullname="NUnit.Framework.Internal.RuntimeFrameworkTests.CanCreateUsingFrameworkVersion(&lt;NetCF,3.5,3.5.7283&gt;)" methodname="CanCreateUsingFrameworkVersion" classname="NUnit.Framework.Internal.RuntimeFrameworkTests" runstate="Runnable" seed="382914736" result="Passed" start-time="2016-02-19 11:52:46Z" end-time="2016-02-19 11:52:46Z" duration="0.000084" asserts="3" />
              <test-case id="0-4040" name="CanCreateUsingFrameworkVersion(&lt;NetCF,0.0,0.0&gt;)" fullname="NUnit.Framework.Internal.RuntimeFrameworkTests.CanCreateUsingFrameworkVersion(&lt;NetCF,0.0,0.0&gt;)" methodname="CanCreateUsingFrameworkVersion" classname="NUnit.Framework.Internal.RuntimeFrameworkTests" runstate="Runnable" seed="57913105" result="Passed" start-time="2016-02-19 11:52:46Z" end-time="2016-02-19 11:52:46Z" duration="0.000069" asserts="3" />
              <test-case id="0-4041" name="CanCreateUsingFrameworkVersion(&lt;Mono,1.0,1.1.4322&gt;)" fullname="NUnit.Framework.Internal.RuntimeFrameworkTests.CanCreateUsingFrameworkVersion(&lt;Mono,1.0,1.1.4322&gt;)" methodname="CanCreateUsingFrameworkVersion" classname="NUnit.Framework.Internal.RuntimeFrameworkTests" runstate="Runnable" seed="1761836971" result="Passed" start-time="2016-02-19 11:52:46Z" end-time="2016-02-19 11:52:46Z" duration="0.000080" asserts="3" />
              <test-case id="0-4042" name="CanCreateUsingFrameworkVersion(&lt;Mono,2.0,2.0.50727&gt;)" fullname="NUnit.Framework.Internal.RuntimeFrameworkTests.CanCreateUsingFrameworkVersion(&lt;Mono,2.0,2.0.50727&gt;)" methodname="CanCreateUsingFrameworkVersion" classname="NUnit.Framework.Internal.RuntimeFrameworkTests" runstate="Runnable" seed="2117342604" result="Passed" start-time="2016-02-19 11:52:46Z" end-time="2016-02-19 11:52:46Z" duration="0.000075" asserts="3" />
              <test-case id="0-4043" name="CanCreateUsingFrameworkVersion(&lt;Mono,3.5,2.0.50727&gt;)" fullname="NUnit.Framework.Internal.RuntimeFrameworkTests.CanCreateUsingFrameworkVersion(&lt;Mono,3.5,2.0.50727&gt;)" methodname="CanCreateUsingFrameworkVersion" classname="NUnit.Framework.Internal.RuntimeFrameworkTests" runstate="Runnable" seed="937094231" result="Passed" start-time="2016-02-19 11:52:46Z" end-time="2016-02-19 11:52:46Z" duration="0.000078" asserts="3" />
              <test-case id="0-4044" name="CanCreateUsingFrameworkVersion(&lt;Mono,4.0,4.0.30319&gt;)" fullname="NUnit.Framework.Internal.RuntimeFrameworkTests.CanCreateUsingFrameworkVersion(&lt;Mono,4.0,4.0.30319&gt;)" methodname="CanCreateUsingFrameworkVersion" classname="NUnit.Framework.Internal.RuntimeFrameworkTests" runstate="Runnable" seed="842828109" result="Passed" start-time="2016-02-19 11:52:46Z" end-time="2016-02-19 11:52:46Z" duration="0.000075" asserts="3" />
              <test-case id="0-4045" name="CanCreateUsingFrameworkVersion(&lt;Mono,0.0,0.0&gt;)" fullname="NUnit.Framework.Internal.RuntimeFrameworkTests.CanCreateUsingFrameworkVersion(&lt;Mono,0.0,0.0&gt;)" methodname="CanCreateUsingFrameworkVersion" classname="NUnit.Framework.Internal.RuntimeFrameworkTests" runstate="Runnable" seed="643609321" result="Passed" start-time="2016-02-19 11:52:46Z" end-time="2016-02-19 11:52:46Z" duration="0.000065" asserts="3" />
              <test-case id="0-4046" name="CanCreateUsingFrameworkVersion(&lt;Any,1.1,1.1.4322&gt;)" fullname="NUnit.Framework.Internal.RuntimeFrameworkTests.CanCreateUsingFrameworkVersion(&lt;Any,1.1,1.1.4322&gt;)" methodname="CanCreateUsingFrameworkVersion" classname="NUnit.Framework.Internal.RuntimeFrameworkTests" runstate="Runnable" seed="431752871" result="Passed" start-time="2016-02-19 11:52:46Z" end-time="2016-02-19 11:52:46Z" duration="0.000084" asserts="3" />
              <test-case id="0-4047" name="CanCreateUsingFrameworkVersion(&lt;Any,2.0,2.0.50727&gt;)" fullname="NUnit.Framework.Internal.RuntimeFrameworkTests.CanCreateUsingFrameworkVersion(&lt;Any,2.0,2.0.50727&gt;)" methodname="CanCreateUsingFrameworkVersion" classname="NUnit.Framework.Internal.RuntimeFrameworkTests" runstate="Runnable" seed="1169574353" result="Passed" start-time="2016-02-19 11:52:46Z" end-time="2016-02-19 11:52:46Z" duration="0.000137" asserts="3" />
              <test-case id="0-4048" name="CanCreateUsingFrameworkVersion(&lt;Any,3.5,2.0.50727&gt;)" fullname="NUnit.Framework.Internal.RuntimeFrameworkTests.CanCreateUsingFrameworkVersion(&lt;Any,3.5,2.0.50727&gt;)" methodname="CanCreateUsingFrameworkVersion" classname="NUnit.Framework.Internal.RuntimeFrameworkTests" runstate="Runnable" seed="614430168" result="Passed" start-time="2016-02-19 11:52:46Z" end-time="2016-02-19 11:52:46Z" duration="0.000141" asserts="3" />
              <test-case id="0-4049" name="CanCreateUsingFrameworkVersion(&lt;Any,4.0,4.0.30319&gt;)" fullname="NUnit.Framework.Internal.RuntimeFrameworkTests.CanCreateUsingFrameworkVersion(&lt;Any,4.0,4.0.30319&gt;)" methodname="CanCreateUsingFrameworkVersion" classname="NUnit.Framework.Internal.RuntimeFrameworkTests" runstate="Runnable" seed="411596167" result="Passed" start-time="2016-02-19 11:52:46Z" end-time="2016-02-19 11:52:46Z" duration="0.000081" asserts="3" />
              <test-case id="0-4050" name="CanCreateUsingFrameworkVersion(&lt;Any,0.0,0.0&gt;)" fullname="NUnit.Framework.Internal.RuntimeFrameworkTests.CanCreateUsingFrameworkVersion(&lt;Any,0.0,0.0&gt;)" methodname="CanCreateUsingFrameworkVersion" classname="NUnit.Framework.Internal.RuntimeFrameworkTests" runstate="Runnable" seed="101980693" result="Passed" start-time="2016-02-19 11:52:46Z" end-time="2016-02-19 11:52:46Z" duration="0.000063" asserts="3" />
            </test-suite>
            <test-suite type="ParameterizedMethod" id="0-4111" name="CanDisplayFrameworkAsString" fullname="NUnit.Framework.Internal.RuntimeFrameworkTests.CanDisplayFrameworkAsString" runstate="Runnable" testcasecount="19" result="Passed" start-time="2016-02-19 11:52:46Z" end-time="2016-02-19 11:52:46Z" duration="0.006895" total="19" passed="19" failed="0" inconclusive="0" skipped="0" asserts="38">
              <test-case id="0-4092" name="CanDisplayFrameworkAsString(&lt;Net,1.0,1.0.3705&gt;)" fullname="NUnit.Framework.Internal.RuntimeFrameworkTests.CanDisplayFrameworkAsString(&lt;Net,1.0,1.0.3705&gt;)" methodname="CanDisplayFrameworkAsString" classname="NUnit.Framework.Internal.RuntimeFrameworkTests" runstate="Runnable" seed="1007285760" result="Passed" start-time="2016-02-19 11:52:46Z" end-time="2016-02-19 11:52:46Z" duration="0.000875" asserts="2" />
              <test-case id="0-4093" name="CanDisplayFrameworkAsString(&lt;Net,1.1,1.1.4322&gt;)" fullname="NUnit.Framework.Internal.RuntimeFrameworkTests.CanDisplayFrameworkAsString(&lt;Net,1.1,1.1.4322&gt;)" methodname="CanDisplayFrameworkAsString" classname="NUnit.Framework.Internal.RuntimeFrameworkTests" runstate="Runnable" seed="1311562186" result="Passed" start-time="2016-02-19 11:52:46Z" end-time="2016-02-19 11:52:46Z" duration="0.000080" asserts="2" />
              <test-case id="0-4094" name="CanDisplayFrameworkAsString(&lt;Net,2.0,2.0.50727&gt;)" fullname="NUnit.Framework.Internal.RuntimeFrameworkTests.CanDisplayFrameworkAsString(&lt;Net,2.0,2.0.50727&gt;)" methodname="CanDisplayFrameworkAsString" classname="NUnit.Framework.Internal.RuntimeFrameworkTests" runstate="Runnable" seed="375776197" result="Passed" start-time="2016-02-19 11:52:46Z" end-time="2016-02-19 11:52:46Z" duration="0.000067" asserts="2" />
              <test-case id="0-4095" name="CanDisplayFrameworkAsString(&lt;Net,3.0,2.0.50727&gt;)" fullname="NUnit.Framework.Internal.RuntimeFrameworkTests.CanDisplayFrameworkAsString(&lt;Net,3.0,2.0.50727&gt;)" methodname="CanDisplayFrameworkAsString" classname="NUnit.Framework.Internal.RuntimeFrameworkTests" runstate="Runnable" seed="484124447" result="Passed" start-time="2016-02-19 11:52:46Z" end-time="2016-02-19 11:52:46Z" duration="0.000067" asserts="2" />
              <test-case id="0-4096" name="CanDisplayFrameworkAsString(&lt;Net,3.5,2.0.50727&gt;)" fullname="NUnit.Framework.Internal.RuntimeFrameworkTests.CanDisplayFrameworkAsString(&lt;Net,3.5,2.0.50727&gt;)" methodname="CanDisplayFrameworkAsString" classname="NUnit.Framework.Internal.RuntimeFrameworkTests" runstate="Runnable" seed="1571991237" result="Passed" start-time="2016-02-19 11:52:46Z" end-time="2016-02-19 11:52:46Z" duration="0.000068" asserts="2" />
              <test-case id="0-4097" name="CanDisplayFrameworkAsString(&lt;Net,4.0,4.0.30319&gt;)" fullname="NUnit.Framework.Internal.RuntimeFrameworkTests.CanDisplayFrameworkAsString(&lt;Net,4.0,4.0.30319&gt;)" methodname="CanDisplayFrameworkAsString" classname="NUnit.Framework.Internal.RuntimeFrameworkTests" runstate="Runnable" seed="358653808" result="Passed" start-time="2016-02-19 11:52:46Z" end-time="2016-02-19 11:52:46Z" duration="0.000066" asserts="2" />
              <test-case id="0-4098" name="CanDisplayFrameworkAsString(&lt;Net,0.0,0.0&gt;)" fullname="NUnit.Framework.Internal.RuntimeFrameworkTests.CanDisplayFrameworkAsString(&lt;Net,0.0,0.0&gt;)" methodname="CanDisplayFrameworkAsString" classname="NUnit.Framework.Internal.RuntimeFrameworkTests" runstate="Runnable" seed="500164792" result="Passed" start-time="2016-02-19 11:52:46Z" end-time="2016-02-19 11:52:46Z" duration="0.000058" asserts="2" />
              <test-case id="0-4099" name="CanDisplayFrameworkAsString(&lt;NetCF,3.5,3.5.7283&gt;)" fullname="NUnit.Framework.Internal.RuntimeFrameworkTests.CanDisplayFrameworkAsString(&lt;NetCF,3.5,3.5.7283&gt;)" methodname="CanDisplayFrameworkAsString" classname="NUnit.Framework.Internal.RuntimeFrameworkTests" runstate="Runnable" seed="2079657546" result="Passed" start-time="2016-02-19 11:52:46Z" end-time="2016-02-19 11:52:46Z" duration="0.000062" asserts="2" />
              <test-case id="0-4100" name="CanDisplayFrameworkAsString(&lt;NetCF,0.0,0.0&gt;)" fullname="NUnit.Framework.Internal.RuntimeFrameworkTests.CanDisplayFrameworkAsString(&lt;NetCF,0.0,0.0&gt;)" methodname="CanDisplayFrameworkAsString" classname="NUnit.Framework.Internal.RuntimeFrameworkTests" runstate="Runnable" seed="1491141774" result="Passed" start-time="2016-02-19 11:52:46Z" end-time="2016-02-19 11:52:46Z" duration="0.000061" asserts="2" />
              <test-case id="0-4101" name="CanDisplayFrameworkAsString(&lt;Mono,1.0,1.1.4322&gt;)" fullname="NUnit.Framework.Internal.RuntimeFrameworkTests.CanDisplayFrameworkAsString(&lt;Mono,1.0,1.1.4322&gt;)" methodname="CanDisplayFrameworkAsString" classname="NUnit.Framework.Internal.RuntimeFrameworkTests" runstate="Runnable" seed="354105773" result="Passed" start-time="2016-02-19 11:52:46Z" end-time="2016-02-19 11:52:46Z" duration="0.000126" asserts="2" />
              <test-case id="0-4102" name="CanDisplayFrameworkAsString(&lt;Mono,2.0,2.0.50727&gt;)" fullname="NUnit.Framework.Internal.RuntimeFrameworkTests.CanDisplayFrameworkAsString(&lt;Mono,2.0,2.0.50727&gt;)" methodname="CanDisplayFrameworkAsString" classname="NUnit.Framework.Internal.RuntimeFrameworkTests" runstate="Runnable" seed="134011314" result="Passed" start-time="2016-02-19 11:52:46Z" end-time="2016-02-19 11:52:46Z" duration="0.001808" asserts="2" />
              <test-case id="0-4103" name="CanDisplayFrameworkAsString(&lt;Mono,3.5,2.0.50727&gt;)" fullname="NUnit.Framework.Internal.RuntimeFrameworkTests.CanDisplayFrameworkAsString(&lt;Mono,3.5,2.0.50727&gt;)" methodname="CanDisplayFrameworkAsString" classname="NUnit.Framework.Internal.RuntimeFrameworkTests" runstate="Runnable" seed="876235286" result="Passed" start-time="2016-02-19 11:52:46Z" end-time="2016-02-19 11:52:46Z" duration="0.000134" asserts="2" />
              <test-case id="0-4104" name="CanDisplayFrameworkAsString(&lt;Mono,4.0,4.0.30319&gt;)" fullname="NUnit.Framework.Internal.RuntimeFrameworkTests.CanDisplayFrameworkAsString(&lt;Mono,4.0,4.0.30319&gt;)" methodname="CanDisplayFrameworkAsString" classname="NUnit.Framework.Internal.RuntimeFrameworkTests" runstate="Runnable" seed="1655613998" result="Passed" start-time="2016-02-19 11:52:46Z" end-time="2016-02-19 11:52:46Z" duration="0.000073" asserts="2" />
              <test-case id="0-4105" name="CanDisplayFrameworkAsString(&lt;Mono,0.0,0.0&gt;)" fullname="NUnit.Framework.Internal.RuntimeFrameworkTests.CanDisplayFrameworkAsString(&lt;Mono,0.0,0.0&gt;)" methodname="CanDisplayFrameworkAsString" classname="NUnit.Framework.Internal.RuntimeFrameworkTests" runstate="Runnable" seed="431409474" result="Passed" start-time="2016-02-19 11:52:46Z" end-time="2016-02-19 11:52:46Z" duration="0.000064" asserts="2" />
              <test-case id="0-4106" name="CanDisplayFrameworkAsString(&lt;Any,1.1,1.1.4322&gt;)" fullname="NUnit.Framework.Internal.RuntimeFrameworkTests.CanDisplayFrameworkAsString(&lt;Any,1.1,1.1.4322&gt;)" methodname="CanDisplayFrameworkAsString" classname="NUnit.Framework.Internal.RuntimeFrameworkTests" runstate="Runnable" seed="2099514788" result="Passed" start-time="2016-02-19 11:52:46Z" end-time="2016-02-19 11:52:46Z" duration="0.000059" asserts="2" />
              <test-case id="0-4107" name="CanDisplayFrameworkAsString(&lt;Any,2.0,2.0.50727&gt;)" fullname="NUnit.Framework.Internal.RuntimeFrameworkTests.CanDisplayFrameworkAsString(&lt;Any,2.0,2.0.50727&gt;)" methodname="CanDisplayFrameworkAsString" classname="NUnit.Framework.Internal.RuntimeFrameworkTests" runstate="Runnable" seed="75232784" result="Passed" start-time="2016-02-19 11:52:46Z" end-time="2016-02-19 11:52:46Z" duration="0.000056" asserts="2" />
              <test-case id="0-4108" name="CanDisplayFrameworkAsString(&lt;Any,3.5,2.0.50727&gt;)" fullname="NUnit.Framework.Internal.RuntimeFrameworkTests.CanDisplayFrameworkAsString(&lt;Any,3.5,2.0.50727&gt;)" methodname="CanDisplayFrameworkAsString" classname="NUnit.Framework.Internal.RuntimeFrameworkTests" runstate="Runnable" seed="1540483831" result="Passed" start-time="2016-02-19 11:52:46Z" end-time="2016-02-19 11:52:46Z" duration="0.000059" asserts="2" />
              <test-case id="0-4109" name="CanDisplayFrameworkAsString(&lt;Any,4.0,4.0.30319&gt;)" fullname="NUnit.Framework.Internal.RuntimeFrameworkTests.CanDisplayFrameworkAsString(&lt;Any,4.0,4.0.30319&gt;)" methodname="CanDisplayFrameworkAsString" classname="NUnit.Framework.Internal.RuntimeFrameworkTests" runstate="Runnable" seed="885351837" result="Passed" start-time="2016-02-19 11:52:46Z" end-time="2016-02-19 11:52:46Z" duration="0.000054" asserts="2" />
              <test-case id="0-4110" name="CanDisplayFrameworkAsString(&lt;Any,0.0,0.0&gt;)" fullname="NUnit.Framework.Internal.RuntimeFrameworkTests.CanDisplayFrameworkAsString(&lt;Any,0.0,0.0&gt;)" methodname="CanDisplayFrameworkAsString" classname="NUnit.Framework.Internal.RuntimeFrameworkTests" runstate="Runnable" seed="1568486138" result="Passed" start-time="2016-02-19 11:52:46Z" end-time="2016-02-19 11:52:46Z" duration="0.000064" asserts="2" />
            </test-suite>
            <test-case id="0-4029" name="CanGetCurrentFramework" fullname="NUnit.Framework.Internal.RuntimeFrameworkTests.CanGetCurrentFramework" methodname="CanGetCurrentFramework" classname="NUnit.Framework.Internal.RuntimeFrameworkTests" runstate="Runnable" seed="135987973" result="Passed" start-time="2016-02-19 11:52:46Z" end-time="2016-02-19 11:52:46Z" duration="0.003150" asserts="2" />
            <test-suite type="ParameterizedMethod" id="0-4131" name="CanMatchRuntimes" fullname="NUnit.Framework.Internal.RuntimeFrameworkTests.CanMatchRuntimes" runstate="Runnable" testcasecount="19" result="Passed" start-time="2016-02-19 11:52:46Z" end-time="2016-02-19 11:52:46Z" duration="0.005081" total="19" passed="19" failed="0" inconclusive="0" skipped="0" asserts="19">
              <test-case id="0-4112" name="CanMatchRuntimes(net-3.5,net-2.0)" fullname="NUnit.Framework.Internal.RuntimeFrameworkTests.CanMatchRuntimes(net-3.5,net-2.0)" methodname="CanMatchRuntimes" classname="NUnit.Framework.Internal.RuntimeFrameworkTests" runstate="Runnable" seed="527117073" result="Passed" start-time="2016-02-19 11:52:46Z" end-time="2016-02-19 11:52:46Z" duration="0.000319" asserts="1" />
              <test-case id="0-4113" name="CanMatchRuntimes(net-2.0,net-3.5)" fullname="NUnit.Framework.Internal.RuntimeFrameworkTests.CanMatchRuntimes(net-2.0,net-3.5)" methodname="CanMatchRuntimes" classname="NUnit.Framework.Internal.RuntimeFrameworkTests" runstate="Runnable" seed="1247987186" result="Passed" start-time="2016-02-19 11:52:46Z" end-time="2016-02-19 11:52:46Z" duration="0.000066" asserts="1" />
              <test-case id="0-4114" name="CanMatchRuntimes(net-3.5,net-3.5)" fullname="NUnit.Framework.Internal.RuntimeFrameworkTests.CanMatchRuntimes(net-3.5,net-3.5)" methodname="CanMatchRuntimes" classname="NUnit.Framework.Internal.RuntimeFrameworkTests" runstate="Runnable" seed="660112058" result="Passed" start-time="2016-02-19 11:52:46Z" end-time="2016-02-19 11:52:46Z" duration="0.000057" asserts="1" />
              <test-case id="0-4115" name="CanMatchRuntimes(net-2.0,net-2.0)" fullname="NUnit.Framework.Internal.RuntimeFrameworkTests.CanMatchRuntimes(net-2.0,net-2.0)" methodname="CanMatchRuntimes" classname="NUnit.Framework.Internal.RuntimeFrameworkTests" runstate="Runnable" seed="264764790" result="Passed" start-time="2016-02-19 11:52:46Z" end-time="2016-02-19 11:52:46Z" duration="0.000055" asserts="1" />
              <test-case id="0-4116" name="CanMatchRuntimes(net-2.0,net-2.0)" fullname="NUnit.Framework.Internal.RuntimeFrameworkTests.CanMatchRuntimes(net-2.0,net-2.0)" methodname="CanMatchRuntimes" classname="NUnit.Framework.Internal.RuntimeFrameworkTests" runstate="Runnable" seed="335012030" result="Passed" start-time="2016-02-19 11:52:46Z" end-time="2016-02-19 11:52:46Z" duration="0.000055" asserts="1" />
              <test-case id="0-4117" name="CanMatchRuntimes(net-2.0,net-2.0)" fullname="NUnit.Framework.Internal.RuntimeFrameworkTests.CanMatchRuntimes(net-2.0,net-2.0)" methodname="CanMatchRuntimes" classname="NUnit.Framework.Internal.RuntimeFrameworkTests" runstate="Runnable" seed="1812225955" result="Passed" start-time="2016-02-19 11:52:46Z" end-time="2016-02-19 11:52:46Z" duration="0.000056" asserts="1" />
              <test-case id="0-4118" name="CanMatchRuntimes(net-2.0,net-2.0)" fullname="NUnit.Framework.Internal.RuntimeFrameworkTests.CanMatchRuntimes(net-2.0,net-2.0)" methodname="CanMatchRuntimes" classname="NUnit.Framework.Internal.RuntimeFrameworkTests" runstate="Runnable" seed="1709715864" result="Passed" start-time="2016-02-19 11:52:46Z" end-time="2016-02-19 11:52:46Z" duration="0.000056" asserts="1" />
              <test-case id="0-4119" name="CanMatchRuntimes(net-2.0,mono-2.0)" fullname="NUnit.Framework.Internal.RuntimeFrameworkTests.CanMatchRuntimes(net-2.0,mono-2.0)" methodname="CanMatchRuntimes" classname="NUnit.Framework.Internal.RuntimeFrameworkTests" runstate="Runnable" seed="756565337" result="Passed" start-time="2016-02-19 11:52:46Z" end-time="2016-02-19 11:52:46Z" duration="0.000056" asserts="1" />
              <test-case id="0-4120" name="CanMatchRuntimes(net-2.0,net-1.1)" fullname="NUnit.Framework.Internal.RuntimeFrameworkTests.CanMatchRuntimes(net-2.0,net-1.1)" methodname="CanMatchRuntimes" classname="NUnit.Framework.Internal.RuntimeFrameworkTests" runstate="Runnable" seed="265462309" result="Passed" start-time="2016-02-19 11:52:46Z" end-time="2016-02-19 11:52:46Z" duration="0.000053" asserts="1" />
              <test-case id="0-4121" name="CanMatchRuntimes(net-2.0,net-2.0)" fullname="NUnit.Framework.Internal.RuntimeFrameworkTests.CanMatchRuntimes(net-2.0,net-2.0)" methodname="CanMatchRuntimes" classname="NUnit.Framework.Internal.RuntimeFrameworkTests" runstate="Runnable" seed="1174951377" result="Passed" start-time="2016-02-19 11:52:46Z" end-time="2016-02-19 11:52:46Z" duration="0.000054" asserts="1" />
              <test-case id="0-4122" name="CanMatchRuntimes(mono-1.0,mono-1.0)" fullname="NUnit.Framework.Internal.RuntimeFrameworkTests.CanMatchRuntimes(mono-1.0,mono-1.0)" methodname="CanMatchRuntimes" classname="NUnit.Framework.Internal.RuntimeFrameworkTests" runstate="Runnable" seed="2007064078" result="Passed" start-time="2016-02-19 11:52:46Z" end-time="2016-02-19 11:52:46Z" duration="0.000052" asserts="1" />
              <test-case id="0-4123" name="CanMatchRuntimes(mono-2.0,v2.0)" fullname="NUnit.Framework.Internal.RuntimeFrameworkTests.CanMatchRuntimes(mono-2.0,v2.0)" methodname="CanMatchRuntimes" classname="NUnit.Framework.Internal.RuntimeFrameworkTests" runstate="Runnable" seed="840150170" result="Passed" start-time="2016-02-19 11:52:46Z" end-time="2016-02-19 11:52:46Z" duration="0.000058" asserts="1" />
              <test-case id="0-4124" name="CanMatchRuntimes(v2.0,mono-2.0)" fullname="NUnit.Framework.Internal.RuntimeFrameworkTests.CanMatchRuntimes(v2.0,mono-2.0)" methodname="CanMatchRuntimes" classname="NUnit.Framework.Internal.RuntimeFrameworkTests" runstate="Runnable" seed="491607370" result="Passed" start-time="2016-02-19 11:52:46Z" end-time="2016-02-19 11:52:46Z" duration="0.000051" asserts="1" />
              <test-case id="0-4125" name="CanMatchRuntimes(v2.0,v2.0)" fullname="NUnit.Framework.Internal.RuntimeFrameworkTests.CanMatchRuntimes(v2.0,v2.0)" methodname="CanMatchRuntimes" classname="NUnit.Framework.Internal.RuntimeFrameworkTests" runstate="Runnable" seed="1081975385" result="Passed" start-time="2016-02-19 11:52:46Z" end-time="2016-02-19 11:52:46Z" duration="0.000052" asserts="1" />
              <test-case id="0-4126" name="CanMatchRuntimes(v2.0,v4.0)" fullname="NUnit.Framework.Internal.RuntimeFrameworkTests.CanMatchRuntimes(v2.0,v4.0)" methodname="CanMatchRuntimes" classname="NUnit.Framework.Internal.RuntimeFrameworkTests" runstate="Runnable" seed="1135302402" result="Passed" start-time="2016-02-19 11:52:46Z" end-time="2016-02-19 11:52:46Z" duration="0.000050" asserts="1" />
              <test-case id="0-4127" name="CanMatchRuntimes(net,net-2.0)" fullname="NUnit.Framework.Internal.RuntimeFrameworkTests.CanMatchRuntimes(net,net-2.0)" methodname="CanMatchRuntimes" classname="NUnit.Framework.Internal.RuntimeFrameworkTests" runstate="Runnable" seed="1632391044" result="Passed" start-time="2016-02-19 11:52:46Z" end-time="2016-02-19 11:52:46Z" duration="0.000050" asserts="1" />
              <test-case id="0-4128" name="CanMatchRuntimes(net-2.0,net)" fullname="NUnit.Framework.Internal.RuntimeFrameworkTests.CanMatchRuntimes(net-2.0,net)" methodname="CanMatchRuntimes" classname="NUnit.Framework.Internal.RuntimeFrameworkTests" runstate="Runnable" seed="749157261" result="Passed" start-time="2016-02-19 11:52:46Z" end-time="2016-02-19 11:52:46Z" duration="0.001050" asserts="1" />
              <test-case id="0-4129" name="CanMatchRuntimes(any,net-2.0)" fullname="NUnit.Framework.Internal.RuntimeFrameworkTests.CanMatchRuntimes(any,net-2.0)" methodname="CanMatchRuntimes" classname="NUnit.Framework.Internal.RuntimeFrameworkTests" runstate="Runnable" seed="1887497983" result="Passed" start-time="2016-02-19 11:52:46Z" end-time="2016-02-19 11:52:46Z" duration="0.000059" asserts="1" />
              <test-case id="0-4130" name="CanMatchRuntimes(net-2.0,any)" fullname="NUnit.Framework.Internal.RuntimeFrameworkTests.CanMatchRuntimes(net-2.0,any)" methodname="CanMatchRuntimes" classname="NUnit.Framework.Internal.RuntimeFrameworkTests" runstate="Runnable" seed="708670565" result="Passed" start-time="2016-02-19 11:52:46Z" end-time="2016-02-19 11:52:46Z" duration="0.000080" asserts="1" />
            </test-suite>
            <test-suite type="ParameterizedMethod" id="0-4091" name="CanParseRuntimeFramework" fullname="NUnit.Framework.Internal.RuntimeFrameworkTests.CanParseRuntimeFramework" runstate="Runnable" testcasecount="19" result="Passed" start-time="2016-02-19 11:52:46Z" end-time="2016-02-19 11:52:46Z" duration="0.007548" total="19" passed="19" failed="0" inconclusive="0" skipped="0" asserts="38">
              <test-case id="0-4072" name="CanParseRuntimeFramework(&lt;Net,1.0,1.0.3705&gt;)" fullname="NUnit.Framework.Internal.RuntimeFrameworkTests.CanParseRuntimeFramework(&lt;Net,1.0,1.0.3705&gt;)" methodname="CanParseRuntimeFramework" classname="NUnit.Framework.Internal.RuntimeFrameworkTests" runstate="Runnable" seed="420312760" result="Passed" start-time="2016-02-19 11:52:46Z" end-time="2016-02-19 11:52:46Z" duration="0.002217" asserts="2" />
              <test-case id="0-4073" name="CanParseRuntimeFramework(&lt;Net,1.1,1.1.4322&gt;)" fullname="NUnit.Framework.Internal.RuntimeFrameworkTests.CanParseRuntimeFramework(&lt;Net,1.1,1.1.4322&gt;)" methodname="CanParseRuntimeFramework" classname="NUnit.Framework.Internal.RuntimeFrameworkTests" runstate="Runnable" seed="1694041232" result="Passed" start-time="2016-02-19 11:52:46Z" end-time="2016-02-19 11:52:46Z" duration="0.000100" asserts="2" />
              <test-case id="0-4074" name="CanParseRuntimeFramework(&lt;Net,2.0,2.0.50727&gt;)" fullname="NUnit.Framework.Internal.RuntimeFrameworkTests.CanParseRuntimeFramework(&lt;Net,2.0,2.0.50727&gt;)" methodname="CanParseRuntimeFramework" classname="NUnit.Framework.Internal.RuntimeFrameworkTests" runstate="Runnable" seed="1088830550" result="Passed" start-time="2016-02-19 11:52:46Z" end-time="2016-02-19 11:52:46Z" duration="0.000081" asserts="2" />
              <test-case id="0-4075" name="CanParseRuntimeFramework(&lt;Net,3.0,2.0.50727&gt;)" fullname="NUnit.Framework.Internal.RuntimeFrameworkTests.CanParseRuntimeFramework(&lt;Net,3.0,2.0.50727&gt;)" methodname="CanParseRuntimeFramework" classname="NUnit.Framework.Internal.RuntimeFrameworkTests" runstate="Runnable" seed="198693249" result="Passed" start-time="2016-02-19 11:52:46Z" end-time="2016-02-19 11:52:46Z" duration="0.000086" asserts="2" />
              <test-case id="0-4076" name="CanParseRuntimeFramework(&lt;Net,3.5,2.0.50727&gt;)" fullname="NUnit.Framework.Internal.RuntimeFrameworkTests.CanParseRuntimeFramework(&lt;Net,3.5,2.0.50727&gt;)" methodname="CanParseRuntimeFramework" classname="NUnit.Framework.Internal.RuntimeFrameworkTests" runstate="Runnable" seed="599396586" result="Passed" start-time="2016-02-19 11:52:46Z" end-time="2016-02-19 11:52:46Z" duration="0.000077" asserts="2" />
              <test-case id="0-4077" name="CanParseRuntimeFramework(&lt;Net,4.0,4.0.30319&gt;)" fullname="NUnit.Framework.Internal.RuntimeFrameworkTests.CanParseRuntimeFramework(&lt;Net,4.0,4.0.30319&gt;)" methodname="CanParseRuntimeFramework" classname="NUnit.Framework.Internal.RuntimeFrameworkTests" runstate="Runnable" seed="613095000" result="Passed" start-time="2016-02-19 11:52:46Z" end-time="2016-02-19 11:52:46Z" duration="0.000072" asserts="2" />
              <test-case id="0-4078" name="CanParseRuntimeFramework(&lt;Net,0.0,0.0&gt;)" fullname="NUnit.Framework.Internal.RuntimeFrameworkTests.CanParseRuntimeFramework(&lt;Net,0.0,0.0&gt;)" methodname="CanParseRuntimeFramework" classname="NUnit.Framework.Internal.RuntimeFrameworkTests" runstate="Runnable" seed="550825266" result="Passed" start-time="2016-02-19 11:52:46Z" end-time="2016-02-19 11:52:46Z" duration="0.000852" asserts="2" />
              <test-case id="0-4079" name="CanParseRuntimeFramework(&lt;NetCF,3.5,3.5.7283&gt;)" fullname="NUnit.Framework.Internal.RuntimeFrameworkTests.CanParseRuntimeFramework(&lt;NetCF,3.5,3.5.7283&gt;)" methodname="CanParseRuntimeFramework" classname="NUnit.Framework.Internal.RuntimeFrameworkTests" runstate="Runnable" seed="212729412" result="Passed" start-time="2016-02-19 11:52:46Z" end-time="2016-02-19 11:52:46Z" duration="0.000105" asserts="2" />
              <test-case id="0-4080" name="CanParseRuntimeFramework(&lt;NetCF,0.0,0.0&gt;)" fullname="NUnit.Framework.Internal.RuntimeFrameworkTests.CanParseRuntimeFramework(&lt;NetCF,0.0,0.0&gt;)" methodname="CanParseRuntimeFramework" classname="NUnit.Framework.Internal.RuntimeFrameworkTests" runstate="Runnable" seed="951428743" result="Passed" start-time="2016-02-19 11:52:46Z" end-time="2016-02-19 11:52:46Z" duration="0.000080" asserts="2" />
              <test-case id="0-4081" name="CanParseRuntimeFramework(&lt;Mono,1.0,1.1.4322&gt;)" fullname="NUnit.Framework.Internal.RuntimeFrameworkTests.CanParseRuntimeFramework(&lt;Mono,1.0,1.1.4322&gt;)" methodname="CanParseRuntimeFramework" classname="NUnit.Framework.Internal.RuntimeFrameworkTests" runstate="Runnable" seed="566298394" result="Passed" start-time="2016-02-19 11:52:46Z" end-time="2016-02-19 11:52:46Z" duration="0.000086" asserts="2" />
              <test-case id="0-4082" name="CanParseRuntimeFramework(&lt;Mono,2.0,2.0.50727&gt;)" fullname="NUnit.Framework.Internal.RuntimeFrameworkTests.CanParseRuntimeFramework(&lt;Mono,2.0,2.0.50727&gt;)" methodname="CanParseRuntimeFramework" classname="NUnit.Framework.Internal.RuntimeFrameworkTests" runstate="Runnable" seed="808039343" result="Passed" start-time="2016-02-19 11:52:46Z" end-time="2016-02-19 11:52:46Z" duration="0.000083" asserts="2" />
              <test-case id="0-4083" name="CanParseRuntimeFramework(&lt;Mono,3.5,2.0.50727&gt;)" fullname="NUnit.Framework.Internal.RuntimeFrameworkTests.CanParseRuntimeFramework(&lt;Mono,3.5,2.0.50727&gt;)" methodname="CanParseRuntimeFramework" classname="NUnit.Framework.Internal.RuntimeFrameworkTests" runstate="Runnable" seed="1575951033" result="Passed" start-time="2016-02-19 11:52:46Z" end-time="2016-02-19 11:52:46Z" duration="0.000139" asserts="2" />
              <test-case id="0-4084" name="CanParseRuntimeFramework(&lt;Mono,4.0,4.0.30319&gt;)" fullname="NUnit.Framework.Internal.RuntimeFrameworkTests.CanParseRuntimeFramework(&lt;Mono,4.0,4.0.30319&gt;)" methodname="CanParseRuntimeFramework" classname="NUnit.Framework.Internal.RuntimeFrameworkTests" runstate="Runnable" seed="1894420566" result="Passed" start-time="2016-02-19 11:52:46Z" end-time="2016-02-19 11:52:46Z" duration="0.000138" asserts="2" />
              <test-case id="0-4085" name="CanParseRuntimeFramework(&lt;Mono,0.0,0.0&gt;)" fullname="NUnit.Framework.Internal.RuntimeFrameworkTests.CanParseRuntimeFramework(&lt;Mono,0.0,0.0&gt;)" methodname="CanParseRuntimeFramework" classname="NUnit.Framework.Internal.RuntimeFrameworkTests" runstate="Runnable" seed="1892208777" result="Passed" start-time="2016-02-19 11:52:46Z" end-time="2016-02-19 11:52:46Z" duration="0.000083" asserts="2" />
              <test-case id="0-4086" name="CanParseRuntimeFramework(&lt;Any,1.1,1.1.4322&gt;)" fullname="NUnit.Framework.Internal.RuntimeFrameworkTests.CanParseRuntimeFramework(&lt;Any,1.1,1.1.4322&gt;)" methodname="CanParseRuntimeFramework" classname="NUnit.Framework.Internal.RuntimeFrameworkTests" runstate="Runnable" seed="1851563928" result="Passed" start-time="2016-02-19 11:52:46Z" end-time="2016-02-19 11:52:46Z" duration="0.000077" asserts="2" />
              <test-case id="0-4087" name="CanParseRuntimeFramework(&lt;Any,2.0,2.0.50727&gt;)" fullname="NUnit.Framework.Internal.RuntimeFrameworkTests.CanParseRuntimeFramework(&lt;Any,2.0,2.0.50727&gt;)" methodname="CanParseRuntimeFramework" classname="NUnit.Framework.Internal.RuntimeFrameworkTests" runstate="Runnable" seed="866734334" result="Passed" start-time="2016-02-19 11:52:46Z" end-time="2016-02-19 11:52:46Z" duration="0.000074" asserts="2" />
              <test-case id="0-4088" name="CanParseRuntimeFramework(&lt;Any,3.5,2.0.50727&gt;)" fullname="NUnit.Framework.Internal.RuntimeFrameworkTests.CanParseRuntimeFramework(&lt;Any,3.5,2.0.50727&gt;)" methodname="CanParseRuntimeFramework" classname="NUnit.Framework.Internal.RuntimeFrameworkTests" runstate="Runnable" seed="1006787878" result="Passed" start-time="2016-02-19 11:52:46Z" end-time="2016-02-19 11:52:46Z" duration="0.000075" asserts="2" />
              <test-case id="0-4089" name="CanParseRuntimeFramework(&lt;Any,4.0,4.0.30319&gt;)" fullname="NUnit.Framework.Internal.RuntimeFrameworkTests.CanParseRuntimeFramework(&lt;Any,4.0,4.0.30319&gt;)" methodname="CanParseRuntimeFramework" classname="NUnit.Framework.Internal.RuntimeFrameworkTests" runstate="Runnable" seed="1459215614" result="Passed" start-time="2016-02-19 11:52:46Z" end-time="2016-02-19 11:52:46Z" duration="0.000084" asserts="2" />
              <test-case id="0-4090" name="CanParseRuntimeFramework(&lt;Any,0.0,0.0&gt;)" fullname="NUnit.Framework.Internal.RuntimeFrameworkTests.CanParseRuntimeFramework(&lt;Any,0.0,0.0&gt;)" methodname="CanParseRuntimeFramework" classname="NUnit.Framework.Internal.RuntimeFrameworkTests" runstate="Runnable" seed="929126383" result="Passed" start-time="2016-02-19 11:52:46Z" end-time="2016-02-19 11:52:46Z" duration="0.000066" asserts="2" />
            </test-suite>
            <test-case id="0-4031" name="CurrentFrameworkHasBuildSpecified" fullname="NUnit.Framework.Internal.RuntimeFrameworkTests.CurrentFrameworkHasBuildSpecified" methodname="CurrentFrameworkHasBuildSpecified" classname="NUnit.Framework.Internal.RuntimeFrameworkTests" runstate="Runnable" seed="1288672184" result="Passed" start-time="2016-02-19 11:52:46Z" end-time="2016-02-19 11:52:46Z" duration="0.000654" asserts="1" />
            <test-case id="0-4030" name="DoesNotRunIn40CompatibilityModeWhenCompiled45" fullname="NUnit.Framework.Internal.RuntimeFrameworkTests.DoesNotRunIn40CompatibilityModeWhenCompiled45" methodname="DoesNotRunIn40CompatibilityModeWhenCompiled45" classname="NUnit.Framework.Internal.RuntimeFrameworkTests" runstate="Runnable" seed="958722130" result="Passed" start-time="2016-02-19 11:52:46Z" end-time="2016-02-19 11:52:46Z" duration="0.087331" asserts="1" />
          </test-suite>
          <test-suite type="TestFixture" id="0-3943" name="RandomizerTests" fullname="NUnit.Framework.Internal.RandomizerTests" classname="NUnit.Framework.Internal.RandomizerTests" runstate="Runnable" testcasecount="83" result="Passed" start-time="2016-02-19 11:52:46Z" end-time="2016-02-19 11:52:46Z" duration="0.291633" total="83" passed="83" failed="0" inconclusive="0" skipped="0" asserts="65">
            <test-case id="0-3995" name="RandomBool" fullname="NUnit.Framework.Internal.RandomizerTests.RandomBool" methodname="RandomBool" classname="NUnit.Framework.Internal.RandomizerTests" runstate="Runnable" seed="705958535" result="Passed" start-time="2016-02-19 11:52:46Z" end-time="2016-02-19 11:52:46Z" duration="0.016121" asserts="0" />
            <test-case id="0-3996" name="RandomBoolWithProbability" fullname="NUnit.Framework.Internal.RandomizerTests.RandomBoolWithProbability" methodname="RandomBoolWithProbability" classname="NUnit.Framework.Internal.RandomizerTests" runstate="Runnable" seed="74838703" result="Passed" start-time="2016-02-19 11:52:46Z" end-time="2016-02-19 11:52:46Z" duration="0.001000" asserts="0" />
            <test-case id="0-3997" name="RandomBoolWithProbabilityOutOfRange" fullname="NUnit.Framework.Internal.RandomizerTests.RandomBoolWithProbabilityOutOfRange" methodname="RandomBoolWithProbabilityOutOfRange" classname="NUnit.Framework.Internal.RandomizerTests" runstate="Runnable" seed="1339937625" result="Passed" start-time="2016-02-19 11:52:46Z" end-time="2016-02-19 11:52:46Z" duration="0.002368" asserts="1" />
            <test-case id="0-3998" name="RandomBoolWithProbabilityZeroIsAlwaysFalse" fullname="NUnit.Framework.Internal.RandomizerTests.RandomBoolWithProbabilityZeroIsAlwaysFalse" methodname="RandomBoolWithProbabilityZeroIsAlwaysFalse" classname="NUnit.Framework.Internal.RandomizerTests" runstate="Runnable" seed="1425645888" result="Passed" start-time="2016-02-19 11:52:46Z" end-time="2016-02-19 11:52:46Z" duration="0.000427" asserts="10" />
            <test-case id="0-3981" name="RandomByte" fullname="NUnit.Framework.Internal.RandomizerTests.RandomByte" methodname="RandomByte" classname="NUnit.Framework.Internal.RandomizerTests" runstate="Runnable" seed="1085766237" result="Passed" start-time="2016-02-19 11:52:46Z" end-time="2016-02-19 11:52:46Z" duration="0.000384" asserts="1" />
            <test-case id="0-3983" name="RandomByteInRange" fullname="NUnit.Framework.Internal.RandomizerTests.RandomByteInRange" methodname="RandomByteInRange" classname="NUnit.Framework.Internal.RandomizerTests" runstate="Runnable" seed="467635584" result="Passed" start-time="2016-02-19 11:52:46Z" end-time="2016-02-19 11:52:46Z" duration="0.000468" asserts="1" />
            <test-case id="0-3985" name="RandomByteInRange_MinEqualsMax" fullname="NUnit.Framework.Internal.RandomizerTests.RandomByteInRange_MinEqualsMax" methodname="RandomByteInRange_MinEqualsMax" classname="NUnit.Framework.Internal.RandomizerTests" runstate="Runnable" seed="833951113" result="Passed" start-time="2016-02-19 11:52:46Z" end-time="2016-02-19 11:52:46Z" duration="0.000618" asserts="1" />
            <test-case id="0-3984" name="RandomByteInRange_Reversed" fullname="NUnit.Framework.Internal.RandomizerTests.RandomByteInRange_Reversed" methodname="RandomByteInRange_Reversed" classname="NUnit.Framework.Internal.RandomizerTests" runstate="Runnable" seed="1117534326" result="Passed" start-time="2016-02-19 11:52:46Z" end-time="2016-02-19 11:52:46Z" duration="0.004977" asserts="1" />
            <test-case id="0-3986" name="RandomBytesAreUnique" fullname="NUnit.Framework.Internal.RandomizerTests.RandomBytesAreUnique" methodname="RandomBytesAreUnique" classname="NUnit.Framework.Internal.RandomizerTests" runstate="Runnable" seed="167809011" result="Passed" start-time="2016-02-19 11:52:46Z" end-time="2016-02-19 11:52:46Z" duration="0.010386" asserts="0" />
            <test-case id="0-3987" name="RandomBytesInRangeAreUnique" fullname="NUnit.Framework.Internal.RandomizerTests.RandomBytesInRangeAreUnique" methodname="RandomBytesInRangeAreUnique" classname="NUnit.Framework.Internal.RandomizerTests" runstate="Runnable" seed="1293928349" result="Passed" start-time="2016-02-19 11:52:46Z" end-time="2016-02-19 11:52:46Z" duration="0.000756" asserts="0" />
            <test-case id="0-3982" name="RandomByteWithMaximum" fullname="NUnit.Framework.Internal.RandomizerTests.RandomByteWithMaximum" methodname="RandomByteWithMaximum" classname="NUnit.Framework.Internal.RandomizerTests" runstate="Runnable" seed="832335454" result="Passed" start-time="2016-02-19 11:52:46Z" end-time="2016-02-19 11:52:46Z" duration="0.000550" asserts="1" />
            <test-case id="0-4013" name="RandomDecimal" fullname="NUnit.Framework.Internal.RandomizerTests.RandomDecimal" methodname="RandomDecimal" classname="NUnit.Framework.Internal.RandomizerTests" runstate="Runnable" seed="214087100" result="Passed" start-time="2016-02-19 11:52:46Z" end-time="2016-02-19 11:52:46Z" duration="0.001269" asserts="2" />
            <test-case id="0-4015" name="RandomDecimalInRange" fullname="NUnit.Framework.Internal.RandomizerTests.RandomDecimalInRange" methodname="RandomDecimalInRange" classname="NUnit.Framework.Internal.RandomizerTests" runstate="Runnable" seed="953067691" result="Passed" start-time="2016-02-19 11:52:46Z" end-time="2016-02-19 11:52:46Z" duration="0.003708" asserts="2" />
            <test-case id="0-4017" name="RandomDecimalInRange_MinEqualsMax" fullname="NUnit.Framework.Internal.RandomizerTests.RandomDecimalInRange_MinEqualsMax" methodname="RandomDecimalInRange_MinEqualsMax" classname="NUnit.Framework.Internal.RandomizerTests" runstate="Runnable" seed="650743130" result="Passed" start-time="2016-02-19 11:52:46Z" end-time="2016-02-19 11:52:46Z" duration="0.002216" asserts="1" />
            <test-case id="0-4016" name="RandomDecimalInRange_Reversed" fullname="NUnit.Framework.Internal.RandomizerTests.RandomDecimalInRange_Reversed" methodname="RandomDecimalInRange_Reversed" classname="NUnit.Framework.Internal.RandomizerTests" runstate="Runnable" seed="1625702959" result="Passed" start-time="2016-02-19 11:52:46Z" end-time="2016-02-19 11:52:46Z" duration="0.003077" asserts="1" />
            <test-case id="0-4018" name="RandomDecimalRangeTooGreat" fullname="NUnit.Framework.Internal.RandomizerTests.RandomDecimalRangeTooGreat" methodname="RandomDecimalRangeTooGreat" classname="NUnit.Framework.Internal.RandomizerTests" runstate="Runnable" seed="1181652325" result="Passed" start-time="2016-02-19 11:52:46Z" end-time="2016-02-19 11:52:46Z" duration="0.001563" asserts="1" />
            <test-case id="0-4019" name="RandomDecimalsAreUnique" fullname="NUnit.Framework.Internal.RandomizerTests.RandomDecimalsAreUnique" methodname="RandomDecimalsAreUnique" classname="NUnit.Framework.Internal.RandomizerTests" runstate="Runnable" seed="1702331966" result="Passed" start-time="2016-02-19 11:52:46Z" end-time="2016-02-19 11:52:46Z" duration="0.010794" asserts="0" />
            <test-case id="0-4020" name="RandomDecimalsInRangeAreUnique" fullname="NUnit.Framework.Internal.RandomizerTests.RandomDecimalsInRangeAreUnique" methodname="RandomDecimalsInRangeAreUnique" classname="NUnit.Framework.Internal.RandomizerTests" runstate="Runnable" seed="1379755216" result="Passed" start-time="2016-02-19 11:52:46Z" end-time="2016-02-19 11:52:46Z" duration="0.000999" asserts="0" />
            <test-case id="0-4014" name="RandomDecimalWithMaximum" fullname="NUnit.Framework.Internal.RandomizerTests.RandomDecimalWithMaximum" methodname="RandomDecimalWithMaximum" classname="NUnit.Framework.Internal.RandomizerTests" runstate="Runnable" seed="1262418537" result="Passed" start-time="2016-02-19 11:52:46Z" end-time="2016-02-19 11:52:46Z" duration="0.001137" asserts="2" />
            <test-case id="0-3999" name="RandomDouble" fullname="NUnit.Framework.Internal.RandomizerTests.RandomDouble" methodname="RandomDouble" classname="NUnit.Framework.Internal.RandomizerTests" runstate="Runnable" seed="301365527" result="Passed" start-time="2016-02-19 11:52:46Z" end-time="2016-02-19 11:52:46Z" duration="0.000548" asserts="1" />
            <test-case id="0-4001" name="RandomDoubleInRange" fullname="NUnit.Framework.Internal.RandomizerTests.RandomDoubleInRange" methodname="RandomDoubleInRange" classname="NUnit.Framework.Internal.RandomizerTests" runstate="Runnable" seed="996627050" result="Passed" start-time="2016-02-19 11:52:46Z" end-time="2016-02-19 11:52:46Z" duration="0.001853" asserts="1" />
            <test-case id="0-4003" name="RandomDoubleInRange_MinEqualsMax" fullname="NUnit.Framework.Internal.RandomizerTests.RandomDoubleInRange_MinEqualsMax" methodname="RandomDoubleInRange_MinEqualsMax" classname="NUnit.Framework.Internal.RandomizerTests" runstate="Runnable" seed="611482929" result="Passed" start-time="2016-02-19 11:52:46Z" end-time="2016-02-19 11:52:46Z" duration="0.000528" asserts="1" />
            <test-case id="0-4002" name="RandomDoubleInRange_Reversed" fullname="NUnit.Framework.Internal.RandomizerTests.RandomDoubleInRange_Reversed" methodname="RandomDoubleInRange_Reversed" classname="NUnit.Framework.Internal.RandomizerTests" runstate="Runnable" seed="182961559" result="Passed" start-time="2016-02-19 11:52:46Z" end-time="2016-02-19 11:52:46Z" duration="0.002974" asserts="1" />
            <test-case id="0-4004" name="RandomDoublesAreUnique" fullname="NUnit.Framework.Internal.RandomizerTests.RandomDoublesAreUnique" methodname="RandomDoublesAreUnique" classname="NUnit.Framework.Internal.RandomizerTests" runstate="Runnable" seed="1211144968" result="Passed" start-time="2016-02-19 11:52:46Z" end-time="2016-02-19 11:52:46Z" duration="0.010390" asserts="0" />
            <test-case id="0-4005" name="RandomDoublesInRangeAreUnique" fullname="NUnit.Framework.Internal.RandomizerTests.RandomDoublesInRangeAreUnique" methodname="RandomDoublesInRangeAreUnique" classname="NUnit.Framework.Internal.RandomizerTests" runstate="Runnable" seed="786073191" result="Passed" start-time="2016-02-19 11:52:46Z" end-time="2016-02-19 11:52:46Z" duration="0.000643" asserts="0" />
            <test-case id="0-4000" name="RandomDoubleWithMaximum" fullname="NUnit.Framework.Internal.RandomizerTests.RandomDoubleWithMaximum" methodname="RandomDoubleWithMaximum" classname="NUnit.Framework.Internal.RandomizerTests" runstate="Runnable" seed="1414684853" result="Passed" start-time="2016-02-19 11:52:46Z" end-time="2016-02-19 11:52:46Z" duration="0.000610" asserts="1" />
            <test-case id="0-4026" name="RandomEnum" fullname="NUnit.Framework.Internal.RandomizerTests.RandomEnum" methodname="RandomEnum" classname="NUnit.Framework.Internal.RandomizerTests" runstate="Runnable" seed="290446856" result="Passed" start-time="2016-02-19 11:52:46Z" end-time="2016-02-19 11:52:46Z" duration="0.002070" asserts="0" />
            <test-case id="0-4027" name="RandomEnum_Generic" fullname="NUnit.Framework.Internal.RandomizerTests.RandomEnum_Generic" methodname="RandomEnum_Generic" classname="NUnit.Framework.Internal.RandomizerTests" runstate="Runnable" seed="1829612720" result="Passed" start-time="2016-02-19 11:52:46Z" end-time="2016-02-19 11:52:46Z" duration="0.015664" asserts="0" />
            <test-case id="0-4006" name="RandomFloat" fullname="NUnit.Framework.Internal.RandomizerTests.RandomFloat" methodname="RandomFloat" classname="NUnit.Framework.Internal.RandomizerTests" runstate="Runnable" seed="320335798" result="Passed" start-time="2016-02-19 11:52:46Z" end-time="2016-02-19 11:52:46Z" duration="0.000583" asserts="1" />
            <test-case id="0-4008" name="RandomFloatInRange" fullname="NUnit.Framework.Internal.RandomizerTests.RandomFloatInRange" methodname="RandomFloatInRange" classname="NUnit.Framework.Internal.RandomizerTests" runstate="Runnable" seed="1205283013" result="Passed" start-time="2016-02-19 11:52:46Z" end-time="2016-02-19 11:52:46Z" duration="0.000587" asserts="1" />
            <test-case id="0-4010" name="RandomFloatInRange_MinEqualsMax" fullname="NUnit.Framework.Internal.RandomizerTests.RandomFloatInRange_MinEqualsMax" methodname="RandomFloatInRange_MinEqualsMax" classname="NUnit.Framework.Internal.RandomizerTests" runstate="Runnable" seed="1490573882" result="Passed" start-time="2016-02-19 11:52:46Z" end-time="2016-02-19 11:52:46Z" duration="0.001992" asserts="1" />
            <test-case id="0-4009" name="RandomFloatInRange_Reversed" fullname="NUnit.Framework.Internal.RandomizerTests.RandomFloatInRange_Reversed" methodname="RandomFloatInRange_Reversed" classname="NUnit.Framework.Internal.RandomizerTests" runstate="Runnable" seed="464190926" result="Passed" start-time="2016-02-19 11:52:46Z" end-time="2016-02-19 11:52:46Z" duration="0.003591" asserts="1" />
            <test-case id="0-4011" name="RandomFloatsAreUnique" fullname="NUnit.Framework.Internal.RandomizerTests.RandomFloatsAreUnique" methodname="RandomFloatsAreUnique" classname="NUnit.Framework.Internal.RandomizerTests" runstate="Runnable" seed="1392463497" result="Passed" start-time="2016-02-19 11:52:46Z" end-time="2016-02-19 11:52:46Z" duration="0.009657" asserts="0" />
            <test-case id="0-4012" name="RandomFloatsInRangeAreUnique" fullname="NUnit.Framework.Internal.RandomizerTests.RandomFloatsInRangeAreUnique" methodname="RandomFloatsInRangeAreUnique" classname="NUnit.Framework.Internal.RandomizerTests" runstate="Runnable" seed="216580835" result="Passed" start-time="2016-02-19 11:52:46Z" end-time="2016-02-19 11:52:46Z" duration="0.000598" asserts="0" />
            <test-case id="0-4007" name="RandomFloatWithMaximum" fullname="NUnit.Framework.Internal.RandomizerTests.RandomFloatWithMaximum" methodname="RandomFloatWithMaximum" classname="NUnit.Framework.Internal.RandomizerTests" runstate="Runnable" seed="83234300" result="Passed" start-time="2016-02-19 11:52:46Z" end-time="2016-02-19 11:52:46Z" duration="0.000561" asserts="1" />
            <test-case id="0-3944" name="RandomIntsAreUnique" fullname="NUnit.Framework.Internal.RandomizerTests.RandomIntsAreUnique" methodname="RandomIntsAreUnique" classname="NUnit.Framework.Internal.RandomizerTests" runstate="Runnable" seed="637226167" result="Passed" start-time="2016-02-19 11:52:46Z" end-time="2016-02-19 11:52:46Z" duration="0.001345" asserts="0" />
            <test-case id="0-3945" name="RandomIntsInRangeAreUnique" fullname="NUnit.Framework.Internal.RandomizerTests.RandomIntsInRangeAreUnique" methodname="RandomIntsInRangeAreUnique" classname="NUnit.Framework.Internal.RandomizerTests" runstate="Runnable" seed="550563714" result="Passed" start-time="2016-02-19 11:52:46Z" end-time="2016-02-19 11:52:46Z" duration="0.000500" asserts="0" />
            <test-case id="0-3967" name="RandomLong" fullname="NUnit.Framework.Internal.RandomizerTests.RandomLong" methodname="RandomLong" classname="NUnit.Framework.Internal.RandomizerTests" runstate="Runnable" seed="155268148" result="Passed" start-time="2016-02-19 11:52:46Z" end-time="2016-02-19 11:52:46Z" duration="0.000553" asserts="1" />
            <test-case id="0-3969" name="RandomLongInRange" fullname="NUnit.Framework.Internal.RandomizerTests.RandomLongInRange" methodname="RandomLongInRange" classname="NUnit.Framework.Internal.RandomizerTests" runstate="Runnable" seed="2143282182" result="Passed" start-time="2016-02-19 11:52:46Z" end-time="2016-02-19 11:52:46Z" duration="0.000454" asserts="1" />
            <test-case id="0-3971" name="RandomLongInRange_MinEqualsMax" fullname="NUnit.Framework.Internal.RandomizerTests.RandomLongInRange_MinEqualsMax" methodname="RandomLongInRange_MinEqualsMax" classname="NUnit.Framework.Internal.RandomizerTests" runstate="Runnable" seed="1558575920" result="Passed" start-time="2016-02-19 11:52:46Z" end-time="2016-02-19 11:52:46Z" duration="0.001834" asserts="1" />
            <test-case id="0-3970" name="RandomLongInRange_Reversed" fullname="NUnit.Framework.Internal.RandomizerTests.RandomLongInRange_Reversed" methodname="RandomLongInRange_Reversed" classname="NUnit.Framework.Internal.RandomizerTests" runstate="Runnable" seed="1919072188" result="Passed" start-time="2016-02-19 11:52:46Z" end-time="2016-02-19 11:52:46Z" duration="0.002794" asserts="1" />
            <test-case id="0-3972" name="RandomLongsAreUnique" fullname="NUnit.Framework.Internal.RandomizerTests.RandomLongsAreUnique" methodname="RandomLongsAreUnique" classname="NUnit.Framework.Internal.RandomizerTests" runstate="Runnable" seed="1157812477" result="Passed" start-time="2016-02-19 11:52:46Z" end-time="2016-02-19 11:52:46Z" duration="0.015336" asserts="0" />
            <test-case id="0-3973" name="RandomLongsInRangeAreUnique" fullname="NUnit.Framework.Internal.RandomizerTests.RandomLongsInRangeAreUnique" methodname="RandomLongsInRangeAreUnique" classname="NUnit.Framework.Internal.RandomizerTests" runstate="Runnable" seed="2068657339" result="Passed" start-time="2016-02-19 11:52:46Z" end-time="2016-02-19 11:52:46Z" duration="0.000674" asserts="0" />
            <test-case id="0-3968" name="RandomLongWithMaximum" fullname="NUnit.Framework.Internal.RandomizerTests.RandomLongWithMaximum" methodname="RandomLongWithMaximum" classname="NUnit.Framework.Internal.RandomizerTests" runstate="Runnable" seed="1586435606" result="Passed" start-time="2016-02-19 11:52:46Z" end-time="2016-02-19 11:52:46Z" duration="0.000551" asserts="1" />
            <test-case id="0-3988" name="RandomSByte" fullname="NUnit.Framework.Internal.RandomizerTests.RandomSByte" methodname="RandomSByte" classname="NUnit.Framework.Internal.RandomizerTests" runstate="Runnable" seed="301581007" result="Passed" start-time="2016-02-19 11:52:46Z" end-time="2016-02-19 11:52:46Z" duration="0.000563" asserts="1" />
            <test-case id="0-3990" name="RandomSByteInRange" fullname="NUnit.Framework.Internal.RandomizerTests.RandomSByteInRange" methodname="RandomSByteInRange" classname="NUnit.Framework.Internal.RandomizerTests" runstate="Runnable" seed="1805117025" result="Passed" start-time="2016-02-19 11:52:46Z" end-time="2016-02-19 11:52:46Z" duration="0.000535" asserts="1" />
            <test-case id="0-3992" name="RandomSbyteInRange_MinEqualsMax" fullname="NUnit.Framework.Internal.RandomizerTests.RandomSbyteInRange_MinEqualsMax" methodname="RandomSbyteInRange_MinEqualsMax" classname="NUnit.Framework.Internal.RandomizerTests" runstate="Runnable" seed="1230665713" result="Passed" start-time="2016-02-19 11:52:46Z" end-time="2016-02-19 11:52:46Z" duration="0.000502" asserts="1" />
            <test-case id="0-3991" name="RandomSByteInRange_Reversed" fullname="NUnit.Framework.Internal.RandomizerTests.RandomSByteInRange_Reversed" methodname="RandomSByteInRange_Reversed" classname="NUnit.Framework.Internal.RandomizerTests" runstate="Runnable" seed="232392623" result="Passed" start-time="2016-02-19 11:52:46Z" end-time="2016-02-19 11:52:46Z" duration="0.004432" asserts="1" />
            <test-case id="0-3993" name="RandomSBytesAreUnique" fullname="NUnit.Framework.Internal.RandomizerTests.RandomSBytesAreUnique" methodname="RandomSBytesAreUnique" classname="NUnit.Framework.Internal.RandomizerTests" runstate="Runnable" seed="191144894" result="Passed" start-time="2016-02-19 11:52:46Z" end-time="2016-02-19 11:52:46Z" duration="0.009872" asserts="0" />
            <test-case id="0-3994" name="RandomSBytesInRangeAreUnique" fullname="NUnit.Framework.Internal.RandomizerTests.RandomSBytesInRangeAreUnique" methodname="RandomSBytesInRangeAreUnique" classname="NUnit.Framework.Internal.RandomizerTests" runstate="Runnable" seed="1614225499" result="Passed" start-time="2016-02-19 11:52:46Z" end-time="2016-02-19 11:52:46Z" duration="0.000662" asserts="0" />
            <test-case id="0-3989" name="RandomSByteWithMaximum" fullname="NUnit.Framework.Internal.RandomizerTests.RandomSByteWithMaximum" methodname="RandomSByteWithMaximum" classname="NUnit.Framework.Internal.RandomizerTests" runstate="Runnable" seed="1439733588" result="Passed" start-time="2016-02-19 11:52:46Z" end-time="2016-02-19 11:52:46Z" duration="0.000689" asserts="1" />
            <test-case id="0-3953" name="RandomShort" fullname="NUnit.Framework.Internal.RandomizerTests.RandomShort" methodname="RandomShort" classname="NUnit.Framework.Internal.RandomizerTests" runstate="Runnable" seed="1605422921" result="Passed" start-time="2016-02-19 11:52:46Z" end-time="2016-02-19 11:52:46Z" duration="0.000609" asserts="1" />
            <test-case id="0-3955" name="RandomShortInRange" fullname="NUnit.Framework.Internal.RandomizerTests.RandomShortInRange" methodname="RandomShortInRange" classname="NUnit.Framework.Internal.RandomizerTests" runstate="Runnable" seed="1396606810" result="Passed" start-time="2016-02-19 11:52:46Z" end-time="2016-02-19 11:52:46Z" duration="0.000685" asserts="1" />
            <test-case id="0-3957" name="RandomShortInRange_MinEqualsMax" fullname="NUnit.Framework.Internal.RandomizerTests.RandomShortInRange_MinEqualsMax" methodname="RandomShortInRange_MinEqualsMax" classname="NUnit.Framework.Internal.RandomizerTests" runstate="Runnable" seed="268971847" result="Passed" start-time="2016-02-19 11:52:46Z" end-time="2016-02-19 11:52:46Z" duration="0.000548" asserts="1" />
            <test-case id="0-3956" name="RandomShortInRange_Reversed" fullname="NUnit.Framework.Internal.RandomizerTests.RandomShortInRange_Reversed" methodname="RandomShortInRange_Reversed" classname="NUnit.Framework.Internal.RandomizerTests" runstate="Runnable" seed="957454407" result="Passed" start-time="2016-02-19 11:52:46Z" end-time="2016-02-19 11:52:46Z" duration="0.003423" asserts="1" />
            <test-case id="0-3958" name="RandomShortsAreUnique" fullname="NUnit.Framework.Internal.RandomizerTests.RandomShortsAreUnique" methodname="RandomShortsAreUnique" classname="NUnit.Framework.Internal.RandomizerTests" runstate="Runnable" seed="531323770" result="Passed" start-time="2016-02-19 11:52:46Z" end-time="2016-02-19 11:52:46Z" duration="0.011346" asserts="0" />
            <test-case id="0-3959" name="RandomShortsInRangeAreUnique" fullname="NUnit.Framework.Internal.RandomizerTests.RandomShortsInRangeAreUnique" methodname="RandomShortsInRangeAreUnique" classname="NUnit.Framework.Internal.RandomizerTests" runstate="Runnable" seed="1082537331" result="Passed" start-time="2016-02-19 11:52:46Z" end-time="2016-02-19 11:52:46Z" duration="0.000716" asserts="0" />
            <test-case id="0-3954" name="RandomShortWithMaximum" fullname="NUnit.Framework.Internal.RandomizerTests.RandomShortWithMaximum" methodname="RandomShortWithMaximum" classname="NUnit.Framework.Internal.RandomizerTests" runstate="Runnable" seed="1149767718" result="Passed" start-time="2016-02-19 11:52:46Z" end-time="2016-02-19 11:52:46Z" duration="0.000723" asserts="1" />
            <test-case id="0-4021" name="RandomStringsAreUnique" fullname="NUnit.Framework.Internal.RandomizerTests.RandomStringsAreUnique" methodname="RandomStringsAreUnique" classname="NUnit.Framework.Internal.RandomizerTests" runstate="Runnable" seed="1182883216" result="Passed" start-time="2016-02-19 11:52:46Z" end-time="2016-02-19 11:52:46Z" duration="0.002555" asserts="0">
              <properties>
                <property name="Description" value="Test that all generated strings are unique" />
              </properties>
            </test-case>
            <test-suite type="ParameterizedMethod" id="0-4025" name="RandomStringsAreUnique" fullname="NUnit.Framework.Internal.RandomizerTests.RandomStringsAreUnique" runstate="Runnable" testcasecount="3" result="Passed" start-time="2016-02-19 11:52:46Z" end-time="2016-02-19 11:52:46Z" duration="0.003505" total="3" passed="3" failed="0" inconclusive="0" skipped="0" asserts="0">
              <properties>
                <property name="Description" value="Test that all generated strings are unique for varying output length" />
              </properties>
              <test-case id="0-4022" name="RandomStringsAreUnique(30,&quot;Tｈｅɋúｉｃｋƃｒòｗｎｆ߀хｊｕｍｐëԁoѵerｔհëｌａȥｙｄｏɢ&quot;)" fullname="NUnit.Framework.Internal.RandomizerTests.RandomStringsAreUnique(30,&quot;Tｈｅɋúｉｃｋƃｒòｗｎｆ߀хｊｕｍｐëԁoѵerｔհëｌａȥｙｄｏɢ&quot;)" methodname="RandomStringsAreUnique" classname="NUnit.Framework.Internal.RandomizerTests" runstate="Runnable" seed="1138416823" result="Passed" start-time="2016-02-19 11:52:46Z" end-time="2016-02-19 11:52:46Z" duration="0.000849" asserts="0" />
              <test-case id="0-4023" name="RandomStringsAreUnique(200,&quot;ａèí߀ù123456&quot;)" fullname="NUnit.Framework.Internal.RandomizerTests.RandomStringsAreUnique(200,&quot;ａèí߀ù123456&quot;)" methodname="RandomStringsAreUnique" classname="NUnit.Framework.Internal.RandomizerTests" runstate="Runnable" seed="1125597139" result="Passed" start-time="2016-02-19 11:52:46Z" end-time="2016-02-19 11:52:46Z" duration="0.000172" asserts="0" />
              <test-case id="0-4024" name="RandomStringsAreUnique(1000,&quot;abcdefghijkmnopqrstuvwxyzABCDEFGHJKLM...&quot;)" fullname="NUnit.Framework.Internal.RandomizerTests.RandomStringsAreUnique(1000,&quot;abcdefghijkmnopqrstuvwxyzABCDEFGHJKLM...&quot;)" methodname="RandomStringsAreUnique" classname="NUnit.Framework.Internal.RandomizerTests" runstate="Runnable" seed="253693039" result="Passed" start-time="2016-02-19 11:52:46Z" end-time="2016-02-19 11:52:46Z" duration="0.000519" asserts="0" />
            </test-suite>
            <test-case id="0-3946" name="RandomUInt" fullname="NUnit.Framework.Internal.RandomizerTests.RandomUInt" methodname="RandomUInt" classname="NUnit.Framework.Internal.RandomizerTests" runstate="Runnable" seed="1144286989" result="Passed" start-time="2016-02-19 11:52:46Z" end-time="2016-02-19 11:52:46Z" duration="0.000639" asserts="1" />
            <test-case id="0-3948" name="RandomUIntInRange" fullname="NUnit.Framework.Internal.RandomizerTests.RandomUIntInRange" methodname="RandomUIntInRange" classname="NUnit.Framework.Internal.RandomizerTests" runstate="Runnable" seed="508916690" result="Passed" start-time="2016-02-19 11:52:46Z" end-time="2016-02-19 11:52:46Z" duration="0.000660" asserts="1" />
            <test-case id="0-3950" name="RandomUintInRange_MinEqualsMax" fullname="NUnit.Framework.Internal.RandomizerTests.RandomUintInRange_MinEqualsMax" methodname="RandomUintInRange_MinEqualsMax" classname="NUnit.Framework.Internal.RandomizerTests" runstate="Runnable" seed="1340861893" result="Passed" start-time="2016-02-19 11:52:46Z" end-time="2016-02-19 11:52:46Z" duration="0.002158" asserts="1" />
            <test-case id="0-3949" name="RandomUintInRange_Reversed" fullname="NUnit.Framework.Internal.RandomizerTests.RandomUintInRange_Reversed" methodname="RandomUintInRange_Reversed" classname="NUnit.Framework.Internal.RandomizerTests" runstate="Runnable" seed="61832597" result="Passed" start-time="2016-02-19 11:52:46Z" end-time="2016-02-19 11:52:46Z" duration="0.004822" asserts="1" />
            <test-case id="0-3951" name="RandomUIntsAreUnique" fullname="NUnit.Framework.Internal.RandomizerTests.RandomUIntsAreUnique" methodname="RandomUIntsAreUnique" classname="NUnit.Framework.Internal.RandomizerTests" runstate="Runnable" seed="1596183213" result="Passed" start-time="2016-02-19 11:52:46Z" end-time="2016-02-19 11:52:46Z" duration="0.010662" asserts="0" />
            <test-case id="0-3952" name="RandomUIntsInRangeAreUnique" fullname="NUnit.Framework.Internal.RandomizerTests.RandomUIntsInRangeAreUnique" methodname="RandomUIntsInRangeAreUnique" classname="NUnit.Framework.Internal.RandomizerTests" runstate="Runnable" seed="97174631" result="Passed" start-time="2016-02-19 11:52:46Z" end-time="2016-02-19 11:52:46Z" duration="0.000714" asserts="0" />
            <test-case id="0-3947" name="RandomUIntWithMaximum" fullname="NUnit.Framework.Internal.RandomizerTests.RandomUIntWithMaximum" methodname="RandomUIntWithMaximum" classname="NUnit.Framework.Internal.RandomizerTests" runstate="Runnable" seed="1006284308" result="Passed" start-time="2016-02-19 11:52:46Z" end-time="2016-02-19 11:52:46Z" duration="0.000553" asserts="1" />
            <test-case id="0-3974" name="RandomULong" fullname="NUnit.Framework.Internal.RandomizerTests.RandomULong" methodname="RandomULong" classname="NUnit.Framework.Internal.RandomizerTests" runstate="Runnable" seed="912461884" result="Passed" start-time="2016-02-19 11:52:46Z" end-time="2016-02-19 11:52:46Z" duration="0.000597" asserts="1" />
            <test-case id="0-3976" name="RandomULongInRange" fullname="NUnit.Framework.Internal.RandomizerTests.RandomULongInRange" methodname="RandomULongInRange" classname="NUnit.Framework.Internal.RandomizerTests" runstate="Runnable" seed="1317261818" result="Passed" start-time="2016-02-19 11:52:46Z" end-time="2016-02-19 11:52:46Z" duration="0.000615" asserts="1" />
            <test-case id="0-3978" name="RandomULongInRange_MinEqualsMax" fullname="NUnit.Framework.Internal.RandomizerTests.RandomULongInRange_MinEqualsMax" methodname="RandomULongInRange_MinEqualsMax" classname="NUnit.Framework.Internal.RandomizerTests" runstate="Runnable" seed="874047448" result="Passed" start-time="2016-02-19 11:52:46Z" end-time="2016-02-19 11:52:46Z" duration="0.002021" asserts="1" />
            <test-case id="0-3977" name="RandomULongInRange_Reversed" fullname="NUnit.Framework.Internal.RandomizerTests.RandomULongInRange_Reversed" methodname="RandomULongInRange_Reversed" classname="NUnit.Framework.Internal.RandomizerTests" runstate="Runnable" seed="678031958" result="Passed" start-time="2016-02-19 11:52:46Z" end-time="2016-02-19 11:52:46Z" duration="0.003324" asserts="1" />
            <test-case id="0-3979" name="RandomULongsAreUnique" fullname="NUnit.Framework.Internal.RandomizerTests.RandomULongsAreUnique" methodname="RandomULongsAreUnique" classname="NUnit.Framework.Internal.RandomizerTests" runstate="Runnable" seed="286089235" result="Passed" start-time="2016-02-19 11:52:46Z" end-time="2016-02-19 11:52:46Z" duration="0.010096" asserts="0" />
            <test-case id="0-3980" name="RandomULongsInRangeAreUnique" fullname="NUnit.Framework.Internal.RandomizerTests.RandomULongsInRangeAreUnique" methodname="RandomULongsInRangeAreUnique" classname="NUnit.Framework.Internal.RandomizerTests" runstate="Runnable" seed="1535107243" result="Passed" start-time="2016-02-19 11:52:46Z" end-time="2016-02-19 11:52:46Z" duration="0.000527" asserts="0" />
            <test-case id="0-3975" name="RandomULongWithMaximum" fullname="NUnit.Framework.Internal.RandomizerTests.RandomULongWithMaximum" methodname="RandomULongWithMaximum" classname="NUnit.Framework.Internal.RandomizerTests" runstate="Runnable" seed="1698549147" result="Passed" start-time="2016-02-19 11:52:46Z" end-time="2016-02-19 11:52:46Z" duration="0.000413" asserts="1" />
            <test-case id="0-3960" name="RandomUShort" fullname="NUnit.Framework.Internal.RandomizerTests.RandomUShort" methodname="RandomUShort" classname="NUnit.Framework.Internal.RandomizerTests" runstate="Runnable" seed="2095563395" result="Passed" start-time="2016-02-19 11:52:46Z" end-time="2016-02-19 11:52:46Z" duration="0.000578" asserts="1" />
            <test-case id="0-3962" name="RandomUShortInRange" fullname="NUnit.Framework.Internal.RandomizerTests.RandomUShortInRange" methodname="RandomUShortInRange" classname="NUnit.Framework.Internal.RandomizerTests" runstate="Runnable" seed="100770965" result="Passed" start-time="2016-02-19 11:52:46Z" end-time="2016-02-19 11:52:46Z" duration="0.000512" asserts="1" />
            <test-case id="0-3964" name="RandomUShortInRange_MinEqualsMax" fullname="NUnit.Framework.Internal.RandomizerTests.RandomUShortInRange_MinEqualsMax" methodname="RandomUShortInRange_MinEqualsMax" classname="NUnit.Framework.Internal.RandomizerTests" runstate="Runnable" seed="1509599306" result="Passed" start-time="2016-02-19 11:52:46Z" end-time="2016-02-19 11:52:46Z" duration="0.001868" asserts="1" />
            <test-case id="0-3963" name="RandomUShortInRange_Reversed" fullname="NUnit.Framework.Internal.RandomizerTests.RandomUShortInRange_Reversed" methodname="RandomUShortInRange_Reversed" classname="NUnit.Framework.Internal.RandomizerTests" runstate="Runnable" seed="1103971376" result="Passed" start-time="2016-02-19 11:52:46Z" end-time="2016-02-19 11:52:46Z" duration="0.003568" asserts="1" />
            <test-case id="0-3965" name="RandomUShortsAreUnique" fullname="NUnit.Framework.Internal.RandomizerTests.RandomUShortsAreUnique" methodname="RandomUShortsAreUnique" classname="NUnit.Framework.Internal.RandomizerTests" runstate="Runnable" seed="115949035" result="Passed" start-time="2016-02-19 11:52:46Z" end-time="2016-02-19 11:52:46Z" duration="0.006491" asserts="0" />
            <test-case id="0-3966" name="RandomUShortsInRangeAreUnique" fullname="NUnit.Framework.Internal.RandomizerTests.RandomUShortsInRangeAreUnique" methodname="RandomUShortsInRangeAreUnique" classname="NUnit.Framework.Internal.RandomizerTests" runstate="Runnable" seed="859023090" result="Passed" start-time="2016-02-19 11:52:46Z" end-time="2016-02-19 11:52:46Z" duration="0.000456" asserts="0" />
            <test-case id="0-3961" name="RandomUShortWithMaximum" fullname="NUnit.Framework.Internal.RandomizerTests.RandomUShortWithMaximum" methodname="RandomUShortWithMaximum" classname="NUnit.Framework.Internal.RandomizerTests" runstate="Runnable" seed="1169466046" result="Passed" start-time="2016-02-19 11:52:46Z" end-time="2016-02-19 11:52:46Z" duration="0.000497" asserts="1" />
          </test-suite>
          <test-suite type="TestFixture" id="0-4936" name="SetUpTearDownTests+SetupCallDerived" fullname="NUnit.Framework.Internal.SetUpTearDownTests+SetupCallDerived" classname="NUnit.Framework.Internal.SetUpTearDownTests+SetupCallDerived" runstate="Runnable" testcasecount="1" result="Passed" start-time="2016-02-19 11:52:46Z" end-time="2016-02-19 11:52:46Z" duration="0.000940" total="1" passed="1" failed="0" inconclusive="0" skipped="0" asserts="1">
            <test-case id="0-4937" name="AssertCount" fullname="NUnit.Framework.Internal.SetUpTearDownTests+SetupCallDerived.AssertCount" methodname="AssertCount" classname="NUnit.Framework.Internal.SetUpTearDownTests+SetupCallDerived" runstate="Runnable" seed="710033984" result="Passed" start-time="2016-02-19 11:52:46Z" end-time="2016-02-19 11:52:46Z" duration="0.000556" asserts="1" />
          </test-suite>
          <test-suite type="TestFixture" id="0-4273" name="SuccessResultTests" fullname="NUnit.Framework.Internal.SuccessResultTests" classname="NUnit.Framework.Internal.SuccessResultTests" runstate="Runnable" testcasecount="9" result="Passed" start-time="2016-02-19 11:52:46Z" end-time="2016-02-19 11:52:46Z" duration="0.025332" total="9" passed="9" failed="0" inconclusive="0" skipped="0" asserts="57">
            <test-case id="0-4280" name="SuiteResultBasicInfo" fullname="NUnit.Framework.Internal.SuccessResultTests.SuiteResultBasicInfo" methodname="SuiteResultBasicInfo" classname="NUnit.Framework.Internal.SuccessResultTests" runstate="Runnable" seed="2027606677" result="Passed" start-time="2016-02-19 11:52:46Z" end-time="2016-02-19 11:52:46Z" duration="0.001142" asserts="2" />
            <test-case id="0-4275" name="SuiteResultIsSuccess" fullname="NUnit.Framework.Internal.SuccessResultTests.SuiteResultIsSuccess" methodname="SuiteResultIsSuccess" classname="NUnit.Framework.Internal.SuccessResultTests" runstate="Runnable" seed="1482791901" result="Passed" start-time="2016-02-19 11:52:46Z" end-time="2016-02-19 11:52:46Z" duration="0.002189" asserts="8" />
            <test-case id="0-4282" name="SuiteResultXmlNodeBasicInfo" fullname="NUnit.Framework.Internal.SuccessResultTests.SuiteResultXmlNodeBasicInfo" methodname="SuiteResultXmlNodeBasicInfo" classname="NUnit.Framework.Internal.SuccessResultTests" runstate="Runnable" seed="1253202106" result="Passed" start-time="2016-02-19 11:52:46Z" end-time="2016-02-19 11:52:46Z" duration="0.003743" asserts="7" />
            <test-case id="0-4278" name="SuiteResultXmlNodeHasOneChildTest" fullname="NUnit.Framework.Internal.SuccessResultTests.SuiteResultXmlNodeHasOneChildTest" methodname="SuiteResultXmlNodeHasOneChildTest" classname="NUnit.Framework.Internal.SuccessResultTests" runstate="Runnable" seed="1347934118" result="Passed" start-time="2016-02-19 11:52:46Z" end-time="2016-02-19 11:52:46Z" duration="0.002137" asserts="1" />
            <test-case id="0-4277" name="SuiteResultXmlNodeIsSuccess" fullname="NUnit.Framework.Internal.SuccessResultTests.SuiteResultXmlNodeIsSuccess" methodname="SuiteResultXmlNodeIsSuccess" classname="NUnit.Framework.Internal.SuccessResultTests" runstate="Runnable" seed="1046665253" result="Passed" start-time="2016-02-19 11:52:46Z" end-time="2016-02-19 11:52:46Z" duration="0.003251" asserts="11" />
            <test-case id="0-4279" name="TestResultBasicInfo" fullname="NUnit.Framework.Internal.SuccessResultTests.TestResultBasicInfo" methodname="TestResultBasicInfo" classname="NUnit.Framework.Internal.SuccessResultTests" runstate="Runnable" seed="655187503" result="Passed" start-time="2016-02-19 11:52:46Z" end-time="2016-02-19 11:52:46Z" duration="0.000066" asserts="2" />
            <test-case id="0-4274" name="TestResultIsSuccess" fullname="NUnit.Framework.Internal.SuccessResultTests.TestResultIsSuccess" methodname="TestResultIsSuccess" classname="NUnit.Framework.Internal.SuccessResultTests" runstate="Runnable" seed="1766174549" result="Passed" start-time="2016-02-19 11:52:46Z" end-time="2016-02-19 11:52:46Z" duration="0.002074" asserts="7" />
            <test-case id="0-4281" name="TestResultXmlNodeBasicInfo" fullname="NUnit.Framework.Internal.SuccessResultTests.TestResultXmlNodeBasicInfo" methodname="TestResultXmlNodeBasicInfo" classname="NUnit.Framework.Internal.SuccessResultTests" runstate="Runnable" seed="578539422" result="Passed" start-time="2016-02-19 11:52:46Z" end-time="2016-02-19 11:52:46Z" duration="0.001242" asserts="8" />
            <test-case id="0-4276" name="TestResultXmlNodeIsSuccess" fullname="NUnit.Framework.Internal.SuccessResultTests.TestResultXmlNodeIsSuccess" methodname="TestResultXmlNodeIsSuccess" classname="NUnit.Framework.Internal.SuccessResultTests" runstate="Runnable" seed="1872074475" result="Passed" start-time="2016-02-19 11:52:46Z" end-time="2016-02-19 11:52:46Z" duration="0.006511" asserts="11" />
          </test-suite>
          <test-suite type="TestFixture" id="0-4143" name="SetUpTearDownTests" fullname="NUnit.Framework.Internal.SetUpTearDownTests" classname="NUnit.Framework.Internal.SetUpTearDownTests" runstate="Runnable" testcasecount="10" result="Passed" start-time="2016-02-19 11:52:46Z" end-time="2016-02-19 11:52:46Z" duration="0.070540" total="10" passed="10" failed="0" inconclusive="0" skipped="0" asserts="0">
            <test-case id="0-4149" name="BaseSetUpIsCalledFirstTearDownLast" fullname="NUnit.Framework.Internal.SetUpTearDownTests.BaseSetUpIsCalledFirstTearDownLast" methodname="BaseSetUpIsCalledFirstTearDownLast" classname="NUnit.Framework.Internal.SetUpTearDownTests" runstate="Runnable" seed="1141446535" result="Passed" start-time="2016-02-19 11:52:46Z" end-time="2016-02-19 11:52:46Z" duration="0.016285" asserts="0" />
            <test-case id="0-4146" name="CheckInheritedSetUpAndTearDownAreCalled" fullname="NUnit.Framework.Internal.SetUpTearDownTests.CheckInheritedSetUpAndTearDownAreCalled" methodname="CheckInheritedSetUpAndTearDownAreCalled" classname="NUnit.Framework.Internal.SetUpTearDownTests" runstate="Runnable" seed="757471417" result="Passed" start-time="2016-02-19 11:52:46Z" end-time="2016-02-19 11:52:46Z" duration="0.015172" asserts="0" />
            <test-case id="0-4147" name="CheckOverriddenSetUpAndTearDownAreNotCalled" fullname="NUnit.Framework.Internal.SetUpTearDownTests.CheckOverriddenSetUpAndTearDownAreNotCalled" methodname="CheckOverriddenSetUpAndTearDownAreNotCalled" classname="NUnit.Framework.Internal.SetUpTearDownTests" runstate="Runnable" seed="96917527" result="Passed" start-time="2016-02-19 11:52:46Z" end-time="2016-02-19 11:52:46Z" duration="0.002612" asserts="0" />
            <test-case id="0-4150" name="FailureInBaseSetUpCausesDerivedSetUpAndTearDownToBeSkipped" fullname="NUnit.Framework.Internal.SetUpTearDownTests.FailureInBaseSetUpCausesDerivedSetUpAndTearDownToBeSkipped" methodname="FailureInBaseSetUpCausesDerivedSetUpAndTearDownToBeSkipped" classname="NUnit.Framework.Internal.SetUpTearDownTests" runstate="Runnable" seed="306969823" result="Passed" start-time="2016-02-19 11:52:46Z" end-time="2016-02-19 11:52:46Z" duration="0.002780" asserts="0" />
            <test-case id="0-4153" name="HandleExceptionInBothSetUpAndTearDown" fullname="NUnit.Framework.Internal.SetUpTearDownTests.HandleExceptionInBothSetUpAndTearDown" methodname="HandleExceptionInBothSetUpAndTearDown" classname="NUnit.Framework.Internal.SetUpTearDownTests" runstate="Runnable" seed="1602398666" result="Passed" start-time="2016-02-19 11:52:46Z" end-time="2016-02-19 11:52:46Z" duration="0.010271" asserts="0" />
            <test-case id="0-4151" name="HandleExceptionInSetUp" fullname="NUnit.Framework.Internal.SetUpTearDownTests.HandleExceptionInSetUp" methodname="HandleExceptionInSetUp" classname="NUnit.Framework.Internal.SetUpTearDownTests" runstate="Runnable" seed="634612302" result="Passed" start-time="2016-02-19 11:52:46Z" end-time="2016-02-19 11:52:46Z" duration="0.006049" asserts="0" />
            <test-case id="0-4152" name="HandleExceptionInTearDown" fullname="NUnit.Framework.Internal.SetUpTearDownTests.HandleExceptionInTearDown" methodname="HandleExceptionInTearDown" classname="NUnit.Framework.Internal.SetUpTearDownTests" runstate="Runnable" seed="1581790847" result="Passed" start-time="2016-02-19 11:52:46Z" end-time="2016-02-19 11:52:46Z" duration="0.003863" asserts="0" />
            <test-case id="0-4145" name="MakeSureSetUpAndTearDownAreCalled" fullname="NUnit.Framework.Internal.SetUpTearDownTests.MakeSureSetUpAndTearDownAreCalled" methodname="MakeSureSetUpAndTearDownAreCalled" classname="NUnit.Framework.Internal.SetUpTearDownTests" runstate="Runnable" seed="492453859" result="Passed" start-time="2016-02-19 11:52:46Z" end-time="2016-02-19 11:52:46Z" duration="0.003686" asserts="0" />
            <test-case id="0-4148" name="MultipleSetUpAndTearDownMethodsAreCalled" fullname="NUnit.Framework.Internal.SetUpTearDownTests.MultipleSetUpAndTearDownMethodsAreCalled" methodname="MultipleSetUpAndTearDownMethodsAreCalled" classname="NUnit.Framework.Internal.SetUpTearDownTests" runstate="Runnable" seed="572623002" result="Passed" start-time="2016-02-19 11:52:46Z" end-time="2016-02-19 11:52:46Z" duration="0.002770" asserts="0" />
            <test-case id="0-4144" name="SetUpAndTearDownCounter" fullname="NUnit.Framework.Internal.SetUpTearDownTests.SetUpAndTearDownCounter" methodname="SetUpAndTearDownCounter" classname="NUnit.Framework.Internal.SetUpTearDownTests" runstate="Runnable" seed="65141860" result="Passed" start-time="2016-02-19 11:52:46Z" end-time="2016-02-19 11:52:46Z" duration="0.003063" asserts="0" />
          </test-suite>
          <test-suite type="TestFixture" id="0-4154" name="TestExecutionContextTests" fullname="NUnit.Framework.Internal.TestExecutionContextTests" classname="NUnit.Framework.Internal.TestExecutionContextTests" runstate="Runnable" testcasecount="28" result="Passed" start-time="2016-02-19 11:52:46Z" end-time="2016-02-19 11:52:46Z" duration="0.078661" total="28" passed="28" failed="0" inconclusive="0" skipped="0" asserts="63">
            <properties>
              <property name="Question" value="Why?" />
            </properties>
            <test-case id="0-4182" name="CanCreateObjectInAppDomain" fullname="NUnit.Framework.Internal.TestExecutionContextTests.CanCreateObjectInAppDomain" methodname="CanCreateObjectInAppDomain" classname="NUnit.Framework.Internal.TestExecutionContextTests" runstate="Runnable" seed="1964360289" result="Passed" start-time="2016-02-19 11:52:46Z" end-time="2016-02-19 11:52:46Z" duration="0.040468" asserts="2" />
            <test-case id="0-4181" name="ExecutionStatusIsPromulgatedAcrossBranches" fullname="NUnit.Framework.Internal.TestExecutionContextTests.ExecutionStatusIsPromulgatedAcrossBranches" methodname="ExecutionStatusIsPromulgatedAcrossBranches" classname="NUnit.Framework.Internal.TestExecutionContextTests" runstate="Runnable" seed="1374554984" result="Passed" start-time="2016-02-19 11:52:46Z" end-time="2016-02-19 11:52:46Z" duration="0.002823" asserts="2" />
            <test-case id="0-4180" name="ExecutionStatusIsPulledFromHigherContext" fullname="NUnit.Framework.Internal.TestExecutionContextTests.ExecutionStatusIsPulledFromHigherContext" methodname="ExecutionStatusIsPulledFromHigherContext" classname="NUnit.Framework.Internal.TestExecutionContextTests" runstate="Runnable" seed="637835273" result="Passed" start-time="2016-02-19 11:52:46Z" end-time="2016-02-19 11:52:46Z" duration="0.000524" asserts="2" />
            <test-case id="0-4179" name="ExecutionStatusIsPushedToHigherContext" fullname="NUnit.Framework.Internal.TestExecutionContextTests.ExecutionStatusIsPushedToHigherContext" methodname="ExecutionStatusIsPushedToHigherContext" classname="NUnit.Framework.Internal.TestExecutionContextTests" runstate="Runnable" seed="954374483" result="Passed" start-time="2016-02-19 11:52:46Z" end-time="2016-02-19 11:52:46Z" duration="0.000579" asserts="2" />
            <test-case id="0-4156" name="FixtureSetUpCanAccessFixtureFullName" fullname="NUnit.Framework.Internal.TestExecutionContextTests.FixtureSetUpCanAccessFixtureFullName" methodname="FixtureSetUpCanAccessFixtureFullName" classname="NUnit.Framework.Internal.TestExecutionContextTests" runstate="Runnable" seed="1828982733" result="Passed" start-time="2016-02-19 11:52:46Z" end-time="2016-02-19 11:52:46Z" duration="0.000456" asserts="2" />
            <test-case id="0-4157" name="FixtureSetUpCanAccessFixtureId" fullname="NUnit.Framework.Internal.TestExecutionContextTests.FixtureSetUpCanAccessFixtureId" methodname="FixtureSetUpCanAccessFixtureId" classname="NUnit.Framework.Internal.TestExecutionContextTests" runstate="Runnable" seed="892700110" result="Passed" start-time="2016-02-19 11:52:46Z" end-time="2016-02-19 11:52:46Z" duration="0.001029" asserts="2" />
            <test-case id="0-4155" name="FixtureSetUpCanAccessFixtureName" fullname="NUnit.Framework.Internal.TestExecutionContextTests.FixtureSetUpCanAccessFixtureName" methodname="FixtureSetUpCanAccessFixtureName" classname="NUnit.Framework.Internal.TestExecutionContextTests" runstate="Runnable" seed="1054070639" result="Passed" start-time="2016-02-19 11:52:46Z" end-time="2016-02-19 11:52:46Z" duration="0.005421" asserts="2" />
            <test-case id="0-4158" name="FixtureSetUpCanAccessFixtureProperties" fullname="NUnit.Framework.Internal.TestExecutionContextTests.FixtureSetUpCanAccessFixtureProperties" methodname="FixtureSetUpCanAccessFixtureProperties" classname="NUnit.Framework.Internal.TestExecutionContextTests" runstate="Runnable" seed="183945050" result="Passed" start-time="2016-02-19 11:52:46Z" end-time="2016-02-19 11:52:46Z" duration="0.000635" asserts="2" />
            <test-case id="0-4175" name="FixtureSetUpContextReflectsCurrentPrincipal" fullname="NUnit.Framework.Internal.TestExecutionContextTests.FixtureSetUpContextReflectsCurrentPrincipal" methodname="FixtureSetUpContextReflectsCurrentPrincipal" classname="NUnit.Framework.Internal.TestExecutionContextTests" runstate="Runnable" seed="2022459117" result="Passed" start-time="2016-02-19 11:52:46Z" end-time="2016-02-19 11:52:46Z" duration="0.000495" asserts="2" />
            <test-case id="0-4168" name="FixtureSetUpContextReflectsCurrentUICulture" fullname="NUnit.Framework.Internal.TestExecutionContextTests.FixtureSetUpContextReflectsCurrentUICulture" methodname="FixtureSetUpContextReflectsCurrentUICulture" classname="NUnit.Framework.Internal.TestExecutionContextTests" runstate="Runnable" seed="441784563" result="Passed" start-time="2016-02-19 11:52:46Z" end-time="2016-02-19 11:52:46Z" duration="0.000494" asserts="2" />
            <test-case id="0-4167" name="FixtureSetUpontextReflectsCurrentCulture" fullname="NUnit.Framework.Internal.TestExecutionContextTests.FixtureSetUpontextReflectsCurrentCulture" methodname="FixtureSetUpontextReflectsCurrentCulture" classname="NUnit.Framework.Internal.TestExecutionContextTests" runstate="Runnable" seed="713665327" result="Passed" start-time="2016-02-19 11:52:46Z" end-time="2016-02-19 11:52:46Z" duration="0.000464" asserts="2" />
            <test-case id="0-4173" name="SetAndRestoreCurrentCulture" fullname="NUnit.Framework.Internal.TestExecutionContextTests.SetAndRestoreCurrentCulture" methodname="SetAndRestoreCurrentCulture" classname="NUnit.Framework.Internal.TestExecutionContextTests" runstate="Runnable" seed="74549466" result="Passed" start-time="2016-02-19 11:52:46Z" end-time="2016-02-19 11:52:46Z" duration="0.001816" asserts="3" />
            <test-case id="0-4178" name="SetAndRestoreCurrentPrincipal" fullname="NUnit.Framework.Internal.TestExecutionContextTests.SetAndRestoreCurrentPrincipal" methodname="SetAndRestoreCurrentPrincipal" classname="NUnit.Framework.Internal.TestExecutionContextTests" runstate="Runnable" seed="188063812" result="Passed" start-time="2016-02-19 11:52:46Z" end-time="2016-02-19 11:52:46Z" duration="0.001859" asserts="3" />
            <test-case id="0-4174" name="SetAndRestoreCurrentUICulture" fullname="NUnit.Framework.Internal.TestExecutionContextTests.SetAndRestoreCurrentUICulture" methodname="SetAndRestoreCurrentUICulture" classname="NUnit.Framework.Internal.TestExecutionContextTests" runstate="Runnable" seed="28753889" result="Passed" start-time="2016-02-19 11:52:46Z" end-time="2016-02-19 11:52:46Z" duration="0.001859" asserts="3" />
            <test-case id="0-4160" name="SetUpCanAccessTestFullName" fullname="NUnit.Framework.Internal.TestExecutionContextTests.SetUpCanAccessTestFullName" methodname="SetUpCanAccessTestFullName" classname="NUnit.Framework.Internal.TestExecutionContextTests" runstate="Runnable" seed="1707627423" result="Passed" start-time="2016-02-19 11:52:46Z" end-time="2016-02-19 11:52:46Z" duration="0.000523" asserts="2" />
            <test-case id="0-4161" name="SetUpCanAccessTestId" fullname="NUnit.Framework.Internal.TestExecutionContextTests.SetUpCanAccessTestId" methodname="SetUpCanAccessTestId" classname="NUnit.Framework.Internal.TestExecutionContextTests" runstate="Runnable" seed="1440402833" result="Passed" start-time="2016-02-19 11:52:46Z" end-time="2016-02-19 11:52:46Z" duration="0.000997" asserts="2" />
            <test-case id="0-4159" name="SetUpCanAccessTestName" fullname="NUnit.Framework.Internal.TestExecutionContextTests.SetUpCanAccessTestName" methodname="SetUpCanAccessTestName" classname="NUnit.Framework.Internal.TestExecutionContextTests" runstate="Runnable" seed="680514006" result="Passed" start-time="2016-02-19 11:52:46Z" end-time="2016-02-19 11:52:46Z" duration="0.000459" asserts="2" />
            <test-case id="0-4162" name="SetUpCanAccessTestProperties" fullname="NUnit.Framework.Internal.TestExecutionContextTests.SetUpCanAccessTestProperties" methodname="SetUpCanAccessTestProperties" classname="NUnit.Framework.Internal.TestExecutionContextTests" runstate="Runnable" seed="630552973" result="Passed" start-time="2016-02-19 11:52:46Z" end-time="2016-02-19 11:52:46Z" duration="0.000578" asserts="2">
              <properties>
                <property name="Answer" value="42" />
              </properties>
            </test-case>
            <test-case id="0-4169" name="SetUpContextReflectsCurrentCulture" fullname="NUnit.Framework.Internal.TestExecutionContextTests.SetUpContextReflectsCurrentCulture" methodname="SetUpContextReflectsCurrentCulture" classname="NUnit.Framework.Internal.TestExecutionContextTests" runstate="Runnable" seed="1440994675" result="Passed" start-time="2016-02-19 11:52:46Z" end-time="2016-02-19 11:52:46Z" duration="0.000481" asserts="2" />
            <test-case id="0-4176" name="SetUpContextReflectsCurrentPrincipal" fullname="NUnit.Framework.Internal.TestExecutionContextTests.SetUpContextReflectsCurrentPrincipal" methodname="SetUpContextReflectsCurrentPrincipal" classname="NUnit.Framework.Internal.TestExecutionContextTests" runstate="Runnable" seed="1057845086" result="Passed" start-time="2016-02-19 11:52:46Z" end-time="2016-02-19 11:52:46Z" duration="0.000465" asserts="2" />
            <test-case id="0-4170" name="SetUpContextReflectsCurrentUICulture" fullname="NUnit.Framework.Internal.TestExecutionContextTests.SetUpContextReflectsCurrentUICulture" methodname="SetUpContextReflectsCurrentUICulture" classname="NUnit.Framework.Internal.TestExecutionContextTests" runstate="Runnable" seed="2100877499" result="Passed" start-time="2016-02-19 11:52:46Z" end-time="2016-02-19 11:52:46Z" duration="0.000498" asserts="2" />
            <test-case id="0-4164" name="TestCanAccessItsOwnFullName" fullname="NUnit.Framework.Internal.TestExecutionContextTests.TestCanAccessItsOwnFullName" methodname="TestCanAccessItsOwnFullName" classname="NUnit.Framework.Internal.TestExecutionContextTests" runstate="Runnable" seed="1173484983" result="Passed" start-time="2016-02-19 11:52:46Z" end-time="2016-02-19 11:52:46Z" duration="0.000476" asserts="2" />
            <test-case id="0-4165" name="TestCanAccessItsOwnId" fullname="NUnit.Framework.Internal.TestExecutionContextTests.TestCanAccessItsOwnId" methodname="TestCanAccessItsOwnId" classname="NUnit.Framework.Internal.TestExecutionContextTests" runstate="Runnable" seed="1470854168" result="Passed" start-time="2016-02-19 11:52:46Z" end-time="2016-02-19 11:52:46Z" duration="0.002444" asserts="2" />
            <test-case id="0-4163" name="TestCanAccessItsOwnName" fullname="NUnit.Framework.Internal.TestExecutionContextTests.TestCanAccessItsOwnName" methodname="TestCanAccessItsOwnName" classname="NUnit.Framework.Internal.TestExecutionContextTests" runstate="Runnable" seed="1654173631" result="Passed" start-time="2016-02-19 11:52:46Z" end-time="2016-02-19 11:52:46Z" duration="0.000546" asserts="2" />
            <test-case id="0-4166" name="TestCanAccessItsOwnProperties" fullname="NUnit.Framework.Internal.TestExecutionContextTests.TestCanAccessItsOwnProperties" methodname="TestCanAccessItsOwnProperties" classname="NUnit.Framework.Internal.TestExecutionContextTests" runstate="Runnable" seed="1439097589" result="Passed" start-time="2016-02-19 11:52:46Z" end-time="2016-02-19 11:52:46Z" duration="0.000585" asserts="2">
              <properties>
                <property name="Answer" value="42" />
              </properties>
            </test-case>
            <test-case id="0-4171" name="TestContextReflectsCurrentCulture" fullname="NUnit.Framework.Internal.TestExecutionContextTests.TestContextReflectsCurrentCulture" methodname="TestContextReflectsCurrentCulture" classname="NUnit.Framework.Internal.TestExecutionContextTests" runstate="Runnable" seed="1478800130" result="Passed" start-time="2016-02-19 11:52:46Z" end-time="2016-02-19 11:52:46Z" duration="0.000503" asserts="2" />
            <test-case id="0-4177" name="TestContextReflectsCurrentPrincipal" fullname="NUnit.Framework.Internal.TestExecutionContextTests.TestContextReflectsCurrentPrincipal" methodname="TestContextReflectsCurrentPrincipal" classname="NUnit.Framework.Internal.TestExecutionContextTests" runstate="Runnable" seed="1828784539" result="Passed" start-time="2016-02-19 11:52:46Z" end-time="2016-02-19 11:52:46Z" duration="0.000457" asserts="2" />
            <test-case id="0-4172" name="TestContextReflectsCurrentUICulture" fullname="NUnit.Framework.Internal.TestExecutionContextTests.TestContextReflectsCurrentUICulture" methodname="TestContextReflectsCurrentUICulture" classname="NUnit.Framework.Internal.TestExecutionContextTests" runstate="Runnable" seed="409674998" result="Passed" start-time="2016-02-19 11:52:46Z" end-time="2016-02-19 11:52:46Z" duration="0.000461" asserts="2" />
          </test-suite>
          <test-suite type="TestFixture" id="0-4186" name="TestFixtureTests" fullname="NUnit.Framework.Internal.TestFixtureTests" classname="NUnit.Framework.Internal.TestFixtureTests" runstate="Runnable" testcasecount="46" result="Passed" start-time="2016-02-19 11:52:46Z" end-time="2016-02-19 11:52:46Z" duration="0.070223" total="46" passed="46" failed="0" inconclusive="0" skipped="0" asserts="91">
            <test-case id="0-4195" name="BadConstructorRunsWithSetUpError" fullname="NUnit.Framework.Internal.TestFixtureTests.BadConstructorRunsWithSetUpError" methodname="BadConstructorRunsWithSetUpError" classname="NUnit.Framework.Internal.TestFixtureTests" runstate="Runnable" seed="1638585766" result="Passed" start-time="2016-02-19 11:52:46Z" end-time="2016-02-19 11:52:46Z" duration="0.001802" asserts="0" />
            <test-case id="0-4193" name="CannotRunConstructorWithArgsNotSupplied" fullname="NUnit.Framework.Internal.TestFixtureTests.CannotRunConstructorWithArgsNotSupplied" methodname="CannotRunConstructorWithArgsNotSupplied" classname="NUnit.Framework.Internal.TestFixtureTests" runstate="Runnable" seed="220176739" result="Passed" start-time="2016-02-19 11:52:46Z" end-time="2016-02-19 11:52:46Z" duration="0.001073" asserts="2" />
            <test-case id="0-4227" name="CannotRunFixtureSetupWithParameters" fullname="NUnit.Framework.Internal.TestFixtureTests.CannotRunFixtureSetupWithParameters" methodname="CannotRunFixtureSetupWithParameters" classname="NUnit.Framework.Internal.TestFixtureTests" runstate="Runnable" seed="1261565085" result="Passed" start-time="2016-02-19 11:52:46Z" end-time="2016-02-19 11:52:46Z" duration="0.000503" asserts="2" />
            <test-case id="0-4226" name="CannotRunFixtureSetupWithReturnValue" fullname="NUnit.Framework.Internal.TestFixtureTests.CannotRunFixtureSetupWithReturnValue" methodname="CannotRunFixtureSetupWithReturnValue" classname="NUnit.Framework.Internal.TestFixtureTests" runstate="Runnable" seed="976985307" result="Passed" start-time="2016-02-19 11:52:46Z" end-time="2016-02-19 11:52:46Z" duration="0.000483" asserts="2" />
            <test-case id="0-4232" name="CannotRunFixtureTearDownWithParameters" fullname="NUnit.Framework.Internal.TestFixtureTests.CannotRunFixtureTearDownWithParameters" methodname="CannotRunFixtureTearDownWithParameters" classname="NUnit.Framework.Internal.TestFixtureTests" runstate="Runnable" seed="1480494622" result="Passed" start-time="2016-02-19 11:52:46Z" end-time="2016-02-19 11:52:46Z" duration="0.000469" asserts="2" />
            <test-case id="0-4231" name="CannotRunFixtureTearDownWithReturnValue" fullname="NUnit.Framework.Internal.TestFixtureTests.CannotRunFixtureTearDownWithReturnValue" methodname="CannotRunFixtureTearDownWithReturnValue" classname="NUnit.Framework.Internal.TestFixtureTests" runstate="Runnable" seed="402762169" result="Passed" start-time="2016-02-19 11:52:46Z" end-time="2016-02-19 11:52:46Z" duration="0.000467" asserts="2" />
            <test-case id="0-4211" name="CannotRunGenericFixtureDerivedFromAbstractFixtureWithNoArgsProvided" fullname="NUnit.Framework.Internal.TestFixtureTests.CannotRunGenericFixtureDerivedFromAbstractFixtureWithNoArgsProvided" methodname="CannotRunGenericFixtureDerivedFromAbstractFixtureWithNoArgsProvided" classname="NUnit.Framework.Internal.TestFixtureTests" runstate="Runnable" seed="103884686" result="Passed" start-time="2016-02-19 11:52:46Z" end-time="2016-02-19 11:52:46Z" duration="0.000603" asserts="1" />
            <test-case id="0-4210" name="CannotRunGenericFixtureWithNoArgsProvided" fullname="NUnit.Framework.Internal.TestFixtureTests.CannotRunGenericFixtureWithNoArgsProvided" methodname="CannotRunGenericFixtureWithNoArgsProvided" classname="NUnit.Framework.Internal.TestFixtureTests" runstate="Runnable" seed="1215013889" result="Passed" start-time="2016-02-19 11:52:46Z" end-time="2016-02-19 11:52:46Z" duration="0.001197" asserts="2" />
            <test-case id="0-4223" name="CannotRunPrivateFixtureSetUp" fullname="NUnit.Framework.Internal.TestFixtureTests.CannotRunPrivateFixtureSetUp" methodname="CannotRunPrivateFixtureSetUp" classname="NUnit.Framework.Internal.TestFixtureTests" runstate="Runnable" seed="1489225220" result="Passed" start-time="2016-02-19 11:52:46Z" end-time="2016-02-19 11:52:46Z" duration="0.000435" asserts="2" />
            <test-case id="0-4228" name="CannotRunPrivateFixtureTearDown" fullname="NUnit.Framework.Internal.TestFixtureTests.CannotRunPrivateFixtureTearDown" methodname="CannotRunPrivateFixtureTearDown" classname="NUnit.Framework.Internal.TestFixtureTests" runstate="Runnable" seed="2017223418" result="Passed" start-time="2016-02-19 11:52:46Z" end-time="2016-02-19 11:52:46Z" duration="0.000495" asserts="2" />
            <test-case id="0-4213" name="CannotRunPrivateSetUp" fullname="NUnit.Framework.Internal.TestFixtureTests.CannotRunPrivateSetUp" methodname="CannotRunPrivateSetUp" classname="NUnit.Framework.Internal.TestFixtureTests" runstate="Runnable" seed="853856706" result="Passed" start-time="2016-02-19 11:52:46Z" end-time="2016-02-19 11:52:46Z" duration="0.000420" asserts="2" />
            <test-case id="0-4218" name="CannotRunPrivateTearDown" fullname="NUnit.Framework.Internal.TestFixtureTests.CannotRunPrivateTearDown" methodname="CannotRunPrivateTearDown" classname="NUnit.Framework.Internal.TestFixtureTests" runstate="Runnable" seed="2007078467" result="Passed" start-time="2016-02-19 11:52:46Z" end-time="2016-02-19 11:52:46Z" duration="0.000367" asserts="2" />
            <test-case id="0-4217" name="CannotRunSetupWithParameters" fullname="NUnit.Framework.Internal.TestFixtureTests.CannotRunSetupWithParameters" methodname="CannotRunSetupWithParameters" classname="NUnit.Framework.Internal.TestFixtureTests" runstate="Runnable" seed="17722647" result="Passed" start-time="2016-02-19 11:52:46Z" end-time="2016-02-19 11:52:46Z" duration="0.000469" asserts="2" />
            <test-case id="0-4216" name="CannotRunSetupWithReturnValue" fullname="NUnit.Framework.Internal.TestFixtureTests.CannotRunSetupWithReturnValue" methodname="CannotRunSetupWithReturnValue" classname="NUnit.Framework.Internal.TestFixtureTests" runstate="Runnable" seed="194186984" result="Passed" start-time="2016-02-19 11:52:46Z" end-time="2016-02-19 11:52:46Z" duration="0.000494" asserts="2" />
            <test-case id="0-4222" name="CannotRunTearDownWithParameters" fullname="NUnit.Framework.Internal.TestFixtureTests.CannotRunTearDownWithParameters" methodname="CannotRunTearDownWithParameters" classname="NUnit.Framework.Internal.TestFixtureTests" runstate="Runnable" seed="399890776" result="Passed" start-time="2016-02-19 11:52:46Z" end-time="2016-02-19 11:52:46Z" duration="0.000453" asserts="2" />
            <test-case id="0-4221" name="CannotRunTearDownWithReturnValue" fullname="NUnit.Framework.Internal.TestFixtureTests.CannotRunTearDownWithReturnValue" methodname="CannotRunTearDownWithReturnValue" classname="NUnit.Framework.Internal.TestFixtureTests" runstate="Runnable" seed="1919399140" result="Passed" start-time="2016-02-19 11:52:46Z" end-time="2016-02-19 11:52:46Z" duration="0.000362" asserts="2" />
            <test-case id="0-4194" name="CanRunConstructorWithArgsSupplied" fullname="NUnit.Framework.Internal.TestFixtureTests.CanRunConstructorWithArgsSupplied" methodname="CanRunConstructorWithArgsSupplied" classname="NUnit.Framework.Internal.TestFixtureTests" runstate="Runnable" seed="414648297" result="Passed" start-time="2016-02-19 11:52:46Z" end-time="2016-02-19 11:52:46Z" duration="0.006763" asserts="2" />
            <test-case id="0-4202" name="CanRunFixtureDerivedFromAbstractDerivedTestFixture" fullname="NUnit.Framework.Internal.TestFixtureTests.CanRunFixtureDerivedFromAbstractDerivedTestFixture" methodname="CanRunFixtureDerivedFromAbstractDerivedTestFixture" classname="NUnit.Framework.Internal.TestFixtureTests" runstate="Runnable" seed="29228819" result="Passed" start-time="2016-02-19 11:52:46Z" end-time="2016-02-19 11:52:46Z" duration="0.001914" asserts="2" />
            <test-case id="0-4201" name="CanRunFixtureDerivedFromAbstractTestFixture" fullname="NUnit.Framework.Internal.TestFixtureTests.CanRunFixtureDerivedFromAbstractTestFixture" methodname="CanRunFixtureDerivedFromAbstractTestFixture" classname="NUnit.Framework.Internal.TestFixtureTests" runstate="Runnable" seed="1321011243" result="Passed" start-time="2016-02-19 11:52:46Z" end-time="2016-02-19 11:52:46Z" duration="0.001421" asserts="2" />
            <test-case id="0-4212" name="CanRunGenericFixtureDerivedFromAbstractFixtureWithArgsProvided" fullname="NUnit.Framework.Internal.TestFixtureTests.CanRunGenericFixtureDerivedFromAbstractFixtureWithArgsProvided" methodname="CanRunGenericFixtureDerivedFromAbstractFixtureWithArgsProvided" classname="NUnit.Framework.Internal.TestFixtureTests" runstate="Runnable" seed="71686189" result="Passed" start-time="2016-02-19 11:52:46Z" end-time="2016-02-19 11:52:46Z" duration="0.001778" asserts="3" />
            <test-case id="0-4209" name="CanRunGenericFixtureWithProperArgsProvided" fullname="NUnit.Framework.Internal.TestFixtureTests.CanRunGenericFixtureWithProperArgsProvided" methodname="CanRunGenericFixtureWithProperArgsProvided" classname="NUnit.Framework.Internal.TestFixtureTests" runstate="Runnable" seed="1674511003" result="Passed" start-time="2016-02-19 11:52:46Z" end-time="2016-02-19 11:52:46Z" duration="0.001679" asserts="3" />
            <test-case id="0-4196" name="CanRunMultipleSetUp" fullname="NUnit.Framework.Internal.TestFixtureTests.CanRunMultipleSetUp" methodname="CanRunMultipleSetUp" classname="NUnit.Framework.Internal.TestFixtureTests" runstate="Runnable" seed="887139993" result="Passed" start-time="2016-02-19 11:52:46Z" end-time="2016-02-19 11:52:46Z" duration="0.001670" asserts="2" />
            <test-case id="0-4197" name="CanRunMultipleTearDown" fullname="NUnit.Framework.Internal.TestFixtureTests.CanRunMultipleTearDown" methodname="CanRunMultipleTearDown" classname="NUnit.Framework.Internal.TestFixtureTests" runstate="Runnable" seed="503360109" result="Passed" start-time="2016-02-19 11:52:46Z" end-time="2016-02-19 11:52:46Z" duration="0.001523" asserts="2" />
            <test-case id="0-4204" name="CanRunMultipleTestFixtureSetUp" fullname="NUnit.Framework.Internal.TestFixtureTests.CanRunMultipleTestFixtureSetUp" methodname="CanRunMultipleTestFixtureSetUp" classname="NUnit.Framework.Internal.TestFixtureTests" runstate="Runnable" seed="265013298" result="Passed" start-time="2016-02-19 11:52:46Z" end-time="2016-02-19 11:52:46Z" duration="0.001597" asserts="2" />
            <test-case id="0-4205" name="CanRunMultipleTestFixtureTearDown" fullname="NUnit.Framework.Internal.TestFixtureTests.CanRunMultipleTestFixtureTearDown" methodname="CanRunMultipleTestFixtureTearDown" classname="NUnit.Framework.Internal.TestFixtureTests" runstate="Runnable" seed="631671996" result="Passed" start-time="2016-02-19 11:52:46Z" end-time="2016-02-19 11:52:46Z" duration="0.002988" asserts="2" />
            <test-case id="0-4224" name="CanRunProtectedFixtureSetUp" fullname="NUnit.Framework.Internal.TestFixtureTests.CanRunProtectedFixtureSetUp" methodname="CanRunProtectedFixtureSetUp" classname="NUnit.Framework.Internal.TestFixtureTests" runstate="Runnable" seed="503011810" result="Passed" start-time="2016-02-19 11:52:46Z" end-time="2016-02-19 11:52:46Z" duration="0.001518" asserts="2" />
            <test-case id="0-4229" name="CanRunProtectedFixtureTearDown" fullname="NUnit.Framework.Internal.TestFixtureTests.CanRunProtectedFixtureTearDown" methodname="CanRunProtectedFixtureTearDown" classname="NUnit.Framework.Internal.TestFixtureTests" runstate="Runnable" seed="1290977389" result="Passed" start-time="2016-02-19 11:52:46Z" end-time="2016-02-19 11:52:46Z" duration="0.006336" asserts="2" />
            <test-case id="0-4214" name="CanRunProtectedSetUp" fullname="NUnit.Framework.Internal.TestFixtureTests.CanRunProtectedSetUp" methodname="CanRunProtectedSetUp" classname="NUnit.Framework.Internal.TestFixtureTests" runstate="Runnable" seed="1639744316" result="Passed" start-time="2016-02-19 11:52:46Z" end-time="2016-02-19 11:52:46Z" duration="0.001275" asserts="2" />
            <test-case id="0-4219" name="CanRunProtectedTearDown" fullname="NUnit.Framework.Internal.TestFixtureTests.CanRunProtectedTearDown" methodname="CanRunProtectedTearDown" classname="NUnit.Framework.Internal.TestFixtureTests" runstate="Runnable" seed="288240850" result="Passed" start-time="2016-02-19 11:52:46Z" end-time="2016-02-19 11:52:46Z" duration="0.001428" asserts="2" />
            <test-case id="0-4208" name="CanRunStaticFixture" fullname="NUnit.Framework.Internal.TestFixtureTests.CanRunStaticFixture" methodname="CanRunStaticFixture" classname="NUnit.Framework.Internal.TestFixtureTests" runstate="Runnable" seed="1008184845" result="Passed" start-time="2016-02-19 11:52:46Z" end-time="2016-02-19 11:52:46Z" duration="0.001232" asserts="2" />
            <test-case id="0-4225" name="CanRunStaticFixtureSetUp" fullname="NUnit.Framework.Internal.TestFixtureTests.CanRunStaticFixtureSetUp" methodname="CanRunStaticFixtureSetUp" classname="NUnit.Framework.Internal.TestFixtureTests" runstate="Runnable" seed="725403327" result="Passed" start-time="2016-02-19 11:52:46Z" end-time="2016-02-19 11:52:46Z" duration="0.001448" asserts="2" />
            <test-case id="0-4230" name="CanRunStaticFixtureTearDown" fullname="NUnit.Framework.Internal.TestFixtureTests.CanRunStaticFixtureTearDown" methodname="CanRunStaticFixtureTearDown" classname="NUnit.Framework.Internal.TestFixtureTests" runstate="Runnable" seed="1325513906" result="Passed" start-time="2016-02-19 11:52:46Z" end-time="2016-02-19 11:52:46Z" duration="0.001393" asserts="2" />
            <test-case id="0-4215" name="CanRunStaticSetUp" fullname="NUnit.Framework.Internal.TestFixtureTests.CanRunStaticSetUp" methodname="CanRunStaticSetUp" classname="NUnit.Framework.Internal.TestFixtureTests" runstate="Runnable" seed="607772691" result="Passed" start-time="2016-02-19 11:52:46Z" end-time="2016-02-19 11:52:46Z" duration="0.001566" asserts="2" />
            <test-case id="0-4220" name="CanRunStaticTearDown" fullname="NUnit.Framework.Internal.TestFixtureTests.CanRunStaticTearDown" methodname="CanRunStaticTearDown" classname="NUnit.Framework.Internal.TestFixtureTests" runstate="Runnable" seed="607125956" result="Passed" start-time="2016-02-19 11:52:46Z" end-time="2016-02-19 11:52:46Z" duration="0.001365" asserts="2" />
            <test-case id="0-4206" name="CanRunTestFixtureWithNoTests" fullname="NUnit.Framework.Internal.TestFixtureTests.CanRunTestFixtureWithNoTests" methodname="CanRunTestFixtureWithNoTests" classname="NUnit.Framework.Internal.TestFixtureTests" runstate="Runnable" seed="1150378181" result="Passed" start-time="2016-02-19 11:52:46Z" end-time="2016-02-19 11:52:46Z" duration="0.000701" asserts="2" />
            <test-case id="0-4189" name="ConstructFromDoublyNestedType" fullname="NUnit.Framework.Internal.TestFixtureTests.ConstructFromDoublyNestedType" methodname="ConstructFromDoublyNestedType" classname="NUnit.Framework.Internal.TestFixtureTests" runstate="Runnable" seed="111230789" result="Passed" start-time="2016-02-19 11:52:46Z" end-time="2016-02-19 11:52:46Z" duration="0.001072" asserts="2" />
            <test-case id="0-4188" name="ConstructFromNestedType" fullname="NUnit.Framework.Internal.TestFixtureTests.ConstructFromNestedType" methodname="ConstructFromNestedType" classname="NUnit.Framework.Internal.TestFixtureTests" runstate="Runnable" seed="798998465" result="Passed" start-time="2016-02-19 11:52:46Z" end-time="2016-02-19 11:52:46Z" duration="0.000430" asserts="2" />
            <test-case id="0-4207" name="ConstructFromStaticTypeWithoutTestFixtureAttribute" fullname="NUnit.Framework.Internal.TestFixtureTests.ConstructFromStaticTypeWithoutTestFixtureAttribute" methodname="ConstructFromStaticTypeWithoutTestFixtureAttribute" classname="NUnit.Framework.Internal.TestFixtureTests" runstate="Runnable" seed="669420303" result="Passed" start-time="2016-02-19 11:52:46Z" end-time="2016-02-19 11:52:46Z" duration="0.002402" asserts="2" />
            <test-case id="0-4187" name="ConstructFromType" fullname="NUnit.Framework.Internal.TestFixtureTests.ConstructFromType" methodname="ConstructFromType" classname="NUnit.Framework.Internal.TestFixtureTests" runstate="Runnable" seed="1010390260" result="Passed" start-time="2016-02-19 11:52:46Z" end-time="2016-02-19 11:52:46Z" duration="0.000567" asserts="2" />
            <test-case id="0-4190" name="ConstructFromTypeWithoutTestFixtureAttributeContainingTestCase" fullname="NUnit.Framework.Internal.TestFixtureTests.ConstructFromTypeWithoutTestFixtureAttributeContainingTestCase" methodname="ConstructFromTypeWithoutTestFixtureAttributeContainingTestCase" classname="NUnit.Framework.Internal.TestFixtureTests" runstate="Runnable" seed="505134486" result="Passed" start-time="2016-02-19 11:52:46Z" end-time="2016-02-19 11:52:46Z" duration="0.000490" asserts="2" />
            <test-case id="0-4191" name="ConstructFromTypeWithoutTestFixtureAttributeContainingTestCaseSource" fullname="NUnit.Framework.Internal.TestFixtureTests.ConstructFromTypeWithoutTestFixtureAttributeContainingTestCaseSource" methodname="ConstructFromTypeWithoutTestFixtureAttributeContainingTestCaseSource" classname="NUnit.Framework.Internal.TestFixtureTests" runstate="Runnable" seed="1424634901" result="Passed" start-time="2016-02-19 11:52:46Z" end-time="2016-02-19 11:52:46Z" duration="0.000506" asserts="2" />
            <test-case id="0-4192" name="ConstructFromTypeWithoutTestFixtureAttributeContainingTheory" fullname="NUnit.Framework.Internal.TestFixtureTests.ConstructFromTypeWithoutTestFixtureAttributeContainingTheory" methodname="ConstructFromTypeWithoutTestFixtureAttributeContainingTheory" classname="NUnit.Framework.Internal.TestFixtureTests" runstate="Runnable" seed="624525360" result="Passed" start-time="2016-02-19 11:52:46Z" end-time="2016-02-19 11:52:46Z" duration="0.000673" asserts="2" />
            <test-case id="0-4203" name="FixtureInheritingTwoTestFixtureAttributesIsLoadedOnlyOnce" fullname="NUnit.Framework.Internal.TestFixtureTests.FixtureInheritingTwoTestFixtureAttributesIsLoadedOnlyOnce" methodname="FixtureInheritingTwoTestFixtureAttributesIsLoadedOnlyOnce" classname="NUnit.Framework.Internal.TestFixtureTests" runstate="Runnable" seed="2080558351" result="Passed" start-time="2016-02-19 11:52:46Z" end-time="2016-02-19 11:52:46Z" duration="0.000958" asserts="2" />
            <test-case id="0-4198" name="FixtureUsingIgnoreAttributeIsIgnored" fullname="NUnit.Framework.Internal.TestFixtureTests.FixtureUsingIgnoreAttributeIsIgnored" methodname="FixtureUsingIgnoreAttributeIsIgnored" classname="NUnit.Framework.Internal.TestFixtureTests" runstate="Runnable" seed="1466475129" result="Passed" start-time="2016-02-19 11:52:46Z" end-time="2016-02-19 11:52:46Z" duration="0.001135" asserts="2" />
            <test-case id="0-4199" name="FixtureUsingIgnorePropertyIsIgnored" fullname="NUnit.Framework.Internal.TestFixtureTests.FixtureUsingIgnorePropertyIsIgnored" methodname="FixtureUsingIgnorePropertyIsIgnored" classname="NUnit.Framework.Internal.TestFixtureTests" runstate="Runnable" seed="1754802421" result="Passed" start-time="2016-02-19 11:52:46Z" end-time="2016-02-19 11:52:46Z" duration="0.001005" asserts="2" />
            <test-case id="0-4200" name="FixtureUsingIgnoreReasonPropertyIsIgnored" fullname="NUnit.Framework.Internal.TestFixtureTests.FixtureUsingIgnoreReasonPropertyIsIgnored" methodname="FixtureUsingIgnoreReasonPropertyIsIgnored" classname="NUnit.Framework.Internal.TestFixtureTests" runstate="Runnable" seed="1710833379" result="Passed" start-time="2016-02-19 11:52:46Z" end-time="2016-02-19 11:52:46Z" duration="0.001043" asserts="2" />
          </test-suite>
          <test-suite type="TestFixture" id="0-4938" name="TestFixtureTests+FixtureIsNotNullForTests" fullname="NUnit.Framework.Internal.TestFixtureTests+FixtureIsNotNullForTests" classname="NUnit.Framework.Internal.TestFixtureTests+FixtureIsNotNullForTests" runstate="Runnable" testcasecount="2" result="Passed" start-time="2016-02-19 11:52:46Z" end-time="2016-02-19 11:52:46Z" duration="0.002722" total="2" passed="2" failed="0" inconclusive="0" skipped="0" asserts="9">
            <test-suite type="ParameterizedMethod" id="0-4941" name="TestCaseMethod" fullname="NUnit.Framework.Internal.TestFixtureTests+FixtureIsNotNullForTests.TestCaseMethod" runstate="Runnable" testcasecount="1" result="Passed" start-time="2016-02-19 11:52:46Z" end-time="2016-02-19 11:52:46Z" duration="0.000399" total="1" passed="1" failed="0" inconclusive="0" skipped="0" asserts="3">
              <test-case id="0-4940" name="TestCaseMethod(1)" fullname="NUnit.Framework.Internal.TestFixtureTests+FixtureIsNotNullForTests.TestCaseMethod(1)" methodname="TestCaseMethod" classname="NUnit.Framework.Internal.TestFixtureTests+FixtureIsNotNullForTests" runstate="Runnable" seed="1431772750" result="Passed" start-time="2016-02-19 11:52:46Z" end-time="2016-02-19 11:52:46Z" duration="0.000241" asserts="3" />
            </test-suite>
            <test-case id="0-4939" name="TestMethod" fullname="NUnit.Framework.Internal.TestFixtureTests+FixtureIsNotNullForTests.TestMethod" methodname="TestMethod" classname="NUnit.Framework.Internal.TestFixtureTests+FixtureIsNotNullForTests" runstate="Runnable" seed="1895537287" result="Passed" start-time="2016-02-19 11:52:46Z" end-time="2016-02-19 11:52:46Z" duration="0.000148" asserts="3" />
          </test-suite>
          <test-suite type="TestFixture" id="0-4255" name="TestResultOutputTests" fullname="NUnit.Framework.Internal.TestResultOutputTests" classname="NUnit.Framework.Internal.TestResultOutputTests" runstate="Runnable" testcasecount="7" result="Passed" start-time="2016-02-19 11:52:46Z" end-time="2016-02-19 11:52:46Z" duration="0.016300" total="7" passed="7" failed="0" inconclusive="0" skipped="0" asserts="8">
            <test-case id="0-4257" name="CanWriteOutputToResult" fullname="NUnit.Framework.Internal.TestResultOutputTests.CanWriteOutputToResult" methodname="CanWriteOutputToResult" classname="NUnit.Framework.Internal.TestResultOutputTests" runstate="Runnable" seed="264622857" result="Passed" start-time="2016-02-19 11:52:46Z" end-time="2016-02-19 11:52:46Z" duration="0.001366" asserts="1" />
            <test-case id="0-4258" name="CanWriteOutputToResult_Multiple" fullname="NUnit.Framework.Internal.TestResultOutputTests.CanWriteOutputToResult_Multiple" methodname="CanWriteOutputToResult_Multiple" classname="NUnit.Framework.Internal.TestResultOutputTests" runstate="Runnable" seed="620865723" result="Passed" start-time="2016-02-19 11:52:46Z" end-time="2016-02-19 11:52:46Z" duration="0.001490" asserts="1" />
            <test-case id="0-4261" name="CanWriteOutputToResult_Multiple_XmlOutput" fullname="NUnit.Framework.Internal.TestResultOutputTests.CanWriteOutputToResult_Multiple_XmlOutput" methodname="CanWriteOutputToResult_Multiple_XmlOutput" classname="NUnit.Framework.Internal.TestResultOutputTests" runstate="Runnable" seed="1435627542" result="Passed" start-time="2016-02-19 11:52:46Z" end-time="2016-02-19 11:52:46Z" duration="0.003240" asserts="2" />
            <test-case id="0-4260" name="CanWriteOutputToResult_XmlOutput" fullname="NUnit.Framework.Internal.TestResultOutputTests.CanWriteOutputToResult_XmlOutput" methodname="CanWriteOutputToResult_XmlOutput" classname="NUnit.Framework.Internal.TestResultOutputTests" runstate="Runnable" seed="2109613313" result="Passed" start-time="2016-02-19 11:52:46Z" end-time="2016-02-19 11:52:46Z" duration="0.004954" asserts="2" />
            <test-case id="0-4256" name="IfNothingIsWritten_OutputIsEmpty" fullname="NUnit.Framework.Internal.TestResultOutputTests.IfNothingIsWritten_OutputIsEmpty" methodname="IfNothingIsWritten_OutputIsEmpty" classname="NUnit.Framework.Internal.TestResultOutputTests" runstate="Runnable" seed="1088100609" result="Passed" start-time="2016-02-19 11:52:46Z" end-time="2016-02-19 11:52:46Z" duration="0.000480" asserts="1" />
            <test-case id="0-4259" name="IfNothingIsWritten_XmlOutputIsEmpty" fullname="NUnit.Framework.Internal.TestResultOutputTests.IfNothingIsWritten_XmlOutputIsEmpty" methodname="IfNothingIsWritten_XmlOutputIsEmpty" classname="NUnit.Framework.Internal.TestResultOutputTests" runstate="Runnable" seed="761090443" result="Passed" start-time="2016-02-19 11:52:46Z" end-time="2016-02-19 11:52:46Z" duration="0.001776" asserts="1" />
            <test-case id="0-4262" name="WriteToTestContext" fullname="NUnit.Framework.Internal.TestResultOutputTests.WriteToTestContext" methodname="WriteToTestContext" classname="NUnit.Framework.Internal.TestResultOutputTests" runstate="Runnable" seed="988500923" result="Passed" start-time="2016-02-19 11:52:46Z" end-time="2016-02-19 11:52:46Z" duration="0.000488" asserts="0">
              <output><![CDATA[This is a test!
The characters &, ', ", < and > must be escaped.
]]></output>
            </test-case>
          </test-suite>
          <test-suite type="TestFixture" id="0-4338" name="TestXmlTests" fullname="NUnit.Framework.Internal.TestXmlTests" classname="NUnit.Framework.Internal.TestXmlTests" runstate="Runnable" testcasecount="7" result="Passed" start-time="2016-02-19 11:52:46Z" end-time="2016-02-19 11:52:46Z" duration="0.031344" total="7" passed="7" failed="0" inconclusive="0" skipped="0" asserts="74">
            <test-case id="0-4341" name="TestFixtureToXml" fullname="NUnit.Framework.Internal.TestXmlTests.TestFixtureToXml" methodname="TestFixtureToXml" classname="NUnit.Framework.Internal.TestXmlTests" runstate="Runnable" seed="858088958" result="Passed" start-time="2016-02-19 11:52:46Z" end-time="2016-02-19 11:52:46Z" duration="0.017512" asserts="10" />
            <test-case id="0-4342" name="TestFixtureToXml_Recursive" fullname="NUnit.Framework.Internal.TestXmlTests.TestFixtureToXml_Recursive" methodname="TestFixtureToXml_Recursive" classname="NUnit.Framework.Internal.TestXmlTests" runstate="Runnable" seed="622958156" result="Passed" start-time="2016-02-19 11:52:46Z" end-time="2016-02-19 11:52:46Z" duration="0.001857" asserts="23" />
            <test-case id="0-4340" name="TestMethodToXml" fullname="NUnit.Framework.Internal.TestXmlTests.TestMethodToXml" methodname="TestMethodToXml" classname="NUnit.Framework.Internal.TestXmlTests" runstate="Runnable" seed="736053641" result="Passed" start-time="2016-02-19 11:52:46Z" end-time="2016-02-19 11:52:46Z" duration="0.002325" asserts="12" />
            <test-case id="0-4345" name="TestNameWithInvalidCharacter" fullname="NUnit.Framework.Internal.TestXmlTests.TestNameWithInvalidCharacter" methodname="TestNameWithInvalidCharacter" classname="NUnit.Framework.Internal.TestXmlTests" runstate="Runnable" seed="2036127989" result="Passed" start-time="2016-02-19 11:52:46Z" end-time="2016-02-19 11:52:46Z" duration="0.001477" asserts="1" />
            <test-case id="0-4343" name="TestSuiteToXml" fullname="NUnit.Framework.Internal.TestXmlTests.TestSuiteToXml" methodname="TestSuiteToXml" classname="NUnit.Framework.Internal.TestXmlTests" runstate="Runnable" seed="871239080" result="Passed" start-time="2016-02-19 11:52:46Z" end-time="2016-02-19 11:52:46Z" duration="0.001040" asserts="10" />
            <test-case id="0-4344" name="TestSuiteToXml_Recursive" fullname="NUnit.Framework.Internal.TestXmlTests.TestSuiteToXml_Recursive" methodname="TestSuiteToXml_Recursive" classname="NUnit.Framework.Internal.TestXmlTests" runstate="Runnable" seed="879438401" result="Passed" start-time="2016-02-19 11:52:46Z" end-time="2016-02-19 11:52:46Z" duration="0.001019" asserts="10" />
            <test-case id="0-4339" name="TestTypeTests" fullname="NUnit.Framework.Internal.TestXmlTests.TestTypeTests" methodname="TestTypeTests" classname="NUnit.Framework.Internal.TestXmlTests" runstate="Runnable" seed="46283595" result="Passed" start-time="2016-02-19 11:52:46Z" end-time="2016-02-19 11:52:46Z" duration="0.002834" asserts="8" />
          </test-suite>
          <test-suite type="TestSuite" id="0-5013" name="Tests" fullname="NUnit.Framework.Internal.Tests" runstate="Runnable" testcasecount="109" result="Passed" start-time="2016-02-19 11:52:43Z" end-time="2016-02-19 11:52:46Z" duration="2.800996" total="109" passed="109" failed="0" inconclusive="0" skipped="0" asserts="171">
            <test-suite type="TestFixture" id="0-4544" name="StackFilterTests" fullname="NUnit.Framework.Internal.Tests.StackFilterTests" classname="NUnit.Framework.Internal.Tests.StackFilterTests" runstate="Runnable" testcasecount="3" result="Passed" start-time="2016-02-19 11:52:46Z" end-time="2016-02-19 11:52:46Z" duration="0.015344" total="3" passed="3" failed="0" inconclusive="0" skipped="0" asserts="3">
              <test-case id="0-4547" name="FilterLongTrace" fullname="NUnit.Framework.Internal.Tests.StackFilterTests.FilterLongTrace" methodname="FilterLongTrace" classname="NUnit.Framework.Internal.Tests.StackFilterTests" runstate="Runnable" seed="1492586700" result="Passed" start-time="2016-02-19 11:52:46Z" end-time="2016-02-19 11:52:46Z" duration="0.013520" asserts="1" />
              <test-case id="0-4545" name="FilterShortTraceWithAssert" fullname="NUnit.Framework.Internal.Tests.StackFilterTests.FilterShortTraceWithAssert" methodname="FilterShortTraceWithAssert" classname="NUnit.Framework.Internal.Tests.StackFilterTests" runstate="Runnable" seed="943771423" result="Passed" start-time="2016-02-19 11:52:46Z" end-time="2016-02-19 11:52:46Z" duration="0.000467" asserts="1" />
              <test-case id="0-4546" name="FilterShortTraceWithAssume_Trace1" fullname="NUnit.Framework.Internal.Tests.StackFilterTests.FilterShortTraceWithAssume_Trace1" methodname="FilterShortTraceWithAssume_Trace1" classname="NUnit.Framework.Internal.Tests.StackFilterTests" runstate="Runnable" seed="362748595" result="Passed" start-time="2016-02-19 11:52:46Z" end-time="2016-02-19 11:52:46Z" duration="0.000357" asserts="1" />
            </test-suite>
            <test-suite type="TestFixture" id="0-4524" name="AssemblyHelperTests" fullname="NUnit.Framework.Internal.Tests.AssemblyHelperTests" classname="NUnit.Framework.Internal.Tests.AssemblyHelperTests" runstate="Runnable" testcasecount="18" result="Passed" start-time="2016-02-19 11:52:46Z" end-time="2016-02-19 11:52:46Z" duration="0.025850" total="18" passed="18" failed="0" inconclusive="0" skipped="0" asserts="20">
              <test-suite type="ParameterizedMethod" id="0-4543" name="GetAssemblyPathFromCodeBase" fullname="NUnit.Framework.Internal.Tests.AssemblyHelperTests.GetAssemblyPathFromCodeBase" runstate="Runnable" testcasecount="16" result="Passed" start-time="2016-02-19 11:52:46Z" end-time="2016-02-19 11:52:46Z" duration="0.023669" total="16" passed="16" failed="0" inconclusive="0" skipped="0" asserts="16">
                <test-case id="0-4527" name="GetAssemblyPathFromCodeBase(&quot;file:///C:/path/to/assembly.dll&quot;,&quot;C:\\path\\to\\assembly.dll&quot;)" fullname="NUnit.Framework.Internal.Tests.AssemblyHelperTests.GetAssemblyPathFromCodeBase(&quot;file:///C:/path/to/assembly.dll&quot;,&quot;C:\\path\\to\\assembly.dll&quot;)" methodname="GetAssemblyPathFromCodeBase" classname="NUnit.Framework.Internal.Tests.AssemblyHelperTests" runstate="Runnable" seed="2146326807" result="Passed" start-time="2016-02-19 11:52:46Z" end-time="2016-02-19 11:52:46Z" duration="0.000682" asserts="1" />
                <test-case id="0-4528" name="GetAssemblyPathFromCodeBase(&quot;file:///C:/my path/to my/assembly.dll&quot;,&quot;C:/my path/to my/assembly.dll&quot;)" fullname="NUnit.Framework.Internal.Tests.AssemblyHelperTests.GetAssemblyPathFromCodeBase(&quot;file:///C:/my path/to my/assembly.dll&quot;,&quot;C:/my path/to my/assembly.dll&quot;)" methodname="GetAssemblyPathFromCodeBase" classname="NUnit.Framework.Internal.Tests.AssemblyHelperTests" runstate="Runnable" seed="712291255" result="Passed" start-time="2016-02-19 11:52:46Z" end-time="2016-02-19 11:52:46Z" duration="0.000168" asserts="1" />
                <test-case id="0-4529" name="GetAssemblyPathFromCodeBase(&quot;file:///C:/dev/C#/assembly.dll&quot;,&quot;C:\\dev\\C#\\assembly.dll&quot;)" fullname="NUnit.Framework.Internal.Tests.AssemblyHelperTests.GetAssemblyPathFromCodeBase(&quot;file:///C:/dev/C#/assembly.dll&quot;,&quot;C:\\dev\\C#\\assembly.dll&quot;)" methodname="GetAssemblyPathFromCodeBase" classname="NUnit.Framework.Internal.Tests.AssemblyHelperTests" runstate="Runnable" seed="794952633" result="Passed" start-time="2016-02-19 11:52:46Z" end-time="2016-02-19 11:52:46Z" duration="0.000169" asserts="1" />
                <test-case id="0-4530" name="GetAssemblyPathFromCodeBase(&quot;file:///C:/dev/funnychars?:=/assembly...&quot;,&quot;C:\\dev\\funnychars?:=\\assembly.dll&quot;)" fullname="NUnit.Framework.Internal.Tests.AssemblyHelperTests.GetAssemblyPathFromCodeBase(&quot;file:///C:/dev/funnychars?:=/assembly...&quot;,&quot;C:\\dev\\funnychars?:=\\assembly.dll&quot;)" methodname="GetAssemblyPathFromCodeBase" classname="NUnit.Framework.Internal.Tests.AssemblyHelperTests" runstate="Runnable" seed="1959654556" result="Passed" start-time="2016-02-19 11:52:46Z" end-time="2016-02-19 11:52:46Z" duration="0.000215" asserts="1" />
                <test-case id="0-4531" name="GetAssemblyPathFromCodeBase(&quot;file:///path/to/assembly.dll&quot;,&quot;/path/to/assembly.dll&quot;)" fullname="NUnit.Framework.Internal.Tests.AssemblyHelperTests.GetAssemblyPathFromCodeBase(&quot;file:///path/to/assembly.dll&quot;,&quot;/path/to/assembly.dll&quot;)" methodname="GetAssemblyPathFromCodeBase" classname="NUnit.Framework.Internal.Tests.AssemblyHelperTests" runstate="Runnable" seed="1918861600" result="Passed" start-time="2016-02-19 11:52:46Z" end-time="2016-02-19 11:52:46Z" duration="0.000162" asserts="1" />
                <test-case id="0-4532" name="GetAssemblyPathFromCodeBase(&quot;file:///my path/to my/assembly.dll&quot;,&quot;/my path/to my/assembly.dll&quot;)" fullname="NUnit.Framework.Internal.Tests.AssemblyHelperTests.GetAssemblyPathFromCodeBase(&quot;file:///my path/to my/assembly.dll&quot;,&quot;/my path/to my/assembly.dll&quot;)" methodname="GetAssemblyPathFromCodeBase" classname="NUnit.Framework.Internal.Tests.AssemblyHelperTests" runstate="Runnable" seed="357221578" result="Passed" start-time="2016-02-19 11:52:46Z" end-time="2016-02-19 11:52:46Z" duration="0.000170" asserts="1" />
                <test-case id="0-4533" name="GetAssemblyPathFromCodeBase(&quot;file:///dev/C#/assembly.dll&quot;,&quot;/dev/C#/assembly.dll&quot;)" fullname="NUnit.Framework.Internal.Tests.AssemblyHelperTests.GetAssemblyPathFromCodeBase(&quot;file:///dev/C#/assembly.dll&quot;,&quot;/dev/C#/assembly.dll&quot;)" methodname="GetAssemblyPathFromCodeBase" classname="NUnit.Framework.Internal.Tests.AssemblyHelperTests" runstate="Runnable" seed="860223334" result="Passed" start-time="2016-02-19 11:52:46Z" end-time="2016-02-19 11:52:46Z" duration="0.000167" asserts="1" />
                <test-case id="0-4534" name="GetAssemblyPathFromCodeBase(&quot;file:///dev/funnychars?:=/assembly.dll&quot;,&quot;/dev/funnychars?:=/assembly.dll&quot;)" fullname="NUnit.Framework.Internal.Tests.AssemblyHelperTests.GetAssemblyPathFromCodeBase(&quot;file:///dev/funnychars?:=/assembly.dll&quot;,&quot;/dev/funnychars?:=/assembly.dll&quot;)" methodname="GetAssemblyPathFromCodeBase" classname="NUnit.Framework.Internal.Tests.AssemblyHelperTests" runstate="Runnable" seed="300159043" result="Passed" start-time="2016-02-19 11:52:46Z" end-time="2016-02-19 11:52:46Z" duration="0.000164" asserts="1" />
                <test-case id="0-4535" name="GetAssemblyPathFromCodeBase(&quot;file://C:/path/to/assembly.dll&quot;,&quot;C:\\path\\to\\assembly.dll&quot;)" fullname="NUnit.Framework.Internal.Tests.AssemblyHelperTests.GetAssemblyPathFromCodeBase(&quot;file://C:/path/to/assembly.dll&quot;,&quot;C:\\path\\to\\assembly.dll&quot;)" methodname="GetAssemblyPathFromCodeBase" classname="NUnit.Framework.Internal.Tests.AssemblyHelperTests" runstate="Runnable" seed="1757280318" result="Passed" start-time="2016-02-19 11:52:46Z" end-time="2016-02-19 11:52:46Z" duration="0.000180" asserts="1" />
                <test-case id="0-4536" name="GetAssemblyPathFromCodeBase(&quot;file://C:/my path/to my/assembly.dll&quot;,&quot;C:\\my path\\to my\\assembly.dll&quot;)" fullname="NUnit.Framework.Internal.Tests.AssemblyHelperTests.GetAssemblyPathFromCodeBase(&quot;file://C:/my path/to my/assembly.dll&quot;,&quot;C:\\my path\\to my\\assembly.dll&quot;)" methodname="GetAssemblyPathFromCodeBase" classname="NUnit.Framework.Internal.Tests.AssemblyHelperTests" runstate="Runnable" seed="335800119" result="Passed" start-time="2016-02-19 11:52:46Z" end-time="2016-02-19 11:52:46Z" duration="0.000185" asserts="1" />
                <test-case id="0-4537" name="GetAssemblyPathFromCodeBase(&quot;file://C:/dev/C#/assembly.dll&quot;,&quot;C:\\dev\\C#\\assembly.dll&quot;)" fullname="NUnit.Framework.Internal.Tests.AssemblyHelperTests.GetAssemblyPathFromCodeBase(&quot;file://C:/dev/C#/assembly.dll&quot;,&quot;C:\\dev\\C#\\assembly.dll&quot;)" methodname="GetAssemblyPathFromCodeBase" classname="NUnit.Framework.Internal.Tests.AssemblyHelperTests" runstate="Runnable" seed="2031506254" result="Passed" start-time="2016-02-19 11:52:46Z" end-time="2016-02-19 11:52:46Z" duration="0.000160" asserts="1" />
                <test-case id="0-4538" name="GetAssemblyPathFromCodeBase(&quot;file://C:/dev/funnychars?:=/assembly.dll&quot;,&quot;C:\\dev\\funnychars?:=\\assembly.dll&quot;)" fullname="NUnit.Framework.Internal.Tests.AssemblyHelperTests.GetAssemblyPathFromCodeBase(&quot;file://C:/dev/funnychars?:=/assembly.dll&quot;,&quot;C:\\dev\\funnychars?:=\\assembly.dll&quot;)" methodname="GetAssemblyPathFromCodeBase" classname="NUnit.Framework.Internal.Tests.AssemblyHelperTests" runstate="Runnable" seed="1432513854" result="Passed" start-time="2016-02-19 11:52:46Z" end-time="2016-02-19 11:52:46Z" duration="0.000162" asserts="1" />
                <test-case id="0-4539" name="GetAssemblyPathFromCodeBase(&quot;file://server/path/to/assembly.dll&quot;,&quot;//server/path/to/assembly.dll&quot;)" fullname="NUnit.Framework.Internal.Tests.AssemblyHelperTests.GetAssemblyPathFromCodeBase(&quot;file://server/path/to/assembly.dll&quot;,&quot;//server/path/to/assembly.dll&quot;)" methodname="GetAssemblyPathFromCodeBase" classname="NUnit.Framework.Internal.Tests.AssemblyHelperTests" runstate="Runnable" seed="1327755533" result="Passed" start-time="2016-02-19 11:52:46Z" end-time="2016-02-19 11:52:46Z" duration="0.000179" asserts="1" />
                <test-case id="0-4540" name="GetAssemblyPathFromCodeBase(&quot;file://server/my path/to my/assembly.dll&quot;,&quot;//server/my path/to my/assembly.dll&quot;)" fullname="NUnit.Framework.Internal.Tests.AssemblyHelperTests.GetAssemblyPathFromCodeBase(&quot;file://server/my path/to my/assembly.dll&quot;,&quot;//server/my path/to my/assembly.dll&quot;)" methodname="GetAssemblyPathFromCodeBase" classname="NUnit.Framework.Internal.Tests.AssemblyHelperTests" runstate="Runnable" seed="1685788117" result="Passed" start-time="2016-02-19 11:52:46Z" end-time="2016-02-19 11:52:46Z" duration="0.000164" asserts="1" />
                <test-case id="0-4541" name="GetAssemblyPathFromCodeBase(&quot;file://server/dev/C#/assembly.dll&quot;,&quot;//server/dev/C#/assembly.dll&quot;)" fullname="NUnit.Framework.Internal.Tests.AssemblyHelperTests.GetAssemblyPathFromCodeBase(&quot;file://server/dev/C#/assembly.dll&quot;,&quot;//server/dev/C#/assembly.dll&quot;)" methodname="GetAssemblyPathFromCodeBase" classname="NUnit.Framework.Internal.Tests.AssemblyHelperTests" runstate="Runnable" seed="871366924" result="Passed" start-time="2016-02-19 11:52:46Z" end-time="2016-02-19 11:52:46Z" duration="0.000163" asserts="1" />
                <test-case id="0-4542" name="GetAssemblyPathFromCodeBase(&quot;file://server/dev/funnychars?:=/assem...&quot;,&quot;//server/dev/funnychars?:=/assembly.dll&quot;)" fullname="NUnit.Framework.Internal.Tests.AssemblyHelperTests.GetAssemblyPathFromCodeBase(&quot;file://server/dev/funnychars?:=/assem...&quot;,&quot;//server/dev/funnychars?:=/assembly.dll&quot;)" methodname="GetAssemblyPathFromCodeBase" classname="NUnit.Framework.Internal.Tests.AssemblyHelperTests" runstate="Runnable" seed="1742428980" result="Passed" start-time="2016-02-19 11:52:46Z" end-time="2016-02-19 11:52:46Z" duration="0.000166" asserts="1" />
              </test-suite>
              <test-case id="0-4525" name="GetPathForAssembly" fullname="NUnit.Framework.Internal.Tests.AssemblyHelperTests.GetPathForAssembly" methodname="GetPathForAssembly" classname="NUnit.Framework.Internal.Tests.AssemblyHelperTests" runstate="Runnable" seed="1798746331" result="Passed" start-time="2016-02-19 11:52:46Z" end-time="2016-02-19 11:52:46Z" duration="0.000967" asserts="2" />
              <test-case id="0-4526" name="GetPathForType" fullname="NUnit.Framework.Internal.Tests.AssemblyHelperTests.GetPathForType" methodname="GetPathForType" classname="NUnit.Framework.Internal.Tests.AssemblyHelperTests" runstate="Runnable" seed="208871486" result="Passed" start-time="2016-02-19 11:52:46Z" end-time="2016-02-19 11:52:46Z" duration="0.000687" asserts="2" />
            </test-suite>
            <test-suite type="GenericFixture" id="0-4969" name="TestNamingTests+GenericFixture&lt;T&gt;" fullname="NUnit.Framework.Internal.Tests.TestNamingTests+GenericFixture&lt;T&gt;" runstate="Runnable" testcasecount="4" result="Passed" start-time="2016-02-19 11:52:43Z" end-time="2016-02-19 11:52:46Z" duration="2.754453" total="4" passed="4" failed="0" inconclusive="0" skipped="0" asserts="16">
              <test-suite type="TestFixture" id="0-4961" name="TestNamingTests+GenericFixture&lt;Int32&gt;" fullname="NUnit.Framework.Internal.Tests.TestNamingTests+GenericFixture&lt;Int32&gt;" classname="NUnit.Framework.Internal.Tests.TestNamingTests+GenericFixture`1" runstate="Runnable" testcasecount="4" result="Passed" start-time="2016-02-19 11:52:46Z" end-time="2016-02-19 11:52:46Z" duration="0.003814" total="4" passed="4" failed="0" inconclusive="0" skipped="0" asserts="16">
                <test-suite type="GenericMethod" id="0-4968" name="GenericTest" fullname="NUnit.Framework.Internal.Tests.TestNamingTests+GenericFixture`1[[System.Int32, mscorlib, Version=4.0.0.0, Culture=neutral, PublicKeyToken=b77a5c561934e089]].GenericTest" runstate="Runnable" testcasecount="1" result="Passed" start-time="2016-02-19 11:52:46Z" end-time="2016-02-19 11:52:46Z" duration="0.002453" total="1" passed="1" failed="0" inconclusive="0" skipped="0" asserts="4">
                  <test-case id="0-4967" name="GenericTest&lt;Int32&gt;(42)" fullname="NUnit.Framework.Internal.Tests.TestNamingTests+GenericFixture&lt;Int32&gt;.GenericTest&lt;Int32&gt;(42)" methodname="GenericTest" classname="NUnit.Framework.Internal.Tests.TestNamingTests+GenericFixture`1" runstate="Runnable" seed="1573324245" result="Passed" start-time="2016-02-19 11:52:46Z" end-time="2016-02-19 11:52:46Z" duration="0.002257" asserts="4" />
                </test-suite>
                <test-suite type="ParameterizedMethod" id="0-4964" name="ParameterizedTest" fullname="NUnit.Framework.Internal.Tests.TestNamingTests+GenericFixture`1[[System.Int32, mscorlib, Version=4.0.0.0, Culture=neutral, PublicKeyToken=b77a5c561934e089]].ParameterizedTest" runstate="Runnable" testcasecount="1" result="Passed" start-time="2016-02-19 11:52:46Z" end-time="2016-02-19 11:52:46Z" duration="0.000365" total="1" passed="1" failed="0" inconclusive="0" skipped="0" asserts="4">
                  <test-case id="0-4963" name="ParameterizedTest(5,7,&quot;ABC&quot;)" fullname="NUnit.Framework.Internal.Tests.TestNamingTests+GenericFixture&lt;Int32&gt;.ParameterizedTest(5,7,&quot;ABC&quot;)" methodname="ParameterizedTest" classname="NUnit.Framework.Internal.Tests.TestNamingTests+GenericFixture`1" runstate="Runnable" seed="139165834" result="Passed" start-time="2016-02-19 11:52:46Z" end-time="2016-02-19 11:52:46Z" duration="0.000179" asserts="4" />
                </test-suite>
                <test-suite type="ParameterizedMethod" id="0-4966" name="TestCaseWithLongStringArgument" fullname="NUnit.Framework.Internal.Tests.TestNamingTests+GenericFixture`1[[System.Int32, mscorlib, Version=4.0.0.0, Culture=neutral, PublicKeyToken=b77a5c561934e089]].TestCaseWithLongStringArgument" runstate="Runnable" testcasecount="1" result="Passed" start-time="2016-02-19 11:52:46Z" end-time="2016-02-19 11:52:46Z" duration="0.000366" total="1" passed="1" failed="0" inconclusive="0" skipped="0" asserts="4">
                  <test-case id="0-4965" name="TestCaseWithLongStringArgument(&quot;abcdefghijklmnopqrstuvwxyz&quot;)" fullname="NUnit.Framework.Internal.Tests.TestNamingTests+GenericFixture&lt;Int32&gt;.TestCaseWithLongStringArgument(&quot;abcdefghijklmnopqrstuvwxyz&quot;)" methodname="TestCaseWithLongStringArgument" classname="NUnit.Framework.Internal.Tests.TestNamingTests+GenericFixture`1" runstate="Runnable" seed="2056129697" result="Passed" start-time="2016-02-19 11:52:46Z" end-time="2016-02-19 11:52:46Z" duration="0.000194" asserts="4" />
                </test-suite>
                <test-case id="0-4962" name="SimpleTest" fullname="NUnit.Framework.Internal.Tests.TestNamingTests+GenericFixture&lt;Int32&gt;.SimpleTest" methodname="SimpleTest" classname="NUnit.Framework.Internal.Tests.TestNamingTests+GenericFixture`1" runstate="Runnable" seed="1595925945" result="Passed" start-time="2016-02-19 11:52:46Z" end-time="2016-02-19 11:52:46Z" duration="0.000191" asserts="4" />
              </test-suite>
            </test-suite>
            <test-suite type="GenericFixture" id="0-4994" name="TestNamingTests+GenericParameterizedFixture&lt;T1,T2&gt;" fullname="NUnit.Framework.Internal.Tests.TestNamingTests+GenericParameterizedFixture&lt;T1,T2&gt;" runstate="Runnable" testcasecount="4" result="Passed" start-time="2016-02-19 11:52:43Z" end-time="2016-02-19 11:52:46Z" duration="2.759058" total="4" passed="4" failed="0" inconclusive="0" skipped="0" asserts="16">
              <test-suite type="TestFixture" id="0-4986" name="TestNamingTests+GenericParameterizedFixture&lt;Int32,String&gt;(42,&quot;Forty-two&quot;)" fullname="NUnit.Framework.Internal.Tests.TestNamingTests+GenericParameterizedFixture&lt;Int32,String&gt;(42,&quot;Forty-two&quot;)" classname="NUnit.Framework.Internal.Tests.TestNamingTests+GenericParameterizedFixture`2" runstate="Runnable" testcasecount="4" result="Passed" start-time="2016-02-19 11:52:46Z" end-time="2016-02-19 11:52:46Z" duration="0.004587" total="4" passed="4" failed="0" inconclusive="0" skipped="0" asserts="16">
                <test-suite type="GenericMethod" id="0-4993" name="GenericTest" fullname="NUnit.Framework.Internal.Tests.TestNamingTests+GenericParameterizedFixture`2[[System.Int32, mscorlib, Version=4.0.0.0, Culture=neutral, PublicKeyToken=b77a5c561934e089],[System.String, mscorlib, Version=4.0.0.0, Culture=neutral, PublicKeyToken=b77a5c561934e089]].GenericTest" runstate="Runnable" testcasecount="1" result="Passed" start-time="2016-02-19 11:52:46Z" end-time="2016-02-19 11:52:46Z" duration="0.000473" total="1" passed="1" failed="0" inconclusive="0" skipped="0" asserts="4">
                  <test-case id="0-4992" name="GenericTest&lt;Int32&gt;(42)" fullname="NUnit.Framework.Internal.Tests.TestNamingTests+GenericParameterizedFixture&lt;Int32,String&gt;(42,&quot;Forty-two&quot;).GenericTest&lt;Int32&gt;(42)" methodname="GenericTest" classname="NUnit.Framework.Internal.Tests.TestNamingTests+GenericParameterizedFixture`2" runstate="Runnable" seed="706426239" result="Passed" start-time="2016-02-19 11:52:46Z" end-time="2016-02-19 11:52:46Z" duration="0.000265" asserts="4" />
                </test-suite>
                <test-suite type="ParameterizedMethod" id="0-4989" name="ParameterizedTest" fullname="NUnit.Framework.Internal.Tests.TestNamingTests+GenericParameterizedFixture`2[[System.Int32, mscorlib, Version=4.0.0.0, Culture=neutral, PublicKeyToken=b77a5c561934e089],[System.String, mscorlib, Version=4.0.0.0, Culture=neutral, PublicKeyToken=b77a5c561934e089]].ParameterizedTest" runstate="Runnable" testcasecount="1" result="Passed" start-time="2016-02-19 11:52:46Z" end-time="2016-02-19 11:52:46Z" duration="0.000292" total="1" passed="1" failed="0" inconclusive="0" skipped="0" asserts="4">
                  <test-case id="0-4988" name="ParameterizedTest(5,7,&quot;ABC&quot;)" fullname="NUnit.Framework.Internal.Tests.TestNamingTests+GenericParameterizedFixture&lt;Int32,String&gt;(42,&quot;Forty-two&quot;).ParameterizedTest(5,7,&quot;ABC&quot;)" methodname="ParameterizedTest" classname="NUnit.Framework.Internal.Tests.TestNamingTests+GenericParameterizedFixture`2" runstate="Runnable" seed="1251778865" result="Passed" start-time="2016-02-19 11:52:46Z" end-time="2016-02-19 11:52:46Z" duration="0.000074" asserts="4" />
                </test-suite>
                <test-suite type="ParameterizedMethod" id="0-4991" name="TestCaseWithLongStringArgument" fullname="NUnit.Framework.Internal.Tests.TestNamingTests+GenericParameterizedFixture`2[[System.Int32, mscorlib, Version=4.0.0.0, Culture=neutral, PublicKeyToken=b77a5c561934e089],[System.String, mscorlib, Version=4.0.0.0, Culture=neutral, PublicKeyToken=b77a5c561934e089]].TestCaseWithLongStringArgument" runstate="Runnable" testcasecount="1" result="Passed" start-time="2016-02-19 11:52:46Z" end-time="2016-02-19 11:52:46Z" duration="0.000442" total="1" passed="1" failed="0" inconclusive="0" skipped="0" asserts="4">
                  <test-case id="0-4990" name="TestCaseWithLongStringArgument(&quot;abcdefghijklmnopqrstuvwxyz&quot;)" fullname="NUnit.Framework.Internal.Tests.TestNamingTests+GenericParameterizedFixture&lt;Int32,String&gt;(42,&quot;Forty-two&quot;).TestCaseWithLongStringArgument(&quot;abcdefghijklmnopqrstuvwxyz&quot;)" methodname="TestCaseWithLongStringArgument" classname="NUnit.Framework.Internal.Tests.TestNamingTests+GenericParameterizedFixture`2" runstate="Runnable" seed="835953587" result="Passed" start-time="2016-02-19 11:52:46Z" end-time="2016-02-19 11:52:46Z" duration="0.000071" asserts="4" />
                </test-suite>
                <test-case id="0-4987" name="SimpleTest" fullname="NUnit.Framework.Internal.Tests.TestNamingTests+GenericParameterizedFixture&lt;Int32,String&gt;(42,&quot;Forty-two&quot;).SimpleTest" methodname="SimpleTest" classname="NUnit.Framework.Internal.Tests.TestNamingTests+GenericParameterizedFixture`2" runstate="Runnable" seed="2111408959" result="Passed" start-time="2016-02-19 11:52:46Z" end-time="2016-02-19 11:52:46Z" duration="0.000070" asserts="4" />
              </test-suite>
            </test-suite>
            <test-suite type="TestFixture" id="0-4970" name="TestNamingTests+ParameterizedFixture(42,&quot;Forty-two&quot;)" fullname="NUnit.Framework.Internal.Tests.TestNamingTests+ParameterizedFixture(42,&quot;Forty-two&quot;)" classname="NUnit.Framework.Internal.Tests.TestNamingTests+ParameterizedFixture" runstate="Runnable" testcasecount="4" result="Passed" start-time="2016-02-19 11:52:46Z" end-time="2016-02-19 11:52:46Z" duration="0.002236" total="4" passed="4" failed="0" inconclusive="0" skipped="0" asserts="16">
              <test-case id="0-4971" name="SimpleTest" fullname="NUnit.Framework.Internal.Tests.TestNamingTests+ParameterizedFixture(42,&quot;Forty-two&quot;).SimpleTest" methodname="SimpleTest" classname="NUnit.Framework.Internal.Tests.TestNamingTests+ParameterizedFixture" runstate="Runnable" seed="622476281" result="Passed" start-time="2016-02-19 11:52:46Z" end-time="2016-02-19 11:52:46Z" duration="0.000210" asserts="4" />
              <test-suite type="GenericMethod" id="0-4977" name="GenericTest" fullname="NUnit.Framework.Internal.Tests.TestNamingTests+ParameterizedFixture.GenericTest" runstate="Runnable" testcasecount="1" result="Passed" start-time="2016-02-19 11:52:46Z" end-time="2016-02-19 11:52:46Z" duration="0.000641" total="1" passed="1" failed="0" inconclusive="0" skipped="0" asserts="4">
                <test-case id="0-4976" name="GenericTest&lt;Int32&gt;(42)" fullname="NUnit.Framework.Internal.Tests.TestNamingTests+ParameterizedFixture(42,&quot;Forty-two&quot;).GenericTest&lt;Int32&gt;(42)" methodname="GenericTest" classname="NUnit.Framework.Internal.Tests.TestNamingTests+ParameterizedFixture" runstate="Runnable" seed="828380564" result="Passed" start-time="2016-02-19 11:52:46Z" end-time="2016-02-19 11:52:46Z" duration="0.000133" asserts="4" />
              </test-suite>
              <test-suite type="ParameterizedMethod" id="0-4973" name="ParameterizedTest" fullname="NUnit.Framework.Internal.Tests.TestNamingTests+ParameterizedFixture.ParameterizedTest" runstate="Runnable" testcasecount="1" result="Passed" start-time="2016-02-19 11:52:46Z" end-time="2016-02-19 11:52:46Z" duration="0.000332" total="1" passed="1" failed="0" inconclusive="0" skipped="0" asserts="4">
                <test-case id="0-4972" name="ParameterizedTest(5,7,&quot;ABC&quot;)" fullname="NUnit.Framework.Internal.Tests.TestNamingTests+ParameterizedFixture(42,&quot;Forty-two&quot;).ParameterizedTest(5,7,&quot;ABC&quot;)" methodname="ParameterizedTest" classname="NUnit.Framework.Internal.Tests.TestNamingTests+ParameterizedFixture" runstate="Runnable" seed="1455820590" result="Passed" start-time="2016-02-19 11:52:46Z" end-time="2016-02-19 11:52:46Z" duration="0.000064" asserts="4" />
              </test-suite>
              <test-suite type="ParameterizedMethod" id="0-4975" name="TestCaseWithLongStringArgument" fullname="NUnit.Framework.Internal.Tests.TestNamingTests+ParameterizedFixture.TestCaseWithLongStringArgument" runstate="Runnable" testcasecount="1" result="Passed" start-time="2016-02-19 11:52:46Z" end-time="2016-02-19 11:52:46Z" duration="0.000228" total="1" passed="1" failed="0" inconclusive="0" skipped="0" asserts="4">
                <test-case id="0-4974" name="TestCaseWithLongStringArgument(&quot;abcdefghijklmnopqrstuvwxyz&quot;)" fullname="NUnit.Framework.Internal.Tests.TestNamingTests+ParameterizedFixture(42,&quot;Forty-two&quot;).TestCaseWithLongStringArgument(&quot;abcdefghijklmnopqrstuvwxyz&quot;)" methodname="TestCaseWithLongStringArgument" classname="NUnit.Framework.Internal.Tests.TestNamingTests+ParameterizedFixture" runstate="Runnable" seed="172398034" result="Passed" start-time="2016-02-19 11:52:46Z" end-time="2016-02-19 11:52:46Z" duration="0.000062" asserts="4" />
              </test-suite>
            </test-suite>
            <test-suite type="TestFixture" id="0-4978" name="TestNamingTests+ParameterizedFixtureWithLongStringArgument(&quot;This is really much too long to be us...&quot;)" fullname="NUnit.Framework.Internal.Tests.TestNamingTests+ParameterizedFixtureWithLongStringArgument(&quot;This is really much too long to be us...&quot;)" classname="NUnit.Framework.Internal.Tests.TestNamingTests+ParameterizedFixtureWithLongStringArgument" runstate="Runnable" testcasecount="4" result="Passed" start-time="2016-02-19 11:52:46Z" end-time="2016-02-19 11:52:46Z" duration="0.002583" total="4" passed="4" failed="0" inconclusive="0" skipped="0" asserts="16">
              <test-case id="0-4979" name="SimpleTest" fullname="NUnit.Framework.Internal.Tests.TestNamingTests+ParameterizedFixtureWithLongStringArgument(&quot;This is really much too long to be us...&quot;).SimpleTest" methodname="SimpleTest" classname="NUnit.Framework.Internal.Tests.TestNamingTests+ParameterizedFixtureWithLongStringArgument" runstate="Runnable" seed="188687318" result="Passed" start-time="2016-02-19 11:52:46Z" end-time="2016-02-19 11:52:46Z" duration="0.000207" asserts="4" />
              <test-suite type="GenericMethod" id="0-4985" name="GenericTest" fullname="NUnit.Framework.Internal.Tests.TestNamingTests+ParameterizedFixtureWithLongStringArgument.GenericTest" runstate="Runnable" testcasecount="1" result="Passed" start-time="2016-02-19 11:52:46Z" end-time="2016-02-19 11:52:46Z" duration="0.001514" total="1" passed="1" failed="0" inconclusive="0" skipped="0" asserts="4">
                <test-case id="0-4984" name="GenericTest&lt;Int32&gt;(42)" fullname="NUnit.Framework.Internal.Tests.TestNamingTests+ParameterizedFixtureWithLongStringArgument(&quot;This is really much too long to be us...&quot;).GenericTest&lt;Int32&gt;(42)" methodname="GenericTest" classname="NUnit.Framework.Internal.Tests.TestNamingTests+ParameterizedFixtureWithLongStringArgument" runstate="Runnable" seed="1202468188" result="Passed" start-time="2016-02-19 11:52:46Z" end-time="2016-02-19 11:52:46Z" duration="0.000079" asserts="4" />
              </test-suite>
              <test-suite type="ParameterizedMethod" id="0-4981" name="ParameterizedTest" fullname="NUnit.Framework.Internal.Tests.TestNamingTests+ParameterizedFixtureWithLongStringArgument.ParameterizedTest" runstate="Runnable" testcasecount="1" result="Passed" start-time="2016-02-19 11:52:46Z" end-time="2016-02-19 11:52:46Z" duration="0.000227" total="1" passed="1" failed="0" inconclusive="0" skipped="0" asserts="4">
                <test-case id="0-4980" name="ParameterizedTest(5,7,&quot;ABC&quot;)" fullname="NUnit.Framework.Internal.Tests.TestNamingTests+ParameterizedFixtureWithLongStringArgument(&quot;This is really much too long to be us...&quot;).ParameterizedTest(5,7,&quot;ABC&quot;)" methodname="ParameterizedTest" classname="NUnit.Framework.Internal.Tests.TestNamingTests+ParameterizedFixtureWithLongStringArgument" runstate="Runnable" seed="259348956" result="Passed" start-time="2016-02-19 11:52:46Z" end-time="2016-02-19 11:52:46Z" duration="0.000065" asserts="4" />
              </test-suite>
              <test-suite type="ParameterizedMethod" id="0-4983" name="TestCaseWithLongStringArgument" fullname="NUnit.Framework.Internal.Tests.TestNamingTests+ParameterizedFixtureWithLongStringArgument.TestCaseWithLongStringArgument" runstate="Runnable" testcasecount="1" result="Passed" start-time="2016-02-19 11:52:46Z" end-time="2016-02-19 11:52:46Z" duration="0.000212" total="1" passed="1" failed="0" inconclusive="0" skipped="0" asserts="4">
                <test-case id="0-4982" name="TestCaseWithLongStringArgument(&quot;abcdefghijklmnopqrstuvwxyz&quot;)" fullname="NUnit.Framework.Internal.Tests.TestNamingTests+ParameterizedFixtureWithLongStringArgument(&quot;This is really much too long to be us...&quot;).TestCaseWithLongStringArgument(&quot;abcdefghijklmnopqrstuvwxyz&quot;)" methodname="TestCaseWithLongStringArgument" classname="NUnit.Framework.Internal.Tests.TestNamingTests+ParameterizedFixtureWithLongStringArgument" runstate="Runnable" seed="561087883" result="Passed" start-time="2016-02-19 11:52:46Z" end-time="2016-02-19 11:52:46Z" duration="0.000061" asserts="4" />
              </test-suite>
            </test-suite>
            <test-suite type="TestFixture" id="0-4953" name="TestNamingTests+SimpleFixture" fullname="NUnit.Framework.Internal.Tests.TestNamingTests+SimpleFixture" classname="NUnit.Framework.Internal.Tests.TestNamingTests+SimpleFixture" runstate="Runnable" testcasecount="4" result="Passed" start-time="2016-02-19 11:52:46Z" end-time="2016-02-19 11:52:46Z" duration="0.001310" total="4" passed="4" failed="0" inconclusive="0" skipped="0" asserts="16">
              <test-suite type="GenericMethod" id="0-4960" name="GenericTest" fullname="NUnit.Framework.Internal.Tests.TestNamingTests+SimpleFixture.GenericTest" runstate="Runnable" testcasecount="1" result="Passed" start-time="2016-02-19 11:52:46Z" end-time="2016-02-19 11:52:46Z" duration="0.000384" total="1" passed="1" failed="0" inconclusive="0" skipped="0" asserts="4">
                <test-case id="0-4959" name="GenericTest&lt;Int32&gt;(42)" fullname="NUnit.Framework.Internal.Tests.TestNamingTests+SimpleFixture.GenericTest&lt;Int32&gt;(42)" methodname="GenericTest" classname="NUnit.Framework.Internal.Tests.TestNamingTests+SimpleFixture" runstate="Runnable" seed="2135034693" result="Passed" start-time="2016-02-19 11:52:46Z" end-time="2016-02-19 11:52:46Z" duration="0.000219" asserts="4" />
              </test-suite>
              <test-suite type="ParameterizedMethod" id="0-4956" name="ParameterizedTest" fullname="NUnit.Framework.Internal.Tests.TestNamingTests+SimpleFixture.ParameterizedTest" runstate="Runnable" testcasecount="1" result="Passed" start-time="2016-02-19 11:52:46Z" end-time="2016-02-19 11:52:46Z" duration="0.000215" total="1" passed="1" failed="0" inconclusive="0" skipped="0" asserts="4">
                <test-case id="0-4955" name="ParameterizedTest(5,7,&quot;ABC&quot;)" fullname="NUnit.Framework.Internal.Tests.TestNamingTests+SimpleFixture.ParameterizedTest(5,7,&quot;ABC&quot;)" methodname="ParameterizedTest" classname="NUnit.Framework.Internal.Tests.TestNamingTests+SimpleFixture" runstate="Runnable" seed="1883024759" result="Passed" start-time="2016-02-19 11:52:46Z" end-time="2016-02-19 11:52:46Z" duration="0.000062" asserts="4" />
              </test-suite>
              <test-case id="0-4954" name="SimpleTest" fullname="NUnit.Framework.Internal.Tests.TestNamingTests+SimpleFixture.SimpleTest" methodname="SimpleTest" classname="NUnit.Framework.Internal.Tests.TestNamingTests+SimpleFixture" runstate="Runnable" seed="471532043" result="Passed" start-time="2016-02-19 11:52:46Z" end-time="2016-02-19 11:52:46Z" duration="0.000061" asserts="4" />
              <test-suite type="ParameterizedMethod" id="0-4958" name="TestCaseWithLongStringArgument" fullname="NUnit.Framework.Internal.Tests.TestNamingTests+SimpleFixture.TestCaseWithLongStringArgument" runstate="Runnable" testcasecount="1" result="Passed" start-time="2016-02-19 11:52:46Z" end-time="2016-02-19 11:52:46Z" duration="0.000217" total="1" passed="1" failed="0" inconclusive="0" skipped="0" asserts="4">
                <test-case id="0-4957" name="TestCaseWithLongStringArgument(&quot;abcdefghijklmnopqrstuvwxyz&quot;)" fullname="NUnit.Framework.Internal.Tests.TestNamingTests+SimpleFixture.TestCaseWithLongStringArgument(&quot;abcdefghijklmnopqrstuvwxyz&quot;)" methodname="TestCaseWithLongStringArgument" classname="NUnit.Framework.Internal.Tests.TestNamingTests+SimpleFixture" runstate="Runnable" seed="1757151490" result="Passed" start-time="2016-02-19 11:52:46Z" end-time="2016-02-19 11:52:46Z" duration="0.000064" asserts="4" />
              </test-suite>
            </test-suite>
            <test-suite type="TestFixture" id="0-4548" name="TestNameGeneratorTests" fullname="NUnit.Framework.Internal.Tests.TestNameGeneratorTests" classname="NUnit.Framework.Internal.Tests.TestNameGeneratorTests" runstate="Runnable" testcasecount="68" result="Passed" start-time="2016-02-19 11:52:46Z" end-time="2016-02-19 11:52:46Z" duration="0.059309" total="68" passed="68" failed="0" inconclusive="0" skipped="0" asserts="68">
              <test-suite type="ParameterizedMethod" id="0-4594" name="ErrorInPattern" fullname="NUnit.Framework.Internal.Tests.TestNameGeneratorTests.ErrorInPattern" runstate="Runnable" testcasecount="9" result="Passed" start-time="2016-02-19 11:52:46Z" end-time="2016-02-19 11:52:46Z" duration="0.007103" total="9" passed="9" failed="0" inconclusive="0" skipped="0" asserts="9">
                <test-case id="0-4585" name="ErrorInPattern(&quot;{x}&quot;)" fullname="NUnit.Framework.Internal.Tests.TestNameGeneratorTests.ErrorInPattern(&quot;{x}&quot;)" methodname="ErrorInPattern" classname="NUnit.Framework.Internal.Tests.TestNameGeneratorTests" runstate="Runnable" seed="904833835" result="Passed" start-time="2016-02-19 11:52:46Z" end-time="2016-02-19 11:52:46Z" duration="0.001018" asserts="1" />
                <test-case id="0-4586" name="ErrorInPattern(&quot;{xy}&quot;)" fullname="NUnit.Framework.Internal.Tests.TestNameGeneratorTests.ErrorInPattern(&quot;{xy}&quot;)" methodname="ErrorInPattern" classname="NUnit.Framework.Internal.Tests.TestNameGeneratorTests" runstate="Runnable" seed="771389924" result="Passed" start-time="2016-02-19 11:52:46Z" end-time="2016-02-19 11:52:46Z" duration="0.001456" asserts="1" />
                <test-case id="0-4587" name="ErrorInPattern(&quot;{x:}&quot;)" fullname="NUnit.Framework.Internal.Tests.TestNameGeneratorTests.ErrorInPattern(&quot;{x:}&quot;)" methodname="ErrorInPattern" classname="NUnit.Framework.Internal.Tests.TestNameGeneratorTests" runstate="Runnable" seed="137386032" result="Passed" start-time="2016-02-19 11:52:46Z" end-time="2016-02-19 11:52:46Z" duration="0.000165" asserts="1" />
                <test-case id="0-4588" name="ErrorInPattern(&quot;{x:50}&quot;)" fullname="NUnit.Framework.Internal.Tests.TestNameGeneratorTests.ErrorInPattern(&quot;{x:50}&quot;)" methodname="ErrorInPattern" classname="NUnit.Framework.Internal.Tests.TestNameGeneratorTests" runstate="Runnable" seed="203974963" result="Passed" start-time="2016-02-19 11:52:46Z" end-time="2016-02-19 11:52:46Z" duration="0.000154" asserts="1" />
                <test-case id="0-4589" name="ErrorInPattern(&quot;{n}.{c.{m}&quot;)" fullname="NUnit.Framework.Internal.Tests.TestNameGeneratorTests.ErrorInPattern(&quot;{n}.{c.{m}&quot;)" methodname="ErrorInPattern" classname="NUnit.Framework.Internal.Tests.TestNameGeneratorTests" runstate="Runnable" seed="1391040505" result="Passed" start-time="2016-02-19 11:52:46Z" end-time="2016-02-19 11:52:46Z" duration="0.000390" asserts="1" />
                <test-case id="0-4590" name="ErrorInPattern(&quot;{m}{a:X}&quot;)" fullname="NUnit.Framework.Internal.Tests.TestNameGeneratorTests.ErrorInPattern(&quot;{m}{a:X}&quot;)" methodname="ErrorInPattern" classname="NUnit.Framework.Internal.Tests.TestNameGeneratorTests" runstate="Runnable" seed="670270401" result="Passed" start-time="2016-02-19 11:52:46Z" end-time="2016-02-19 11:52:46Z" duration="0.000299" asserts="1" />
                <test-case id="0-4591" name="ErrorInPattern(&quot;{m}{0:X}&quot;)" fullname="NUnit.Framework.Internal.Tests.TestNameGeneratorTests.ErrorInPattern(&quot;{m}{0:X}&quot;)" methodname="ErrorInPattern" classname="NUnit.Framework.Internal.Tests.TestNameGeneratorTests" runstate="Runnable" seed="1214555478" result="Passed" start-time="2016-02-19 11:52:46Z" end-time="2016-02-19 11:52:46Z" duration="0.000246" asserts="1" />
                <test-case id="0-4592" name="ErrorInPattern(&quot;{m}{a:}&quot;)" fullname="NUnit.Framework.Internal.Tests.TestNameGeneratorTests.ErrorInPattern(&quot;{m}{a:}&quot;)" methodname="ErrorInPattern" classname="NUnit.Framework.Internal.Tests.TestNameGeneratorTests" runstate="Runnable" seed="406659303" result="Passed" start-time="2016-02-19 11:52:46Z" end-time="2016-02-19 11:52:46Z" duration="0.000220" asserts="1" />
                <test-case id="0-4593" name="ErrorInPattern(&quot;{m}{0:}&quot;)" fullname="NUnit.Framework.Internal.Tests.TestNameGeneratorTests.ErrorInPattern(&quot;{m}{0:}&quot;)" methodname="ErrorInPattern" classname="NUnit.Framework.Internal.Tests.TestNameGeneratorTests" runstate="Runnable" seed="384502014" result="Passed" start-time="2016-02-19 11:52:46Z" end-time="2016-02-19 11:52:46Z" duration="0.000161" asserts="1" />
              </test-suite>
              <test-suite type="ParameterizedMethod" id="0-4584" name="GenericTestNames" fullname="NUnit.Framework.Internal.Tests.TestNameGeneratorTests.GenericTestNames" runstate="Runnable" testcasecount="8" result="Passed" start-time="2016-02-19 11:52:46Z" end-time="2016-02-19 11:52:46Z" duration="0.004683" total="8" passed="8" failed="0" inconclusive="0" skipped="0" asserts="8">
                <test-case id="0-4576" name="GenericTestNames(&quot;FIXED&quot;)" fullname="NUnit.Framework.Internal.Tests.TestNameGeneratorTests.GenericTestNames(&quot;FIXED&quot;)" methodname="GenericTestNames" classname="NUnit.Framework.Internal.Tests.TestNameGeneratorTests" runstate="Runnable" seed="1920762424" result="Passed" start-time="2016-02-19 11:52:46Z" end-time="2016-02-19 11:52:46Z" duration="0.000399" asserts="1" />
                <test-case id="0-4577" name="GenericTestNames(&quot;{m}&quot;)" fullname="NUnit.Framework.Internal.Tests.TestNameGeneratorTests.GenericTestNames(&quot;{m}&quot;)" methodname="GenericTestNames" classname="NUnit.Framework.Internal.Tests.TestNameGeneratorTests" runstate="Runnable" seed="613359083" result="Passed" start-time="2016-02-19 11:52:46Z" end-time="2016-02-19 11:52:46Z" duration="0.000182" asserts="1" />
                <test-case id="0-4578" name="GenericTestNames(&quot;{n}&quot;)" fullname="NUnit.Framework.Internal.Tests.TestNameGeneratorTests.GenericTestNames(&quot;{n}&quot;)" methodname="GenericTestNames" classname="NUnit.Framework.Internal.Tests.TestNameGeneratorTests" runstate="Runnable" seed="853032949" result="Passed" start-time="2016-02-19 11:52:46Z" end-time="2016-02-19 11:52:46Z" duration="0.000162" asserts="1" />
                <test-case id="0-4579" name="GenericTestNames(&quot;{c}&quot;)" fullname="NUnit.Framework.Internal.Tests.TestNameGeneratorTests.GenericTestNames(&quot;{c}&quot;)" methodname="GenericTestNames" classname="NUnit.Framework.Internal.Tests.TestNameGeneratorTests" runstate="Runnable" seed="424230424" result="Passed" start-time="2016-02-19 11:52:46Z" end-time="2016-02-19 11:52:46Z" duration="0.000425" asserts="1" />
                <test-case id="0-4580" name="GenericTestNames(&quot;{C}&quot;)" fullname="NUnit.Framework.Internal.Tests.TestNameGeneratorTests.GenericTestNames(&quot;{C}&quot;)" methodname="GenericTestNames" classname="NUnit.Framework.Internal.Tests.TestNameGeneratorTests" runstate="Runnable" seed="1008750442" result="Passed" start-time="2016-02-19 11:52:46Z" end-time="2016-02-19 11:52:46Z" duration="0.000290" asserts="1" />
                <test-case id="0-4581" name="GenericTestNames(&quot;{M}&quot;)" fullname="NUnit.Framework.Internal.Tests.TestNameGeneratorTests.GenericTestNames(&quot;{M}&quot;)" methodname="GenericTestNames" classname="NUnit.Framework.Internal.Tests.TestNameGeneratorTests" runstate="Runnable" seed="1048102579" result="Passed" start-time="2016-02-19 11:52:46Z" end-time="2016-02-19 11:52:46Z" duration="0.000811" asserts="1" />
                <test-case id="0-4582" name="GenericTestNames(&quot;{m}_SpecialCase&quot;)" fullname="NUnit.Framework.Internal.Tests.TestNameGeneratorTests.GenericTestNames(&quot;{m}_SpecialCase&quot;)" methodname="GenericTestNames" classname="NUnit.Framework.Internal.Tests.TestNameGeneratorTests" runstate="Runnable" seed="1573052955" result="Passed" start-time="2016-02-19 11:52:46Z" end-time="2016-02-19 11:52:46Z" duration="0.000160" asserts="1" />
                <test-case id="0-4583" name="GenericTestNames(&quot;{n}.{c}.{m}&quot;)" fullname="NUnit.Framework.Internal.Tests.TestNameGeneratorTests.GenericTestNames(&quot;{n}.{c}.{m}&quot;)" methodname="GenericTestNames" classname="NUnit.Framework.Internal.Tests.TestNameGeneratorTests" runstate="Runnable" seed="1953767085" result="Passed" start-time="2016-02-19 11:52:46Z" end-time="2016-02-19 11:52:46Z" duration="0.000232" asserts="1" />
              </test-suite>
              <test-suite type="ParameterizedMethod" id="0-4575" name="ParameterizedTests" fullname="NUnit.Framework.Internal.Tests.TestNameGeneratorTests.ParameterizedTests" runstate="Runnable" testcasecount="13" result="Passed" start-time="2016-02-19 11:52:46Z" end-time="2016-02-19 11:52:46Z" duration="0.010571" total="13" passed="13" failed="0" inconclusive="0" skipped="0" asserts="13">
                <test-case id="0-4562" name="ParameterizedTests(&quot;{m}{a}&quot;,System.Object[])" fullname="NUnit.Framework.Internal.Tests.TestNameGeneratorTests.ParameterizedTests(&quot;{m}{a}&quot;,System.Object[])" methodname="ParameterizedTests" classname="NUnit.Framework.Internal.Tests.TestNameGeneratorTests" runstate="Runnable" seed="1592916501" result="Passed" start-time="2016-02-19 11:52:46Z" end-time="2016-02-19 11:52:46Z" duration="0.000556" asserts="1" />
                <test-case id="0-4563" name="ParameterizedTests(&quot;{m}{a:50}&quot;,System.Object[])" fullname="NUnit.Framework.Internal.Tests.TestNameGeneratorTests.ParameterizedTests(&quot;{m}{a:50}&quot;,System.Object[])" methodname="ParameterizedTests" classname="NUnit.Framework.Internal.Tests.TestNameGeneratorTests" runstate="Runnable" seed="632380666" result="Passed" start-time="2016-02-19 11:52:46Z" end-time="2016-02-19 11:52:46Z" duration="0.000221" asserts="1" />
                <test-case id="0-4564" name="ParameterizedTests(&quot;{m}{a}&quot;,System.Object[])" fullname="NUnit.Framework.Internal.Tests.TestNameGeneratorTests.ParameterizedTests(&quot;{m}{a}&quot;,System.Object[])" methodname="ParameterizedTests" classname="NUnit.Framework.Internal.Tests.TestNameGeneratorTests" runstate="Runnable" seed="933050367" result="Passed" start-time="2016-02-19 11:52:46Z" end-time="2016-02-19 11:52:46Z" duration="0.000244" asserts="1" />
                <test-case id="0-4565" name="ParameterizedTests(&quot;{m}{a:20}&quot;,System.Object[])" fullname="NUnit.Framework.Internal.Tests.TestNameGeneratorTests.ParameterizedTests(&quot;{m}{a:20}&quot;,System.Object[])" methodname="ParameterizedTests" classname="NUnit.Framework.Internal.Tests.TestNameGeneratorTests" runstate="Runnable" seed="900022171" result="Passed" start-time="2016-02-19 11:52:46Z" end-time="2016-02-19 11:52:46Z" duration="0.000357" asserts="1" />
                <test-case id="0-4566" name="ParameterizedTests(&quot;{m}{a:40}&quot;,System.Object[])" fullname="NUnit.Framework.Internal.Tests.TestNameGeneratorTests.ParameterizedTests(&quot;{m}{a:40}&quot;,System.Object[])" methodname="ParameterizedTests" classname="NUnit.Framework.Internal.Tests.TestNameGeneratorTests" runstate="Runnable" seed="1672553760" result="Passed" start-time="2016-02-19 11:52:46Z" end-time="2016-02-19 11:52:46Z" duration="0.000232" asserts="1" />
                <test-case id="0-4567" name="ParameterizedTests(&quot;{m}{a:100}&quot;,System.Object[])" fullname="NUnit.Framework.Internal.Tests.TestNameGeneratorTests.ParameterizedTests(&quot;{m}{a:100}&quot;,System.Object[])" methodname="ParameterizedTests" classname="NUnit.Framework.Internal.Tests.TestNameGeneratorTests" runstate="Runnable" seed="231697501" result="Passed" start-time="2016-02-19 11:52:46Z" end-time="2016-02-19 11:52:46Z" duration="0.000291" asserts="1" />
                <test-case id="0-4568" name="ParameterizedTests(&quot;{m}{a:20}&quot;,System.Object[])" fullname="NUnit.Framework.Internal.Tests.TestNameGeneratorTests.ParameterizedTests(&quot;{m}{a:20}&quot;,System.Object[])" methodname="ParameterizedTests" classname="NUnit.Framework.Internal.Tests.TestNameGeneratorTests" runstate="Runnable" seed="11250783" result="Passed" start-time="2016-02-19 11:52:46Z" end-time="2016-02-19 11:52:46Z" duration="0.000253" asserts="1" />
                <test-case id="0-4569" name="ParameterizedTests(&quot;{m}{a:20}%{i}&quot;,System.Object[])" fullname="NUnit.Framework.Internal.Tests.TestNameGeneratorTests.ParameterizedTests(&quot;{m}{a:20}%{i}&quot;,System.Object[])" methodname="ParameterizedTests" classname="NUnit.Framework.Internal.Tests.TestNameGeneratorTests" runstate="Runnable" seed="1901545727" result="Passed" start-time="2016-02-19 11:52:46Z" end-time="2016-02-19 11:52:46Z" duration="0.000391" asserts="1" />
                <test-case id="0-4570" name="ParameterizedTests(&quot;{m}({0})&quot;,System.Object[])" fullname="NUnit.Framework.Internal.Tests.TestNameGeneratorTests.ParameterizedTests(&quot;{m}({0})&quot;,System.Object[])" methodname="ParameterizedTests" classname="NUnit.Framework.Internal.Tests.TestNameGeneratorTests" runstate="Runnable" seed="1845173316" result="Passed" start-time="2016-02-19 11:52:46Z" end-time="2016-02-19 11:52:46Z" duration="0.001821" asserts="1" />
                <test-case id="0-4571" name="ParameterizedTests(&quot;{m}({1})&quot;,System.Object[])" fullname="NUnit.Framework.Internal.Tests.TestNameGeneratorTests.ParameterizedTests(&quot;{m}({1})&quot;,System.Object[])" methodname="ParameterizedTests" classname="NUnit.Framework.Internal.Tests.TestNameGeneratorTests" runstate="Runnable" seed="1951920489" result="Passed" start-time="2016-02-19 11:52:46Z" end-time="2016-02-19 11:52:46Z" duration="0.000312" asserts="1" />
                <test-case id="0-4572" name="ParameterizedTests(&quot;{m}({2})&quot;,System.Object[])" fullname="NUnit.Framework.Internal.Tests.TestNameGeneratorTests.ParameterizedTests(&quot;{m}({2})&quot;,System.Object[])" methodname="ParameterizedTests" classname="NUnit.Framework.Internal.Tests.TestNameGeneratorTests" runstate="Runnable" seed="1499200436" result="Passed" start-time="2016-02-19 11:52:46Z" end-time="2016-02-19 11:52:46Z" duration="0.000304" asserts="1" />
                <test-case id="0-4573" name="ParameterizedTests(&quot;{m}({3})&quot;,System.Object[])" fullname="NUnit.Framework.Internal.Tests.TestNameGeneratorTests.ParameterizedTests(&quot;{m}({3})&quot;,System.Object[])" methodname="ParameterizedTests" classname="NUnit.Framework.Internal.Tests.TestNameGeneratorTests" runstate="Runnable" seed="1563163445" result="Passed" start-time="2016-02-19 11:52:46Z" end-time="2016-02-19 11:52:46Z" duration="0.000226" asserts="1" />
                <test-case id="0-4574" name="ParameterizedTests(&quot;{m}({1:20})&quot;,System.Object[])" fullname="NUnit.Framework.Internal.Tests.TestNameGeneratorTests.ParameterizedTests(&quot;{m}({1:20})&quot;,System.Object[])" methodname="ParameterizedTests" classname="NUnit.Framework.Internal.Tests.TestNameGeneratorTests" runstate="Runnable" seed="194421164" result="Passed" start-time="2016-02-19 11:52:46Z" end-time="2016-02-19 11:52:46Z" duration="0.000231" asserts="1" />
              </test-suite>
              <test-suite type="ParameterizedMethod" id="0-4561" name="SimpleTestNames" fullname="NUnit.Framework.Internal.Tests.TestNameGeneratorTests.SimpleTestNames" runstate="Runnable" testcasecount="12" result="Passed" start-time="2016-02-19 11:52:46Z" end-time="2016-02-19 11:52:46Z" duration="0.005992" total="12" passed="12" failed="0" inconclusive="0" skipped="0" asserts="12">
                <test-case id="0-4549" name="SimpleTestNames(&quot;FIXED&quot;)" fullname="NUnit.Framework.Internal.Tests.TestNameGeneratorTests.SimpleTestNames(&quot;FIXED&quot;)" methodname="SimpleTestNames" classname="NUnit.Framework.Internal.Tests.TestNameGeneratorTests" runstate="Runnable" seed="2089112227" result="Passed" start-time="2016-02-19 11:52:46Z" end-time="2016-02-19 11:52:46Z" duration="0.000533" asserts="1" />
                <test-case id="0-4550" name="SimpleTestNames(&quot;{m}&quot;)" fullname="NUnit.Framework.Internal.Tests.TestNameGeneratorTests.SimpleTestNames(&quot;{m}&quot;)" methodname="SimpleTestNames" classname="NUnit.Framework.Internal.Tests.TestNameGeneratorTests" runstate="Runnable" seed="1476821550" result="Passed" start-time="2016-02-19 11:52:46Z" end-time="2016-02-19 11:52:46Z" duration="0.000193" asserts="1" />
                <test-case id="0-4551" name="SimpleTestNames(&quot;{n}&quot;)" fullname="NUnit.Framework.Internal.Tests.TestNameGeneratorTests.SimpleTestNames(&quot;{n}&quot;)" methodname="SimpleTestNames" classname="NUnit.Framework.Internal.Tests.TestNameGeneratorTests" runstate="Runnable" seed="2087275565" result="Passed" start-time="2016-02-19 11:52:46Z" end-time="2016-02-19 11:52:46Z" duration="0.000190" asserts="1" />
                <test-case id="0-4552" name="SimpleTestNames(&quot;{c}&quot;)" fullname="NUnit.Framework.Internal.Tests.TestNameGeneratorTests.SimpleTestNames(&quot;{c}&quot;)" methodname="SimpleTestNames" classname="NUnit.Framework.Internal.Tests.TestNameGeneratorTests" runstate="Runnable" seed="2115961155" result="Passed" start-time="2016-02-19 11:52:46Z" end-time="2016-02-19 11:52:46Z" duration="0.000193" asserts="1" />
                <test-case id="0-4553" name="SimpleTestNames(&quot;{C}&quot;)" fullname="NUnit.Framework.Internal.Tests.TestNameGeneratorTests.SimpleTestNames(&quot;{C}&quot;)" methodname="SimpleTestNames" classname="NUnit.Framework.Internal.Tests.TestNameGeneratorTests" runstate="Runnable" seed="960513984" result="Passed" start-time="2016-02-19 11:52:46Z" end-time="2016-02-19 11:52:46Z" duration="0.000191" asserts="1" />
                <test-case id="0-4554" name="SimpleTestNames(&quot;{M}&quot;)" fullname="NUnit.Framework.Internal.Tests.TestNameGeneratorTests.SimpleTestNames(&quot;{M}&quot;)" methodname="SimpleTestNames" classname="NUnit.Framework.Internal.Tests.TestNameGeneratorTests" runstate="Runnable" seed="79503860" result="Passed" start-time="2016-02-19 11:52:46Z" end-time="2016-02-19 11:52:46Z" duration="0.000197" asserts="1" />
                <test-case id="0-4555" name="SimpleTestNames(&quot;{m}_SpecialCase&quot;)" fullname="NUnit.Framework.Internal.Tests.TestNameGeneratorTests.SimpleTestNames(&quot;{m}_SpecialCase&quot;)" methodname="SimpleTestNames" classname="NUnit.Framework.Internal.Tests.TestNameGeneratorTests" runstate="Runnable" seed="1910984021" result="Passed" start-time="2016-02-19 11:52:46Z" end-time="2016-02-19 11:52:46Z" duration="0.000192" asserts="1" />
                <test-case id="0-4556" name="SimpleTestNames(&quot;{n}.{c}.{m}&quot;)" fullname="NUnit.Framework.Internal.Tests.TestNameGeneratorTests.SimpleTestNames(&quot;{n}.{c}.{m}&quot;)" methodname="SimpleTestNames" classname="NUnit.Framework.Internal.Tests.TestNameGeneratorTests" runstate="Runnable" seed="26195431" result="Passed" start-time="2016-02-19 11:52:46Z" end-time="2016-02-19 11:52:46Z" duration="0.000258" asserts="1" />
                <test-case id="0-4557" name="SimpleTestNames(&quot;{x}&quot;)" fullname="NUnit.Framework.Internal.Tests.TestNameGeneratorTests.SimpleTestNames(&quot;{x}&quot;)" methodname="SimpleTestNames" classname="NUnit.Framework.Internal.Tests.TestNameGeneratorTests" runstate="Runnable" seed="268333784" result="Passed" start-time="2016-02-19 11:52:46Z" end-time="2016-02-19 11:52:46Z" duration="0.000252" asserts="1" />
                <test-case id="0-4558" name="SimpleTestNames(&quot;{n}.{c.{m}&quot;)" fullname="NUnit.Framework.Internal.Tests.TestNameGeneratorTests.SimpleTestNames(&quot;{n}.{c.{m}&quot;)" methodname="SimpleTestNames" classname="NUnit.Framework.Internal.Tests.TestNameGeneratorTests" runstate="Runnable" seed="2096707666" result="Passed" start-time="2016-02-19 11:52:46Z" end-time="2016-02-19 11:52:46Z" duration="0.000201" asserts="1" />
                <test-case id="0-4559" name="SimpleTestNames(&quot;{m}{a}&quot;)" fullname="NUnit.Framework.Internal.Tests.TestNameGeneratorTests.SimpleTestNames(&quot;{m}{a}&quot;)" methodname="SimpleTestNames" classname="NUnit.Framework.Internal.Tests.TestNameGeneratorTests" runstate="Runnable" seed="117006670" result="Passed" start-time="2016-02-19 11:52:46Z" end-time="2016-02-19 11:52:46Z" duration="0.000195" asserts="1" />
                <test-case id="0-4560" name="SimpleTestNames(&quot;{i}&quot;)" fullname="NUnit.Framework.Internal.Tests.TestNameGeneratorTests.SimpleTestNames(&quot;{i}&quot;)" methodname="SimpleTestNames" classname="NUnit.Framework.Internal.Tests.TestNameGeneratorTests" runstate="Runnable" seed="400929439" result="Passed" start-time="2016-02-19 11:52:46Z" end-time="2016-02-19 11:52:46Z" duration="0.000185" asserts="1" />
              </test-suite>
              <test-suite type="ParameterizedMethod" id="0-4621" name="SpecialNamedValues" fullname="NUnit.Framework.Internal.Tests.TestNameGeneratorTests.SpecialNamedValues" runstate="Runnable" testcasecount="26" result="Passed" start-time="2016-02-19 11:52:46Z" end-time="2016-02-19 11:52:46Z" duration="0.030209" total="26" passed="26" failed="0" inconclusive="0" skipped="0" asserts="26">
                <test-case id="0-4595" name="SpecialNamedValues(double.MaxValue)" fullname="NUnit.Framework.Internal.Tests.TestNameGeneratorTests.SpecialNamedValues(double.MaxValue)" methodname="SpecialNamedValues" classname="NUnit.Framework.Internal.Tests.TestNameGeneratorTests" runstate="Runnable" seed="118042252" result="Passed" start-time="2016-02-19 11:52:46Z" end-time="2016-02-19 11:52:46Z" duration="0.000780" asserts="1" />
                <test-case id="0-4596" name="SpecialNamedValues(double.MinValue)" fullname="NUnit.Framework.Internal.Tests.TestNameGeneratorTests.SpecialNamedValues(double.MinValue)" methodname="SpecialNamedValues" classname="NUnit.Framework.Internal.Tests.TestNameGeneratorTests" runstate="Runnable" seed="329427640" result="Passed" start-time="2016-02-19 11:52:46Z" end-time="2016-02-19 11:52:46Z" duration="0.000439" asserts="1" />
                <test-case id="0-4597" name="SpecialNamedValues(double.NaN)" fullname="NUnit.Framework.Internal.Tests.TestNameGeneratorTests.SpecialNamedValues(double.NaN)" methodname="SpecialNamedValues" classname="NUnit.Framework.Internal.Tests.TestNameGeneratorTests" runstate="Runnable" seed="1361000635" result="Passed" start-time="2016-02-19 11:52:46Z" end-time="2016-02-19 11:52:46Z" duration="0.002914" asserts="1" />
                <test-case id="0-4598" name="SpecialNamedValues(double.PositiveInfinity)" fullname="NUnit.Framework.Internal.Tests.TestNameGeneratorTests.SpecialNamedValues(double.PositiveInfinity)" methodname="SpecialNamedValues" classname="NUnit.Framework.Internal.Tests.TestNameGeneratorTests" runstate="Runnable" seed="1384952551" result="Passed" start-time="2016-02-19 11:52:46Z" end-time="2016-02-19 11:52:46Z" duration="0.000361" asserts="1" />
                <test-case id="0-4599" name="SpecialNamedValues(double.NegativeInfinity)" fullname="NUnit.Framework.Internal.Tests.TestNameGeneratorTests.SpecialNamedValues(double.NegativeInfinity)" methodname="SpecialNamedValues" classname="NUnit.Framework.Internal.Tests.TestNameGeneratorTests" runstate="Runnable" seed="1137513925" result="Passed" start-time="2016-02-19 11:52:46Z" end-time="2016-02-19 11:52:46Z" duration="0.000349" asserts="1" />
                <test-case id="0-4600" name="SpecialNamedValues(float.MaxValue)" fullname="NUnit.Framework.Internal.Tests.TestNameGeneratorTests.SpecialNamedValues(float.MaxValue)" methodname="SpecialNamedValues" classname="NUnit.Framework.Internal.Tests.TestNameGeneratorTests" runstate="Runnable" seed="1379628486" result="Passed" start-time="2016-02-19 11:52:46Z" end-time="2016-02-19 11:52:46Z" duration="0.000356" asserts="1" />
                <test-case id="0-4601" name="SpecialNamedValues(float.MinValue)" fullname="NUnit.Framework.Internal.Tests.TestNameGeneratorTests.SpecialNamedValues(float.MinValue)" methodname="SpecialNamedValues" classname="NUnit.Framework.Internal.Tests.TestNameGeneratorTests" runstate="Runnable" seed="591482836" result="Passed" start-time="2016-02-19 11:52:46Z" end-time="2016-02-19 11:52:46Z" duration="0.000412" asserts="1" />
                <test-case id="0-4602" name="SpecialNamedValues(float.NaN)" fullname="NUnit.Framework.Internal.Tests.TestNameGeneratorTests.SpecialNamedValues(float.NaN)" methodname="SpecialNamedValues" classname="NUnit.Framework.Internal.Tests.TestNameGeneratorTests" runstate="Runnable" seed="212513126" result="Passed" start-time="2016-02-19 11:52:46Z" end-time="2016-02-19 11:52:46Z" duration="0.000420" asserts="1" />
                <test-case id="0-4603" name="SpecialNamedValues(float.PositiveInfinity)" fullname="NUnit.Framework.Internal.Tests.TestNameGeneratorTests.SpecialNamedValues(float.PositiveInfinity)" methodname="SpecialNamedValues" classname="NUnit.Framework.Internal.Tests.TestNameGeneratorTests" runstate="Runnable" seed="1401872728" result="Passed" start-time="2016-02-19 11:52:46Z" end-time="2016-02-19 11:52:46Z" duration="0.000484" asserts="1" />
                <test-case id="0-4604" name="SpecialNamedValues(float.NegativeInfinity)" fullname="NUnit.Framework.Internal.Tests.TestNameGeneratorTests.SpecialNamedValues(float.NegativeInfinity)" methodname="SpecialNamedValues" classname="NUnit.Framework.Internal.Tests.TestNameGeneratorTests" runstate="Runnable" seed="1803534457" result="Passed" start-time="2016-02-19 11:52:46Z" end-time="2016-02-19 11:52:46Z" duration="0.000353" asserts="1" />
                <test-case id="0-4605" name="SpecialNamedValues(int.MaxValue)" fullname="NUnit.Framework.Internal.Tests.TestNameGeneratorTests.SpecialNamedValues(int.MaxValue)" methodname="SpecialNamedValues" classname="NUnit.Framework.Internal.Tests.TestNameGeneratorTests" runstate="Runnable" seed="1084496607" result="Passed" start-time="2016-02-19 11:52:46Z" end-time="2016-02-19 11:52:46Z" duration="0.000375" asserts="1" />
                <test-case id="0-4606" name="SpecialNamedValues(int.MinValue)" fullname="NUnit.Framework.Internal.Tests.TestNameGeneratorTests.SpecialNamedValues(int.MinValue)" methodname="SpecialNamedValues" classname="NUnit.Framework.Internal.Tests.TestNameGeneratorTests" runstate="Runnable" seed="187028" result="Passed" start-time="2016-02-19 11:52:46Z" end-time="2016-02-19 11:52:46Z" duration="0.000349" asserts="1" />
                <test-case id="0-4607" name="SpecialNamedValues(uint.MaxValue)" fullname="NUnit.Framework.Internal.Tests.TestNameGeneratorTests.SpecialNamedValues(uint.MaxValue)" methodname="SpecialNamedValues" classname="NUnit.Framework.Internal.Tests.TestNameGeneratorTests" runstate="Runnable" seed="2112393256" result="Passed" start-time="2016-02-19 11:52:46Z" end-time="2016-02-19 11:52:46Z" duration="0.000358" asserts="1" />
                <test-case id="0-4608" name="SpecialNamedValues(uint.MinValue)" fullname="NUnit.Framework.Internal.Tests.TestNameGeneratorTests.SpecialNamedValues(uint.MinValue)" methodname="SpecialNamedValues" classname="NUnit.Framework.Internal.Tests.TestNameGeneratorTests" runstate="Runnable" seed="178204719" result="Passed" start-time="2016-02-19 11:52:46Z" end-time="2016-02-19 11:52:46Z" duration="0.000347" asserts="1" />
                <test-case id="0-4609" name="SpecialNamedValues(long.MaxValue)" fullname="NUnit.Framework.Internal.Tests.TestNameGeneratorTests.SpecialNamedValues(long.MaxValue)" methodname="SpecialNamedValues" classname="NUnit.Framework.Internal.Tests.TestNameGeneratorTests" runstate="Runnable" seed="1877444847" result="Passed" start-time="2016-02-19 11:52:46Z" end-time="2016-02-19 11:52:46Z" duration="0.000357" asserts="1" />
                <test-case id="0-4610" name="SpecialNamedValues(long.MinValue)" fullname="NUnit.Framework.Internal.Tests.TestNameGeneratorTests.SpecialNamedValues(long.MinValue)" methodname="SpecialNamedValues" classname="NUnit.Framework.Internal.Tests.TestNameGeneratorTests" runstate="Runnable" seed="1549817143" result="Passed" start-time="2016-02-19 11:52:46Z" end-time="2016-02-19 11:52:46Z" duration="0.001423" asserts="1" />
                <test-case id="0-4611" name="SpecialNamedValues(ulong.MaxValue)" fullname="NUnit.Framework.Internal.Tests.TestNameGeneratorTests.SpecialNamedValues(ulong.MaxValue)" methodname="SpecialNamedValues" classname="NUnit.Framework.Internal.Tests.TestNameGeneratorTests" runstate="Runnable" seed="972431894" result="Passed" start-time="2016-02-19 11:52:46Z" end-time="2016-02-19 11:52:46Z" duration="0.000351" asserts="1" />
                <test-case id="0-4612" name="SpecialNamedValues(ulong.MinValue)" fullname="NUnit.Framework.Internal.Tests.TestNameGeneratorTests.SpecialNamedValues(ulong.MinValue)" methodname="SpecialNamedValues" classname="NUnit.Framework.Internal.Tests.TestNameGeneratorTests" runstate="Runnable" seed="974896381" result="Passed" start-time="2016-02-19 11:52:46Z" end-time="2016-02-19 11:52:46Z" duration="0.000357" asserts="1" />
                <test-case id="0-4613" name="SpecialNamedValues(short.MaxValue)" fullname="NUnit.Framework.Internal.Tests.TestNameGeneratorTests.SpecialNamedValues(short.MaxValue)" methodname="SpecialNamedValues" classname="NUnit.Framework.Internal.Tests.TestNameGeneratorTests" runstate="Runnable" seed="1084589141" result="Passed" start-time="2016-02-19 11:52:46Z" end-time="2016-02-19 11:52:46Z" duration="0.000340" asserts="1" />
                <test-case id="0-4614" name="SpecialNamedValues(short.MinValue)" fullname="NUnit.Framework.Internal.Tests.TestNameGeneratorTests.SpecialNamedValues(short.MinValue)" methodname="SpecialNamedValues" classname="NUnit.Framework.Internal.Tests.TestNameGeneratorTests" runstate="Runnable" seed="667851774" result="Passed" start-time="2016-02-19 11:52:46Z" end-time="2016-02-19 11:52:46Z" duration="0.000464" asserts="1" />
                <test-case id="0-4615" name="SpecialNamedValues(ushort.MaxValue)" fullname="NUnit.Framework.Internal.Tests.TestNameGeneratorTests.SpecialNamedValues(ushort.MaxValue)" methodname="SpecialNamedValues" classname="NUnit.Framework.Internal.Tests.TestNameGeneratorTests" runstate="Runnable" seed="912422406" result="Passed" start-time="2016-02-19 11:52:46Z" end-time="2016-02-19 11:52:46Z" duration="0.000326" asserts="1" />
                <test-case id="0-4616" name="SpecialNamedValues(ushort.MinValue)" fullname="NUnit.Framework.Internal.Tests.TestNameGeneratorTests.SpecialNamedValues(ushort.MinValue)" methodname="SpecialNamedValues" classname="NUnit.Framework.Internal.Tests.TestNameGeneratorTests" runstate="Runnable" seed="644629780" result="Passed" start-time="2016-02-19 11:52:46Z" end-time="2016-02-19 11:52:46Z" duration="0.000338" asserts="1" />
                <test-case id="0-4617" name="SpecialNamedValues(byte.MaxValue)" fullname="NUnit.Framework.Internal.Tests.TestNameGeneratorTests.SpecialNamedValues(byte.MaxValue)" methodname="SpecialNamedValues" classname="NUnit.Framework.Internal.Tests.TestNameGeneratorTests" runstate="Runnable" seed="1198744962" result="Passed" start-time="2016-02-19 11:52:46Z" end-time="2016-02-19 11:52:46Z" duration="0.000346" asserts="1" />
                <test-case id="0-4618" name="SpecialNamedValues(byte.MinValue)" fullname="NUnit.Framework.Internal.Tests.TestNameGeneratorTests.SpecialNamedValues(byte.MinValue)" methodname="SpecialNamedValues" classname="NUnit.Framework.Internal.Tests.TestNameGeneratorTests" runstate="Runnable" seed="77695962" result="Passed" start-time="2016-02-19 11:52:46Z" end-time="2016-02-19 11:52:46Z" duration="0.000338" asserts="1" />
                <test-case id="0-4619" name="SpecialNamedValues(sbyte.MaxValue)" fullname="NUnit.Framework.Internal.Tests.TestNameGeneratorTests.SpecialNamedValues(sbyte.MaxValue)" methodname="SpecialNamedValues" classname="NUnit.Framework.Internal.Tests.TestNameGeneratorTests" runstate="Runnable" seed="1587812078" result="Passed" start-time="2016-02-19 11:52:46Z" end-time="2016-02-19 11:52:46Z" duration="0.000452" asserts="1" />
                <test-case id="0-4620" name="SpecialNamedValues(sbyte.MinValue)" fullname="NUnit.Framework.Internal.Tests.TestNameGeneratorTests.SpecialNamedValues(sbyte.MinValue)" methodname="SpecialNamedValues" classname="NUnit.Framework.Internal.Tests.TestNameGeneratorTests" runstate="Runnable" seed="1688227793" result="Passed" start-time="2016-02-19 11:52:46Z" end-time="2016-02-19 11:52:46Z" duration="0.000353" asserts="1" />
              </test-suite>
            </test-suite>
          </test-suite>
          <test-suite type="TestFixture" id="0-4346" name="TextMessageWriterTests" fullname="NUnit.Framework.Internal.TextMessageWriterTests" classname="NUnit.Framework.Internal.TextMessageWriterTests" runstate="Runnable" testcasecount="4" result="Passed" start-time="2016-02-19 11:52:46Z" end-time="2016-02-19 11:52:46Z" duration="0.008567" total="4" passed="4" failed="0" inconclusive="0" skipped="0" asserts="4">
            <test-case id="0-4347" name="DisplayStringDifferences" fullname="NUnit.Framework.Internal.TextMessageWriterTests.DisplayStringDifferences" methodname="DisplayStringDifferences" classname="NUnit.Framework.Internal.TextMessageWriterTests" runstate="Runnable" seed="1526228004" result="Passed" start-time="2016-02-19 11:52:46Z" end-time="2016-02-19 11:52:46Z" duration="0.001296" asserts="1" />
            <test-case id="0-4348" name="DisplayStringDifferences_NoClipping" fullname="NUnit.Framework.Internal.TextMessageWriterTests.DisplayStringDifferences_NoClipping" methodname="DisplayStringDifferences_NoClipping" classname="NUnit.Framework.Internal.TextMessageWriterTests" runstate="Runnable" seed="1903036923" result="Passed" start-time="2016-02-19 11:52:46Z" end-time="2016-02-19 11:52:46Z" duration="0.000926" asserts="1" />
            <test-case id="0-4349" name="WriteMessageLine_EmbeddedZeroes" fullname="NUnit.Framework.Internal.TextMessageWriterTests.WriteMessageLine_EmbeddedZeroes" methodname="WriteMessageLine_EmbeddedZeroes" classname="NUnit.Framework.Internal.TextMessageWriterTests" runstate="Runnable" seed="1766315223" result="Passed" start-time="2016-02-19 11:52:46Z" end-time="2016-02-19 11:52:46Z" duration="0.000575" asserts="1" />
            <test-case id="0-4350" name="WriteMessageLine_EmbeddedZeroesAsArgs" fullname="NUnit.Framework.Internal.TextMessageWriterTests.WriteMessageLine_EmbeddedZeroesAsArgs" methodname="WriteMessageLine_EmbeddedZeroesAsArgs" classname="NUnit.Framework.Internal.TextMessageWriterTests" runstate="Runnable" seed="1271163624" result="Passed" start-time="2016-02-19 11:52:46Z" end-time="2016-02-19 11:52:46Z" duration="0.000964" asserts="1" />
          </test-suite>
          <test-suite type="TestFixture" id="0-4233" name="TestMethodSignatureTests" fullname="NUnit.Framework.Internal.TestMethodSignatureTests" classname="NUnit.Framework.Internal.TestMethodSignatureTests" runstate="Runnable" testcasecount="21" result="Passed" start-time="2016-02-19 11:52:46Z" end-time="2016-02-19 11:52:46Z" duration="0.104668" total="21" passed="21" failed="0" inconclusive="0" skipped="0" asserts="39">
            <test-case id="0-4234" name="InstanceTestMethodIsRunnable" fullname="NUnit.Framework.Internal.TestMethodSignatureTests.InstanceTestMethodIsRunnable" methodname="InstanceTestMethodIsRunnable" classname="NUnit.Framework.Internal.TestMethodSignatureTests" runstate="Runnable" seed="181163533" result="Passed" start-time="2016-02-19 11:52:46Z" end-time="2016-02-19 11:52:46Z" duration="0.000922" asserts="1" />
            <test-case id="0-4249" name="PrivateTestMethodIsNotRunnable" fullname="NUnit.Framework.Internal.TestMethodSignatureTests.PrivateTestMethodIsNotRunnable" methodname="PrivateTestMethodIsNotRunnable" classname="NUnit.Framework.Internal.TestMethodSignatureTests" runstate="Runnable" seed="1086119896" result="Passed" start-time="2016-02-19 11:52:46Z" end-time="2016-02-19 11:52:46Z" duration="0.000406" asserts="2" />
            <test-case id="0-4248" name="ProtectedTestMethodIsNotRunnable" fullname="NUnit.Framework.Internal.TestMethodSignatureTests.ProtectedTestMethodIsNotRunnable" methodname="ProtectedTestMethodIsNotRunnable" classname="NUnit.Framework.Internal.TestMethodSignatureTests" runstate="Runnable" seed="1563574149" result="Passed" start-time="2016-02-19 11:52:46Z" end-time="2016-02-19 11:52:46Z" duration="0.000335" asserts="2" />
            <test-case id="0-4254" name="RunningTestsThroughFixtureGivesCorrectResults" fullname="NUnit.Framework.Internal.TestMethodSignatureTests.RunningTestsThroughFixtureGivesCorrectResults" methodname="RunningTestsThroughFixtureGivesCorrectResults" classname="NUnit.Framework.Internal.TestMethodSignatureTests" runstate="Runnable" seed="713549365" result="Passed" start-time="2016-02-19 11:52:46Z" end-time="2016-02-19 11:52:46Z" duration="0.028193" asserts="0" />
            <test-case id="0-4235" name="StaticTestMethodIsRunnable" fullname="NUnit.Framework.Internal.TestMethodSignatureTests.StaticTestMethodIsRunnable" methodname="StaticTestMethodIsRunnable" classname="NUnit.Framework.Internal.TestMethodSignatureTests" runstate="Runnable" seed="115619267" result="Passed" start-time="2016-02-19 11:52:46Z" end-time="2016-02-19 11:52:46Z" duration="0.000531" asserts="1" />
            <test-case id="0-4242" name="StaticTestMethodWithArgumentsNotProvidedIsNotRunnable" fullname="NUnit.Framework.Internal.TestMethodSignatureTests.StaticTestMethodWithArgumentsNotProvidedIsNotRunnable" methodname="StaticTestMethodWithArgumentsNotProvidedIsNotRunnable" classname="NUnit.Framework.Internal.TestMethodSignatureTests" runstate="Runnable" seed="1428011862" result="Passed" start-time="2016-02-19 11:52:46Z" end-time="2016-02-19 11:52:46Z" duration="0.000348" asserts="2" />
            <test-case id="0-4243" name="StaticTestMethodWithArgumentsProvidedIsRunnable" fullname="NUnit.Framework.Internal.TestMethodSignatureTests.StaticTestMethodWithArgumentsProvidedIsRunnable" methodname="StaticTestMethodWithArgumentsProvidedIsRunnable" classname="NUnit.Framework.Internal.TestMethodSignatureTests" runstate="Runnable" seed="2101193453" result="Passed" start-time="2016-02-19 11:52:46Z" end-time="2016-02-19 11:52:46Z" duration="0.001238" asserts="1" />
            <test-case id="0-4245" name="StaticTestMethodWithWrongArgumentTypesProvidedGivesError" fullname="NUnit.Framework.Internal.TestMethodSignatureTests.StaticTestMethodWithWrongArgumentTypesProvidedGivesError" methodname="StaticTestMethodWithWrongArgumentTypesProvidedGivesError" classname="NUnit.Framework.Internal.TestMethodSignatureTests" runstate="Runnable" seed="795504478" result="Passed" start-time="2016-02-19 11:52:46Z" end-time="2016-02-19 11:52:46Z" duration="0.009883" asserts="1" />
            <test-case id="0-4244" name="StaticTestMethodWithWrongNumberOfArgumentsProvidedIsNotRunnable" fullname="NUnit.Framework.Internal.TestMethodSignatureTests.StaticTestMethodWithWrongNumberOfArgumentsProvidedIsNotRunnable" methodname="StaticTestMethodWithWrongNumberOfArgumentsProvidedIsNotRunnable" classname="NUnit.Framework.Internal.TestMethodSignatureTests" runstate="Runnable" seed="453615669" result="Passed" start-time="2016-02-19 11:52:46Z" end-time="2016-02-19 11:52:46Z" duration="0.000830" asserts="2" />
            <test-case id="0-4238" name="TestMethodHasAttributesAppliedCorrectlyEvenIfNotRunnable" fullname="NUnit.Framework.Internal.TestMethodSignatureTests.TestMethodHasAttributesAppliedCorrectlyEvenIfNotRunnable" methodname="TestMethodHasAttributesAppliedCorrectlyEvenIfNotRunnable" classname="NUnit.Framework.Internal.TestMethodSignatureTests" runstate="Runnable" seed="520888982" result="Passed" start-time="2016-02-19 11:52:46Z" end-time="2016-02-19 11:52:46Z" duration="0.001459" asserts="5" />
            <test-case id="0-4237" name="TestMethodWithArgumentsNotProvidedIsNotRunnable" fullname="NUnit.Framework.Internal.TestMethodSignatureTests.TestMethodWithArgumentsNotProvidedIsNotRunnable" methodname="TestMethodWithArgumentsNotProvidedIsNotRunnable" classname="NUnit.Framework.Internal.TestMethodSignatureTests" runstate="Runnable" seed="1071611717" result="Passed" start-time="2016-02-19 11:52:46Z" end-time="2016-02-19 11:52:46Z" duration="0.000400" asserts="2" />
            <test-case id="0-4239" name="TestMethodWithArgumentsProvidedIsRunnable" fullname="NUnit.Framework.Internal.TestMethodSignatureTests.TestMethodWithArgumentsProvidedIsRunnable" methodname="TestMethodWithArgumentsProvidedIsRunnable" classname="NUnit.Framework.Internal.TestMethodSignatureTests" runstate="Runnable" seed="1440038812" result="Passed" start-time="2016-02-19 11:52:46Z" end-time="2016-02-19 11:52:46Z" duration="0.013630" asserts="1" />
            <test-case id="0-4246" name="TestMethodWithConvertibleArgumentsIsRunnable" fullname="NUnit.Framework.Internal.TestMethodSignatureTests.TestMethodWithConvertibleArgumentsIsRunnable" methodname="TestMethodWithConvertibleArgumentsIsRunnable" classname="NUnit.Framework.Internal.TestMethodSignatureTests" runstate="Runnable" seed="738772749" result="Passed" start-time="2016-02-19 11:52:46Z" end-time="2016-02-19 11:52:46Z" duration="0.001552" asserts="1" />
            <test-case id="0-4251" name="TestMethodWithExpectedReturnTypeIsRunnable" fullname="NUnit.Framework.Internal.TestMethodSignatureTests.TestMethodWithExpectedReturnTypeIsRunnable" methodname="TestMethodWithExpectedReturnTypeIsRunnable" classname="NUnit.Framework.Internal.TestMethodSignatureTests" runstate="Runnable" seed="597038913" result="Passed" start-time="2016-02-19 11:52:46Z" end-time="2016-02-19 11:52:46Z" duration="0.000734" asserts="1" />
            <test-case id="0-4252" name="TestMethodWithMultipleTestCasesExecutesMultipleTimes" fullname="NUnit.Framework.Internal.TestMethodSignatureTests.TestMethodWithMultipleTestCasesExecutesMultipleTimes" methodname="TestMethodWithMultipleTestCasesExecutesMultipleTimes" classname="NUnit.Framework.Internal.TestMethodSignatureTests" runstate="Runnable" seed="397630172" result="Passed" start-time="2016-02-19 11:52:46Z" end-time="2016-02-19 11:52:46Z" duration="0.003752" asserts="1" />
            <test-case id="0-4253" name="TestMethodWithMultipleTestCasesUsesCorrectNames" fullname="NUnit.Framework.Internal.TestMethodSignatureTests.TestMethodWithMultipleTestCasesUsesCorrectNames" methodname="TestMethodWithMultipleTestCasesUsesCorrectNames" classname="NUnit.Framework.Internal.TestMethodSignatureTests" runstate="Runnable" seed="397119827" result="Passed" start-time="2016-02-19 11:52:46Z" end-time="2016-02-19 11:52:46Z" duration="0.003057" asserts="8" />
            <test-case id="0-4247" name="TestMethodWithNonConvertibleArgumentsGivesError" fullname="NUnit.Framework.Internal.TestMethodSignatureTests.TestMethodWithNonConvertibleArgumentsGivesError" methodname="TestMethodWithNonConvertibleArgumentsGivesError" classname="NUnit.Framework.Internal.TestMethodSignatureTests" runstate="Runnable" seed="728015359" result="Passed" start-time="2016-02-19 11:52:46Z" end-time="2016-02-19 11:52:46Z" duration="0.011597" asserts="1" />
            <test-case id="0-4236" name="TestMethodWithoutParametersWithArgumentsProvidedIsNotRunnable" fullname="NUnit.Framework.Internal.TestMethodSignatureTests.TestMethodWithoutParametersWithArgumentsProvidedIsNotRunnable" methodname="TestMethodWithoutParametersWithArgumentsProvidedIsNotRunnable" classname="NUnit.Framework.Internal.TestMethodSignatureTests" runstate="Runnable" seed="224368073" result="Passed" start-time="2016-02-19 11:52:46Z" end-time="2016-02-19 11:52:46Z" duration="0.000329" asserts="2" />
            <test-case id="0-4250" name="TestMethodWithReturnTypeIsNotRunnable" fullname="NUnit.Framework.Internal.TestMethodSignatureTests.TestMethodWithReturnTypeIsNotRunnable" methodname="TestMethodWithReturnTypeIsNotRunnable" classname="NUnit.Framework.Internal.TestMethodSignatureTests" runstate="Runnable" seed="10017990" result="Passed" start-time="2016-02-19 11:52:46Z" end-time="2016-02-19 11:52:46Z" duration="0.000366" asserts="2" />
            <test-case id="0-4241" name="TestMethodWithWrongArgumentTypesProvidedGivesError" fullname="NUnit.Framework.Internal.TestMethodSignatureTests.TestMethodWithWrongArgumentTypesProvidedGivesError" methodname="TestMethodWithWrongArgumentTypesProvidedGivesError" classname="NUnit.Framework.Internal.TestMethodSignatureTests" runstate="Runnable" seed="56567972" result="Passed" start-time="2016-02-19 11:52:46Z" end-time="2016-02-19 11:52:46Z" duration="0.002486" asserts="1" />
            <test-case id="0-4240" name="TestMethodWithWrongNumberOfArgumentsProvidedIsNotRunnable" fullname="NUnit.Framework.Internal.TestMethodSignatureTests.TestMethodWithWrongNumberOfArgumentsProvidedIsNotRunnable" methodname="TestMethodWithWrongNumberOfArgumentsProvidedIsNotRunnable" classname="NUnit.Framework.Internal.TestMethodSignatureTests" runstate="Runnable" seed="2065760338" result="Passed" start-time="2016-02-19 11:52:46Z" end-time="2016-02-19 11:52:46Z" duration="0.002172" asserts="2" />
          </test-suite>
          <test-suite type="GenericFixture" id="0-4373" name="TypeParameterUsedWithTestMethod&lt;T&gt;" fullname="NUnit.Framework.Internal.TypeParameterUsedWithTestMethod&lt;T&gt;" runstate="Runnable" testcasecount="2" result="Passed" start-time="2016-02-19 11:52:43Z" end-time="2016-02-19 11:52:46Z" duration="2.815064" total="2" passed="2" failed="0" inconclusive="0" skipped="0" asserts="2">
            <test-suite type="TestFixture" id="0-4369" name="TypeParameterUsedWithTestMethod&lt;Double&gt;" fullname="NUnit.Framework.Internal.TypeParameterUsedWithTestMethod&lt;Double&gt;" classname="NUnit.Framework.Internal.TypeParameterUsedWithTestMethod`1" runstate="Runnable" testcasecount="2" result="Passed" start-time="2016-02-19 11:52:46Z" end-time="2016-02-19 11:52:46Z" duration="0.001691" total="2" passed="2" failed="0" inconclusive="0" skipped="0" asserts="2">
              <properties>
                <property name="Category" value="Generics" />
              </properties>
              <test-suite type="ParameterizedMethod" id="0-4372" name="TestMyArgType" fullname="NUnit.Framework.Internal.TypeParameterUsedWithTestMethod`1[[System.Double, mscorlib, Version=4.0.0.0, Culture=neutral, PublicKeyToken=b77a5c561934e089]].TestMyArgType" runstate="Runnable" testcasecount="2" result="Passed" start-time="2016-02-19 11:52:46Z" end-time="2016-02-19 11:52:46Z" duration="0.001377" total="2" passed="2" failed="0" inconclusive="0" skipped="0" asserts="2">
                <test-case id="0-4370" name="TestMyArgType(5.0d)" fullname="NUnit.Framework.Internal.TypeParameterUsedWithTestMethod&lt;Double&gt;.TestMyArgType(5.0d)" methodname="TestMyArgType" classname="NUnit.Framework.Internal.TypeParameterUsedWithTestMethod`1" runstate="Runnable" seed="1088674266" result="Passed" start-time="2016-02-19 11:52:46Z" end-time="2016-02-19 11:52:46Z" duration="0.000419" asserts="1" />
                <test-case id="0-4371" name="TestMyArgType(1.23d)" fullname="NUnit.Framework.Internal.TypeParameterUsedWithTestMethod&lt;Double&gt;.TestMyArgType(1.23d)" methodname="TestMyArgType" classname="NUnit.Framework.Internal.TypeParameterUsedWithTestMethod`1" runstate="Runnable" seed="1564910394" result="Passed" start-time="2016-02-19 11:52:46Z" end-time="2016-02-19 11:52:46Z" duration="0.000061" asserts="1" />
              </test-suite>
            </test-suite>
          </test-suite>
          <test-suite type="TestFixture" id="0-4183" name="TextExecutionContextInAppDomain" fullname="NUnit.Framework.Internal.TextExecutionContextInAppDomain" classname="NUnit.Framework.Internal.TextExecutionContextInAppDomain" runstate="Runnable" testcasecount="2" result="Passed" start-time="2016-02-19 11:52:46Z" end-time="2016-02-19 11:52:46Z" duration="0.033546" total="2" passed="2" failed="0" inconclusive="0" skipped="0" asserts="2">
            <test-case id="0-4184" name="CanWriteToConsoleInAppDomain" fullname="NUnit.Framework.Internal.TextExecutionContextInAppDomain.CanWriteToConsoleInAppDomain" methodname="CanWriteToConsoleInAppDomain" classname="NUnit.Framework.Internal.TextExecutionContextInAppDomain" runstate="Runnable" seed="1865428594" result="Passed" start-time="2016-02-19 11:52:46Z" end-time="2016-02-19 11:52:46Z" duration="0.013793" asserts="1">
              <properties>
                <property name="Description" value="Issue 71 - NUnit swallows console output from AppDomains created within tests" />
              </properties>
            </test-case>
            <test-case id="0-4185" name="CanWriteToTestContextInAppDomain" fullname="NUnit.Framework.Internal.TextExecutionContextInAppDomain.CanWriteToTestContextInAppDomain" methodname="CanWriteToTestContextInAppDomain" classname="NUnit.Framework.Internal.TextExecutionContextInAppDomain" runstate="Runnable" seed="391468219" result="Passed" start-time="2016-02-19 11:52:46Z" end-time="2016-02-19 11:52:46Z" duration="0.017347" asserts="1">
              <properties>
                <property name="Description" value="Issue 210 - TestContext.WriteLine in an AppDomain causes an error" />
              </properties>
              <output><![CDATA[RunsInAppDomain.WriteToTestContext
]]></output>
            </test-case>
          </test-suite>
          <test-suite type="TestFixture" id="0-4374" name="UnexpectedExceptionTests" fullname="NUnit.Framework.Internal.UnexpectedExceptionTests" classname="NUnit.Framework.Internal.UnexpectedExceptionTests" runstate="Runnable" testcasecount="6" result="Passed" start-time="2016-02-19 11:52:46Z" end-time="2016-02-19 11:52:46Z" duration="0.017169" total="6" passed="6" failed="0" inconclusive="0" skipped="0" asserts="6">
            <test-case id="0-4379" name="BadStackTraceIsHandled" fullname="NUnit.Framework.Internal.UnexpectedExceptionTests.BadStackTraceIsHandled" methodname="BadStackTraceIsHandled" classname="NUnit.Framework.Internal.UnexpectedExceptionTests" runstate="Runnable" seed="829018159" result="Passed" start-time="2016-02-19 11:52:46Z" end-time="2016-02-19 11:52:46Z" duration="0.002178" asserts="1" />
            <test-case id="0-4380" name="CustomExceptionIsHandled" fullname="NUnit.Framework.Internal.UnexpectedExceptionTests.CustomExceptionIsHandled" methodname="CustomExceptionIsHandled" classname="NUnit.Framework.Internal.UnexpectedExceptionTests" runstate="Runnable" seed="774800198" result="Passed" start-time="2016-02-19 11:52:46Z" end-time="2016-02-19 11:52:46Z" duration="0.001979" asserts="1" />
            <test-case id="0-4375" name="FailRecordsInnerException" fullname="NUnit.Framework.Internal.UnexpectedExceptionTests.FailRecordsInnerException" methodname="FailRecordsInnerException" classname="NUnit.Framework.Internal.UnexpectedExceptionTests" runstate="Runnable" seed="616308697" result="Passed" start-time="2016-02-19 11:52:46Z" end-time="2016-02-19 11:52:46Z" duration="0.002077" asserts="1" />
            <test-case id="0-4377" name="FailRecordsInnerExceptionsAsPartOfAggregateException" fullname="NUnit.Framework.Internal.UnexpectedExceptionTests.FailRecordsInnerExceptionsAsPartOfAggregateException" methodname="FailRecordsInnerExceptionsAsPartOfAggregateException" classname="NUnit.Framework.Internal.UnexpectedExceptionTests" runstate="Runnable" seed="1294963126" result="Passed" start-time="2016-02-19 11:52:46Z" end-time="2016-02-19 11:52:46Z" duration="0.002566" asserts="1" />
            <test-case id="0-4376" name="FailRecordsNestedInnerException" fullname="NUnit.Framework.Internal.UnexpectedExceptionTests.FailRecordsNestedInnerException" methodname="FailRecordsNestedInnerException" classname="NUnit.Framework.Internal.UnexpectedExceptionTests" runstate="Runnable" seed="672553983" result="Passed" start-time="2016-02-19 11:52:46Z" end-time="2016-02-19 11:52:46Z" duration="0.002039" asserts="1" />
            <test-case id="0-4378" name="FailRecordsNestedInnerExceptionAsPartOfAggregateException" fullname="NUnit.Framework.Internal.UnexpectedExceptionTests.FailRecordsNestedInnerExceptionAsPartOfAggregateException" methodname="FailRecordsNestedInnerExceptionAsPartOfAggregateException" classname="NUnit.Framework.Internal.UnexpectedExceptionTests" runstate="Runnable" seed="1299532205" result="Passed" start-time="2016-02-19 11:52:46Z" end-time="2016-02-19 11:52:46Z" duration="0.002109" asserts="1" />
          </test-suite>
          <test-suite type="TestFixture" id="0-4351" name="TypeHelperTests" fullname="NUnit.Framework.Internal.TypeHelperTests" classname="NUnit.Framework.Internal.TypeHelperTests" runstate="Runnable" testcasecount="15" result="Passed" start-time="2016-02-19 11:52:46Z" end-time="2016-02-19 11:52:46Z" duration="0.023099" total="15" passed="15" failed="0" inconclusive="0" skipped="0" asserts="15">
            <test-suite type="ParameterizedMethod" id="0-4358" name="BestCommonTypeTest" fullname="NUnit.Framework.Internal.TypeHelperTests.BestCommonTypeTest" runstate="Runnable" testcasecount="6" result="Passed" start-time="2016-02-19 11:52:46Z" end-time="2016-02-19 11:52:46Z" duration="0.007209" total="6" passed="6" failed="0" inconclusive="0" skipped="0" asserts="6">
              <test-case id="0-4352" name="BestCommonTypeTest(NUnit.Framework.Internal.TypeHelper+NonmatchingTypeClass,System.Object)" fullname="NUnit.Framework.Internal.TypeHelperTests.BestCommonTypeTest(NUnit.Framework.Internal.TypeHelper+NonmatchingTypeClass,System.Object)" methodname="BestCommonTypeTest" classname="NUnit.Framework.Internal.TypeHelperTests" runstate="Runnable" seed="267024904" result="Passed" start-time="2016-02-19 11:52:46Z" end-time="2016-02-19 11:52:46Z" duration="0.000573" asserts="1" />
              <test-case id="0-4353" name="BestCommonTypeTest(System.Object,NUnit.Framework.Internal.TypeHelper+NonmatchingTypeClass)" fullname="NUnit.Framework.Internal.TypeHelperTests.BestCommonTypeTest(System.Object,NUnit.Framework.Internal.TypeHelper+NonmatchingTypeClass)" methodname="BestCommonTypeTest" classname="NUnit.Framework.Internal.TypeHelperTests" runstate="Runnable" seed="570083676" result="Passed" start-time="2016-02-19 11:52:46Z" end-time="2016-02-19 11:52:46Z" duration="0.000304" asserts="1" />
              <test-case id="0-4354" name="BestCommonTypeTest(NUnit.Framework.Internal.TypeHelperTests+A,NUnit.Framework.Internal.TypeHelperTests+B)" fullname="NUnit.Framework.Internal.TypeHelperTests.BestCommonTypeTest(NUnit.Framework.Internal.TypeHelperTests+A,NUnit.Framework.Internal.TypeHelperTests+B)" methodname="BestCommonTypeTest" classname="NUnit.Framework.Internal.TypeHelperTests" runstate="Runnable" seed="1926997166" result="Passed" start-time="2016-02-19 11:52:46Z" end-time="2016-02-19 11:52:46Z" duration="0.000365" asserts="1" />
              <test-case id="0-4355" name="BestCommonTypeTest(NUnit.Framework.Internal.TypeHelperTests+B,NUnit.Framework.Internal.TypeHelperTests+A)" fullname="NUnit.Framework.Internal.TypeHelperTests.BestCommonTypeTest(NUnit.Framework.Internal.TypeHelperTests+B,NUnit.Framework.Internal.TypeHelperTests+A)" methodname="BestCommonTypeTest" classname="NUnit.Framework.Internal.TypeHelperTests" runstate="Runnable" seed="150115728" result="Passed" start-time="2016-02-19 11:52:46Z" end-time="2016-02-19 11:52:46Z" duration="0.000295" asserts="1" />
              <test-case id="0-4356" name="BestCommonTypeTest(NUnit.Framework.Internal.TypeHelperTests+A,System.String)" fullname="NUnit.Framework.Internal.TypeHelperTests.BestCommonTypeTest(NUnit.Framework.Internal.TypeHelperTests+A,System.String)" methodname="BestCommonTypeTest" classname="NUnit.Framework.Internal.TypeHelperTests" runstate="Runnable" seed="109321744" result="Passed" start-time="2016-02-19 11:52:46Z" end-time="2016-02-19 11:52:46Z" duration="0.000469" asserts="1" />
              <test-case id="0-4357" name="BestCommonTypeTest(System.Int32[],System.Collections.Generic.IEnumerable`1[System.Int32])" fullname="NUnit.Framework.Internal.TypeHelperTests.BestCommonTypeTest(System.Int32[],System.Collections.Generic.IEnumerable`1[System.Int32])" methodname="BestCommonTypeTest" classname="NUnit.Framework.Internal.TypeHelperTests" runstate="Runnable" seed="950181377" result="Passed" start-time="2016-02-19 11:52:46Z" end-time="2016-02-19 11:52:46Z" duration="0.000326" asserts="1" />
            </test-suite>
            <test-suite type="ParameterizedMethod" id="0-4368" name="GetDisplayNameTests" fullname="NUnit.Framework.Internal.TypeHelperTests.GetDisplayNameTests" runstate="Runnable" testcasecount="9" result="Passed" start-time="2016-02-19 11:52:46Z" end-time="2016-02-19 11:52:46Z" duration="0.013026" total="9" passed="9" failed="0" inconclusive="0" skipped="0" asserts="9">
              <test-case id="0-4359" name="GetDisplayNameTests(System.Int32)" fullname="NUnit.Framework.Internal.TypeHelperTests.GetDisplayNameTests(System.Int32)" methodname="GetDisplayNameTests" classname="NUnit.Framework.Internal.TypeHelperTests" runstate="Runnable" seed="1463061118" result="Passed" start-time="2016-02-19 11:52:46Z" end-time="2016-02-19 11:52:46Z" duration="0.000604" asserts="1" />
              <test-case id="0-4360" name="GetDisplayNameTests(NUnit.Framework.Internal.TypeHelperTests)" fullname="NUnit.Framework.Internal.TypeHelperTests.GetDisplayNameTests(NUnit.Framework.Internal.TypeHelperTests)" methodname="GetDisplayNameTests" classname="NUnit.Framework.Internal.TypeHelperTests" runstate="Runnable" seed="540348624" result="Passed" start-time="2016-02-19 11:52:46Z" end-time="2016-02-19 11:52:46Z" duration="0.000444" asserts="1" />
              <test-case id="0-4361" name="GetDisplayNameTests(System.Int32[])" fullname="NUnit.Framework.Internal.TypeHelperTests.GetDisplayNameTests(System.Int32[])" methodname="GetDisplayNameTests" classname="NUnit.Framework.Internal.TypeHelperTests" runstate="Runnable" seed="101994931" result="Passed" start-time="2016-02-19 11:52:46Z" end-time="2016-02-19 11:52:46Z" duration="0.000350" asserts="1" />
              <test-case id="0-4362" name="GetDisplayNameTests(System.Collections.Generic.List`1[System.Int32])" fullname="NUnit.Framework.Internal.TypeHelperTests.GetDisplayNameTests(System.Collections.Generic.List`1[System.Int32])" methodname="GetDisplayNameTests" classname="NUnit.Framework.Internal.TypeHelperTests" runstate="Runnable" seed="209932136" result="Passed" start-time="2016-02-19 11:52:46Z" end-time="2016-02-19 11:52:46Z" duration="0.000392" asserts="1" />
              <test-case id="0-4363" name="GetDisplayNameTests(System.Collections.Generic.IList`1[System.String])" fullname="NUnit.Framework.Internal.TypeHelperTests.GetDisplayNameTests(System.Collections.Generic.IList`1[System.String])" methodname="GetDisplayNameTests" classname="NUnit.Framework.Internal.TypeHelperTests" runstate="Runnable" seed="1234488478" result="Passed" start-time="2016-02-19 11:52:46Z" end-time="2016-02-19 11:52:46Z" duration="0.000447" asserts="1" />
              <test-case id="0-4364" name="GetDisplayNameTests(System.Collections.Generic.Dictionary`2[System.String,System.Object])" fullname="NUnit.Framework.Internal.TypeHelperTests.GetDisplayNameTests(System.Collections.Generic.Dictionary`2[System.String,System.Object])" methodname="GetDisplayNameTests" classname="NUnit.Framework.Internal.TypeHelperTests" runstate="Runnable" seed="801414757" result="Passed" start-time="2016-02-19 11:52:46Z" end-time="2016-02-19 11:52:46Z" duration="0.000351" asserts="1" />
              <test-case id="0-4365" name="GetDisplayNameTests(System.Collections.Generic.List`1[T])" fullname="NUnit.Framework.Internal.TypeHelperTests.GetDisplayNameTests(System.Collections.Generic.List`1[T])" methodname="GetDisplayNameTests" classname="NUnit.Framework.Internal.TypeHelperTests" runstate="Runnable" seed="141203977" result="Passed" start-time="2016-02-19 11:52:46Z" end-time="2016-02-19 11:52:46Z" duration="0.000361" asserts="1" />
              <test-case id="0-4366" name="GetDisplayNameTests(System.Collections.Generic.IList`1[T])" fullname="NUnit.Framework.Internal.TypeHelperTests.GetDisplayNameTests(System.Collections.Generic.IList`1[T])" methodname="GetDisplayNameTests" classname="NUnit.Framework.Internal.TypeHelperTests" runstate="Runnable" seed="991924259" result="Passed" start-time="2016-02-19 11:52:46Z" end-time="2016-02-19 11:52:46Z" duration="0.000362" asserts="1" />
              <test-case id="0-4367" name="GetDisplayNameTests(System.Collections.Generic.Dictionary`2[TKey,TValue])" fullname="NUnit.Framework.Internal.TypeHelperTests.GetDisplayNameTests(System.Collections.Generic.Dictionary`2[TKey,TValue])" methodname="GetDisplayNameTests" classname="NUnit.Framework.Internal.TypeHelperTests" runstate="Runnable" seed="1862317609" result="Passed" start-time="2016-02-19 11:52:46Z" end-time="2016-02-19 11:52:46Z" duration="0.000359" asserts="1" />
            </test-suite>
          </test-suite>
          <test-suite type="TestFixture" id="0-4132" name="SetUpFixtureTests" fullname="NUnit.Framework.Internal.SetUpFixtureTests" classname="NUnit.Framework.Internal.SetUpFixtureTests" runstate="Runnable" testcasecount="10" result="Passed" start-time="2016-02-19 11:52:46Z" end-time="2016-02-19 11:52:46Z" duration="0.316065" total="10" passed="10" failed="0" inconclusive="0" skipped="0" asserts="104">
            <test-case id="0-4134" name="AssemblySetUpFixtureReplacesAssemblyNodeInTree" fullname="NUnit.Framework.Internal.SetUpFixtureTests.AssemblySetUpFixtureReplacesAssemblyNodeInTree" methodname="AssemblySetUpFixtureReplacesAssemblyNodeInTree" classname="NUnit.Framework.Internal.SetUpFixtureTests" runstate="Runnable" seed="1453907482" result="Passed" start-time="2016-02-19 11:52:46Z" end-time="2016-02-19 11:52:46Z" duration="0.121085" asserts="4" />
            <test-case id="0-4142" name="AssemblySetupFixtureWrapsExecutionOfTest" fullname="NUnit.Framework.Internal.SetUpFixtureTests.AssemblySetupFixtureWrapsExecutionOfTest" methodname="AssemblySetupFixtureWrapsExecutionOfTest" classname="NUnit.Framework.Internal.SetUpFixtureTests" runstate="Runnable" seed="1095488561" result="Passed" start-time="2016-02-19 11:52:46Z" end-time="2016-02-19 11:52:46Z" duration="0.132798" asserts="5" />
            <test-case id="0-4135" name="InvalidAssemblySetUpFixtureIsLoadedCorrectly" fullname="NUnit.Framework.Internal.SetUpFixtureTests.InvalidAssemblySetUpFixtureIsLoadedCorrectly" methodname="InvalidAssemblySetUpFixtureIsLoadedCorrectly" classname="NUnit.Framework.Internal.SetUpFixtureTests" runstate="Runnable" seed="768480255" result="Passed" start-time="2016-02-19 11:52:46Z" end-time="2016-02-19 11:52:46Z" duration="0.005236" asserts="20" />
            <test-case id="0-4141" name="InvalidSetUpFixtureTest" fullname="NUnit.Framework.Internal.SetUpFixtureTests.InvalidSetUpFixtureTest" methodname="InvalidSetUpFixtureTest" classname="NUnit.Framework.Internal.SetUpFixtureTests" runstate="Runnable" seed="697318585" result="Passed" start-time="2016-02-19 11:52:46Z" end-time="2016-02-19 11:52:46Z" duration="0.008390" asserts="1" />
            <test-case id="0-4133" name="NamespaceSetUpFixtureReplacesNamespaceNodeInTree" fullname="NUnit.Framework.Internal.SetUpFixtureTests.NamespaceSetUpFixtureReplacesNamespaceNodeInTree" methodname="NamespaceSetUpFixtureReplacesNamespaceNodeInTree" classname="NUnit.Framework.Internal.SetUpFixtureTests" runstate="Runnable" seed="308524472" result="Passed" start-time="2016-02-19 11:52:46Z" end-time="2016-02-19 11:52:46Z" duration="0.004113" asserts="20" />
            <test-case id="0-4136" name="NamespaceSetUpFixtureWrapsExecutionOfSingleTest" fullname="NUnit.Framework.Internal.SetUpFixtureTests.NamespaceSetUpFixtureWrapsExecutionOfSingleTest" methodname="NamespaceSetUpFixtureWrapsExecutionOfSingleTest" classname="NUnit.Framework.Internal.SetUpFixtureTests" runstate="Runnable" seed="1557869468" result="Passed" start-time="2016-02-19 11:52:46Z" end-time="2016-02-19 11:52:46Z" duration="0.006838" asserts="8" />
            <test-case id="0-4138" name="NamespaceSetUpFixtureWrapsExecutionOfTwoTests" fullname="NUnit.Framework.Internal.SetUpFixtureTests.NamespaceSetUpFixtureWrapsExecutionOfTwoTests" methodname="NamespaceSetUpFixtureWrapsExecutionOfTwoTests" classname="NUnit.Framework.Internal.SetUpFixtureTests" runstate="Runnable" seed="1172366024" result="Passed" start-time="2016-02-19 11:52:46Z" end-time="2016-02-19 11:52:46Z" duration="0.008201" asserts="13" />
            <test-case id="0-4139" name="NamespaceSetUpFixtureWrapsNestedNamespaceSetUpFixture" fullname="NUnit.Framework.Internal.SetUpFixtureTests.NamespaceSetUpFixtureWrapsNestedNamespaceSetUpFixture" methodname="NamespaceSetUpFixtureWrapsNestedNamespaceSetUpFixture" classname="NUnit.Framework.Internal.SetUpFixtureTests" runstate="Runnable" seed="1260022835" result="Passed" start-time="2016-02-19 11:52:46Z" end-time="2016-02-19 11:52:46Z" duration="0.008074" asserts="15" />
            <test-case id="0-4137" name="NamespaceSetUpMethodsMayBeStatic" fullname="NUnit.Framework.Internal.SetUpFixtureTests.NamespaceSetUpMethodsMayBeStatic" methodname="NamespaceSetUpMethodsMayBeStatic" classname="NUnit.Framework.Internal.SetUpFixtureTests" runstate="Runnable" seed="1466180263" result="Passed" start-time="2016-02-19 11:52:46Z" end-time="2016-02-19 11:52:46Z" duration="0.003954" asserts="8" />
            <test-case id="0-4140" name="WithTwoSetUpFixturesBothAreUsed" fullname="NUnit.Framework.Internal.SetUpFixtureTests.WithTwoSetUpFixturesBothAreUsed" methodname="WithTwoSetUpFixturesBothAreUsed" classname="NUnit.Framework.Internal.SetUpFixtureTests" runstate="Runnable" seed="284436455" result="Passed" start-time="2016-02-19 11:52:46Z" end-time="2016-02-19 11:52:46Z" duration="0.011858" asserts="10" />
          </test-suite>
        </test-suite>
        <test-suite type="TestSuite" id="0-4999" name="Syntax" fullname="NUnit.Framework.Syntax" runstate="Runnable" testcasecount="310" result="Passed" start-time="2016-02-19 11:52:43Z" end-time="2016-02-19 11:52:48Z" duration="4.372857" total="310" passed="310" failed="0" inconclusive="0" skipped="0" asserts="340">
          <test-suite type="TestFixture" id="0-1016" name="AfterTest_AndOperator" fullname="NUnit.Framework.Syntax.AfterTest_AndOperator" classname="NUnit.Framework.Syntax.AfterTest_AndOperator" runstate="Runnable" testcasecount="3" result="Passed" start-time="2016-02-19 11:52:46Z" end-time="2016-02-19 11:52:46Z" duration="0.004212" total="3" passed="3" failed="0" inconclusive="0" skipped="0" asserts="3">
            <test-case id="0-1018" name="SupportedByConstraintBuilder" fullname="NUnit.Framework.Syntax.AfterTest_AndOperator.SupportedByConstraintBuilder" methodname="SupportedByConstraintBuilder" classname="NUnit.Framework.Syntax.AfterTest_AndOperator" runstate="Runnable" seed="118089422" result="Passed" start-time="2016-02-19 11:52:46Z" end-time="2016-02-19 11:52:46Z" duration="0.002239" asserts="1" />
            <test-case id="0-1019" name="SupportedByInheritedSyntax" fullname="NUnit.Framework.Syntax.AfterTest_AndOperator.SupportedByInheritedSyntax" methodname="SupportedByInheritedSyntax" classname="NUnit.Framework.Syntax.AfterTest_AndOperator" runstate="Runnable" seed="1620750620" result="Passed" start-time="2016-02-19 11:52:46Z" end-time="2016-02-19 11:52:46Z" duration="0.000569" asserts="1" />
            <test-case id="0-1017" name="SupportedByStaticSyntax" fullname="NUnit.Framework.Syntax.AfterTest_AndOperator.SupportedByStaticSyntax" methodname="SupportedByStaticSyntax" classname="NUnit.Framework.Syntax.AfterTest_AndOperator" runstate="Runnable" seed="1272539657" result="Passed" start-time="2016-02-19 11:52:46Z" end-time="2016-02-19 11:52:46Z" duration="0.000700" asserts="1" />
          </test-suite>
          <test-suite type="TestFixture" id="0-1012" name="AfterTest_PropertyTest" fullname="NUnit.Framework.Syntax.AfterTest_PropertyTest" classname="NUnit.Framework.Syntax.AfterTest_PropertyTest" runstate="Runnable" testcasecount="3" result="Passed" start-time="2016-02-19 11:52:46Z" end-time="2016-02-19 11:52:46Z" duration="0.002850" total="3" passed="3" failed="0" inconclusive="0" skipped="0" asserts="3">
            <test-case id="0-1014" name="SupportedByConstraintBuilder" fullname="NUnit.Framework.Syntax.AfterTest_PropertyTest.SupportedByConstraintBuilder" methodname="SupportedByConstraintBuilder" classname="NUnit.Framework.Syntax.AfterTest_PropertyTest" runstate="Runnable" seed="213326761" result="Passed" start-time="2016-02-19 11:52:46Z" end-time="2016-02-19 11:52:46Z" duration="0.001899" asserts="1" />
            <test-case id="0-1015" name="SupportedByInheritedSyntax" fullname="NUnit.Framework.Syntax.AfterTest_PropertyTest.SupportedByInheritedSyntax" methodname="SupportedByInheritedSyntax" classname="NUnit.Framework.Syntax.AfterTest_PropertyTest" runstate="Runnable" seed="1778333889" result="Passed" start-time="2016-02-19 11:52:46Z" end-time="2016-02-19 11:52:46Z" duration="0.000104" asserts="1" />
            <test-case id="0-1013" name="SupportedByStaticSyntax" fullname="NUnit.Framework.Syntax.AfterTest_PropertyTest.SupportedByStaticSyntax" methodname="SupportedByStaticSyntax" classname="NUnit.Framework.Syntax.AfterTest_PropertyTest" runstate="Runnable" seed="1460656856" result="Passed" start-time="2016-02-19 11:52:46Z" end-time="2016-02-19 11:52:46Z" duration="0.000098" asserts="1" />
          </test-suite>
          <test-suite type="TestFixture" id="0-1008" name="AfterTest_SimpleConstraint" fullname="NUnit.Framework.Syntax.AfterTest_SimpleConstraint" classname="NUnit.Framework.Syntax.AfterTest_SimpleConstraint" runstate="Runnable" testcasecount="3" result="Passed" start-time="2016-02-19 11:52:46Z" end-time="2016-02-19 11:52:46Z" duration="0.001593" total="3" passed="3" failed="0" inconclusive="0" skipped="0" asserts="3">
            <test-case id="0-1010" name="SupportedByConstraintBuilder" fullname="NUnit.Framework.Syntax.AfterTest_SimpleConstraint.SupportedByConstraintBuilder" methodname="SupportedByConstraintBuilder" classname="NUnit.Framework.Syntax.AfterTest_SimpleConstraint" runstate="Runnable" seed="332551961" result="Passed" start-time="2016-02-19 11:52:46Z" end-time="2016-02-19 11:52:46Z" duration="0.000833" asserts="1" />
            <test-case id="0-1011" name="SupportedByInheritedSyntax" fullname="NUnit.Framework.Syntax.AfterTest_SimpleConstraint.SupportedByInheritedSyntax" methodname="SupportedByInheritedSyntax" classname="NUnit.Framework.Syntax.AfterTest_SimpleConstraint" runstate="Runnable" seed="2113917196" result="Passed" start-time="2016-02-19 11:52:46Z" end-time="2016-02-19 11:52:46Z" duration="0.000095" asserts="1" />
            <test-case id="0-1009" name="SupportedByStaticSyntax" fullname="NUnit.Framework.Syntax.AfterTest_SimpleConstraint.SupportedByStaticSyntax" methodname="SupportedByStaticSyntax" classname="NUnit.Framework.Syntax.AfterTest_SimpleConstraint" runstate="Runnable" seed="575529885" result="Passed" start-time="2016-02-19 11:52:46Z" end-time="2016-02-19 11:52:46Z" duration="0.000066" asserts="1" />
          </test-suite>
          <test-suite type="TestFixture" id="0-1168" name="AllTest" fullname="NUnit.Framework.Syntax.AllTest" classname="NUnit.Framework.Syntax.AllTest" runstate="Runnable" testcasecount="3" result="Passed" start-time="2016-02-19 11:52:46Z" end-time="2016-02-19 11:52:46Z" duration="0.004965" total="3" passed="3" failed="0" inconclusive="0" skipped="0" asserts="3">
            <test-case id="0-1170" name="SupportedByConstraintBuilder" fullname="NUnit.Framework.Syntax.AllTest.SupportedByConstraintBuilder" methodname="SupportedByConstraintBuilder" classname="NUnit.Framework.Syntax.AllTest" runstate="Runnable" seed="1304293881" result="Passed" start-time="2016-02-19 11:52:46Z" end-time="2016-02-19 11:52:46Z" duration="0.001552" asserts="1" />
            <test-case id="0-1171" name="SupportedByInheritedSyntax" fullname="NUnit.Framework.Syntax.AllTest.SupportedByInheritedSyntax" methodname="SupportedByInheritedSyntax" classname="NUnit.Framework.Syntax.AllTest" runstate="Runnable" seed="1604208725" result="Passed" start-time="2016-02-19 11:52:46Z" end-time="2016-02-19 11:52:46Z" duration="0.000080" asserts="1" />
            <test-case id="0-1169" name="SupportedByStaticSyntax" fullname="NUnit.Framework.Syntax.AllTest.SupportedByStaticSyntax" methodname="SupportedByStaticSyntax" classname="NUnit.Framework.Syntax.AllTest" runstate="Runnable" seed="34851846" result="Passed" start-time="2016-02-19 11:52:46Z" end-time="2016-02-19 11:52:46Z" duration="0.000114" asserts="1" />
          </test-suite>
          <test-suite type="TestFixture" id="0-1208" name="AndIsEvaluatedBeforeFollowingOr" fullname="NUnit.Framework.Syntax.AndIsEvaluatedBeforeFollowingOr" classname="NUnit.Framework.Syntax.AndIsEvaluatedBeforeFollowingOr" runstate="Runnable" testcasecount="3" result="Passed" start-time="2016-02-19 11:52:46Z" end-time="2016-02-19 11:52:46Z" duration="0.002277" total="3" passed="3" failed="0" inconclusive="0" skipped="0" asserts="3">
            <test-case id="0-1210" name="SupportedByConstraintBuilder" fullname="NUnit.Framework.Syntax.AndIsEvaluatedBeforeFollowingOr.SupportedByConstraintBuilder" methodname="SupportedByConstraintBuilder" classname="NUnit.Framework.Syntax.AndIsEvaluatedBeforeFollowingOr" runstate="Runnable" seed="323399992" result="Passed" start-time="2016-02-19 11:52:46Z" end-time="2016-02-19 11:52:46Z" duration="0.001411" asserts="1" />
            <test-case id="0-1211" name="SupportedByInheritedSyntax" fullname="NUnit.Framework.Syntax.AndIsEvaluatedBeforeFollowingOr.SupportedByInheritedSyntax" methodname="SupportedByInheritedSyntax" classname="NUnit.Framework.Syntax.AndIsEvaluatedBeforeFollowingOr" runstate="Runnable" seed="2115386962" result="Passed" start-time="2016-02-19 11:52:46Z" end-time="2016-02-19 11:52:46Z" duration="0.000118" asserts="1" />
            <test-case id="0-1209" name="SupportedByStaticSyntax" fullname="NUnit.Framework.Syntax.AndIsEvaluatedBeforeFollowingOr.SupportedByStaticSyntax" methodname="SupportedByStaticSyntax" classname="NUnit.Framework.Syntax.AndIsEvaluatedBeforeFollowingOr" runstate="Runnable" seed="1811611789" result="Passed" start-time="2016-02-19 11:52:46Z" end-time="2016-02-19 11:52:46Z" duration="0.000113" asserts="1" />
          </test-suite>
          <test-suite type="TestFixture" id="0-1212" name="AndIsEvaluatedBeforePrecedingOr" fullname="NUnit.Framework.Syntax.AndIsEvaluatedBeforePrecedingOr" classname="NUnit.Framework.Syntax.AndIsEvaluatedBeforePrecedingOr" runstate="Runnable" testcasecount="3" result="Passed" start-time="2016-02-19 11:52:46Z" end-time="2016-02-19 11:52:46Z" duration="0.002683" total="3" passed="3" failed="0" inconclusive="0" skipped="0" asserts="3">
            <test-case id="0-1214" name="SupportedByConstraintBuilder" fullname="NUnit.Framework.Syntax.AndIsEvaluatedBeforePrecedingOr.SupportedByConstraintBuilder" methodname="SupportedByConstraintBuilder" classname="NUnit.Framework.Syntax.AndIsEvaluatedBeforePrecedingOr" runstate="Runnable" seed="1726040950" result="Passed" start-time="2016-02-19 11:52:46Z" end-time="2016-02-19 11:52:46Z" duration="0.001891" asserts="1" />
            <test-case id="0-1215" name="SupportedByInheritedSyntax" fullname="NUnit.Framework.Syntax.AndIsEvaluatedBeforePrecedingOr.SupportedByInheritedSyntax" methodname="SupportedByInheritedSyntax" classname="NUnit.Framework.Syntax.AndIsEvaluatedBeforePrecedingOr" runstate="Runnable" seed="1096279514" result="Passed" start-time="2016-02-19 11:52:46Z" end-time="2016-02-19 11:52:46Z" duration="0.000123" asserts="1" />
            <test-case id="0-1213" name="SupportedByStaticSyntax" fullname="NUnit.Framework.Syntax.AndIsEvaluatedBeforePrecedingOr.SupportedByStaticSyntax" methodname="SupportedByStaticSyntax" classname="NUnit.Framework.Syntax.AndIsEvaluatedBeforePrecedingOr" runstate="Runnable" seed="1795143534" result="Passed" start-time="2016-02-19 11:52:46Z" end-time="2016-02-19 11:52:46Z" duration="0.000078" asserts="1" />
          </test-suite>
          <test-suite type="TestFixture" id="0-1150" name="AndOperatorOverride" fullname="NUnit.Framework.Syntax.AndOperatorOverride" classname="NUnit.Framework.Syntax.AndOperatorOverride" runstate="Runnable" testcasecount="3" result="Passed" start-time="2016-02-19 11:52:46Z" end-time="2016-02-19 11:52:46Z" duration="0.001402" total="3" passed="3" failed="0" inconclusive="0" skipped="0" asserts="3">
            <test-case id="0-1152" name="SupportedByConstraintBuilder" fullname="NUnit.Framework.Syntax.AndOperatorOverride.SupportedByConstraintBuilder" methodname="SupportedByConstraintBuilder" classname="NUnit.Framework.Syntax.AndOperatorOverride" runstate="Runnable" seed="923203722" result="Passed" start-time="2016-02-19 11:52:46Z" end-time="2016-02-19 11:52:46Z" duration="0.000882" asserts="1" />
            <test-case id="0-1153" name="SupportedByInheritedSyntax" fullname="NUnit.Framework.Syntax.AndOperatorOverride.SupportedByInheritedSyntax" methodname="SupportedByInheritedSyntax" classname="NUnit.Framework.Syntax.AndOperatorOverride" runstate="Runnable" seed="1523258905" result="Passed" start-time="2016-02-19 11:52:46Z" end-time="2016-02-19 11:52:46Z" duration="0.000099" asserts="1" />
            <test-case id="0-1151" name="SupportedByStaticSyntax" fullname="NUnit.Framework.Syntax.AndOperatorOverride.SupportedByStaticSyntax" methodname="SupportedByStaticSyntax" classname="NUnit.Framework.Syntax.AndOperatorOverride" runstate="Runnable" seed="192086313" result="Passed" start-time="2016-02-19 11:52:46Z" end-time="2016-02-19 11:52:46Z" duration="0.000069" asserts="1" />
          </test-suite>
          <test-suite type="TestFixture" id="0-1192" name="AndTest" fullname="NUnit.Framework.Syntax.AndTest" classname="NUnit.Framework.Syntax.AndTest" runstate="Runnable" testcasecount="3" result="Passed" start-time="2016-02-19 11:52:46Z" end-time="2016-02-19 11:52:46Z" duration="0.001848" total="3" passed="3" failed="0" inconclusive="0" skipped="0" asserts="3">
            <test-case id="0-1194" name="SupportedByConstraintBuilder" fullname="NUnit.Framework.Syntax.AndTest.SupportedByConstraintBuilder" methodname="SupportedByConstraintBuilder" classname="NUnit.Framework.Syntax.AndTest" runstate="Runnable" seed="2106480669" result="Passed" start-time="2016-02-19 11:52:46Z" end-time="2016-02-19 11:52:46Z" duration="0.001079" asserts="1" />
            <test-case id="0-1195" name="SupportedByInheritedSyntax" fullname="NUnit.Framework.Syntax.AndTest.SupportedByInheritedSyntax" methodname="SupportedByInheritedSyntax" classname="NUnit.Framework.Syntax.AndTest" runstate="Runnable" seed="1846305574" result="Passed" start-time="2016-02-19 11:52:46Z" end-time="2016-02-19 11:52:46Z" duration="0.000071" asserts="1" />
            <test-case id="0-1193" name="SupportedByStaticSyntax" fullname="NUnit.Framework.Syntax.AndTest.SupportedByStaticSyntax" methodname="SupportedByStaticSyntax" classname="NUnit.Framework.Syntax.AndTest" runstate="Runnable" seed="2116386846" result="Passed" start-time="2016-02-19 11:52:46Z" end-time="2016-02-19 11:52:46Z" duration="0.000089" asserts="1" />
          </test-suite>
          <test-suite type="TestFixture" id="0-1196" name="AndTest_ThreeAndsWithNot" fullname="NUnit.Framework.Syntax.AndTest_ThreeAndsWithNot" classname="NUnit.Framework.Syntax.AndTest_ThreeAndsWithNot" runstate="Runnable" testcasecount="3" result="Passed" start-time="2016-02-19 11:52:46Z" end-time="2016-02-19 11:52:46Z" duration="0.002484" total="3" passed="3" failed="0" inconclusive="0" skipped="0" asserts="3">
            <test-case id="0-1198" name="SupportedByConstraintBuilder" fullname="NUnit.Framework.Syntax.AndTest_ThreeAndsWithNot.SupportedByConstraintBuilder" methodname="SupportedByConstraintBuilder" classname="NUnit.Framework.Syntax.AndTest_ThreeAndsWithNot" runstate="Runnable" seed="1869834496" result="Passed" start-time="2016-02-19 11:52:46Z" end-time="2016-02-19 11:52:46Z" duration="0.001880" asserts="1" />
            <test-case id="0-1199" name="SupportedByInheritedSyntax" fullname="NUnit.Framework.Syntax.AndTest_ThreeAndsWithNot.SupportedByInheritedSyntax" methodname="SupportedByInheritedSyntax" classname="NUnit.Framework.Syntax.AndTest_ThreeAndsWithNot" runstate="Runnable" seed="1275732247" result="Passed" start-time="2016-02-19 11:52:46Z" end-time="2016-02-19 11:52:46Z" duration="0.000079" asserts="1" />
            <test-case id="0-1197" name="SupportedByStaticSyntax" fullname="NUnit.Framework.Syntax.AndTest_ThreeAndsWithNot.SupportedByStaticSyntax" methodname="SupportedByStaticSyntax" classname="NUnit.Framework.Syntax.AndTest_ThreeAndsWithNot" runstate="Runnable" seed="1099126687" result="Passed" start-time="2016-02-19 11:52:46Z" end-time="2016-02-19 11:52:46Z" duration="0.000071" asserts="1" />
          </test-suite>
          <test-suite type="TestFixture" id="0-1036" name="ArbitraryConstraintMatching" fullname="NUnit.Framework.Syntax.ArbitraryConstraintMatching" classname="NUnit.Framework.Syntax.ArbitraryConstraintMatching" runstate="Runnable" testcasecount="6" result="Passed" start-time="2016-02-19 11:52:46Z" end-time="2016-02-19 11:52:46Z" duration="0.012982" total="6" passed="6" failed="0" inconclusive="0" skipped="0" asserts="12">
            <test-case id="0-1042" name="ApplyMatchesToProperty" fullname="NUnit.Framework.Syntax.ArbitraryConstraintMatching.ApplyMatchesToProperty" methodname="ApplyMatchesToProperty" classname="NUnit.Framework.Syntax.ArbitraryConstraintMatching" runstate="Runnable" seed="1471442810" result="Passed" start-time="2016-02-19 11:52:46Z" end-time="2016-02-19 11:52:46Z" duration="0.005774" asserts="5" />
            <test-case id="0-1037" name="CanMatchCustomConstraint" fullname="NUnit.Framework.Syntax.ArbitraryConstraintMatching.CanMatchCustomConstraint" methodname="CanMatchCustomConstraint" classname="NUnit.Framework.Syntax.ArbitraryConstraintMatching" runstate="Runnable" seed="105033491" result="Passed" start-time="2016-02-19 11:52:46Z" end-time="2016-02-19 11:52:46Z" duration="0.000536" asserts="1" />
            <test-case id="0-1038" name="CanMatchCustomConstraintAfterPrefix" fullname="NUnit.Framework.Syntax.ArbitraryConstraintMatching.CanMatchCustomConstraintAfterPrefix" methodname="CanMatchCustomConstraintAfterPrefix" classname="NUnit.Framework.Syntax.ArbitraryConstraintMatching" runstate="Runnable" seed="980176457" result="Passed" start-time="2016-02-19 11:52:46Z" end-time="2016-02-19 11:52:46Z" duration="0.000725" asserts="1" />
            <test-case id="0-1039" name="CanMatchCustomConstraintsUnderAndOperator" fullname="NUnit.Framework.Syntax.ArbitraryConstraintMatching.CanMatchCustomConstraintsUnderAndOperator" methodname="CanMatchCustomConstraintsUnderAndOperator" classname="NUnit.Framework.Syntax.ArbitraryConstraintMatching" runstate="Runnable" seed="1567116626" result="Passed" start-time="2016-02-19 11:52:46Z" end-time="2016-02-19 11:52:46Z" duration="0.000776" asserts="1" />
            <test-case id="0-1041" name="CanMatchLambda" fullname="NUnit.Framework.Syntax.ArbitraryConstraintMatching.CanMatchLambda" methodname="CanMatchLambda" classname="NUnit.Framework.Syntax.ArbitraryConstraintMatching" runstate="Runnable" seed="1693718546" result="Passed" start-time="2016-02-19 11:52:46Z" end-time="2016-02-19 11:52:46Z" duration="0.002404" asserts="2" />
            <test-case id="0-1040" name="CanMatchPredicate" fullname="NUnit.Framework.Syntax.ArbitraryConstraintMatching.CanMatchPredicate" methodname="CanMatchPredicate" classname="NUnit.Framework.Syntax.ArbitraryConstraintMatching" runstate="Runnable" seed="1687081151" result="Passed" start-time="2016-02-19 11:52:46Z" end-time="2016-02-19 11:52:46Z" duration="0.000850" asserts="2" />
          </test-suite>
          <test-suite type="TestFixture" id="0-1379" name="AssignableFromTest" fullname="NUnit.Framework.Syntax.AssignableFromTest" classname="NUnit.Framework.Syntax.AssignableFromTest" runstate="Runnable" testcasecount="3" result="Passed" start-time="2016-02-19 11:52:46Z" end-time="2016-02-19 11:52:46Z" duration="0.000999" total="3" passed="3" failed="0" inconclusive="0" skipped="0" asserts="3">
            <test-case id="0-1381" name="SupportedByConstraintBuilder" fullname="NUnit.Framework.Syntax.AssignableFromTest.SupportedByConstraintBuilder" methodname="SupportedByConstraintBuilder" classname="NUnit.Framework.Syntax.AssignableFromTest" runstate="Runnable" seed="1377697662" result="Passed" start-time="2016-02-19 11:52:46Z" end-time="2016-02-19 11:52:46Z" duration="0.000520" asserts="1" />
            <test-case id="0-1382" name="SupportedByInheritedSyntax" fullname="NUnit.Framework.Syntax.AssignableFromTest.SupportedByInheritedSyntax" methodname="SupportedByInheritedSyntax" classname="NUnit.Framework.Syntax.AssignableFromTest" runstate="Runnable" seed="995093149" result="Passed" start-time="2016-02-19 11:52:46Z" end-time="2016-02-19 11:52:46Z" duration="0.000051" asserts="1" />
            <test-case id="0-1380" name="SupportedByStaticSyntax" fullname="NUnit.Framework.Syntax.AssignableFromTest.SupportedByStaticSyntax" methodname="SupportedByStaticSyntax" classname="NUnit.Framework.Syntax.AssignableFromTest" runstate="Runnable" seed="1159938867" result="Passed" start-time="2016-02-19 11:52:46Z" end-time="2016-02-19 11:52:46Z" duration="0.000045" asserts="1" />
          </test-suite>
          <test-suite type="TestFixture" id="0-1403" name="AssignableFromTest_Generic" fullname="NUnit.Framework.Syntax.AssignableFromTest_Generic" classname="NUnit.Framework.Syntax.AssignableFromTest_Generic" runstate="Runnable" testcasecount="3" result="Passed" start-time="2016-02-19 11:52:46Z" end-time="2016-02-19 11:52:46Z" duration="0.002096" total="3" passed="3" failed="0" inconclusive="0" skipped="0" asserts="3">
            <test-case id="0-1405" name="SupportedByConstraintBuilder" fullname="NUnit.Framework.Syntax.AssignableFromTest_Generic.SupportedByConstraintBuilder" methodname="SupportedByConstraintBuilder" classname="NUnit.Framework.Syntax.AssignableFromTest_Generic" runstate="Runnable" seed="1008468497" result="Passed" start-time="2016-02-19 11:52:46Z" end-time="2016-02-19 11:52:46Z" duration="0.001302" asserts="1" />
            <test-case id="0-1406" name="SupportedByInheritedSyntax" fullname="NUnit.Framework.Syntax.AssignableFromTest_Generic.SupportedByInheritedSyntax" methodname="SupportedByInheritedSyntax" classname="NUnit.Framework.Syntax.AssignableFromTest_Generic" runstate="Runnable" seed="1762046073" result="Passed" start-time="2016-02-19 11:52:46Z" end-time="2016-02-19 11:52:46Z" duration="0.000086" asserts="1" />
            <test-case id="0-1404" name="SupportedByStaticSyntax" fullname="NUnit.Framework.Syntax.AssignableFromTest_Generic.SupportedByStaticSyntax" methodname="SupportedByStaticSyntax" classname="NUnit.Framework.Syntax.AssignableFromTest_Generic" runstate="Runnable" seed="791166795" result="Passed" start-time="2016-02-19 11:52:46Z" end-time="2016-02-19 11:52:46Z" duration="0.000083" asserts="1" />
          </test-suite>
          <test-suite type="TestFixture" id="0-1383" name="AssignableToTest" fullname="NUnit.Framework.Syntax.AssignableToTest" classname="NUnit.Framework.Syntax.AssignableToTest" runstate="Runnable" testcasecount="3" result="Passed" start-time="2016-02-19 11:52:46Z" end-time="2016-02-19 11:52:46Z" duration="0.001549" total="3" passed="3" failed="0" inconclusive="0" skipped="0" asserts="3">
            <test-case id="0-1385" name="SupportedByConstraintBuilder" fullname="NUnit.Framework.Syntax.AssignableToTest.SupportedByConstraintBuilder" methodname="SupportedByConstraintBuilder" classname="NUnit.Framework.Syntax.AssignableToTest" runstate="Runnable" seed="1825796277" result="Passed" start-time="2016-02-19 11:52:46Z" end-time="2016-02-19 11:52:46Z" duration="0.000851" asserts="1" />
            <test-case id="0-1386" name="SupportedByInheritedSyntax" fullname="NUnit.Framework.Syntax.AssignableToTest.SupportedByInheritedSyntax" methodname="SupportedByInheritedSyntax" classname="NUnit.Framework.Syntax.AssignableToTest" runstate="Runnable" seed="1692698470" result="Passed" start-time="2016-02-19 11:52:46Z" end-time="2016-02-19 11:52:46Z" duration="0.000065" asserts="1" />
            <test-case id="0-1384" name="SupportedByStaticSyntax" fullname="NUnit.Framework.Syntax.AssignableToTest.SupportedByStaticSyntax" methodname="SupportedByStaticSyntax" classname="NUnit.Framework.Syntax.AssignableToTest" runstate="Runnable" seed="1276593807" result="Passed" start-time="2016-02-19 11:52:46Z" end-time="2016-02-19 11:52:46Z" duration="0.000047" asserts="1" />
          </test-suite>
          <test-suite type="TestFixture" id="0-1407" name="AssignableToTest_Generic" fullname="NUnit.Framework.Syntax.AssignableToTest_Generic" classname="NUnit.Framework.Syntax.AssignableToTest_Generic" runstate="Runnable" testcasecount="3" result="Passed" start-time="2016-02-19 11:52:46Z" end-time="2016-02-19 11:52:46Z" duration="0.002487" total="3" passed="3" failed="0" inconclusive="0" skipped="0" asserts="3">
            <test-case id="0-1409" name="SupportedByConstraintBuilder" fullname="NUnit.Framework.Syntax.AssignableToTest_Generic.SupportedByConstraintBuilder" methodname="SupportedByConstraintBuilder" classname="NUnit.Framework.Syntax.AssignableToTest_Generic" runstate="Runnable" seed="508198803" result="Passed" start-time="2016-02-19 11:52:46Z" end-time="2016-02-19 11:52:46Z" duration="0.001907" asserts="1" />
            <test-case id="0-1410" name="SupportedByInheritedSyntax" fullname="NUnit.Framework.Syntax.AssignableToTest_Generic.SupportedByInheritedSyntax" methodname="SupportedByInheritedSyntax" classname="NUnit.Framework.Syntax.AssignableToTest_Generic" runstate="Runnable" seed="1424770660" result="Passed" start-time="2016-02-19 11:52:46Z" end-time="2016-02-19 11:52:46Z" duration="0.000099" asserts="1" />
            <test-case id="0-1408" name="SupportedByStaticSyntax" fullname="NUnit.Framework.Syntax.AssignableToTest_Generic.SupportedByStaticSyntax" methodname="SupportedByStaticSyntax" classname="NUnit.Framework.Syntax.AssignableToTest_Generic" runstate="Runnable" seed="1933130493" result="Passed" start-time="2016-02-19 11:52:46Z" end-time="2016-02-19 11:52:46Z" duration="0.000079" asserts="1" />
          </test-suite>
          <test-suite type="TestFixture" id="0-1099" name="AtLeastTest" fullname="NUnit.Framework.Syntax.AtLeastTest" classname="NUnit.Framework.Syntax.AtLeastTest" runstate="Runnable" testcasecount="3" result="Passed" start-time="2016-02-19 11:52:46Z" end-time="2016-02-19 11:52:46Z" duration="0.001997" total="3" passed="3" failed="0" inconclusive="0" skipped="0" asserts="3">
            <test-case id="0-1101" name="SupportedByConstraintBuilder" fullname="NUnit.Framework.Syntax.AtLeastTest.SupportedByConstraintBuilder" methodname="SupportedByConstraintBuilder" classname="NUnit.Framework.Syntax.AtLeastTest" runstate="Runnable" seed="109835997" result="Passed" start-time="2016-02-19 11:52:46Z" end-time="2016-02-19 11:52:46Z" duration="0.001224" asserts="1" />
            <test-case id="0-1102" name="SupportedByInheritedSyntax" fullname="NUnit.Framework.Syntax.AtLeastTest.SupportedByInheritedSyntax" methodname="SupportedByInheritedSyntax" classname="NUnit.Framework.Syntax.AtLeastTest" runstate="Runnable" seed="1687223532" result="Passed" start-time="2016-02-19 11:52:46Z" end-time="2016-02-19 11:52:46Z" duration="0.000091" asserts="1" />
            <test-case id="0-1100" name="SupportedByStaticSyntax" fullname="NUnit.Framework.Syntax.AtLeastTest.SupportedByStaticSyntax" methodname="SupportedByStaticSyntax" classname="NUnit.Framework.Syntax.AtLeastTest" runstate="Runnable" seed="1950331120" result="Passed" start-time="2016-02-19 11:52:46Z" end-time="2016-02-19 11:52:46Z" duration="0.000082" asserts="1" />
          </test-suite>
          <test-suite type="TestFixture" id="0-1111" name="AtMostTest" fullname="NUnit.Framework.Syntax.AtMostTest" classname="NUnit.Framework.Syntax.AtMostTest" runstate="Runnable" testcasecount="3" result="Passed" start-time="2016-02-19 11:52:46Z" end-time="2016-02-19 11:52:46Z" duration="0.001369" total="3" passed="3" failed="0" inconclusive="0" skipped="0" asserts="3">
            <test-case id="0-1113" name="SupportedByConstraintBuilder" fullname="NUnit.Framework.Syntax.AtMostTest.SupportedByConstraintBuilder" methodname="SupportedByConstraintBuilder" classname="NUnit.Framework.Syntax.AtMostTest" runstate="Runnable" seed="228093075" result="Passed" start-time="2016-02-19 11:52:46Z" end-time="2016-02-19 11:52:46Z" duration="0.000889" asserts="1" />
            <test-case id="0-1114" name="SupportedByInheritedSyntax" fullname="NUnit.Framework.Syntax.AtMostTest.SupportedByInheritedSyntax" methodname="SupportedByInheritedSyntax" classname="NUnit.Framework.Syntax.AtMostTest" runstate="Runnable" seed="629868400" result="Passed" start-time="2016-02-19 11:52:46Z" end-time="2016-02-19 11:52:46Z" duration="0.000057" asserts="1" />
            <test-case id="0-1112" name="SupportedByStaticSyntax" fullname="NUnit.Framework.Syntax.AtMostTest.SupportedByStaticSyntax" methodname="SupportedByStaticSyntax" classname="NUnit.Framework.Syntax.AtMostTest" runstate="Runnable" seed="1083105777" result="Passed" start-time="2016-02-19 11:52:46Z" end-time="2016-02-19 11:52:46Z" duration="0.000046" asserts="1" />
          </test-suite>
          <test-suite type="TestFixture" id="0-1387" name="AttributeTest" fullname="NUnit.Framework.Syntax.AttributeTest" classname="NUnit.Framework.Syntax.AttributeTest" runstate="Runnable" testcasecount="3" result="Passed" start-time="2016-02-19 11:52:46Z" end-time="2016-02-19 11:52:46Z" duration="0.002412" total="3" passed="3" failed="0" inconclusive="0" skipped="0" asserts="3">
            <test-case id="0-1389" name="SupportedByConstraintBuilder" fullname="NUnit.Framework.Syntax.AttributeTest.SupportedByConstraintBuilder" methodname="SupportedByConstraintBuilder" classname="NUnit.Framework.Syntax.AttributeTest" runstate="Runnable" seed="555137998" result="Passed" start-time="2016-02-19 11:52:46Z" end-time="2016-02-19 11:52:46Z" duration="0.001577" asserts="1" />
            <test-case id="0-1390" name="SupportedByInheritedSyntax" fullname="NUnit.Framework.Syntax.AttributeTest.SupportedByInheritedSyntax" methodname="SupportedByInheritedSyntax" classname="NUnit.Framework.Syntax.AttributeTest" runstate="Runnable" seed="574703671" result="Passed" start-time="2016-02-19 11:52:46Z" end-time="2016-02-19 11:52:46Z" duration="0.000084" asserts="1" />
            <test-case id="0-1388" name="SupportedByStaticSyntax" fullname="NUnit.Framework.Syntax.AttributeTest.SupportedByStaticSyntax" methodname="SupportedByStaticSyntax" classname="NUnit.Framework.Syntax.AttributeTest" runstate="Runnable" seed="1782130532" result="Passed" start-time="2016-02-19 11:52:46Z" end-time="2016-02-19 11:52:46Z" duration="0.000071" asserts="1" />
          </test-suite>
          <test-suite type="TestFixture" id="0-1411" name="AttributeTest_Generic" fullname="NUnit.Framework.Syntax.AttributeTest_Generic" classname="NUnit.Framework.Syntax.AttributeTest_Generic" runstate="Runnable" testcasecount="3" result="Passed" start-time="2016-02-19 11:52:46Z" end-time="2016-02-19 11:52:46Z" duration="0.002011" total="3" passed="3" failed="0" inconclusive="0" skipped="0" asserts="3">
            <test-case id="0-1413" name="SupportedByConstraintBuilder" fullname="NUnit.Framework.Syntax.AttributeTest_Generic.SupportedByConstraintBuilder" methodname="SupportedByConstraintBuilder" classname="NUnit.Framework.Syntax.AttributeTest_Generic" runstate="Runnable" seed="369676442" result="Passed" start-time="2016-02-19 11:52:46Z" end-time="2016-02-19 11:52:46Z" duration="0.001556" asserts="1" />
            <test-case id="0-1414" name="SupportedByInheritedSyntax" fullname="NUnit.Framework.Syntax.AttributeTest_Generic.SupportedByInheritedSyntax" methodname="SupportedByInheritedSyntax" classname="NUnit.Framework.Syntax.AttributeTest_Generic" runstate="Runnable" seed="522337208" result="Passed" start-time="2016-02-19 11:52:46Z" end-time="2016-02-19 11:52:46Z" duration="0.000051" asserts="1" />
            <test-case id="0-1412" name="SupportedByStaticSyntax" fullname="NUnit.Framework.Syntax.AttributeTest_Generic.SupportedByStaticSyntax" methodname="SupportedByStaticSyntax" classname="NUnit.Framework.Syntax.AttributeTest_Generic" runstate="Runnable" seed="2131270607" result="Passed" start-time="2016-02-19 11:52:46Z" end-time="2016-02-19 11:52:46Z" duration="0.000043" asserts="1" />
          </test-suite>
          <test-suite type="TestFixture" id="0-1290" name="BinarySerializableTest" fullname="NUnit.Framework.Syntax.BinarySerializableTest" classname="NUnit.Framework.Syntax.BinarySerializableTest" runstate="Runnable" testcasecount="3" result="Passed" start-time="2016-02-19 11:52:46Z" end-time="2016-02-19 11:52:46Z" duration="0.001097" total="3" passed="3" failed="0" inconclusive="0" skipped="0" asserts="3">
            <test-case id="0-1292" name="SupportedByConstraintBuilder" fullname="NUnit.Framework.Syntax.BinarySerializableTest.SupportedByConstraintBuilder" methodname="SupportedByConstraintBuilder" classname="NUnit.Framework.Syntax.BinarySerializableTest" runstate="Runnable" seed="951439104" result="Passed" start-time="2016-02-19 11:52:46Z" end-time="2016-02-19 11:52:46Z" duration="0.000678" asserts="1" />
            <test-case id="0-1293" name="SupportedByInheritedSyntax" fullname="NUnit.Framework.Syntax.BinarySerializableTest.SupportedByInheritedSyntax" methodname="SupportedByInheritedSyntax" classname="NUnit.Framework.Syntax.BinarySerializableTest" runstate="Runnable" seed="227797946" result="Passed" start-time="2016-02-19 11:52:46Z" end-time="2016-02-19 11:52:46Z" duration="0.000048" asserts="1" />
            <test-case id="0-1291" name="SupportedByStaticSyntax" fullname="NUnit.Framework.Syntax.BinarySerializableTest.SupportedByStaticSyntax" methodname="SupportedByStaticSyntax" classname="NUnit.Framework.Syntax.BinarySerializableTest" runstate="Runnable" seed="1700027254" result="Passed" start-time="2016-02-19 11:52:46Z" end-time="2016-02-19 11:52:46Z" duration="0.000041" asserts="1" />
          </test-suite>
          <test-suite type="TestFixture" id="0-1079" name="CollectionContainsTest" fullname="NUnit.Framework.Syntax.CollectionContainsTest" classname="NUnit.Framework.Syntax.CollectionContainsTest" runstate="Runnable" testcasecount="3" result="Passed" start-time="2016-02-19 11:52:46Z" end-time="2016-02-19 11:52:46Z" duration="0.001458" total="3" passed="3" failed="0" inconclusive="0" skipped="0" asserts="3">
            <test-case id="0-1081" name="SupportedByConstraintBuilder" fullname="NUnit.Framework.Syntax.CollectionContainsTest.SupportedByConstraintBuilder" methodname="SupportedByConstraintBuilder" classname="NUnit.Framework.Syntax.CollectionContainsTest" runstate="Runnable" seed="735163062" result="Passed" start-time="2016-02-19 11:52:46Z" end-time="2016-02-19 11:52:46Z" duration="0.001038" asserts="1" />
            <test-case id="0-1082" name="SupportedByInheritedSyntax" fullname="NUnit.Framework.Syntax.CollectionContainsTest.SupportedByInheritedSyntax" methodname="SupportedByInheritedSyntax" classname="NUnit.Framework.Syntax.CollectionContainsTest" runstate="Runnable" seed="1632767428" result="Passed" start-time="2016-02-19 11:52:46Z" end-time="2016-02-19 11:52:46Z" duration="0.000053" asserts="1" />
            <test-case id="0-1080" name="SupportedByStaticSyntax" fullname="NUnit.Framework.Syntax.CollectionContainsTest.SupportedByStaticSyntax" methodname="SupportedByStaticSyntax" classname="NUnit.Framework.Syntax.CollectionContainsTest" runstate="Runnable" seed="72320489" result="Passed" start-time="2016-02-19 11:52:46Z" end-time="2016-02-19 11:52:46Z" duration="0.000042" asserts="1" />
          </test-suite>
          <test-suite type="TestFixture" id="0-1391" name="AttributeTestWithFollowingConstraint" fullname="NUnit.Framework.Syntax.AttributeTestWithFollowingConstraint" classname="NUnit.Framework.Syntax.AttributeTestWithFollowingConstraint" runstate="Runnable" testcasecount="3" result="Passed" start-time="2016-02-19 11:52:46Z" end-time="2016-02-19 11:52:46Z" duration="0.003598" total="3" passed="3" failed="0" inconclusive="0" skipped="0" asserts="3">
            <test-case id="0-1393" name="SupportedByConstraintBuilder" fullname="NUnit.Framework.Syntax.AttributeTestWithFollowingConstraint.SupportedByConstraintBuilder" methodname="SupportedByConstraintBuilder" classname="NUnit.Framework.Syntax.AttributeTestWithFollowingConstraint" runstate="Runnable" seed="1382259534" result="Passed" start-time="2016-02-19 11:52:46Z" end-time="2016-02-19 11:52:46Z" duration="0.002807" asserts="1" />
            <test-case id="0-1394" name="SupportedByInheritedSyntax" fullname="NUnit.Framework.Syntax.AttributeTestWithFollowingConstraint.SupportedByInheritedSyntax" methodname="SupportedByInheritedSyntax" classname="NUnit.Framework.Syntax.AttributeTestWithFollowingConstraint" runstate="Runnable" seed="951193375" result="Passed" start-time="2016-02-19 11:52:46Z" end-time="2016-02-19 11:52:46Z" duration="0.000092" asserts="1" />
            <test-case id="0-1392" name="SupportedByStaticSyntax" fullname="NUnit.Framework.Syntax.AttributeTestWithFollowingConstraint.SupportedByStaticSyntax" methodname="SupportedByStaticSyntax" classname="NUnit.Framework.Syntax.AttributeTestWithFollowingConstraint" runstate="Runnable" seed="330653895" result="Passed" start-time="2016-02-19 11:52:46Z" end-time="2016-02-19 11:52:46Z" duration="0.000094" asserts="1" />
          </test-suite>
          <test-suite type="TestFixture" id="0-1087" name="CollectionEquivalentTest" fullname="NUnit.Framework.Syntax.CollectionEquivalentTest" classname="NUnit.Framework.Syntax.CollectionEquivalentTest" runstate="Runnable" testcasecount="3" result="Passed" start-time="2016-02-19 11:52:46Z" end-time="2016-02-19 11:52:46Z" duration="0.000951" total="3" passed="3" failed="0" inconclusive="0" skipped="0" asserts="3">
            <test-case id="0-1089" name="SupportedByConstraintBuilder" fullname="NUnit.Framework.Syntax.CollectionEquivalentTest.SupportedByConstraintBuilder" methodname="SupportedByConstraintBuilder" classname="NUnit.Framework.Syntax.CollectionEquivalentTest" runstate="Runnable" seed="1607827694" result="Passed" start-time="2016-02-19 11:52:46Z" end-time="2016-02-19 11:52:46Z" duration="0.000512" asserts="1" />
            <test-case id="0-1090" name="SupportedByInheritedSyntax" fullname="NUnit.Framework.Syntax.CollectionEquivalentTest.SupportedByInheritedSyntax" methodname="SupportedByInheritedSyntax" classname="NUnit.Framework.Syntax.CollectionEquivalentTest" runstate="Runnable" seed="764981830" result="Passed" start-time="2016-02-19 11:52:46Z" end-time="2016-02-19 11:52:46Z" duration="0.000047" asserts="1" />
            <test-case id="0-1088" name="SupportedByStaticSyntax" fullname="NUnit.Framework.Syntax.CollectionEquivalentTest.SupportedByStaticSyntax" methodname="SupportedByStaticSyntax" classname="NUnit.Framework.Syntax.CollectionEquivalentTest" runstate="Runnable" seed="1413502638" result="Passed" start-time="2016-02-19 11:52:46Z" end-time="2016-02-19 11:52:46Z" duration="0.000049" asserts="1" />
          </test-suite>
          <test-suite type="TestFixture" id="0-1063" name="CollectionOrderedByTest" fullname="NUnit.Framework.Syntax.CollectionOrderedByTest" classname="NUnit.Framework.Syntax.CollectionOrderedByTest" runstate="Runnable" testcasecount="3" result="Passed" start-time="2016-02-19 11:52:46Z" end-time="2016-02-19 11:52:46Z" duration="0.003147" total="3" passed="3" failed="0" inconclusive="0" skipped="0" asserts="3">
            <test-case id="0-1065" name="SupportedByConstraintBuilder" fullname="NUnit.Framework.Syntax.CollectionOrderedByTest.SupportedByConstraintBuilder" methodname="SupportedByConstraintBuilder" classname="NUnit.Framework.Syntax.CollectionOrderedByTest" runstate="Runnable" seed="182607426" result="Passed" start-time="2016-02-19 11:52:46Z" end-time="2016-02-19 11:52:46Z" duration="0.002476" asserts="1" />
            <test-case id="0-1066" name="SupportedByInheritedSyntax" fullname="NUnit.Framework.Syntax.CollectionOrderedByTest.SupportedByInheritedSyntax" methodname="SupportedByInheritedSyntax" classname="NUnit.Framework.Syntax.CollectionOrderedByTest" runstate="Runnable" seed="548553901" result="Passed" start-time="2016-02-19 11:52:46Z" end-time="2016-02-19 11:52:46Z" duration="0.000065" asserts="1" />
            <test-case id="0-1064" name="SupportedByStaticSyntax" fullname="NUnit.Framework.Syntax.CollectionOrderedByTest.SupportedByStaticSyntax" methodname="SupportedByStaticSyntax" classname="NUnit.Framework.Syntax.CollectionOrderedByTest" runstate="Runnable" seed="883732920" result="Passed" start-time="2016-02-19 11:52:46Z" end-time="2016-02-19 11:52:46Z" duration="0.000043" asserts="1" />
          </test-suite>
          <test-suite type="TestFixture" id="0-1071" name="CollectionOrderedByTest_Comparer" fullname="NUnit.Framework.Syntax.CollectionOrderedByTest_Comparer" classname="NUnit.Framework.Syntax.CollectionOrderedByTest_Comparer" runstate="Runnable" testcasecount="3" result="Passed" start-time="2016-02-19 11:52:46Z" end-time="2016-02-19 11:52:46Z" duration="0.002982" total="3" passed="3" failed="0" inconclusive="0" skipped="0" asserts="3">
            <test-case id="0-1073" name="SupportedByConstraintBuilder" fullname="NUnit.Framework.Syntax.CollectionOrderedByTest_Comparer.SupportedByConstraintBuilder" methodname="SupportedByConstraintBuilder" classname="NUnit.Framework.Syntax.CollectionOrderedByTest_Comparer" runstate="Runnable" seed="2114178432" result="Passed" start-time="2016-02-19 11:52:46Z" end-time="2016-02-19 11:52:46Z" duration="0.002356" asserts="1" />
            <test-case id="0-1074" name="SupportedByInheritedSyntax" fullname="NUnit.Framework.Syntax.CollectionOrderedByTest_Comparer.SupportedByInheritedSyntax" methodname="SupportedByInheritedSyntax" classname="NUnit.Framework.Syntax.CollectionOrderedByTest_Comparer" runstate="Runnable" seed="901829021" result="Passed" start-time="2016-02-19 11:52:46Z" end-time="2016-02-19 11:52:46Z" duration="0.000076" asserts="1" />
            <test-case id="0-1072" name="SupportedByStaticSyntax" fullname="NUnit.Framework.Syntax.CollectionOrderedByTest_Comparer.SupportedByStaticSyntax" methodname="SupportedByStaticSyntax" classname="NUnit.Framework.Syntax.CollectionOrderedByTest_Comparer" runstate="Runnable" seed="1797196987" result="Passed" start-time="2016-02-19 11:52:46Z" end-time="2016-02-19 11:52:46Z" duration="0.000072" asserts="1" />
          </test-suite>
          <test-suite type="TestFixture" id="0-1075" name="CollectionOrderedByTest_Comparer_Descending" fullname="NUnit.Framework.Syntax.CollectionOrderedByTest_Comparer_Descending" classname="NUnit.Framework.Syntax.CollectionOrderedByTest_Comparer_Descending" runstate="Runnable" testcasecount="3" result="Passed" start-time="2016-02-19 11:52:46Z" end-time="2016-02-19 11:52:46Z" duration="0.001006" total="3" passed="3" failed="0" inconclusive="0" skipped="0" asserts="3">
            <test-case id="0-1077" name="SupportedByConstraintBuilder" fullname="NUnit.Framework.Syntax.CollectionOrderedByTest_Comparer_Descending.SupportedByConstraintBuilder" methodname="SupportedByConstraintBuilder" classname="NUnit.Framework.Syntax.CollectionOrderedByTest_Comparer_Descending" runstate="Runnable" seed="493038586" result="Passed" start-time="2016-02-19 11:52:46Z" end-time="2016-02-19 11:52:46Z" duration="0.000580" asserts="1" />
            <test-case id="0-1078" name="SupportedByInheritedSyntax" fullname="NUnit.Framework.Syntax.CollectionOrderedByTest_Comparer_Descending.SupportedByInheritedSyntax" methodname="SupportedByInheritedSyntax" classname="NUnit.Framework.Syntax.CollectionOrderedByTest_Comparer_Descending" runstate="Runnable" seed="962085374" result="Passed" start-time="2016-02-19 11:52:46Z" end-time="2016-02-19 11:52:46Z" duration="0.000048" asserts="1" />
            <test-case id="0-1076" name="SupportedByStaticSyntax" fullname="NUnit.Framework.Syntax.CollectionOrderedByTest_Comparer_Descending.SupportedByStaticSyntax" methodname="SupportedByStaticSyntax" classname="NUnit.Framework.Syntax.CollectionOrderedByTest_Comparer_Descending" runstate="Runnable" seed="708693549" result="Passed" start-time="2016-02-19 11:52:46Z" end-time="2016-02-19 11:52:46Z" duration="0.000043" asserts="1" />
          </test-suite>
          <test-suite type="TestFixture" id="0-1067" name="CollectionOrderedByTest_Descending" fullname="NUnit.Framework.Syntax.CollectionOrderedByTest_Descending" classname="NUnit.Framework.Syntax.CollectionOrderedByTest_Descending" runstate="Runnable" testcasecount="3" result="Passed" start-time="2016-02-19 11:52:46Z" end-time="2016-02-19 11:52:46Z" duration="0.001502" total="3" passed="3" failed="0" inconclusive="0" skipped="0" asserts="3">
            <test-case id="0-1069" name="SupportedByConstraintBuilder" fullname="NUnit.Framework.Syntax.CollectionOrderedByTest_Descending.SupportedByConstraintBuilder" methodname="SupportedByConstraintBuilder" classname="NUnit.Framework.Syntax.CollectionOrderedByTest_Descending" runstate="Runnable" seed="733675986" result="Passed" start-time="2016-02-19 11:52:46Z" end-time="2016-02-19 11:52:46Z" duration="0.000810" asserts="1" />
            <test-case id="0-1070" name="SupportedByInheritedSyntax" fullname="NUnit.Framework.Syntax.CollectionOrderedByTest_Descending.SupportedByInheritedSyntax" methodname="SupportedByInheritedSyntax" classname="NUnit.Framework.Syntax.CollectionOrderedByTest_Descending" runstate="Runnable" seed="1606522766" result="Passed" start-time="2016-02-19 11:52:46Z" end-time="2016-02-19 11:52:46Z" duration="0.000052" asserts="1" />
            <test-case id="0-1068" name="SupportedByStaticSyntax" fullname="NUnit.Framework.Syntax.CollectionOrderedByTest_Descending.SupportedByStaticSyntax" methodname="SupportedByStaticSyntax" classname="NUnit.Framework.Syntax.CollectionOrderedByTest_Descending" runstate="Runnable" seed="494857729" result="Passed" start-time="2016-02-19 11:52:46Z" end-time="2016-02-19 11:52:46Z" duration="0.000042" asserts="1" />
          </test-suite>
          <test-suite type="TestFixture" id="0-1047" name="CollectionOrderedTest" fullname="NUnit.Framework.Syntax.CollectionOrderedTest" classname="NUnit.Framework.Syntax.CollectionOrderedTest" runstate="Runnable" testcasecount="3" result="Passed" start-time="2016-02-19 11:52:46Z" end-time="2016-02-19 11:52:46Z" duration="0.000838" total="3" passed="3" failed="0" inconclusive="0" skipped="0" asserts="3">
            <test-case id="0-1049" name="SupportedByConstraintBuilder" fullname="NUnit.Framework.Syntax.CollectionOrderedTest.SupportedByConstraintBuilder" methodname="SupportedByConstraintBuilder" classname="NUnit.Framework.Syntax.CollectionOrderedTest" runstate="Runnable" seed="1813031081" result="Passed" start-time="2016-02-19 11:52:46Z" end-time="2016-02-19 11:52:46Z" duration="0.000442" asserts="1" />
            <test-case id="0-1050" name="SupportedByInheritedSyntax" fullname="NUnit.Framework.Syntax.CollectionOrderedTest.SupportedByInheritedSyntax" methodname="SupportedByInheritedSyntax" classname="NUnit.Framework.Syntax.CollectionOrderedTest" runstate="Runnable" seed="1032857843" result="Passed" start-time="2016-02-19 11:52:46Z" end-time="2016-02-19 11:52:46Z" duration="0.000044" asserts="1" />
            <test-case id="0-1048" name="SupportedByStaticSyntax" fullname="NUnit.Framework.Syntax.CollectionOrderedTest.SupportedByStaticSyntax" methodname="SupportedByStaticSyntax" classname="NUnit.Framework.Syntax.CollectionOrderedTest" runstate="Runnable" seed="1435497444" result="Passed" start-time="2016-02-19 11:52:46Z" end-time="2016-02-19 11:52:46Z" duration="0.000042" asserts="1" />
          </test-suite>
          <test-suite type="TestFixture" id="0-1059" name="CollectionOrderedTest_Comparer_Descending" fullname="NUnit.Framework.Syntax.CollectionOrderedTest_Comparer_Descending" classname="NUnit.Framework.Syntax.CollectionOrderedTest_Comparer_Descending" runstate="Runnable" testcasecount="3" result="Passed" start-time="2016-02-19 11:52:46Z" end-time="2016-02-19 11:52:46Z" duration="0.001008" total="3" passed="3" failed="0" inconclusive="0" skipped="0" asserts="3">
            <test-case id="0-1061" name="SupportedByConstraintBuilder" fullname="NUnit.Framework.Syntax.CollectionOrderedTest_Comparer_Descending.SupportedByConstraintBuilder" methodname="SupportedByConstraintBuilder" classname="NUnit.Framework.Syntax.CollectionOrderedTest_Comparer_Descending" runstate="Runnable" seed="2110159778" result="Passed" start-time="2016-02-19 11:52:46Z" end-time="2016-02-19 11:52:46Z" duration="0.000560" asserts="1" />
            <test-case id="0-1062" name="SupportedByInheritedSyntax" fullname="NUnit.Framework.Syntax.CollectionOrderedTest_Comparer_Descending.SupportedByInheritedSyntax" methodname="SupportedByInheritedSyntax" classname="NUnit.Framework.Syntax.CollectionOrderedTest_Comparer_Descending" runstate="Runnable" seed="1016902467" result="Passed" start-time="2016-02-19 11:52:46Z" end-time="2016-02-19 11:52:46Z" duration="0.000050" asserts="1" />
            <test-case id="0-1060" name="SupportedByStaticSyntax" fullname="NUnit.Framework.Syntax.CollectionOrderedTest_Comparer_Descending.SupportedByStaticSyntax" methodname="SupportedByStaticSyntax" classname="NUnit.Framework.Syntax.CollectionOrderedTest_Comparer_Descending" runstate="Runnable" seed="965381202" result="Passed" start-time="2016-02-19 11:52:46Z" end-time="2016-02-19 11:52:46Z" duration="0.000044" asserts="1" />
          </test-suite>
          <test-suite type="TestFixture" id="0-1055" name="CollectionOrderedTest_Comparer" fullname="NUnit.Framework.Syntax.CollectionOrderedTest_Comparer" classname="NUnit.Framework.Syntax.CollectionOrderedTest_Comparer" runstate="Runnable" testcasecount="3" result="Passed" start-time="2016-02-19 11:52:46Z" end-time="2016-02-19 11:52:46Z" duration="0.001395" total="3" passed="3" failed="0" inconclusive="0" skipped="0" asserts="3">
            <test-case id="0-1057" name="SupportedByConstraintBuilder" fullname="NUnit.Framework.Syntax.CollectionOrderedTest_Comparer.SupportedByConstraintBuilder" methodname="SupportedByConstraintBuilder" classname="NUnit.Framework.Syntax.CollectionOrderedTest_Comparer" runstate="Runnable" seed="1104968844" result="Passed" start-time="2016-02-19 11:52:46Z" end-time="2016-02-19 11:52:46Z" duration="0.000659" asserts="1" />
            <test-case id="0-1058" name="SupportedByInheritedSyntax" fullname="NUnit.Framework.Syntax.CollectionOrderedTest_Comparer.SupportedByInheritedSyntax" methodname="SupportedByInheritedSyntax" classname="NUnit.Framework.Syntax.CollectionOrderedTest_Comparer" runstate="Runnable" seed="736873369" result="Passed" start-time="2016-02-19 11:52:46Z" end-time="2016-02-19 11:52:46Z" duration="0.000077" asserts="1" />
            <test-case id="0-1056" name="SupportedByStaticSyntax" fullname="NUnit.Framework.Syntax.CollectionOrderedTest_Comparer.SupportedByStaticSyntax" methodname="SupportedByStaticSyntax" classname="NUnit.Framework.Syntax.CollectionOrderedTest_Comparer" runstate="Runnable" seed="1910041187" result="Passed" start-time="2016-02-19 11:52:46Z" end-time="2016-02-19 11:52:46Z" duration="0.000071" asserts="1" />
          </test-suite>
          <test-suite type="TestFixture" id="0-1051" name="CollectionOrderedTest_Descending" fullname="NUnit.Framework.Syntax.CollectionOrderedTest_Descending" classname="NUnit.Framework.Syntax.CollectionOrderedTest_Descending" runstate="Runnable" testcasecount="3" result="Passed" start-time="2016-02-19 11:52:46Z" end-time="2016-02-19 11:52:46Z" duration="0.000826" total="3" passed="3" failed="0" inconclusive="0" skipped="0" asserts="3">
            <test-case id="0-1053" name="SupportedByConstraintBuilder" fullname="NUnit.Framework.Syntax.CollectionOrderedTest_Descending.SupportedByConstraintBuilder" methodname="SupportedByConstraintBuilder" classname="NUnit.Framework.Syntax.CollectionOrderedTest_Descending" runstate="Runnable" seed="1621176909" result="Passed" start-time="2016-02-19 11:52:46Z" end-time="2016-02-19 11:52:46Z" duration="0.000419" asserts="1" />
            <test-case id="0-1054" name="SupportedByInheritedSyntax" fullname="NUnit.Framework.Syntax.CollectionOrderedTest_Descending.SupportedByInheritedSyntax" methodname="SupportedByInheritedSyntax" classname="NUnit.Framework.Syntax.CollectionOrderedTest_Descending" runstate="Runnable" seed="543529208" result="Passed" start-time="2016-02-19 11:52:46Z" end-time="2016-02-19 11:52:46Z" duration="0.000046" asserts="1" />
            <test-case id="0-1052" name="SupportedByStaticSyntax" fullname="NUnit.Framework.Syntax.CollectionOrderedTest_Descending.SupportedByStaticSyntax" methodname="SupportedByStaticSyntax" classname="NUnit.Framework.Syntax.CollectionOrderedTest_Descending" runstate="Runnable" seed="1342811530" result="Passed" start-time="2016-02-19 11:52:46Z" end-time="2016-02-19 11:52:46Z" duration="0.000041" asserts="1" />
          </test-suite>
          <test-suite type="TestFixture" id="0-1083" name="CollectionSubsetTest" fullname="NUnit.Framework.Syntax.CollectionSubsetTest" classname="NUnit.Framework.Syntax.CollectionSubsetTest" runstate="Runnable" testcasecount="3" result="Passed" start-time="2016-02-19 11:52:46Z" end-time="2016-02-19 11:52:46Z" duration="0.001523" total="3" passed="3" failed="0" inconclusive="0" skipped="0" asserts="3">
            <test-case id="0-1085" name="SupportedByConstraintBuilder" fullname="NUnit.Framework.Syntax.CollectionSubsetTest.SupportedByConstraintBuilder" methodname="SupportedByConstraintBuilder" classname="NUnit.Framework.Syntax.CollectionSubsetTest" runstate="Runnable" seed="304796367" result="Passed" start-time="2016-02-19 11:52:46Z" end-time="2016-02-19 11:52:46Z" duration="0.000757" asserts="1" />
            <test-case id="0-1086" name="SupportedByInheritedSyntax" fullname="NUnit.Framework.Syntax.CollectionSubsetTest.SupportedByInheritedSyntax" methodname="SupportedByInheritedSyntax" classname="NUnit.Framework.Syntax.CollectionSubsetTest" runstate="Runnable" seed="1133101155" result="Passed" start-time="2016-02-19 11:52:46Z" end-time="2016-02-19 11:52:46Z" duration="0.000080" asserts="1" />
            <test-case id="0-1084" name="SupportedByStaticSyntax" fullname="NUnit.Framework.Syntax.CollectionSubsetTest.SupportedByStaticSyntax" methodname="SupportedByStaticSyntax" classname="NUnit.Framework.Syntax.CollectionSubsetTest" runstate="Runnable" seed="681790978" result="Passed" start-time="2016-02-19 11:52:46Z" end-time="2016-02-19 11:52:46Z" duration="0.000083" asserts="1" />
          </test-suite>
          <test-suite type="TestFixture" id="0-1322" name="ContainsTest" fullname="NUnit.Framework.Syntax.ContainsTest" classname="NUnit.Framework.Syntax.ContainsTest" runstate="Runnable" testcasecount="3" result="Passed" start-time="2016-02-19 11:52:46Z" end-time="2016-02-19 11:52:46Z" duration="0.001002" total="3" passed="3" failed="0" inconclusive="0" skipped="0" asserts="3">
            <test-case id="0-1324" name="SupportedByConstraintBuilder" fullname="NUnit.Framework.Syntax.ContainsTest.SupportedByConstraintBuilder" methodname="SupportedByConstraintBuilder" classname="NUnit.Framework.Syntax.ContainsTest" runstate="Runnable" seed="1189283145" result="Passed" start-time="2016-02-19 11:52:46Z" end-time="2016-02-19 11:52:46Z" duration="0.000520" asserts="1" />
            <test-case id="0-1325" name="SupportedByInheritedSyntax" fullname="NUnit.Framework.Syntax.ContainsTest.SupportedByInheritedSyntax" methodname="SupportedByInheritedSyntax" classname="NUnit.Framework.Syntax.ContainsTest" runstate="Runnable" seed="2045461166" result="Passed" start-time="2016-02-19 11:52:46Z" end-time="2016-02-19 11:52:46Z" duration="0.000083" asserts="1" />
            <test-case id="0-1323" name="SupportedByStaticSyntax" fullname="NUnit.Framework.Syntax.ContainsTest.SupportedByStaticSyntax" methodname="SupportedByStaticSyntax" classname="NUnit.Framework.Syntax.ContainsTest" runstate="Runnable" seed="362765685" result="Passed" start-time="2016-02-19 11:52:46Z" end-time="2016-02-19 11:52:46Z" duration="0.000046" asserts="1" />
          </test-suite>
          <test-suite type="TestFixture" id="0-1279" name="CountTest" fullname="NUnit.Framework.Syntax.CountTest" classname="NUnit.Framework.Syntax.CountTest" runstate="Runnable" testcasecount="3" result="Passed" start-time="2016-02-19 11:52:46Z" end-time="2016-02-19 11:52:46Z" duration="0.001067" total="3" passed="3" failed="0" inconclusive="0" skipped="0" asserts="3">
            <test-case id="0-1281" name="SupportedByConstraintBuilder" fullname="NUnit.Framework.Syntax.CountTest.SupportedByConstraintBuilder" methodname="SupportedByConstraintBuilder" classname="NUnit.Framework.Syntax.CountTest" runstate="Runnable" seed="1764842144" result="Passed" start-time="2016-02-19 11:52:46Z" end-time="2016-02-19 11:52:46Z" duration="0.000519" asserts="1" />
            <test-case id="0-1282" name="SupportedByInheritedSyntax" fullname="NUnit.Framework.Syntax.CountTest.SupportedByInheritedSyntax" methodname="SupportedByInheritedSyntax" classname="NUnit.Framework.Syntax.CountTest" runstate="Runnable" seed="256509313" result="Passed" start-time="2016-02-19 11:52:46Z" end-time="2016-02-19 11:52:46Z" duration="0.000087" asserts="1" />
            <test-case id="0-1280" name="SupportedByStaticSyntax" fullname="NUnit.Framework.Syntax.CountTest.SupportedByStaticSyntax" methodname="SupportedByStaticSyntax" classname="NUnit.Framework.Syntax.CountTest" runstate="Runnable" seed="1685885626" result="Passed" start-time="2016-02-19 11:52:46Z" end-time="2016-02-19 11:52:46Z" duration="0.000091" asserts="1" />
          </test-suite>
          <test-suite type="TestFixture" id="0-1326" name="ContainsTest_IgnoreCase" fullname="NUnit.Framework.Syntax.ContainsTest_IgnoreCase" classname="NUnit.Framework.Syntax.ContainsTest_IgnoreCase" runstate="Runnable" testcasecount="3" result="Passed" start-time="2016-02-19 11:52:46Z" end-time="2016-02-19 11:52:46Z" duration="0.001479" total="3" passed="3" failed="0" inconclusive="0" skipped="0" asserts="3">
            <test-case id="0-1328" name="SupportedByConstraintBuilder" fullname="NUnit.Framework.Syntax.ContainsTest_IgnoreCase.SupportedByConstraintBuilder" methodname="SupportedByConstraintBuilder" classname="NUnit.Framework.Syntax.ContainsTest_IgnoreCase" runstate="Runnable" seed="1454903070" result="Passed" start-time="2016-02-19 11:52:46Z" end-time="2016-02-19 11:52:46Z" duration="0.000786" asserts="1" />
            <test-case id="0-1329" name="SupportedByInheritedSyntax" fullname="NUnit.Framework.Syntax.ContainsTest_IgnoreCase.SupportedByInheritedSyntax" methodname="SupportedByInheritedSyntax" classname="NUnit.Framework.Syntax.ContainsTest_IgnoreCase" runstate="Runnable" seed="159045004" result="Passed" start-time="2016-02-19 11:52:46Z" end-time="2016-02-19 11:52:46Z" duration="0.000079" asserts="1" />
            <test-case id="0-1327" name="SupportedByStaticSyntax" fullname="NUnit.Framework.Syntax.ContainsTest_IgnoreCase.SupportedByStaticSyntax" methodname="SupportedByStaticSyntax" classname="NUnit.Framework.Syntax.ContainsTest_IgnoreCase" runstate="Runnable" seed="1500094001" result="Passed" start-time="2016-02-19 11:52:46Z" end-time="2016-02-19 11:52:46Z" duration="0.000071" asserts="1" />
          </test-suite>
          <test-suite type="TestFixture" id="0-1342" name="EndsWithTest" fullname="NUnit.Framework.Syntax.EndsWithTest" classname="NUnit.Framework.Syntax.EndsWithTest" runstate="Runnable" testcasecount="3" result="Passed" start-time="2016-02-19 11:52:46Z" end-time="2016-02-19 11:52:46Z" duration="0.002812" total="3" passed="3" failed="0" inconclusive="0" skipped="0" asserts="3">
            <test-case id="0-1344" name="SupportedByConstraintBuilder" fullname="NUnit.Framework.Syntax.EndsWithTest.SupportedByConstraintBuilder" methodname="SupportedByConstraintBuilder" classname="NUnit.Framework.Syntax.EndsWithTest" runstate="Runnable" seed="1137360927" result="Passed" start-time="2016-02-19 11:52:46Z" end-time="2016-02-19 11:52:46Z" duration="0.002303" asserts="1" />
            <test-case id="0-1345" name="SupportedByInheritedSyntax" fullname="NUnit.Framework.Syntax.EndsWithTest.SupportedByInheritedSyntax" methodname="SupportedByInheritedSyntax" classname="NUnit.Framework.Syntax.EndsWithTest" runstate="Runnable" seed="2008229428" result="Passed" start-time="2016-02-19 11:52:46Z" end-time="2016-02-19 11:52:46Z" duration="0.000084" asserts="1" />
            <test-case id="0-1343" name="SupportedByStaticSyntax" fullname="NUnit.Framework.Syntax.EndsWithTest.SupportedByStaticSyntax" methodname="SupportedByStaticSyntax" classname="NUnit.Framework.Syntax.EndsWithTest" runstate="Runnable" seed="1110394522" result="Passed" start-time="2016-02-19 11:52:46Z" end-time="2016-02-19 11:52:46Z" duration="0.000073" asserts="1" />
          </test-suite>
          <test-suite type="TestFixture" id="0-1346" name="EndsWithTest_IgnoreCase" fullname="NUnit.Framework.Syntax.EndsWithTest_IgnoreCase" classname="NUnit.Framework.Syntax.EndsWithTest_IgnoreCase" runstate="Runnable" testcasecount="3" result="Passed" start-time="2016-02-19 11:52:46Z" end-time="2016-02-19 11:52:46Z" duration="0.002583" total="3" passed="3" failed="0" inconclusive="0" skipped="0" asserts="3">
            <test-case id="0-1348" name="SupportedByConstraintBuilder" fullname="NUnit.Framework.Syntax.EndsWithTest_IgnoreCase.SupportedByConstraintBuilder" methodname="SupportedByConstraintBuilder" classname="NUnit.Framework.Syntax.EndsWithTest_IgnoreCase" runstate="Runnable" seed="249143941" result="Passed" start-time="2016-02-19 11:52:46Z" end-time="2016-02-19 11:52:46Z" duration="0.000820" asserts="1" />
            <test-case id="0-1349" name="SupportedByInheritedSyntax" fullname="NUnit.Framework.Syntax.EndsWithTest_IgnoreCase.SupportedByInheritedSyntax" methodname="SupportedByInheritedSyntax" classname="NUnit.Framework.Syntax.EndsWithTest_IgnoreCase" runstate="Runnable" seed="2107058495" result="Passed" start-time="2016-02-19 11:52:46Z" end-time="2016-02-19 11:52:46Z" duration="0.000046" asserts="1" />
            <test-case id="0-1347" name="SupportedByStaticSyntax" fullname="NUnit.Framework.Syntax.EndsWithTest_IgnoreCase.SupportedByStaticSyntax" methodname="SupportedByStaticSyntax" classname="NUnit.Framework.Syntax.EndsWithTest_IgnoreCase" runstate="Runnable" seed="1799590124" result="Passed" start-time="2016-02-19 11:52:46Z" end-time="2016-02-19 11:52:46Z" duration="0.000044" asserts="1" />
          </test-suite>
          <test-suite type="TestFixture" id="0-1115" name="EqualToTest" fullname="NUnit.Framework.Syntax.EqualToTest" classname="NUnit.Framework.Syntax.EqualToTest" runstate="Runnable" testcasecount="3" result="Passed" start-time="2016-02-19 11:52:46Z" end-time="2016-02-19 11:52:46Z" duration="0.001008" total="3" passed="3" failed="0" inconclusive="0" skipped="0" asserts="3">
            <test-case id="0-1117" name="SupportedByConstraintBuilder" fullname="NUnit.Framework.Syntax.EqualToTest.SupportedByConstraintBuilder" methodname="SupportedByConstraintBuilder" classname="NUnit.Framework.Syntax.EqualToTest" runstate="Runnable" seed="1160803186" result="Passed" start-time="2016-02-19 11:52:46Z" end-time="2016-02-19 11:52:46Z" duration="0.000576" asserts="1" />
            <test-case id="0-1118" name="SupportedByInheritedSyntax" fullname="NUnit.Framework.Syntax.EqualToTest.SupportedByInheritedSyntax" methodname="SupportedByInheritedSyntax" classname="NUnit.Framework.Syntax.EqualToTest" runstate="Runnable" seed="282987431" result="Passed" start-time="2016-02-19 11:52:46Z" end-time="2016-02-19 11:52:46Z" duration="0.000048" asserts="1" />
            <test-case id="0-1116" name="SupportedByStaticSyntax" fullname="NUnit.Framework.Syntax.EqualToTest.SupportedByStaticSyntax" methodname="SupportedByStaticSyntax" classname="NUnit.Framework.Syntax.EqualToTest" runstate="Runnable" seed="1111520286" result="Passed" start-time="2016-02-19 11:52:46Z" end-time="2016-02-19 11:52:46Z" duration="0.000043" asserts="1" />
          </test-suite>
          <test-suite type="TestFixture" id="0-1119" name="EqualToTest_IgnoreCase" fullname="NUnit.Framework.Syntax.EqualToTest_IgnoreCase" classname="NUnit.Framework.Syntax.EqualToTest_IgnoreCase" runstate="Runnable" testcasecount="3" result="Passed" start-time="2016-02-19 11:52:46Z" end-time="2016-02-19 11:52:46Z" duration="0.000991" total="3" passed="3" failed="0" inconclusive="0" skipped="0" asserts="3">
            <test-case id="0-1121" name="SupportedByConstraintBuilder" fullname="NUnit.Framework.Syntax.EqualToTest_IgnoreCase.SupportedByConstraintBuilder" methodname="SupportedByConstraintBuilder" classname="NUnit.Framework.Syntax.EqualToTest_IgnoreCase" runstate="Runnable" seed="1534322096" result="Passed" start-time="2016-02-19 11:52:46Z" end-time="2016-02-19 11:52:46Z" duration="0.000589" asserts="1" />
            <test-case id="0-1122" name="SupportedByInheritedSyntax" fullname="NUnit.Framework.Syntax.EqualToTest_IgnoreCase.SupportedByInheritedSyntax" methodname="SupportedByInheritedSyntax" classname="NUnit.Framework.Syntax.EqualToTest_IgnoreCase" runstate="Runnable" seed="1997157995" result="Passed" start-time="2016-02-19 11:52:46Z" end-time="2016-02-19 11:52:46Z" duration="0.000046" asserts="1" />
            <test-case id="0-1120" name="SupportedByStaticSyntax" fullname="NUnit.Framework.Syntax.EqualToTest_IgnoreCase.SupportedByStaticSyntax" methodname="SupportedByStaticSyntax" classname="NUnit.Framework.Syntax.EqualToTest_IgnoreCase" runstate="Runnable" seed="1792045883" result="Passed" start-time="2016-02-19 11:52:46Z" end-time="2016-02-19 11:52:46Z" duration="0.000044" asserts="1" />
          </test-suite>
          <test-suite type="TestFixture" id="0-1123" name="EqualToTest_WithinTolerance" fullname="NUnit.Framework.Syntax.EqualToTest_WithinTolerance" classname="NUnit.Framework.Syntax.EqualToTest_WithinTolerance" runstate="Runnable" testcasecount="3" result="Passed" start-time="2016-02-19 11:52:46Z" end-time="2016-02-19 11:52:46Z" duration="0.001121" total="3" passed="3" failed="0" inconclusive="0" skipped="0" asserts="3">
            <test-case id="0-1125" name="SupportedByConstraintBuilder" fullname="NUnit.Framework.Syntax.EqualToTest_WithinTolerance.SupportedByConstraintBuilder" methodname="SupportedByConstraintBuilder" classname="NUnit.Framework.Syntax.EqualToTest_WithinTolerance" runstate="Runnable" seed="909119458" result="Passed" start-time="2016-02-19 11:52:46Z" end-time="2016-02-19 11:52:46Z" duration="0.000672" asserts="1" />
            <test-case id="0-1126" name="SupportedByInheritedSyntax" fullname="NUnit.Framework.Syntax.EqualToTest_WithinTolerance.SupportedByInheritedSyntax" methodname="SupportedByInheritedSyntax" classname="NUnit.Framework.Syntax.EqualToTest_WithinTolerance" runstate="Runnable" seed="535561917" result="Passed" start-time="2016-02-19 11:52:46Z" end-time="2016-02-19 11:52:46Z" duration="0.000050" asserts="1" />
            <test-case id="0-1124" name="SupportedByStaticSyntax" fullname="NUnit.Framework.Syntax.EqualToTest_WithinTolerance.SupportedByStaticSyntax" methodname="SupportedByStaticSyntax" classname="NUnit.Framework.Syntax.EqualToTest_WithinTolerance" runstate="Runnable" seed="2134456905" result="Passed" start-time="2016-02-19 11:52:46Z" end-time="2016-02-19 11:52:46Z" duration="0.000047" asserts="1" />
          </test-suite>
          <test-suite type="TestFixture" id="0-1371" name="ExactTypeTest" fullname="NUnit.Framework.Syntax.ExactTypeTest" classname="NUnit.Framework.Syntax.ExactTypeTest" runstate="Runnable" testcasecount="3" result="Passed" start-time="2016-02-19 11:52:46Z" end-time="2016-02-19 11:52:46Z" duration="0.001017" total="3" passed="3" failed="0" inconclusive="0" skipped="0" asserts="3">
            <test-case id="0-1373" name="SupportedByConstraintBuilder" fullname="NUnit.Framework.Syntax.ExactTypeTest.SupportedByConstraintBuilder" methodname="SupportedByConstraintBuilder" classname="NUnit.Framework.Syntax.ExactTypeTest" runstate="Runnable" seed="1615461553" result="Passed" start-time="2016-02-19 11:52:46Z" end-time="2016-02-19 11:52:46Z" duration="0.000536" asserts="1" />
            <test-case id="0-1374" name="SupportedByInheritedSyntax" fullname="NUnit.Framework.Syntax.ExactTypeTest.SupportedByInheritedSyntax" methodname="SupportedByInheritedSyntax" classname="NUnit.Framework.Syntax.ExactTypeTest" runstate="Runnable" seed="833569174" result="Passed" start-time="2016-02-19 11:52:46Z" end-time="2016-02-19 11:52:46Z" duration="0.000050" asserts="1" />
            <test-case id="0-1372" name="SupportedByStaticSyntax" fullname="NUnit.Framework.Syntax.ExactTypeTest.SupportedByStaticSyntax" methodname="SupportedByStaticSyntax" classname="NUnit.Framework.Syntax.ExactTypeTest" runstate="Runnable" seed="541009048" result="Passed" start-time="2016-02-19 11:52:46Z" end-time="2016-02-19 11:52:46Z" duration="0.000044" asserts="1" />
          </test-suite>
          <test-suite type="TestFixture" id="0-1395" name="ExactTypeTest_Generic" fullname="NUnit.Framework.Syntax.ExactTypeTest_Generic" classname="NUnit.Framework.Syntax.ExactTypeTest_Generic" runstate="Runnable" testcasecount="3" result="Passed" start-time="2016-02-19 11:52:46Z" end-time="2016-02-19 11:52:46Z" duration="0.001099" total="3" passed="3" failed="0" inconclusive="0" skipped="0" asserts="3">
            <test-case id="0-1397" name="SupportedByConstraintBuilder" fullname="NUnit.Framework.Syntax.ExactTypeTest_Generic.SupportedByConstraintBuilder" methodname="SupportedByConstraintBuilder" classname="NUnit.Framework.Syntax.ExactTypeTest_Generic" runstate="Runnable" seed="1430675854" result="Passed" start-time="2016-02-19 11:52:46Z" end-time="2016-02-19 11:52:46Z" duration="0.000646" asserts="1" />
            <test-case id="0-1398" name="SupportedByInheritedSyntax" fullname="NUnit.Framework.Syntax.ExactTypeTest_Generic.SupportedByInheritedSyntax" methodname="SupportedByInheritedSyntax" classname="NUnit.Framework.Syntax.ExactTypeTest_Generic" runstate="Runnable" seed="580981162" result="Passed" start-time="2016-02-19 11:52:46Z" end-time="2016-02-19 11:52:46Z" duration="0.000048" asserts="1" />
            <test-case id="0-1396" name="SupportedByStaticSyntax" fullname="NUnit.Framework.Syntax.ExactTypeTest_Generic.SupportedByStaticSyntax" methodname="SupportedByStaticSyntax" classname="NUnit.Framework.Syntax.ExactTypeTest_Generic" runstate="Runnable" seed="2073926373" result="Passed" start-time="2016-02-19 11:52:46Z" end-time="2016-02-19 11:52:46Z" duration="0.000044" asserts="1" />
          </test-suite>
          <test-suite type="TestFixture" id="0-1306" name="FalseTest" fullname="NUnit.Framework.Syntax.FalseTest" classname="NUnit.Framework.Syntax.FalseTest" runstate="Runnable" testcasecount="3" result="Passed" start-time="2016-02-19 11:52:46Z" end-time="2016-02-19 11:52:46Z" duration="0.001156" total="3" passed="3" failed="0" inconclusive="0" skipped="0" asserts="3">
            <test-case id="0-1308" name="SupportedByConstraintBuilder" fullname="NUnit.Framework.Syntax.FalseTest.SupportedByConstraintBuilder" methodname="SupportedByConstraintBuilder" classname="NUnit.Framework.Syntax.FalseTest" runstate="Runnable" seed="1018758255" result="Passed" start-time="2016-02-19 11:52:46Z" end-time="2016-02-19 11:52:46Z" duration="0.000718" asserts="1" />
            <test-case id="0-1309" name="SupportedByInheritedSyntax" fullname="NUnit.Framework.Syntax.FalseTest.SupportedByInheritedSyntax" methodname="SupportedByInheritedSyntax" classname="NUnit.Framework.Syntax.FalseTest" runstate="Runnable" seed="2094025426" result="Passed" start-time="2016-02-19 11:52:46Z" end-time="2016-02-19 11:52:46Z" duration="0.000048" asserts="1" />
            <test-case id="0-1307" name="SupportedByStaticSyntax" fullname="NUnit.Framework.Syntax.FalseTest.SupportedByStaticSyntax" methodname="SupportedByStaticSyntax" classname="NUnit.Framework.Syntax.FalseTest" runstate="Runnable" seed="871668234" result="Passed" start-time="2016-02-19 11:52:46Z" end-time="2016-02-19 11:52:46Z" duration="0.000041" asserts="1" />
          </test-suite>
          <test-suite type="TestFixture" id="0-1095" name="GreaterThanOrEqualTest" fullname="NUnit.Framework.Syntax.GreaterThanOrEqualTest" classname="NUnit.Framework.Syntax.GreaterThanOrEqualTest" runstate="Runnable" testcasecount="3" result="Passed" start-time="2016-02-19 11:52:46Z" end-time="2016-02-19 11:52:46Z" duration="0.001446" total="3" passed="3" failed="0" inconclusive="0" skipped="0" asserts="3">
            <test-case id="0-1097" name="SupportedByConstraintBuilder" fullname="NUnit.Framework.Syntax.GreaterThanOrEqualTest.SupportedByConstraintBuilder" methodname="SupportedByConstraintBuilder" classname="NUnit.Framework.Syntax.GreaterThanOrEqualTest" runstate="Runnable" seed="228728412" result="Passed" start-time="2016-02-19 11:52:46Z" end-time="2016-02-19 11:52:46Z" duration="0.000793" asserts="1" />
            <test-case id="0-1098" name="SupportedByInheritedSyntax" fullname="NUnit.Framework.Syntax.GreaterThanOrEqualTest.SupportedByInheritedSyntax" methodname="SupportedByInheritedSyntax" classname="NUnit.Framework.Syntax.GreaterThanOrEqualTest" runstate="Runnable" seed="1218980822" result="Passed" start-time="2016-02-19 11:52:46Z" end-time="2016-02-19 11:52:46Z" duration="0.000100" asserts="1" />
            <test-case id="0-1096" name="SupportedByStaticSyntax" fullname="NUnit.Framework.Syntax.GreaterThanOrEqualTest.SupportedByStaticSyntax" methodname="SupportedByStaticSyntax" classname="NUnit.Framework.Syntax.GreaterThanOrEqualTest" runstate="Runnable" seed="64116833" result="Passed" start-time="2016-02-19 11:52:46Z" end-time="2016-02-19 11:52:46Z" duration="0.000050" asserts="1" />
          </test-suite>
          <test-suite type="TestFixture" id="0-1091" name="GreaterThanTest" fullname="NUnit.Framework.Syntax.GreaterThanTest" classname="NUnit.Framework.Syntax.GreaterThanTest" runstate="Runnable" testcasecount="3" result="Passed" start-time="2016-02-19 11:52:46Z" end-time="2016-02-19 11:52:46Z" duration="0.000910" total="3" passed="3" failed="0" inconclusive="0" skipped="0" asserts="3">
            <test-case id="0-1093" name="SupportedByConstraintBuilder" fullname="NUnit.Framework.Syntax.GreaterThanTest.SupportedByConstraintBuilder" methodname="SupportedByConstraintBuilder" classname="NUnit.Framework.Syntax.GreaterThanTest" runstate="Runnable" seed="1421105907" result="Passed" start-time="2016-02-19 11:52:46Z" end-time="2016-02-19 11:52:46Z" duration="0.000481" asserts="1" />
            <test-case id="0-1094" name="SupportedByInheritedSyntax" fullname="NUnit.Framework.Syntax.GreaterThanTest.SupportedByInheritedSyntax" methodname="SupportedByInheritedSyntax" classname="NUnit.Framework.Syntax.GreaterThanTest" runstate="Runnable" seed="1362131987" result="Passed" start-time="2016-02-19 11:52:46Z" end-time="2016-02-19 11:52:46Z" duration="0.000049" asserts="1" />
            <test-case id="0-1092" name="SupportedByStaticSyntax" fullname="NUnit.Framework.Syntax.GreaterThanTest.SupportedByStaticSyntax" methodname="SupportedByStaticSyntax" classname="NUnit.Framework.Syntax.GreaterThanTest" runstate="Runnable" seed="740111050" result="Passed" start-time="2016-02-19 11:52:46Z" end-time="2016-02-19 11:52:46Z" duration="0.000046" asserts="1" />
          </test-suite>
          <test-suite type="TestFixture" id="0-1375" name="InstanceOfTest" fullname="NUnit.Framework.Syntax.InstanceOfTest" classname="NUnit.Framework.Syntax.InstanceOfTest" runstate="Runnable" testcasecount="3" result="Passed" start-time="2016-02-19 11:52:46Z" end-time="2016-02-19 11:52:46Z" duration="0.001000" total="3" passed="3" failed="0" inconclusive="0" skipped="0" asserts="3">
            <test-case id="0-1377" name="SupportedByConstraintBuilder" fullname="NUnit.Framework.Syntax.InstanceOfTest.SupportedByConstraintBuilder" methodname="SupportedByConstraintBuilder" classname="NUnit.Framework.Syntax.InstanceOfTest" runstate="Runnable" seed="1426966838" result="Passed" start-time="2016-02-19 11:52:46Z" end-time="2016-02-19 11:52:46Z" duration="0.000480" asserts="1" />
            <test-case id="0-1378" name="SupportedByInheritedSyntax" fullname="NUnit.Framework.Syntax.InstanceOfTest.SupportedByInheritedSyntax" methodname="SupportedByInheritedSyntax" classname="NUnit.Framework.Syntax.InstanceOfTest" runstate="Runnable" seed="18026248" result="Passed" start-time="2016-02-19 11:52:46Z" end-time="2016-02-19 11:52:46Z" duration="0.000076" asserts="1" />
            <test-case id="0-1376" name="SupportedByStaticSyntax" fullname="NUnit.Framework.Syntax.InstanceOfTest.SupportedByStaticSyntax" methodname="SupportedByStaticSyntax" classname="NUnit.Framework.Syntax.InstanceOfTest" runstate="Runnable" seed="2022015185" result="Passed" start-time="2016-02-19 11:52:46Z" end-time="2016-02-19 11:52:46Z" duration="0.000088" asserts="1" />
          </test-suite>
          <test-suite type="TestFixture" id="0-1399" name="InstanceOfTest_Generic" fullname="NUnit.Framework.Syntax.InstanceOfTest_Generic" classname="NUnit.Framework.Syntax.InstanceOfTest_Generic" runstate="Runnable" testcasecount="3" result="Passed" start-time="2016-02-19 11:52:46Z" end-time="2016-02-19 11:52:46Z" duration="0.001469" total="3" passed="3" failed="0" inconclusive="0" skipped="0" asserts="3">
            <test-case id="0-1401" name="SupportedByConstraintBuilder" fullname="NUnit.Framework.Syntax.InstanceOfTest_Generic.SupportedByConstraintBuilder" methodname="SupportedByConstraintBuilder" classname="NUnit.Framework.Syntax.InstanceOfTest_Generic" runstate="Runnable" seed="1678929688" result="Passed" start-time="2016-02-19 11:52:46Z" end-time="2016-02-19 11:52:46Z" duration="0.000979" asserts="1" />
            <test-case id="0-1402" name="SupportedByInheritedSyntax" fullname="NUnit.Framework.Syntax.InstanceOfTest_Generic.SupportedByInheritedSyntax" methodname="SupportedByInheritedSyntax" classname="NUnit.Framework.Syntax.InstanceOfTest_Generic" runstate="Runnable" seed="327024284" result="Passed" start-time="2016-02-19 11:52:46Z" end-time="2016-02-19 11:52:46Z" duration="0.000058" asserts="1" />
            <test-case id="0-1400" name="SupportedByStaticSyntax" fullname="NUnit.Framework.Syntax.InstanceOfTest_Generic.SupportedByStaticSyntax" methodname="SupportedByStaticSyntax" classname="NUnit.Framework.Syntax.InstanceOfTest_Generic" runstate="Runnable" seed="253631630" result="Passed" start-time="2016-02-19 11:52:46Z" end-time="2016-02-19 11:52:46Z" duration="0.000050" asserts="1" />
          </test-suite>
          <test-suite type="TestFixture" id="0-1127" name="EqualityTests" fullname="NUnit.Framework.Syntax.EqualityTests" classname="NUnit.Framework.Syntax.EqualityTests" runstate="Runnable" testcasecount="5" result="Passed" start-time="2016-02-19 11:52:46Z" end-time="2016-02-19 11:52:46Z" duration="0.011918" total="5" passed="5" failed="0" inconclusive="0" skipped="0" asserts="30">
            <test-case id="0-1132" name="EqualityTestsUsingDefaultFloatingPointTolerance" fullname="NUnit.Framework.Syntax.EqualityTests.EqualityTestsUsingDefaultFloatingPointTolerance" methodname="EqualityTestsUsingDefaultFloatingPointTolerance" classname="NUnit.Framework.Syntax.EqualityTests" runstate="Runnable" seed="745563653" result="Passed" start-time="2016-02-19 11:52:46Z" end-time="2016-02-19 11:52:46Z" duration="0.001232" asserts="3" />
            <test-case id="0-1129" name="EqualityTestsWithTolerance" fullname="NUnit.Framework.Syntax.EqualityTests.EqualityTestsWithTolerance" methodname="EqualityTestsWithTolerance" classname="NUnit.Framework.Syntax.EqualityTests" runstate="Runnable" seed="1646585529" result="Passed" start-time="2016-02-19 11:52:46Z" end-time="2016-02-19 11:52:46Z" duration="0.003207" asserts="8" />
            <test-case id="0-1130" name="EqualityTestsWithTolerance_MixedFloatAndDouble" fullname="NUnit.Framework.Syntax.EqualityTests.EqualityTestsWithTolerance_MixedFloatAndDouble" methodname="EqualityTestsWithTolerance_MixedFloatAndDouble" classname="NUnit.Framework.Syntax.EqualityTests" runstate="Runnable" seed="1469164916" result="Passed" start-time="2016-02-19 11:52:46Z" end-time="2016-02-19 11:52:46Z" duration="0.001900" asserts="6" />
            <test-case id="0-1131" name="EqualityTestsWithTolerance_MixingTypesGenerally" fullname="NUnit.Framework.Syntax.EqualityTests.EqualityTestsWithTolerance_MixingTypesGenerally" methodname="EqualityTestsWithTolerance_MixingTypesGenerally" classname="NUnit.Framework.Syntax.EqualityTests" runstate="Runnable" seed="1301663048" result="Passed" start-time="2016-02-19 11:52:46Z" end-time="2016-02-19 11:52:46Z" duration="0.002652" asserts="7" />
            <test-case id="0-1128" name="SimpleEqualityTests" fullname="NUnit.Framework.Syntax.EqualityTests.SimpleEqualityTests" methodname="SimpleEqualityTests" classname="NUnit.Framework.Syntax.EqualityTests" runstate="Runnable" seed="1045345926" result="Passed" start-time="2016-02-19 11:52:46Z" end-time="2016-02-19 11:52:46Z" duration="0.002246" asserts="6" />
          </test-suite>
          <test-suite type="TestFixture" id="0-1275" name="LengthTest" fullname="NUnit.Framework.Syntax.LengthTest" classname="NUnit.Framework.Syntax.LengthTest" runstate="Runnable" testcasecount="3" result="Passed" start-time="2016-02-19 11:52:46Z" end-time="2016-02-19 11:52:46Z" duration="0.003337" total="3" passed="3" failed="0" inconclusive="0" skipped="0" asserts="3">
            <test-case id="0-1277" name="SupportedByConstraintBuilder" fullname="NUnit.Framework.Syntax.LengthTest.SupportedByConstraintBuilder" methodname="SupportedByConstraintBuilder" classname="NUnit.Framework.Syntax.LengthTest" runstate="Runnable" seed="188569338" result="Passed" start-time="2016-02-19 11:52:46Z" end-time="2016-02-19 11:52:46Z" duration="0.000981" asserts="1" />
            <test-case id="0-1278" name="SupportedByInheritedSyntax" fullname="NUnit.Framework.Syntax.LengthTest.SupportedByInheritedSyntax" methodname="SupportedByInheritedSyntax" classname="NUnit.Framework.Syntax.LengthTest" runstate="Runnable" seed="546743502" result="Passed" start-time="2016-02-19 11:52:46Z" end-time="2016-02-19 11:52:46Z" duration="0.000063" asserts="1" />
            <test-case id="0-1276" name="SupportedByStaticSyntax" fullname="NUnit.Framework.Syntax.LengthTest.SupportedByStaticSyntax" methodname="SupportedByStaticSyntax" classname="NUnit.Framework.Syntax.LengthTest" runstate="Runnable" seed="1393323320" result="Passed" start-time="2016-02-19 11:52:46Z" end-time="2016-02-19 11:52:46Z" duration="0.000051" asserts="1" />
          </test-suite>
          <test-suite type="TestFixture" id="0-1107" name="LessThanOrEqualTest" fullname="NUnit.Framework.Syntax.LessThanOrEqualTest" classname="NUnit.Framework.Syntax.LessThanOrEqualTest" runstate="Runnable" testcasecount="3" result="Passed" start-time="2016-02-19 11:52:46Z" end-time="2016-02-19 11:52:46Z" duration="0.001374" total="3" passed="3" failed="0" inconclusive="0" skipped="0" asserts="3">
            <test-case id="0-1109" name="SupportedByConstraintBuilder" fullname="NUnit.Framework.Syntax.LessThanOrEqualTest.SupportedByConstraintBuilder" methodname="SupportedByConstraintBuilder" classname="NUnit.Framework.Syntax.LessThanOrEqualTest" runstate="Runnable" seed="2020617701" result="Passed" start-time="2016-02-19 11:52:46Z" end-time="2016-02-19 11:52:46Z" duration="0.000939" asserts="1" />
            <test-case id="0-1110" name="SupportedByInheritedSyntax" fullname="NUnit.Framework.Syntax.LessThanOrEqualTest.SupportedByInheritedSyntax" methodname="SupportedByInheritedSyntax" classname="NUnit.Framework.Syntax.LessThanOrEqualTest" runstate="Runnable" seed="2088267430" result="Passed" start-time="2016-02-19 11:52:46Z" end-time="2016-02-19 11:52:46Z" duration="0.000054" asserts="1" />
            <test-case id="0-1108" name="SupportedByStaticSyntax" fullname="NUnit.Framework.Syntax.LessThanOrEqualTest.SupportedByStaticSyntax" methodname="SupportedByStaticSyntax" classname="NUnit.Framework.Syntax.LessThanOrEqualTest" runstate="Runnable" seed="186895933" result="Passed" start-time="2016-02-19 11:52:46Z" end-time="2016-02-19 11:52:46Z" duration="0.000048" asserts="1" />
          </test-suite>
          <test-suite type="TestFixture" id="0-1103" name="LessThanTest" fullname="NUnit.Framework.Syntax.LessThanTest" classname="NUnit.Framework.Syntax.LessThanTest" runstate="Runnable" testcasecount="3" result="Passed" start-time="2016-02-19 11:52:46Z" end-time="2016-02-19 11:52:46Z" duration="0.000969" total="3" passed="3" failed="0" inconclusive="0" skipped="0" asserts="3">
            <test-case id="0-1105" name="SupportedByConstraintBuilder" fullname="NUnit.Framework.Syntax.LessThanTest.SupportedByConstraintBuilder" methodname="SupportedByConstraintBuilder" classname="NUnit.Framework.Syntax.LessThanTest" runstate="Runnable" seed="1020023379" result="Passed" start-time="2016-02-19 11:52:46Z" end-time="2016-02-19 11:52:46Z" duration="0.000521" asserts="1" />
            <test-case id="0-1106" name="SupportedByInheritedSyntax" fullname="NUnit.Framework.Syntax.LessThanTest.SupportedByInheritedSyntax" methodname="SupportedByInheritedSyntax" classname="NUnit.Framework.Syntax.LessThanTest" runstate="Runnable" seed="1487584112" result="Passed" start-time="2016-02-19 11:52:46Z" end-time="2016-02-19 11:52:46Z" duration="0.000051" asserts="1" />
            <test-case id="0-1104" name="SupportedByStaticSyntax" fullname="NUnit.Framework.Syntax.LessThanTest.SupportedByStaticSyntax" methodname="SupportedByStaticSyntax" classname="NUnit.Framework.Syntax.LessThanTest" runstate="Runnable" seed="1557035111" result="Passed" start-time="2016-02-19 11:52:46Z" end-time="2016-02-19 11:52:46Z" duration="0.000045" asserts="1" />
          </test-suite>
          <test-suite type="TestFixture" id="0-1283" name="MessageTest" fullname="NUnit.Framework.Syntax.MessageTest" classname="NUnit.Framework.Syntax.MessageTest" runstate="Runnable" testcasecount="3" result="Passed" start-time="2016-02-19 11:52:46Z" end-time="2016-02-19 11:52:46Z" duration="0.001461" total="3" passed="3" failed="0" inconclusive="0" skipped="0" asserts="3">
            <test-case id="0-1285" name="SupportedByConstraintBuilder" fullname="NUnit.Framework.Syntax.MessageTest.SupportedByConstraintBuilder" methodname="SupportedByConstraintBuilder" classname="NUnit.Framework.Syntax.MessageTest" runstate="Runnable" seed="1803589288" result="Passed" start-time="2016-02-19 11:52:46Z" end-time="2016-02-19 11:52:46Z" duration="0.000833" asserts="1" />
            <test-case id="0-1286" name="SupportedByInheritedSyntax" fullname="NUnit.Framework.Syntax.MessageTest.SupportedByInheritedSyntax" methodname="SupportedByInheritedSyntax" classname="NUnit.Framework.Syntax.MessageTest" runstate="Runnable" seed="539542073" result="Passed" start-time="2016-02-19 11:52:46Z" end-time="2016-02-19 11:52:46Z" duration="0.000091" asserts="1" />
            <test-case id="0-1284" name="SupportedByStaticSyntax" fullname="NUnit.Framework.Syntax.MessageTest.SupportedByStaticSyntax" methodname="SupportedByStaticSyntax" classname="NUnit.Framework.Syntax.MessageTest" runstate="Runnable" seed="128367343" result="Passed" start-time="2016-02-19 11:52:46Z" end-time="2016-02-19 11:52:46Z" duration="0.000050" asserts="1" />
          </test-suite>
          <test-suite type="TestFixture" id="0-1158" name="MixedOperatorOverrides" fullname="NUnit.Framework.Syntax.MixedOperatorOverrides" classname="NUnit.Framework.Syntax.MixedOperatorOverrides" runstate="Runnable" testcasecount="1" result="Passed" start-time="2016-02-19 11:52:46Z" end-time="2016-02-19 11:52:46Z" duration="0.001786" total="1" passed="1" failed="0" inconclusive="0" skipped="0" asserts="2">
            <test-case id="0-1159" name="ComplexTests" fullname="NUnit.Framework.Syntax.MixedOperatorOverrides.ComplexTests" methodname="ComplexTests" classname="NUnit.Framework.Syntax.MixedOperatorOverrides" runstate="Runnable" seed="860996854" result="Passed" start-time="2016-02-19 11:52:46Z" end-time="2016-02-19 11:52:46Z" duration="0.001584" asserts="2" />
          </test-suite>
          <test-suite type="TestFixture" id="0-1318" name="NaNTest" fullname="NUnit.Framework.Syntax.NaNTest" classname="NUnit.Framework.Syntax.NaNTest" runstate="Runnable" testcasecount="3" result="Passed" start-time="2016-02-19 11:52:46Z" end-time="2016-02-19 11:52:46Z" duration="0.003460" total="3" passed="3" failed="0" inconclusive="0" skipped="0" asserts="3">
            <test-case id="0-1320" name="SupportedByConstraintBuilder" fullname="NUnit.Framework.Syntax.NaNTest.SupportedByConstraintBuilder" methodname="SupportedByConstraintBuilder" classname="NUnit.Framework.Syntax.NaNTest" runstate="Runnable" seed="1701139647" result="Passed" start-time="2016-02-19 11:52:46Z" end-time="2016-02-19 11:52:46Z" duration="0.000803" asserts="1" />
            <test-case id="0-1321" name="SupportedByInheritedSyntax" fullname="NUnit.Framework.Syntax.NaNTest.SupportedByInheritedSyntax" methodname="SupportedByInheritedSyntax" classname="NUnit.Framework.Syntax.NaNTest" runstate="Runnable" seed="602185347" result="Passed" start-time="2016-02-19 11:52:46Z" end-time="2016-02-19 11:52:46Z" duration="0.000051" asserts="1" />
            <test-case id="0-1319" name="SupportedByStaticSyntax" fullname="NUnit.Framework.Syntax.NaNTest.SupportedByStaticSyntax" methodname="SupportedByStaticSyntax" classname="NUnit.Framework.Syntax.NaNTest" runstate="Runnable" seed="1691760673" result="Passed" start-time="2016-02-19 11:52:46Z" end-time="2016-02-19 11:52:46Z" duration="0.002164" asserts="1" />
          </test-suite>
          <test-suite type="TestFixture" id="0-1314" name="NegativeTest" fullname="NUnit.Framework.Syntax.NegativeTest" classname="NUnit.Framework.Syntax.NegativeTest" runstate="Runnable" testcasecount="3" result="Passed" start-time="2016-02-19 11:52:46Z" end-time="2016-02-19 11:52:46Z" duration="0.001932" total="3" passed="3" failed="0" inconclusive="0" skipped="0" asserts="3">
            <test-case id="0-1316" name="SupportedByConstraintBuilder" fullname="NUnit.Framework.Syntax.NegativeTest.SupportedByConstraintBuilder" methodname="SupportedByConstraintBuilder" classname="NUnit.Framework.Syntax.NegativeTest" runstate="Runnable" seed="1173976638" result="Passed" start-time="2016-02-19 11:52:46Z" end-time="2016-02-19 11:52:46Z" duration="0.001212" asserts="1" />
            <test-case id="0-1317" name="SupportedByInheritedSyntax" fullname="NUnit.Framework.Syntax.NegativeTest.SupportedByInheritedSyntax" methodname="SupportedByInheritedSyntax" classname="NUnit.Framework.Syntax.NegativeTest" runstate="Runnable" seed="308181858" result="Passed" start-time="2016-02-19 11:52:46Z" end-time="2016-02-19 11:52:46Z" duration="0.000054" asserts="1" />
            <test-case id="0-1315" name="SupportedByStaticSyntax" fullname="NUnit.Framework.Syntax.NegativeTest.SupportedByStaticSyntax" methodname="SupportedByStaticSyntax" classname="NUnit.Framework.Syntax.NegativeTest" runstate="Runnable" seed="2006586789" result="Passed" start-time="2016-02-19 11:52:46Z" end-time="2016-02-19 11:52:46Z" duration="0.000048" asserts="1" />
          </test-suite>
          <test-suite type="TestFixture" id="0-1188" name="NoneTest" fullname="NUnit.Framework.Syntax.NoneTest" classname="NUnit.Framework.Syntax.NoneTest" runstate="Runnable" testcasecount="3" result="Passed" start-time="2016-02-19 11:52:46Z" end-time="2016-02-19 11:52:46Z" duration="0.001896" total="3" passed="3" failed="0" inconclusive="0" skipped="0" asserts="3">
            <test-case id="0-1190" name="SupportedByConstraintBuilder" fullname="NUnit.Framework.Syntax.NoneTest.SupportedByConstraintBuilder" methodname="SupportedByConstraintBuilder" classname="NUnit.Framework.Syntax.NoneTest" runstate="Runnable" seed="1626364199" result="Passed" start-time="2016-02-19 11:52:46Z" end-time="2016-02-19 11:52:46Z" duration="0.001405" asserts="1" />
            <test-case id="0-1191" name="SupportedByInheritedSyntax" fullname="NUnit.Framework.Syntax.NoneTest.SupportedByInheritedSyntax" methodname="SupportedByInheritedSyntax" classname="NUnit.Framework.Syntax.NoneTest" runstate="Runnable" seed="1024950644" result="Passed" start-time="2016-02-19 11:52:46Z" end-time="2016-02-19 11:52:46Z" duration="0.000064" asserts="1" />
            <test-case id="0-1189" name="SupportedByStaticSyntax" fullname="NUnit.Framework.Syntax.NoneTest.SupportedByStaticSyntax" methodname="SupportedByStaticSyntax" classname="NUnit.Framework.Syntax.NoneTest" runstate="Runnable" seed="243821016" result="Passed" start-time="2016-02-19 11:52:46Z" end-time="2016-02-19 11:52:46Z" duration="0.000052" asserts="1" />
          </test-suite>
          <test-suite type="TestFixture" id="0-1146" name="NotOperatorOverride" fullname="NUnit.Framework.Syntax.NotOperatorOverride" classname="NUnit.Framework.Syntax.NotOperatorOverride" runstate="Runnable" testcasecount="3" result="Passed" start-time="2016-02-19 11:52:46Z" end-time="2016-02-19 11:52:46Z" duration="0.001074" total="3" passed="3" failed="0" inconclusive="0" skipped="0" asserts="3">
            <test-case id="0-1148" name="SupportedByConstraintBuilder" fullname="NUnit.Framework.Syntax.NotOperatorOverride.SupportedByConstraintBuilder" methodname="SupportedByConstraintBuilder" classname="NUnit.Framework.Syntax.NotOperatorOverride" runstate="Runnable" seed="867165163" result="Passed" start-time="2016-02-19 11:52:46Z" end-time="2016-02-19 11:52:46Z" duration="0.000581" asserts="1" />
            <test-case id="0-1149" name="SupportedByInheritedSyntax" fullname="NUnit.Framework.Syntax.NotOperatorOverride.SupportedByInheritedSyntax" methodname="SupportedByInheritedSyntax" classname="NUnit.Framework.Syntax.NotOperatorOverride" runstate="Runnable" seed="2007854938" result="Passed" start-time="2016-02-19 11:52:46Z" end-time="2016-02-19 11:52:46Z" duration="0.000050" asserts="1" />
            <test-case id="0-1147" name="SupportedByStaticSyntax" fullname="NUnit.Framework.Syntax.NotOperatorOverride.SupportedByStaticSyntax" methodname="SupportedByStaticSyntax" classname="NUnit.Framework.Syntax.NotOperatorOverride" runstate="Runnable" seed="1526609962" result="Passed" start-time="2016-02-19 11:52:46Z" end-time="2016-02-19 11:52:46Z" duration="0.000073" asserts="1" />
          </test-suite>
          <test-suite type="TestFixture" id="0-1247" name="NotSamePathOrUnderTest_IgnoreCase" fullname="NUnit.Framework.Syntax.NotSamePathOrUnderTest_IgnoreCase" classname="NUnit.Framework.Syntax.NotSamePathOrUnderTest_IgnoreCase" runstate="Runnable" testcasecount="3" result="Passed" start-time="2016-02-19 11:52:46Z" end-time="2016-02-19 11:52:46Z" duration="0.001863" total="3" passed="3" failed="0" inconclusive="0" skipped="0" asserts="3">
            <test-case id="0-1249" name="SupportedByConstraintBuilder" fullname="NUnit.Framework.Syntax.NotSamePathOrUnderTest_IgnoreCase.SupportedByConstraintBuilder" methodname="SupportedByConstraintBuilder" classname="NUnit.Framework.Syntax.NotSamePathOrUnderTest_IgnoreCase" runstate="Runnable" seed="1973987950" result="Passed" start-time="2016-02-19 11:52:46Z" end-time="2016-02-19 11:52:46Z" duration="0.001393" asserts="1" />
            <test-case id="0-1250" name="SupportedByInheritedSyntax" fullname="NUnit.Framework.Syntax.NotSamePathOrUnderTest_IgnoreCase.SupportedByInheritedSyntax" methodname="SupportedByInheritedSyntax" classname="NUnit.Framework.Syntax.NotSamePathOrUnderTest_IgnoreCase" runstate="Runnable" seed="1024470756" result="Passed" start-time="2016-02-19 11:52:46Z" end-time="2016-02-19 11:52:46Z" duration="0.000054" asserts="1" />
            <test-case id="0-1248" name="SupportedByStaticSyntax" fullname="NUnit.Framework.Syntax.NotSamePathOrUnderTest_IgnoreCase.SupportedByStaticSyntax" methodname="SupportedByStaticSyntax" classname="NUnit.Framework.Syntax.NotSamePathOrUnderTest_IgnoreCase" runstate="Runnable" seed="2117901244" result="Passed" start-time="2016-02-19 11:52:46Z" end-time="2016-02-19 11:52:46Z" duration="0.000050" asserts="1" />
          </test-suite>
          <test-suite type="TestFixture" id="0-1255" name="NotSamePathOrUnderTest_RespectCase" fullname="NUnit.Framework.Syntax.NotSamePathOrUnderTest_RespectCase" classname="NUnit.Framework.Syntax.NotSamePathOrUnderTest_RespectCase" runstate="Runnable" testcasecount="3" result="Passed" start-time="2016-02-19 11:52:46Z" end-time="2016-02-19 11:52:46Z" duration="0.002445" total="3" passed="3" failed="0" inconclusive="0" skipped="0" asserts="3">
            <test-case id="0-1257" name="SupportedByConstraintBuilder" fullname="NUnit.Framework.Syntax.NotSamePathOrUnderTest_RespectCase.SupportedByConstraintBuilder" methodname="SupportedByConstraintBuilder" classname="NUnit.Framework.Syntax.NotSamePathOrUnderTest_RespectCase" runstate="Runnable" seed="256298896" result="Passed" start-time="2016-02-19 11:52:46Z" end-time="2016-02-19 11:52:46Z" duration="0.001027" asserts="1" />
            <test-case id="0-1258" name="SupportedByInheritedSyntax" fullname="NUnit.Framework.Syntax.NotSamePathOrUnderTest_RespectCase.SupportedByInheritedSyntax" methodname="SupportedByInheritedSyntax" classname="NUnit.Framework.Syntax.NotSamePathOrUnderTest_RespectCase" runstate="Runnable" seed="659442191" result="Passed" start-time="2016-02-19 11:52:46Z" end-time="2016-02-19 11:52:46Z" duration="0.000077" asserts="1" />
            <test-case id="0-1256" name="SupportedByStaticSyntax" fullname="NUnit.Framework.Syntax.NotSamePathOrUnderTest_RespectCase.SupportedByStaticSyntax" methodname="SupportedByStaticSyntax" classname="NUnit.Framework.Syntax.NotSamePathOrUnderTest_RespectCase" runstate="Runnable" seed="1891191200" result="Passed" start-time="2016-02-19 11:52:46Z" end-time="2016-02-19 11:52:46Z" duration="0.000048" asserts="1" />
          </test-suite>
          <test-suite type="TestFixture" id="0-1227" name="NotSamePathTest_IgnoreCase" fullname="NUnit.Framework.Syntax.NotSamePathTest_IgnoreCase" classname="NUnit.Framework.Syntax.NotSamePathTest_IgnoreCase" runstate="Runnable" testcasecount="3" result="Passed" start-time="2016-02-19 11:52:46Z" end-time="2016-02-19 11:52:46Z" duration="0.002076" total="3" passed="3" failed="0" inconclusive="0" skipped="0" asserts="3">
            <test-case id="0-1229" name="SupportedByConstraintBuilder" fullname="NUnit.Framework.Syntax.NotSamePathTest_IgnoreCase.SupportedByConstraintBuilder" methodname="SupportedByConstraintBuilder" classname="NUnit.Framework.Syntax.NotSamePathTest_IgnoreCase" runstate="Runnable" seed="545350513" result="Passed" start-time="2016-02-19 11:52:46Z" end-time="2016-02-19 11:52:46Z" duration="0.001527" asserts="1" />
            <test-case id="0-1230" name="SupportedByInheritedSyntax" fullname="NUnit.Framework.Syntax.NotSamePathTest_IgnoreCase.SupportedByInheritedSyntax" methodname="SupportedByInheritedSyntax" classname="NUnit.Framework.Syntax.NotSamePathTest_IgnoreCase" runstate="Runnable" seed="200884707" result="Passed" start-time="2016-02-19 11:52:46Z" end-time="2016-02-19 11:52:46Z" duration="0.000071" asserts="1" />
            <test-case id="0-1228" name="SupportedByStaticSyntax" fullname="NUnit.Framework.Syntax.NotSamePathTest_IgnoreCase.SupportedByStaticSyntax" methodname="SupportedByStaticSyntax" classname="NUnit.Framework.Syntax.NotSamePathTest_IgnoreCase" runstate="Runnable" seed="1357334841" result="Passed" start-time="2016-02-19 11:52:46Z" end-time="2016-02-19 11:52:46Z" duration="0.000078" asserts="1" />
          </test-suite>
          <test-suite type="TestFixture" id="0-1235" name="NotSamePathTest_RespectCase" fullname="NUnit.Framework.Syntax.NotSamePathTest_RespectCase" classname="NUnit.Framework.Syntax.NotSamePathTest_RespectCase" runstate="Runnable" testcasecount="3" result="Passed" start-time="2016-02-19 11:52:46Z" end-time="2016-02-19 11:52:46Z" duration="0.002717" total="3" passed="3" failed="0" inconclusive="0" skipped="0" asserts="3">
            <test-case id="0-1237" name="SupportedByConstraintBuilder" fullname="NUnit.Framework.Syntax.NotSamePathTest_RespectCase.SupportedByConstraintBuilder" methodname="SupportedByConstraintBuilder" classname="NUnit.Framework.Syntax.NotSamePathTest_RespectCase" runstate="Runnable" seed="1272095616" result="Passed" start-time="2016-02-19 11:52:46Z" end-time="2016-02-19 11:52:46Z" duration="0.001705" asserts="1" />
            <test-case id="0-1238" name="SupportedByInheritedSyntax" fullname="NUnit.Framework.Syntax.NotSamePathTest_RespectCase.SupportedByInheritedSyntax" methodname="SupportedByInheritedSyntax" classname="NUnit.Framework.Syntax.NotSamePathTest_RespectCase" runstate="Runnable" seed="936769418" result="Passed" start-time="2016-02-19 11:52:46Z" end-time="2016-02-19 11:52:46Z" duration="0.000092" asserts="1" />
            <test-case id="0-1236" name="SupportedByStaticSyntax" fullname="NUnit.Framework.Syntax.NotSamePathTest_RespectCase.SupportedByStaticSyntax" methodname="SupportedByStaticSyntax" classname="NUnit.Framework.Syntax.NotSamePathTest_RespectCase" runstate="Runnable" seed="1138597202" result="Passed" start-time="2016-02-19 11:52:46Z" end-time="2016-02-19 11:52:46Z" duration="0.000081" asserts="1" />
          </test-suite>
          <test-suite type="TestFixture" id="0-1160" name="NotTest" fullname="NUnit.Framework.Syntax.NotTest" classname="NUnit.Framework.Syntax.NotTest" runstate="Runnable" testcasecount="3" result="Passed" start-time="2016-02-19 11:52:46Z" end-time="2016-02-19 11:52:46Z" duration="0.003265" total="3" passed="3" failed="0" inconclusive="0" skipped="0" asserts="3">
            <test-case id="0-1162" name="SupportedByConstraintBuilder" fullname="NUnit.Framework.Syntax.NotTest.SupportedByConstraintBuilder" methodname="SupportedByConstraintBuilder" classname="NUnit.Framework.Syntax.NotTest" runstate="Runnable" seed="481194630" result="Passed" start-time="2016-02-19 11:52:46Z" end-time="2016-02-19 11:52:46Z" duration="0.002399" asserts="1" />
            <test-case id="0-1163" name="SupportedByInheritedSyntax" fullname="NUnit.Framework.Syntax.NotTest.SupportedByInheritedSyntax" methodname="SupportedByInheritedSyntax" classname="NUnit.Framework.Syntax.NotTest" runstate="Runnable" seed="1583912727" result="Passed" start-time="2016-02-19 11:52:46Z" end-time="2016-02-19 11:52:46Z" duration="0.000103" asserts="1" />
            <test-case id="0-1161" name="SupportedByStaticSyntax" fullname="NUnit.Framework.Syntax.NotTest.SupportedByStaticSyntax" methodname="SupportedByStaticSyntax" classname="NUnit.Framework.Syntax.NotTest" runstate="Runnable" seed="958776360" result="Passed" start-time="2016-02-19 11:52:46Z" end-time="2016-02-19 11:52:46Z" duration="0.000084" asserts="1" />
          </test-suite>
          <test-suite type="TestFixture" id="0-1164" name="NotTest_Cascaded" fullname="NUnit.Framework.Syntax.NotTest_Cascaded" classname="NUnit.Framework.Syntax.NotTest_Cascaded" runstate="Runnable" testcasecount="3" result="Passed" start-time="2016-02-19 11:52:46Z" end-time="2016-02-19 11:52:46Z" duration="0.003051" total="3" passed="3" failed="0" inconclusive="0" skipped="0" asserts="3">
            <test-case id="0-1166" name="SupportedByConstraintBuilder" fullname="NUnit.Framework.Syntax.NotTest_Cascaded.SupportedByConstraintBuilder" methodname="SupportedByConstraintBuilder" classname="NUnit.Framework.Syntax.NotTest_Cascaded" runstate="Runnable" seed="1823372744" result="Passed" start-time="2016-02-19 11:52:46Z" end-time="2016-02-19 11:52:46Z" duration="0.002182" asserts="1" />
            <test-case id="0-1167" name="SupportedByInheritedSyntax" fullname="NUnit.Framework.Syntax.NotTest_Cascaded.SupportedByInheritedSyntax" methodname="SupportedByInheritedSyntax" classname="NUnit.Framework.Syntax.NotTest_Cascaded" runstate="Runnable" seed="2034246239" result="Passed" start-time="2016-02-19 11:52:46Z" end-time="2016-02-19 11:52:46Z" duration="0.000088" asserts="1" />
            <test-case id="0-1165" name="SupportedByStaticSyntax" fullname="NUnit.Framework.Syntax.NotTest_Cascaded.SupportedByStaticSyntax" methodname="SupportedByStaticSyntax" classname="NUnit.Framework.Syntax.NotTest_Cascaded" runstate="Runnable" seed="539783747" result="Passed" start-time="2016-02-19 11:52:46Z" end-time="2016-02-19 11:52:46Z" duration="0.000092" asserts="1" />
          </test-suite>
          <test-suite type="TestFixture" id="0-1298" name="NullTest" fullname="NUnit.Framework.Syntax.NullTest" classname="NUnit.Framework.Syntax.NullTest" runstate="Runnable" testcasecount="3" result="Passed" start-time="2016-02-19 11:52:46Z" end-time="2016-02-19 11:52:46Z" duration="0.001434" total="3" passed="3" failed="0" inconclusive="0" skipped="0" asserts="3">
            <test-case id="0-1300" name="SupportedByConstraintBuilder" fullname="NUnit.Framework.Syntax.NullTest.SupportedByConstraintBuilder" methodname="SupportedByConstraintBuilder" classname="NUnit.Framework.Syntax.NullTest" runstate="Runnable" seed="866707605" result="Passed" start-time="2016-02-19 11:52:46Z" end-time="2016-02-19 11:52:46Z" duration="0.000571" asserts="1" />
            <test-case id="0-1301" name="SupportedByInheritedSyntax" fullname="NUnit.Framework.Syntax.NullTest.SupportedByInheritedSyntax" methodname="SupportedByInheritedSyntax" classname="NUnit.Framework.Syntax.NullTest" runstate="Runnable" seed="1379788562" result="Passed" start-time="2016-02-19 11:52:46Z" end-time="2016-02-19 11:52:46Z" duration="0.000080" asserts="1" />
            <test-case id="0-1299" name="SupportedByStaticSyntax" fullname="NUnit.Framework.Syntax.NullTest.SupportedByStaticSyntax" methodname="SupportedByStaticSyntax" classname="NUnit.Framework.Syntax.NullTest" runstate="Runnable" seed="1289362368" result="Passed" start-time="2016-02-19 11:52:46Z" end-time="2016-02-19 11:52:46Z" duration="0.000077" asserts="1" />
          </test-suite>
          <test-suite type="TestFixture" id="0-1216" name="OperatorPrecedenceTests" fullname="NUnit.Framework.Syntax.OperatorPrecedenceTests" classname="NUnit.Framework.Syntax.OperatorPrecedenceTests" runstate="Runnable" testcasecount="2" result="Passed" start-time="2016-02-19 11:52:46Z" end-time="2016-02-19 11:52:46Z" duration="0.014528" total="2" passed="2" failed="0" inconclusive="0" skipped="0" asserts="8">
            <test-case id="0-1218" name="SomeTests" fullname="NUnit.Framework.Syntax.OperatorPrecedenceTests.SomeTests" methodname="SomeTests" classname="NUnit.Framework.Syntax.OperatorPrecedenceTests" runstate="Runnable" seed="118529240" result="Passed" start-time="2016-02-19 11:52:46Z" end-time="2016-02-19 11:52:46Z" duration="0.005353" asserts="2" />
            <test-case id="0-1217" name="WithTests" fullname="NUnit.Framework.Syntax.OperatorPrecedenceTests.WithTests" methodname="WithTests" classname="NUnit.Framework.Syntax.OperatorPrecedenceTests" runstate="Runnable" seed="1330191420" result="Passed" start-time="2016-02-19 11:52:46Z" end-time="2016-02-19 11:52:46Z" duration="0.008722" asserts="6" />
          </test-suite>
          <test-suite type="TestFixture" id="0-1154" name="OrOperatorOverride" fullname="NUnit.Framework.Syntax.OrOperatorOverride" classname="NUnit.Framework.Syntax.OrOperatorOverride" runstate="Runnable" testcasecount="3" result="Passed" start-time="2016-02-19 11:52:46Z" end-time="2016-02-19 11:52:46Z" duration="0.001276" total="3" passed="3" failed="0" inconclusive="0" skipped="0" asserts="3">
            <test-case id="0-1156" name="SupportedByConstraintBuilder" fullname="NUnit.Framework.Syntax.OrOperatorOverride.SupportedByConstraintBuilder" methodname="SupportedByConstraintBuilder" classname="NUnit.Framework.Syntax.OrOperatorOverride" runstate="Runnable" seed="630744275" result="Passed" start-time="2016-02-19 11:52:46Z" end-time="2016-02-19 11:52:46Z" duration="0.000796" asserts="1" />
            <test-case id="0-1157" name="SupportedByInheritedSyntax" fullname="NUnit.Framework.Syntax.OrOperatorOverride.SupportedByInheritedSyntax" methodname="SupportedByInheritedSyntax" classname="NUnit.Framework.Syntax.OrOperatorOverride" runstate="Runnable" seed="1791378015" result="Passed" start-time="2016-02-19 11:52:46Z" end-time="2016-02-19 11:52:46Z" duration="0.000060" asserts="1" />
            <test-case id="0-1155" name="SupportedByStaticSyntax" fullname="NUnit.Framework.Syntax.OrOperatorOverride.SupportedByStaticSyntax" methodname="SupportedByStaticSyntax" classname="NUnit.Framework.Syntax.OrOperatorOverride" runstate="Runnable" seed="1426137506" result="Passed" start-time="2016-02-19 11:52:46Z" end-time="2016-02-19 11:52:46Z" duration="0.000053" asserts="1" />
          </test-suite>
          <test-suite type="TestFixture" id="0-1200" name="OrTest" fullname="NUnit.Framework.Syntax.OrTest" classname="NUnit.Framework.Syntax.OrTest" runstate="Runnable" testcasecount="3" result="Passed" start-time="2016-02-19 11:52:46Z" end-time="2016-02-19 11:52:46Z" duration="0.001119" total="3" passed="3" failed="0" inconclusive="0" skipped="0" asserts="3">
            <test-case id="0-1202" name="SupportedByConstraintBuilder" fullname="NUnit.Framework.Syntax.OrTest.SupportedByConstraintBuilder" methodname="SupportedByConstraintBuilder" classname="NUnit.Framework.Syntax.OrTest" runstate="Runnable" seed="1536313973" result="Passed" start-time="2016-02-19 11:52:46Z" end-time="2016-02-19 11:52:46Z" duration="0.000672" asserts="1" />
            <test-case id="0-1203" name="SupportedByInheritedSyntax" fullname="NUnit.Framework.Syntax.OrTest.SupportedByInheritedSyntax" methodname="SupportedByInheritedSyntax" classname="NUnit.Framework.Syntax.OrTest" runstate="Runnable" seed="247950219" result="Passed" start-time="2016-02-19 11:52:46Z" end-time="2016-02-19 11:52:46Z" duration="0.000059" asserts="1" />
            <test-case id="0-1201" name="SupportedByStaticSyntax" fullname="NUnit.Framework.Syntax.OrTest.SupportedByStaticSyntax" methodname="SupportedByStaticSyntax" classname="NUnit.Framework.Syntax.OrTest" runstate="Runnable" seed="1121954734" result="Passed" start-time="2016-02-19 11:52:46Z" end-time="2016-02-19 11:52:46Z" duration="0.000055" asserts="1" />
          </test-suite>
          <test-suite type="TestFixture" id="0-1204" name="OrTest_ThreeOrs" fullname="NUnit.Framework.Syntax.OrTest_ThreeOrs" classname="NUnit.Framework.Syntax.OrTest_ThreeOrs" runstate="Runnable" testcasecount="3" result="Passed" start-time="2016-02-19 11:52:46Z" end-time="2016-02-19 11:52:46Z" duration="0.001304" total="3" passed="3" failed="0" inconclusive="0" skipped="0" asserts="3">
            <test-case id="0-1206" name="SupportedByConstraintBuilder" fullname="NUnit.Framework.Syntax.OrTest_ThreeOrs.SupportedByConstraintBuilder" methodname="SupportedByConstraintBuilder" classname="NUnit.Framework.Syntax.OrTest_ThreeOrs" runstate="Runnable" seed="1601967804" result="Passed" start-time="2016-02-19 11:52:46Z" end-time="2016-02-19 11:52:46Z" duration="0.000844" asserts="1" />
            <test-case id="0-1207" name="SupportedByInheritedSyntax" fullname="NUnit.Framework.Syntax.OrTest_ThreeOrs.SupportedByInheritedSyntax" methodname="SupportedByInheritedSyntax" classname="NUnit.Framework.Syntax.OrTest_ThreeOrs" runstate="Runnable" seed="419527822" result="Passed" start-time="2016-02-19 11:52:46Z" end-time="2016-02-19 11:52:46Z" duration="0.000069" asserts="1" />
            <test-case id="0-1205" name="SupportedByStaticSyntax" fullname="NUnit.Framework.Syntax.OrTest_ThreeOrs.SupportedByStaticSyntax" methodname="SupportedByStaticSyntax" classname="NUnit.Framework.Syntax.OrTest_ThreeOrs" runstate="Runnable" seed="210004107" result="Passed" start-time="2016-02-19 11:52:46Z" end-time="2016-02-19 11:52:46Z" duration="0.000063" asserts="1" />
          </test-suite>
          <test-suite type="TestFixture" id="0-1310" name="PositiveTest" fullname="NUnit.Framework.Syntax.PositiveTest" classname="NUnit.Framework.Syntax.PositiveTest" runstate="Runnable" testcasecount="3" result="Passed" start-time="2016-02-19 11:52:46Z" end-time="2016-02-19 11:52:46Z" duration="0.002367" total="3" passed="3" failed="0" inconclusive="0" skipped="0" asserts="3">
            <test-case id="0-1312" name="SupportedByConstraintBuilder" fullname="NUnit.Framework.Syntax.PositiveTest.SupportedByConstraintBuilder" methodname="SupportedByConstraintBuilder" classname="NUnit.Framework.Syntax.PositiveTest" runstate="Runnable" seed="2103003064" result="Passed" start-time="2016-02-19 11:52:46Z" end-time="2016-02-19 11:52:46Z" duration="0.001833" asserts="1" />
            <test-case id="0-1313" name="SupportedByInheritedSyntax" fullname="NUnit.Framework.Syntax.PositiveTest.SupportedByInheritedSyntax" methodname="SupportedByInheritedSyntax" classname="NUnit.Framework.Syntax.PositiveTest" runstate="Runnable" seed="1998320721" result="Passed" start-time="2016-02-19 11:52:46Z" end-time="2016-02-19 11:52:46Z" duration="0.000094" asserts="1" />
            <test-case id="0-1311" name="SupportedByStaticSyntax" fullname="NUnit.Framework.Syntax.PositiveTest.SupportedByStaticSyntax" methodname="SupportedByStaticSyntax" classname="NUnit.Framework.Syntax.PositiveTest" runstate="Runnable" seed="1625447837" result="Passed" start-time="2016-02-19 11:52:46Z" end-time="2016-02-19 11:52:46Z" duration="0.000074" asserts="1" />
          </test-suite>
          <test-suite type="TestFixture" id="0-1259" name="PropertyExistsTest" fullname="NUnit.Framework.Syntax.PropertyExistsTest" classname="NUnit.Framework.Syntax.PropertyExistsTest" runstate="Runnable" testcasecount="3" result="Passed" start-time="2016-02-19 11:52:46Z" end-time="2016-02-19 11:52:46Z" duration="0.002368" total="3" passed="3" failed="0" inconclusive="0" skipped="0" asserts="3">
            <test-case id="0-1261" name="SupportedByConstraintBuilder" fullname="NUnit.Framework.Syntax.PropertyExistsTest.SupportedByConstraintBuilder" methodname="SupportedByConstraintBuilder" classname="NUnit.Framework.Syntax.PropertyExistsTest" runstate="Runnable" seed="1382411293" result="Passed" start-time="2016-02-19 11:52:46Z" end-time="2016-02-19 11:52:46Z" duration="0.001547" asserts="1" />
            <test-case id="0-1262" name="SupportedByInheritedSyntax" fullname="NUnit.Framework.Syntax.PropertyExistsTest.SupportedByInheritedSyntax" methodname="SupportedByInheritedSyntax" classname="NUnit.Framework.Syntax.PropertyExistsTest" runstate="Runnable" seed="453286741" result="Passed" start-time="2016-02-19 11:52:46Z" end-time="2016-02-19 11:52:46Z" duration="0.000076" asserts="1" />
            <test-case id="0-1260" name="SupportedByStaticSyntax" fullname="NUnit.Framework.Syntax.PropertyExistsTest.SupportedByStaticSyntax" methodname="SupportedByStaticSyntax" classname="NUnit.Framework.Syntax.PropertyExistsTest" runstate="Runnable" seed="659572169" result="Passed" start-time="2016-02-19 11:52:46Z" end-time="2016-02-19 11:52:46Z" duration="0.000069" asserts="1" />
          </test-suite>
          <test-suite type="TestFixture" id="0-1263" name="PropertyExistsTest_AndFollows" fullname="NUnit.Framework.Syntax.PropertyExistsTest_AndFollows" classname="NUnit.Framework.Syntax.PropertyExistsTest_AndFollows" runstate="Runnable" testcasecount="3" result="Passed" start-time="2016-02-19 11:52:46Z" end-time="2016-02-19 11:52:46Z" duration="0.003145" total="3" passed="3" failed="0" inconclusive="0" skipped="0" asserts="3">
            <test-case id="0-1265" name="SupportedByConstraintBuilder" fullname="NUnit.Framework.Syntax.PropertyExistsTest_AndFollows.SupportedByConstraintBuilder" methodname="SupportedByConstraintBuilder" classname="NUnit.Framework.Syntax.PropertyExistsTest_AndFollows" runstate="Runnable" seed="789341767" result="Passed" start-time="2016-02-19 11:52:46Z" end-time="2016-02-19 11:52:46Z" duration="0.002363" asserts="1" />
            <test-case id="0-1266" name="SupportedByInheritedSyntax" fullname="NUnit.Framework.Syntax.PropertyExistsTest_AndFollows.SupportedByInheritedSyntax" methodname="SupportedByInheritedSyntax" classname="NUnit.Framework.Syntax.PropertyExistsTest_AndFollows" runstate="Runnable" seed="1505313875" result="Passed" start-time="2016-02-19 11:52:46Z" end-time="2016-02-19 11:52:46Z" duration="0.000102" asserts="1" />
            <test-case id="0-1264" name="SupportedByStaticSyntax" fullname="NUnit.Framework.Syntax.PropertyExistsTest_AndFollows.SupportedByStaticSyntax" methodname="SupportedByStaticSyntax" classname="NUnit.Framework.Syntax.PropertyExistsTest_AndFollows" runstate="Runnable" seed="1520431280" result="Passed" start-time="2016-02-19 11:52:46Z" end-time="2016-02-19 11:52:46Z" duration="0.000108" asserts="1" />
          </test-suite>
          <test-suite type="TestFixture" id="0-1287" name="PropertySyntaxVariations" fullname="NUnit.Framework.Syntax.PropertySyntaxVariations" classname="NUnit.Framework.Syntax.PropertySyntaxVariations" runstate="Runnable" testcasecount="2" result="Passed" start-time="2016-02-19 11:52:46Z" end-time="2016-02-19 11:52:46Z" duration="0.003577" total="2" passed="2" failed="0" inconclusive="0" skipped="0" asserts="4">
            <test-case id="0-1288" name="ExistenceTest" fullname="NUnit.Framework.Syntax.PropertySyntaxVariations.ExistenceTest" methodname="ExistenceTest" classname="NUnit.Framework.Syntax.PropertySyntaxVariations" runstate="Runnable" seed="10381203" result="Passed" start-time="2016-02-19 11:52:46Z" end-time="2016-02-19 11:52:46Z" duration="0.001007" asserts="2" />
            <test-case id="0-1289" name="SeparateConstraintTest" fullname="NUnit.Framework.Syntax.PropertySyntaxVariations.SeparateConstraintTest" methodname="SeparateConstraintTest" classname="NUnit.Framework.Syntax.PropertySyntaxVariations" runstate="Runnable" seed="1446084413" result="Passed" start-time="2016-02-19 11:52:46Z" end-time="2016-02-19 11:52:46Z" duration="0.001972" asserts="2" />
          </test-suite>
          <test-suite type="TestFixture" id="0-1267" name="PropertyTest_ConstraintFollows" fullname="NUnit.Framework.Syntax.PropertyTest_ConstraintFollows" classname="NUnit.Framework.Syntax.PropertyTest_ConstraintFollows" runstate="Runnable" testcasecount="3" result="Passed" start-time="2016-02-19 11:52:46Z" end-time="2016-02-19 11:52:46Z" duration="0.001781" total="3" passed="3" failed="0" inconclusive="0" skipped="0" asserts="3">
            <test-case id="0-1269" name="SupportedByConstraintBuilder" fullname="NUnit.Framework.Syntax.PropertyTest_ConstraintFollows.SupportedByConstraintBuilder" methodname="SupportedByConstraintBuilder" classname="NUnit.Framework.Syntax.PropertyTest_ConstraintFollows" runstate="Runnable" seed="817011845" result="Passed" start-time="2016-02-19 11:52:46Z" end-time="2016-02-19 11:52:46Z" duration="0.001241" asserts="1" />
            <test-case id="0-1270" name="SupportedByInheritedSyntax" fullname="NUnit.Framework.Syntax.PropertyTest_ConstraintFollows.SupportedByInheritedSyntax" methodname="SupportedByInheritedSyntax" classname="NUnit.Framework.Syntax.PropertyTest_ConstraintFollows" runstate="Runnable" seed="1128996600" result="Passed" start-time="2016-02-19 11:52:46Z" end-time="2016-02-19 11:52:46Z" duration="0.000057" asserts="1" />
            <test-case id="0-1268" name="SupportedByStaticSyntax" fullname="NUnit.Framework.Syntax.PropertyTest_ConstraintFollows.SupportedByStaticSyntax" methodname="SupportedByStaticSyntax" classname="NUnit.Framework.Syntax.PropertyTest_ConstraintFollows" runstate="Runnable" seed="2042432349" result="Passed" start-time="2016-02-19 11:52:46Z" end-time="2016-02-19 11:52:46Z" duration="0.000050" asserts="1" />
          </test-suite>
          <test-suite type="TestFixture" id="0-1271" name="PropertyTest_NotFollows" fullname="NUnit.Framework.Syntax.PropertyTest_NotFollows" classname="NUnit.Framework.Syntax.PropertyTest_NotFollows" runstate="Runnable" testcasecount="3" result="Passed" start-time="2016-02-19 11:52:46Z" end-time="2016-02-19 11:52:46Z" duration="0.002021" total="3" passed="3" failed="0" inconclusive="0" skipped="0" asserts="3">
            <test-case id="0-1273" name="SupportedByConstraintBuilder" fullname="NUnit.Framework.Syntax.PropertyTest_NotFollows.SupportedByConstraintBuilder" methodname="SupportedByConstraintBuilder" classname="NUnit.Framework.Syntax.PropertyTest_NotFollows" runstate="Runnable" seed="1787548573" result="Passed" start-time="2016-02-19 11:52:46Z" end-time="2016-02-19 11:52:46Z" duration="0.001525" asserts="1" />
            <test-case id="0-1274" name="SupportedByInheritedSyntax" fullname="NUnit.Framework.Syntax.PropertyTest_NotFollows.SupportedByInheritedSyntax" methodname="SupportedByInheritedSyntax" classname="NUnit.Framework.Syntax.PropertyTest_NotFollows" runstate="Runnable" seed="168970655" result="Passed" start-time="2016-02-19 11:52:46Z" end-time="2016-02-19 11:52:46Z" duration="0.000066" asserts="1" />
            <test-case id="0-1272" name="SupportedByStaticSyntax" fullname="NUnit.Framework.Syntax.PropertyTest_NotFollows.SupportedByStaticSyntax" methodname="SupportedByStaticSyntax" classname="NUnit.Framework.Syntax.PropertyTest_NotFollows" runstate="Runnable" seed="434133035" result="Passed" start-time="2016-02-19 11:52:46Z" end-time="2016-02-19 11:52:46Z" duration="0.000054" asserts="1" />
          </test-suite>
          <test-suite type="TestFixture" id="0-1350" name="RegexTest" fullname="NUnit.Framework.Syntax.RegexTest" classname="NUnit.Framework.Syntax.RegexTest" runstate="Runnable" testcasecount="3" result="Passed" start-time="2016-02-19 11:52:46Z" end-time="2016-02-19 11:52:46Z" duration="0.001222" total="3" passed="3" failed="0" inconclusive="0" skipped="0" asserts="3">
            <test-case id="0-1352" name="SupportedByConstraintBuilder" fullname="NUnit.Framework.Syntax.RegexTest.SupportedByConstraintBuilder" methodname="SupportedByConstraintBuilder" classname="NUnit.Framework.Syntax.RegexTest" runstate="Runnable" seed="532355319" result="Passed" start-time="2016-02-19 11:52:46Z" end-time="2016-02-19 11:52:46Z" duration="0.000739" asserts="1" />
            <test-case id="0-1353" name="SupportedByInheritedSyntax" fullname="NUnit.Framework.Syntax.RegexTest.SupportedByInheritedSyntax" methodname="SupportedByInheritedSyntax" classname="NUnit.Framework.Syntax.RegexTest" runstate="Runnable" seed="145543154" result="Passed" start-time="2016-02-19 11:52:46Z" end-time="2016-02-19 11:52:46Z" duration="0.000088" asserts="1" />
            <test-case id="0-1351" name="SupportedByStaticSyntax" fullname="NUnit.Framework.Syntax.RegexTest.SupportedByStaticSyntax" methodname="SupportedByStaticSyntax" classname="NUnit.Framework.Syntax.RegexTest" runstate="Runnable" seed="705830060" result="Passed" start-time="2016-02-19 11:52:46Z" end-time="2016-02-19 11:52:46Z" duration="0.000047" asserts="1" />
          </test-suite>
          <test-suite type="TestFixture" id="0-1354" name="RegexTest_IgnoreCase" fullname="NUnit.Framework.Syntax.RegexTest_IgnoreCase" classname="NUnit.Framework.Syntax.RegexTest_IgnoreCase" runstate="Runnable" testcasecount="3" result="Passed" start-time="2016-02-19 11:52:46Z" end-time="2016-02-19 11:52:46Z" duration="0.000917" total="3" passed="3" failed="0" inconclusive="0" skipped="0" asserts="3">
            <test-case id="0-1356" name="SupportedByConstraintBuilder" fullname="NUnit.Framework.Syntax.RegexTest_IgnoreCase.SupportedByConstraintBuilder" methodname="SupportedByConstraintBuilder" classname="NUnit.Framework.Syntax.RegexTest_IgnoreCase" runstate="Runnable" seed="479256066" result="Passed" start-time="2016-02-19 11:52:46Z" end-time="2016-02-19 11:52:46Z" duration="0.000500" asserts="1" />
            <test-case id="0-1357" name="SupportedByInheritedSyntax" fullname="NUnit.Framework.Syntax.RegexTest_IgnoreCase.SupportedByInheritedSyntax" methodname="SupportedByInheritedSyntax" classname="NUnit.Framework.Syntax.RegexTest_IgnoreCase" runstate="Runnable" seed="899014142" result="Passed" start-time="2016-02-19 11:52:46Z" end-time="2016-02-19 11:52:46Z" duration="0.000046" asserts="1" />
            <test-case id="0-1355" name="SupportedByStaticSyntax" fullname="NUnit.Framework.Syntax.RegexTest_IgnoreCase.SupportedByStaticSyntax" methodname="SupportedByStaticSyntax" classname="NUnit.Framework.Syntax.RegexTest_IgnoreCase" runstate="Runnable" seed="1897137888" result="Passed" start-time="2016-02-19 11:52:46Z" end-time="2016-02-19 11:52:46Z" duration="0.000042" asserts="1" />
          </test-suite>
          <test-suite type="TestFixture" id="0-1239" name="SamePathOrUnderTest" fullname="NUnit.Framework.Syntax.SamePathOrUnderTest" classname="NUnit.Framework.Syntax.SamePathOrUnderTest" runstate="Runnable" testcasecount="3" result="Passed" start-time="2016-02-19 11:52:46Z" end-time="2016-02-19 11:52:46Z" duration="0.002464" total="3" passed="3" failed="0" inconclusive="0" skipped="0" asserts="3">
            <test-case id="0-1241" name="SupportedByConstraintBuilder" fullname="NUnit.Framework.Syntax.SamePathOrUnderTest.SupportedByConstraintBuilder" methodname="SupportedByConstraintBuilder" classname="NUnit.Framework.Syntax.SamePathOrUnderTest" runstate="Runnable" seed="933205693" result="Passed" start-time="2016-02-19 11:52:46Z" end-time="2016-02-19 11:52:46Z" duration="0.001910" asserts="1" />
            <test-case id="0-1242" name="SupportedByInheritedSyntax" fullname="NUnit.Framework.Syntax.SamePathOrUnderTest.SupportedByInheritedSyntax" methodname="SupportedByInheritedSyntax" classname="NUnit.Framework.Syntax.SamePathOrUnderTest" runstate="Runnable" seed="443061305" result="Passed" start-time="2016-02-19 11:52:46Z" end-time="2016-02-19 11:52:46Z" duration="0.000056" asserts="1" />
            <test-case id="0-1240" name="SupportedByStaticSyntax" fullname="NUnit.Framework.Syntax.SamePathOrUnderTest.SupportedByStaticSyntax" methodname="SupportedByStaticSyntax" classname="NUnit.Framework.Syntax.SamePathOrUnderTest" runstate="Runnable" seed="808775330" result="Passed" start-time="2016-02-19 11:52:46Z" end-time="2016-02-19 11:52:46Z" duration="0.000043" asserts="1" />
          </test-suite>
          <test-suite type="TestFixture" id="0-1243" name="SamePathOrUnderTest_IgnoreCase" fullname="NUnit.Framework.Syntax.SamePathOrUnderTest_IgnoreCase" classname="NUnit.Framework.Syntax.SamePathOrUnderTest_IgnoreCase" runstate="Runnable" testcasecount="3" result="Passed" start-time="2016-02-19 11:52:46Z" end-time="2016-02-19 11:52:46Z" duration="0.001168" total="3" passed="3" failed="0" inconclusive="0" skipped="0" asserts="3">
            <test-case id="0-1245" name="SupportedByConstraintBuilder" fullname="NUnit.Framework.Syntax.SamePathOrUnderTest_IgnoreCase.SupportedByConstraintBuilder" methodname="SupportedByConstraintBuilder" classname="NUnit.Framework.Syntax.SamePathOrUnderTest_IgnoreCase" runstate="Runnable" seed="1493003837" result="Passed" start-time="2016-02-19 11:52:46Z" end-time="2016-02-19 11:52:46Z" duration="0.000707" asserts="1" />
            <test-case id="0-1246" name="SupportedByInheritedSyntax" fullname="NUnit.Framework.Syntax.SamePathOrUnderTest_IgnoreCase.SupportedByInheritedSyntax" methodname="SupportedByInheritedSyntax" classname="NUnit.Framework.Syntax.SamePathOrUnderTest_IgnoreCase" runstate="Runnable" seed="79920680" result="Passed" start-time="2016-02-19 11:52:46Z" end-time="2016-02-19 11:52:46Z" duration="0.000048" asserts="1" />
            <test-case id="0-1244" name="SupportedByStaticSyntax" fullname="NUnit.Framework.Syntax.SamePathOrUnderTest_IgnoreCase.SupportedByStaticSyntax" methodname="SupportedByStaticSyntax" classname="NUnit.Framework.Syntax.SamePathOrUnderTest_IgnoreCase" runstate="Runnable" seed="1459303070" result="Passed" start-time="2016-02-19 11:52:46Z" end-time="2016-02-19 11:52:46Z" duration="0.000045" asserts="1" />
          </test-suite>
          <test-suite type="TestFixture" id="0-1251" name="SamePathOrUnderTest_RespectCase" fullname="NUnit.Framework.Syntax.SamePathOrUnderTest_RespectCase" classname="NUnit.Framework.Syntax.SamePathOrUnderTest_RespectCase" runstate="Runnable" testcasecount="3" result="Passed" start-time="2016-02-19 11:52:46Z" end-time="2016-02-19 11:52:46Z" duration="0.001083" total="3" passed="3" failed="0" inconclusive="0" skipped="0" asserts="3">
            <test-case id="0-1253" name="SupportedByConstraintBuilder" fullname="NUnit.Framework.Syntax.SamePathOrUnderTest_RespectCase.SupportedByConstraintBuilder" methodname="SupportedByConstraintBuilder" classname="NUnit.Framework.Syntax.SamePathOrUnderTest_RespectCase" runstate="Runnable" seed="404223390" result="Passed" start-time="2016-02-19 11:52:46Z" end-time="2016-02-19 11:52:46Z" duration="0.000664" asserts="1" />
            <test-case id="0-1254" name="SupportedByInheritedSyntax" fullname="NUnit.Framework.Syntax.SamePathOrUnderTest_RespectCase.SupportedByInheritedSyntax" methodname="SupportedByInheritedSyntax" classname="NUnit.Framework.Syntax.SamePathOrUnderTest_RespectCase" runstate="Runnable" seed="1579690388" result="Passed" start-time="2016-02-19 11:52:46Z" end-time="2016-02-19 11:52:46Z" duration="0.000050" asserts="1" />
            <test-case id="0-1252" name="SupportedByStaticSyntax" fullname="NUnit.Framework.Syntax.SamePathOrUnderTest_RespectCase.SupportedByStaticSyntax" methodname="SupportedByStaticSyntax" classname="NUnit.Framework.Syntax.SamePathOrUnderTest_RespectCase" runstate="Runnable" seed="1241656981" result="Passed" start-time="2016-02-19 11:52:46Z" end-time="2016-02-19 11:52:46Z" duration="0.000043" asserts="1" />
          </test-suite>
          <test-suite type="TestFixture" id="0-1219" name="SamePathTest" fullname="NUnit.Framework.Syntax.SamePathTest" classname="NUnit.Framework.Syntax.SamePathTest" runstate="Runnable" testcasecount="3" result="Passed" start-time="2016-02-19 11:52:46Z" end-time="2016-02-19 11:52:46Z" duration="0.001084" total="3" passed="3" failed="0" inconclusive="0" skipped="0" asserts="3">
            <test-case id="0-1221" name="SupportedByConstraintBuilder" fullname="NUnit.Framework.Syntax.SamePathTest.SupportedByConstraintBuilder" methodname="SupportedByConstraintBuilder" classname="NUnit.Framework.Syntax.SamePathTest" runstate="Runnable" seed="1291897848" result="Passed" start-time="2016-02-19 11:52:46Z" end-time="2016-02-19 11:52:46Z" duration="0.000664" asserts="1" />
            <test-case id="0-1222" name="SupportedByInheritedSyntax" fullname="NUnit.Framework.Syntax.SamePathTest.SupportedByInheritedSyntax" methodname="SupportedByInheritedSyntax" classname="NUnit.Framework.Syntax.SamePathTest" runstate="Runnable" seed="1514865558" result="Passed" start-time="2016-02-19 11:52:46Z" end-time="2016-02-19 11:52:46Z" duration="0.000048" asserts="1" />
            <test-case id="0-1220" name="SupportedByStaticSyntax" fullname="NUnit.Framework.Syntax.SamePathTest.SupportedByStaticSyntax" methodname="SupportedByStaticSyntax" classname="NUnit.Framework.Syntax.SamePathTest" runstate="Runnable" seed="479752445" result="Passed" start-time="2016-02-19 11:52:46Z" end-time="2016-02-19 11:52:46Z" duration="0.000043" asserts="1" />
          </test-suite>
          <test-suite type="TestFixture" id="0-1223" name="SamePathTest_IgnoreCase" fullname="NUnit.Framework.Syntax.SamePathTest_IgnoreCase" classname="NUnit.Framework.Syntax.SamePathTest_IgnoreCase" runstate="Runnable" testcasecount="3" result="Passed" start-time="2016-02-19 11:52:46Z" end-time="2016-02-19 11:52:46Z" duration="0.001078" total="3" passed="3" failed="0" inconclusive="0" skipped="0" asserts="3">
            <test-case id="0-1225" name="SupportedByConstraintBuilder" fullname="NUnit.Framework.Syntax.SamePathTest_IgnoreCase.SupportedByConstraintBuilder" methodname="SupportedByConstraintBuilder" classname="NUnit.Framework.Syntax.SamePathTest_IgnoreCase" runstate="Runnable" seed="677773334" result="Passed" start-time="2016-02-19 11:52:46Z" end-time="2016-02-19 11:52:46Z" duration="0.000661" asserts="1" />
            <test-case id="0-1226" name="SupportedByInheritedSyntax" fullname="NUnit.Framework.Syntax.SamePathTest_IgnoreCase.SupportedByInheritedSyntax" methodname="SupportedByInheritedSyntax" classname="NUnit.Framework.Syntax.SamePathTest_IgnoreCase" runstate="Runnable" seed="818691718" result="Passed" start-time="2016-02-19 11:52:46Z" end-time="2016-02-19 11:52:46Z" duration="0.000048" asserts="1" />
            <test-case id="0-1224" name="SupportedByStaticSyntax" fullname="NUnit.Framework.Syntax.SamePathTest_IgnoreCase.SupportedByStaticSyntax" methodname="SupportedByStaticSyntax" classname="NUnit.Framework.Syntax.SamePathTest_IgnoreCase" runstate="Runnable" seed="700330335" result="Passed" start-time="2016-02-19 11:52:46Z" end-time="2016-02-19 11:52:46Z" duration="0.000045" asserts="1" />
          </test-suite>
          <test-suite type="TestFixture" id="0-1231" name="SamePathTest_RespectCase" fullname="NUnit.Framework.Syntax.SamePathTest_RespectCase" classname="NUnit.Framework.Syntax.SamePathTest_RespectCase" runstate="Runnable" testcasecount="3" result="Passed" start-time="2016-02-19 11:52:46Z" end-time="2016-02-19 11:52:46Z" duration="0.001122" total="3" passed="3" failed="0" inconclusive="0" skipped="0" asserts="3">
            <test-case id="0-1233" name="SupportedByConstraintBuilder" fullname="NUnit.Framework.Syntax.SamePathTest_RespectCase.SupportedByConstraintBuilder" methodname="SupportedByConstraintBuilder" classname="NUnit.Framework.Syntax.SamePathTest_RespectCase" runstate="Runnable" seed="878439874" result="Passed" start-time="2016-02-19 11:52:46Z" end-time="2016-02-19 11:52:46Z" duration="0.000703" asserts="1" />
            <test-case id="0-1234" name="SupportedByInheritedSyntax" fullname="NUnit.Framework.Syntax.SamePathTest_RespectCase.SupportedByInheritedSyntax" methodname="SupportedByInheritedSyntax" classname="NUnit.Framework.Syntax.SamePathTest_RespectCase" runstate="Runnable" seed="1570234459" result="Passed" start-time="2016-02-19 11:52:46Z" end-time="2016-02-19 11:52:46Z" duration="0.000051" asserts="1" />
            <test-case id="0-1232" name="SupportedByStaticSyntax" fullname="NUnit.Framework.Syntax.SamePathTest_RespectCase.SupportedByStaticSyntax" methodname="SupportedByStaticSyntax" classname="NUnit.Framework.Syntax.SamePathTest_RespectCase" runstate="Runnable" seed="1421178949" result="Passed" start-time="2016-02-19 11:52:46Z" end-time="2016-02-19 11:52:46Z" duration="0.000044" asserts="1" />
          </test-suite>
          <test-suite type="TestFixture" id="0-1172" name="SomeTest" fullname="NUnit.Framework.Syntax.SomeTest" classname="NUnit.Framework.Syntax.SomeTest" runstate="Runnable" testcasecount="3" result="Passed" start-time="2016-02-19 11:52:46Z" end-time="2016-02-19 11:52:46Z" duration="0.001362" total="3" passed="3" failed="0" inconclusive="0" skipped="0" asserts="3">
            <test-case id="0-1174" name="SupportedByConstraintBuilder" fullname="NUnit.Framework.Syntax.SomeTest.SupportedByConstraintBuilder" methodname="SupportedByConstraintBuilder" classname="NUnit.Framework.Syntax.SomeTest" runstate="Runnable" seed="575327252" result="Passed" start-time="2016-02-19 11:52:46Z" end-time="2016-02-19 11:52:46Z" duration="0.000923" asserts="1" />
            <test-case id="0-1175" name="SupportedByInheritedSyntax" fullname="NUnit.Framework.Syntax.SomeTest.SupportedByInheritedSyntax" methodname="SupportedByInheritedSyntax" classname="NUnit.Framework.Syntax.SomeTest" runstate="Runnable" seed="393587031" result="Passed" start-time="2016-02-19 11:52:46Z" end-time="2016-02-19 11:52:46Z" duration="0.000056" asserts="1" />
            <test-case id="0-1173" name="SupportedByStaticSyntax" fullname="NUnit.Framework.Syntax.SomeTest.SupportedByStaticSyntax" methodname="SupportedByStaticSyntax" classname="NUnit.Framework.Syntax.SomeTest" runstate="Runnable" seed="454282443" result="Passed" start-time="2016-02-19 11:52:46Z" end-time="2016-02-19 11:52:46Z" duration="0.000047" asserts="1" />
          </test-suite>
          <test-suite type="TestFixture" id="0-1176" name="SomeTest_BeforeBinaryOperators" fullname="NUnit.Framework.Syntax.SomeTest_BeforeBinaryOperators" classname="NUnit.Framework.Syntax.SomeTest_BeforeBinaryOperators" runstate="Runnable" testcasecount="3" result="Passed" start-time="2016-02-19 11:52:46Z" end-time="2016-02-19 11:52:46Z" duration="0.002986" total="3" passed="3" failed="0" inconclusive="0" skipped="0" asserts="3">
            <test-case id="0-1178" name="SupportedByConstraintBuilder" fullname="NUnit.Framework.Syntax.SomeTest_BeforeBinaryOperators.SupportedByConstraintBuilder" methodname="SupportedByConstraintBuilder" classname="NUnit.Framework.Syntax.SomeTest_BeforeBinaryOperators" runstate="Runnable" seed="213421644" result="Passed" start-time="2016-02-19 11:52:46Z" end-time="2016-02-19 11:52:46Z" duration="0.001340" asserts="1" />
            <test-case id="0-1179" name="SupportedByInheritedSyntax" fullname="NUnit.Framework.Syntax.SomeTest_BeforeBinaryOperators.SupportedByInheritedSyntax" methodname="SupportedByInheritedSyntax" classname="NUnit.Framework.Syntax.SomeTest_BeforeBinaryOperators" runstate="Runnable" seed="878178882" result="Passed" start-time="2016-02-19 11:52:46Z" end-time="2016-02-19 11:52:46Z" duration="0.000075" asserts="1" />
            <test-case id="0-1177" name="SupportedByStaticSyntax" fullname="NUnit.Framework.Syntax.SomeTest_BeforeBinaryOperators.SupportedByStaticSyntax" methodname="SupportedByStaticSyntax" classname="NUnit.Framework.Syntax.SomeTest_BeforeBinaryOperators" runstate="Runnable" seed="2133758082" result="Passed" start-time="2016-02-19 11:52:46Z" end-time="2016-02-19 11:52:46Z" duration="0.000070" asserts="1" />
          </test-suite>
          <test-suite type="TestFixture" id="0-1180" name="SomeTest_NestedSome" fullname="NUnit.Framework.Syntax.SomeTest_NestedSome" classname="NUnit.Framework.Syntax.SomeTest_NestedSome" runstate="Runnable" testcasecount="3" result="Passed" start-time="2016-02-19 11:52:46Z" end-time="2016-02-19 11:52:46Z" duration="0.001879" total="3" passed="3" failed="0" inconclusive="0" skipped="0" asserts="3">
            <test-case id="0-1182" name="SupportedByConstraintBuilder" fullname="NUnit.Framework.Syntax.SomeTest_NestedSome.SupportedByConstraintBuilder" methodname="SupportedByConstraintBuilder" classname="NUnit.Framework.Syntax.SomeTest_NestedSome" runstate="Runnable" seed="1752003388" result="Passed" start-time="2016-02-19 11:52:46Z" end-time="2016-02-19 11:52:46Z" duration="0.001413" asserts="1" />
            <test-case id="0-1183" name="SupportedByInheritedSyntax" fullname="NUnit.Framework.Syntax.SomeTest_NestedSome.SupportedByInheritedSyntax" methodname="SupportedByInheritedSyntax" classname="NUnit.Framework.Syntax.SomeTest_NestedSome" runstate="Runnable" seed="1798877458" result="Passed" start-time="2016-02-19 11:52:46Z" end-time="2016-02-19 11:52:46Z" duration="0.000059" asserts="1" />
            <test-case id="0-1181" name="SupportedByStaticSyntax" fullname="NUnit.Framework.Syntax.SomeTest_NestedSome.SupportedByStaticSyntax" methodname="SupportedByStaticSyntax" classname="NUnit.Framework.Syntax.SomeTest_NestedSome" runstate="Runnable" seed="130545210" result="Passed" start-time="2016-02-19 11:52:46Z" end-time="2016-02-19 11:52:46Z" duration="0.000052" asserts="1" />
          </test-suite>
          <test-suite type="TestFixture" id="0-1184" name="SomeTest_UseOfAndSome" fullname="NUnit.Framework.Syntax.SomeTest_UseOfAndSome" classname="NUnit.Framework.Syntax.SomeTest_UseOfAndSome" runstate="Runnable" testcasecount="3" result="Passed" start-time="2016-02-19 11:52:46Z" end-time="2016-02-19 11:52:46Z" duration="0.003543" total="3" passed="3" failed="0" inconclusive="0" skipped="0" asserts="3">
            <test-case id="0-1186" name="SupportedByConstraintBuilder" fullname="NUnit.Framework.Syntax.SomeTest_UseOfAndSome.SupportedByConstraintBuilder" methodname="SupportedByConstraintBuilder" classname="NUnit.Framework.Syntax.SomeTest_UseOfAndSome" runstate="Runnable" seed="1476699450" result="Passed" start-time="2016-02-19 11:52:46Z" end-time="2016-02-19 11:52:46Z" duration="0.001367" asserts="1" />
            <test-case id="0-1187" name="SupportedByInheritedSyntax" fullname="NUnit.Framework.Syntax.SomeTest_UseOfAndSome.SupportedByInheritedSyntax" methodname="SupportedByInheritedSyntax" classname="NUnit.Framework.Syntax.SomeTest_UseOfAndSome" runstate="Runnable" seed="959455822" result="Passed" start-time="2016-02-19 11:52:46Z" end-time="2016-02-19 11:52:46Z" duration="0.001671" asserts="1" />
            <test-case id="0-1185" name="SupportedByStaticSyntax" fullname="NUnit.Framework.Syntax.SomeTest_UseOfAndSome.SupportedByStaticSyntax" methodname="SupportedByStaticSyntax" classname="NUnit.Framework.Syntax.SomeTest_UseOfAndSome" runstate="Runnable" seed="1087171945" result="Passed" start-time="2016-02-19 11:52:46Z" end-time="2016-02-19 11:52:46Z" duration="0.000137" asserts="1" />
          </test-suite>
          <test-suite type="TestFixture" id="0-1330" name="StartsWithTest" fullname="NUnit.Framework.Syntax.StartsWithTest" classname="NUnit.Framework.Syntax.StartsWithTest" runstate="Runnable" testcasecount="3" result="Passed" start-time="2016-02-19 11:52:46Z" end-time="2016-02-19 11:52:46Z" duration="0.000980" total="3" passed="3" failed="0" inconclusive="0" skipped="0" asserts="3">
            <test-case id="0-1332" name="SupportedByConstraintBuilder" fullname="NUnit.Framework.Syntax.StartsWithTest.SupportedByConstraintBuilder" methodname="SupportedByConstraintBuilder" classname="NUnit.Framework.Syntax.StartsWithTest" runstate="Runnable" seed="376628078" result="Passed" start-time="2016-02-19 11:52:46Z" end-time="2016-02-19 11:52:46Z" duration="0.000473" asserts="1" />
            <test-case id="0-1333" name="SupportedByInheritedSyntax" fullname="NUnit.Framework.Syntax.StartsWithTest.SupportedByInheritedSyntax" methodname="SupportedByInheritedSyntax" classname="NUnit.Framework.Syntax.StartsWithTest" runstate="Runnable" seed="1480366398" result="Passed" start-time="2016-02-19 11:52:46Z" end-time="2016-02-19 11:52:46Z" duration="0.000048" asserts="1" />
            <test-case id="0-1331" name="SupportedByStaticSyntax" fullname="NUnit.Framework.Syntax.StartsWithTest.SupportedByStaticSyntax" methodname="SupportedByStaticSyntax" classname="NUnit.Framework.Syntax.StartsWithTest" runstate="Runnable" seed="1148715686" result="Passed" start-time="2016-02-19 11:52:46Z" end-time="2016-02-19 11:52:46Z" duration="0.000042" asserts="1" />
          </test-suite>
          <test-suite type="TestFixture" id="0-1338" name="StartsWithTest_IgnoreCase" fullname="NUnit.Framework.Syntax.StartsWithTest_IgnoreCase" classname="NUnit.Framework.Syntax.StartsWithTest_IgnoreCase" runstate="Runnable" testcasecount="3" result="Passed" start-time="2016-02-19 11:52:46Z" end-time="2016-02-19 11:52:46Z" duration="0.000871" total="3" passed="3" failed="0" inconclusive="0" skipped="0" asserts="3">
            <test-case id="0-1340" name="SupportedByConstraintBuilder" fullname="NUnit.Framework.Syntax.StartsWithTest_IgnoreCase.SupportedByConstraintBuilder" methodname="SupportedByConstraintBuilder" classname="NUnit.Framework.Syntax.StartsWithTest_IgnoreCase" runstate="Runnable" seed="763628667" result="Passed" start-time="2016-02-19 11:52:46Z" end-time="2016-02-19 11:52:46Z" duration="0.000459" asserts="1" />
            <test-case id="0-1341" name="SupportedByInheritedSyntax" fullname="NUnit.Framework.Syntax.StartsWithTest_IgnoreCase.SupportedByInheritedSyntax" methodname="SupportedByInheritedSyntax" classname="NUnit.Framework.Syntax.StartsWithTest_IgnoreCase" runstate="Runnable" seed="268147530" result="Passed" start-time="2016-02-19 11:52:46Z" end-time="2016-02-19 11:52:46Z" duration="0.000045" asserts="1" />
            <test-case id="0-1339" name="SupportedByStaticSyntax" fullname="NUnit.Framework.Syntax.StartsWithTest_IgnoreCase.SupportedByStaticSyntax" methodname="SupportedByStaticSyntax" classname="NUnit.Framework.Syntax.StartsWithTest_IgnoreCase" runstate="Runnable" seed="180843579" result="Passed" start-time="2016-02-19 11:52:46Z" end-time="2016-02-19 11:52:46Z" duration="0.000044" asserts="1" />
          </test-suite>
          <test-suite type="TestFixture" id="0-1334" name="TextStartsWithTest" fullname="NUnit.Framework.Syntax.TextStartsWithTest" classname="NUnit.Framework.Syntax.TextStartsWithTest" runstate="Runnable" testcasecount="3" result="Passed" start-time="2016-02-19 11:52:46Z" end-time="2016-02-19 11:52:46Z" duration="0.000858" total="3" passed="3" failed="0" inconclusive="0" skipped="0" asserts="3">
            <test-case id="0-1336" name="SupportedByConstraintBuilder" fullname="NUnit.Framework.Syntax.TextStartsWithTest.SupportedByConstraintBuilder" methodname="SupportedByConstraintBuilder" classname="NUnit.Framework.Syntax.TextStartsWithTest" runstate="Runnable" seed="1997197064" result="Passed" start-time="2016-02-19 11:52:46Z" end-time="2016-02-19 11:52:46Z" duration="0.000423" asserts="1" />
            <test-case id="0-1337" name="SupportedByInheritedSyntax" fullname="NUnit.Framework.Syntax.TextStartsWithTest.SupportedByInheritedSyntax" methodname="SupportedByInheritedSyntax" classname="NUnit.Framework.Syntax.TextStartsWithTest" runstate="Runnable" seed="1143257605" result="Passed" start-time="2016-02-19 11:52:46Z" end-time="2016-02-19 11:52:46Z" duration="0.000047" asserts="1" />
            <test-case id="0-1335" name="SupportedByStaticSyntax" fullname="NUnit.Framework.Syntax.TextStartsWithTest.SupportedByStaticSyntax" methodname="SupportedByStaticSyntax" classname="NUnit.Framework.Syntax.TextStartsWithTest" runstate="Runnable" seed="1154282244" result="Passed" start-time="2016-02-19 11:52:46Z" end-time="2016-02-19 11:52:46Z" duration="0.000042" asserts="1" />
          </test-suite>
          <test-suite type="TestFixture" id="0-1358" name="ThrowsTests" fullname="NUnit.Framework.Syntax.ThrowsTests" classname="NUnit.Framework.Syntax.ThrowsTests" runstate="Runnable" testcasecount="12" result="Passed" start-time="2016-02-19 11:52:46Z" end-time="2016-02-19 11:52:46Z" duration="0.012085" total="12" passed="12" failed="0" inconclusive="0" skipped="0" asserts="12">
            <test-case id="0-1368" name="DelegateThrowsException" fullname="NUnit.Framework.Syntax.ThrowsTests.DelegateThrowsException" methodname="DelegateThrowsException" classname="NUnit.Framework.Syntax.ThrowsTests" runstate="Runnable" seed="1343806763" result="Passed" start-time="2016-02-19 11:52:46Z" end-time="2016-02-19 11:52:46Z" duration="0.001080" asserts="1" />
            <test-case id="0-1369" name="LambdaThrowsException" fullname="NUnit.Framework.Syntax.ThrowsTests.LambdaThrowsException" methodname="LambdaThrowsException" classname="NUnit.Framework.Syntax.ThrowsTests" runstate="Runnable" seed="406628871" result="Passed" start-time="2016-02-19 11:52:46Z" end-time="2016-02-19 11:52:46Z" duration="0.002628" asserts="1" />
            <test-case id="0-1370" name="LambdaThrowsExceptionWithMessage" fullname="NUnit.Framework.Syntax.ThrowsTests.LambdaThrowsExceptionWithMessage" methodname="LambdaThrowsExceptionWithMessage" classname="NUnit.Framework.Syntax.ThrowsTests" runstate="Runnable" seed="830841116" result="Passed" start-time="2016-02-19 11:52:46Z" end-time="2016-02-19 11:52:46Z" duration="0.001165" asserts="1" />
            <test-case id="0-1359" name="ThrowsException" fullname="NUnit.Framework.Syntax.ThrowsTests.ThrowsException" methodname="ThrowsException" classname="NUnit.Framework.Syntax.ThrowsTests" runstate="Runnable" seed="819678857" result="Passed" start-time="2016-02-19 11:52:46Z" end-time="2016-02-19 11:52:46Z" duration="0.000532" asserts="1" />
            <test-case id="0-1367" name="ThrowsExceptionInstanceOf" fullname="NUnit.Framework.Syntax.ThrowsTests.ThrowsExceptionInstanceOf" methodname="ThrowsExceptionInstanceOf" classname="NUnit.Framework.Syntax.ThrowsTests" runstate="Runnable" seed="1172654055" result="Passed" start-time="2016-02-19 11:52:46Z" end-time="2016-02-19 11:52:46Z" duration="0.000492" asserts="1" />
            <test-case id="0-1361" name="ThrowsExceptionTypeOf" fullname="NUnit.Framework.Syntax.ThrowsTests.ThrowsExceptionTypeOf" methodname="ThrowsExceptionTypeOf" classname="NUnit.Framework.Syntax.ThrowsTests" runstate="Runnable" seed="157565380" result="Passed" start-time="2016-02-19 11:52:46Z" end-time="2016-02-19 11:52:46Z" duration="0.000469" asserts="1" />
            <test-case id="0-1364" name="ThrowsExceptionTypeOfAndConstraint" fullname="NUnit.Framework.Syntax.ThrowsTests.ThrowsExceptionTypeOfAndConstraint" methodname="ThrowsExceptionTypeOfAndConstraint" classname="NUnit.Framework.Syntax.ThrowsTests" runstate="Runnable" seed="1755461430" result="Passed" start-time="2016-02-19 11:52:46Z" end-time="2016-02-19 11:52:46Z" duration="0.000695" asserts="1" />
            <test-case id="0-1360" name="ThrowsExceptionWithConstraint" fullname="NUnit.Framework.Syntax.ThrowsTests.ThrowsExceptionWithConstraint" methodname="ThrowsExceptionWithConstraint" classname="NUnit.Framework.Syntax.ThrowsTests" runstate="Runnable" seed="297109822" result="Passed" start-time="2016-02-19 11:52:46Z" end-time="2016-02-19 11:52:46Z" duration="0.000712" asserts="1" />
            <test-case id="0-1366" name="ThrowsInstanceOf" fullname="NUnit.Framework.Syntax.ThrowsTests.ThrowsInstanceOf" methodname="ThrowsInstanceOf" classname="NUnit.Framework.Syntax.ThrowsTests" runstate="Runnable" seed="2123990298" result="Passed" start-time="2016-02-19 11:52:46Z" end-time="2016-02-19 11:52:46Z" duration="0.000494" asserts="1" />
            <test-case id="0-1362" name="ThrowsTypeOf" fullname="NUnit.Framework.Syntax.ThrowsTests.ThrowsTypeOf" methodname="ThrowsTypeOf" classname="NUnit.Framework.Syntax.ThrowsTests" runstate="Runnable" seed="1148124990" result="Passed" start-time="2016-02-19 11:52:46Z" end-time="2016-02-19 11:52:46Z" duration="0.000476" asserts="1" />
            <test-case id="0-1363" name="ThrowsTypeOfAndConstraint" fullname="NUnit.Framework.Syntax.ThrowsTests.ThrowsTypeOfAndConstraint" methodname="ThrowsTypeOfAndConstraint" classname="NUnit.Framework.Syntax.ThrowsTests" runstate="Runnable" seed="144631840" result="Passed" start-time="2016-02-19 11:52:46Z" end-time="2016-02-19 11:52:46Z" duration="0.001321" asserts="1" />
            <test-case id="0-1365" name="ThrowsTypeOfWithConstraint" fullname="NUnit.Framework.Syntax.ThrowsTests.ThrowsTypeOfWithConstraint" methodname="ThrowsTypeOfWithConstraint" classname="NUnit.Framework.Syntax.ThrowsTests" runstate="Runnable" seed="1371783773" result="Passed" start-time="2016-02-19 11:52:46Z" end-time="2016-02-19 11:52:46Z" duration="0.000741" asserts="1" />
          </test-suite>
          <test-suite type="TestFixture" id="0-1302" name="TrueTest" fullname="NUnit.Framework.Syntax.TrueTest" classname="NUnit.Framework.Syntax.TrueTest" runstate="Runnable" testcasecount="3" result="Passed" start-time="2016-02-19 11:52:46Z" end-time="2016-02-19 11:52:46Z" duration="0.001068" total="3" passed="3" failed="0" inconclusive="0" skipped="0" asserts="3">
            <test-case id="0-1304" name="SupportedByConstraintBuilder" fullname="NUnit.Framework.Syntax.TrueTest.SupportedByConstraintBuilder" methodname="SupportedByConstraintBuilder" classname="NUnit.Framework.Syntax.TrueTest" runstate="Runnable" seed="1727226855" result="Passed" start-time="2016-02-19 11:52:46Z" end-time="2016-02-19 11:52:46Z" duration="0.000621" asserts="1" />
            <test-case id="0-1305" name="SupportedByInheritedSyntax" fullname="NUnit.Framework.Syntax.TrueTest.SupportedByInheritedSyntax" methodname="SupportedByInheritedSyntax" classname="NUnit.Framework.Syntax.TrueTest" runstate="Runnable" seed="12504869" result="Passed" start-time="2016-02-19 11:52:46Z" end-time="2016-02-19 11:52:46Z" duration="0.000051" asserts="1" />
            <test-case id="0-1303" name="SupportedByStaticSyntax" fullname="NUnit.Framework.Syntax.TrueTest.SupportedByStaticSyntax" methodname="SupportedByStaticSyntax" classname="NUnit.Framework.Syntax.TrueTest" runstate="Runnable" seed="180166187" result="Passed" start-time="2016-02-19 11:52:46Z" end-time="2016-02-19 11:52:46Z" duration="0.000042" asserts="1" />
          </test-suite>
          <test-suite type="TestFixture" id="0-1043" name="UniqueTest" fullname="NUnit.Framework.Syntax.UniqueTest" classname="NUnit.Framework.Syntax.UniqueTest" runstate="Runnable" testcasecount="3" result="Passed" start-time="2016-02-19 11:52:46Z" end-time="2016-02-19 11:52:46Z" duration="0.001510" total="3" passed="3" failed="0" inconclusive="0" skipped="0" asserts="3">
            <test-case id="0-1045" name="SupportedByConstraintBuilder" fullname="NUnit.Framework.Syntax.UniqueTest.SupportedByConstraintBuilder" methodname="SupportedByConstraintBuilder" classname="NUnit.Framework.Syntax.UniqueTest" runstate="Runnable" seed="1868752976" result="Passed" start-time="2016-02-19 11:52:46Z" end-time="2016-02-19 11:52:46Z" duration="0.001093" asserts="1" />
            <test-case id="0-1046" name="SupportedByInheritedSyntax" fullname="NUnit.Framework.Syntax.UniqueTest.SupportedByInheritedSyntax" methodname="SupportedByInheritedSyntax" classname="NUnit.Framework.Syntax.UniqueTest" runstate="Runnable" seed="451452096" result="Passed" start-time="2016-02-19 11:52:46Z" end-time="2016-02-19 11:52:46Z" duration="0.000049" asserts="1" />
            <test-case id="0-1044" name="SupportedByStaticSyntax" fullname="NUnit.Framework.Syntax.UniqueTest.SupportedByStaticSyntax" methodname="SupportedByStaticSyntax" classname="NUnit.Framework.Syntax.UniqueTest" runstate="Runnable" seed="637137152" result="Passed" start-time="2016-02-19 11:52:46Z" end-time="2016-02-19 11:52:46Z" duration="0.000044" asserts="1" />
          </test-suite>
          <test-suite type="TestFixture" id="0-1294" name="XmlSerializableTest" fullname="NUnit.Framework.Syntax.XmlSerializableTest" classname="NUnit.Framework.Syntax.XmlSerializableTest" runstate="Runnable" testcasecount="3" result="Passed" start-time="2016-02-19 11:52:46Z" end-time="2016-02-19 11:52:46Z" duration="0.001100" total="3" passed="3" failed="0" inconclusive="0" skipped="0" asserts="3">
            <test-case id="0-1296" name="SupportedByConstraintBuilder" fullname="NUnit.Framework.Syntax.XmlSerializableTest.SupportedByConstraintBuilder" methodname="SupportedByConstraintBuilder" classname="NUnit.Framework.Syntax.XmlSerializableTest" runstate="Runnable" seed="451705001" result="Passed" start-time="2016-02-19 11:52:46Z" end-time="2016-02-19 11:52:46Z" duration="0.000679" asserts="1" />
            <test-case id="0-1297" name="SupportedByInheritedSyntax" fullname="NUnit.Framework.Syntax.XmlSerializableTest.SupportedByInheritedSyntax" methodname="SupportedByInheritedSyntax" classname="NUnit.Framework.Syntax.XmlSerializableTest" runstate="Runnable" seed="1265747619" result="Passed" start-time="2016-02-19 11:52:46Z" end-time="2016-02-19 11:52:46Z" duration="0.000047" asserts="1" />
            <test-case id="0-1295" name="SupportedByStaticSyntax" fullname="NUnit.Framework.Syntax.XmlSerializableTest.SupportedByStaticSyntax" methodname="SupportedByStaticSyntax" classname="NUnit.Framework.Syntax.XmlSerializableTest" runstate="Runnable" seed="400400995" result="Passed" start-time="2016-02-19 11:52:46Z" end-time="2016-02-19 11:52:46Z" duration="0.000040" asserts="1" />
          </test-suite>
          <test-suite type="TestFixture" id="0-1020" name="AfterSyntaxUsingAnonymousDelegates" fullname="NUnit.Framework.Syntax.AfterSyntaxUsingAnonymousDelegates" classname="NUnit.Framework.Syntax.AfterSyntaxUsingAnonymousDelegates" runstate="Runnable" testcasecount="7" result="Passed" start-time="2016-02-19 11:52:46Z" end-time="2016-02-19 11:52:48Z" duration="1.442735" total="7" passed="7" failed="0" inconclusive="0" skipped="0" asserts="7">
            <test-case id="0-1022" name="EqualToTest" fullname="NUnit.Framework.Syntax.AfterSyntaxUsingAnonymousDelegates.EqualToTest" methodname="EqualToTest" classname="NUnit.Framework.Syntax.AfterSyntaxUsingAnonymousDelegates" runstate="Runnable" seed="2055237640" result="Passed" start-time="2016-02-19 11:52:46Z" end-time="2016-02-19 11:52:46Z" duration="0.206609" asserts="1" />
            <test-case id="0-1024" name="GreaterTest" fullname="NUnit.Framework.Syntax.AfterSyntaxUsingAnonymousDelegates.GreaterTest" methodname="GreaterTest" classname="NUnit.Framework.Syntax.AfterSyntaxUsingAnonymousDelegates" runstate="Runnable" seed="1694934116" result="Passed" start-time="2016-02-19 11:52:46Z" end-time="2016-02-19 11:52:47Z" duration="0.202397" asserts="1" />
            <test-case id="0-1025" name="HasMemberTest" fullname="NUnit.Framework.Syntax.AfterSyntaxUsingAnonymousDelegates.HasMemberTest" methodname="HasMemberTest" classname="NUnit.Framework.Syntax.AfterSyntaxUsingAnonymousDelegates" runstate="Runnable" seed="1340244713" result="Passed" start-time="2016-02-19 11:52:47Z" end-time="2016-02-19 11:52:47Z" duration="0.203269" asserts="1" />
            <test-case id="0-1026" name="NullTest" fullname="NUnit.Framework.Syntax.AfterSyntaxUsingAnonymousDelegates.NullTest" methodname="NullTest" classname="NUnit.Framework.Syntax.AfterSyntaxUsingAnonymousDelegates" runstate="Runnable" seed="1565032323" result="Passed" start-time="2016-02-19 11:52:47Z" end-time="2016-02-19 11:52:47Z" duration="0.203085" asserts="1" />
            <test-case id="0-1023" name="SameAsTest" fullname="NUnit.Framework.Syntax.AfterSyntaxUsingAnonymousDelegates.SameAsTest" methodname="SameAsTest" classname="NUnit.Framework.Syntax.AfterSyntaxUsingAnonymousDelegates" runstate="Runnable" seed="1079396103" result="Passed" start-time="2016-02-19 11:52:47Z" end-time="2016-02-19 11:52:47Z" duration="0.203056" asserts="1" />
            <test-case id="0-1027" name="TextTest" fullname="NUnit.Framework.Syntax.AfterSyntaxUsingAnonymousDelegates.TextTest" methodname="TextTest" classname="NUnit.Framework.Syntax.AfterSyntaxUsingAnonymousDelegates" runstate="Runnable" seed="657609446" result="Passed" start-time="2016-02-19 11:52:47Z" end-time="2016-02-19 11:52:47Z" duration="0.203049" asserts="1" />
            <test-case id="0-1021" name="TrueTest" fullname="NUnit.Framework.Syntax.AfterSyntaxUsingAnonymousDelegates.TrueTest" methodname="TrueTest" classname="NUnit.Framework.Syntax.AfterSyntaxUsingAnonymousDelegates" runstate="Runnable" seed="1328488278" result="Passed" start-time="2016-02-19 11:52:47Z" end-time="2016-02-19 11:52:48Z" duration="0.219332" asserts="1" />
          </test-suite>
          <test-suite type="TestFixture" id="0-1028" name="AfterSyntaxUsingLambda" fullname="NUnit.Framework.Syntax.AfterSyntaxUsingLambda" classname="NUnit.Framework.Syntax.AfterSyntaxUsingLambda" runstate="Runnable" testcasecount="7" result="Passed" start-time="2016-02-19 11:52:46Z" end-time="2016-02-19 11:52:48Z" duration="1.440846" total="7" passed="7" failed="0" inconclusive="0" skipped="0" asserts="7">
            <test-case id="0-1030" name="EqualToTest" fullname="NUnit.Framework.Syntax.AfterSyntaxUsingLambda.EqualToTest" methodname="EqualToTest" classname="NUnit.Framework.Syntax.AfterSyntaxUsingLambda" runstate="Runnable" seed="1960734727" result="Passed" start-time="2016-02-19 11:52:46Z" end-time="2016-02-19 11:52:46Z" duration="0.203272" asserts="1" />
            <test-case id="0-1032" name="GreaterTest" fullname="NUnit.Framework.Syntax.AfterSyntaxUsingLambda.GreaterTest" methodname="GreaterTest" classname="NUnit.Framework.Syntax.AfterSyntaxUsingLambda" runstate="Runnable" seed="107278582" result="Passed" start-time="2016-02-19 11:52:46Z" end-time="2016-02-19 11:52:47Z" duration="0.202505" asserts="1" />
            <test-case id="0-1033" name="HasMemberTest" fullname="NUnit.Framework.Syntax.AfterSyntaxUsingLambda.HasMemberTest" methodname="HasMemberTest" classname="NUnit.Framework.Syntax.AfterSyntaxUsingLambda" runstate="Runnable" seed="129833087" result="Passed" start-time="2016-02-19 11:52:47Z" end-time="2016-02-19 11:52:47Z" duration="0.203263" asserts="1" />
            <test-case id="0-1034" name="NullTest" fullname="NUnit.Framework.Syntax.AfterSyntaxUsingLambda.NullTest" methodname="NullTest" classname="NUnit.Framework.Syntax.AfterSyntaxUsingLambda" runstate="Runnable" seed="657009205" result="Passed" start-time="2016-02-19 11:52:47Z" end-time="2016-02-19 11:52:47Z" duration="0.203083" asserts="1" />
            <test-case id="0-1031" name="SameAsTest" fullname="NUnit.Framework.Syntax.AfterSyntaxUsingLambda.SameAsTest" methodname="SameAsTest" classname="NUnit.Framework.Syntax.AfterSyntaxUsingLambda" runstate="Runnable" seed="1835946489" result="Passed" start-time="2016-02-19 11:52:47Z" end-time="2016-02-19 11:52:47Z" duration="0.202947" asserts="1" />
            <test-case id="0-1035" name="TextTest" fullname="NUnit.Framework.Syntax.AfterSyntaxUsingLambda.TextTest" methodname="TextTest" classname="NUnit.Framework.Syntax.AfterSyntaxUsingLambda" runstate="Runnable" seed="1072944492" result="Passed" start-time="2016-02-19 11:52:47Z" end-time="2016-02-19 11:52:47Z" duration="0.203068" asserts="1" />
            <test-case id="0-1029" name="TrueTest" fullname="NUnit.Framework.Syntax.AfterSyntaxUsingLambda.TrueTest" methodname="TrueTest" classname="NUnit.Framework.Syntax.AfterSyntaxUsingLambda" runstate="Runnable" seed="866290569" result="Passed" start-time="2016-02-19 11:52:47Z" end-time="2016-02-19 11:52:48Z" duration="0.219585" asserts="1" />
          </test-suite>
          <test-suite type="TestFixture" id="0-1133" name="InvalidCodeTests" fullname="NUnit.Framework.Syntax.InvalidCodeTests" classname="NUnit.Framework.Syntax.InvalidCodeTests" runstate="Runnable" testcasecount="10" result="Passed" start-time="2016-02-19 11:52:46Z" end-time="2016-02-19 11:52:48Z" duration="1.462362" total="10" passed="10" failed="0" inconclusive="0" skipped="0" asserts="0">
            <test-suite type="ParameterizedMethod" id="0-1140" name="CodeShouldNotCompile" fullname="NUnit.Framework.Syntax.InvalidCodeTests.CodeShouldNotCompile" runstate="Runnable" testcasecount="6" result="Passed" start-time="2016-02-19 11:52:46Z" end-time="2016-02-19 11:52:48Z" duration="1.183775" total="6" passed="6" failed="0" inconclusive="0" skipped="0" asserts="0">
              <test-case id="0-1134" name="CodeShouldNotCompile(&quot;Is.Null.Not&quot;)" fullname="NUnit.Framework.Syntax.InvalidCodeTests.CodeShouldNotCompile(&quot;Is.Null.Not&quot;)" methodname="CodeShouldNotCompile" classname="NUnit.Framework.Syntax.InvalidCodeTests" runstate="Runnable" seed="624510494" result="Passed" start-time="2016-02-19 11:52:46Z" end-time="2016-02-19 11:52:47Z" duration="0.850240" asserts="0" />
              <test-case id="0-1135" name="CodeShouldNotCompile(&quot;Is.Not.Null.GreaterThan(10))&quot;)" fullname="NUnit.Framework.Syntax.InvalidCodeTests.CodeShouldNotCompile(&quot;Is.Not.Null.GreaterThan(10))&quot;)" methodname="CodeShouldNotCompile" classname="NUnit.Framework.Syntax.InvalidCodeTests" runstate="Runnable" seed="263674516" result="Passed" start-time="2016-02-19 11:52:47Z" end-time="2016-02-19 11:52:47Z" duration="0.060361" asserts="0" />
              <test-case id="0-1136" name="CodeShouldNotCompile(&quot;Is.Null.All&quot;)" fullname="NUnit.Framework.Syntax.InvalidCodeTests.CodeShouldNotCompile(&quot;Is.Null.All&quot;)" methodname="CodeShouldNotCompile" classname="NUnit.Framework.Syntax.InvalidCodeTests" runstate="Runnable" seed="1270684062" result="Passed" start-time="2016-02-19 11:52:47Z" end-time="2016-02-19 11:52:47Z" duration="0.078705" asserts="0" />
              <test-case id="0-1137" name="CodeShouldNotCompile(&quot;Is.And&quot;)" fullname="NUnit.Framework.Syntax.InvalidCodeTests.CodeShouldNotCompile(&quot;Is.And&quot;)" methodname="CodeShouldNotCompile" classname="NUnit.Framework.Syntax.InvalidCodeTests" runstate="Runnable" seed="1880366520" result="Passed" start-time="2016-02-19 11:52:47Z" end-time="2016-02-19 11:52:47Z" duration="0.065030" asserts="0" />
              <test-case id="0-1138" name="CodeShouldNotCompile(&quot;Is.All.And.And&quot;)" fullname="NUnit.Framework.Syntax.InvalidCodeTests.CodeShouldNotCompile(&quot;Is.All.And.And&quot;)" methodname="CodeShouldNotCompile" classname="NUnit.Framework.Syntax.InvalidCodeTests" runstate="Runnable" seed="1713556715" result="Passed" start-time="2016-02-19 11:52:47Z" end-time="2016-02-19 11:52:47Z" duration="0.062255" asserts="0" />
              <test-case id="0-1139" name="CodeShouldNotCompile(&quot;Is.Null.And.Throws&quot;)" fullname="NUnit.Framework.Syntax.InvalidCodeTests.CodeShouldNotCompile(&quot;Is.Null.And.Throws&quot;)" methodname="CodeShouldNotCompile" classname="NUnit.Framework.Syntax.InvalidCodeTests" runstate="Runnable" seed="167336339" result="Passed" start-time="2016-02-19 11:52:47Z" end-time="2016-02-19 11:52:48Z" duration="0.064178" asserts="0" />
            </test-suite>
            <test-suite type="ParameterizedMethod" id="0-1145" name="CodeShouldNotCompileAsFinishedConstraint" fullname="NUnit.Framework.Syntax.InvalidCodeTests.CodeShouldNotCompileAsFinishedConstraint" runstate="Runnable" testcasecount="4" result="Passed" start-time="2016-02-19 11:52:48Z" end-time="2016-02-19 11:52:48Z" duration="0.278288" total="4" passed="4" failed="0" inconclusive="0" skipped="0" asserts="0">
              <test-case id="0-1141" name="CodeShouldNotCompileAsFinishedConstraint(&quot;Is.Not&quot;)" fullname="NUnit.Framework.Syntax.InvalidCodeTests.CodeShouldNotCompileAsFinishedConstraint(&quot;Is.Not&quot;)" methodname="CodeShouldNotCompileAsFinishedConstraint" classname="NUnit.Framework.Syntax.InvalidCodeTests" runstate="Runnable" seed="1798318179" result="Passed" start-time="2016-02-19 11:52:48Z" end-time="2016-02-19 11:52:48Z" duration="0.065148" asserts="0" />
              <test-case id="0-1142" name="CodeShouldNotCompileAsFinishedConstraint(&quot;Is.All&quot;)" fullname="NUnit.Framework.Syntax.InvalidCodeTests.CodeShouldNotCompileAsFinishedConstraint(&quot;Is.All&quot;)" methodname="CodeShouldNotCompileAsFinishedConstraint" classname="NUnit.Framework.Syntax.InvalidCodeTests" runstate="Runnable" seed="594874585" result="Passed" start-time="2016-02-19 11:52:48Z" end-time="2016-02-19 11:52:48Z" duration="0.065254" asserts="0" />
              <test-case id="0-1143" name="CodeShouldNotCompileAsFinishedConstraint(&quot;Is.Not.All&quot;)" fullname="NUnit.Framework.Syntax.InvalidCodeTests.CodeShouldNotCompileAsFinishedConstraint(&quot;Is.Not.All&quot;)" methodname="CodeShouldNotCompileAsFinishedConstraint" classname="NUnit.Framework.Syntax.InvalidCodeTests" runstate="Runnable" seed="1596831290" result="Passed" start-time="2016-02-19 11:52:48Z" end-time="2016-02-19 11:52:48Z" duration="0.070454" asserts="0" />
              <test-case id="0-1144" name="CodeShouldNotCompileAsFinishedConstraint(&quot;Is.All.Not&quot;)" fullname="NUnit.Framework.Syntax.InvalidCodeTests.CodeShouldNotCompileAsFinishedConstraint(&quot;Is.All.Not&quot;)" methodname="CodeShouldNotCompileAsFinishedConstraint" classname="NUnit.Framework.Syntax.InvalidCodeTests" runstate="Runnable" seed="1605713364" result="Passed" start-time="2016-02-19 11:52:48Z" end-time="2016-02-19 11:52:48Z" duration="0.076602" asserts="0" />
            </test-suite>
          </test-suite>
        </test-suite>
        <test-suite type="TestSuite" id="0-5002" name="Attributes" fullname="NUnit.Framework.Attributes" runstate="Runnable" testcasecount="529" result="Passed" start-time="2016-02-19 11:52:43Z" end-time="2016-02-19 11:52:48Z" duration="4.980664" total="529" passed="523" failed="0" inconclusive="4" skipped="2" asserts="664">
          <test-suite type="TestFixture" id="0-4896" name="ApartmentAttributeTests+ChildFixtureRequiresSTA" fullname="NUnit.Framework.Attributes.ApartmentAttributeTests+ChildFixtureRequiresSTA" classname="NUnit.Framework.Attributes.ApartmentAttributeTests+ChildFixtureRequiresSTA" runstate="Runnable" testcasecount="2" result="Passed" start-time="2016-02-19 11:52:43Z" end-time="2016-02-19 11:52:43Z" duration="0.051926" total="2" passed="2" failed="0" inconclusive="0" skipped="0" asserts="2">
            <properties>
              <property name="ApartmentState" value="STA" />
            </properties>
            <test-case id="0-4897" name="RequiresSTAAtributeIsInheritable" fullname="NUnit.Framework.Attributes.ApartmentAttributeTests+ChildFixtureRequiresSTA.RequiresSTAAtributeIsInheritable" methodname="RequiresSTAAtributeIsInheritable" classname="NUnit.Framework.Attributes.ApartmentAttributeTests+ChildFixtureRequiresSTA" runstate="Runnable" seed="1031956762" result="Passed" start-time="2016-02-19 11:52:43Z" end-time="2016-02-19 11:52:43Z" duration="0.023762" asserts="1" />
            <test-case id="0-4898" name="RequiresSTACanBeSetOnTestFixture" fullname="NUnit.Framework.Attributes.ApartmentAttributeTests+ChildFixtureRequiresSTA.RequiresSTACanBeSetOnTestFixture" methodname="RequiresSTACanBeSetOnTestFixture" classname="NUnit.Framework.Attributes.ApartmentAttributeTests+ChildFixtureRequiresSTA" runstate="Runnable" seed="1187518894" result="Passed" start-time="2016-02-19 11:52:43Z" end-time="2016-02-19 11:52:43Z" duration="0.004035" asserts="1" />
          </test-suite>
          <test-suite type="TestFixture" id="0-4894" name="ApartmentAttributeTests+FixtureRequiresSTA" fullname="NUnit.Framework.Attributes.ApartmentAttributeTests+FixtureRequiresSTA" classname="NUnit.Framework.Attributes.ApartmentAttributeTests+FixtureRequiresSTA" runstate="Runnable" testcasecount="1" result="Passed" start-time="2016-02-19 11:52:43Z" end-time="2016-02-19 11:52:43Z" duration="0.003080" total="1" passed="1" failed="0" inconclusive="0" skipped="0" asserts="1">
            <properties>
              <property name="ApartmentState" value="STA" />
            </properties>
            <test-case id="0-4895" name="RequiresSTACanBeSetOnTestFixture" fullname="NUnit.Framework.Attributes.ApartmentAttributeTests+FixtureRequiresSTA.RequiresSTACanBeSetOnTestFixture" methodname="RequiresSTACanBeSetOnTestFixture" classname="NUnit.Framework.Attributes.ApartmentAttributeTests+FixtureRequiresSTA" runstate="Runnable" seed="1051972735" result="Passed" start-time="2016-02-19 11:52:43Z" end-time="2016-02-19 11:52:43Z" duration="0.000089" asserts="1" />
          </test-suite>
          <test-suite type="TestFixture" id="0-2322" name="ApartmentAttributeTests" fullname="NUnit.Framework.Attributes.ApartmentAttributeTests" classname="NUnit.Framework.Attributes.ApartmentAttributeTests" runstate="Runnable" testcasecount="3" result="Passed" start-time="2016-02-19 11:52:44Z" end-time="2016-02-19 11:52:44Z" duration="0.009790" total="3" passed="3" failed="0" inconclusive="0" skipped="0" asserts="4">
            <test-case id="0-2323" name="ApartmentStateUnknownThrowsException" fullname="NUnit.Framework.Attributes.ApartmentAttributeTests.ApartmentStateUnknownThrowsException" methodname="ApartmentStateUnknownThrowsException" classname="NUnit.Framework.Attributes.ApartmentAttributeTests" runstate="Runnable" seed="1727229775" result="Passed" start-time="2016-02-19 11:52:44Z" end-time="2016-02-19 11:52:44Z" duration="0.001934" asserts="1" />
            <test-case id="0-2325" name="TestWithRequiresMTARunsInMTA" fullname="NUnit.Framework.Attributes.ApartmentAttributeTests.TestWithRequiresMTARunsInMTA" methodname="TestWithRequiresMTARunsInMTA" classname="NUnit.Framework.Attributes.ApartmentAttributeTests" runstate="Runnable" seed="766532521" result="Passed" start-time="2016-02-19 11:52:44Z" end-time="2016-02-19 11:52:44Z" duration="0.000881" asserts="2">
              <properties>
                <property name="ApartmentState" value="MTA" />
              </properties>
            </test-case>
            <test-case id="0-2324" name="TestWithRequiresSTARunsInSTA" fullname="NUnit.Framework.Attributes.ApartmentAttributeTests.TestWithRequiresSTARunsInSTA" methodname="TestWithRequiresSTARunsInSTA" classname="NUnit.Framework.Attributes.ApartmentAttributeTests" runstate="Runnable" seed="350066761" result="Passed" start-time="2016-02-19 11:52:44Z" end-time="2016-02-19 11:52:44Z" duration="0.001200" asserts="1">
              <properties>
                <property name="ApartmentState" value="STA" />
              </properties>
            </test-case>
          </test-suite>
          <test-suite type="TestFixture" id="0-4901" name="ApartmentAttributeTests+ChildFixtureRequiresMTA" fullname="NUnit.Framework.Attributes.ApartmentAttributeTests+ChildFixtureRequiresMTA" classname="NUnit.Framework.Attributes.ApartmentAttributeTests+ChildFixtureRequiresMTA" runstate="Runnable" testcasecount="2" result="Passed" start-time="2016-02-19 11:52:44Z" end-time="2016-02-19 11:52:44Z" duration="0.001990" total="2" passed="2" failed="0" inconclusive="0" skipped="0" asserts="2">
            <properties>
              <property name="ApartmentState" value="MTA" />
            </properties>
            <test-case id="0-4902" name="RequiresMTAAtributeIsInheritable" fullname="NUnit.Framework.Attributes.ApartmentAttributeTests+ChildFixtureRequiresMTA.RequiresMTAAtributeIsInheritable" methodname="RequiresMTAAtributeIsInheritable" classname="NUnit.Framework.Attributes.ApartmentAttributeTests+ChildFixtureRequiresMTA" runstate="Runnable" seed="1788891792" result="Passed" start-time="2016-02-19 11:52:44Z" end-time="2016-02-19 11:52:44Z" duration="0.000762" asserts="1" />
            <test-case id="0-4903" name="RequiresMTACanBeSetOnTestFixture" fullname="NUnit.Framework.Attributes.ApartmentAttributeTests+ChildFixtureRequiresMTA.RequiresMTACanBeSetOnTestFixture" methodname="RequiresMTACanBeSetOnTestFixture" classname="NUnit.Framework.Attributes.ApartmentAttributeTests+ChildFixtureRequiresMTA" runstate="Runnable" seed="238345137" result="Passed" start-time="2016-02-19 11:52:44Z" end-time="2016-02-19 11:52:44Z" duration="0.000606" asserts="1" />
          </test-suite>
          <test-suite type="TestFixture" id="0-4899" name="ApartmentAttributeTests+FixtureRequiresMTA" fullname="NUnit.Framework.Attributes.ApartmentAttributeTests+FixtureRequiresMTA" classname="NUnit.Framework.Attributes.ApartmentAttributeTests+FixtureRequiresMTA" runstate="Runnable" testcasecount="1" result="Passed" start-time="2016-02-19 11:52:44Z" end-time="2016-02-19 11:52:44Z" duration="0.000380" total="1" passed="1" failed="0" inconclusive="0" skipped="0" asserts="1">
            <properties>
              <property name="ApartmentState" value="MTA" />
            </properties>
            <test-case id="0-4900" name="RequiresMTACanBeSetOnTestFixture" fullname="NUnit.Framework.Attributes.ApartmentAttributeTests+FixtureRequiresMTA.RequiresMTACanBeSetOnTestFixture" methodname="RequiresMTACanBeSetOnTestFixture" classname="NUnit.Framework.Attributes.ApartmentAttributeTests+FixtureRequiresMTA" runstate="Runnable" seed="442982243" result="Passed" start-time="2016-02-19 11:52:44Z" end-time="2016-02-19 11:52:44Z" duration="0.000064" asserts="1" />
          </test-suite>
          <test-suite type="TestFixture" id="0-2326" name="ApplyToContextTests" fullname="NUnit.Framework.Attributes.ApplyToContextTests" classname="NUnit.Framework.Attributes.ApplyToContextTests" runstate="Runnable" testcasecount="4" result="Passed" start-time="2016-02-19 11:52:44Z" end-time="2016-02-19 11:52:44Z" duration="0.007833" total="4" passed="4" failed="0" inconclusive="0" skipped="0" asserts="4">
            <test-case id="0-2327" name="ParallelizableAttribute" fullname="NUnit.Framework.Attributes.ApplyToContextTests.ParallelizableAttribute" methodname="ParallelizableAttribute" classname="NUnit.Framework.Attributes.ApplyToContextTests" runstate="Runnable" seed="1001641988" result="Passed" start-time="2016-02-19 11:52:44Z" end-time="2016-02-19 11:52:44Z" duration="0.003922" asserts="1" />
            <test-case id="0-2328" name="SetCultureAttribute" fullname="NUnit.Framework.Attributes.ApplyToContextTests.SetCultureAttribute" methodname="SetCultureAttribute" classname="NUnit.Framework.Attributes.ApplyToContextTests" runstate="Runnable" seed="720182596" result="Passed" start-time="2016-02-19 11:52:44Z" end-time="2016-02-19 11:52:44Z" duration="0.001332" asserts="1" />
            <test-case id="0-2329" name="SetUICultureAttribute" fullname="NUnit.Framework.Attributes.ApplyToContextTests.SetUICultureAttribute" methodname="SetUICultureAttribute" classname="NUnit.Framework.Attributes.ApplyToContextTests" runstate="Runnable" seed="1659476667" result="Passed" start-time="2016-02-19 11:52:44Z" end-time="2016-02-19 11:52:44Z" duration="0.000912" asserts="1" />
            <test-case id="0-2330" name="TimeoutAttribute" fullname="NUnit.Framework.Attributes.ApplyToContextTests.TimeoutAttribute" methodname="TimeoutAttribute" classname="NUnit.Framework.Attributes.ApplyToContextTests" runstate="Runnable" seed="1082097212" result="Passed" start-time="2016-02-19 11:52:44Z" end-time="2016-02-19 11:52:44Z" duration="0.000861" asserts="1" />
          </test-suite>
          <test-suite type="TestFixture" id="0-2381" name="AttributeInheritanceTests" fullname="NUnit.Framework.Attributes.AttributeInheritanceTests" classname="NUnit.Framework.Attributes.AttributeInheritanceTests" runstate="Runnable" testcasecount="2" result="Passed" start-time="2016-02-19 11:52:44Z" end-time="2016-02-19 11:52:44Z" duration="0.002704" total="2" passed="2" failed="0" inconclusive="0" skipped="0" asserts="2">
            <test-case id="0-2382" name="InheritedFixtureAttributeIsRecognized" fullname="NUnit.Framework.Attributes.AttributeInheritanceTests.InheritedFixtureAttributeIsRecognized" methodname="InheritedFixtureAttributeIsRecognized" classname="NUnit.Framework.Attributes.AttributeInheritanceTests" runstate="Runnable" seed="931197340" result="Passed" start-time="2016-02-19 11:52:44Z" end-time="2016-02-19 11:52:44Z" duration="0.001331" asserts="1" />
            <test-case id="0-2383" name="InheritedTestAttributeIsRecognized" fullname="NUnit.Framework.Attributes.AttributeInheritanceTests.InheritedTestAttributeIsRecognized" methodname="InheritedTestAttributeIsRecognized" classname="NUnit.Framework.Attributes.AttributeInheritanceTests" runstate="Runnable" seed="932370270" result="Passed" start-time="2016-02-19 11:52:44Z" end-time="2016-02-19 11:52:44Z" duration="0.000861" asserts="1" />
          </test-suite>
          <test-suite type="TestFixture" id="0-2384" name="CategoryAttributeTests" fullname="NUnit.Framework.Attributes.CategoryAttributeTests" classname="NUnit.Framework.Attributes.CategoryAttributeTests" runstate="Runnable" testcasecount="6" result="Passed" start-time="2016-02-19 11:52:44Z" end-time="2016-02-19 11:52:44Z" duration="0.014167" total="6" passed="6" failed="0" inconclusive="0" skipped="0" asserts="9">
            <test-case id="0-2387" name="CanDeriveFromCategoryAttribute" fullname="NUnit.Framework.Attributes.CategoryAttributeTests.CanDeriveFromCategoryAttribute" methodname="CanDeriveFromCategoryAttribute" classname="NUnit.Framework.Attributes.CategoryAttributeTests" runstate="Runnable" seed="993620294" result="Passed" start-time="2016-02-19 11:52:44Z" end-time="2016-02-19 11:52:44Z" duration="0.003504" asserts="1" />
            <test-case id="0-2389" name="CanSpecifyOnMethodAndTestCase" fullname="NUnit.Framework.Attributes.CategoryAttributeTests.CanSpecifyOnMethodAndTestCase" methodname="CanSpecifyOnMethodAndTestCase" classname="NUnit.Framework.Attributes.CategoryAttributeTests" runstate="Runnable" seed="828302622" result="Passed" start-time="2016-02-19 11:52:44Z" end-time="2016-02-19 11:52:44Z" duration="0.002264" asserts="4" />
            <test-case id="0-2385" name="CategoryOnFixture" fullname="NUnit.Framework.Attributes.CategoryAttributeTests.CategoryOnFixture" methodname="CategoryOnFixture" classname="NUnit.Framework.Attributes.CategoryAttributeTests" runstate="Runnable" seed="2029911686" result="Passed" start-time="2016-02-19 11:52:44Z" end-time="2016-02-19 11:52:44Z" duration="0.001276" asserts="1" />
            <test-case id="0-2386" name="CategoryOnTestMethod" fullname="NUnit.Framework.Attributes.CategoryAttributeTests.CategoryOnTestMethod" methodname="CategoryOnTestMethod" classname="NUnit.Framework.Attributes.CategoryAttributeTests" runstate="Runnable" seed="1546152270" result="Passed" start-time="2016-02-19 11:52:44Z" end-time="2016-02-19 11:52:44Z" duration="0.002494" asserts="1" />
            <test-case id="0-2388" name="DerivedCategoryMayBeInherited" fullname="NUnit.Framework.Attributes.CategoryAttributeTests.DerivedCategoryMayBeInherited" methodname="DerivedCategoryMayBeInherited" classname="NUnit.Framework.Attributes.CategoryAttributeTests" runstate="Runnable" seed="1486180858" result="Passed" start-time="2016-02-19 11:52:44Z" end-time="2016-02-19 11:52:44Z" duration="0.001253" asserts="1" />
            <test-case id="0-2390" name="TestWithInvalidCategoryNameIsNotRunnable" fullname="NUnit.Framework.Attributes.CategoryAttributeTests.TestWithInvalidCategoryNameIsNotRunnable" methodname="TestWithInvalidCategoryNameIsNotRunnable" classname="NUnit.Framework.Attributes.CategoryAttributeTests" runstate="Runnable" seed="912658377" result="Passed" start-time="2016-02-19 11:52:44Z" end-time="2016-02-19 11:52:44Z" duration="0.001360" asserts="1" />
          </test-suite>
          <test-suite type="TestFixture" id="0-2511" name="ChangesMadeInFixtureSetUp" fullname="NUnit.Framework.Attributes.ChangesMadeInFixtureSetUp" classname="NUnit.Framework.Attributes.ChangesMadeInFixtureSetUp" runstate="Runnable" testcasecount="2" result="Passed" start-time="2016-02-19 11:52:44Z" end-time="2016-02-19 11:52:44Z" duration="0.003301" total="2" passed="2" failed="0" inconclusive="0" skipped="0" asserts="6">
            <test-case id="0-2512" name="TestThatChangesPersistUsingSameThread" fullname="NUnit.Framework.Attributes.ChangesMadeInFixtureSetUp.TestThatChangesPersistUsingSameThread" methodname="TestThatChangesPersistUsingSameThread" classname="NUnit.Framework.Attributes.ChangesMadeInFixtureSetUp" runstate="Runnable" seed="334481140" result="Passed" start-time="2016-02-19 11:52:44Z" end-time="2016-02-19 11:52:44Z" duration="0.000815" asserts="3" />
            <test-case id="0-2513" name="TestThatChangesPersistUsingSeparateThread" fullname="NUnit.Framework.Attributes.ChangesMadeInFixtureSetUp.TestThatChangesPersistUsingSeparateThread" methodname="TestThatChangesPersistUsingSeparateThread" classname="NUnit.Framework.Attributes.ChangesMadeInFixtureSetUp" runstate="Runnable" seed="518665382" result="Passed" start-time="2016-02-19 11:52:44Z" end-time="2016-02-19 11:52:44Z" duration="0.000950" asserts="3">
              <properties>
                <property name="RequiresThread" value="True" />
              </properties>
            </test-case>
          </test-suite>
          <test-suite type="TestFixture" id="0-2391" name="CombinatorialTests" fullname="NUnit.Framework.Attributes.CombinatorialTests" classname="NUnit.Framework.Attributes.CombinatorialTests" runstate="Runnable" testcasecount="49" result="Passed" start-time="2016-02-19 11:52:44Z" end-time="2016-02-19 11:52:44Z" duration="0.020809" total="49" passed="49" failed="0" inconclusive="0" skipped="0" asserts="70">
            <test-case id="0-2448" name="CombinatorialIsIgnoredIfThereAreNoArguments" fullname="NUnit.Framework.Attributes.CombinatorialTests.CombinatorialIsIgnoredIfThereAreNoArguments" methodname="CombinatorialIsIgnoredIfThereAreNoArguments" classname="NUnit.Framework.Attributes.CombinatorialTests" runstate="Runnable" seed="982809336" result="Passed" start-time="2016-02-19 11:52:44Z" end-time="2016-02-19 11:52:44Z" duration="0.000140" asserts="0">
              <properties>
                <property name="_JOINTYPE" value="Combinatorial" />
              </properties>
            </test-case>
            <test-suite type="ParameterizedMethod" id="0-2447" name="RandomArgsAreIndependent" fullname="NUnit.Framework.Attributes.CombinatorialTests.RandomArgsAreIndependent" runstate="Runnable" testcasecount="1" result="Passed" start-time="2016-02-19 11:52:44Z" end-time="2016-02-19 11:52:44Z" duration="0.000515" total="1" passed="1" failed="0" inconclusive="0" skipped="0" asserts="1">
              <properties>
                <property name="_JOINTYPE" value="Sequential" />
              </properties>
              <test-case id="0-2446" name="RandomArgsAreIndependent(0.658757163518461d,0.604050543906191d)" fullname="NUnit.Framework.Attributes.CombinatorialTests.RandomArgsAreIndependent(0.658757163518461d,0.604050543906191d)" methodname="RandomArgsAreIndependent" classname="NUnit.Framework.Attributes.CombinatorialTests" runstate="Runnable" seed="1598416738" result="Passed" start-time="2016-02-19 11:52:44Z" end-time="2016-02-19 11:52:44Z" duration="0.000340" asserts="1" />
            </test-suite>
            <test-suite type="ParameterizedMethod" id="0-2445" name="RandomTest" fullname="NUnit.Framework.Attributes.CombinatorialTests.RandomTest" runstate="Runnable" testcasecount="5" result="Passed" start-time="2016-02-19 11:52:44Z" end-time="2016-02-19 11:52:44Z" duration="0.007375" total="5" passed="5" failed="0" inconclusive="0" skipped="0" asserts="15">
              <properties>
                <property name="_JOINTYPE" value="Sequential" />
              </properties>
              <test-case id="0-2440" name="RandomTest(155,0.560126795694291d,Struct)" fullname="NUnit.Framework.Attributes.CombinatorialTests.RandomTest(155,0.560126795694291d,Struct)" methodname="RandomTest" classname="NUnit.Framework.Attributes.CombinatorialTests" runstate="Runnable" seed="1622614677" result="Passed" start-time="2016-02-19 11:52:44Z" end-time="2016-02-19 11:52:44Z" duration="0.006276" asserts="3" />
              <test-case id="0-2441" name="RandomTest(114,0.443099283819599d,Module)" fullname="NUnit.Framework.Attributes.CombinatorialTests.RandomTest(114,0.443099283819599d,Module)" methodname="RandomTest" classname="NUnit.Framework.Attributes.CombinatorialTests" runstate="Runnable" seed="1532731448" result="Passed" start-time="2016-02-19 11:52:44Z" end-time="2016-02-19 11:52:44Z" duration="0.000103" asserts="3" />
              <test-case id="0-2442" name="RandomTest(64,0.143807206369847d,Property)" fullname="NUnit.Framework.Attributes.CombinatorialTests.RandomTest(64,0.143807206369847d,Property)" methodname="RandomTest" classname="NUnit.Framework.Attributes.CombinatorialTests" runstate="Runnable" seed="633781314" result="Passed" start-time="2016-02-19 11:52:44Z" end-time="2016-02-19 11:52:44Z" duration="0.000072" asserts="3" />
              <test-case id="0-2443" name="RandomTest(36,0.408577312439949d,Field)" fullname="NUnit.Framework.Attributes.CombinatorialTests.RandomTest(36,0.408577312439949d,Field)" methodname="RandomTest" classname="NUnit.Framework.Attributes.CombinatorialTests" runstate="Runnable" seed="735982850" result="Passed" start-time="2016-02-19 11:52:44Z" end-time="2016-02-19 11:52:44Z" duration="0.000068" asserts="3" />
              <test-case id="0-2444" name="RandomTest(182,0.0417664582104266d,Method)" fullname="NUnit.Framework.Attributes.CombinatorialTests.RandomTest(182,0.0417664582104266d,Method)" methodname="RandomTest" classname="NUnit.Framework.Attributes.CombinatorialTests" runstate="Runnable" seed="72600797" result="Passed" start-time="2016-02-19 11:52:44Z" end-time="2016-02-19 11:52:44Z" duration="0.000068" asserts="3" />
            </test-suite>
            <test-suite type="ParameterizedMethod" id="0-2439" name="RangeTest" fullname="NUnit.Framework.Attributes.CombinatorialTests.RangeTest" runstate="Runnable" testcasecount="9" result="Passed" start-time="2016-02-19 11:52:44Z" end-time="2016-02-19 11:52:44Z" duration="0.001877" total="9" passed="9" failed="0" inconclusive="0" skipped="0" asserts="0">
              <test-case id="0-2430" name="RangeTest(0.2d,10)" fullname="NUnit.Framework.Attributes.CombinatorialTests.RangeTest(0.2d,10)" methodname="RangeTest" classname="NUnit.Framework.Attributes.CombinatorialTests" runstate="Runnable" seed="68089958" result="Passed" start-time="2016-02-19 11:52:44Z" end-time="2016-02-19 11:52:44Z" duration="0.000135" asserts="0" />
              <test-case id="0-2431" name="RangeTest(0.2d,15)" fullname="NUnit.Framework.Attributes.CombinatorialTests.RangeTest(0.2d,15)" methodname="RangeTest" classname="NUnit.Framework.Attributes.CombinatorialTests" runstate="Runnable" seed="205437511" result="Passed" start-time="2016-02-19 11:52:44Z" end-time="2016-02-19 11:52:44Z" duration="0.000042" asserts="0" />
              <test-case id="0-2432" name="RangeTest(0.2d,20)" fullname="NUnit.Framework.Attributes.CombinatorialTests.RangeTest(0.2d,20)" methodname="RangeTest" classname="NUnit.Framework.Attributes.CombinatorialTests" runstate="Runnable" seed="517872504" result="Passed" start-time="2016-02-19 11:52:44Z" end-time="2016-02-19 11:52:44Z" duration="0.000036" asserts="0" />
              <test-case id="0-2433" name="RangeTest(0.4d,10)" fullname="NUnit.Framework.Attributes.CombinatorialTests.RangeTest(0.4d,10)" methodname="RangeTest" classname="NUnit.Framework.Attributes.CombinatorialTests" runstate="Runnable" seed="1803767948" result="Passed" start-time="2016-02-19 11:52:44Z" end-time="2016-02-19 11:52:44Z" duration="0.000036" asserts="0" />
              <test-case id="0-2434" name="RangeTest(0.4d,15)" fullname="NUnit.Framework.Attributes.CombinatorialTests.RangeTest(0.4d,15)" methodname="RangeTest" classname="NUnit.Framework.Attributes.CombinatorialTests" runstate="Runnable" seed="1919950043" result="Passed" start-time="2016-02-19 11:52:44Z" end-time="2016-02-19 11:52:44Z" duration="0.000035" asserts="0" />
              <test-case id="0-2435" name="RangeTest(0.4d,20)" fullname="NUnit.Framework.Attributes.CombinatorialTests.RangeTest(0.4d,20)" methodname="RangeTest" classname="NUnit.Framework.Attributes.CombinatorialTests" runstate="Runnable" seed="30761949" result="Passed" start-time="2016-02-19 11:52:44Z" end-time="2016-02-19 11:52:44Z" duration="0.000046" asserts="0" />
              <test-case id="0-2436" name="RangeTest(0.6d,10)" fullname="NUnit.Framework.Attributes.CombinatorialTests.RangeTest(0.6d,10)" methodname="RangeTest" classname="NUnit.Framework.Attributes.CombinatorialTests" runstate="Runnable" seed="949154870" result="Passed" start-time="2016-02-19 11:52:44Z" end-time="2016-02-19 11:52:44Z" duration="0.000047" asserts="0" />
              <test-case id="0-2437" name="RangeTest(0.6d,15)" fullname="NUnit.Framework.Attributes.CombinatorialTests.RangeTest(0.6d,15)" methodname="RangeTest" classname="NUnit.Framework.Attributes.CombinatorialTests" runstate="Runnable" seed="602078357" result="Passed" start-time="2016-02-19 11:52:44Z" end-time="2016-02-19 11:52:44Z" duration="0.000041" asserts="0" />
              <test-case id="0-2438" name="RangeTest(0.6d,20)" fullname="NUnit.Framework.Attributes.CombinatorialTests.RangeTest(0.6d,20)" methodname="RangeTest" classname="NUnit.Framework.Attributes.CombinatorialTests" runstate="Runnable" seed="17437063" result="Passed" start-time="2016-02-19 11:52:44Z" end-time="2016-02-19 11:52:44Z" duration="0.000038" asserts="0" />
            </test-suite>
            <test-suite type="ParameterizedMethod" id="0-2395" name="SingleArgument" fullname="NUnit.Framework.Attributes.CombinatorialTests.SingleArgument" runstate="Runnable" testcasecount="3" result="Passed" start-time="2016-02-19 11:52:44Z" end-time="2016-02-19 11:52:44Z" duration="0.000903" total="3" passed="3" failed="0" inconclusive="0" skipped="0" asserts="3">
              <test-case id="0-2392" name="SingleArgument(1.3d)" fullname="NUnit.Framework.Attributes.CombinatorialTests.SingleArgument(1.3d)" methodname="SingleArgument" classname="NUnit.Framework.Attributes.CombinatorialTests" runstate="Runnable" seed="692388100" result="Passed" start-time="2016-02-19 11:52:44Z" end-time="2016-02-19 11:52:44Z" duration="0.000361" asserts="1" />
              <test-case id="0-2393" name="SingleArgument(1.7d)" fullname="NUnit.Framework.Attributes.CombinatorialTests.SingleArgument(1.7d)" methodname="SingleArgument" classname="NUnit.Framework.Attributes.CombinatorialTests" runstate="Runnable" seed="2040899411" result="Passed" start-time="2016-02-19 11:52:44Z" end-time="2016-02-19 11:52:44Z" duration="0.000045" asserts="1" />
              <test-case id="0-2394" name="SingleArgument(1.5d)" fullname="NUnit.Framework.Attributes.CombinatorialTests.SingleArgument(1.5d)" methodname="SingleArgument" classname="NUnit.Framework.Attributes.CombinatorialTests" runstate="Runnable" seed="1325543712" result="Passed" start-time="2016-02-19 11:52:44Z" end-time="2016-02-19 11:52:44Z" duration="0.000043" asserts="1" />
            </test-suite>
            <test-suite type="ParameterizedMethod" id="0-2425" name="ThreeArguments_Combinatorial" fullname="NUnit.Framework.Attributes.CombinatorialTests.ThreeArguments_Combinatorial" runstate="Runnable" testcasecount="18" result="Passed" start-time="2016-02-19 11:52:44Z" end-time="2016-02-19 11:52:44Z" duration="0.005510" total="18" passed="18" failed="0" inconclusive="0" skipped="0" asserts="36">
              <properties>
                <property name="_JOINTYPE" value="Combinatorial" />
              </properties>
              <test-case id="0-2407" name="ThreeArguments_Combinatorial(1,10,&quot;Charlie&quot;)" fullname="NUnit.Framework.Attributes.CombinatorialTests.ThreeArguments_Combinatorial(1,10,&quot;Charlie&quot;)" methodname="ThreeArguments_Combinatorial" classname="NUnit.Framework.Attributes.CombinatorialTests" runstate="Runnable" seed="1684236510" result="Passed" start-time="2016-02-19 11:52:44Z" end-time="2016-02-19 11:52:44Z" duration="0.001582" asserts="2" />
              <test-case id="0-2408" name="ThreeArguments_Combinatorial(1,10,&quot;Joe&quot;)" fullname="NUnit.Framework.Attributes.CombinatorialTests.ThreeArguments_Combinatorial(1,10,&quot;Joe&quot;)" methodname="ThreeArguments_Combinatorial" classname="NUnit.Framework.Attributes.CombinatorialTests" runstate="Runnable" seed="436243892" result="Passed" start-time="2016-02-19 11:52:44Z" end-time="2016-02-19 11:52:44Z" duration="0.000073" asserts="2" />
              <test-case id="0-2409" name="ThreeArguments_Combinatorial(1,10,&quot;Frank&quot;)" fullname="NUnit.Framework.Attributes.CombinatorialTests.ThreeArguments_Combinatorial(1,10,&quot;Frank&quot;)" methodname="ThreeArguments_Combinatorial" classname="NUnit.Framework.Attributes.CombinatorialTests" runstate="Runnable" seed="1096415594" result="Passed" start-time="2016-02-19 11:52:44Z" end-time="2016-02-19 11:52:44Z" duration="0.000058" asserts="2" />
              <test-case id="0-2410" name="ThreeArguments_Combinatorial(1,20,&quot;Charlie&quot;)" fullname="NUnit.Framework.Attributes.CombinatorialTests.ThreeArguments_Combinatorial(1,20,&quot;Charlie&quot;)" methodname="ThreeArguments_Combinatorial" classname="NUnit.Framework.Attributes.CombinatorialTests" runstate="Runnable" seed="1635605123" result="Passed" start-time="2016-02-19 11:52:44Z" end-time="2016-02-19 11:52:44Z" duration="0.000054" asserts="2" />
              <test-case id="0-2411" name="ThreeArguments_Combinatorial(1,20,&quot;Joe&quot;)" fullname="NUnit.Framework.Attributes.CombinatorialTests.ThreeArguments_Combinatorial(1,20,&quot;Joe&quot;)" methodname="ThreeArguments_Combinatorial" classname="NUnit.Framework.Attributes.CombinatorialTests" runstate="Runnable" seed="1998259006" result="Passed" start-time="2016-02-19 11:52:44Z" end-time="2016-02-19 11:52:44Z" duration="0.000055" asserts="2" />
              <test-case id="0-2412" name="ThreeArguments_Combinatorial(1,20,&quot;Frank&quot;)" fullname="NUnit.Framework.Attributes.CombinatorialTests.ThreeArguments_Combinatorial(1,20,&quot;Frank&quot;)" methodname="ThreeArguments_Combinatorial" classname="NUnit.Framework.Attributes.CombinatorialTests" runstate="Runnable" seed="1373988575" result="Passed" start-time="2016-02-19 11:52:44Z" end-time="2016-02-19 11:52:44Z" duration="0.000054" asserts="2" />
              <test-case id="0-2413" name="ThreeArguments_Combinatorial(2,10,&quot;Charlie&quot;)" fullname="NUnit.Framework.Attributes.CombinatorialTests.ThreeArguments_Combinatorial(2,10,&quot;Charlie&quot;)" methodname="ThreeArguments_Combinatorial" classname="NUnit.Framework.Attributes.CombinatorialTests" runstate="Runnable" seed="1882124247" result="Passed" start-time="2016-02-19 11:52:44Z" end-time="2016-02-19 11:52:44Z" duration="0.000052" asserts="2" />
              <test-case id="0-2414" name="ThreeArguments_Combinatorial(2,10,&quot;Joe&quot;)" fullname="NUnit.Framework.Attributes.CombinatorialTests.ThreeArguments_Combinatorial(2,10,&quot;Joe&quot;)" methodname="ThreeArguments_Combinatorial" classname="NUnit.Framework.Attributes.CombinatorialTests" runstate="Runnable" seed="2025158722" result="Passed" start-time="2016-02-19 11:52:44Z" end-time="2016-02-19 11:52:44Z" duration="0.000054" asserts="2" />
              <test-case id="0-2415" name="ThreeArguments_Combinatorial(2,10,&quot;Frank&quot;)" fullname="NUnit.Framework.Attributes.CombinatorialTests.ThreeArguments_Combinatorial(2,10,&quot;Frank&quot;)" methodname="ThreeArguments_Combinatorial" classname="NUnit.Framework.Attributes.CombinatorialTests" runstate="Runnable" seed="702905332" result="Passed" start-time="2016-02-19 11:52:44Z" end-time="2016-02-19 11:52:44Z" duration="0.000050" asserts="2" />
              <test-case id="0-2416" name="ThreeArguments_Combinatorial(2,20,&quot;Charlie&quot;)" fullname="NUnit.Framework.Attributes.CombinatorialTests.ThreeArguments_Combinatorial(2,20,&quot;Charlie&quot;)" methodname="ThreeArguments_Combinatorial" classname="NUnit.Framework.Attributes.CombinatorialTests" runstate="Runnable" seed="1027619151" result="Passed" start-time="2016-02-19 11:52:44Z" end-time="2016-02-19 11:52:44Z" duration="0.000058" asserts="2" />
              <test-case id="0-2417" name="ThreeArguments_Combinatorial(2,20,&quot;Joe&quot;)" fullname="NUnit.Framework.Attributes.CombinatorialTests.ThreeArguments_Combinatorial(2,20,&quot;Joe&quot;)" methodname="ThreeArguments_Combinatorial" classname="NUnit.Framework.Attributes.CombinatorialTests" runstate="Runnable" seed="2037181146" result="Passed" start-time="2016-02-19 11:52:44Z" end-time="2016-02-19 11:52:44Z" duration="0.000056" asserts="2" />
              <test-case id="0-2418" name="ThreeArguments_Combinatorial(2,20,&quot;Frank&quot;)" fullname="NUnit.Framework.Attributes.CombinatorialTests.ThreeArguments_Combinatorial(2,20,&quot;Frank&quot;)" methodname="ThreeArguments_Combinatorial" classname="NUnit.Framework.Attributes.CombinatorialTests" runstate="Runnable" seed="2061527094" result="Passed" start-time="2016-02-19 11:52:44Z" end-time="2016-02-19 11:52:44Z" duration="0.000058" asserts="2" />
              <test-case id="0-2419" name="ThreeArguments_Combinatorial(3,10,&quot;Charlie&quot;)" fullname="NUnit.Framework.Attributes.CombinatorialTests.ThreeArguments_Combinatorial(3,10,&quot;Charlie&quot;)" methodname="ThreeArguments_Combinatorial" classname="NUnit.Framework.Attributes.CombinatorialTests" runstate="Runnable" seed="1526241580" result="Passed" start-time="2016-02-19 11:52:44Z" end-time="2016-02-19 11:52:44Z" duration="0.000056" asserts="2" />
              <test-case id="0-2420" name="ThreeArguments_Combinatorial(3,10,&quot;Joe&quot;)" fullname="NUnit.Framework.Attributes.CombinatorialTests.ThreeArguments_Combinatorial(3,10,&quot;Joe&quot;)" methodname="ThreeArguments_Combinatorial" classname="NUnit.Framework.Attributes.CombinatorialTests" runstate="Runnable" seed="2105215241" result="Passed" start-time="2016-02-19 11:52:44Z" end-time="2016-02-19 11:52:44Z" duration="0.000058" asserts="2" />
              <test-case id="0-2421" name="ThreeArguments_Combinatorial(3,10,&quot;Frank&quot;)" fullname="NUnit.Framework.Attributes.CombinatorialTests.ThreeArguments_Combinatorial(3,10,&quot;Frank&quot;)" methodname="ThreeArguments_Combinatorial" classname="NUnit.Framework.Attributes.CombinatorialTests" runstate="Runnable" seed="1265113122" result="Passed" start-time="2016-02-19 11:52:44Z" end-time="2016-02-19 11:52:44Z" duration="0.000058" asserts="2" />
              <test-case id="0-2422" name="ThreeArguments_Combinatorial(3,20,&quot;Charlie&quot;)" fullname="NUnit.Framework.Attributes.CombinatorialTests.ThreeArguments_Combinatorial(3,20,&quot;Charlie&quot;)" methodname="ThreeArguments_Combinatorial" classname="NUnit.Framework.Attributes.CombinatorialTests" runstate="Runnable" seed="994151688" result="Passed" start-time="2016-02-19 11:52:44Z" end-time="2016-02-19 11:52:44Z" duration="0.000053" asserts="2" />
              <test-case id="0-2423" name="ThreeArguments_Combinatorial(3,20,&quot;Joe&quot;)" fullname="NUnit.Framework.Attributes.CombinatorialTests.ThreeArguments_Combinatorial(3,20,&quot;Joe&quot;)" methodname="ThreeArguments_Combinatorial" classname="NUnit.Framework.Attributes.CombinatorialTests" runstate="Runnable" seed="1543961633" result="Passed" start-time="2016-02-19 11:52:44Z" end-time="2016-02-19 11:52:44Z" duration="0.000066" asserts="2" />
              <test-case id="0-2424" name="ThreeArguments_Combinatorial(3,20,&quot;Frank&quot;)" fullname="NUnit.Framework.Attributes.CombinatorialTests.ThreeArguments_Combinatorial(3,20,&quot;Frank&quot;)" methodname="ThreeArguments_Combinatorial" classname="NUnit.Framework.Attributes.CombinatorialTests" runstate="Runnable" seed="841146434" result="Passed" start-time="2016-02-19 11:52:44Z" end-time="2016-02-19 11:52:44Z" duration="0.000112" asserts="2" />
            </test-suite>
            <test-suite type="ParameterizedMethod" id="0-2429" name="ThreeArguments_Sequential" fullname="NUnit.Framework.Attributes.CombinatorialTests.ThreeArguments_Sequential" runstate="Runnable" testcasecount="3" result="Passed" start-time="2016-02-19 11:52:44Z" end-time="2016-02-19 11:52:44Z" duration="0.001179" total="3" passed="3" failed="0" inconclusive="0" skipped="0" asserts="6">
              <properties>
                <property name="_JOINTYPE" value="Sequential" />
              </properties>
              <test-case id="0-2426" name="ThreeArguments_Sequential(1,10,&quot;Charlie&quot;)" fullname="NUnit.Framework.Attributes.CombinatorialTests.ThreeArguments_Sequential(1,10,&quot;Charlie&quot;)" methodname="ThreeArguments_Sequential" classname="NUnit.Framework.Attributes.CombinatorialTests" runstate="Runnable" seed="2021044693" result="Passed" start-time="2016-02-19 11:52:44Z" end-time="2016-02-19 11:52:44Z" duration="0.000574" asserts="2" />
              <test-case id="0-2427" name="ThreeArguments_Sequential(2,20,&quot;Joe&quot;)" fullname="NUnit.Framework.Attributes.CombinatorialTests.ThreeArguments_Sequential(2,20,&quot;Joe&quot;)" methodname="ThreeArguments_Sequential" classname="NUnit.Framework.Attributes.CombinatorialTests" runstate="Runnable" seed="870477895" result="Passed" start-time="2016-02-19 11:52:44Z" end-time="2016-02-19 11:52:44Z" duration="0.000062" asserts="2" />
              <test-case id="0-2428" name="ThreeArguments_Sequential(3,null,&quot;Frank&quot;)" fullname="NUnit.Framework.Attributes.CombinatorialTests.ThreeArguments_Sequential(3,null,&quot;Frank&quot;)" methodname="ThreeArguments_Sequential" classname="NUnit.Framework.Attributes.CombinatorialTests" runstate="Runnable" seed="430197064" result="Passed" start-time="2016-02-19 11:52:44Z" end-time="2016-02-19 11:52:44Z" duration="0.000054" asserts="2" />
            </test-suite>
            <test-suite type="ParameterizedMethod" id="0-2402" name="TwoArguments_Combinatorial" fullname="NUnit.Framework.Attributes.CombinatorialTests.TwoArguments_Combinatorial" runstate="Runnable" testcasecount="6" result="Passed" start-time="2016-02-19 11:52:44Z" end-time="2016-02-19 11:52:44Z" duration="0.001704" total="6" passed="6" failed="0" inconclusive="0" skipped="0" asserts="6">
              <properties>
                <property name="_JOINTYPE" value="Combinatorial" />
              </properties>
              <test-case id="0-2396" name="TwoArguments_Combinatorial(1,10)" fullname="NUnit.Framework.Attributes.CombinatorialTests.TwoArguments_Combinatorial(1,10)" methodname="TwoArguments_Combinatorial" classname="NUnit.Framework.Attributes.CombinatorialTests" runstate="Runnable" seed="781951211" result="Passed" start-time="2016-02-19 11:52:44Z" end-time="2016-02-19 11:52:44Z" duration="0.000466" asserts="1" />
              <test-case id="0-2397" name="TwoArguments_Combinatorial(1,20)" fullname="NUnit.Framework.Attributes.CombinatorialTests.TwoArguments_Combinatorial(1,20)" methodname="TwoArguments_Combinatorial" classname="NUnit.Framework.Attributes.CombinatorialTests" runstate="Runnable" seed="1130747022" result="Passed" start-time="2016-02-19 11:52:44Z" end-time="2016-02-19 11:52:44Z" duration="0.000062" asserts="1" />
              <test-case id="0-2398" name="TwoArguments_Combinatorial(2,10)" fullname="NUnit.Framework.Attributes.CombinatorialTests.TwoArguments_Combinatorial(2,10)" methodname="TwoArguments_Combinatorial" classname="NUnit.Framework.Attributes.CombinatorialTests" runstate="Runnable" seed="1039002486" result="Passed" start-time="2016-02-19 11:52:44Z" end-time="2016-02-19 11:52:44Z" duration="0.000059" asserts="1" />
              <test-case id="0-2399" name="TwoArguments_Combinatorial(2,20)" fullname="NUnit.Framework.Attributes.CombinatorialTests.TwoArguments_Combinatorial(2,20)" methodname="TwoArguments_Combinatorial" classname="NUnit.Framework.Attributes.CombinatorialTests" runstate="Runnable" seed="2058872707" result="Passed" start-time="2016-02-19 11:52:44Z" end-time="2016-02-19 11:52:44Z" duration="0.000054" asserts="1" />
              <test-case id="0-2400" name="TwoArguments_Combinatorial(3,10)" fullname="NUnit.Framework.Attributes.CombinatorialTests.TwoArguments_Combinatorial(3,10)" methodname="TwoArguments_Combinatorial" classname="NUnit.Framework.Attributes.CombinatorialTests" runstate="Runnable" seed="2005438027" result="Passed" start-time="2016-02-19 11:52:44Z" end-time="2016-02-19 11:52:44Z" duration="0.000054" asserts="1" />
              <test-case id="0-2401" name="TwoArguments_Combinatorial(3,20)" fullname="NUnit.Framework.Attributes.CombinatorialTests.TwoArguments_Combinatorial(3,20)" methodname="TwoArguments_Combinatorial" classname="NUnit.Framework.Attributes.CombinatorialTests" runstate="Runnable" seed="457848733" result="Passed" start-time="2016-02-19 11:52:44Z" end-time="2016-02-19 11:52:44Z" duration="0.000053" asserts="1" />
            </test-suite>
            <test-suite type="ParameterizedMethod" id="0-2406" name="TwoArguments_Sequential" fullname="NUnit.Framework.Attributes.CombinatorialTests.TwoArguments_Sequential" runstate="Runnable" testcasecount="3" result="Passed" start-time="2016-02-19 11:52:44Z" end-time="2016-02-19 11:52:44Z" duration="0.001004" total="3" passed="3" failed="0" inconclusive="0" skipped="0" asserts="3">
              <properties>
                <property name="_JOINTYPE" value="Sequential" />
              </properties>
              <test-case id="0-2403" name="TwoArguments_Sequential(1,10)" fullname="NUnit.Framework.Attributes.CombinatorialTests.TwoArguments_Sequential(1,10)" methodname="TwoArguments_Sequential" classname="NUnit.Framework.Attributes.CombinatorialTests" runstate="Runnable" seed="672294724" result="Passed" start-time="2016-02-19 11:52:44Z" end-time="2016-02-19 11:52:44Z" duration="0.000466" asserts="1" />
              <test-case id="0-2404" name="TwoArguments_Sequential(2,20)" fullname="NUnit.Framework.Attributes.CombinatorialTests.TwoArguments_Sequential(2,20)" methodname="TwoArguments_Sequential" classname="NUnit.Framework.Attributes.CombinatorialTests" runstate="Runnable" seed="67669126" result="Passed" start-time="2016-02-19 11:52:44Z" end-time="2016-02-19 11:52:44Z" duration="0.000046" asserts="1" />
              <test-case id="0-2405" name="TwoArguments_Sequential(3,null)" fullname="NUnit.Framework.Attributes.CombinatorialTests.TwoArguments_Sequential(3,null)" methodname="TwoArguments_Sequential" classname="NUnit.Framework.Attributes.CombinatorialTests" runstate="Runnable" seed="1585858019" result="Passed" start-time="2016-02-19 11:52:44Z" end-time="2016-02-19 11:52:44Z" duration="0.000032" asserts="1" />
            </test-suite>
          </test-suite>
          <test-suite type="TestFixture" id="0-2331" name="ApplyToTestTests" fullname="NUnit.Framework.Attributes.ApplyToTestTests" classname="NUnit.Framework.Attributes.ApplyToTestTests" runstate="Runnable" testcasecount="48" result="Passed" start-time="2016-02-19 11:52:44Z" end-time="2016-02-19 11:52:44Z" duration="0.065316" total="48" passed="48" failed="0" inconclusive="0" skipped="0" asserts="55">
            <test-case id="0-2332" name="CategoryAttributeSetsCategory" fullname="NUnit.Framework.Attributes.ApplyToTestTests.CategoryAttributeSetsCategory" methodname="CategoryAttributeSetsCategory" classname="NUnit.Framework.Attributes.ApplyToTestTests" runstate="Runnable" seed="93060105" result="Passed" start-time="2016-02-19 11:52:44Z" end-time="2016-02-19 11:52:44Z" duration="0.001102" asserts="1" />
            <test-case id="0-2333" name="CategoryAttributeSetsCategoryOnNonRunnableTest" fullname="NUnit.Framework.Attributes.ApplyToTestTests.CategoryAttributeSetsCategoryOnNonRunnableTest" methodname="CategoryAttributeSetsCategoryOnNonRunnableTest" classname="NUnit.Framework.Attributes.ApplyToTestTests" runstate="Runnable" seed="737058452" result="Passed" start-time="2016-02-19 11:52:44Z" end-time="2016-02-19 11:52:44Z" duration="0.001764" asserts="1" />
            <test-case id="0-2334" name="CategoryAttributeSetsMultipleCategories" fullname="NUnit.Framework.Attributes.ApplyToTestTests.CategoryAttributeSetsMultipleCategories" methodname="CategoryAttributeSetsMultipleCategories" classname="NUnit.Framework.Attributes.ApplyToTestTests" runstate="Runnable" seed="860609016" result="Passed" start-time="2016-02-19 11:52:44Z" end-time="2016-02-19 11:52:44Z" duration="0.000935" asserts="1" />
            <test-case id="0-2355" name="CombinatorialAttributeSetsJoinType" fullname="NUnit.Framework.Attributes.ApplyToTestTests.CombinatorialAttributeSetsJoinType" methodname="CombinatorialAttributeSetsJoinType" classname="NUnit.Framework.Attributes.ApplyToTestTests" runstate="Runnable" seed="158481632" result="Passed" start-time="2016-02-19 11:52:44Z" end-time="2016-02-19 11:52:44Z" duration="0.000578" asserts="1" />
            <test-case id="0-2356" name="CombinatorialAttributeSetsJoinTypeOnNonRunnableTest" fullname="NUnit.Framework.Attributes.ApplyToTestTests.CombinatorialAttributeSetsJoinTypeOnNonRunnableTest" methodname="CombinatorialAttributeSetsJoinTypeOnNonRunnableTest" classname="NUnit.Framework.Attributes.ApplyToTestTests" runstate="Runnable" seed="1815505861" result="Passed" start-time="2016-02-19 11:52:44Z" end-time="2016-02-19 11:52:44Z" duration="0.000552" asserts="1" />
            <test-case id="0-2358" name="CultureAttributeDoesNotAffectNonRunnableTest" fullname="NUnit.Framework.Attributes.ApplyToTestTests.CultureAttributeDoesNotAffectNonRunnableTest" methodname="CultureAttributeDoesNotAffectNonRunnableTest" classname="NUnit.Framework.Attributes.ApplyToTestTests" runstate="Runnable" seed="1623514341" result="Passed" start-time="2016-02-19 11:52:44Z" end-time="2016-02-19 11:52:44Z" duration="0.001676" asserts="1" />
            <test-case id="0-2359" name="CultureAttributeExcludingCurrentCultureSkipsTest" fullname="NUnit.Framework.Attributes.ApplyToTestTests.CultureAttributeExcludingCurrentCultureSkipsTest" methodname="CultureAttributeExcludingCurrentCultureSkipsTest" classname="NUnit.Framework.Attributes.ApplyToTestTests" runstate="Runnable" seed="2134447291" result="Passed" start-time="2016-02-19 11:52:44Z" end-time="2016-02-19 11:52:44Z" duration="0.002942" asserts="2" />
            <test-case id="0-2361" name="CultureAttributeExcludingOtherCultureRunsTest" fullname="NUnit.Framework.Attributes.ApplyToTestTests.CultureAttributeExcludingOtherCultureRunsTest" methodname="CultureAttributeExcludingOtherCultureRunsTest" classname="NUnit.Framework.Attributes.ApplyToTestTests" runstate="Runnable" seed="403729773" result="Passed" start-time="2016-02-19 11:52:44Z" end-time="2016-02-19 11:52:44Z" duration="0.001140" asserts="1" />
            <test-case id="0-2357" name="CultureAttributeIncludingCurrentCultureRunsTest" fullname="NUnit.Framework.Attributes.ApplyToTestTests.CultureAttributeIncludingCurrentCultureRunsTest" methodname="CultureAttributeIncludingCurrentCultureRunsTest" classname="NUnit.Framework.Attributes.ApplyToTestTests" runstate="Runnable" seed="670248673" result="Passed" start-time="2016-02-19 11:52:44Z" end-time="2016-02-19 11:52:44Z" duration="0.000587" asserts="1" />
            <test-case id="0-2360" name="CultureAttributeIncludingOtherCultureSkipsTest" fullname="NUnit.Framework.Attributes.ApplyToTestTests.CultureAttributeIncludingOtherCultureSkipsTest" methodname="CultureAttributeIncludingOtherCultureSkipsTest" classname="NUnit.Framework.Attributes.ApplyToTestTests" runstate="Runnable" seed="1355910037" result="Passed" start-time="2016-02-19 11:52:44Z" end-time="2016-02-19 11:52:44Z" duration="0.000946" asserts="2" />
            <test-case id="0-2362" name="CultureAttributeWithMultipleCulturesIncluded" fullname="NUnit.Framework.Attributes.ApplyToTestTests.CultureAttributeWithMultipleCulturesIncluded" methodname="CultureAttributeWithMultipleCulturesIncluded" classname="NUnit.Framework.Attributes.ApplyToTestTests" runstate="Runnable" seed="481597794" result="Passed" start-time="2016-02-19 11:52:44Z" end-time="2016-02-19 11:52:44Z" duration="0.002977" asserts="1" />
            <test-case id="0-2335" name="DescriptionAttributeSetsDescription" fullname="NUnit.Framework.Attributes.ApplyToTestTests.DescriptionAttributeSetsDescription" methodname="DescriptionAttributeSetsDescription" classname="NUnit.Framework.Attributes.ApplyToTestTests" runstate="Runnable" seed="1717675966" result="Passed" start-time="2016-02-19 11:52:44Z" end-time="2016-02-19 11:52:44Z" duration="0.000605" asserts="1" />
            <test-case id="0-2336" name="DescriptionAttributeSetsDescriptionOnNonRunnableTest" fullname="NUnit.Framework.Attributes.ApplyToTestTests.DescriptionAttributeSetsDescriptionOnNonRunnableTest" methodname="DescriptionAttributeSetsDescriptionOnNonRunnableTest" classname="NUnit.Framework.Attributes.ApplyToTestTests" runstate="Runnable" seed="1189065429" result="Passed" start-time="2016-02-19 11:52:44Z" end-time="2016-02-19 11:52:44Z" duration="0.000709" asserts="1" />
            <test-case id="0-2353" name="ExplicitAttributeDoesNotAffectNonRunnableTest" fullname="NUnit.Framework.Attributes.ApplyToTestTests.ExplicitAttributeDoesNotAffectNonRunnableTest" methodname="ExplicitAttributeDoesNotAffectNonRunnableTest" classname="NUnit.Framework.Attributes.ApplyToTestTests" runstate="Runnable" seed="1982174177" result="Passed" start-time="2016-02-19 11:52:44Z" end-time="2016-02-19 11:52:44Z" duration="0.001020" asserts="2" />
            <test-case id="0-2351" name="ExplicitAttributeMakesTestExplicit" fullname="NUnit.Framework.Attributes.ApplyToTestTests.ExplicitAttributeMakesTestExplicit" methodname="ExplicitAttributeMakesTestExplicit" classname="NUnit.Framework.Attributes.ApplyToTestTests" runstate="Runnable" seed="648711533" result="Passed" start-time="2016-02-19 11:52:44Z" end-time="2016-02-19 11:52:44Z" duration="0.000633" asserts="1" />
            <test-case id="0-2352" name="ExplicitAttributeSetsIgnoreReason" fullname="NUnit.Framework.Attributes.ApplyToTestTests.ExplicitAttributeSetsIgnoreReason" methodname="ExplicitAttributeSetsIgnoreReason" classname="NUnit.Framework.Attributes.ApplyToTestTests" runstate="Runnable" seed="1995492301" result="Passed" start-time="2016-02-19 11:52:44Z" end-time="2016-02-19 11:52:44Z" duration="0.000878" asserts="2" />
            <test-case id="0-2354" name="ExplicitAttributeWithIgnoreIgnoresTest" fullname="NUnit.Framework.Attributes.ApplyToTestTests.ExplicitAttributeWithIgnoreIgnoresTest" methodname="ExplicitAttributeWithIgnoreIgnoresTest" classname="NUnit.Framework.Attributes.ApplyToTestTests" runstate="Runnable" seed="41307611" result="Passed" start-time="2016-02-19 11:52:44Z" end-time="2016-02-19 11:52:44Z" duration="0.000676" asserts="1" />
            <test-case id="0-2339" name="IgnoreAttributeDoesNotAffectNonRunnableTest" fullname="NUnit.Framework.Attributes.ApplyToTestTests.IgnoreAttributeDoesNotAffectNonRunnableTest" methodname="IgnoreAttributeDoesNotAffectNonRunnableTest" classname="NUnit.Framework.Attributes.ApplyToTestTests" runstate="Runnable" seed="235603849" result="Passed" start-time="2016-02-19 11:52:44Z" end-time="2016-02-19 11:52:44Z" duration="0.000987" asserts="2" />
            <test-case id="0-2337" name="IgnoreAttributeIgnoresTest" fullname="NUnit.Framework.Attributes.ApplyToTestTests.IgnoreAttributeIgnoresTest" methodname="IgnoreAttributeIgnoresTest" classname="NUnit.Framework.Attributes.ApplyToTestTests" runstate="Runnable" seed="266005602" result="Passed" start-time="2016-02-19 11:52:44Z" end-time="2016-02-19 11:52:44Z" duration="0.000564" asserts="1" />
            <test-case id="0-2340" name="IgnoreAttributeIgnoresTestUntilDateSpecified" fullname="NUnit.Framework.Attributes.ApplyToTestTests.IgnoreAttributeIgnoresTestUntilDateSpecified" methodname="IgnoreAttributeIgnoresTestUntilDateSpecified" classname="NUnit.Framework.Attributes.ApplyToTestTests" runstate="Runnable" seed="627294367" result="Passed" start-time="2016-02-19 11:52:44Z" end-time="2016-02-19 11:52:44Z" duration="0.001087" asserts="1" />
            <test-case id="0-2341" name="IgnoreAttributeIgnoresTestUntilDateTimeSpecified" fullname="NUnit.Framework.Attributes.ApplyToTestTests.IgnoreAttributeIgnoresTestUntilDateTimeSpecified" methodname="IgnoreAttributeIgnoresTestUntilDateTimeSpecified" classname="NUnit.Framework.Attributes.ApplyToTestTests" runstate="Runnable" seed="949696698" result="Passed" start-time="2016-02-19 11:52:44Z" end-time="2016-02-19 11:52:44Z" duration="0.001775" asserts="1" />
            <test-case id="0-2342" name="IgnoreAttributeMarksTestAsRunnableAfterUntilDatePasses" fullname="NUnit.Framework.Attributes.ApplyToTestTests.IgnoreAttributeMarksTestAsRunnableAfterUntilDatePasses" methodname="IgnoreAttributeMarksTestAsRunnableAfterUntilDatePasses" classname="NUnit.Framework.Attributes.ApplyToTestTests" runstate="Runnable" seed="369320439" result="Passed" start-time="2016-02-19 11:52:44Z" end-time="2016-02-19 11:52:44Z" duration="0.000705" asserts="1" />
            <test-case id="0-2338" name="IgnoreAttributeSetsIgnoreReason" fullname="NUnit.Framework.Attributes.ApplyToTestTests.IgnoreAttributeSetsIgnoreReason" methodname="IgnoreAttributeSetsIgnoreReason" classname="NUnit.Framework.Attributes.ApplyToTestTests" runstate="Runnable" seed="912038703" result="Passed" start-time="2016-02-19 11:52:44Z" end-time="2016-02-19 11:52:44Z" duration="0.000834" asserts="2" />
            <test-suite type="ParameterizedMethod" id="0-2346" name="IgnoreAttributeUntilSetsTheReason" fullname="NUnit.Framework.Attributes.ApplyToTestTests.IgnoreAttributeUntilSetsTheReason" runstate="Runnable" testcasecount="3" result="Passed" start-time="2016-02-19 11:52:44Z" end-time="2016-02-19 11:52:44Z" duration="0.001856" total="3" passed="3" failed="0" inconclusive="0" skipped="0" asserts="3">
              <test-case id="0-2343" name="IgnoreAttributeUntilSetsTheReason(&quot;4242-01-01&quot;)" fullname="NUnit.Framework.Attributes.ApplyToTestTests.IgnoreAttributeUntilSetsTheReason(&quot;4242-01-01&quot;)" methodname="IgnoreAttributeUntilSetsTheReason" classname="NUnit.Framework.Attributes.ApplyToTestTests" runstate="Runnable" seed="481631307" result="Passed" start-time="2016-02-19 11:52:44Z" end-time="2016-02-19 11:52:44Z" duration="0.000659" asserts="1" />
              <test-case id="0-2344" name="IgnoreAttributeUntilSetsTheReason(&quot;4242-01-01 00:00:00Z&quot;)" fullname="NUnit.Framework.Attributes.ApplyToTestTests.IgnoreAttributeUntilSetsTheReason(&quot;4242-01-01 00:00:00Z&quot;)" methodname="IgnoreAttributeUntilSetsTheReason" classname="NUnit.Framework.Attributes.ApplyToTestTests" runstate="Runnable" seed="1971058237" result="Passed" start-time="2016-02-19 11:52:44Z" end-time="2016-02-19 11:52:44Z" duration="0.000110" asserts="1" />
              <test-case id="0-2345" name="IgnoreAttributeUntilSetsTheReason(&quot;4242-01-01 00:00:00&quot;)" fullname="NUnit.Framework.Attributes.ApplyToTestTests.IgnoreAttributeUntilSetsTheReason(&quot;4242-01-01 00:00:00&quot;)" methodname="IgnoreAttributeUntilSetsTheReason" classname="NUnit.Framework.Attributes.ApplyToTestTests" runstate="Runnable" seed="1501396247" result="Passed" start-time="2016-02-19 11:52:44Z" end-time="2016-02-19 11:52:44Z" duration="0.000097" asserts="1" />
            </test-suite>
            <test-case id="0-2350" name="IgnoreAttributeWithExplicitIgnoresTest" fullname="NUnit.Framework.Attributes.ApplyToTestTests.IgnoreAttributeWithExplicitIgnoresTest" methodname="IgnoreAttributeWithExplicitIgnoresTest" classname="NUnit.Framework.Attributes.ApplyToTestTests" runstate="Runnable" seed="284863752" result="Passed" start-time="2016-02-19 11:52:44Z" end-time="2016-02-19 11:52:44Z" duration="0.000681" asserts="1" />
            <test-case id="0-2347" name="IgnoreAttributeWithInvalidDateThrowsException" fullname="NUnit.Framework.Attributes.ApplyToTestTests.IgnoreAttributeWithInvalidDateThrowsException" methodname="IgnoreAttributeWithInvalidDateThrowsException" classname="NUnit.Framework.Attributes.ApplyToTestTests" runstate="Runnable" seed="2075129589" result="Passed" start-time="2016-02-19 11:52:44Z" end-time="2016-02-19 11:52:44Z" duration="0.001904" asserts="1" />
            <test-case id="0-2348" name="IgnoreAttributeWithUntilAddsIgnoreUntilDateProperty" fullname="NUnit.Framework.Attributes.ApplyToTestTests.IgnoreAttributeWithUntilAddsIgnoreUntilDateProperty" methodname="IgnoreAttributeWithUntilAddsIgnoreUntilDateProperty" classname="NUnit.Framework.Attributes.ApplyToTestTests" runstate="Runnable" seed="1358386344" result="Passed" start-time="2016-02-19 11:52:44Z" end-time="2016-02-19 11:52:44Z" duration="0.000771" asserts="1" />
            <test-case id="0-2349" name="IgnoreAttributeWithUntilAddsIgnoreUntilDatePropertyPastUntilDate" fullname="NUnit.Framework.Attributes.ApplyToTestTests.IgnoreAttributeWithUntilAddsIgnoreUntilDatePropertyPastUntilDate" methodname="IgnoreAttributeWithUntilAddsIgnoreUntilDatePropertyPastUntilDate" classname="NUnit.Framework.Attributes.ApplyToTestTests" runstate="Runnable" seed="1265191299" result="Passed" start-time="2016-02-19 11:52:44Z" end-time="2016-02-19 11:52:44Z" duration="0.000689" asserts="1" />
            <test-case id="0-2363" name="MaxTimeAttributeSetsMaxTime" fullname="NUnit.Framework.Attributes.ApplyToTestTests.MaxTimeAttributeSetsMaxTime" methodname="MaxTimeAttributeSetsMaxTime" classname="NUnit.Framework.Attributes.ApplyToTestTests" runstate="Runnable" seed="406435457" result="Passed" start-time="2016-02-19 11:52:44Z" end-time="2016-02-19 11:52:44Z" duration="0.000790" asserts="1" />
            <test-case id="0-2364" name="MaxTimeAttributeSetsMaxTimeOnNonRunnableTest" fullname="NUnit.Framework.Attributes.ApplyToTestTests.MaxTimeAttributeSetsMaxTimeOnNonRunnableTest" methodname="MaxTimeAttributeSetsMaxTimeOnNonRunnableTest" classname="NUnit.Framework.Attributes.ApplyToTestTests" runstate="Runnable" seed="1792212284" result="Passed" start-time="2016-02-19 11:52:44Z" end-time="2016-02-19 11:52:44Z" duration="0.000848" asserts="1" />
            <test-case id="0-2365" name="PairwiseAttributeSetsJoinType" fullname="NUnit.Framework.Attributes.ApplyToTestTests.PairwiseAttributeSetsJoinType" methodname="PairwiseAttributeSetsJoinType" classname="NUnit.Framework.Attributes.ApplyToTestTests" runstate="Runnable" seed="785256538" result="Passed" start-time="2016-02-19 11:52:44Z" end-time="2016-02-19 11:52:44Z" duration="0.000709" asserts="1" />
            <test-case id="0-2366" name="PairwiseAttributeSetsJoinTypeOnNonRunnableTest" fullname="NUnit.Framework.Attributes.ApplyToTestTests.PairwiseAttributeSetsJoinTypeOnNonRunnableTest" methodname="PairwiseAttributeSetsJoinTypeOnNonRunnableTest" classname="NUnit.Framework.Attributes.ApplyToTestTests" runstate="Runnable" seed="1878494361" result="Passed" start-time="2016-02-19 11:52:44Z" end-time="2016-02-19 11:52:44Z" duration="0.000921" asserts="1" />
            <test-case id="0-2369" name="PlatformAttributeDoesNotAffectNonRunnableTest" fullname="NUnit.Framework.Attributes.ApplyToTestTests.PlatformAttributeDoesNotAffectNonRunnableTest" methodname="PlatformAttributeDoesNotAffectNonRunnableTest" classname="NUnit.Framework.Attributes.ApplyToTestTests" runstate="Runnable" seed="1439433046" result="Passed" start-time="2016-02-19 11:52:44Z" end-time="2016-02-19 11:52:44Z" duration="0.000909" asserts="1" />
            <test-case id="0-2367" name="PlatformAttributeRunsTest" fullname="NUnit.Framework.Attributes.ApplyToTestTests.PlatformAttributeRunsTest" methodname="PlatformAttributeRunsTest" classname="NUnit.Framework.Attributes.ApplyToTestTests" runstate="Runnable" seed="1127218429" result="Passed" start-time="2016-02-19 11:52:44Z" end-time="2016-02-19 11:52:44Z" duration="0.000882" asserts="1" />
            <test-case id="0-2368" name="PlatformAttributeSkipsTest" fullname="NUnit.Framework.Attributes.ApplyToTestTests.PlatformAttributeSkipsTest" methodname="PlatformAttributeSkipsTest" classname="NUnit.Framework.Attributes.ApplyToTestTests" runstate="Runnable" seed="704721060" result="Passed" start-time="2016-02-19 11:52:44Z" end-time="2016-02-19 11:52:44Z" duration="0.000860" asserts="1" />
            <test-case id="0-2370" name="RepeatAttributeSetsRepeatCount" fullname="NUnit.Framework.Attributes.ApplyToTestTests.RepeatAttributeSetsRepeatCount" methodname="RepeatAttributeSetsRepeatCount" classname="NUnit.Framework.Attributes.ApplyToTestTests" runstate="Runnable" seed="1321635722" result="Passed" start-time="2016-02-19 11:52:44Z" end-time="2016-02-19 11:52:44Z" duration="0.000854" asserts="1" />
            <test-case id="0-2371" name="RepeatAttributeSetsRepeatCountOnNonRunnableTest" fullname="NUnit.Framework.Attributes.ApplyToTestTests.RepeatAttributeSetsRepeatCountOnNonRunnableTest" methodname="RepeatAttributeSetsRepeatCountOnNonRunnableTest" classname="NUnit.Framework.Attributes.ApplyToTestTests" runstate="Runnable" seed="330422199" result="Passed" start-time="2016-02-19 11:52:44Z" end-time="2016-02-19 11:52:44Z" duration="0.000826" asserts="1" />
            <test-case id="0-2372" name="RequiresMTAAttributeSetsApartmentState" fullname="NUnit.Framework.Attributes.ApplyToTestTests.RequiresMTAAttributeSetsApartmentState" methodname="RequiresMTAAttributeSetsApartmentState" classname="NUnit.Framework.Attributes.ApplyToTestTests" runstate="Runnable" seed="1296996577" result="Passed" start-time="2016-02-19 11:52:44Z" end-time="2016-02-19 11:52:44Z" duration="0.001846" asserts="1" />
            <test-case id="0-2373" name="RequiresMTAAttributeSetsApartmentStateOnNonRunnableTest" fullname="NUnit.Framework.Attributes.ApplyToTestTests.RequiresMTAAttributeSetsApartmentStateOnNonRunnableTest" methodname="RequiresMTAAttributeSetsApartmentStateOnNonRunnableTest" classname="NUnit.Framework.Attributes.ApplyToTestTests" runstate="Runnable" seed="1223453050" result="Passed" start-time="2016-02-19 11:52:44Z" end-time="2016-02-19 11:52:44Z" duration="0.000751" asserts="1" />
            <test-case id="0-2374" name="RequiresSTAAttributeSetsApartmentState" fullname="NUnit.Framework.Attributes.ApplyToTestTests.RequiresSTAAttributeSetsApartmentState" methodname="RequiresSTAAttributeSetsApartmentState" classname="NUnit.Framework.Attributes.ApplyToTestTests" runstate="Runnable" seed="582519272" result="Passed" start-time="2016-02-19 11:52:44Z" end-time="2016-02-19 11:52:44Z" duration="0.000709" asserts="1" />
            <test-case id="0-2375" name="RequiresSTAAttributeSetsApartmentStateOnNonRunnableTest" fullname="NUnit.Framework.Attributes.ApplyToTestTests.RequiresSTAAttributeSetsApartmentStateOnNonRunnableTest" methodname="RequiresSTAAttributeSetsApartmentStateOnNonRunnableTest" classname="NUnit.Framework.Attributes.ApplyToTestTests" runstate="Runnable" seed="41964902" result="Passed" start-time="2016-02-19 11:52:44Z" end-time="2016-02-19 11:52:44Z" duration="0.000777" asserts="1" />
            <test-case id="0-2378" name="RequiresThreadAttributeMaySetApartmentState" fullname="NUnit.Framework.Attributes.ApplyToTestTests.RequiresThreadAttributeMaySetApartmentState" methodname="RequiresThreadAttributeMaySetApartmentState" classname="NUnit.Framework.Attributes.ApplyToTestTests" runstate="Runnable" seed="1426927539" result="Passed" start-time="2016-02-19 11:52:44Z" end-time="2016-02-19 11:52:44Z" duration="0.001243" asserts="2" />
            <test-case id="0-2376" name="RequiresThreadAttributeSetsRequiresThread" fullname="NUnit.Framework.Attributes.ApplyToTestTests.RequiresThreadAttributeSetsRequiresThread" methodname="RequiresThreadAttributeSetsRequiresThread" classname="NUnit.Framework.Attributes.ApplyToTestTests" runstate="Runnable" seed="1538884198" result="Passed" start-time="2016-02-19 11:52:44Z" end-time="2016-02-19 11:52:44Z" duration="0.000997" asserts="1" />
            <test-case id="0-2377" name="RequiresThreadAttributeSetsRequiresThreadOnNonRunnableTest" fullname="NUnit.Framework.Attributes.ApplyToTestTests.RequiresThreadAttributeSetsRequiresThreadOnNonRunnableTest" methodname="RequiresThreadAttributeSetsRequiresThreadOnNonRunnableTest" classname="NUnit.Framework.Attributes.ApplyToTestTests" runstate="Runnable" seed="154725935" result="Passed" start-time="2016-02-19 11:52:44Z" end-time="2016-02-19 11:52:44Z" duration="0.000842" asserts="1" />
            <test-case id="0-2379" name="SequentialAttributeSetsJoinType" fullname="NUnit.Framework.Attributes.ApplyToTestTests.SequentialAttributeSetsJoinType" methodname="SequentialAttributeSetsJoinType" classname="NUnit.Framework.Attributes.ApplyToTestTests" runstate="Runnable" seed="2062779721" result="Passed" start-time="2016-02-19 11:52:44Z" end-time="2016-02-19 11:52:44Z" duration="0.000594" asserts="1" />
            <test-case id="0-2380" name="SequentialAttributeSetsJoinTypeOnNonRunnableTest" fullname="NUnit.Framework.Attributes.ApplyToTestTests.SequentialAttributeSetsJoinTypeOnNonRunnableTest" methodname="SequentialAttributeSetsJoinTypeOnNonRunnableTest" classname="NUnit.Framework.Attributes.ApplyToTestTests" runstate="Runnable" seed="95382764" result="Passed" start-time="2016-02-19 11:52:44Z" end-time="2016-02-19 11:52:44Z" duration="0.000749" asserts="1" />
          </test-suite>
          <test-suite type="TestFixture" id="0-2458" name="DerivedPropertyAttributeTests" fullname="NUnit.Framework.Attributes.DerivedPropertyAttributeTests" classname="NUnit.Framework.Attributes.DerivedPropertyAttributeTests" runstate="Runnable" testcasecount="11" result="Passed" start-time="2016-02-19 11:52:44Z" end-time="2016-02-19 11:52:44Z" duration="0.014437" total="11" passed="11" failed="0" inconclusive="0" skipped="0" asserts="22">
            <test-suite type="GenericMethod" id="0-2471" name="ConstructWithNoArgs" fullname="NUnit.Framework.Attributes.DerivedPropertyAttributeTests.ConstructWithNoArgs" runstate="Runnable" testcasecount="2" result="Passed" start-time="2016-02-19 11:52:44Z" end-time="2016-02-19 11:52:44Z" duration="0.004114" total="2" passed="2" failed="0" inconclusive="0" skipped="0" asserts="4">
              <test-case id="0-2469" name="ConstructWithNoArgs&lt;ParallelScope&gt;(NUnit.Framework.ParallelizableAttribute,&quot;ParallelScope&quot;,Self)" fullname="NUnit.Framework.Attributes.DerivedPropertyAttributeTests.ConstructWithNoArgs&lt;ParallelScope&gt;(NUnit.Framework.ParallelizableAttribute,&quot;ParallelScope&quot;,Self)" methodname="ConstructWithNoArgs" classname="NUnit.Framework.Attributes.DerivedPropertyAttributeTests" runstate="Runnable" seed="1053290317" result="Passed" start-time="2016-02-19 11:52:44Z" end-time="2016-02-19 11:52:44Z" duration="0.002321" asserts="2" />
              <test-case id="0-2470" name="ConstructWithNoArgs&lt;Boolean&gt;(NUnit.Framework.RequiresThreadAttribute,&quot;RequiresThread&quot;,True)" fullname="NUnit.Framework.Attributes.DerivedPropertyAttributeTests.ConstructWithNoArgs&lt;Boolean&gt;(NUnit.Framework.RequiresThreadAttribute,&quot;RequiresThread&quot;,True)" methodname="ConstructWithNoArgs" classname="NUnit.Framework.Attributes.DerivedPropertyAttributeTests" runstate="Runnable" seed="205513415" result="Passed" start-time="2016-02-19 11:52:44Z" end-time="2016-02-19 11:52:44Z" duration="0.001322" asserts="2" />
            </test-suite>
            <test-suite type="GenericMethod" id="0-2468" name="ConstructWithOneArg" fullname="NUnit.Framework.Attributes.DerivedPropertyAttributeTests.ConstructWithOneArg" runstate="Runnable" testcasecount="9" result="Passed" start-time="2016-02-19 11:52:44Z" end-time="2016-02-19 11:52:44Z" duration="0.009867" total="9" passed="9" failed="0" inconclusive="0" skipped="0" asserts="18">
              <test-case id="0-2459" name="ConstructWithOneArg&lt;String&gt;(NUnit.Framework.DescriptionAttribute,&quot;Description&quot;,&quot;description&quot;)" fullname="NUnit.Framework.Attributes.DerivedPropertyAttributeTests.ConstructWithOneArg&lt;String&gt;(NUnit.Framework.DescriptionAttribute,&quot;Description&quot;,&quot;description&quot;)" methodname="ConstructWithOneArg" classname="NUnit.Framework.Attributes.DerivedPropertyAttributeTests" runstate="Runnable" seed="1264843254" result="Passed" start-time="2016-02-19 11:52:44Z" end-time="2016-02-19 11:52:44Z" duration="0.001498" asserts="2" />
              <test-case id="0-2460" name="ConstructWithOneArg&lt;Int32&gt;(NUnit.Framework.LevelOfParallelismAttribute,&quot;LevelOfParallelism&quot;,7)" fullname="NUnit.Framework.Attributes.DerivedPropertyAttributeTests.ConstructWithOneArg&lt;Int32&gt;(NUnit.Framework.LevelOfParallelismAttribute,&quot;LevelOfParallelism&quot;,7)" methodname="ConstructWithOneArg" classname="NUnit.Framework.Attributes.DerivedPropertyAttributeTests" runstate="Runnable" seed="1273168775" result="Passed" start-time="2016-02-19 11:52:44Z" end-time="2016-02-19 11:52:44Z" duration="0.001716" asserts="2" />
              <test-case id="0-2461" name="ConstructWithOneArg&lt;Int32&gt;(NUnit.Framework.MaxTimeAttribute,&quot;MaxTime&quot;,50)" fullname="NUnit.Framework.Attributes.DerivedPropertyAttributeTests.ConstructWithOneArg&lt;Int32&gt;(NUnit.Framework.MaxTimeAttribute,&quot;MaxTime&quot;,50)" methodname="ConstructWithOneArg" classname="NUnit.Framework.Attributes.DerivedPropertyAttributeTests" runstate="Runnable" seed="991002257" result="Passed" start-time="2016-02-19 11:52:44Z" end-time="2016-02-19 11:52:44Z" duration="0.000332" asserts="2" />
              <test-case id="0-2462" name="ConstructWithOneArg&lt;ParallelScope&gt;(NUnit.Framework.ParallelizableAttribute,&quot;ParallelScope&quot;,Fixtures)" fullname="NUnit.Framework.Attributes.DerivedPropertyAttributeTests.ConstructWithOneArg&lt;ParallelScope&gt;(NUnit.Framework.ParallelizableAttribute,&quot;ParallelScope&quot;,Fixtures)" methodname="ConstructWithOneArg" classname="NUnit.Framework.Attributes.DerivedPropertyAttributeTests" runstate="Runnable" seed="781930502" result="Passed" start-time="2016-02-19 11:52:44Z" end-time="2016-02-19 11:52:44Z" duration="0.001452" asserts="2" />
              <test-case id="0-2463" name="ConstructWithOneArg&lt;String&gt;(NUnit.Framework.SetCultureAttribute,&quot;SetCulture&quot;,&quot;fr-FR&quot;)" fullname="NUnit.Framework.Attributes.DerivedPropertyAttributeTests.ConstructWithOneArg&lt;String&gt;(NUnit.Framework.SetCultureAttribute,&quot;SetCulture&quot;,&quot;fr-FR&quot;)" methodname="ConstructWithOneArg" classname="NUnit.Framework.Attributes.DerivedPropertyAttributeTests" runstate="Runnable" seed="1448028492" result="Passed" start-time="2016-02-19 11:52:44Z" end-time="2016-02-19 11:52:44Z" duration="0.000321" asserts="2" />
              <test-case id="0-2464" name="ConstructWithOneArg&lt;String&gt;(NUnit.Framework.SetUICultureAttribute,&quot;SetUICulture&quot;,&quot;fr-FR&quot;)" fullname="NUnit.Framework.Attributes.DerivedPropertyAttributeTests.ConstructWithOneArg&lt;String&gt;(NUnit.Framework.SetUICultureAttribute,&quot;SetUICulture&quot;,&quot;fr-FR&quot;)" methodname="ConstructWithOneArg" classname="NUnit.Framework.Attributes.DerivedPropertyAttributeTests" runstate="Runnable" seed="1447001556" result="Passed" start-time="2016-02-19 11:52:44Z" end-time="2016-02-19 11:52:44Z" duration="0.000286" asserts="2" />
              <test-case id="0-2465" name="ConstructWithOneArg&lt;ApartmentState&gt;(NUnit.Framework.ApartmentAttribute,&quot;ApartmentState&quot;,MTA)" fullname="NUnit.Framework.Attributes.DerivedPropertyAttributeTests.ConstructWithOneArg&lt;ApartmentState&gt;(NUnit.Framework.ApartmentAttribute,&quot;ApartmentState&quot;,MTA)" methodname="ConstructWithOneArg" classname="NUnit.Framework.Attributes.DerivedPropertyAttributeTests" runstate="Runnable" seed="1569077282" result="Passed" start-time="2016-02-19 11:52:44Z" end-time="2016-02-19 11:52:44Z" duration="0.002522" asserts="2" />
              <test-case id="0-2466" name="ConstructWithOneArg&lt;ApartmentState&gt;(NUnit.Framework.ApartmentAttribute,&quot;ApartmentState&quot;,STA)" fullname="NUnit.Framework.Attributes.DerivedPropertyAttributeTests.ConstructWithOneArg&lt;ApartmentState&gt;(NUnit.Framework.ApartmentAttribute,&quot;ApartmentState&quot;,STA)" methodname="ConstructWithOneArg" classname="NUnit.Framework.Attributes.DerivedPropertyAttributeTests" runstate="Runnable" seed="506708752" result="Passed" start-time="2016-02-19 11:52:44Z" end-time="2016-02-19 11:52:44Z" duration="0.000328" asserts="2" />
              <test-case id="0-2467" name="ConstructWithOneArg&lt;Int32&gt;(NUnit.Framework.TimeoutAttribute,&quot;Timeout&quot;,50)" fullname="NUnit.Framework.Attributes.DerivedPropertyAttributeTests.ConstructWithOneArg&lt;Int32&gt;(NUnit.Framework.TimeoutAttribute,&quot;Timeout&quot;,50)" methodname="ConstructWithOneArg" classname="NUnit.Framework.Attributes.DerivedPropertyAttributeTests" runstate="Runnable" seed="1627406017" result="Passed" start-time="2016-02-19 11:52:44Z" end-time="2016-02-19 11:52:44Z" duration="0.000291" asserts="2" />
            </test-suite>
          </test-suite>
          <test-suite type="TestFixture" id="0-2472" name="DescriptionTests" fullname="NUnit.Framework.Attributes.DescriptionTests" classname="NUnit.Framework.Attributes.DescriptionTests" runstate="Runnable" testcasecount="6" result="Passed" start-time="2016-02-19 11:52:44Z" end-time="2016-02-19 11:52:44Z" duration="0.009206" total="6" passed="6" failed="0" inconclusive="0" skipped="0" asserts="12">
            <test-case id="0-2474" name="Description" fullname="NUnit.Framework.Attributes.DescriptionTests.Description" methodname="Description" classname="NUnit.Framework.Attributes.DescriptionTests" runstate="Runnable" seed="117960791" result="Passed" start-time="2016-02-19 11:52:44Z" end-time="2016-02-19 11:52:44Z" duration="0.000995" asserts="2" />
            <test-case id="0-2478" name="DescriptionOnTestCase" fullname="NUnit.Framework.Attributes.DescriptionTests.DescriptionOnTestCase" methodname="DescriptionOnTestCase" classname="NUnit.Framework.Attributes.DescriptionTests" runstate="Runnable" seed="1778584802" result="Passed" start-time="2016-02-19 11:52:44Z" end-time="2016-02-19 11:52:44Z" duration="0.001790" asserts="3" />
            <test-case id="0-2476" name="FixtureDescription" fullname="NUnit.Framework.Attributes.DescriptionTests.FixtureDescription" methodname="FixtureDescription" classname="NUnit.Framework.Attributes.DescriptionTests" runstate="Runnable" seed="473514467" result="Passed" start-time="2016-02-19 11:52:44Z" end-time="2016-02-19 11:52:44Z" duration="0.004070" asserts="1" />
            <test-case id="0-2475" name="NoDescription" fullname="NUnit.Framework.Attributes.DescriptionTests.NoDescription" methodname="NoDescription" classname="NUnit.Framework.Attributes.DescriptionTests" runstate="Runnable" seed="257001100" result="Passed" start-time="2016-02-19 11:52:44Z" end-time="2016-02-19 11:52:44Z" duration="0.000439" asserts="2" />
            <test-case id="0-2473" name="ReflectionTest" fullname="NUnit.Framework.Attributes.DescriptionTests.ReflectionTest" methodname="ReflectionTest" classname="NUnit.Framework.Attributes.DescriptionTests" runstate="Runnable" seed="2005229438" result="Passed" start-time="2016-02-19 11:52:44Z" end-time="2016-02-19 11:52:44Z" duration="0.000514" asserts="2" />
            <test-case id="0-2477" name="SeparateDescriptionAttribute" fullname="NUnit.Framework.Attributes.DescriptionTests.SeparateDescriptionAttribute" methodname="SeparateDescriptionAttribute" classname="NUnit.Framework.Attributes.DescriptionTests" runstate="Runnable" seed="67106625" result="Passed" start-time="2016-02-19 11:52:44Z" end-time="2016-02-19 11:52:44Z" duration="0.000388" asserts="2" />
          </test-suite>
          <test-suite type="TestFixture" id="0-2449" name="DatapointTests" fullname="NUnit.Framework.Attributes.DatapointTests" classname="NUnit.Framework.Attributes.DatapointTests" runstate="Runnable" testcasecount="8" result="Passed" start-time="2016-02-19 11:52:44Z" end-time="2016-02-19 11:52:44Z" duration="0.157007" total="8" passed="8" failed="0" inconclusive="0" skipped="0" asserts="0">
            <test-case id="0-2451" name="WorksOnArray" fullname="NUnit.Framework.Attributes.DatapointTests.WorksOnArray" methodname="WorksOnArray" classname="NUnit.Framework.Attributes.DatapointTests" runstate="Runnable" seed="725811264" result="Passed" start-time="2016-02-19 11:52:44Z" end-time="2016-02-19 11:52:44Z" duration="0.017433" asserts="0" />
            <test-case id="0-2457" name="WorksOnEnumeratorReturningIEnumerableOfT" fullname="NUnit.Framework.Attributes.DatapointTests.WorksOnEnumeratorReturningIEnumerableOfT" methodname="WorksOnEnumeratorReturningIEnumerableOfT" classname="NUnit.Framework.Attributes.DatapointTests" runstate="Runnable" seed="51917240" result="Passed" start-time="2016-02-19 11:52:44Z" end-time="2016-02-19 11:52:44Z" duration="0.013734" asserts="0" />
            <test-case id="0-2450" name="WorksOnField" fullname="NUnit.Framework.Attributes.DatapointTests.WorksOnField" methodname="WorksOnField" classname="NUnit.Framework.Attributes.DatapointTests" runstate="Runnable" seed="1074086254" result="Passed" start-time="2016-02-19 11:52:44Z" end-time="2016-02-19 11:52:44Z" duration="0.015718" asserts="0" />
            <test-case id="0-2454" name="WorksOnIEnumerableOfT" fullname="NUnit.Framework.Attributes.DatapointTests.WorksOnIEnumerableOfT" methodname="WorksOnIEnumerableOfT" classname="NUnit.Framework.Attributes.DatapointTests" runstate="Runnable" seed="509489020" result="Passed" start-time="2016-02-19 11:52:44Z" end-time="2016-02-19 11:52:44Z" duration="0.046736" asserts="0" />
            <test-case id="0-2453" name="WorksOnMethodReturningArray" fullname="NUnit.Framework.Attributes.DatapointTests.WorksOnMethodReturningArray" methodname="WorksOnMethodReturningArray" classname="NUnit.Framework.Attributes.DatapointTests" runstate="Runnable" seed="1780656890" result="Passed" start-time="2016-02-19 11:52:44Z" end-time="2016-02-19 11:52:44Z" duration="0.015606" asserts="0" />
            <test-case id="0-2456" name="WorksOnMethodReturningIEnumerableOfT" fullname="NUnit.Framework.Attributes.DatapointTests.WorksOnMethodReturningIEnumerableOfT" methodname="WorksOnMethodReturningIEnumerableOfT" classname="NUnit.Framework.Attributes.DatapointTests" runstate="Runnable" seed="395815992" result="Passed" start-time="2016-02-19 11:52:44Z" end-time="2016-02-19 11:52:44Z" duration="0.015726" asserts="0" />
            <test-case id="0-2452" name="WorksOnPropertyReturningArray" fullname="NUnit.Framework.Attributes.DatapointTests.WorksOnPropertyReturningArray" methodname="WorksOnPropertyReturningArray" classname="NUnit.Framework.Attributes.DatapointTests" runstate="Runnable" seed="2104721967" result="Passed" start-time="2016-02-19 11:52:44Z" end-time="2016-02-19 11:52:44Z" duration="0.015387" asserts="0" />
            <test-case id="0-2455" name="WorksOnPropertyReturningIEnumerableOfT" fullname="NUnit.Framework.Attributes.DatapointTests.WorksOnPropertyReturningIEnumerableOfT" methodname="WorksOnPropertyReturningIEnumerableOfT" classname="NUnit.Framework.Attributes.DatapointTests" runstate="Runnable" seed="1190457205" result="Passed" start-time="2016-02-19 11:52:44Z" end-time="2016-02-19 11:52:44Z" duration="0.015566" asserts="0" />
          </test-suite>
          <test-suite type="TestFixture" id="0-2514" name="PairwiseTest" fullname="NUnit.Framework.Attributes.PairwiseTest" classname="NUnit.Framework.Attributes.PairwiseTest" runstate="Runnable" testcasecount="9" result="Passed" start-time="2016-02-19 11:52:44Z" end-time="2016-02-19 11:52:44Z" duration="0.011087" total="9" passed="9" failed="0" inconclusive="0" skipped="0" asserts="18">
            <test-suite type="ParameterizedMethod" id="0-2524" name="Test" fullname="NUnit.Framework.Attributes.PairwiseTest.Test" runstate="Runnable" testcasecount="9" result="Passed" start-time="2016-02-19 11:52:44Z" end-time="2016-02-19 11:52:44Z" duration="0.010643" total="9" passed="9" failed="0" inconclusive="0" skipped="0" asserts="18">
              <test-case id="0-2515" name="Test 2x4" fullname="NUnit.Framework.Attributes.PairwiseTest.Test 2x4" methodname="Test" classname="NUnit.Framework.Attributes.PairwiseTest" runstate="Runnable" seed="1020016687" result="Passed" start-time="2016-02-19 11:52:44Z" end-time="2016-02-19 11:52:44Z" duration="0.005650" asserts="2" />
              <test-case id="0-2516" name="Test 2x2x2" fullname="NUnit.Framework.Attributes.PairwiseTest.Test 2x2x2" methodname="Test" classname="NUnit.Framework.Attributes.PairwiseTest" runstate="Runnable" seed="1402132489" result="Passed" start-time="2016-02-19 11:52:44Z" end-time="2016-02-19 11:52:44Z" duration="0.000213" asserts="2" />
              <test-case id="0-2517" name="Test 3x2x2" fullname="NUnit.Framework.Attributes.PairwiseTest.Test 3x2x2" methodname="Test" classname="NUnit.Framework.Attributes.PairwiseTest" runstate="Runnable" seed="706267646" result="Passed" start-time="2016-02-19 11:52:44Z" end-time="2016-02-19 11:52:44Z" duration="0.000217" asserts="2" />
              <test-case id="0-2518" name="Test 3x2x2x2" fullname="NUnit.Framework.Attributes.PairwiseTest.Test 3x2x2x2" methodname="Test" classname="NUnit.Framework.Attributes.PairwiseTest" runstate="Runnable" seed="876083498" result="Passed" start-time="2016-02-19 11:52:44Z" end-time="2016-02-19 11:52:44Z" duration="0.000518" asserts="2" />
              <test-case id="0-2519" name="Test 3x2x2x2x2" fullname="NUnit.Framework.Attributes.PairwiseTest.Test 3x2x2x2x2" methodname="Test" classname="NUnit.Framework.Attributes.PairwiseTest" runstate="Runnable" seed="588994619" result="Passed" start-time="2016-02-19 11:52:44Z" end-time="2016-02-19 11:52:44Z" duration="0.000414" asserts="2" />
              <test-case id="0-2520" name="Test 3x2x2x2x2x2" fullname="NUnit.Framework.Attributes.PairwiseTest.Test 3x2x2x2x2x2" methodname="Test" classname="NUnit.Framework.Attributes.PairwiseTest" runstate="Runnable" seed="1823039228" result="Passed" start-time="2016-02-19 11:52:44Z" end-time="2016-02-19 11:52:44Z" duration="0.000477" asserts="2" />
              <test-case id="0-2521" name="Test 3x3x3" fullname="NUnit.Framework.Attributes.PairwiseTest.Test 3x3x3" methodname="Test" classname="NUnit.Framework.Attributes.PairwiseTest" runstate="Runnable" seed="1990692743" result="Passed" start-time="2016-02-19 11:52:44Z" end-time="2016-02-19 11:52:44Z" duration="0.000244" asserts="2" />
              <test-case id="0-2522" name="Test 4x4x4" fullname="NUnit.Framework.Attributes.PairwiseTest.Test 4x4x4" methodname="Test" classname="NUnit.Framework.Attributes.PairwiseTest" runstate="Runnable" seed="1697217442" result="Passed" start-time="2016-02-19 11:52:44Z" end-time="2016-02-19 11:52:44Z" duration="0.000385" asserts="2" />
              <test-case id="0-2523" name="Test 5x5x5" fullname="NUnit.Framework.Attributes.PairwiseTest.Test 5x5x5" methodname="Test" classname="NUnit.Framework.Attributes.PairwiseTest" runstate="Runnable" seed="1773104748" result="Passed" start-time="2016-02-19 11:52:44Z" end-time="2016-02-19 11:52:44Z" duration="0.000614" asserts="2" />
            </test-suite>
          </test-suite>
          <test-suite type="TestFixture" id="0-4904" name="PairwiseTest+LiveTest" fullname="NUnit.Framework.Attributes.PairwiseTest+LiveTest" classname="NUnit.Framework.Attributes.PairwiseTest+LiveTest" runstate="Runnable" testcasecount="6" result="Passed" start-time="2016-02-19 11:52:44Z" end-time="2016-02-19 11:52:44Z" duration="0.004700" total="6" passed="6" failed="0" inconclusive="0" skipped="0" asserts="1">
            <test-suite type="ParameterizedMethod" id="0-4911" name="Test" fullname="NUnit.Framework.Attributes.PairwiseTest+LiveTest.Test" runstate="Runnable" testcasecount="6" result="Passed" start-time="2016-02-19 11:52:44Z" end-time="2016-02-19 11:52:44Z" duration="0.003257" total="6" passed="6" failed="0" inconclusive="0" skipped="0" asserts="0">
              <properties>
                <property name="_JOINTYPE" value="Pairwise" />
              </properties>
              <test-case id="0-4905" name="Test(&quot;a&quot;,&quot;+&quot;,&quot;y&quot;)" fullname="NUnit.Framework.Attributes.PairwiseTest+LiveTest.Test(&quot;a&quot;,&quot;+&quot;,&quot;y&quot;)" methodname="Test" classname="NUnit.Framework.Attributes.PairwiseTest+LiveTest" runstate="Runnable" seed="1045716242" result="Passed" start-time="2016-02-19 11:52:44Z" end-time="2016-02-19 11:52:44Z" duration="0.000575" asserts="0" />
              <test-case id="0-4906" name="Test(&quot;a&quot;,&quot;-&quot;,&quot;x&quot;)" fullname="NUnit.Framework.Attributes.PairwiseTest+LiveTest.Test(&quot;a&quot;,&quot;-&quot;,&quot;x&quot;)" methodname="Test" classname="NUnit.Framework.Attributes.PairwiseTest+LiveTest" runstate="Runnable" seed="1825790696" result="Passed" start-time="2016-02-19 11:52:44Z" end-time="2016-02-19 11:52:44Z" duration="0.000108" asserts="0" />
              <test-case id="0-4907" name="Test(&quot;b&quot;,&quot;-&quot;,&quot;y&quot;)" fullname="NUnit.Framework.Attributes.PairwiseTest+LiveTest.Test(&quot;b&quot;,&quot;-&quot;,&quot;y&quot;)" methodname="Test" classname="NUnit.Framework.Attributes.PairwiseTest+LiveTest" runstate="Runnable" seed="2127073534" result="Passed" start-time="2016-02-19 11:52:44Z" end-time="2016-02-19 11:52:44Z" duration="0.000054" asserts="0" />
              <test-case id="0-4908" name="Test(&quot;b&quot;,&quot;+&quot;,&quot;x&quot;)" fullname="NUnit.Framework.Attributes.PairwiseTest+LiveTest.Test(&quot;b&quot;,&quot;+&quot;,&quot;x&quot;)" methodname="Test" classname="NUnit.Framework.Attributes.PairwiseTest+LiveTest" runstate="Runnable" seed="1466756352" result="Passed" start-time="2016-02-19 11:52:44Z" end-time="2016-02-19 11:52:44Z" duration="0.000058" asserts="0" />
              <test-case id="0-4909" name="Test(&quot;c&quot;,&quot;-&quot;,&quot;x&quot;)" fullname="NUnit.Framework.Attributes.PairwiseTest+LiveTest.Test(&quot;c&quot;,&quot;-&quot;,&quot;x&quot;)" methodname="Test" classname="NUnit.Framework.Attributes.PairwiseTest+LiveTest" runstate="Runnable" seed="98872059" result="Passed" start-time="2016-02-19 11:52:44Z" end-time="2016-02-19 11:52:44Z" duration="0.000053" asserts="0" />
              <test-case id="0-4910" name="Test(&quot;c&quot;,&quot;+&quot;,&quot;y&quot;)" fullname="NUnit.Framework.Attributes.PairwiseTest+LiveTest.Test(&quot;c&quot;,&quot;+&quot;,&quot;y&quot;)" methodname="Test" classname="NUnit.Framework.Attributes.PairwiseTest+LiveTest" runstate="Runnable" seed="1550755921" result="Passed" start-time="2016-02-19 11:52:44Z" end-time="2016-02-19 11:52:44Z" duration="0.000067" asserts="0" />
            </test-suite>
          </test-suite>
          <test-suite type="ParameterizedFixture" id="0-2534" name="ParameterizedTestFixture" fullname="NUnit.Framework.Attributes.ParameterizedTestFixture" runstate="Runnable" testcasecount="6" result="Passed" start-time="2016-02-19 11:52:43Z" end-time="2016-02-19 11:52:44Z" duration="1.075805" total="6" passed="6" failed="0" inconclusive="0" skipped="0" asserts="11">
            <test-suite type="TestFixture" id="0-2525" name="ParameterizedTestFixture(&quot;hello&quot;,&quot;hello&quot;,&quot;goodbye&quot;)" fullname="NUnit.Framework.Attributes.ParameterizedTestFixture(&quot;hello&quot;,&quot;hello&quot;,&quot;goodbye&quot;)" classname="NUnit.Framework.Attributes.ParameterizedTestFixture" runstate="Runnable" testcasecount="2" result="Passed" start-time="2016-02-19 11:52:44Z" end-time="2016-02-19 11:52:44Z" duration="0.002586" total="2" passed="2" failed="0" inconclusive="0" skipped="0" asserts="4">
              <test-case id="0-2526" name="TestEquality" fullname="NUnit.Framework.Attributes.ParameterizedTestFixture(&quot;hello&quot;,&quot;hello&quot;,&quot;goodbye&quot;).TestEquality" methodname="TestEquality" classname="NUnit.Framework.Attributes.ParameterizedTestFixture" runstate="Runnable" seed="1003539386" result="Passed" start-time="2016-02-19 11:52:44Z" end-time="2016-02-19 11:52:44Z" duration="0.000919" asserts="2" />
              <test-case id="0-2527" name="TestInequality" fullname="NUnit.Framework.Attributes.ParameterizedTestFixture(&quot;hello&quot;,&quot;hello&quot;,&quot;goodbye&quot;).TestInequality" methodname="TestInequality" classname="NUnit.Framework.Attributes.ParameterizedTestFixture" runstate="Runnable" seed="1639026108" result="Passed" start-time="2016-02-19 11:52:44Z" end-time="2016-02-19 11:52:44Z" duration="0.000508" asserts="2" />
            </test-suite>
            <test-suite type="TestFixture" id="0-2528" name="ParameterizedTestFixture(&quot;zip&quot;,&quot;zip&quot;)" fullname="NUnit.Framework.Attributes.ParameterizedTestFixture(&quot;zip&quot;,&quot;zip&quot;)" classname="NUnit.Framework.Attributes.ParameterizedTestFixture" runstate="Runnable" testcasecount="2" result="Passed" start-time="2016-02-19 11:52:44Z" end-time="2016-02-19 11:52:44Z" duration="0.000582" total="2" passed="2" failed="0" inconclusive="0" skipped="0" asserts="3">
              <test-case id="0-2529" name="TestEquality" fullname="NUnit.Framework.Attributes.ParameterizedTestFixture(&quot;zip&quot;,&quot;zip&quot;).TestEquality" methodname="TestEquality" classname="NUnit.Framework.Attributes.ParameterizedTestFixture" runstate="Runnable" seed="1594359198" result="Passed" start-time="2016-02-19 11:52:44Z" end-time="2016-02-19 11:52:44Z" duration="0.000053" asserts="2" />
              <test-case id="0-2530" name="TestInequality" fullname="NUnit.Framework.Attributes.ParameterizedTestFixture(&quot;zip&quot;,&quot;zip&quot;).TestInequality" methodname="TestInequality" classname="NUnit.Framework.Attributes.ParameterizedTestFixture" runstate="Runnable" seed="918028212" result="Passed" start-time="2016-02-19 11:52:44Z" end-time="2016-02-19 11:52:44Z" duration="0.000042" asserts="1" />
            </test-suite>
            <test-suite type="TestFixture" id="0-2531" name="ParameterizedTestFixture(42,42,99)" fullname="NUnit.Framework.Attributes.ParameterizedTestFixture(42,42,99)" classname="NUnit.Framework.Attributes.ParameterizedTestFixture" runstate="Runnable" testcasecount="2" result="Passed" start-time="2016-02-19 11:52:44Z" end-time="2016-02-19 11:52:44Z" duration="0.001772" total="2" passed="2" failed="0" inconclusive="0" skipped="0" asserts="4">
              <test-case id="0-2532" name="TestEquality" fullname="NUnit.Framework.Attributes.ParameterizedTestFixture(42,42,99).TestEquality" methodname="TestEquality" classname="NUnit.Framework.Attributes.ParameterizedTestFixture" runstate="Runnable" seed="1013562093" result="Passed" start-time="2016-02-19 11:52:44Z" end-time="2016-02-19 11:52:44Z" duration="0.000051" asserts="2" />
              <test-case id="0-2533" name="TestInequality" fullname="NUnit.Framework.Attributes.ParameterizedTestFixture(42,42,99).TestInequality" methodname="TestInequality" classname="NUnit.Framework.Attributes.ParameterizedTestFixture" runstate="Runnable" seed="1783421565" result="Passed" start-time="2016-02-19 11:52:44Z" end-time="2016-02-19 11:52:44Z" duration="0.001092" asserts="2" />
            </test-suite>
          </test-suite>
          <test-suite type="TestFixture" id="0-2535" name="ParameterizedTestFixtureNamingTests" fullname="NUnit.Framework.Attributes.ParameterizedTestFixtureNamingTests" classname="NUnit.Framework.Attributes.ParameterizedTestFixtureNamingTests" runstate="Runnable" testcasecount="5" result="Passed" start-time="2016-02-19 11:52:44Z" end-time="2016-02-19 11:52:45Z" duration="0.013422" total="5" passed="5" failed="0" inconclusive="0" skipped="0" asserts="10">
            <test-case id="0-2538" name="FixtureInstancesAreNamedCorrectly" fullname="NUnit.Framework.Attributes.ParameterizedTestFixtureNamingTests.FixtureInstancesAreNamedCorrectly" methodname="FixtureInstancesAreNamedCorrectly" classname="NUnit.Framework.Attributes.ParameterizedTestFixtureNamingTests" runstate="Runnable" seed="1920932187" result="Passed" start-time="2016-02-19 11:52:44Z" end-time="2016-02-19 11:52:44Z" duration="0.002878" asserts="2" />
            <test-case id="0-2539" name="MethodWithoutParamsIsNamedCorrectly" fullname="NUnit.Framework.Attributes.ParameterizedTestFixtureNamingTests.MethodWithoutParamsIsNamedCorrectly" methodname="MethodWithoutParamsIsNamedCorrectly" classname="NUnit.Framework.Attributes.ParameterizedTestFixtureNamingTests" runstate="Runnable" seed="1643951426" result="Passed" start-time="2016-02-19 11:52:44Z" end-time="2016-02-19 11:52:44Z" duration="0.003079" asserts="2" />
            <test-case id="0-2540" name="MethodWithParamsIsNamedCorrectly" fullname="NUnit.Framework.Attributes.ParameterizedTestFixtureNamingTests.MethodWithParamsIsNamedCorrectly" methodname="MethodWithParamsIsNamedCorrectly" classname="NUnit.Framework.Attributes.ParameterizedTestFixtureNamingTests" runstate="Runnable" seed="230548804" result="Passed" start-time="2016-02-19 11:52:44Z" end-time="2016-02-19 11:52:45Z" duration="0.003763" asserts="3" />
            <test-case id="0-2537" name="SuiteHasCorrectNumberOfInstances" fullname="NUnit.Framework.Attributes.ParameterizedTestFixtureNamingTests.SuiteHasCorrectNumberOfInstances" methodname="SuiteHasCorrectNumberOfInstances" classname="NUnit.Framework.Attributes.ParameterizedTestFixtureNamingTests" runstate="Runnable" seed="1218884428" result="Passed" start-time="2016-02-19 11:52:45Z" end-time="2016-02-19 11:52:45Z" duration="0.001343" asserts="1" />
            <test-case id="0-2536" name="TopLevelSuiteIsNamedCorrectly" fullname="NUnit.Framework.Attributes.ParameterizedTestFixtureNamingTests.TopLevelSuiteIsNamedCorrectly" methodname="TopLevelSuiteIsNamedCorrectly" classname="NUnit.Framework.Attributes.ParameterizedTestFixtureNamingTests" runstate="Runnable" seed="954519945" result="Passed" start-time="2016-02-19 11:52:45Z" end-time="2016-02-19 11:52:45Z" duration="0.001416" asserts="2" />
          </test-suite>
          <test-suite type="TestFixture" id="0-2541" name="ParameterizedTestFixtureTests" fullname="NUnit.Framework.Attributes.ParameterizedTestFixtureTests" classname="NUnit.Framework.Attributes.ParameterizedTestFixtureTests" runstate="Runnable" testcasecount="2" result="Passed" start-time="2016-02-19 11:52:45Z" end-time="2016-02-19 11:52:45Z" duration="0.002648" total="2" passed="2" failed="0" inconclusive="0" skipped="0" asserts="2">
            <test-case id="0-2542" name="CanSpecifyCategory" fullname="NUnit.Framework.Attributes.ParameterizedTestFixtureTests.CanSpecifyCategory" methodname="CanSpecifyCategory" classname="NUnit.Framework.Attributes.ParameterizedTestFixtureTests" runstate="Runnable" seed="2101160336" result="Passed" start-time="2016-02-19 11:52:45Z" end-time="2016-02-19 11:52:45Z" duration="0.001345" asserts="1" />
            <test-case id="0-2543" name="CanSpecifyMultipleCategories" fullname="NUnit.Framework.Attributes.ParameterizedTestFixtureTests.CanSpecifyMultipleCategories" methodname="CanSpecifyMultipleCategories" classname="NUnit.Framework.Attributes.ParameterizedTestFixtureTests" runstate="Runnable" seed="1380576034" result="Passed" start-time="2016-02-19 11:52:45Z" end-time="2016-02-19 11:52:45Z" duration="0.000873" asserts="1" />
          </test-suite>
          <test-suite type="ParameterizedFixture" id="0-2548" name="ParameterizedTestFixtureWithTypeAsArgument" fullname="NUnit.Framework.Attributes.ParameterizedTestFixtureWithTypeAsArgument" runstate="Runnable" testcasecount="2" result="Passed" start-time="2016-02-19 11:52:43Z" end-time="2016-02-19 11:52:45Z" duration="1.092894" total="2" passed="2" failed="0" inconclusive="0" skipped="0" asserts="2">
            <test-suite type="TestFixture" id="0-2544" name="ParameterizedTestFixtureWithTypeAsArgument(System.Int32)" fullname="NUnit.Framework.Attributes.ParameterizedTestFixtureWithTypeAsArgument(System.Int32)" classname="NUnit.Framework.Attributes.ParameterizedTestFixtureWithTypeAsArgument" runstate="Runnable" testcasecount="1" result="Passed" start-time="2016-02-19 11:52:45Z" end-time="2016-02-19 11:52:45Z" duration="0.000845" total="1" passed="1" failed="0" inconclusive="0" skipped="0" asserts="1">
              <test-case id="0-2545" name="MakeSureTypeIsInSystemNamespace" fullname="NUnit.Framework.Attributes.ParameterizedTestFixtureWithTypeAsArgument(System.Int32).MakeSureTypeIsInSystemNamespace" methodname="MakeSureTypeIsInSystemNamespace" classname="NUnit.Framework.Attributes.ParameterizedTestFixtureWithTypeAsArgument" runstate="Runnable" seed="1732276607" result="Passed" start-time="2016-02-19 11:52:45Z" end-time="2016-02-19 11:52:45Z" duration="0.000460" asserts="1" />
            </test-suite>
            <test-suite type="TestFixture" id="0-2546" name="ParameterizedTestFixtureWithTypeAsArgument(System.String)" fullname="NUnit.Framework.Attributes.ParameterizedTestFixtureWithTypeAsArgument(System.String)" classname="NUnit.Framework.Attributes.ParameterizedTestFixtureWithTypeAsArgument" runstate="Runnable" testcasecount="1" result="Passed" start-time="2016-02-19 11:52:45Z" end-time="2016-02-19 11:52:45Z" duration="0.000275" total="1" passed="1" failed="0" inconclusive="0" skipped="0" asserts="1">
              <test-case id="0-2547" name="MakeSureTypeIsInSystemNamespace" fullname="NUnit.Framework.Attributes.ParameterizedTestFixtureWithTypeAsArgument(System.String).MakeSureTypeIsInSystemNamespace" methodname="MakeSureTypeIsInSystemNamespace" classname="NUnit.Framework.Attributes.ParameterizedTestFixtureWithTypeAsArgument" runstate="Runnable" seed="1434770105" result="Passed" start-time="2016-02-19 11:52:45Z" end-time="2016-02-19 11:52:45Z" duration="0.000055" asserts="1" />
            </test-suite>
          </test-suite>
          <test-suite type="TestFixture" id="0-2549" name="PropertyAttributeTests" fullname="NUnit.Framework.Attributes.PropertyAttributeTests" classname="NUnit.Framework.Attributes.PropertyAttributeTests" runstate="Runnable" testcasecount="5" result="Passed" start-time="2016-02-19 11:52:45Z" end-time="2016-02-19 11:52:45Z" duration="0.009477" total="5" passed="5" failed="0" inconclusive="0" skipped="0" asserts="6">
            <test-case id="0-2553" name="CanDeriveFromPropertyAttribute" fullname="NUnit.Framework.Attributes.PropertyAttributeTests.CanDeriveFromPropertyAttribute" methodname="CanDeriveFromPropertyAttribute" classname="NUnit.Framework.Attributes.PropertyAttributeTests" runstate="Runnable" seed="2091193240" result="Passed" start-time="2016-02-19 11:52:45Z" end-time="2016-02-19 11:52:45Z" duration="0.002821" asserts="1" />
            <test-case id="0-2554" name="CustomPropertyAttribute" fullname="NUnit.Framework.Attributes.PropertyAttributeTests.CustomPropertyAttribute" methodname="CustomPropertyAttribute" classname="NUnit.Framework.Attributes.PropertyAttributeTests" runstate="Runnable" seed="581468191" result="Passed" start-time="2016-02-19 11:52:45Z" end-time="2016-02-19 11:52:45Z" duration="0.002137" asserts="1" />
            <test-case id="0-2551" name="PropertiesWithNumericValues" fullname="NUnit.Framework.Attributes.PropertyAttributeTests.PropertiesWithNumericValues" methodname="PropertiesWithNumericValues" classname="NUnit.Framework.Attributes.PropertyAttributeTests" runstate="Runnable" seed="1275863458" result="Passed" start-time="2016-02-19 11:52:45Z" end-time="2016-02-19 11:52:45Z" duration="0.001123" asserts="2" />
            <test-case id="0-2550" name="PropertyWithStringValue" fullname="NUnit.Framework.Attributes.PropertyAttributeTests.PropertyWithStringValue" methodname="PropertyWithStringValue" classname="NUnit.Framework.Attributes.PropertyAttributeTests" runstate="Runnable" seed="1039005861" result="Passed" start-time="2016-02-19 11:52:45Z" end-time="2016-02-19 11:52:45Z" duration="0.001416" asserts="1" />
            <test-case id="0-2552" name="PropertyWorksOnFixtures" fullname="NUnit.Framework.Attributes.PropertyAttributeTests.PropertyWorksOnFixtures" methodname="PropertyWorksOnFixtures" classname="NUnit.Framework.Attributes.PropertyAttributeTests" runstate="Runnable" seed="758116704" result="Passed" start-time="2016-02-19 11:52:45Z" end-time="2016-02-19 11:52:45Z" duration="0.001137" asserts="1" />
          </test-suite>
          <test-suite type="TestFixture" id="0-2486" name="OneTimeSetupTearDownTest" fullname="NUnit.Framework.Attributes.OneTimeSetupTearDownTest" classname="NUnit.Framework.Attributes.OneTimeSetupTearDownTest" runstate="Runnable" testcasecount="24" result="Passed" start-time="2016-02-19 11:52:44Z" end-time="2016-02-19 11:52:45Z" duration="0.212058" total="24" passed="24" failed="0" inconclusive="0" skipped="0" asserts="0">
            <test-case id="0-2495" name="BaseSetUpCalledFirstAndTearDownCalledLast" fullname="NUnit.Framework.Attributes.OneTimeSetupTearDownTest.BaseSetUpCalledFirstAndTearDownCalledLast" methodname="BaseSetUpCalledFirstAndTearDownCalledLast" classname="NUnit.Framework.Attributes.OneTimeSetupTearDownTest" runstate="Runnable" seed="1961075467" result="Passed" start-time="2016-02-19 11:52:44Z" end-time="2016-02-19 11:52:44Z" duration="0.033351" asserts="0" />
            <test-case id="0-2491" name="CheckInheritedSetUpAndTearDownAreCalled" fullname="NUnit.Framework.Attributes.OneTimeSetupTearDownTest.CheckInheritedSetUpAndTearDownAreCalled" methodname="CheckInheritedSetUpAndTearDownAreCalled" classname="NUnit.Framework.Attributes.OneTimeSetupTearDownTest" runstate="Runnable" seed="1495193619" result="Passed" start-time="2016-02-19 11:52:44Z" end-time="2016-02-19 11:52:44Z" duration="0.002753" asserts="0" />
            <test-case id="0-2509" name="DisposeCalledOnceWhenFixtureImplementsIDisposable" fullname="NUnit.Framework.Attributes.OneTimeSetupTearDownTest.DisposeCalledOnceWhenFixtureImplementsIDisposable" methodname="DisposeCalledOnceWhenFixtureImplementsIDisposable" classname="NUnit.Framework.Attributes.OneTimeSetupTearDownTest" runstate="Runnable" seed="900186363" result="Passed" start-time="2016-02-19 11:52:44Z" end-time="2016-02-19 11:52:44Z" duration="0.011169" asserts="0" />
            <test-case id="0-2510" name="DisposeCalledOnceWhenFixtureImplementsIDisposableAndHasTestCases" fullname="NUnit.Framework.Attributes.OneTimeSetupTearDownTest.DisposeCalledOnceWhenFixtureImplementsIDisposableAndHasTestCases" methodname="DisposeCalledOnceWhenFixtureImplementsIDisposableAndHasTestCases" classname="NUnit.Framework.Attributes.OneTimeSetupTearDownTest" runstate="Runnable" seed="1494181555" result="Passed" start-time="2016-02-19 11:52:44Z" end-time="2016-02-19 11:52:44Z" duration="0.015629" asserts="0" />
            <test-case id="0-2496" name="FailedBaseSetUpCausesDerivedSetUpAndTeardownToBeSkipped" fullname="NUnit.Framework.Attributes.OneTimeSetupTearDownTest.FailedBaseSetUpCausesDerivedSetUpAndTeardownToBeSkipped" methodname="FailedBaseSetUpCausesDerivedSetUpAndTeardownToBeSkipped" classname="NUnit.Framework.Attributes.OneTimeSetupTearDownTest" runstate="Runnable" seed="1606238709" result="Passed" start-time="2016-02-19 11:52:44Z" end-time="2016-02-19 11:52:44Z" duration="0.004699" asserts="0" />
            <test-case id="0-2508" name="FixtureWithNoTestsShouldNotCallFixtureSetUpOrTearDown" fullname="NUnit.Framework.Attributes.OneTimeSetupTearDownTest.FixtureWithNoTestsShouldNotCallFixtureSetUpOrTearDown" methodname="FixtureWithNoTestsShouldNotCallFixtureSetUpOrTearDown" classname="NUnit.Framework.Attributes.OneTimeSetupTearDownTest" runstate="Runnable" seed="1763068806" result="Passed" start-time="2016-02-19 11:52:44Z" end-time="2016-02-19 11:52:44Z" duration="0.001220" asserts="0" />
            <test-case id="0-2498" name="HandleErrorInFixtureSetup" fullname="NUnit.Framework.Attributes.OneTimeSetupTearDownTest.HandleErrorInFixtureSetup" methodname="HandleErrorInFixtureSetup" classname="NUnit.Framework.Attributes.OneTimeSetupTearDownTest" runstate="Runnable" seed="539594517" result="Passed" start-time="2016-02-19 11:52:44Z" end-time="2016-02-19 11:52:44Z" duration="0.004372" asserts="0" />
            <test-case id="0-2501" name="HandleErrorInFixtureTearDown" fullname="NUnit.Framework.Attributes.OneTimeSetupTearDownTest.HandleErrorInFixtureTearDown" methodname="HandleErrorInFixtureTearDown" classname="NUnit.Framework.Attributes.OneTimeSetupTearDownTest" runstate="Runnable" seed="38929663" result="Passed" start-time="2016-02-19 11:52:44Z" end-time="2016-02-19 11:52:44Z" duration="0.020785" asserts="0" />
            <test-case id="0-2503" name="HandleErrorInFixtureTearDownAfterErrorInFixtureSetUp" fullname="NUnit.Framework.Attributes.OneTimeSetupTearDownTest.HandleErrorInFixtureTearDownAfterErrorInFixtureSetUp" methodname="HandleErrorInFixtureTearDownAfterErrorInFixtureSetUp" classname="NUnit.Framework.Attributes.OneTimeSetupTearDownTest" runstate="Runnable" seed="818989305" result="Passed" start-time="2016-02-19 11:52:44Z" end-time="2016-02-19 11:52:44Z" duration="0.003649" asserts="0" />
            <test-case id="0-2502" name="HandleErrorInFixtureTearDownAfterErrorInTest" fullname="NUnit.Framework.Attributes.OneTimeSetupTearDownTest.HandleErrorInFixtureTearDownAfterErrorInTest" methodname="HandleErrorInFixtureTearDownAfterErrorInTest" classname="NUnit.Framework.Attributes.OneTimeSetupTearDownTest" runstate="Runnable" seed="2006420883" result="Passed" start-time="2016-02-19 11:52:44Z" end-time="2016-02-19 11:52:44Z" duration="0.014431" asserts="0" />
            <test-case id="0-2504" name="HandleExceptionInFixtureConstructor" fullname="NUnit.Framework.Attributes.OneTimeSetupTearDownTest.HandleExceptionInFixtureConstructor" methodname="HandleExceptionInFixtureConstructor" classname="NUnit.Framework.Attributes.OneTimeSetupTearDownTest" runstate="Runnable" seed="2049765100" result="Passed" start-time="2016-02-19 11:52:44Z" end-time="2016-02-19 11:52:44Z" duration="0.004684" asserts="0" />
            <test-case id="0-2500" name="HandleIgnoreInFixtureSetup" fullname="NUnit.Framework.Attributes.OneTimeSetupTearDownTest.HandleIgnoreInFixtureSetup" methodname="HandleIgnoreInFixtureSetup" classname="NUnit.Framework.Attributes.OneTimeSetupTearDownTest" runstate="Runnable" seed="2132301999" result="Passed" start-time="2016-02-19 11:52:44Z" end-time="2016-02-19 11:52:44Z" duration="0.003303" asserts="0" />
            <test-case id="0-2506" name="HandleSetUpAndTearDownWithTestInName" fullname="NUnit.Framework.Attributes.OneTimeSetupTearDownTest.HandleSetUpAndTearDownWithTestInName" methodname="HandleSetUpAndTearDownWithTestInName" classname="NUnit.Framework.Attributes.OneTimeSetupTearDownTest" runstate="Runnable" seed="836705448" result="Passed" start-time="2016-02-19 11:52:44Z" end-time="2016-02-19 11:52:44Z" duration="0.003710" asserts="0" />
            <test-case id="0-2507" name="IgnoredFixtureShouldNotCallFixtureSetUpOrTearDown" fullname="NUnit.Framework.Attributes.OneTimeSetupTearDownTest.IgnoredFixtureShouldNotCallFixtureSetUpOrTearDown" methodname="IgnoredFixtureShouldNotCallFixtureSetUpOrTearDown" classname="NUnit.Framework.Attributes.OneTimeSetupTearDownTest" runstate="Runnable" seed="1641848445" result="Passed" start-time="2016-02-19 11:52:44Z" end-time="2016-02-19 11:52:44Z" duration="0.004250" asserts="0" />
            <test-case id="0-2487" name="MakeSureSetUpAndTearDownAreCalled" fullname="NUnit.Framework.Attributes.OneTimeSetupTearDownTest.MakeSureSetUpAndTearDownAreCalled" methodname="MakeSureSetUpAndTearDownAreCalled" classname="NUnit.Framework.Attributes.OneTimeSetupTearDownTest" runstate="Runnable" seed="1474428168" result="Passed" start-time="2016-02-19 11:52:44Z" end-time="2016-02-19 11:52:44Z" duration="0.002239" asserts="0" />
            <test-case id="0-2488" name="MakeSureSetUpAndTearDownAreCalledOnFixtureWithTestCases" fullname="NUnit.Framework.Attributes.OneTimeSetupTearDownTest.MakeSureSetUpAndTearDownAreCalledOnFixtureWithTestCases" methodname="MakeSureSetUpAndTearDownAreCalledOnFixtureWithTestCases" classname="NUnit.Framework.Attributes.OneTimeSetupTearDownTest" runstate="Runnable" seed="609734740" result="Passed" start-time="2016-02-19 11:52:44Z" end-time="2016-02-19 11:52:45Z" duration="0.010027" asserts="0" />
            <test-case id="0-2489" name="MakeSureSetUpAndTearDownAreCalledOnFixtureWithTheories" fullname="NUnit.Framework.Attributes.OneTimeSetupTearDownTest.MakeSureSetUpAndTearDownAreCalledOnFixtureWithTheories" methodname="MakeSureSetUpAndTearDownAreCalledOnFixtureWithTheories" classname="NUnit.Framework.Attributes.OneTimeSetupTearDownTest" runstate="Runnable" seed="1743068053" result="Passed" start-time="2016-02-19 11:52:45Z" end-time="2016-02-19 11:52:45Z" duration="0.015583" asserts="0" />
            <test-case id="0-2490" name="MakeSureSetUpAndTearDownAreNotCalledOnExplicitFixture" fullname="NUnit.Framework.Attributes.OneTimeSetupTearDownTest.MakeSureSetUpAndTearDownAreNotCalledOnExplicitFixture" methodname="MakeSureSetUpAndTearDownAreNotCalledOnExplicitFixture" classname="NUnit.Framework.Attributes.OneTimeSetupTearDownTest" runstate="Runnable" seed="1741761449" result="Passed" start-time="2016-02-19 11:52:45Z" end-time="2016-02-19 11:52:45Z" duration="0.001508" asserts="0" />
            <test-case id="0-2494" name="OverriddenSetUpAndTearDownAreNotCalled" fullname="NUnit.Framework.Attributes.OneTimeSetupTearDownTest.OverriddenSetUpAndTearDownAreNotCalled" methodname="OverriddenSetUpAndTearDownAreNotCalled" classname="NUnit.Framework.Attributes.OneTimeSetupTearDownTest" runstate="Runnable" seed="610685157" result="Passed" start-time="2016-02-19 11:52:45Z" end-time="2016-02-19 11:52:45Z" duration="0.006221" asserts="0" />
            <test-case id="0-2499" name="RerunFixtureAfterSetUpFixed" fullname="NUnit.Framework.Attributes.OneTimeSetupTearDownTest.RerunFixtureAfterSetUpFixed" methodname="RerunFixtureAfterSetUpFixed" classname="NUnit.Framework.Attributes.OneTimeSetupTearDownTest" runstate="Runnable" seed="1163254421" result="Passed" start-time="2016-02-19 11:52:45Z" end-time="2016-02-19 11:52:45Z" duration="0.008332" asserts="0" />
            <test-case id="0-2505" name="RerunFixtureAfterTearDownFixed" fullname="NUnit.Framework.Attributes.OneTimeSetupTearDownTest.RerunFixtureAfterTearDownFixed" methodname="RerunFixtureAfterTearDownFixed" classname="NUnit.Framework.Attributes.OneTimeSetupTearDownTest" runstate="Runnable" seed="389469669" result="Passed" start-time="2016-02-19 11:52:45Z" end-time="2016-02-19 11:52:45Z" duration="0.016170" asserts="0" />
            <test-case id="0-2497" name="StaticBaseSetUpCalledFirstAndTearDownCalledLast" fullname="NUnit.Framework.Attributes.OneTimeSetupTearDownTest.StaticBaseSetUpCalledFirstAndTearDownCalledLast" methodname="StaticBaseSetUpCalledFirstAndTearDownCalledLast" classname="NUnit.Framework.Attributes.OneTimeSetupTearDownTest" runstate="Runnable" seed="1567379323" result="Passed" start-time="2016-02-19 11:52:45Z" end-time="2016-02-19 11:52:45Z" duration="0.014381" asserts="0" />
            <test-case id="0-2493" name="StaticClassSetUpAndTearDownAreCalled" fullname="NUnit.Framework.Attributes.OneTimeSetupTearDownTest.StaticClassSetUpAndTearDownAreCalled" methodname="StaticClassSetUpAndTearDownAreCalled" classname="NUnit.Framework.Attributes.OneTimeSetupTearDownTest" runstate="Runnable" seed="1950800433" result="Passed" start-time="2016-02-19 11:52:45Z" end-time="2016-02-19 11:52:45Z" duration="0.002418" asserts="0" />
            <test-case id="0-2492" name="StaticSetUpAndTearDownAreCalled" fullname="NUnit.Framework.Attributes.OneTimeSetupTearDownTest.StaticSetUpAndTearDownAreCalled" methodname="StaticSetUpAndTearDownAreCalled" classname="NUnit.Framework.Attributes.OneTimeSetupTearDownTest" runstate="Runnable" seed="1935916014" result="Passed" start-time="2016-02-19 11:52:45Z" end-time="2016-02-19 11:52:45Z" duration="0.003628" asserts="0" />
          </test-suite>
          <test-suite type="TestFixture" id="0-2585" name="RangeAttributeTests" fullname="NUnit.Framework.Attributes.RangeAttributeTests" classname="NUnit.Framework.Attributes.RangeAttributeTests" runstate="Runnable" testcasecount="43" result="Passed" start-time="2016-02-19 11:52:45Z" end-time="2016-02-19 11:52:45Z" duration="0.074528" total="43" passed="43" failed="0" inconclusive="0" skipped="0" asserts="43">
            <test-case id="0-2628" name="CanConvertDoubleRangeToDecimal" fullname="NUnit.Framework.Attributes.RangeAttributeTests.CanConvertDoubleRangeToDecimal" methodname="CanConvertDoubleRangeToDecimal" classname="NUnit.Framework.Attributes.RangeAttributeTests" runstate="Runnable" seed="458630178" result="Passed" start-time="2016-02-19 11:52:45Z" end-time="2016-02-19 11:52:45Z" duration="0.001882" asserts="1" />
            <test-case id="0-2625" name="CanConvertIntRangeToByte" fullname="NUnit.Framework.Attributes.RangeAttributeTests.CanConvertIntRangeToByte" methodname="CanConvertIntRangeToByte" classname="NUnit.Framework.Attributes.RangeAttributeTests" runstate="Runnable" seed="1127794298" result="Passed" start-time="2016-02-19 11:52:45Z" end-time="2016-02-19 11:52:45Z" duration="0.001743" asserts="1" />
            <test-case id="0-2627" name="CanConvertIntRangeToDecimal" fullname="NUnit.Framework.Attributes.RangeAttributeTests.CanConvertIntRangeToDecimal" methodname="CanConvertIntRangeToDecimal" classname="NUnit.Framework.Attributes.RangeAttributeTests" runstate="Runnable" seed="1729355595" result="Passed" start-time="2016-02-19 11:52:45Z" end-time="2016-02-19 11:52:45Z" duration="0.000916" asserts="1" />
            <test-case id="0-2626" name="CanConvertIntRangeToSByte" fullname="NUnit.Framework.Attributes.RangeAttributeTests.CanConvertIntRangeToSByte" methodname="CanConvertIntRangeToSByte" classname="NUnit.Framework.Attributes.RangeAttributeTests" runstate="Runnable" seed="644598848" result="Passed" start-time="2016-02-19 11:52:45Z" end-time="2016-02-19 11:52:45Z" duration="0.000503" asserts="1" />
            <test-case id="0-2624" name="CanConvertIntRangeToShort" fullname="NUnit.Framework.Attributes.RangeAttributeTests.CanConvertIntRangeToShort" methodname="CanConvertIntRangeToShort" classname="NUnit.Framework.Attributes.RangeAttributeTests" runstate="Runnable" seed="1041445427" result="Passed" start-time="2016-02-19 11:52:45Z" end-time="2016-02-19 11:52:45Z" duration="0.000520" asserts="1" />
            <test-case id="0-2617" name="DoubleRangeAndNegativeStep" fullname="NUnit.Framework.Attributes.RangeAttributeTests.DoubleRangeAndNegativeStep" methodname="DoubleRangeAndNegativeStep" classname="NUnit.Framework.Attributes.RangeAttributeTests" runstate="Runnable" seed="2039055238" result="Passed" start-time="2016-02-19 11:52:45Z" end-time="2016-02-19 11:52:45Z" duration="0.002588" asserts="1" />
            <test-case id="0-2618" name="DoubleRangeAndNegativeStep_Reversed" fullname="NUnit.Framework.Attributes.RangeAttributeTests.DoubleRangeAndNegativeStep_Reversed" methodname="DoubleRangeAndNegativeStep_Reversed" classname="NUnit.Framework.Attributes.RangeAttributeTests" runstate="Runnable" seed="531690226" result="Passed" start-time="2016-02-19 11:52:45Z" end-time="2016-02-19 11:52:45Z" duration="0.000533" asserts="1" />
            <test-case id="0-2614" name="DoubleRangeAndStep" fullname="NUnit.Framework.Attributes.RangeAttributeTests.DoubleRangeAndStep" methodname="DoubleRangeAndStep" classname="NUnit.Framework.Attributes.RangeAttributeTests" runstate="Runnable" seed="2067457063" result="Passed" start-time="2016-02-19 11:52:45Z" end-time="2016-02-19 11:52:45Z" duration="0.000530" asserts="1" />
            <test-case id="0-2616" name="DoubleRangeAndStep_Reversed" fullname="NUnit.Framework.Attributes.RangeAttributeTests.DoubleRangeAndStep_Reversed" methodname="DoubleRangeAndStep_Reversed" classname="NUnit.Framework.Attributes.RangeAttributeTests" runstate="Runnable" seed="1279680659" result="Passed" start-time="2016-02-19 11:52:45Z" end-time="2016-02-19 11:52:45Z" duration="0.002201" asserts="1" />
            <test-case id="0-2615" name="DoubleRangeAndZeroStep" fullname="NUnit.Framework.Attributes.RangeAttributeTests.DoubleRangeAndZeroStep" methodname="DoubleRangeAndZeroStep" classname="NUnit.Framework.Attributes.RangeAttributeTests" runstate="Runnable" seed="1379261586" result="Passed" start-time="2016-02-19 11:52:45Z" end-time="2016-02-19 11:52:45Z" duration="0.001095" asserts="1" />
            <test-case id="0-2622" name="FloatRangeAndNegativeStep" fullname="NUnit.Framework.Attributes.RangeAttributeTests.FloatRangeAndNegativeStep" methodname="FloatRangeAndNegativeStep" classname="NUnit.Framework.Attributes.RangeAttributeTests" runstate="Runnable" seed="1802971719" result="Passed" start-time="2016-02-19 11:52:45Z" end-time="2016-02-19 11:52:45Z" duration="0.002021" asserts="1" />
            <test-case id="0-2623" name="FloatRangeAndNegativeStep_Reversed" fullname="NUnit.Framework.Attributes.RangeAttributeTests.FloatRangeAndNegativeStep_Reversed" methodname="FloatRangeAndNegativeStep_Reversed" classname="NUnit.Framework.Attributes.RangeAttributeTests" runstate="Runnable" seed="94214315" result="Passed" start-time="2016-02-19 11:52:45Z" end-time="2016-02-19 11:52:45Z" duration="0.000552" asserts="1" />
            <test-case id="0-2619" name="FloatRangeAndStep" fullname="NUnit.Framework.Attributes.RangeAttributeTests.FloatRangeAndStep" methodname="FloatRangeAndStep" classname="NUnit.Framework.Attributes.RangeAttributeTests" runstate="Runnable" seed="958995557" result="Passed" start-time="2016-02-19 11:52:45Z" end-time="2016-02-19 11:52:45Z" duration="0.000552" asserts="1" />
            <test-case id="0-2621" name="FloatRangeAndStep_Reversed" fullname="NUnit.Framework.Attributes.RangeAttributeTests.FloatRangeAndStep_Reversed" methodname="FloatRangeAndStep_Reversed" classname="NUnit.Framework.Attributes.RangeAttributeTests" runstate="Runnable" seed="153079578" result="Passed" start-time="2016-02-19 11:52:45Z" end-time="2016-02-19 11:52:45Z" duration="0.001083" asserts="1" />
            <test-case id="0-2620" name="FloatRangeAndZeroStep" fullname="NUnit.Framework.Attributes.RangeAttributeTests.FloatRangeAndZeroStep" methodname="FloatRangeAndZeroStep" classname="NUnit.Framework.Attributes.RangeAttributeTests" runstate="Runnable" seed="896811268" result="Passed" start-time="2016-02-19 11:52:45Z" end-time="2016-02-19 11:52:45Z" duration="0.001202" asserts="1" />
            <test-case id="0-2586" name="IntRange" fullname="NUnit.Framework.Attributes.RangeAttributeTests.IntRange" methodname="IntRange" classname="NUnit.Framework.Attributes.RangeAttributeTests" runstate="Runnable" seed="265413813" result="Passed" start-time="2016-02-19 11:52:45Z" end-time="2016-02-19 11:52:45Z" duration="0.000809" asserts="1" />
            <test-case id="0-2588" name="IntRange_FromEqualsTo" fullname="NUnit.Framework.Attributes.RangeAttributeTests.IntRange_FromEqualsTo" methodname="IntRange_FromEqualsTo" classname="NUnit.Framework.Attributes.RangeAttributeTests" runstate="Runnable" seed="1987974679" result="Passed" start-time="2016-02-19 11:52:45Z" end-time="2016-02-19 11:52:45Z" duration="0.001534" asserts="1" />
            <test-case id="0-2587" name="IntRange_Reversed" fullname="NUnit.Framework.Attributes.RangeAttributeTests.IntRange_Reversed" methodname="IntRange_Reversed" classname="NUnit.Framework.Attributes.RangeAttributeTests" runstate="Runnable" seed="1395487668" result="Passed" start-time="2016-02-19 11:52:45Z" end-time="2016-02-19 11:52:45Z" duration="0.000620" asserts="1" />
            <test-case id="0-2592" name="IntRangeAndNegativeStep" fullname="NUnit.Framework.Attributes.RangeAttributeTests.IntRangeAndNegativeStep" methodname="IntRangeAndNegativeStep" classname="NUnit.Framework.Attributes.RangeAttributeTests" runstate="Runnable" seed="1651356785" result="Passed" start-time="2016-02-19 11:52:45Z" end-time="2016-02-19 11:52:45Z" duration="0.001066" asserts="1" />
            <test-case id="0-2593" name="IntRangeAndNegativeStep_Reversed" fullname="NUnit.Framework.Attributes.RangeAttributeTests.IntRangeAndNegativeStep_Reversed" methodname="IntRangeAndNegativeStep_Reversed" classname="NUnit.Framework.Attributes.RangeAttributeTests" runstate="Runnable" seed="1039823539" result="Passed" start-time="2016-02-19 11:52:45Z" end-time="2016-02-19 11:52:45Z" duration="0.000536" asserts="1" />
            <test-case id="0-2589" name="IntRangeAndStep" fullname="NUnit.Framework.Attributes.RangeAttributeTests.IntRangeAndStep" methodname="IntRangeAndStep" classname="NUnit.Framework.Attributes.RangeAttributeTests" runstate="Runnable" seed="1391952751" result="Passed" start-time="2016-02-19 11:52:45Z" end-time="2016-02-19 11:52:45Z" duration="0.000494" asserts="1" />
            <test-case id="0-2591" name="IntRangeAndStep_Reversed" fullname="NUnit.Framework.Attributes.RangeAttributeTests.IntRangeAndStep_Reversed" methodname="IntRangeAndStep_Reversed" classname="NUnit.Framework.Attributes.RangeAttributeTests" runstate="Runnable" seed="1683548393" result="Passed" start-time="2016-02-19 11:52:45Z" end-time="2016-02-19 11:52:45Z" duration="0.001105" asserts="1" />
            <test-case id="0-2590" name="IntRangeAndZeroStep" fullname="NUnit.Framework.Attributes.RangeAttributeTests.IntRangeAndZeroStep" methodname="IntRangeAndZeroStep" classname="NUnit.Framework.Attributes.RangeAttributeTests" runstate="Runnable" seed="1770192859" result="Passed" start-time="2016-02-19 11:52:45Z" end-time="2016-02-19 11:52:45Z" duration="0.001272" asserts="1" />
            <test-case id="0-2600" name="LongRange" fullname="NUnit.Framework.Attributes.RangeAttributeTests.LongRange" methodname="LongRange" classname="NUnit.Framework.Attributes.RangeAttributeTests" runstate="Runnable" seed="1868065462" result="Passed" start-time="2016-02-19 11:52:45Z" end-time="2016-02-19 11:52:45Z" duration="0.002571" asserts="1" />
            <test-case id="0-2602" name="LongRange_FromEqualsTo" fullname="NUnit.Framework.Attributes.RangeAttributeTests.LongRange_FromEqualsTo" methodname="LongRange_FromEqualsTo" classname="NUnit.Framework.Attributes.RangeAttributeTests" runstate="Runnable" seed="1977979439" result="Passed" start-time="2016-02-19 11:52:45Z" end-time="2016-02-19 11:52:45Z" duration="0.000415" asserts="1" />
            <test-case id="0-2601" name="LongRange_Reversed" fullname="NUnit.Framework.Attributes.RangeAttributeTests.LongRange_Reversed" methodname="LongRange_Reversed" classname="NUnit.Framework.Attributes.RangeAttributeTests" runstate="Runnable" seed="1293986779" result="Passed" start-time="2016-02-19 11:52:45Z" end-time="2016-02-19 11:52:45Z" duration="0.000623" asserts="1" />
            <test-case id="0-2606" name="LongRangeAndNegativeStep" fullname="NUnit.Framework.Attributes.RangeAttributeTests.LongRangeAndNegativeStep" methodname="LongRangeAndNegativeStep" classname="NUnit.Framework.Attributes.RangeAttributeTests" runstate="Runnable" seed="1642495438" result="Passed" start-time="2016-02-19 11:52:45Z" end-time="2016-02-19 11:52:45Z" duration="0.001203" asserts="1" />
            <test-case id="0-2607" name="LongRangeAndNegativeStep_Reversed" fullname="NUnit.Framework.Attributes.RangeAttributeTests.LongRangeAndNegativeStep_Reversed" methodname="LongRangeAndNegativeStep_Reversed" classname="NUnit.Framework.Attributes.RangeAttributeTests" runstate="Runnable" seed="2076051532" result="Passed" start-time="2016-02-19 11:52:45Z" end-time="2016-02-19 11:52:45Z" duration="0.000573" asserts="1" />
            <test-case id="0-2603" name="LongRangeAndStep" fullname="NUnit.Framework.Attributes.RangeAttributeTests.LongRangeAndStep" methodname="LongRangeAndStep" classname="NUnit.Framework.Attributes.RangeAttributeTests" runstate="Runnable" seed="850876958" result="Passed" start-time="2016-02-19 11:52:45Z" end-time="2016-02-19 11:52:45Z" duration="0.000456" asserts="1" />
            <test-case id="0-2605" name="LongRangeAndStep_Reversed" fullname="NUnit.Framework.Attributes.RangeAttributeTests.LongRangeAndStep_Reversed" methodname="LongRangeAndStep_Reversed" classname="NUnit.Framework.Attributes.RangeAttributeTests" runstate="Runnable" seed="253128862" result="Passed" start-time="2016-02-19 11:52:45Z" end-time="2016-02-19 11:52:45Z" duration="0.001000" asserts="1" />
            <test-case id="0-2604" name="LongRangeAndZeroStep" fullname="NUnit.Framework.Attributes.RangeAttributeTests.LongRangeAndZeroStep" methodname="LongRangeAndZeroStep" classname="NUnit.Framework.Attributes.RangeAttributeTests" runstate="Runnable" seed="235367980" result="Passed" start-time="2016-02-19 11:52:45Z" end-time="2016-02-19 11:52:45Z" duration="0.001052" asserts="1" />
            <test-case id="0-2594" name="UintRange" fullname="NUnit.Framework.Attributes.RangeAttributeTests.UintRange" methodname="UintRange" classname="NUnit.Framework.Attributes.RangeAttributeTests" runstate="Runnable" seed="1072325376" result="Passed" start-time="2016-02-19 11:52:45Z" end-time="2016-02-19 11:52:45Z" duration="0.002435" asserts="1" />
            <test-case id="0-2596" name="UintRange_FromEqualsTo" fullname="NUnit.Framework.Attributes.RangeAttributeTests.UintRange_FromEqualsTo" methodname="UintRange_FromEqualsTo" classname="NUnit.Framework.Attributes.RangeAttributeTests" runstate="Runnable" seed="1626800920" result="Passed" start-time="2016-02-19 11:52:45Z" end-time="2016-02-19 11:52:45Z" duration="0.000425" asserts="1" />
            <test-case id="0-2595" name="UintRange_Reversed" fullname="NUnit.Framework.Attributes.RangeAttributeTests.UintRange_Reversed" methodname="UintRange_Reversed" classname="NUnit.Framework.Attributes.RangeAttributeTests" runstate="Runnable" seed="301688140" result="Passed" start-time="2016-02-19 11:52:45Z" end-time="2016-02-19 11:52:45Z" duration="0.000984" asserts="1" />
            <test-case id="0-2597" name="UintRangeAndStep" fullname="NUnit.Framework.Attributes.RangeAttributeTests.UintRangeAndStep" methodname="UintRangeAndStep" classname="NUnit.Framework.Attributes.RangeAttributeTests" runstate="Runnable" seed="433632080" result="Passed" start-time="2016-02-19 11:52:45Z" end-time="2016-02-19 11:52:45Z" duration="0.000336" asserts="1" />
            <test-case id="0-2599" name="UintRangeAndStep_Reversed" fullname="NUnit.Framework.Attributes.RangeAttributeTests.UintRangeAndStep_Reversed" methodname="UintRangeAndStep_Reversed" classname="NUnit.Framework.Attributes.RangeAttributeTests" runstate="Runnable" seed="648497679" result="Passed" start-time="2016-02-19 11:52:45Z" end-time="2016-02-19 11:52:45Z" duration="0.000672" asserts="1" />
            <test-case id="0-2598" name="UintRangeAndZeroStep" fullname="NUnit.Framework.Attributes.RangeAttributeTests.UintRangeAndZeroStep" methodname="UintRangeAndZeroStep" classname="NUnit.Framework.Attributes.RangeAttributeTests" runstate="Runnable" seed="1058359075" result="Passed" start-time="2016-02-19 11:52:45Z" end-time="2016-02-19 11:52:45Z" duration="0.000655" asserts="1" />
            <test-case id="0-2608" name="UlongRange" fullname="NUnit.Framework.Attributes.RangeAttributeTests.UlongRange" methodname="UlongRange" classname="NUnit.Framework.Attributes.RangeAttributeTests" runstate="Runnable" seed="1819721894" result="Passed" start-time="2016-02-19 11:52:45Z" end-time="2016-02-19 11:52:45Z" duration="0.001052" asserts="1" />
            <test-case id="0-2610" name="UlongRange_FromEqualsTo" fullname="NUnit.Framework.Attributes.RangeAttributeTests.UlongRange_FromEqualsTo" methodname="UlongRange_FromEqualsTo" classname="NUnit.Framework.Attributes.RangeAttributeTests" runstate="Runnable" seed="697947962" result="Passed" start-time="2016-02-19 11:52:45Z" end-time="2016-02-19 11:52:45Z" duration="0.000420" asserts="1" />
            <test-case id="0-2609" name="UlongRange_Reversed" fullname="NUnit.Framework.Attributes.RangeAttributeTests.UlongRange_Reversed" methodname="UlongRange_Reversed" classname="NUnit.Framework.Attributes.RangeAttributeTests" runstate="Runnable" seed="1171660817" result="Passed" start-time="2016-02-19 11:52:45Z" end-time="2016-02-19 11:52:45Z" duration="0.001162" asserts="1" />
            <test-case id="0-2611" name="UlongRangeAndStep" fullname="NUnit.Framework.Attributes.RangeAttributeTests.UlongRangeAndStep" methodname="UlongRangeAndStep" classname="NUnit.Framework.Attributes.RangeAttributeTests" runstate="Runnable" seed="1553752004" result="Passed" start-time="2016-02-19 11:52:45Z" end-time="2016-02-19 11:52:45Z" duration="0.001115" asserts="1" />
            <test-case id="0-2613" name="UlongRangeAndStep_Reversed" fullname="NUnit.Framework.Attributes.RangeAttributeTests.UlongRangeAndStep_Reversed" methodname="UlongRangeAndStep_Reversed" classname="NUnit.Framework.Attributes.RangeAttributeTests" runstate="Runnable" seed="1687115624" result="Passed" start-time="2016-02-19 11:52:45Z" end-time="2016-02-19 11:52:45Z" duration="0.000751" asserts="1" />
            <test-case id="0-2612" name="UlongRangeAndZeroStep" fullname="NUnit.Framework.Attributes.RangeAttributeTests.UlongRangeAndZeroStep" methodname="UlongRangeAndZeroStep" classname="NUnit.Framework.Attributes.RangeAttributeTests" runstate="Runnable" seed="587800902" result="Passed" start-time="2016-02-19 11:52:45Z" end-time="2016-02-19 11:52:45Z" duration="0.000963" asserts="1" />
          </test-suite>
          <test-suite type="TestFixture" id="0-2643" name="RequiresThreadAttributeTests" fullname="NUnit.Framework.Attributes.RequiresThreadAttributeTests" classname="NUnit.Framework.Attributes.RequiresThreadAttributeTests" runstate="Runnable" testcasecount="4" result="Passed" start-time="2016-02-19 11:52:45Z" end-time="2016-02-19 11:52:45Z" duration="0.007625" total="4" passed="4" failed="0" inconclusive="0" skipped="0" asserts="6">
            <test-case id="0-2644" name="TestWithRequiresThreadRunsInSeparateThread" fullname="NUnit.Framework.Attributes.RequiresThreadAttributeTests.TestWithRequiresThreadRunsInSeparateThread" methodname="TestWithRequiresThreadRunsInSeparateThread" classname="NUnit.Framework.Attributes.RequiresThreadAttributeTests" runstate="Runnable" seed="1035842645" result="Passed" start-time="2016-02-19 11:52:45Z" end-time="2016-02-19 11:52:45Z" duration="0.001070" asserts="1">
              <properties>
                <property name="RequiresThread" value="True" />
              </properties>
            </test-case>
            <test-case id="0-2645" name="TestWithRequiresThreadRunsSetUpAndTestOnSameThread" fullname="NUnit.Framework.Attributes.RequiresThreadAttributeTests.TestWithRequiresThreadRunsSetUpAndTestOnSameThread" methodname="TestWithRequiresThreadRunsSetUpAndTestOnSameThread" classname="NUnit.Framework.Attributes.RequiresThreadAttributeTests" runstate="Runnable" seed="860409633" result="Passed" start-time="2016-02-19 11:52:45Z" end-time="2016-02-19 11:52:45Z" duration="0.000473" asserts="1">
              <properties>
                <property name="RequiresThread" value="True" />
              </properties>
            </test-case>
            <test-case id="0-2647" name="TestWithRequiresThreadWithMTAArgRunsOnSeparateThreadInMTA" fullname="NUnit.Framework.Attributes.RequiresThreadAttributeTests.TestWithRequiresThreadWithMTAArgRunsOnSeparateThreadInMTA" methodname="TestWithRequiresThreadWithMTAArgRunsOnSeparateThreadInMTA" classname="NUnit.Framework.Attributes.RequiresThreadAttributeTests" runstate="Runnable" seed="1702287713" result="Passed" start-time="2016-02-19 11:52:45Z" end-time="2016-02-19 11:52:45Z" duration="0.001049" asserts="2">
              <properties>
                <property name="RequiresThread" value="True" />
                <property name="ApartmentState" value="MTA" />
              </properties>
            </test-case>
            <test-case id="0-2646" name="TestWithRequiresThreadWithSTAArgRunsOnSeparateThreadInSTA" fullname="NUnit.Framework.Attributes.RequiresThreadAttributeTests.TestWithRequiresThreadWithSTAArgRunsOnSeparateThreadInSTA" methodname="TestWithRequiresThreadWithSTAArgRunsOnSeparateThreadInSTA" classname="NUnit.Framework.Attributes.RequiresThreadAttributeTests" runstate="Runnable" seed="1139591595" result="Passed" start-time="2016-02-19 11:52:45Z" end-time="2016-02-19 11:52:45Z" duration="0.002147" asserts="2">
              <properties>
                <property name="RequiresThread" value="True" />
                <property name="ApartmentState" value="STA" />
              </properties>
            </test-case>
          </test-suite>
          <test-suite type="TestFixture" id="0-4914" name="RequiresThreadAttributeTests+ChildFixtureRequiresThread" fullname="NUnit.Framework.Attributes.RequiresThreadAttributeTests+ChildFixtureRequiresThread" classname="NUnit.Framework.Attributes.RequiresThreadAttributeTests+ChildFixtureRequiresThread" runstate="Runnable" testcasecount="2" result="Passed" start-time="2016-02-19 11:52:45Z" end-time="2016-02-19 11:52:45Z" duration="0.001411" total="2" passed="2" failed="0" inconclusive="0" skipped="0" asserts="1">
            <properties>
              <property name="RequiresThread" value="True" />
            </properties>
            <test-case id="0-4915" name="RequiresThreadAttributeIsInheritable" fullname="NUnit.Framework.Attributes.RequiresThreadAttributeTests+ChildFixtureRequiresThread.RequiresThreadAttributeIsInheritable" methodname="RequiresThreadAttributeIsInheritable" classname="NUnit.Framework.Attributes.RequiresThreadAttributeTests+ChildFixtureRequiresThread" runstate="Runnable" seed="1724809442" result="Passed" start-time="2016-02-19 11:52:45Z" end-time="2016-02-19 11:52:45Z" duration="0.000722" asserts="1" />
            <test-case id="0-4916" name="RequiresThreadCanBeSetOnTestFixture" fullname="NUnit.Framework.Attributes.RequiresThreadAttributeTests+ChildFixtureRequiresThread.RequiresThreadCanBeSetOnTestFixture" methodname="RequiresThreadCanBeSetOnTestFixture" classname="NUnit.Framework.Attributes.RequiresThreadAttributeTests+ChildFixtureRequiresThread" runstate="Runnable" seed="9488963" result="Passed" start-time="2016-02-19 11:52:45Z" end-time="2016-02-19 11:52:45Z" duration="0.000120" asserts="0" />
          </test-suite>
          <test-suite type="TestFixture" id="0-4912" name="RequiresThreadAttributeTests+FixtureRequiresThread" fullname="NUnit.Framework.Attributes.RequiresThreadAttributeTests+FixtureRequiresThread" classname="NUnit.Framework.Attributes.RequiresThreadAttributeTests+FixtureRequiresThread" runstate="Runnable" testcasecount="1" result="Passed" start-time="2016-02-19 11:52:45Z" end-time="2016-02-19 11:52:45Z" duration="0.000357" total="1" passed="1" failed="0" inconclusive="0" skipped="0" asserts="0">
            <properties>
              <property name="RequiresThread" value="True" />
            </properties>
            <test-case id="0-4913" name="RequiresThreadCanBeSetOnTestFixture" fullname="NUnit.Framework.Attributes.RequiresThreadAttributeTests+FixtureRequiresThread.RequiresThreadCanBeSetOnTestFixture" methodname="RequiresThreadCanBeSetOnTestFixture" classname="NUnit.Framework.Attributes.RequiresThreadAttributeTests+FixtureRequiresThread" runstate="Runnable" seed="2128586683" result="Passed" start-time="2016-02-19 11:52:45Z" end-time="2016-02-19 11:52:45Z" duration="0.000037" asserts="0" />
          </test-suite>
          <test-suite type="TestFixture" id="0-2555" name="RandomAttributeTests" fullname="NUnit.Framework.Attributes.RandomAttributeTests" classname="NUnit.Framework.Attributes.RandomAttributeTests" runstate="Runnable" testcasecount="28" result="Passed" start-time="2016-02-19 11:52:45Z" end-time="2016-02-19 11:52:45Z" duration="0.138393" total="28" passed="28" failed="0" inconclusive="0" skipped="0" asserts="28">
            <test-suite type="ParameterizedMethod" id="0-2584" name="CheckRandomResult" fullname="NUnit.Framework.Attributes.RandomAttributeTests.CheckRandomResult" runstate="Runnable" testcasecount="28" result="Passed" start-time="2016-02-19 11:52:45Z" end-time="2016-02-19 11:52:45Z" duration="0.138179" total="28" passed="28" failed="0" inconclusive="0" skipped="0" asserts="28">
              <test-case id="0-2556" name="RandomInt" fullname="NUnit.Framework.Attributes.RandomAttributeTests.RandomInt" methodname="CheckRandomResult" classname="NUnit.Framework.Attributes.RandomAttributeTests" runstate="Runnable" seed="170015686" result="Passed" start-time="2016-02-19 11:52:45Z" end-time="2016-02-19 11:52:45Z" duration="0.006579" asserts="1" />
              <test-case id="0-2557" name="RandomInt_IntRange" fullname="NUnit.Framework.Attributes.RandomAttributeTests.RandomInt_IntRange" methodname="CheckRandomResult" classname="NUnit.Framework.Attributes.RandomAttributeTests" runstate="Runnable" seed="1606466698" result="Passed" start-time="2016-02-19 11:52:45Z" end-time="2016-02-19 11:52:45Z" duration="0.001718" asserts="1" />
              <test-case id="0-2558" name="RandomUInt" fullname="NUnit.Framework.Attributes.RandomAttributeTests.RandomUInt" methodname="CheckRandomResult" classname="NUnit.Framework.Attributes.RandomAttributeTests" runstate="Runnable" seed="2028958051" result="Passed" start-time="2016-02-19 11:52:45Z" end-time="2016-02-19 11:52:45Z" duration="0.006993" asserts="1" />
              <test-case id="0-2559" name="RandomUInt_UIntRange" fullname="NUnit.Framework.Attributes.RandomAttributeTests.RandomUInt_UIntRange" methodname="CheckRandomResult" classname="NUnit.Framework.Attributes.RandomAttributeTests" runstate="Runnable" seed="1086913826" result="Passed" start-time="2016-02-19 11:52:45Z" end-time="2016-02-19 11:52:45Z" duration="0.001930" asserts="1" />
              <test-case id="0-2560" name="RandomShort" fullname="NUnit.Framework.Attributes.RandomAttributeTests.RandomShort" methodname="CheckRandomResult" classname="NUnit.Framework.Attributes.RandomAttributeTests" runstate="Runnable" seed="1418421516" result="Passed" start-time="2016-02-19 11:52:45Z" end-time="2016-02-19 11:52:45Z" duration="0.006654" asserts="1" />
              <test-case id="0-2561" name="RandomShort_ShortRange" fullname="NUnit.Framework.Attributes.RandomAttributeTests.RandomShort_ShortRange" methodname="CheckRandomResult" classname="NUnit.Framework.Attributes.RandomAttributeTests" runstate="Runnable" seed="1847040635" result="Passed" start-time="2016-02-19 11:52:45Z" end-time="2016-02-19 11:52:45Z" duration="0.002302" asserts="1" />
              <test-case id="0-2562" name="RandomShort_IntRange" fullname="NUnit.Framework.Attributes.RandomAttributeTests.RandomShort_IntRange" methodname="CheckRandomResult" classname="NUnit.Framework.Attributes.RandomAttributeTests" runstate="Runnable" seed="570592374" result="Passed" start-time="2016-02-19 11:52:45Z" end-time="2016-02-19 11:52:45Z" duration="0.007816" asserts="1" />
              <test-case id="0-2563" name="RandomUShort" fullname="NUnit.Framework.Attributes.RandomAttributeTests.RandomUShort" methodname="CheckRandomResult" classname="NUnit.Framework.Attributes.RandomAttributeTests" runstate="Runnable" seed="1637513615" result="Passed" start-time="2016-02-19 11:52:45Z" end-time="2016-02-19 11:52:45Z" duration="0.008030" asserts="1" />
              <test-case id="0-2564" name="RandomUShort_UShortRange" fullname="NUnit.Framework.Attributes.RandomAttributeTests.RandomUShort_UShortRange" methodname="CheckRandomResult" classname="NUnit.Framework.Attributes.RandomAttributeTests" runstate="Runnable" seed="1539970503" result="Passed" start-time="2016-02-19 11:52:45Z" end-time="2016-02-19 11:52:45Z" duration="0.002627" asserts="1" />
              <test-case id="0-2565" name="RandomUShort_IntRange" fullname="NUnit.Framework.Attributes.RandomAttributeTests.RandomUShort_IntRange" methodname="CheckRandomResult" classname="NUnit.Framework.Attributes.RandomAttributeTests" runstate="Runnable" seed="709162546" result="Passed" start-time="2016-02-19 11:52:45Z" end-time="2016-02-19 11:52:45Z" duration="0.003174" asserts="1" />
              <test-case id="0-2566" name="RandomLong" fullname="NUnit.Framework.Attributes.RandomAttributeTests.RandomLong" methodname="CheckRandomResult" classname="NUnit.Framework.Attributes.RandomAttributeTests" runstate="Runnable" seed="201231748" result="Passed" start-time="2016-02-19 11:52:45Z" end-time="2016-02-19 11:52:45Z" duration="0.006141" asserts="1" />
              <test-case id="0-2567" name="RandomLong_LongRange" fullname="NUnit.Framework.Attributes.RandomAttributeTests.RandomLong_LongRange" methodname="CheckRandomResult" classname="NUnit.Framework.Attributes.RandomAttributeTests" runstate="Runnable" seed="344256372" result="Passed" start-time="2016-02-19 11:52:45Z" end-time="2016-02-19 11:52:45Z" duration="0.004711" asserts="1" />
              <test-case id="0-2568" name="RandomULong" fullname="NUnit.Framework.Attributes.RandomAttributeTests.RandomULong" methodname="CheckRandomResult" classname="NUnit.Framework.Attributes.RandomAttributeTests" runstate="Runnable" seed="782488509" result="Passed" start-time="2016-02-19 11:52:45Z" end-time="2016-02-19 11:52:45Z" duration="0.008004" asserts="1" />
              <test-case id="0-2569" name="RandomULong_ULongRange" fullname="NUnit.Framework.Attributes.RandomAttributeTests.RandomULong_ULongRange" methodname="CheckRandomResult" classname="NUnit.Framework.Attributes.RandomAttributeTests" runstate="Runnable" seed="1640867276" result="Passed" start-time="2016-02-19 11:52:45Z" end-time="2016-02-19 11:52:45Z" duration="0.002603" asserts="1" />
              <test-case id="0-2570" name="RandomDouble" fullname="NUnit.Framework.Attributes.RandomAttributeTests.RandomDouble" methodname="CheckRandomResult" classname="NUnit.Framework.Attributes.RandomAttributeTests" runstate="Runnable" seed="715761876" result="Passed" start-time="2016-02-19 11:52:45Z" end-time="2016-02-19 11:52:45Z" duration="0.001913" asserts="1" />
              <test-case id="0-2571" name="RandomDouble_DoubleRange" fullname="NUnit.Framework.Attributes.RandomAttributeTests.RandomDouble_DoubleRange" methodname="CheckRandomResult" classname="NUnit.Framework.Attributes.RandomAttributeTests" runstate="Runnable" seed="1321913152" result="Passed" start-time="2016-02-19 11:52:45Z" end-time="2016-02-19 11:52:45Z" duration="0.003894" asserts="1" />
              <test-case id="0-2572" name="RandomFloat" fullname="NUnit.Framework.Attributes.RandomAttributeTests.RandomFloat" methodname="CheckRandomResult" classname="NUnit.Framework.Attributes.RandomAttributeTests" runstate="Runnable" seed="1688673025" result="Passed" start-time="2016-02-19 11:52:45Z" end-time="2016-02-19 11:52:45Z" duration="0.005763" asserts="1" />
              <test-case id="0-2573" name="RandomFloat_FloatRange" fullname="NUnit.Framework.Attributes.RandomAttributeTests.RandomFloat_FloatRange" methodname="CheckRandomResult" classname="NUnit.Framework.Attributes.RandomAttributeTests" runstate="Runnable" seed="127825686" result="Passed" start-time="2016-02-19 11:52:45Z" end-time="2016-02-19 11:52:45Z" duration="0.003662" asserts="1" />
              <test-case id="0-2574" name="RandomEnum" fullname="NUnit.Framework.Attributes.RandomAttributeTests.RandomEnum" methodname="CheckRandomResult" classname="NUnit.Framework.Attributes.RandomAttributeTests" runstate="Runnable" seed="725202975" result="Passed" start-time="2016-02-19 11:52:45Z" end-time="2016-02-19 11:52:45Z" duration="0.006342" asserts="1" />
              <test-case id="0-2575" name="RandomDecimal" fullname="NUnit.Framework.Attributes.RandomAttributeTests.RandomDecimal" methodname="CheckRandomResult" classname="NUnit.Framework.Attributes.RandomAttributeTests" runstate="Runnable" seed="2122408385" result="Passed" start-time="2016-02-19 11:52:45Z" end-time="2016-02-19 11:52:45Z" duration="0.007041" asserts="1" />
              <test-case id="0-2576" name="RandomDecimal_IntRange" fullname="NUnit.Framework.Attributes.RandomAttributeTests.RandomDecimal_IntRange" methodname="CheckRandomResult" classname="NUnit.Framework.Attributes.RandomAttributeTests" runstate="Runnable" seed="950252862" result="Passed" start-time="2016-02-19 11:52:45Z" end-time="2016-02-19 11:52:45Z" duration="0.002692" asserts="1" />
              <test-case id="0-2577" name="RandomDecimal_DoubleRange" fullname="NUnit.Framework.Attributes.RandomAttributeTests.RandomDecimal_DoubleRange" methodname="CheckRandomResult" classname="NUnit.Framework.Attributes.RandomAttributeTests" runstate="Runnable" seed="321881248" result="Passed" start-time="2016-02-19 11:52:45Z" end-time="2016-02-19 11:52:45Z" duration="0.003901" asserts="1" />
              <test-case id="0-2578" name="RandomByte" fullname="NUnit.Framework.Attributes.RandomAttributeTests.RandomByte" methodname="CheckRandomResult" classname="NUnit.Framework.Attributes.RandomAttributeTests" runstate="Runnable" seed="951792233" result="Passed" start-time="2016-02-19 11:52:45Z" end-time="2016-02-19 11:52:45Z" duration="0.006032" asserts="1" />
              <test-case id="0-2579" name="RandomByte_ByteRange" fullname="NUnit.Framework.Attributes.RandomAttributeTests.RandomByte_ByteRange" methodname="CheckRandomResult" classname="NUnit.Framework.Attributes.RandomAttributeTests" runstate="Runnable" seed="361038646" result="Passed" start-time="2016-02-19 11:52:45Z" end-time="2016-02-19 11:52:45Z" duration="0.010667" asserts="1" />
              <test-case id="0-2580" name="RandomByte_IntRange" fullname="NUnit.Framework.Attributes.RandomAttributeTests.RandomByte_IntRange" methodname="CheckRandomResult" classname="NUnit.Framework.Attributes.RandomAttributeTests" runstate="Runnable" seed="1132397191" result="Passed" start-time="2016-02-19 11:52:45Z" end-time="2016-02-19 11:52:45Z" duration="0.002007" asserts="1" />
              <test-case id="0-2581" name="RandomSByte" fullname="NUnit.Framework.Attributes.RandomAttributeTests.RandomSByte" methodname="CheckRandomResult" classname="NUnit.Framework.Attributes.RandomAttributeTests" runstate="Runnable" seed="635540560" result="Passed" start-time="2016-02-19 11:52:45Z" end-time="2016-02-19 11:52:45Z" duration="0.007210" asserts="1" />
              <test-case id="0-2582" name="RandomSByte_SByteRange" fullname="NUnit.Framework.Attributes.RandomAttributeTests.RandomSByte_SByteRange" methodname="CheckRandomResult" classname="NUnit.Framework.Attributes.RandomAttributeTests" runstate="Runnable" seed="347264582" result="Passed" start-time="2016-02-19 11:52:45Z" end-time="2016-02-19 11:52:45Z" duration="0.002507" asserts="1" />
              <test-case id="0-2583" name="RandomSByte_IntRange" fullname="NUnit.Framework.Attributes.RandomAttributeTests.RandomSByte_IntRange" methodname="CheckRandomResult" classname="NUnit.Framework.Attributes.RandomAttributeTests" runstate="Runnable" seed="1339249" result="Passed" start-time="2016-02-19 11:52:45Z" end-time="2016-02-19 11:52:45Z" duration="0.001625" asserts="1" />
            </test-suite>
          </test-suite>
          <test-suite type="TestFixture" id="0-2662" name="SetCultureAttributeTests" fullname="NUnit.Framework.Attributes.SetCultureAttributeTests" classname="NUnit.Framework.Attributes.SetCultureAttributeTests" runstate="Runnable" testcasecount="9" result="Passed" start-time="2016-02-19 11:52:45Z" end-time="2016-02-19 11:52:45Z" duration="0.015370" total="9" passed="9" failed="0" inconclusive="0" skipped="0" asserts="17">
            <test-case id="0-2666" name="SetBothCulturesToFrench" fullname="NUnit.Framework.Attributes.SetCultureAttributeTests.SetBothCulturesToFrench" methodname="SetBothCulturesToFrench" classname="NUnit.Framework.Attributes.SetCultureAttributeTests" runstate="Runnable" seed="1125844581" result="Passed" start-time="2016-02-19 11:52:45Z" end-time="2016-02-19 11:52:45Z" duration="0.002368" asserts="2">
              <properties>
                <property name="SetCulture" value="fr-FR" />
                <property name="SetUICulture" value="fr-FR" />
              </properties>
            </test-case>
            <test-case id="0-2667" name="SetBothCulturesToFrenchCanadian" fullname="NUnit.Framework.Attributes.SetCultureAttributeTests.SetBothCulturesToFrenchCanadian" methodname="SetBothCulturesToFrenchCanadian" classname="NUnit.Framework.Attributes.SetCultureAttributeTests" runstate="Runnable" seed="265712230" result="Passed" start-time="2016-02-19 11:52:45Z" end-time="2016-02-19 11:52:45Z" duration="0.000826" asserts="2">
              <properties>
                <property name="SetCulture" value="fr-CA" />
                <property name="SetUICulture" value="fr-CA" />
              </properties>
            </test-case>
            <test-case id="0-2668" name="SetBothCulturesToRussian" fullname="NUnit.Framework.Attributes.SetCultureAttributeTests.SetBothCulturesToRussian" methodname="SetBothCulturesToRussian" classname="NUnit.Framework.Attributes.SetCultureAttributeTests" runstate="Runnable" seed="1983234032" result="Passed" start-time="2016-02-19 11:52:45Z" end-time="2016-02-19 11:52:45Z" duration="0.006150" asserts="2">
              <properties>
                <property name="SetCulture" value="ru-RU" />
                <property name="SetUICulture" value="ru-RU" />
              </properties>
            </test-case>
            <test-case id="0-2669" name="SetMixedCulturesToFrenchAndUIFrenchCanadian" fullname="NUnit.Framework.Attributes.SetCultureAttributeTests.SetMixedCulturesToFrenchAndUIFrenchCanadian" methodname="SetMixedCulturesToFrenchAndUIFrenchCanadian" classname="NUnit.Framework.Attributes.SetCultureAttributeTests" runstate="Runnable" seed="514162353" result="Passed" start-time="2016-02-19 11:52:45Z" end-time="2016-02-19 11:52:45Z" duration="0.000830" asserts="2">
              <properties>
                <property name="SetCulture" value="fr-FR" />
                <property name="SetUICulture" value="fr-CA" />
              </properties>
            </test-case>
            <test-case id="0-2670" name="SetMixedCulturesToRussianAndUIEnglishUS" fullname="NUnit.Framework.Attributes.SetCultureAttributeTests.SetMixedCulturesToRussianAndUIEnglishUS" methodname="SetMixedCulturesToRussianAndUIEnglishUS" classname="NUnit.Framework.Attributes.SetCultureAttributeTests" runstate="Runnable" seed="1636493930" result="Passed" start-time="2016-02-19 11:52:45Z" end-time="2016-02-19 11:52:45Z" duration="0.000724" asserts="2">
              <properties>
                <property name="SetCulture" value="ru-RU" />
                <property name="SetUICulture" value="en-US" />
              </properties>
            </test-case>
            <test-case id="0-2663" name="SetUICultureOnlyToFrench" fullname="NUnit.Framework.Attributes.SetCultureAttributeTests.SetUICultureOnlyToFrench" methodname="SetUICultureOnlyToFrench" classname="NUnit.Framework.Attributes.SetCultureAttributeTests" runstate="Runnable" seed="2087642903" result="Passed" start-time="2016-02-19 11:52:45Z" end-time="2016-02-19 11:52:45Z" duration="0.000768" asserts="2">
              <properties>
                <property name="SetUICulture" value="fr-FR" />
              </properties>
            </test-case>
            <test-case id="0-2664" name="SetUICultureOnlyToFrenchCanadian" fullname="NUnit.Framework.Attributes.SetCultureAttributeTests.SetUICultureOnlyToFrenchCanadian" methodname="SetUICultureOnlyToFrenchCanadian" classname="NUnit.Framework.Attributes.SetCultureAttributeTests" runstate="Runnable" seed="627575715" result="Passed" start-time="2016-02-19 11:52:45Z" end-time="2016-02-19 11:52:45Z" duration="0.000652" asserts="2">
              <properties>
                <property name="SetUICulture" value="fr-CA" />
              </properties>
            </test-case>
            <test-case id="0-2665" name="SetUICultureOnlyToRussian" fullname="NUnit.Framework.Attributes.SetCultureAttributeTests.SetUICultureOnlyToRussian" methodname="SetUICultureOnlyToRussian" classname="NUnit.Framework.Attributes.SetCultureAttributeTests" runstate="Runnable" seed="1552615041" result="Passed" start-time="2016-02-19 11:52:45Z" end-time="2016-02-19 11:52:45Z" duration="0.000440" asserts="2">
              <properties>
                <property name="SetUICulture" value="ru-RU" />
              </properties>
            </test-case>
            <test-suite type="ParameterizedMethod" id="0-2672" name="UseWithParameterizedTest" fullname="NUnit.Framework.Attributes.SetCultureAttributeTests.UseWithParameterizedTest" runstate="Runnable" testcasecount="1" result="Passed" start-time="2016-02-19 11:52:45Z" end-time="2016-02-19 11:52:45Z" duration="0.000811" total="1" passed="1" failed="0" inconclusive="0" skipped="0" asserts="1">
              <properties>
                <property name="SetCulture" value="de-DE" />
              </properties>
              <test-case id="0-2671" name="UseWithParameterizedTest()" fullname="NUnit.Framework.Attributes.SetCultureAttributeTests.UseWithParameterizedTest()" methodname="UseWithParameterizedTest" classname="NUnit.Framework.Attributes.SetCultureAttributeTests" runstate="Runnable" seed="1918886936" result="Passed" start-time="2016-02-19 11:52:45Z" end-time="2016-02-19 11:52:45Z" duration="0.000581" asserts="1" />
            </test-suite>
          </test-suite>
          <test-suite type="TestFixture" id="0-4917" name="SetCultureAttributeTests+NestedBehavior" fullname="NUnit.Framework.Attributes.SetCultureAttributeTests+NestedBehavior" classname="NUnit.Framework.Attributes.SetCultureAttributeTests+NestedBehavior" runstate="Runnable" testcasecount="2" result="Passed" start-time="2016-02-19 11:52:45Z" end-time="2016-02-19 11:52:45Z" duration="0.001124" total="2" passed="2" failed="0" inconclusive="0" skipped="0" asserts="4">
            <properties>
              <property name="SetCulture" value="ru-RU" />
              <property name="SetUICulture" value="ru-RU" />
            </properties>
            <test-case id="0-4918" name="InheritedRussian" fullname="NUnit.Framework.Attributes.SetCultureAttributeTests+NestedBehavior.InheritedRussian" methodname="InheritedRussian" classname="NUnit.Framework.Attributes.SetCultureAttributeTests+NestedBehavior" runstate="Runnable" seed="1698425244" result="Passed" start-time="2016-02-19 11:52:45Z" end-time="2016-02-19 11:52:45Z" duration="0.000427" asserts="2" />
            <test-case id="0-4919" name="InheritedRussianWithUIFrench" fullname="NUnit.Framework.Attributes.SetCultureAttributeTests+NestedBehavior.InheritedRussianWithUIFrench" methodname="InheritedRussianWithUIFrench" classname="NUnit.Framework.Attributes.SetCultureAttributeTests+NestedBehavior" runstate="Runnable" seed="204343240" result="Passed" start-time="2016-02-19 11:52:45Z" end-time="2016-02-19 11:52:45Z" duration="0.000402" asserts="2">
              <properties>
                <property name="SetUICulture" value="fr-FR" />
              </properties>
            </test-case>
          </test-suite>
          <test-suite type="TestFixture" id="0-2673" name="SetUpFixtureAttributeTests" fullname="NUnit.Framework.Attributes.SetUpFixtureAttributeTests" classname="NUnit.Framework.Attributes.SetUpFixtureAttributeTests" runstate="Runnable" testcasecount="4" result="Passed" start-time="2016-02-19 11:52:45Z" end-time="2016-02-19 11:52:45Z" duration="0.005604" total="4" passed="4" failed="0" inconclusive="0" skipped="0" asserts="4">
            <test-suite type="ParameterizedMethod" id="0-2678" name="CertainAttributesAreNotAllowed" fullname="NUnit.Framework.Attributes.SetUpFixtureAttributeTests.CertainAttributesAreNotAllowed" runstate="Runnable" testcasecount="4" result="Passed" start-time="2016-02-19 11:52:45Z" end-time="2016-02-19 11:52:45Z" duration="0.005471" total="4" passed="4" failed="0" inconclusive="0" skipped="0" asserts="4">
              <test-case id="0-2674" name="CertainAttributesAreNotAllowed(NUnit.Framework.Attributes.SetUpFixtureAttributeTests+Class1)" fullname="NUnit.Framework.Attributes.SetUpFixtureAttributeTests.CertainAttributesAreNotAllowed(NUnit.Framework.Attributes.SetUpFixtureAttributeTests+Class1)" methodname="CertainAttributesAreNotAllowed" classname="NUnit.Framework.Attributes.SetUpFixtureAttributeTests" runstate="Runnable" seed="1448530897" result="Passed" start-time="2016-02-19 11:52:45Z" end-time="2016-02-19 11:52:45Z" duration="0.004629" asserts="1" />
              <test-case id="0-2675" name="CertainAttributesAreNotAllowed(NUnit.Framework.Attributes.SetUpFixtureAttributeTests+Class2)" fullname="NUnit.Framework.Attributes.SetUpFixtureAttributeTests.CertainAttributesAreNotAllowed(NUnit.Framework.Attributes.SetUpFixtureAttributeTests+Class2)" methodname="CertainAttributesAreNotAllowed" classname="NUnit.Framework.Attributes.SetUpFixtureAttributeTests" runstate="Runnable" seed="1845785487" result="Passed" start-time="2016-02-19 11:52:45Z" end-time="2016-02-19 11:52:45Z" duration="0.000299" asserts="1" />
              <test-case id="0-2676" name="CertainAttributesAreNotAllowed(NUnit.Framework.Attributes.SetUpFixtureAttributeTests+Class3)" fullname="NUnit.Framework.Attributes.SetUpFixtureAttributeTests.CertainAttributesAreNotAllowed(NUnit.Framework.Attributes.SetUpFixtureAttributeTests+Class3)" methodname="CertainAttributesAreNotAllowed" classname="NUnit.Framework.Attributes.SetUpFixtureAttributeTests" runstate="Runnable" seed="1457187355" result="Passed" start-time="2016-02-19 11:52:45Z" end-time="2016-02-19 11:52:45Z" duration="0.000129" asserts="1" />
              <test-case id="0-2677" name="CertainAttributesAreNotAllowed(NUnit.Framework.Attributes.SetUpFixtureAttributeTests+Class4)" fullname="NUnit.Framework.Attributes.SetUpFixtureAttributeTests.CertainAttributesAreNotAllowed(NUnit.Framework.Attributes.SetUpFixtureAttributeTests+Class4)" methodname="CertainAttributesAreNotAllowed" classname="NUnit.Framework.Attributes.SetUpFixtureAttributeTests" runstate="Runnable" seed="1565839889" result="Passed" start-time="2016-02-19 11:52:45Z" end-time="2016-02-19 11:52:45Z" duration="0.000116" asserts="1" />
            </test-suite>
          </test-suite>
          <test-suite type="TestFixture" id="0-2679" name="TestCaseAttributeTests" fullname="NUnit.Framework.Attributes.TestCaseAttributeTests" classname="NUnit.Framework.Attributes.TestCaseAttributeTests" runstate="Runnable" testcasecount="64" result="Passed" start-time="2016-02-19 11:52:45Z" end-time="2016-02-19 11:52:45Z" duration="0.082786" total="64" passed="64" failed="0" inconclusive="0" skipped="0" asserts="110">
            <test-suite type="ParameterizedMethod" id="0-2718" name="ArgumentsAreCoalescedInObjectArray" fullname="NUnit.Framework.Attributes.TestCaseAttributeTests.ArgumentsAreCoalescedInObjectArray" runstate="Runnable" testcasecount="1" result="Passed" start-time="2016-02-19 11:52:45Z" end-time="2016-02-19 11:52:45Z" duration="0.000584" total="1" passed="1" failed="0" inconclusive="0" skipped="0" asserts="2">
              <test-case id="0-2717" name="ArgumentsAreCoalescedInObjectArray(&quot;a&quot;,&quot;b&quot;)" fullname="NUnit.Framework.Attributes.TestCaseAttributeTests.ArgumentsAreCoalescedInObjectArray(&quot;a&quot;,&quot;b&quot;)" methodname="ArgumentsAreCoalescedInObjectArray" classname="NUnit.Framework.Attributes.TestCaseAttributeTests" runstate="Runnable" seed="2104932073" result="Passed" start-time="2016-02-19 11:52:45Z" end-time="2016-02-19 11:52:45Z" duration="0.000415" asserts="2" />
            </test-suite>
            <test-suite type="ParameterizedMethod" id="0-2720" name="ArgumentsOfDifferentTypeAreCoalescedInObjectArray" fullname="NUnit.Framework.Attributes.TestCaseAttributeTests.ArgumentsOfDifferentTypeAreCoalescedInObjectArray" runstate="Runnable" testcasecount="1" result="Passed" start-time="2016-02-19 11:52:45Z" end-time="2016-02-19 11:52:45Z" duration="0.001468" total="1" passed="1" failed="0" inconclusive="0" skipped="0" asserts="2">
              <test-case id="0-2719" name="ArgumentsOfDifferentTypeAreCoalescedInObjectArray(1,&quot;b&quot;)" fullname="NUnit.Framework.Attributes.TestCaseAttributeTests.ArgumentsOfDifferentTypeAreCoalescedInObjectArray(1,&quot;b&quot;)" methodname="ArgumentsOfDifferentTypeAreCoalescedInObjectArray" classname="NUnit.Framework.Attributes.TestCaseAttributeTests" runstate="Runnable" seed="144728728" result="Passed" start-time="2016-02-19 11:52:45Z" end-time="2016-02-19 11:52:45Z" duration="0.000432" asserts="2" />
            </test-suite>
            <test-suite type="ParameterizedMethod" id="0-2693" name="CanConvertDoubleToDecimal" fullname="NUnit.Framework.Attributes.TestCaseAttributeTests.CanConvertDoubleToDecimal" runstate="Runnable" testcasecount="1" result="Passed" start-time="2016-02-19 11:52:45Z" end-time="2016-02-19 11:52:45Z" duration="0.000420" total="1" passed="1" failed="0" inconclusive="0" skipped="0" asserts="1">
              <test-case id="0-2692" name="CanConvertDoubleToDecimal(2.2m,3.3m)" fullname="NUnit.Framework.Attributes.TestCaseAttributeTests.CanConvertDoubleToDecimal(2.2m,3.3m)" methodname="CanConvertDoubleToDecimal" classname="NUnit.Framework.Attributes.TestCaseAttributeTests" runstate="Runnable" seed="1780880877" result="Passed" start-time="2016-02-19 11:52:45Z" end-time="2016-02-19 11:52:45Z" duration="0.000251" asserts="1" />
            </test-suite>
            <test-suite type="ParameterizedMethod" id="0-2763" name="CanConvertDoubleToNullableDecimal" fullname="NUnit.Framework.Attributes.TestCaseAttributeTests.CanConvertDoubleToNullableDecimal" runstate="Runnable" testcasecount="1" result="Passed" start-time="2016-02-19 11:52:45Z" end-time="2016-02-19 11:52:45Z" duration="0.000647" total="1" passed="1" failed="0" inconclusive="0" skipped="0" asserts="1">
              <test-case id="0-2762" name="CanConvertDoubleToNullableDecimal(2.2m,3.3m)" fullname="NUnit.Framework.Attributes.TestCaseAttributeTests.CanConvertDoubleToNullableDecimal(2.2m,3.3m)" methodname="CanConvertDoubleToNullableDecimal" classname="NUnit.Framework.Attributes.TestCaseAttributeTests" runstate="Runnable" seed="1482830511" result="Passed" start-time="2016-02-19 11:52:45Z" end-time="2016-02-19 11:52:45Z" duration="0.000481" asserts="1" />
            </test-suite>
            <test-suite type="ParameterizedMethod" id="0-2695" name="CanConvertIntToDecimal" fullname="NUnit.Framework.Attributes.TestCaseAttributeTests.CanConvertIntToDecimal" runstate="Runnable" testcasecount="1" result="Passed" start-time="2016-02-19 11:52:45Z" end-time="2016-02-19 11:52:45Z" duration="0.000349" total="1" passed="1" failed="0" inconclusive="0" skipped="0" asserts="1">
              <test-case id="0-2694" name="CanConvertIntToDecimal(5m,2m)" fullname="NUnit.Framework.Attributes.TestCaseAttributeTests.CanConvertIntToDecimal(5m,2m)" methodname="CanConvertIntToDecimal" classname="NUnit.Framework.Attributes.TestCaseAttributeTests" runstate="Runnable" seed="620473686" result="Passed" start-time="2016-02-19 11:52:45Z" end-time="2016-02-19 11:52:45Z" duration="0.000175" asserts="1" />
            </test-suite>
            <test-suite type="ParameterizedMethod" id="0-2689" name="CanConvertIntToDouble" fullname="NUnit.Framework.Attributes.TestCaseAttributeTests.CanConvertIntToDouble" runstate="Runnable" testcasecount="1" result="Passed" start-time="2016-02-19 11:52:45Z" end-time="2016-02-19 11:52:45Z" duration="0.000267" total="1" passed="1" failed="0" inconclusive="0" skipped="0" asserts="1">
              <test-case id="0-2688" name="CanConvertIntToDouble(2.0d,2.0d)" fullname="NUnit.Framework.Attributes.TestCaseAttributeTests.CanConvertIntToDouble(2.0d,2.0d)" methodname="CanConvertIntToDouble" classname="NUnit.Framework.Attributes.TestCaseAttributeTests" runstate="Runnable" seed="1503949271" result="Passed" start-time="2016-02-19 11:52:45Z" end-time="2016-02-19 11:52:45Z" duration="0.000104" asserts="1" />
            </test-suite>
            <test-suite type="ParameterizedMethod" id="0-2755" name="CanConvertIntToNullableByte" fullname="NUnit.Framework.Attributes.TestCaseAttributeTests.CanConvertIntToNullableByte" runstate="Runnable" testcasecount="1" result="Passed" start-time="2016-02-19 11:52:45Z" end-time="2016-02-19 11:52:45Z" duration="0.001653" total="1" passed="1" failed="0" inconclusive="0" skipped="0" asserts="2">
              <test-case id="0-2754" name="CanConvertIntToNullableByte(1)" fullname="NUnit.Framework.Attributes.TestCaseAttributeTests.CanConvertIntToNullableByte(1)" methodname="CanConvertIntToNullableByte" classname="NUnit.Framework.Attributes.TestCaseAttributeTests" runstate="Runnable" seed="599686371" result="Passed" start-time="2016-02-19 11:52:45Z" end-time="2016-02-19 11:52:45Z" duration="0.001481" asserts="2" />
            </test-suite>
            <test-suite type="ParameterizedMethod" id="0-2765" name="CanConvertIntToNullableDecimal" fullname="NUnit.Framework.Attributes.TestCaseAttributeTests.CanConvertIntToNullableDecimal" runstate="Runnable" testcasecount="1" result="Passed" start-time="2016-02-19 11:52:45Z" end-time="2016-02-19 11:52:45Z" duration="0.001329" total="1" passed="1" failed="0" inconclusive="0" skipped="0" asserts="1">
              <test-case id="0-2764" name="CanConvertIntToNullableDecimal(5m,2m)" fullname="NUnit.Framework.Attributes.TestCaseAttributeTests.CanConvertIntToNullableDecimal(5m,2m)" methodname="CanConvertIntToNullableDecimal" classname="NUnit.Framework.Attributes.TestCaseAttributeTests" runstate="Runnable" seed="1605744726" result="Passed" start-time="2016-02-19 11:52:45Z" end-time="2016-02-19 11:52:45Z" duration="0.000896" asserts="1" />
            </test-suite>
            <test-suite type="ParameterizedMethod" id="0-2751" name="CanConvertIntToNullableDouble" fullname="NUnit.Framework.Attributes.TestCaseAttributeTests.CanConvertIntToNullableDouble" runstate="Runnable" testcasecount="1" result="Passed" start-time="2016-02-19 11:52:45Z" end-time="2016-02-19 11:52:45Z" duration="0.000643" total="1" passed="1" failed="0" inconclusive="0" skipped="0" asserts="1">
              <test-case id="0-2750" name="CanConvertIntToNullableDouble(2.0d,2.0d)" fullname="NUnit.Framework.Attributes.TestCaseAttributeTests.CanConvertIntToNullableDouble(2.0d,2.0d)" methodname="CanConvertIntToNullableDouble" classname="NUnit.Framework.Attributes.TestCaseAttributeTests" runstate="Runnable" seed="1020340479" result="Passed" start-time="2016-02-19 11:52:45Z" end-time="2016-02-19 11:52:45Z" duration="0.000459" asserts="1" />
            </test-suite>
            <test-suite type="ParameterizedMethod" id="0-2757" name="CanConvertIntToNullableSByte" fullname="NUnit.Framework.Attributes.TestCaseAttributeTests.CanConvertIntToNullableSByte" runstate="Runnable" testcasecount="1" result="Passed" start-time="2016-02-19 11:52:45Z" end-time="2016-02-19 11:52:45Z" duration="0.007285" total="1" passed="1" failed="0" inconclusive="0" skipped="0" asserts="2">
              <test-case id="0-2756" name="CanConvertIntToNullableSByte(1)" fullname="NUnit.Framework.Attributes.TestCaseAttributeTests.CanConvertIntToNullableSByte(1)" methodname="CanConvertIntToNullableSByte" classname="NUnit.Framework.Attributes.TestCaseAttributeTests" runstate="Runnable" seed="1988130653" result="Passed" start-time="2016-02-19 11:52:45Z" end-time="2016-02-19 11:52:45Z" duration="0.007109" asserts="2" />
            </test-suite>
            <test-suite type="ParameterizedMethod" id="0-2753" name="CanConvertIntToNullableShort" fullname="NUnit.Framework.Attributes.TestCaseAttributeTests.CanConvertIntToNullableShort" runstate="Runnable" testcasecount="1" result="Passed" start-time="2016-02-19 11:52:45Z" end-time="2016-02-19 11:52:45Z" duration="0.002680" total="1" passed="1" failed="0" inconclusive="0" skipped="0" asserts="2">
              <test-case id="0-2752" name="CanConvertIntToNullableShort(1)" fullname="NUnit.Framework.Attributes.TestCaseAttributeTests.CanConvertIntToNullableShort(1)" methodname="CanConvertIntToNullableShort" classname="NUnit.Framework.Attributes.TestCaseAttributeTests" runstate="Runnable" seed="42260460" result="Passed" start-time="2016-02-19 11:52:45Z" end-time="2016-02-19 11:52:45Z" duration="0.002323" asserts="2" />
            </test-suite>
            <test-suite type="ParameterizedMethod" id="0-2699" name="CanConvertSmallIntsToByte" fullname="NUnit.Framework.Attributes.TestCaseAttributeTests.CanConvertSmallIntsToByte" runstate="Runnable" testcasecount="1" result="Passed" start-time="2016-02-19 11:52:45Z" end-time="2016-02-19 11:52:45Z" duration="0.000534" total="1" passed="1" failed="0" inconclusive="0" skipped="0" asserts="1">
              <test-case id="0-2698" name="CanConvertSmallIntsToByte(5,2)" fullname="NUnit.Framework.Attributes.TestCaseAttributeTests.CanConvertSmallIntsToByte(5,2)" methodname="CanConvertSmallIntsToByte" classname="NUnit.Framework.Attributes.TestCaseAttributeTests" runstate="Runnable" seed="33185214" result="Passed" start-time="2016-02-19 11:52:45Z" end-time="2016-02-19 11:52:45Z" duration="0.000205" asserts="1" />
            </test-suite>
            <test-suite type="ParameterizedMethod" id="0-2769" name="CanConvertSmallIntsToNullableByte" fullname="NUnit.Framework.Attributes.TestCaseAttributeTests.CanConvertSmallIntsToNullableByte" runstate="Runnable" testcasecount="1" result="Passed" start-time="2016-02-19 11:52:45Z" end-time="2016-02-19 11:52:45Z" duration="0.001154" total="1" passed="1" failed="0" inconclusive="0" skipped="0" asserts="1">
              <test-case id="0-2768" name="CanConvertSmallIntsToNullableByte(5,2)" fullname="NUnit.Framework.Attributes.TestCaseAttributeTests.CanConvertSmallIntsToNullableByte(5,2)" methodname="CanConvertSmallIntsToNullableByte" classname="NUnit.Framework.Attributes.TestCaseAttributeTests" runstate="Runnable" seed="1541232573" result="Passed" start-time="2016-02-19 11:52:45Z" end-time="2016-02-19 11:52:45Z" duration="0.000981" asserts="1" />
            </test-suite>
            <test-suite type="ParameterizedMethod" id="0-2771" name="CanConvertSmallIntsToNullableSByte" fullname="NUnit.Framework.Attributes.TestCaseAttributeTests.CanConvertSmallIntsToNullableSByte" runstate="Runnable" testcasecount="1" result="Passed" start-time="2016-02-19 11:52:45Z" end-time="2016-02-19 11:52:45Z" duration="0.001023" total="1" passed="1" failed="0" inconclusive="0" skipped="0" asserts="1">
              <test-case id="0-2770" name="CanConvertSmallIntsToNullableSByte(5,2)" fullname="NUnit.Framework.Attributes.TestCaseAttributeTests.CanConvertSmallIntsToNullableSByte(5,2)" methodname="CanConvertSmallIntsToNullableSByte" classname="NUnit.Framework.Attributes.TestCaseAttributeTests" runstate="Runnable" seed="2139206895" result="Passed" start-time="2016-02-19 11:52:45Z" end-time="2016-02-19 11:52:45Z" duration="0.000839" asserts="1" />
            </test-suite>
            <test-suite type="ParameterizedMethod" id="0-2767" name="CanConvertSmallIntsToNullableShort" fullname="NUnit.Framework.Attributes.TestCaseAttributeTests.CanConvertSmallIntsToNullableShort" runstate="Runnable" testcasecount="1" result="Passed" start-time="2016-02-19 11:52:45Z" end-time="2016-02-19 11:52:45Z" duration="0.001001" total="1" passed="1" failed="0" inconclusive="0" skipped="0" asserts="1">
              <test-case id="0-2766" name="CanConvertSmallIntsToNullableShort(5,2)" fullname="NUnit.Framework.Attributes.TestCaseAttributeTests.CanConvertSmallIntsToNullableShort(5,2)" methodname="CanConvertSmallIntsToNullableShort" classname="NUnit.Framework.Attributes.TestCaseAttributeTests" runstate="Runnable" seed="1495876915" result="Passed" start-time="2016-02-19 11:52:45Z" end-time="2016-02-19 11:52:45Z" duration="0.000822" asserts="1" />
            </test-suite>
            <test-suite type="ParameterizedMethod" id="0-2701" name="CanConvertSmallIntsToSByte" fullname="NUnit.Framework.Attributes.TestCaseAttributeTests.CanConvertSmallIntsToSByte" runstate="Runnable" testcasecount="1" result="Passed" start-time="2016-02-19 11:52:45Z" end-time="2016-02-19 11:52:45Z" duration="0.000320" total="1" passed="1" failed="0" inconclusive="0" skipped="0" asserts="1">
              <test-case id="0-2700" name="CanConvertSmallIntsToSByte(5,2)" fullname="NUnit.Framework.Attributes.TestCaseAttributeTests.CanConvertSmallIntsToSByte(5,2)" methodname="CanConvertSmallIntsToSByte" classname="NUnit.Framework.Attributes.TestCaseAttributeTests" runstate="Runnable" seed="1021907789" result="Passed" start-time="2016-02-19 11:52:45Z" end-time="2016-02-19 11:52:45Z" duration="0.000135" asserts="1" />
            </test-suite>
            <test-suite type="ParameterizedMethod" id="0-2697" name="CanConvertSmallIntsToShort" fullname="NUnit.Framework.Attributes.TestCaseAttributeTests.CanConvertSmallIntsToShort" runstate="Runnable" testcasecount="1" result="Passed" start-time="2016-02-19 11:52:45Z" end-time="2016-02-19 11:52:45Z" duration="0.000397" total="1" passed="1" failed="0" inconclusive="0" skipped="0" asserts="1">
              <test-case id="0-2696" name="CanConvertSmallIntsToShort(5,2)" fullname="NUnit.Framework.Attributes.TestCaseAttributeTests.CanConvertSmallIntsToShort(5,2)" methodname="CanConvertSmallIntsToShort" classname="NUnit.Framework.Attributes.TestCaseAttributeTests" runstate="Runnable" seed="837044460" result="Passed" start-time="2016-02-19 11:52:45Z" end-time="2016-02-19 11:52:45Z" duration="0.000128" asserts="1" />
            </test-suite>
            <test-suite type="ParameterizedMethod" id="0-2707" name="CanConvertStringToDateTime" fullname="NUnit.Framework.Attributes.TestCaseAttributeTests.CanConvertStringToDateTime" runstate="Runnable" testcasecount="1" result="Passed" start-time="2016-02-19 11:52:45Z" end-time="2016-02-19 11:52:45Z" duration="0.000541" total="1" passed="1" failed="0" inconclusive="0" skipped="0" asserts="1">
              <test-case id="0-2706" name="CanConvertStringToDateTime(10/12/1942 00:00:00)" fullname="NUnit.Framework.Attributes.TestCaseAttributeTests.CanConvertStringToDateTime(10/12/1942 00:00:00)" methodname="CanConvertStringToDateTime" classname="NUnit.Framework.Attributes.TestCaseAttributeTests" runstate="Runnable" seed="1142337925" result="Passed" start-time="2016-02-19 11:52:45Z" end-time="2016-02-19 11:52:45Z" duration="0.000372" asserts="1" />
            </test-suite>
            <test-suite type="ParameterizedMethod" id="0-2691" name="CanConvertStringToDecimal" fullname="NUnit.Framework.Attributes.TestCaseAttributeTests.CanConvertStringToDecimal" runstate="Runnable" testcasecount="1" result="Passed" start-time="2016-02-19 11:52:45Z" end-time="2016-02-19 11:52:45Z" duration="0.000452" total="1" passed="1" failed="0" inconclusive="0" skipped="0" asserts="1">
              <test-case id="0-2690" name="CanConvertStringToDecimal(2.2m,3.3m)" fullname="NUnit.Framework.Attributes.TestCaseAttributeTests.CanConvertStringToDecimal(2.2m,3.3m)" methodname="CanConvertStringToDecimal" classname="NUnit.Framework.Attributes.TestCaseAttributeTests" runstate="Runnable" seed="2043088715" result="Passed" start-time="2016-02-19 11:52:45Z" end-time="2016-02-19 11:52:45Z" duration="0.000257" asserts="1" />
            </test-suite>
            <test-suite type="ParameterizedMethod" id="0-2773" name="CanConvertStringToNullableDateTime" fullname="NUnit.Framework.Attributes.TestCaseAttributeTests.CanConvertStringToNullableDateTime" runstate="Runnable" testcasecount="1" result="Passed" start-time="2016-02-19 11:52:45Z" end-time="2016-02-19 11:52:45Z" duration="0.002337" total="1" passed="1" failed="0" inconclusive="0" skipped="0" asserts="2">
              <test-case id="0-2772" name="CanConvertStringToNullableDateTime(10/12/1942 00:00:00)" fullname="NUnit.Framework.Attributes.TestCaseAttributeTests.CanConvertStringToNullableDateTime(10/12/1942 00:00:00)" methodname="CanConvertStringToNullableDateTime" classname="NUnit.Framework.Attributes.TestCaseAttributeTests" runstate="Runnable" seed="1049056365" result="Passed" start-time="2016-02-19 11:52:45Z" end-time="2016-02-19 11:52:45Z" duration="0.000721" asserts="2" />
            </test-suite>
            <test-suite type="ParameterizedMethod" id="0-2759" name="CanConvertStringToNullableDecimal" fullname="NUnit.Framework.Attributes.TestCaseAttributeTests.CanConvertStringToNullableDecimal" runstate="Runnable" testcasecount="1" result="Passed" start-time="2016-02-19 11:52:45Z" end-time="2016-02-19 11:52:45Z" duration="0.001418" total="1" passed="1" failed="0" inconclusive="0" skipped="0" asserts="3">
              <test-case id="0-2758" name="CanConvertStringToNullableDecimal(2.2m,3.3m)" fullname="NUnit.Framework.Attributes.TestCaseAttributeTests.CanConvertStringToNullableDecimal(2.2m,3.3m)" methodname="CanConvertStringToNullableDecimal" classname="NUnit.Framework.Attributes.TestCaseAttributeTests" runstate="Runnable" seed="1688740539" result="Passed" start-time="2016-02-19 11:52:45Z" end-time="2016-02-19 11:52:45Z" duration="0.001068" asserts="3" />
            </test-suite>
            <test-suite type="ParameterizedMethod" id="0-2777" name="CanConvertStringToNullableTimeSpan" fullname="NUnit.Framework.Attributes.TestCaseAttributeTests.CanConvertStringToNullableTimeSpan" runstate="Runnable" testcasecount="1" result="Passed" start-time="2016-02-19 11:52:45Z" end-time="2016-02-19 11:52:45Z" duration="0.001806" total="1" passed="1" failed="0" inconclusive="0" skipped="0" asserts="4">
              <test-case id="0-2776" name="CanConvertStringToNullableTimeSpan(04:44:15)" fullname="NUnit.Framework.Attributes.TestCaseAttributeTests.CanConvertStringToNullableTimeSpan(04:44:15)" methodname="CanConvertStringToNullableTimeSpan" classname="NUnit.Framework.Attributes.TestCaseAttributeTests" runstate="Runnable" seed="292481220" result="Passed" start-time="2016-02-19 11:52:45Z" end-time="2016-02-19 11:52:45Z" duration="0.001471" asserts="4" />
            </test-suite>
            <test-suite type="ParameterizedMethod" id="0-2709" name="CanConvertStringToTimeSpan" fullname="NUnit.Framework.Attributes.TestCaseAttributeTests.CanConvertStringToTimeSpan" runstate="Runnable" testcasecount="1" result="Passed" start-time="2016-02-19 11:52:45Z" end-time="2016-02-19 11:52:45Z" duration="0.001108" total="1" passed="1" failed="0" inconclusive="0" skipped="0" asserts="3">
              <test-case id="0-2708" name="CanConvertStringToTimeSpan(04:44:15)" fullname="NUnit.Framework.Attributes.TestCaseAttributeTests.CanConvertStringToTimeSpan(04:44:15)" methodname="CanConvertStringToTimeSpan" classname="NUnit.Framework.Attributes.TestCaseAttributeTests" runstate="Runnable" seed="1678520304" result="Passed" start-time="2016-02-19 11:52:45Z" end-time="2016-02-19 11:52:45Z" duration="0.000751" asserts="3" />
            </test-suite>
            <test-case id="0-2741" name="CanExcludePlatform" fullname="NUnit.Framework.Attributes.TestCaseAttributeTests.CanExcludePlatform" methodname="CanExcludePlatform" classname="NUnit.Framework.Attributes.TestCaseAttributeTests" runstate="Runnable" seed="622322747" result="Passed" start-time="2016-02-19 11:52:45Z" end-time="2016-02-19 11:52:45Z" duration="0.003112" asserts="5" />
            <test-case id="0-2738" name="CanIgnoreIndividualTestCases" fullname="NUnit.Framework.Attributes.TestCaseAttributeTests.CanIgnoreIndividualTestCases" methodname="CanIgnoreIndividualTestCases" classname="NUnit.Framework.Attributes.TestCaseAttributeTests" runstate="Runnable" seed="1448052032" result="Passed" start-time="2016-02-19 11:52:45Z" end-time="2016-02-19 11:52:45Z" duration="0.001424" asserts="5" />
            <test-case id="0-2740" name="CanIncludePlatform" fullname="NUnit.Framework.Attributes.TestCaseAttributeTests.CanIncludePlatform" methodname="CanIncludePlatform" classname="NUnit.Framework.Attributes.TestCaseAttributeTests" runstate="Runnable" seed="2039560788" result="Passed" start-time="2016-02-19 11:52:45Z" end-time="2016-02-19 11:52:45Z" duration="0.002404" asserts="5" />
            <test-case id="0-2739" name="CanMarkIndividualTestCasesExplicit" fullname="NUnit.Framework.Attributes.TestCaseAttributeTests.CanMarkIndividualTestCasesExplicit" methodname="CanMarkIndividualTestCasesExplicit" classname="NUnit.Framework.Attributes.TestCaseAttributeTests" runstate="Runnable" seed="274943850" result="Passed" start-time="2016-02-19 11:52:45Z" end-time="2016-02-19 11:52:45Z" duration="0.001239" asserts="5" />
            <test-suite type="ParameterizedMethod" id="0-2716" name="CanPassArrayAsArgument" fullname="NUnit.Framework.Attributes.TestCaseAttributeTests.CanPassArrayAsArgument" runstate="Runnable" testcasecount="1" result="Passed" start-time="2016-02-19 11:52:45Z" end-time="2016-02-19 11:52:45Z" duration="0.000586" total="1" passed="1" failed="0" inconclusive="0" skipped="0" asserts="2">
              <test-case id="0-2715" name="CanPassArrayAsArgument(&quot;a&quot;,&quot;b&quot;)" fullname="NUnit.Framework.Attributes.TestCaseAttributeTests.CanPassArrayAsArgument(&quot;a&quot;,&quot;b&quot;)" methodname="CanPassArrayAsArgument" classname="NUnit.Framework.Attributes.TestCaseAttributeTests" runstate="Runnable" seed="2039562243" result="Passed" start-time="2016-02-19 11:52:45Z" end-time="2016-02-19 11:52:45Z" duration="0.000398" asserts="2" />
            </test-suite>
            <test-suite type="ParameterizedMethod" id="0-2711" name="CanPassNullAsFirstArgument" fullname="NUnit.Framework.Attributes.TestCaseAttributeTests.CanPassNullAsFirstArgument" runstate="Runnable" testcasecount="1" result="Passed" start-time="2016-02-19 11:52:45Z" end-time="2016-02-19 11:52:45Z" duration="0.000509" total="1" passed="1" failed="0" inconclusive="0" skipped="0" asserts="1">
              <test-case id="0-2710" name="CanPassNullAsFirstArgument(null)" fullname="NUnit.Framework.Attributes.TestCaseAttributeTests.CanPassNullAsFirstArgument(null)" methodname="CanPassNullAsFirstArgument" classname="NUnit.Framework.Attributes.TestCaseAttributeTests" runstate="Runnable" seed="1376686374" result="Passed" start-time="2016-02-19 11:52:45Z" end-time="2016-02-19 11:52:45Z" duration="0.000224" asserts="1" />
            </test-suite>
            <test-suite type="ParameterizedMethod" id="0-2714" name="CanPassObjectArrayAsFirstArgument" fullname="NUnit.Framework.Attributes.TestCaseAttributeTests.CanPassObjectArrayAsFirstArgument" runstate="Runnable" testcasecount="2" result="Passed" start-time="2016-02-19 11:52:45Z" end-time="2016-02-19 11:52:45Z" duration="0.001839" total="2" passed="2" failed="0" inconclusive="0" skipped="0" asserts="0">
              <test-case id="0-2712" name="CanPassObjectArrayAsFirstArgument(1,&quot;two&quot;,3.0d)" fullname="NUnit.Framework.Attributes.TestCaseAttributeTests.CanPassObjectArrayAsFirstArgument(1,&quot;two&quot;,3.0d)" methodname="CanPassObjectArrayAsFirstArgument" classname="NUnit.Framework.Attributes.TestCaseAttributeTests" runstate="Runnable" seed="130046769" result="Passed" start-time="2016-02-19 11:52:45Z" end-time="2016-02-19 11:52:45Z" duration="0.000176" asserts="0" />
              <test-case id="0-2713" name="CanPassObjectArrayAsFirstArgument(&quot;zip&quot;)" fullname="NUnit.Framework.Attributes.TestCaseAttributeTests.CanPassObjectArrayAsFirstArgument(&quot;zip&quot;)" methodname="CanPassObjectArrayAsFirstArgument" classname="NUnit.Framework.Attributes.TestCaseAttributeTests" runstate="Runnable" seed="1544488683" result="Passed" start-time="2016-02-19 11:52:45Z" end-time="2016-02-19 11:52:45Z" duration="0.000048" asserts="0" />
            </test-suite>
            <test-case id="0-2736" name="CanSpecifyCategory" fullname="NUnit.Framework.Attributes.TestCaseAttributeTests.CanSpecifyCategory" methodname="CanSpecifyCategory" classname="NUnit.Framework.Attributes.TestCaseAttributeTests" runstate="Runnable" seed="967884275" result="Passed" start-time="2016-02-19 11:52:45Z" end-time="2016-02-19 11:52:45Z" duration="0.001801" asserts="2" />
            <test-case id="0-2733" name="CanSpecifyDescription" fullname="NUnit.Framework.Attributes.TestCaseAttributeTests.CanSpecifyDescription" methodname="CanSpecifyDescription" classname="NUnit.Framework.Attributes.TestCaseAttributeTests" runstate="Runnable" seed="902051479" result="Passed" start-time="2016-02-19 11:52:45Z" end-time="2016-02-19 11:52:45Z" duration="0.000933" asserts="2" />
            <test-case id="0-2737" name="CanSpecifyMultipleCategories" fullname="NUnit.Framework.Attributes.TestCaseAttributeTests.CanSpecifyMultipleCategories" methodname="CanSpecifyMultipleCategories" classname="NUnit.Framework.Attributes.TestCaseAttributeTests" runstate="Runnable" seed="140506989" result="Passed" start-time="2016-02-19 11:52:45Z" end-time="2016-02-19 11:52:45Z" duration="0.000906" asserts="2" />
            <test-case id="0-2734" name="CanSpecifyTestName_FixedText" fullname="NUnit.Framework.Attributes.TestCaseAttributeTests.CanSpecifyTestName_FixedText" methodname="CanSpecifyTestName_FixedText" classname="NUnit.Framework.Attributes.TestCaseAttributeTests" runstate="Runnable" seed="1444332342" result="Passed" start-time="2016-02-19 11:52:45Z" end-time="2016-02-19 11:52:45Z" duration="0.000909" asserts="3" />
            <test-case id="0-2735" name="CanSpecifyTestName_WithMethodName" fullname="NUnit.Framework.Attributes.TestCaseAttributeTests.CanSpecifyTestName_WithMethodName" methodname="CanSpecifyTestName_WithMethodName" classname="NUnit.Framework.Attributes.TestCaseAttributeTests" runstate="Runnable" seed="1135226218" result="Passed" start-time="2016-02-19 11:52:45Z" end-time="2016-02-19 11:52:45Z" duration="0.000719" asserts="3" />
            <test-suite type="ParameterizedMethod" id="0-2728" name="HandlesParamsArrayAsLastArgument" fullname="NUnit.Framework.Attributes.TestCaseAttributeTests.HandlesParamsArrayAsLastArgument" runstate="Runnable" testcasecount="1" result="Passed" start-time="2016-02-19 11:52:45Z" end-time="2016-02-19 11:52:45Z" duration="0.000680" total="1" passed="1" failed="0" inconclusive="0" skipped="0" asserts="4">
              <test-case id="0-2727" name="HandlesParamsArrayAsLastArgument(&quot;a&quot;,&quot;b&quot;,&quot;c&quot;,&quot;d&quot;)" fullname="NUnit.Framework.Attributes.TestCaseAttributeTests.HandlesParamsArrayAsLastArgument(&quot;a&quot;,&quot;b&quot;,&quot;c&quot;,&quot;d&quot;)" methodname="HandlesParamsArrayAsLastArgument" classname="NUnit.Framework.Attributes.TestCaseAttributeTests" runstate="Runnable" seed="662372683" result="Passed" start-time="2016-02-19 11:52:45Z" end-time="2016-02-19 11:52:45Z" duration="0.000498" asserts="4" />
            </test-suite>
            <test-suite type="ParameterizedMethod" id="0-2724" name="HandlesParamsArrayAsSoleArgument" fullname="NUnit.Framework.Attributes.TestCaseAttributeTests.HandlesParamsArrayAsSoleArgument" runstate="Runnable" testcasecount="1" result="Passed" start-time="2016-02-19 11:52:45Z" end-time="2016-02-19 11:52:45Z" duration="0.001519" total="1" passed="1" failed="0" inconclusive="0" skipped="0" asserts="2">
              <test-case id="0-2723" name="HandlesParamsArrayAsSoleArgument(&quot;a&quot;,&quot;b&quot;)" fullname="NUnit.Framework.Attributes.TestCaseAttributeTests.HandlesParamsArrayAsSoleArgument(&quot;a&quot;,&quot;b&quot;)" methodname="HandlesParamsArrayAsSoleArgument" classname="NUnit.Framework.Attributes.TestCaseAttributeTests" runstate="Runnable" seed="2143064345" result="Passed" start-time="2016-02-19 11:52:45Z" end-time="2016-02-19 11:52:45Z" duration="0.000392" asserts="2" />
            </test-suite>
            <test-suite type="ParameterizedMethod" id="0-2730" name="HandlesParamsArrayWithNoItemsAsLastArgument" fullname="NUnit.Framework.Attributes.TestCaseAttributeTests.HandlesParamsArrayWithNoItemsAsLastArgument" runstate="Runnable" testcasecount="1" result="Passed" start-time="2016-02-19 11:52:45Z" end-time="2016-02-19 11:52:45Z" duration="0.000586" total="1" passed="1" failed="0" inconclusive="0" skipped="0" asserts="3">
              <test-case id="0-2729" name="HandlesParamsArrayWithNoItemsAsLastArgument(&quot;a&quot;,&quot;b&quot;)" fullname="NUnit.Framework.Attributes.TestCaseAttributeTests.HandlesParamsArrayWithNoItemsAsLastArgument(&quot;a&quot;,&quot;b&quot;)" methodname="HandlesParamsArrayWithNoItemsAsLastArgument" classname="NUnit.Framework.Attributes.TestCaseAttributeTests" runstate="Runnable" seed="709272129" result="Passed" start-time="2016-02-19 11:52:45Z" end-time="2016-02-19 11:52:45Z" duration="0.000416" asserts="3" />
            </test-suite>
            <test-suite type="ParameterizedMethod" id="0-2732" name="HandlesParamsArrayWithOneItemAsLastArgument" fullname="NUnit.Framework.Attributes.TestCaseAttributeTests.HandlesParamsArrayWithOneItemAsLastArgument" runstate="Runnable" testcasecount="1" result="Passed" start-time="2016-02-19 11:52:45Z" end-time="2016-02-19 11:52:45Z" duration="0.000556" total="1" passed="1" failed="0" inconclusive="0" skipped="0" asserts="3">
              <test-case id="0-2731" name="HandlesParamsArrayWithOneItemAsLastArgument(&quot;a&quot;,&quot;b&quot;,System.Object[])" fullname="NUnit.Framework.Attributes.TestCaseAttributeTests.HandlesParamsArrayWithOneItemAsLastArgument(&quot;a&quot;,&quot;b&quot;,System.Object[])" methodname="HandlesParamsArrayWithOneItemAsLastArgument" classname="NUnit.Framework.Attributes.TestCaseAttributeTests" runstate="Runnable" seed="166475526" result="Passed" start-time="2016-02-19 11:52:45Z" end-time="2016-02-19 11:52:45Z" duration="0.000387" asserts="3" />
            </test-suite>
            <test-suite type="ParameterizedMethod" id="0-2726" name="HandlesParamsArrayWithOneItemAsSoleArgument" fullname="NUnit.Framework.Attributes.TestCaseAttributeTests.HandlesParamsArrayWithOneItemAsSoleArgument" runstate="Runnable" testcasecount="1" result="Passed" start-time="2016-02-19 11:52:45Z" end-time="2016-02-19 11:52:45Z" duration="0.000397" total="1" passed="1" failed="0" inconclusive="0" skipped="0" asserts="1">
              <test-case id="0-2725" name="HandlesParamsArrayWithOneItemAsSoleArgument(System.String[])" fullname="NUnit.Framework.Attributes.TestCaseAttributeTests.HandlesParamsArrayWithOneItemAsSoleArgument(System.String[])" methodname="HandlesParamsArrayWithOneItemAsSoleArgument" classname="NUnit.Framework.Attributes.TestCaseAttributeTests" runstate="Runnable" seed="1045249802" result="Passed" start-time="2016-02-19 11:52:45Z" end-time="2016-02-19 11:52:45Z" duration="0.000232" asserts="1" />
            </test-suite>
            <test-suite type="ParameterizedMethod" id="0-2687" name="IntegerDivisionWithResultCheckedByNUnit" fullname="NUnit.Framework.Attributes.TestCaseAttributeTests.IntegerDivisionWithResultCheckedByNUnit" runstate="Runnable" testcasecount="3" result="Passed" start-time="2016-02-19 11:52:45Z" end-time="2016-02-19 11:52:45Z" duration="0.000713" total="3" passed="3" failed="0" inconclusive="0" skipped="0" asserts="3">
              <test-case id="0-2684" name="IntegerDivisionWithResultCheckedByNUnit(12,3)" fullname="NUnit.Framework.Attributes.TestCaseAttributeTests.IntegerDivisionWithResultCheckedByNUnit(12,3)" methodname="IntegerDivisionWithResultCheckedByNUnit" classname="NUnit.Framework.Attributes.TestCaseAttributeTests" runstate="Runnable" seed="1369408611" result="Passed" start-time="2016-02-19 11:52:45Z" end-time="2016-02-19 11:52:45Z" duration="0.000166" asserts="1" />
              <test-case id="0-2685" name="IntegerDivisionWithResultCheckedByNUnit(12,2)" fullname="NUnit.Framework.Attributes.TestCaseAttributeTests.IntegerDivisionWithResultCheckedByNUnit(12,2)" methodname="IntegerDivisionWithResultCheckedByNUnit" classname="NUnit.Framework.Attributes.TestCaseAttributeTests" runstate="Runnable" seed="1603940194" result="Passed" start-time="2016-02-19 11:52:45Z" end-time="2016-02-19 11:52:45Z" duration="0.000046" asserts="1" />
              <test-case id="0-2686" name="IntegerDivisionWithResultCheckedByNUnit(12,4)" fullname="NUnit.Framework.Attributes.TestCaseAttributeTests.IntegerDivisionWithResultCheckedByNUnit(12,4)" methodname="IntegerDivisionWithResultCheckedByNUnit" classname="NUnit.Framework.Attributes.TestCaseAttributeTests" runstate="Runnable" seed="1060838759" result="Passed" start-time="2016-02-19 11:52:45Z" end-time="2016-02-19 11:52:45Z" duration="0.000041" asserts="1" />
            </test-suite>
            <test-suite type="ParameterizedMethod" id="0-2683" name="IntegerDivisionWithResultPassedToTest" fullname="NUnit.Framework.Attributes.TestCaseAttributeTests.IntegerDivisionWithResultPassedToTest" runstate="Runnable" testcasecount="3" result="Passed" start-time="2016-02-19 11:52:45Z" end-time="2016-02-19 11:52:45Z" duration="0.000827" total="3" passed="3" failed="0" inconclusive="0" skipped="0" asserts="3">
              <test-case id="0-2680" name="IntegerDivisionWithResultPassedToTest(12,3,4)" fullname="NUnit.Framework.Attributes.TestCaseAttributeTests.IntegerDivisionWithResultPassedToTest(12,3,4)" methodname="IntegerDivisionWithResultPassedToTest" classname="NUnit.Framework.Attributes.TestCaseAttributeTests" runstate="Runnable" seed="1561759259" result="Passed" start-time="2016-02-19 11:52:45Z" end-time="2016-02-19 11:52:45Z" duration="0.000297" asserts="1" />
              <test-case id="0-2681" name="IntegerDivisionWithResultPassedToTest(12,2,6)" fullname="NUnit.Framework.Attributes.TestCaseAttributeTests.IntegerDivisionWithResultPassedToTest(12,2,6)" methodname="IntegerDivisionWithResultPassedToTest" classname="NUnit.Framework.Attributes.TestCaseAttributeTests" runstate="Runnable" seed="1767393780" result="Passed" start-time="2016-02-19 11:52:45Z" end-time="2016-02-19 11:52:45Z" duration="0.000039" asserts="1" />
              <test-case id="0-2682" name="IntegerDivisionWithResultPassedToTest(12,4,3)" fullname="NUnit.Framework.Attributes.TestCaseAttributeTests.IntegerDivisionWithResultPassedToTest(12,4,3)" methodname="IntegerDivisionWithResultPassedToTest" classname="NUnit.Framework.Attributes.TestCaseAttributeTests" runstate="Runnable" seed="1767381471" result="Passed" start-time="2016-02-19 11:52:45Z" end-time="2016-02-19 11:52:45Z" duration="0.000034" asserts="1" />
            </test-suite>
            <test-suite type="ParameterizedMethod" id="0-2749" name="NullableIntegerDivisionWithResultCheckedByNUnit" fullname="NUnit.Framework.Attributes.TestCaseAttributeTests.NullableIntegerDivisionWithResultCheckedByNUnit" runstate="Runnable" testcasecount="3" result="Passed" start-time="2016-02-19 11:52:45Z" end-time="2016-02-19 11:52:45Z" duration="0.000970" total="3" passed="3" failed="0" inconclusive="0" skipped="0" asserts="3">
              <test-case id="0-2746" name="NullableIntegerDivisionWithResultCheckedByNUnit(12,3)" fullname="NUnit.Framework.Attributes.TestCaseAttributeTests.NullableIntegerDivisionWithResultCheckedByNUnit(12,3)" methodname="NullableIntegerDivisionWithResultCheckedByNUnit" classname="NUnit.Framework.Attributes.TestCaseAttributeTests" runstate="Runnable" seed="1933202088" result="Passed" start-time="2016-02-19 11:52:45Z" end-time="2016-02-19 11:52:45Z" duration="0.000414" asserts="1" />
              <test-case id="0-2747" name="NullableIntegerDivisionWithResultCheckedByNUnit(12,2)" fullname="NUnit.Framework.Attributes.TestCaseAttributeTests.NullableIntegerDivisionWithResultCheckedByNUnit(12,2)" methodname="NullableIntegerDivisionWithResultCheckedByNUnit" classname="NUnit.Framework.Attributes.TestCaseAttributeTests" runstate="Runnable" seed="1830610106" result="Passed" start-time="2016-02-19 11:52:45Z" end-time="2016-02-19 11:52:45Z" duration="0.000050" asserts="1" />
              <test-case id="0-2748" name="NullableIntegerDivisionWithResultCheckedByNUnit(12,4)" fullname="NUnit.Framework.Attributes.TestCaseAttributeTests.NullableIntegerDivisionWithResultCheckedByNUnit(12,4)" methodname="NullableIntegerDivisionWithResultCheckedByNUnit" classname="NUnit.Framework.Attributes.TestCaseAttributeTests" runstate="Runnable" seed="706284124" result="Passed" start-time="2016-02-19 11:52:45Z" end-time="2016-02-19 11:52:45Z" duration="0.000043" asserts="1" />
            </test-suite>
            <test-suite type="ParameterizedMethod" id="0-2745" name="NullableIntegerDivisionWithResultPassedToTest" fullname="NUnit.Framework.Attributes.TestCaseAttributeTests.NullableIntegerDivisionWithResultPassedToTest" runstate="Runnable" testcasecount="3" result="Passed" start-time="2016-02-19 11:52:45Z" end-time="2016-02-19 11:52:45Z" duration="0.003152" total="3" passed="3" failed="0" inconclusive="0" skipped="0" asserts="3">
              <test-case id="0-2742" name="NullableIntegerDivisionWithResultPassedToTest(12,3,4)" fullname="NUnit.Framework.Attributes.TestCaseAttributeTests.NullableIntegerDivisionWithResultPassedToTest(12,3,4)" methodname="NullableIntegerDivisionWithResultPassedToTest" classname="NUnit.Framework.Attributes.TestCaseAttributeTests" runstate="Runnable" seed="99825866" result="Passed" start-time="2016-02-19 11:52:45Z" end-time="2016-02-19 11:52:45Z" duration="0.002544" asserts="1" />
              <test-case id="0-2743" name="NullableIntegerDivisionWithResultPassedToTest(12,2,6)" fullname="NUnit.Framework.Attributes.TestCaseAttributeTests.NullableIntegerDivisionWithResultPassedToTest(12,2,6)" methodname="NullableIntegerDivisionWithResultPassedToTest" classname="NUnit.Framework.Attributes.TestCaseAttributeTests" runstate="Runnable" seed="1130581112" result="Passed" start-time="2016-02-19 11:52:45Z" end-time="2016-02-19 11:52:45Z" duration="0.000058" asserts="1" />
              <test-case id="0-2744" name="NullableIntegerDivisionWithResultPassedToTest(12,4,3)" fullname="NUnit.Framework.Attributes.TestCaseAttributeTests.NullableIntegerDivisionWithResultPassedToTest(12,4,3)" methodname="NullableIntegerDivisionWithResultPassedToTest" classname="NUnit.Framework.Attributes.TestCaseAttributeTests" runstate="Runnable" seed="1277976050" result="Passed" start-time="2016-02-19 11:52:45Z" end-time="2016-02-19 11:52:45Z" duration="0.000037" asserts="1" />
            </test-suite>
            <test-suite type="ParameterizedMethod" id="0-2781" name="NullableSimpleFormalParametersWithArgument" fullname="NUnit.Framework.Attributes.TestCaseAttributeTests.NullableSimpleFormalParametersWithArgument" runstate="Runnable" testcasecount="1" result="Passed" start-time="2016-02-19 11:52:45Z" end-time="2016-02-19 11:52:45Z" duration="0.000959" total="1" passed="1" failed="0" inconclusive="0" skipped="0" asserts="1">
              <test-case id="0-2780" name="NullableSimpleFormalParametersWithArgument(1)" fullname="NUnit.Framework.Attributes.TestCaseAttributeTests.NullableSimpleFormalParametersWithArgument(1)" methodname="NullableSimpleFormalParametersWithArgument" classname="NUnit.Framework.Attributes.TestCaseAttributeTests" runstate="Runnable" seed="214278264" result="Passed" start-time="2016-02-19 11:52:45Z" end-time="2016-02-19 11:52:45Z" duration="0.000439" asserts="1" />
            </test-suite>
            <test-suite type="ParameterizedMethod" id="0-2783" name="NullableSimpleFormalParametersWithNullArgument" fullname="NUnit.Framework.Attributes.TestCaseAttributeTests.NullableSimpleFormalParametersWithNullArgument" runstate="Runnable" testcasecount="1" result="Passed" start-time="2016-02-19 11:52:45Z" end-time="2016-02-19 11:52:45Z" duration="0.000735" total="1" passed="1" failed="0" inconclusive="0" skipped="0" asserts="1">
              <test-case id="0-2782" name="NullableSimpleFormalParametersWithNullArgument(null)" fullname="NUnit.Framework.Attributes.TestCaseAttributeTests.NullableSimpleFormalParametersWithNullArgument(null)" methodname="NullableSimpleFormalParametersWithNullArgument" classname="NUnit.Framework.Attributes.TestCaseAttributeTests" runstate="Runnable" seed="1106186295" result="Passed" start-time="2016-02-19 11:52:45Z" end-time="2016-02-19 11:52:45Z" duration="0.000393" asserts="1" />
            </test-suite>
            <test-suite type="ParameterizedMethod" id="0-2722" name="ResultCanBeNull" fullname="NUnit.Framework.Attributes.TestCaseAttributeTests.ResultCanBeNull" runstate="Runnable" testcasecount="1" result="Passed" start-time="2016-02-19 11:52:45Z" end-time="2016-02-19 11:52:45Z" duration="0.000765" total="1" passed="1" failed="0" inconclusive="0" skipped="0" asserts="1">
              <test-case id="0-2721" name="ResultCanBeNull()" fullname="NUnit.Framework.Attributes.TestCaseAttributeTests.ResultCanBeNull()" methodname="ResultCanBeNull" classname="NUnit.Framework.Attributes.TestCaseAttributeTests" runstate="Runnable" seed="2116193295" result="Passed" start-time="2016-02-19 11:52:45Z" end-time="2016-02-19 11:52:45Z" duration="0.000201" asserts="1" />
            </test-suite>
            <test-suite type="ParameterizedMethod" id="0-2775" name="SupportsNullableDateTime" fullname="NUnit.Framework.Attributes.TestCaseAttributeTests.SupportsNullableDateTime" runstate="Runnable" testcasecount="1" result="Passed" start-time="2016-02-19 11:52:45Z" end-time="2016-02-19 11:52:45Z" duration="0.000852" total="1" passed="1" failed="0" inconclusive="0" skipped="0" asserts="1">
              <test-case id="0-2774" name="SupportsNullableDateTime(null)" fullname="NUnit.Framework.Attributes.TestCaseAttributeTests.SupportsNullableDateTime(null)" methodname="SupportsNullableDateTime" classname="NUnit.Framework.Attributes.TestCaseAttributeTests" runstate="Runnable" seed="339818873" result="Passed" start-time="2016-02-19 11:52:45Z" end-time="2016-02-19 11:52:45Z" duration="0.000468" asserts="1" />
            </test-suite>
            <test-suite type="ParameterizedMethod" id="0-2761" name="SupportsNullableDecimal" fullname="NUnit.Framework.Attributes.TestCaseAttributeTests.SupportsNullableDecimal" runstate="Runnable" testcasecount="1" result="Passed" start-time="2016-02-19 11:52:45Z" end-time="2016-02-19 11:52:45Z" duration="0.000418" total="1" passed="1" failed="0" inconclusive="0" skipped="0" asserts="1">
              <test-case id="0-2760" name="SupportsNullableDecimal(null)" fullname="NUnit.Framework.Attributes.TestCaseAttributeTests.SupportsNullableDecimal(null)" methodname="SupportsNullableDecimal" classname="NUnit.Framework.Attributes.TestCaseAttributeTests" runstate="Runnable" seed="1056310088" result="Passed" start-time="2016-02-19 11:52:45Z" end-time="2016-02-19 11:52:45Z" duration="0.000247" asserts="1" />
            </test-suite>
            <test-suite type="ParameterizedMethod" id="0-2779" name="SupportsNullableTimeSpan" fullname="NUnit.Framework.Attributes.TestCaseAttributeTests.SupportsNullableTimeSpan" runstate="Runnable" testcasecount="1" result="Passed" start-time="2016-02-19 11:52:45Z" end-time="2016-02-19 11:52:45Z" duration="0.000585" total="1" passed="1" failed="0" inconclusive="0" skipped="0" asserts="1">
              <test-case id="0-2778" name="SupportsNullableTimeSpan(null)" fullname="NUnit.Framework.Attributes.TestCaseAttributeTests.SupportsNullableTimeSpan(null)" methodname="SupportsNullableTimeSpan" classname="NUnit.Framework.Attributes.TestCaseAttributeTests" runstate="Runnable" seed="829872863" result="Passed" start-time="2016-02-19 11:52:45Z" end-time="2016-02-19 11:52:45Z" duration="0.000333" asserts="1" />
            </test-suite>
            <test-suite type="ParameterizedMethod" id="0-2705" name="TestCaseRunnableState" fullname="NUnit.Framework.Attributes.TestCaseAttributeTests.TestCaseRunnableState" runstate="Runnable" testcasecount="3" result="Passed" start-time="2016-02-19 11:52:45Z" end-time="2016-02-19 11:52:45Z" duration="0.018924" total="3" passed="3" failed="0" inconclusive="0" skipped="0" asserts="6">
              <test-case id="0-2702" name="TestCaseRunnableState(&quot;MethodCausesConversionOverflow&quot;,NotRunnable)" fullname="NUnit.Framework.Attributes.TestCaseAttributeTests.TestCaseRunnableState(&quot;MethodCausesConversionOverflow&quot;,NotRunnable)" methodname="TestCaseRunnableState" classname="NUnit.Framework.Attributes.TestCaseAttributeTests" runstate="Runnable" seed="858412649" result="Passed" start-time="2016-02-19 11:52:45Z" end-time="2016-02-19 11:52:45Z" duration="0.016621" asserts="2" />
              <test-case id="0-2703" name="TestCaseRunnableState(&quot;VoidTestCaseWithExpectedResult&quot;,NotRunnable)" fullname="NUnit.Framework.Attributes.TestCaseAttributeTests.TestCaseRunnableState(&quot;VoidTestCaseWithExpectedResult&quot;,NotRunnable)" methodname="TestCaseRunnableState" classname="NUnit.Framework.Attributes.TestCaseAttributeTests" runstate="Runnable" seed="1882644675" result="Passed" start-time="2016-02-19 11:52:45Z" end-time="2016-02-19 11:52:45Z" duration="0.000429" asserts="2" />
              <test-case id="0-2704" name="TestCaseRunnableState(&quot;TestCaseWithNullableReturnValueAndNul...&quot;,Runnable)" fullname="NUnit.Framework.Attributes.TestCaseAttributeTests.TestCaseRunnableState(&quot;TestCaseWithNullableReturnValueAndNul...&quot;,Runnable)" methodname="TestCaseRunnableState" classname="NUnit.Framework.Attributes.TestCaseAttributeTests" runstate="Runnable" seed="1612638953" result="Passed" start-time="2016-02-19 11:52:45Z" end-time="2016-02-19 11:52:45Z" duration="0.000268" asserts="2" />
            </test-suite>
            <test-suite type="ParameterizedMethod" id="0-2786" name="TestCaseWithNullableReturnValue" fullname="NUnit.Framework.Attributes.TestCaseAttributeTests.TestCaseWithNullableReturnValue" runstate="Runnable" testcasecount="2" result="Passed" start-time="2016-02-19 11:52:45Z" end-time="2016-02-19 11:52:45Z" duration="0.001013" total="2" passed="2" failed="0" inconclusive="0" skipped="0" asserts="2">
              <test-case id="0-2784" name="TestCaseWithNullableReturnValue(null)" fullname="NUnit.Framework.Attributes.TestCaseAttributeTests.TestCaseWithNullableReturnValue(null)" methodname="TestCaseWithNullableReturnValue" classname="NUnit.Framework.Attributes.TestCaseAttributeTests" runstate="Runnable" seed="177172553" result="Passed" start-time="2016-02-19 11:52:45Z" end-time="2016-02-19 11:52:45Z" duration="0.000245" asserts="1" />
              <test-case id="0-2785" name="TestCaseWithNullableReturnValue(1)" fullname="NUnit.Framework.Attributes.TestCaseAttributeTests.TestCaseWithNullableReturnValue(1)" methodname="TestCaseWithNullableReturnValue" classname="NUnit.Framework.Attributes.TestCaseAttributeTests" runstate="Runnable" seed="391146718" result="Passed" start-time="2016-02-19 11:52:45Z" end-time="2016-02-19 11:52:45Z" duration="0.000128" asserts="1" />
            </test-suite>
          </test-suite>
          <test-suite type="TestFixture" id="0-2629" name="RepeatAttributeTests" fullname="NUnit.Framework.Attributes.RepeatAttributeTests" classname="NUnit.Framework.Attributes.RepeatAttributeTests" runstate="Runnable" testcasecount="12" result="Passed" start-time="2016-02-19 11:52:45Z" end-time="2016-02-19 11:52:45Z" duration="0.160708" total="12" passed="12" failed="0" inconclusive="0" skipped="0" asserts="3">
            <test-case id="0-2642" name="CategoryWorksWithRepeatedTest" fullname="NUnit.Framework.Attributes.RepeatAttributeTests.CategoryWorksWithRepeatedTest" methodname="CategoryWorksWithRepeatedTest" classname="NUnit.Framework.Attributes.RepeatAttributeTests" runstate="Runnable" seed="931401539" result="Passed" start-time="2016-02-19 11:52:45Z" end-time="2016-02-19 11:52:45Z" duration="0.003088" asserts="3" />
            <test-suite type="ParameterizedMethod" id="0-2641" name="RepeatWorksAsExpected" fullname="NUnit.Framework.Attributes.RepeatAttributeTests.RepeatWorksAsExpected" runstate="Runnable" testcasecount="11" result="Passed" start-time="2016-02-19 11:52:45Z" end-time="2016-02-19 11:52:45Z" duration="0.157211" total="11" passed="11" failed="0" inconclusive="0" skipped="0" asserts="0">
              <test-case id="0-2630" name="RepeatWorksAsExpected(NUnit.TestData.RepeatingTests.RepeatFailOnFirstTryFixture,&quot;Failed(Child)&quot;,1)" fullname="NUnit.Framework.Attributes.RepeatAttributeTests.RepeatWorksAsExpected(NUnit.TestData.RepeatingTests.RepeatFailOnFirstTryFixture,&quot;Failed(Child)&quot;,1)" methodname="RepeatWorksAsExpected" classname="NUnit.Framework.Attributes.RepeatAttributeTests" runstate="Runnable" seed="2075873449" result="Passed" start-time="2016-02-19 11:52:45Z" end-time="2016-02-19 11:52:45Z" duration="0.015160" asserts="0" />
              <test-case id="0-2631" name="RepeatWorksAsExpected(NUnit.TestData.RepeatingTests.RepeatFailOnSecondTryFixture,&quot;Failed(Child)&quot;,2)" fullname="NUnit.Framework.Attributes.RepeatAttributeTests.RepeatWorksAsExpected(NUnit.TestData.RepeatingTests.RepeatFailOnSecondTryFixture,&quot;Failed(Child)&quot;,2)" methodname="RepeatWorksAsExpected" classname="NUnit.Framework.Attributes.RepeatAttributeTests" runstate="Runnable" seed="1363955798" result="Passed" start-time="2016-02-19 11:52:45Z" end-time="2016-02-19 11:52:45Z" duration="0.016292" asserts="0" />
              <test-case id="0-2632" name="RepeatWorksAsExpected(NUnit.TestData.RepeatingTests.RepeatFailOnThirdTryFixture,&quot;Failed(Child)&quot;,3)" fullname="NUnit.Framework.Attributes.RepeatAttributeTests.RepeatWorksAsExpected(NUnit.TestData.RepeatingTests.RepeatFailOnThirdTryFixture,&quot;Failed(Child)&quot;,3)" methodname="RepeatWorksAsExpected" classname="NUnit.Framework.Attributes.RepeatAttributeTests" runstate="Runnable" seed="1509434081" result="Passed" start-time="2016-02-19 11:52:45Z" end-time="2016-02-19 11:52:45Z" duration="0.015582" asserts="0" />
              <test-case id="0-2633" name="RepeatWorksAsExpected(NUnit.TestData.RepeatingTests.RepeatSuccessFixture,&quot;Passed&quot;,3)" fullname="NUnit.Framework.Attributes.RepeatAttributeTests.RepeatWorksAsExpected(NUnit.TestData.RepeatingTests.RepeatSuccessFixture,&quot;Passed&quot;,3)" methodname="RepeatWorksAsExpected" classname="NUnit.Framework.Attributes.RepeatAttributeTests" runstate="Runnable" seed="703865301" result="Passed" start-time="2016-02-19 11:52:45Z" end-time="2016-02-19 11:52:45Z" duration="0.002298" asserts="0" />
              <test-case id="0-2634" name="RepeatWorksAsExpected(NUnit.TestData.RepeatingTests.RepeatedTestWithIgnoreAttribute,&quot;Skipped:Ignored&quot;,0)" fullname="NUnit.Framework.Attributes.RepeatAttributeTests.RepeatWorksAsExpected(NUnit.TestData.RepeatingTests.RepeatedTestWithIgnoreAttribute,&quot;Skipped:Ignored&quot;,0)" methodname="RepeatWorksAsExpected" classname="NUnit.Framework.Attributes.RepeatAttributeTests" runstate="Runnable" seed="1132611090" result="Passed" start-time="2016-02-19 11:52:45Z" end-time="2016-02-19 11:52:45Z" duration="0.016017" asserts="0" />
              <test-case id="0-2635" name="RepeatWorksAsExpected(NUnit.TestData.RepeatingTests.RepeatIgnoredOnFirstTryFixture,&quot;Skipped:Ignored&quot;,1)" fullname="NUnit.Framework.Attributes.RepeatAttributeTests.RepeatWorksAsExpected(NUnit.TestData.RepeatingTests.RepeatIgnoredOnFirstTryFixture,&quot;Skipped:Ignored&quot;,1)" methodname="RepeatWorksAsExpected" classname="NUnit.Framework.Attributes.RepeatAttributeTests" runstate="Runnable" seed="1142836722" result="Passed" start-time="2016-02-19 11:52:45Z" end-time="2016-02-19 11:52:45Z" duration="0.011867" asserts="0" />
              <test-case id="0-2636" name="RepeatWorksAsExpected(NUnit.TestData.RepeatingTests.RepeatIgnoredOnSecondTryFixture,&quot;Skipped:Ignored&quot;,2)" fullname="NUnit.Framework.Attributes.RepeatAttributeTests.RepeatWorksAsExpected(NUnit.TestData.RepeatingTests.RepeatIgnoredOnSecondTryFixture,&quot;Skipped:Ignored&quot;,2)" methodname="RepeatWorksAsExpected" classname="NUnit.Framework.Attributes.RepeatAttributeTests" runstate="Runnable" seed="196480251" result="Passed" start-time="2016-02-19 11:52:45Z" end-time="2016-02-19 11:52:45Z" duration="0.015493" asserts="0" />
              <test-case id="0-2637" name="RepeatWorksAsExpected(NUnit.TestData.RepeatingTests.RepeatIgnoredOnThirdTryFixture,&quot;Skipped:Ignored&quot;,3)" fullname="NUnit.Framework.Attributes.RepeatAttributeTests.RepeatWorksAsExpected(NUnit.TestData.RepeatingTests.RepeatIgnoredOnThirdTryFixture,&quot;Skipped:Ignored&quot;,3)" methodname="RepeatWorksAsExpected" classname="NUnit.Framework.Attributes.RepeatAttributeTests" runstate="Runnable" seed="680848247" result="Passed" start-time="2016-02-19 11:52:45Z" end-time="2016-02-19 11:52:45Z" duration="0.015599" asserts="0" />
              <test-case id="0-2638" name="RepeatWorksAsExpected(NUnit.TestData.RepeatingTests.RepeatErrorOnFirstTryFixture,&quot;Failed(Child)&quot;,1)" fullname="NUnit.Framework.Attributes.RepeatAttributeTests.RepeatWorksAsExpected(NUnit.TestData.RepeatingTests.RepeatErrorOnFirstTryFixture,&quot;Failed(Child)&quot;,1)" methodname="RepeatWorksAsExpected" classname="NUnit.Framework.Attributes.RepeatAttributeTests" runstate="Runnable" seed="1268536748" result="Passed" start-time="2016-02-19 11:52:45Z" end-time="2016-02-19 11:52:45Z" duration="0.021764" asserts="0" />
              <test-case id="0-2639" name="RepeatWorksAsExpected(NUnit.TestData.RepeatingTests.RepeatErrorOnSecondTryFixture,&quot;Failed(Child)&quot;,2)" fullname="NUnit.Framework.Attributes.RepeatAttributeTests.RepeatWorksAsExpected(NUnit.TestData.RepeatingTests.RepeatErrorOnSecondTryFixture,&quot;Failed(Child)&quot;,2)" methodname="RepeatWorksAsExpected" classname="NUnit.Framework.Attributes.RepeatAttributeTests" runstate="Runnable" seed="1969906488" result="Passed" start-time="2016-02-19 11:52:45Z" end-time="2016-02-19 11:52:45Z" duration="0.009341" asserts="0" />
              <test-case id="0-2640" name="RepeatWorksAsExpected(NUnit.TestData.RepeatingTests.RepeatErrorOnThirdTryFixture,&quot;Failed(Child)&quot;,3)" fullname="NUnit.Framework.Attributes.RepeatAttributeTests.RepeatWorksAsExpected(NUnit.TestData.RepeatingTests.RepeatErrorOnThirdTryFixture,&quot;Failed(Child)&quot;,3)" methodname="RepeatWorksAsExpected" classname="NUnit.Framework.Attributes.RepeatAttributeTests" runstate="Runnable" seed="1669467832" result="Passed" start-time="2016-02-19 11:52:45Z" end-time="2016-02-19 11:52:45Z" duration="0.014837" asserts="0" />
            </test-suite>
          </test-suite>
          <test-suite type="TestFixture" id="0-2845" name="TestFixtureAttributeTests" fullname="NUnit.Framework.Attributes.TestFixtureAttributeTests" classname="NUnit.Framework.Attributes.TestFixtureAttributeTests" runstate="Runnable" testcasecount="6" result="Passed" start-time="2016-02-19 11:52:45Z" end-time="2016-02-19 11:52:45Z" duration="0.007369" total="6" passed="6" failed="0" inconclusive="0" skipped="0" asserts="12">
            <test-case id="0-2851" name="ConstructWithCombinedArgs" fullname="NUnit.Framework.Attributes.TestFixtureAttributeTests.ConstructWithCombinedArgs" methodname="ConstructWithCombinedArgs" classname="NUnit.Framework.Attributes.TestFixtureAttributeTests" runstate="Runnable" seed="2128344165" result="Passed" start-time="2016-02-19 11:52:45Z" end-time="2016-02-19 11:52:45Z" duration="0.001532" asserts="2" />
            <test-case id="0-2847" name="ConstructWithFixtureArgs" fullname="NUnit.Framework.Attributes.TestFixtureAttributeTests.ConstructWithFixtureArgs" methodname="ConstructWithFixtureArgs" classname="NUnit.Framework.Attributes.TestFixtureAttributeTests" runstate="Runnable" seed="230395917" result="Passed" start-time="2016-02-19 11:52:45Z" end-time="2016-02-19 11:52:45Z" duration="0.001926" asserts="2" />
            <test-case id="0-2850" name="ConstructWithFixtureArgsAndSetTypeArgs" fullname="NUnit.Framework.Attributes.TestFixtureAttributeTests.ConstructWithFixtureArgsAndSetTypeArgs" methodname="ConstructWithFixtureArgsAndSetTypeArgs" classname="NUnit.Framework.Attributes.TestFixtureAttributeTests" runstate="Runnable" seed="1274881733" result="Passed" start-time="2016-02-19 11:52:45Z" end-time="2016-02-19 11:52:45Z" duration="0.000910" asserts="2" />
            <test-case id="0-2848" name="ConstructWithJustTypeArgs" fullname="NUnit.Framework.Attributes.TestFixtureAttributeTests.ConstructWithJustTypeArgs" methodname="ConstructWithJustTypeArgs" classname="NUnit.Framework.Attributes.TestFixtureAttributeTests" runstate="Runnable" seed="1990295559" result="Passed" start-time="2016-02-19 11:52:45Z" end-time="2016-02-19 11:52:45Z" duration="0.000498" asserts="2" />
            <test-case id="0-2849" name="ConstructWithNoArgumentsAndSetTypeArgs" fullname="NUnit.Framework.Attributes.TestFixtureAttributeTests.ConstructWithNoArgumentsAndSetTypeArgs" methodname="ConstructWithNoArgumentsAndSetTypeArgs" classname="NUnit.Framework.Attributes.TestFixtureAttributeTests" runstate="Runnable" seed="1785163089" result="Passed" start-time="2016-02-19 11:52:45Z" end-time="2016-02-19 11:52:45Z" duration="0.000663" asserts="2" />
            <test-case id="0-2846" name="ConstructWithoutArguments" fullname="NUnit.Framework.Attributes.TestFixtureAttributeTests.ConstructWithoutArguments" methodname="ConstructWithoutArguments" classname="NUnit.Framework.Attributes.TestFixtureAttributeTests" runstate="Runnable" seed="1579364155" result="Passed" start-time="2016-02-19 11:52:45Z" end-time="2016-02-19 11:52:45Z" duration="0.000533" asserts="2" />
          </test-suite>
          <test-suite type="TestFixture" id="0-2787" name="TestCaseSourceTests" fullname="NUnit.Framework.Attributes.TestCaseSourceTests" classname="NUnit.Framework.Attributes.TestCaseSourceTests" runstate="Runnable" testcasecount="42" result="Passed" start-time="2016-02-19 11:52:45Z" end-time="2016-02-19 11:52:45Z" duration="0.047232" total="42" passed="41" failed="0" inconclusive="0" skipped="1" asserts="53">
            <test-case id="0-2838" name="CanIgnoreIndividualTestCases" fullname="NUnit.Framework.Attributes.TestCaseSourceTests.CanIgnoreIndividualTestCases" methodname="CanIgnoreIndividualTestCases" classname="NUnit.Framework.Attributes.TestCaseSourceTests" runstate="Runnable" seed="477206209" result="Passed" start-time="2016-02-19 11:52:45Z" end-time="2016-02-19 11:52:45Z" duration="0.001689" asserts="4" />
            <test-case id="0-2839" name="CanMarkIndividualTestCasesExplicit" fullname="NUnit.Framework.Attributes.TestCaseSourceTests.CanMarkIndividualTestCasesExplicit" methodname="CanMarkIndividualTestCasesExplicit" classname="NUnit.Framework.Attributes.TestCaseSourceTests" runstate="Runnable" seed="703276621" result="Passed" start-time="2016-02-19 11:52:45Z" end-time="2016-02-19 11:52:45Z" duration="0.002328" asserts="5" />
            <test-case id="0-2840" name="HandlesExceptionInTestCaseSource" fullname="NUnit.Framework.Attributes.TestCaseSourceTests.HandlesExceptionInTestCaseSource" methodname="HandlesExceptionInTestCaseSource" classname="NUnit.Framework.Attributes.TestCaseSourceTests" runstate="Runnable" seed="170780525" result="Passed" start-time="2016-02-19 11:52:45Z" end-time="2016-02-19 11:52:45Z" duration="0.002276" asserts="2" />
            <test-suite type="ParameterizedMethod" id="0-2842" name="HandlesExceptionInTestCaseSource_GuiDisplay" fullname="NUnit.Framework.Attributes.TestCaseSourceTests.HandlesExceptionInTestCaseSource_GuiDisplay" runstate="Explicit" testcasecount="1" result="Skipped" label="Explicit" site="SetUp" start-time="2016-02-19 11:52:45Z" end-time="2016-02-19 11:52:45Z" duration="0.000038" total="1" passed="0" failed="0" inconclusive="0" skipped="1" asserts="0">
              <properties>
                <property name="_SKIPREASON" value="" />
              </properties>
              <reason>
                <message><![CDATA[]]></message>
              </reason>
              <test-case id="0-2841" name="HandlesExceptionInTestCaseSource_GuiDisplay" fullname="NUnit.Framework.Attributes.TestCaseSourceTests.HandlesExceptionInTestCaseSource_GuiDisplay" methodname="HandlesExceptionInTestCaseSource_GuiDisplay" classname="NUnit.Framework.Attributes.TestCaseSourceTests" runstate="NotRunnable" seed="1512107488" result="Skipped" label="Explicit" site="Parent" start-time="0001-01-01 00:00:00Z" end-time="0001-01-01 00:00:00Z" duration="0.000000" asserts="0">
                <properties>
                  <property name="_SKIPREASON" value="System.Exception : my message" />
                  <property name="_PROVIDERSTACKTRACE" value="   em NUnit.Framework.Attributes.TestCaseSourceTests.&lt;get_exception_source&gt;d__38.MoveNext()&#xD;&#xA;   em NUnit.Framework.TestCaseSourceAttribute.GetTestCasesFor(IMethodInfo method)" />
                </properties>
                <reason>
                  <message><![CDATA[OneTimeSetUp: ]]></message>
                </reason>
              </test-case>
            </test-suite>
            <test-case id="0-2837" name="IgnoreTakesPrecedenceOverExpectedException" fullname="NUnit.Framework.Attributes.TestCaseSourceTests.IgnoreTakesPrecedenceOverExpectedException" methodname="IgnoreTakesPrecedenceOverExpectedException" classname="NUnit.Framework.Attributes.TestCaseSourceTests" runstate="Runnable" seed="676581416" result="Passed" start-time="2016-02-19 11:52:45Z" end-time="2016-02-19 11:52:45Z" duration="0.013837" asserts="1" />
            <test-suite type="ParameterizedMethod" id="0-2844" name="MethodTakingTwoStringArrays" fullname="NUnit.Framework.Attributes.TestCaseSourceTests.MethodTakingTwoStringArrays" runstate="Runnable" testcasecount="1" result="Passed" start-time="2016-02-19 11:52:45Z" end-time="2016-02-19 11:52:45Z" duration="0.000952" total="1" passed="1" failed="0" inconclusive="0" skipped="0" asserts="2">
              <test-case id="0-2843" name="MethodTakingTwoStringArrays(System.String[],System.String[])" fullname="NUnit.Framework.Attributes.TestCaseSourceTests.MethodTakingTwoStringArrays(System.String[],System.String[])" methodname="MethodTakingTwoStringArrays" classname="NUnit.Framework.Attributes.TestCaseSourceTests" runstate="Runnable" seed="416386858" result="Passed" start-time="2016-02-19 11:52:45Z" end-time="2016-02-19 11:52:45Z" duration="0.000696" asserts="2" />
            </test-suite>
            <test-suite type="ParameterizedMethod" id="0-2798" name="SourceCanBeInstanceOfIEnumerable" fullname="NUnit.Framework.Attributes.TestCaseSourceTests.SourceCanBeInstanceOfIEnumerable" runstate="Runnable" testcasecount="1" result="Passed" start-time="2016-02-19 11:52:45Z" end-time="2016-02-19 11:52:45Z" duration="0.000817" total="1" passed="1" failed="0" inconclusive="0" skipped="0" asserts="1">
              <test-case id="0-2797" name="SourceCanBeInstanceOfIEnumerable(&quot;DataSourceClass&quot;)" fullname="NUnit.Framework.Attributes.TestCaseSourceTests.SourceCanBeInstanceOfIEnumerable(&quot;DataSourceClass&quot;)" methodname="SourceCanBeInstanceOfIEnumerable" classname="NUnit.Framework.Attributes.TestCaseSourceTests" runstate="Runnable" seed="336019901" result="Passed" start-time="2016-02-19 11:52:45Z" end-time="2016-02-19 11:52:45Z" duration="0.000375" asserts="1" />
            </test-suite>
            <test-suite type="ParameterizedMethod" id="0-2795" name="SourceCanBeStaticField" fullname="NUnit.Framework.Attributes.TestCaseSourceTests.SourceCanBeStaticField" runstate="Runnable" testcasecount="1" result="Passed" start-time="2016-02-19 11:52:45Z" end-time="2016-02-19 11:52:45Z" duration="0.000843" total="1" passed="1" failed="0" inconclusive="0" skipped="0" asserts="1">
              <test-case id="0-2794" name="SourceCanBeStaticField(&quot;StaticField&quot;)" fullname="NUnit.Framework.Attributes.TestCaseSourceTests.SourceCanBeStaticField(&quot;StaticField&quot;)" methodname="SourceCanBeStaticField" classname="NUnit.Framework.Attributes.TestCaseSourceTests" runstate="Runnable" seed="1202066507" result="Passed" start-time="2016-02-19 11:52:45Z" end-time="2016-02-19 11:52:45Z" duration="0.000468" asserts="1" />
            </test-suite>
            <test-suite type="ParameterizedMethod" id="0-2792" name="SourceCanBeStaticMethod" fullname="NUnit.Framework.Attributes.TestCaseSourceTests.SourceCanBeStaticMethod" runstate="Runnable" testcasecount="1" result="Passed" start-time="2016-02-19 11:52:45Z" end-time="2016-02-19 11:52:45Z" duration="0.000650" total="1" passed="1" failed="0" inconclusive="0" skipped="0" asserts="1">
              <test-case id="0-2791" name="SourceCanBeStaticMethod(&quot;StaticMethod&quot;)" fullname="NUnit.Framework.Attributes.TestCaseSourceTests.SourceCanBeStaticMethod(&quot;StaticMethod&quot;)" methodname="SourceCanBeStaticMethod" classname="NUnit.Framework.Attributes.TestCaseSourceTests" runstate="Runnable" seed="644820612" result="Passed" start-time="2016-02-19 11:52:45Z" end-time="2016-02-19 11:52:45Z" duration="0.000378" asserts="1" />
            </test-suite>
            <test-suite type="ParameterizedMethod" id="0-2789" name="SourceCanBeStaticProperty" fullname="NUnit.Framework.Attributes.TestCaseSourceTests.SourceCanBeStaticProperty" runstate="Runnable" testcasecount="1" result="Passed" start-time="2016-02-19 11:52:45Z" end-time="2016-02-19 11:52:45Z" duration="0.000607" total="1" passed="1" failed="0" inconclusive="0" skipped="0" asserts="1">
              <test-case id="0-2788" name="SourceCanBeStaticProperty(&quot;StaticProperty&quot;)" fullname="NUnit.Framework.Attributes.TestCaseSourceTests.SourceCanBeStaticProperty(&quot;StaticProperty&quot;)" methodname="SourceCanBeStaticProperty" classname="NUnit.Framework.Attributes.TestCaseSourceTests" runstate="Runnable" seed="649549058" result="Passed" start-time="2016-02-19 11:52:45Z" end-time="2016-02-19 11:52:45Z" duration="0.000328" asserts="1" />
            </test-suite>
            <test-suite type="ParameterizedMethod" id="0-2832" name="SourceMayBeInAnotherClass" fullname="NUnit.Framework.Attributes.TestCaseSourceTests.SourceMayBeInAnotherClass" runstate="Runnable" testcasecount="2" result="Passed" start-time="2016-02-19 11:52:45Z" end-time="2016-02-19 11:52:45Z" duration="0.001018" total="2" passed="2" failed="0" inconclusive="0" skipped="0" asserts="2">
              <properties>
                <property name="Category" value="Top" />
              </properties>
              <test-case id="0-2830" name="SourceMayBeInAnotherClass(100,20,5)" fullname="NUnit.Framework.Attributes.TestCaseSourceTests.SourceMayBeInAnotherClass(100,20,5)" methodname="SourceMayBeInAnotherClass" classname="NUnit.Framework.Attributes.TestCaseSourceTests" runstate="Runnable" seed="451055945" result="Passed" start-time="2016-02-19 11:52:45Z" end-time="2016-02-19 11:52:45Z" duration="0.000456" asserts="1" />
              <test-case id="0-2831" name="SourceMayBeInAnotherClass(100,4,25)" fullname="NUnit.Framework.Attributes.TestCaseSourceTests.SourceMayBeInAnotherClass(100,4,25)" methodname="SourceMayBeInAnotherClass" classname="NUnit.Framework.Attributes.TestCaseSourceTests" runstate="Runnable" seed="541681406" result="Passed" start-time="2016-02-19 11:52:45Z" end-time="2016-02-19 11:52:45Z" duration="0.000087" asserts="1" />
            </test-suite>
            <test-suite type="ParameterizedMethod" id="0-2836" name="SourceMayBeInAnotherClassWithReturn" fullname="NUnit.Framework.Attributes.TestCaseSourceTests.SourceMayBeInAnotherClassWithReturn" runstate="Runnable" testcasecount="3" result="Passed" start-time="2016-02-19 11:52:45Z" end-time="2016-02-19 11:52:45Z" duration="0.001011" total="3" passed="3" failed="0" inconclusive="0" skipped="0" asserts="3">
              <test-case id="0-2833" name="TC1" fullname="NUnit.Framework.Attributes.TestCaseSourceTests.TC1" methodname="SourceMayBeInAnotherClassWithReturn" classname="NUnit.Framework.Attributes.TestCaseSourceTests" runstate="Runnable" seed="1364319273" result="Passed" start-time="2016-02-19 11:52:45Z" end-time="2016-02-19 11:52:45Z" duration="0.000187" asserts="1" />
              <test-case id="0-2834" name="TC2" fullname="NUnit.Framework.Attributes.TestCaseSourceTests.TC2" methodname="SourceMayBeInAnotherClassWithReturn" classname="NUnit.Framework.Attributes.TestCaseSourceTests" runstate="Runnable" seed="367273981" result="Passed" start-time="2016-02-19 11:52:45Z" end-time="2016-02-19 11:52:45Z" duration="0.000074" asserts="1" />
              <test-case id="0-2835" name="TC3" fullname="NUnit.Framework.Attributes.TestCaseSourceTests.TC3" methodname="SourceMayBeInAnotherClassWithReturn" classname="NUnit.Framework.Attributes.TestCaseSourceTests" runstate="Runnable" seed="1784768671" result="Passed" start-time="2016-02-19 11:52:45Z" end-time="2016-02-19 11:52:45Z" duration="0.000072" asserts="1" />
            </test-suite>
            <test-suite type="ParameterizedMethod" id="0-2810" name="SourceMayReturnArgumentsAsIntArray" fullname="NUnit.Framework.Attributes.TestCaseSourceTests.SourceMayReturnArgumentsAsIntArray" runstate="Runnable" testcasecount="3" result="Passed" start-time="2016-02-19 11:52:45Z" end-time="2016-02-19 11:52:45Z" duration="0.001284" total="3" passed="3" failed="0" inconclusive="0" skipped="0" asserts="3">
              <test-case id="0-2807" name="SourceMayReturnArgumentsAsIntArray(12,3,4)" fullname="NUnit.Framework.Attributes.TestCaseSourceTests.SourceMayReturnArgumentsAsIntArray(12,3,4)" methodname="SourceMayReturnArgumentsAsIntArray" classname="NUnit.Framework.Attributes.TestCaseSourceTests" runstate="Runnable" seed="711617316" result="Passed" start-time="2016-02-19 11:52:45Z" end-time="2016-02-19 11:52:45Z" duration="0.000442" asserts="1" />
              <test-case id="0-2808" name="SourceMayReturnArgumentsAsIntArray(12,4,3)" fullname="NUnit.Framework.Attributes.TestCaseSourceTests.SourceMayReturnArgumentsAsIntArray(12,4,3)" methodname="SourceMayReturnArgumentsAsIntArray" classname="NUnit.Framework.Attributes.TestCaseSourceTests" runstate="Runnable" seed="1934263914" result="Passed" start-time="2016-02-19 11:52:45Z" end-time="2016-02-19 11:52:45Z" duration="0.000075" asserts="1" />
              <test-case id="0-2809" name="SourceMayReturnArgumentsAsIntArray(12,6,2)" fullname="NUnit.Framework.Attributes.TestCaseSourceTests.SourceMayReturnArgumentsAsIntArray(12,6,2)" methodname="SourceMayReturnArgumentsAsIntArray" classname="NUnit.Framework.Attributes.TestCaseSourceTests" runstate="Runnable" seed="1248625556" result="Passed" start-time="2016-02-19 11:52:45Z" end-time="2016-02-19 11:52:45Z" duration="0.000071" asserts="1" />
            </test-suite>
            <test-suite type="ParameterizedMethod" id="0-2802" name="SourceMayReturnArgumentsAsObjectArray" fullname="NUnit.Framework.Attributes.TestCaseSourceTests.SourceMayReturnArgumentsAsObjectArray" runstate="Runnable" testcasecount="3" result="Passed" start-time="2016-02-19 11:52:45Z" end-time="2016-02-19 11:52:45Z" duration="0.002515" total="3" passed="3" failed="0" inconclusive="0" skipped="0" asserts="3">
              <test-case id="0-2799" name="SourceMayReturnArgumentsAsObjectArray(12,3,4)" fullname="NUnit.Framework.Attributes.TestCaseSourceTests.SourceMayReturnArgumentsAsObjectArray(12,3,4)" methodname="SourceMayReturnArgumentsAsObjectArray" classname="NUnit.Framework.Attributes.TestCaseSourceTests" runstate="Runnable" seed="626709907" result="Passed" start-time="2016-02-19 11:52:45Z" end-time="2016-02-19 11:52:45Z" duration="0.000507" asserts="1" />
              <test-case id="0-2800" name="SourceMayReturnArgumentsAsObjectArray(12,4,3)" fullname="NUnit.Framework.Attributes.TestCaseSourceTests.SourceMayReturnArgumentsAsObjectArray(12,4,3)" methodname="SourceMayReturnArgumentsAsObjectArray" classname="NUnit.Framework.Attributes.TestCaseSourceTests" runstate="Runnable" seed="282763259" result="Passed" start-time="2016-02-19 11:52:45Z" end-time="2016-02-19 11:52:45Z" duration="0.000078" asserts="1" />
              <test-case id="0-2801" name="SourceMayReturnArgumentsAsObjectArray(12,6,2)" fullname="NUnit.Framework.Attributes.TestCaseSourceTests.SourceMayReturnArgumentsAsObjectArray(12,6,2)" methodname="SourceMayReturnArgumentsAsObjectArray" classname="NUnit.Framework.Attributes.TestCaseSourceTests" runstate="Runnable" seed="1200019578" result="Passed" start-time="2016-02-19 11:52:45Z" end-time="2016-02-19 11:52:45Z" duration="0.000064" asserts="1" />
            </test-suite>
            <test-suite type="ParameterizedMethod" id="0-2818" name="SourceMayReturnArgumentsAsParamSet" fullname="NUnit.Framework.Attributes.TestCaseSourceTests.SourceMayReturnArgumentsAsParamSet" runstate="Runnable" testcasecount="2" result="Passed" start-time="2016-02-19 11:52:45Z" end-time="2016-02-19 11:52:45Z" duration="0.000732" total="2" passed="2" failed="0" inconclusive="0" skipped="0" asserts="2">
              <test-case id="0-2816" name="SourceMayReturnArgumentsAsParamSet(24,3)" fullname="NUnit.Framework.Attributes.TestCaseSourceTests.SourceMayReturnArgumentsAsParamSet(24,3)" methodname="SourceMayReturnArgumentsAsParamSet" classname="NUnit.Framework.Attributes.TestCaseSourceTests" runstate="Runnable" seed="2017317571" result="Passed" start-time="2016-02-19 11:52:45Z" end-time="2016-02-19 11:52:45Z" duration="0.000201" asserts="1" />
              <test-case id="0-2817" name="SourceMayReturnArgumentsAsParamSet(24,2)" fullname="NUnit.Framework.Attributes.TestCaseSourceTests.SourceMayReturnArgumentsAsParamSet(24,2)" methodname="SourceMayReturnArgumentsAsParamSet" classname="NUnit.Framework.Attributes.TestCaseSourceTests" runstate="Runnable" seed="814926946" result="Passed" start-time="2016-02-19 11:52:45Z" end-time="2016-02-19 11:52:45Z" duration="0.000065" asserts="1" />
            </test-suite>
            <test-suite type="ParameterizedMethod" id="0-2815" name="SourceMayReturnSinglePrimitiveArgumentAlone" fullname="NUnit.Framework.Attributes.TestCaseSourceTests.SourceMayReturnSinglePrimitiveArgumentAlone" runstate="Runnable" testcasecount="4" result="Passed" start-time="2016-02-19 11:52:45Z" end-time="2016-02-19 11:52:45Z" duration="0.001559" total="4" passed="4" failed="0" inconclusive="0" skipped="0" asserts="4">
              <test-case id="0-2811" name="SourceMayReturnSinglePrimitiveArgumentAlone(2)" fullname="NUnit.Framework.Attributes.TestCaseSourceTests.SourceMayReturnSinglePrimitiveArgumentAlone(2)" methodname="SourceMayReturnSinglePrimitiveArgumentAlone" classname="NUnit.Framework.Attributes.TestCaseSourceTests" runstate="Runnable" seed="99820393" result="Passed" start-time="2016-02-19 11:52:45Z" end-time="2016-02-19 11:52:45Z" duration="0.000456" asserts="1" />
              <test-case id="0-2812" name="SourceMayReturnSinglePrimitiveArgumentAlone(4)" fullname="NUnit.Framework.Attributes.TestCaseSourceTests.SourceMayReturnSinglePrimitiveArgumentAlone(4)" methodname="SourceMayReturnSinglePrimitiveArgumentAlone" classname="NUnit.Framework.Attributes.TestCaseSourceTests" runstate="Runnable" seed="351628456" result="Passed" start-time="2016-02-19 11:52:45Z" end-time="2016-02-19 11:52:45Z" duration="0.000074" asserts="1" />
              <test-case id="0-2813" name="SourceMayReturnSinglePrimitiveArgumentAlone(6)" fullname="NUnit.Framework.Attributes.TestCaseSourceTests.SourceMayReturnSinglePrimitiveArgumentAlone(6)" methodname="SourceMayReturnSinglePrimitiveArgumentAlone" classname="NUnit.Framework.Attributes.TestCaseSourceTests" runstate="Runnable" seed="1218211582" result="Passed" start-time="2016-02-19 11:52:45Z" end-time="2016-02-19 11:52:45Z" duration="0.000063" asserts="1" />
              <test-case id="0-2814" name="SourceMayReturnSinglePrimitiveArgumentAlone(8)" fullname="NUnit.Framework.Attributes.TestCaseSourceTests.SourceMayReturnSinglePrimitiveArgumentAlone(8)" methodname="SourceMayReturnSinglePrimitiveArgumentAlone" classname="NUnit.Framework.Attributes.TestCaseSourceTests" runstate="Runnable" seed="1542581085" result="Passed" start-time="2016-02-19 11:52:45Z" end-time="2016-02-19 11:52:45Z" duration="0.000061" asserts="1" />
            </test-suite>
            <test-case id="0-2796" name="SourceUsingInstanceFieldIsNotRunnable" fullname="NUnit.Framework.Attributes.TestCaseSourceTests.SourceUsingInstanceFieldIsNotRunnable" methodname="SourceUsingInstanceFieldIsNotRunnable" classname="NUnit.Framework.Attributes.TestCaseSourceTests" runstate="Runnable" seed="830721129" result="Passed" start-time="2016-02-19 11:52:45Z" end-time="2016-02-19 11:52:45Z" duration="0.001602" asserts="1" />
            <test-case id="0-2793" name="SourceUsingInstanceMethodIsNotRunnable" fullname="NUnit.Framework.Attributes.TestCaseSourceTests.SourceUsingInstanceMethodIsNotRunnable" methodname="SourceUsingInstanceMethodIsNotRunnable" classname="NUnit.Framework.Attributes.TestCaseSourceTests" runstate="Runnable" seed="1848973079" result="Passed" start-time="2016-02-19 11:52:45Z" end-time="2016-02-19 11:52:45Z" duration="0.001141" asserts="1" />
            <test-case id="0-2790" name="SourceUsingInstancePropertyIsNotRunnable" fullname="NUnit.Framework.Attributes.TestCaseSourceTests.SourceUsingInstancePropertyIsNotRunnable" methodname="SourceUsingInstancePropertyIsNotRunnable" classname="NUnit.Framework.Attributes.TestCaseSourceTests" runstate="Runnable" seed="1043732027" result="Passed" start-time="2016-02-19 11:52:45Z" end-time="2016-02-19 11:52:45Z" duration="0.002864" asserts="1" />
            <test-suite type="ParameterizedMethod" id="0-2806" name="TestAttributeIsOptional" fullname="NUnit.Framework.Attributes.TestCaseSourceTests.TestAttributeIsOptional" runstate="Runnable" testcasecount="3" result="Passed" start-time="2016-02-19 11:52:45Z" end-time="2016-02-19 11:52:45Z" duration="0.001376" total="3" passed="3" failed="0" inconclusive="0" skipped="0" asserts="3">
              <test-case id="0-2803" name="TestAttributeIsOptional(12,3,4)" fullname="NUnit.Framework.Attributes.TestCaseSourceTests.TestAttributeIsOptional(12,3,4)" methodname="TestAttributeIsOptional" classname="NUnit.Framework.Attributes.TestCaseSourceTests" runstate="Runnable" seed="1379499287" result="Passed" start-time="2016-02-19 11:52:45Z" end-time="2016-02-19 11:52:45Z" duration="0.000548" asserts="1" />
              <test-case id="0-2804" name="TestAttributeIsOptional(12,4,3)" fullname="NUnit.Framework.Attributes.TestCaseSourceTests.TestAttributeIsOptional(12,4,3)" methodname="TestAttributeIsOptional" classname="NUnit.Framework.Attributes.TestCaseSourceTests" runstate="Runnable" seed="781374722" result="Passed" start-time="2016-02-19 11:52:45Z" end-time="2016-02-19 11:52:45Z" duration="0.000051" asserts="1" />
              <test-case id="0-2805" name="TestAttributeIsOptional(12,6,2)" fullname="NUnit.Framework.Attributes.TestCaseSourceTests.TestAttributeIsOptional(12,6,2)" methodname="TestAttributeIsOptional" classname="NUnit.Framework.Attributes.TestCaseSourceTests" runstate="Runnable" seed="993869361" result="Passed" start-time="2016-02-19 11:52:45Z" end-time="2016-02-19 11:52:45Z" duration="0.000033" asserts="1" />
            </test-suite>
            <test-suite type="ParameterizedMethod" id="0-2825" name="TestMayUseMultipleSourceAttributes" fullname="NUnit.Framework.Attributes.TestCaseSourceTests.TestMayUseMultipleSourceAttributes" runstate="Runnable" testcasecount="6" result="Passed" start-time="2016-02-19 11:52:45Z" end-time="2016-02-19 11:52:45Z" duration="0.002204" total="6" passed="6" failed="0" inconclusive="0" skipped="0" asserts="6">
              <test-case id="0-2819" name="TestMayUseMultipleSourceAttributes(12,3,4)" fullname="NUnit.Framework.Attributes.TestCaseSourceTests.TestMayUseMultipleSourceAttributes(12,3,4)" methodname="TestMayUseMultipleSourceAttributes" classname="NUnit.Framework.Attributes.TestCaseSourceTests" runstate="Runnable" seed="813316905" result="Passed" start-time="2016-02-19 11:52:45Z" end-time="2016-02-19 11:52:45Z" duration="0.000672" asserts="1" />
              <test-case id="0-2820" name="TestMayUseMultipleSourceAttributes(12,4,3)" fullname="NUnit.Framework.Attributes.TestCaseSourceTests.TestMayUseMultipleSourceAttributes(12,4,3)" methodname="TestMayUseMultipleSourceAttributes" classname="NUnit.Framework.Attributes.TestCaseSourceTests" runstate="Runnable" seed="1607374528" result="Passed" start-time="2016-02-19 11:52:45Z" end-time="2016-02-19 11:52:45Z" duration="0.000121" asserts="1" />
              <test-case id="0-2821" name="TestMayUseMultipleSourceAttributes(12,6,2)" fullname="NUnit.Framework.Attributes.TestCaseSourceTests.TestMayUseMultipleSourceAttributes(12,6,2)" methodname="TestMayUseMultipleSourceAttributes" classname="NUnit.Framework.Attributes.TestCaseSourceTests" runstate="Runnable" seed="1625158484" result="Passed" start-time="2016-02-19 11:52:45Z" end-time="2016-02-19 11:52:45Z" duration="0.000094" asserts="1" />
              <test-case id="0-2822" name="TestMayUseMultipleSourceAttributes(12,1,12)" fullname="NUnit.Framework.Attributes.TestCaseSourceTests.TestMayUseMultipleSourceAttributes(12,1,12)" methodname="TestMayUseMultipleSourceAttributes" classname="NUnit.Framework.Attributes.TestCaseSourceTests" runstate="Runnable" seed="1948607521" result="Passed" start-time="2016-02-19 11:52:45Z" end-time="2016-02-19 11:52:45Z" duration="0.000088" asserts="1">
                <properties>
                  <property name="Category" value="Extra" />
                </properties>
              </test-case>
              <test-case id="0-2823" name="TestMayUseMultipleSourceAttributes(12,2,6)" fullname="NUnit.Framework.Attributes.TestCaseSourceTests.TestMayUseMultipleSourceAttributes(12,2,6)" methodname="TestMayUseMultipleSourceAttributes" classname="NUnit.Framework.Attributes.TestCaseSourceTests" runstate="Runnable" seed="2020488076" result="Passed" start-time="2016-02-19 11:52:45Z" end-time="2016-02-19 11:52:45Z" duration="0.000086" asserts="1">
                <properties>
                  <property name="Category" value="Extra" />
                </properties>
              </test-case>
              <test-case id="0-2824" name="TestMayUseMultipleSourceAttributes(12,2,6)" fullname="NUnit.Framework.Attributes.TestCaseSourceTests.TestMayUseMultipleSourceAttributes(12,2,6)" methodname="TestMayUseMultipleSourceAttributes" classname="NUnit.Framework.Attributes.TestCaseSourceTests" runstate="Runnable" seed="894948903" result="Passed" start-time="2016-02-19 11:52:45Z" end-time="2016-02-19 11:52:45Z" duration="0.000090" asserts="1" />
            </test-suite>
            <test-suite type="ParameterizedMethod" id="0-2829" name="TestWithFourArguments" fullname="NUnit.Framework.Attributes.TestCaseSourceTests.TestWithFourArguments" runstate="Runnable" testcasecount="3" result="Passed" start-time="2016-02-19 11:52:45Z" end-time="2016-02-19 11:52:45Z" duration="0.001391" total="3" passed="3" failed="0" inconclusive="0" skipped="0" asserts="6">
              <test-case id="0-2826" name="TestWithFourArguments(12,3,4,0)" fullname="NUnit.Framework.Attributes.TestCaseSourceTests.TestWithFourArguments(12,3,4,0)" methodname="TestWithFourArguments" classname="NUnit.Framework.Attributes.TestCaseSourceTests" runstate="Runnable" seed="1212936680" result="Passed" start-time="2016-02-19 11:52:45Z" end-time="2016-02-19 11:52:45Z" duration="0.000691" asserts="2" />
              <test-case id="0-2827" name="TestWithFourArguments(12,4,3,0)" fullname="NUnit.Framework.Attributes.TestCaseSourceTests.TestWithFourArguments(12,4,3,0)" methodname="TestWithFourArguments" classname="NUnit.Framework.Attributes.TestCaseSourceTests" runstate="Runnable" seed="1996604256" result="Passed" start-time="2016-02-19 11:52:45Z" end-time="2016-02-19 11:52:45Z" duration="0.000052" asserts="2" />
              <test-case id="0-2828" name="TestWithFourArguments(12,5,2,2)" fullname="NUnit.Framework.Attributes.TestCaseSourceTests.TestWithFourArguments(12,5,2,2)" methodname="TestWithFourArguments" classname="NUnit.Framework.Attributes.TestCaseSourceTests" runstate="Runnable" seed="1893627520" result="Passed" start-time="2016-02-19 11:52:45Z" end-time="2016-02-19 11:52:45Z" duration="0.000070" asserts="2" />
            </test-suite>
          </test-suite>
          <test-suite type="TestFixture" id="0-2648" name="RetryAttributeTests" fullname="NUnit.Framework.Attributes.RetryAttributeTests" classname="NUnit.Framework.Attributes.RetryAttributeTests" runstate="Runnable" testcasecount="12" result="Passed" start-time="2016-02-19 11:52:45Z" end-time="2016-02-19 11:52:45Z" duration="0.160356" total="12" passed="12" failed="0" inconclusive="0" skipped="0" asserts="3">
            <test-case id="0-2661" name="CategoryWorksWithRetry" fullname="NUnit.Framework.Attributes.RetryAttributeTests.CategoryWorksWithRetry" methodname="CategoryWorksWithRetry" classname="NUnit.Framework.Attributes.RetryAttributeTests" runstate="Runnable" seed="210065955" result="Passed" start-time="2016-02-19 11:52:45Z" end-time="2016-02-19 11:52:45Z" duration="0.001666" asserts="3" />
            <test-suite type="ParameterizedMethod" id="0-2660" name="RetryWorksAsExpected" fullname="NUnit.Framework.Attributes.RetryAttributeTests.RetryWorksAsExpected" runstate="Runnable" testcasecount="11" result="Passed" start-time="2016-02-19 11:52:45Z" end-time="2016-02-19 11:52:45Z" duration="0.158369" total="11" passed="11" failed="0" inconclusive="0" skipped="0" asserts="0">
              <test-case id="0-2649" name="RetryWorksAsExpected(NUnit.TestData.RepeatingTests.RetrySucceedsOnFirstTryFixture,&quot;Passed&quot;,1)" fullname="NUnit.Framework.Attributes.RetryAttributeTests.RetryWorksAsExpected(NUnit.TestData.RepeatingTests.RetrySucceedsOnFirstTryFixture,&quot;Passed&quot;,1)" methodname="RetryWorksAsExpected" classname="NUnit.Framework.Attributes.RetryAttributeTests" runstate="Runnable" seed="525167524" result="Passed" start-time="2016-02-19 11:52:45Z" end-time="2016-02-19 11:52:45Z" duration="0.017879" asserts="0" />
              <test-case id="0-2650" name="RetryWorksAsExpected(NUnit.TestData.RepeatingTests.RetrySucceedsOnSecondTryFixture,&quot;Passed&quot;,2)" fullname="NUnit.Framework.Attributes.RetryAttributeTests.RetryWorksAsExpected(NUnit.TestData.RepeatingTests.RetrySucceedsOnSecondTryFixture,&quot;Passed&quot;,2)" methodname="RetryWorksAsExpected" classname="NUnit.Framework.Attributes.RetryAttributeTests" runstate="Runnable" seed="816391034" result="Passed" start-time="2016-02-19 11:52:45Z" end-time="2016-02-19 11:52:45Z" duration="0.018389" asserts="0" />
              <test-case id="0-2651" name="RetryWorksAsExpected(NUnit.TestData.RepeatingTests.RetrySucceedsOnThirdTryFixture,&quot;Passed&quot;,3)" fullname="NUnit.Framework.Attributes.RetryAttributeTests.RetryWorksAsExpected(NUnit.TestData.RepeatingTests.RetrySucceedsOnThirdTryFixture,&quot;Passed&quot;,3)" methodname="RetryWorksAsExpected" classname="NUnit.Framework.Attributes.RetryAttributeTests" runstate="Runnable" seed="399262037" result="Passed" start-time="2016-02-19 11:52:45Z" end-time="2016-02-19 11:52:45Z" duration="0.011851" asserts="0" />
              <test-case id="0-2652" name="RetryWorksAsExpected(NUnit.TestData.RepeatingTests.RetryFailsEveryTimeFixture,&quot;Failed(Child)&quot;,3)" fullname="NUnit.Framework.Attributes.RetryAttributeTests.RetryWorksAsExpected(NUnit.TestData.RepeatingTests.RetryFailsEveryTimeFixture,&quot;Failed(Child)&quot;,3)" methodname="RetryWorksAsExpected" classname="NUnit.Framework.Attributes.RetryAttributeTests" runstate="Runnable" seed="1537551522" result="Passed" start-time="2016-02-19 11:52:45Z" end-time="2016-02-19 11:52:45Z" duration="0.015532" asserts="0" />
              <test-case id="0-2653" name="RetryWorksAsExpected(NUnit.TestData.RepeatingTests.RetryWithIgnoreAttributeFixture,&quot;Skipped:Ignored&quot;,0)" fullname="NUnit.Framework.Attributes.RetryAttributeTests.RetryWorksAsExpected(NUnit.TestData.RepeatingTests.RetryWithIgnoreAttributeFixture,&quot;Skipped:Ignored&quot;,0)" methodname="RetryWorksAsExpected" classname="NUnit.Framework.Attributes.RetryAttributeTests" runstate="Runnable" seed="1554778754" result="Passed" start-time="2016-02-19 11:52:45Z" end-time="2016-02-19 11:52:45Z" duration="0.002345" asserts="0" />
              <test-case id="0-2654" name="RetryWorksAsExpected(NUnit.TestData.RepeatingTests.RetryIgnoredOnFirstTryFixture,&quot;Skipped:Ignored&quot;,1)" fullname="NUnit.Framework.Attributes.RetryAttributeTests.RetryWorksAsExpected(NUnit.TestData.RepeatingTests.RetryIgnoredOnFirstTryFixture,&quot;Skipped:Ignored&quot;,1)" methodname="RetryWorksAsExpected" classname="NUnit.Framework.Attributes.RetryAttributeTests" runstate="Runnable" seed="18958530" result="Passed" start-time="2016-02-19 11:52:45Z" end-time="2016-02-19 11:52:45Z" duration="0.013123" asserts="0" />
              <test-case id="0-2655" name="RetryWorksAsExpected(NUnit.TestData.RepeatingTests.RetryIgnoredOnSecondTryFixture,&quot;Skipped:Ignored&quot;,2)" fullname="NUnit.Framework.Attributes.RetryAttributeTests.RetryWorksAsExpected(NUnit.TestData.RepeatingTests.RetryIgnoredOnSecondTryFixture,&quot;Skipped:Ignored&quot;,2)" methodname="RetryWorksAsExpected" classname="NUnit.Framework.Attributes.RetryAttributeTests" runstate="Runnable" seed="464877412" result="Passed" start-time="2016-02-19 11:52:45Z" end-time="2016-02-19 11:52:45Z" duration="0.021867" asserts="0" />
              <test-case id="0-2656" name="RetryWorksAsExpected(NUnit.TestData.RepeatingTests.RetryIgnoredOnThirdTryFixture,&quot;Skipped:Ignored&quot;,3)" fullname="NUnit.Framework.Attributes.RetryAttributeTests.RetryWorksAsExpected(NUnit.TestData.RepeatingTests.RetryIgnoredOnThirdTryFixture,&quot;Skipped:Ignored&quot;,3)" methodname="RetryWorksAsExpected" classname="NUnit.Framework.Attributes.RetryAttributeTests" runstate="Runnable" seed="381160623" result="Passed" start-time="2016-02-19 11:52:45Z" end-time="2016-02-19 11:52:45Z" duration="0.009261" asserts="0" />
              <test-case id="0-2657" name="RetryWorksAsExpected(NUnit.TestData.RepeatingTests.RetryErrorOnFirstTryFixture,&quot;Failed(Child)&quot;,1)" fullname="NUnit.Framework.Attributes.RetryAttributeTests.RetryWorksAsExpected(NUnit.TestData.RepeatingTests.RetryErrorOnFirstTryFixture,&quot;Failed(Child)&quot;,1)" methodname="RetryWorksAsExpected" classname="NUnit.Framework.Attributes.RetryAttributeTests" runstate="Runnable" seed="935657646" result="Passed" start-time="2016-02-19 11:52:45Z" end-time="2016-02-19 11:52:45Z" duration="0.015388" asserts="0" />
              <test-case id="0-2658" name="RetryWorksAsExpected(NUnit.TestData.RepeatingTests.RetryErrorOnSecondTryFixture,&quot;Failed(Child)&quot;,2)" fullname="NUnit.Framework.Attributes.RetryAttributeTests.RetryWorksAsExpected(NUnit.TestData.RepeatingTests.RetryErrorOnSecondTryFixture,&quot;Failed(Child)&quot;,2)" methodname="RetryWorksAsExpected" classname="NUnit.Framework.Attributes.RetryAttributeTests" runstate="Runnable" seed="1336443176" result="Passed" start-time="2016-02-19 11:52:45Z" end-time="2016-02-19 11:52:45Z" duration="0.015560" asserts="0" />
              <test-case id="0-2659" name="RetryWorksAsExpected(NUnit.TestData.RepeatingTests.RetryErrorOnThirdTryFixture,&quot;Failed(Child)&quot;,3)" fullname="NUnit.Framework.Attributes.RetryAttributeTests.RetryWorksAsExpected(NUnit.TestData.RepeatingTests.RetryErrorOnThirdTryFixture,&quot;Failed(Child)&quot;,3)" methodname="RetryWorksAsExpected" classname="NUnit.Framework.Attributes.RetryAttributeTests" runstate="Runnable" seed="1204259637" result="Passed" start-time="2016-02-19 11:52:45Z" end-time="2016-02-19 11:52:45Z" duration="0.015593" asserts="0" />
            </test-suite>
          </test-suite>
          <test-suite type="TestSuite" id="0-5003" name="Tests" fullname="NUnit.Framework.Attributes.Tests" runstate="Runnable" testcasecount="3" result="Passed" start-time="2016-02-19 11:52:43Z" end-time="2016-02-19 11:52:45Z" duration="1.408700" total="3" passed="3" failed="0" inconclusive="0" skipped="0" asserts="3">
            <test-suite type="TestFixture" id="0-2958" name="CommandWrapperTests" fullname="NUnit.Framework.Attributes.Tests.CommandWrapperTests" classname="NUnit.Framework.Attributes.Tests.CommandWrapperTests" runstate="Runnable" testcasecount="3" result="Passed" start-time="2016-02-19 11:52:45Z" end-time="2016-02-19 11:52:45Z" duration="0.009603" total="3" passed="3" failed="0" inconclusive="0" skipped="0" asserts="3">
              <test-case id="0-2959" name="CorrectExceptionThrown" fullname="NUnit.Framework.Attributes.Tests.CommandWrapperTests.CorrectExceptionThrown" methodname="CorrectExceptionThrown" classname="NUnit.Framework.Attributes.Tests.CommandWrapperTests" runstate="Runnable" seed="1429883439" result="Passed" start-time="2016-02-19 11:52:45Z" end-time="2016-02-19 11:52:45Z" duration="0.005841" asserts="1" />
              <test-case id="0-2960" name="NoExceptionThrown" fullname="NUnit.Framework.Attributes.Tests.CommandWrapperTests.NoExceptionThrown" methodname="NoExceptionThrown" classname="NUnit.Framework.Attributes.Tests.CommandWrapperTests" runstate="Runnable" seed="297366167" result="Passed" start-time="2016-02-19 11:52:45Z" end-time="2016-02-19 11:52:45Z" duration="0.001106" asserts="1" />
              <test-case id="0-2961" name="WrongExceptionThrown" fullname="NUnit.Framework.Attributes.Tests.CommandWrapperTests.WrongExceptionThrown" methodname="WrongExceptionThrown" classname="NUnit.Framework.Attributes.Tests.CommandWrapperTests" runstate="Runnable" seed="1196961800" result="Passed" start-time="2016-02-19 11:52:45Z" end-time="2016-02-19 11:52:45Z" duration="0.001920" asserts="1" />
            </test-suite>
          </test-suite>
          <test-suite type="TestFixture" id="0-2871" name="TestMethodBuilderTests" fullname="NUnit.Framework.Attributes.TestMethodBuilderTests" classname="NUnit.Framework.Attributes.TestMethodBuilderTests" runstate="Runnable" testcasecount="16" result="Passed" start-time="2016-02-19 11:52:45Z" end-time="2016-02-19 11:52:45Z" duration="0.028774" total="16" passed="16" failed="0" inconclusive="0" skipped="0" asserts="52">
            <test-case id="0-2882" name="CombinatorialAttribute_NoArgs_NoCases" fullname="NUnit.Framework.Attributes.TestMethodBuilderTests.CombinatorialAttribute_NoArgs_NoCases" methodname="CombinatorialAttribute_NoArgs_NoCases" classname="NUnit.Framework.Attributes.TestMethodBuilderTests" runstate="Runnable" seed="1590311801" result="Passed" start-time="2016-02-19 11:52:45Z" end-time="2016-02-19 11:52:45Z" duration="0.000709" asserts="1" />
            <test-case id="0-2883" name="CombinatorialAttribute_WithArgs_Runnable" fullname="NUnit.Framework.Attributes.TestMethodBuilderTests.CombinatorialAttribute_WithArgs_Runnable" methodname="CombinatorialAttribute_WithArgs_Runnable" classname="NUnit.Framework.Attributes.TestMethodBuilderTests" runstate="Runnable" seed="1021606276" result="Passed" start-time="2016-02-19 11:52:45Z" end-time="2016-02-19 11:52:45Z" duration="0.001150" asserts="7" />
            <test-case id="0-2884" name="PairwiseAttribute_NoArgs_NoCases" fullname="NUnit.Framework.Attributes.TestMethodBuilderTests.PairwiseAttribute_NoArgs_NoCases" methodname="PairwiseAttribute_NoArgs_NoCases" classname="NUnit.Framework.Attributes.TestMethodBuilderTests" runstate="Runnable" seed="502007097" result="Passed" start-time="2016-02-19 11:52:45Z" end-time="2016-02-19 11:52:45Z" duration="0.000457" asserts="1" />
            <test-case id="0-2885" name="PairwiseAttribute_WithArgs_Runnable" fullname="NUnit.Framework.Attributes.TestMethodBuilderTests.PairwiseAttribute_WithArgs_Runnable" methodname="PairwiseAttribute_WithArgs_Runnable" classname="NUnit.Framework.Attributes.TestMethodBuilderTests" runstate="Runnable" seed="600928952" result="Passed" start-time="2016-02-19 11:52:45Z" end-time="2016-02-19 11:52:45Z" duration="0.001666" asserts="7" />
            <test-case id="0-2886" name="SequentialAttribute_NoArgs_NoCases" fullname="NUnit.Framework.Attributes.TestMethodBuilderTests.SequentialAttribute_NoArgs_NoCases" methodname="SequentialAttribute_NoArgs_NoCases" classname="NUnit.Framework.Attributes.TestMethodBuilderTests" runstate="Runnable" seed="1713955115" result="Passed" start-time="2016-02-19 11:52:45Z" end-time="2016-02-19 11:52:45Z" duration="0.001512" asserts="1" />
            <test-case id="0-2887" name="SequentialAttribute_WithArgs_Runnable" fullname="NUnit.Framework.Attributes.TestMethodBuilderTests.SequentialAttribute_WithArgs_Runnable" methodname="SequentialAttribute_WithArgs_Runnable" classname="NUnit.Framework.Attributes.TestMethodBuilderTests" runstate="Runnable" seed="1876649250" result="Passed" start-time="2016-02-19 11:52:45Z" end-time="2016-02-19 11:52:45Z" duration="0.001744" asserts="4" />
            <test-case id="0-2872" name="TestAttribute_NoArgs_Runnable" fullname="NUnit.Framework.Attributes.TestMethodBuilderTests.TestAttribute_NoArgs_Runnable" methodname="TestAttribute_NoArgs_Runnable" classname="NUnit.Framework.Attributes.TestMethodBuilderTests" runstate="Runnable" seed="993455441" result="Passed" start-time="2016-02-19 11:52:45Z" end-time="2016-02-19 11:52:45Z" duration="0.000931" asserts="1" />
            <test-case id="0-2873" name="TestAttribute_WithArgs_NotRunnable" fullname="NUnit.Framework.Attributes.TestMethodBuilderTests.TestAttribute_WithArgs_NotRunnable" methodname="TestAttribute_WithArgs_NotRunnable" classname="NUnit.Framework.Attributes.TestMethodBuilderTests" runstate="Runnable" seed="742038102" result="Passed" start-time="2016-02-19 11:52:45Z" end-time="2016-02-19 11:52:45Z" duration="0.000697" asserts="1" />
            <test-case id="0-2874" name="TestCaseAttribute_NoArgs_NotRunnable" fullname="NUnit.Framework.Attributes.TestMethodBuilderTests.TestCaseAttribute_NoArgs_NotRunnable" methodname="TestCaseAttribute_NoArgs_NotRunnable" classname="NUnit.Framework.Attributes.TestMethodBuilderTests" runstate="Runnable" seed="450800100" result="Passed" start-time="2016-02-19 11:52:45Z" end-time="2016-02-19 11:52:45Z" duration="0.001307" asserts="2" />
            <test-case id="0-2875" name="TestCaseAttribute_RightArgs_Runnable" fullname="NUnit.Framework.Attributes.TestMethodBuilderTests.TestCaseAttribute_RightArgs_Runnable" methodname="TestCaseAttribute_RightArgs_Runnable" classname="NUnit.Framework.Attributes.TestMethodBuilderTests" runstate="Runnable" seed="338838731" result="Passed" start-time="2016-02-19 11:52:45Z" end-time="2016-02-19 11:52:45Z" duration="0.001294" asserts="2" />
            <test-case id="0-2876" name="TestCaseAttribute_WrongArgs_NotRunnable" fullname="NUnit.Framework.Attributes.TestMethodBuilderTests.TestCaseAttribute_WrongArgs_NotRunnable" methodname="TestCaseAttribute_WrongArgs_NotRunnable" classname="NUnit.Framework.Attributes.TestMethodBuilderTests" runstate="Runnable" seed="1285717666" result="Passed" start-time="2016-02-19 11:52:45Z" end-time="2016-02-19 11:52:45Z" duration="0.002232" asserts="2" />
            <test-case id="0-2877" name="TestCaseSourceAttribute_NoArgs_NotRunnable" fullname="NUnit.Framework.Attributes.TestMethodBuilderTests.TestCaseSourceAttribute_NoArgs_NotRunnable" methodname="TestCaseSourceAttribute_NoArgs_NotRunnable" classname="NUnit.Framework.Attributes.TestMethodBuilderTests" runstate="Runnable" seed="561889979" result="Passed" start-time="2016-02-19 11:52:45Z" end-time="2016-02-19 11:52:45Z" duration="0.002407" asserts="4" />
            <test-case id="0-2878" name="TestCaseSourceAttribute_RightArgs_Runnable" fullname="NUnit.Framework.Attributes.TestMethodBuilderTests.TestCaseSourceAttribute_RightArgs_Runnable" methodname="TestCaseSourceAttribute_RightArgs_Runnable" classname="NUnit.Framework.Attributes.TestMethodBuilderTests" runstate="Runnable" seed="1945218282" result="Passed" start-time="2016-02-19 11:52:45Z" end-time="2016-02-19 11:52:45Z" duration="0.001761" asserts="4" />
            <test-case id="0-2879" name="TestCaseSourceAttribute_WrongArgs_NotRunnable" fullname="NUnit.Framework.Attributes.TestMethodBuilderTests.TestCaseSourceAttribute_WrongArgs_NotRunnable" methodname="TestCaseSourceAttribute_WrongArgs_NotRunnable" classname="NUnit.Framework.Attributes.TestMethodBuilderTests" runstate="Runnable" seed="1464850380" result="Passed" start-time="2016-02-19 11:52:45Z" end-time="2016-02-19 11:52:45Z" duration="0.002855" asserts="4" />
            <test-case id="0-2880" name="TheoryAttribute_NoArgs_NoCases" fullname="NUnit.Framework.Attributes.TestMethodBuilderTests.TheoryAttribute_NoArgs_NoCases" methodname="TheoryAttribute_NoArgs_NoCases" classname="NUnit.Framework.Attributes.TestMethodBuilderTests" runstate="Runnable" seed="604506390" result="Passed" start-time="2016-02-19 11:52:45Z" end-time="2016-02-19 11:52:45Z" duration="0.000689" asserts="1" />
            <test-case id="0-2881" name="TheoryAttribute_WithArgs_Runnable" fullname="NUnit.Framework.Attributes.TestMethodBuilderTests.TheoryAttribute_WithArgs_Runnable" methodname="TheoryAttribute_WithArgs_Runnable" classname="NUnit.Framework.Attributes.TestMethodBuilderTests" runstate="Runnable" seed="1704894512" result="Passed" start-time="2016-02-19 11:52:45Z" end-time="2016-02-19 11:52:45Z" duration="0.002506" asserts="10" />
          </test-suite>
          <test-suite type="TestFixture" id="0-4920" name="TheoryTests+SqrtTests" fullname="NUnit.Framework.Attributes.TheoryTests+SqrtTests" classname="NUnit.Framework.Attributes.TheoryTests+SqrtTests" runstate="Runnable" testcasecount="5" result="Passed" start-time="2016-02-19 11:52:45Z" end-time="2016-02-19 11:52:45Z" duration="0.003437" total="5" passed="2" failed="0" inconclusive="3" skipped="0" asserts="4">
            <test-suite type="Theory" id="0-4926" name="SqrtTimesItselfGivesOriginal" fullname="NUnit.Framework.Attributes.TheoryTests+SqrtTests.SqrtTimesItselfGivesOriginal" runstate="Runnable" testcasecount="5" result="Passed" start-time="2016-02-19 11:52:45Z" end-time="2016-02-19 11:52:45Z" duration="0.003316" total="5" passed="2" failed="0" inconclusive="3" skipped="0" asserts="4">
              <properties>
                <property name="_JOINTYPE" value="Combinatorial" />
              </properties>
              <test-case id="0-4921" name="SqrtTimesItselfGivesOriginal(0.0d)" fullname="NUnit.Framework.Attributes.TheoryTests+SqrtTests.SqrtTimesItselfGivesOriginal(0.0d)" methodname="SqrtTimesItselfGivesOriginal" classname="NUnit.Framework.Attributes.TheoryTests+SqrtTests" runstate="Runnable" seed="1943477687" result="Passed" start-time="2016-02-19 11:52:45Z" end-time="2016-02-19 11:52:45Z" duration="0.000854" asserts="2" />
              <test-case id="0-4922" name="SqrtTimesItselfGivesOriginal(1.0d)" fullname="NUnit.Framework.Attributes.TheoryTests+SqrtTests.SqrtTimesItselfGivesOriginal(1.0d)" methodname="SqrtTimesItselfGivesOriginal" classname="NUnit.Framework.Attributes.TheoryTests+SqrtTests" runstate="Runnable" seed="1070634102" result="Passed" start-time="2016-02-19 11:52:45Z" end-time="2016-02-19 11:52:45Z" duration="0.000075" asserts="2" />
              <test-case id="0-4923" name="SqrtTimesItselfGivesOriginal(-1.0d)" fullname="NUnit.Framework.Attributes.TheoryTests+SqrtTests.SqrtTimesItselfGivesOriginal(-1.0d)" methodname="SqrtTimesItselfGivesOriginal" classname="NUnit.Framework.Attributes.TheoryTests+SqrtTests" runstate="Runnable" seed="1824405684" result="Inconclusive" start-time="2016-02-19 11:52:45Z" end-time="2016-02-19 11:52:45Z" duration="0.000758" asserts="0">
                <reason>
                  <message><![CDATA[  Expected: True
  But was:  False
]]></message>
                </reason>
              </test-case>
              <test-case id="0-4924" name="SqrtTimesItselfGivesOriginal(double.MaxValue)" fullname="NUnit.Framework.Attributes.TheoryTests+SqrtTests.SqrtTimesItselfGivesOriginal(double.MaxValue)" methodname="SqrtTimesItselfGivesOriginal" classname="NUnit.Framework.Attributes.TheoryTests+SqrtTests" runstate="Runnable" seed="1313583483" result="Inconclusive" start-time="2016-02-19 11:52:45Z" end-time="2016-02-19 11:52:45Z" duration="0.000539" asserts="0">
                <reason>
                  <message><![CDATA[  Expected: True
  But was:  False
]]></message>
                </reason>
              </test-case>
              <test-case id="0-4925" name="SqrtTimesItselfGivesOriginal(double.PositiveInfinity)" fullname="NUnit.Framework.Attributes.TheoryTests+SqrtTests.SqrtTimesItselfGivesOriginal(double.PositiveInfinity)" methodname="SqrtTimesItselfGivesOriginal" classname="NUnit.Framework.Attributes.TheoryTests+SqrtTests" runstate="Runnable" seed="1793093924" result="Inconclusive" start-time="2016-02-19 11:52:45Z" end-time="2016-02-19 11:52:45Z" duration="0.000586" asserts="0">
                <reason>
                  <message><![CDATA[  Expected: True
  But was:  False
]]></message>
                </reason>
              </test-case>
            </test-suite>
          </test-suite>
          <test-suite type="TestFixture" id="0-2888" name="TheoryTests" fullname="NUnit.Framework.Attributes.TheoryTests" classname="NUnit.Framework.Attributes.TheoryTests" runstate="Runnable" testcasecount="19" result="Passed" start-time="2016-02-19 11:52:45Z" end-time="2016-02-19 11:52:45Z" duration="0.018960" total="19" passed="18" failed="0" inconclusive="1" skipped="0" asserts="36">
            <test-case id="0-2897" name="AllValuesMayBeSuppliedByAttributes" fullname="NUnit.Framework.Attributes.TheoryTests.AllValuesMayBeSuppliedByAttributes" methodname="AllValuesMayBeSuppliedByAttributes" classname="NUnit.Framework.Attributes.TheoryTests" runstate="Runnable" seed="1822985798" result="Passed" start-time="2016-02-19 11:52:45Z" end-time="2016-02-19 11:52:45Z" duration="0.001185" asserts="3" />
            <test-suite type="Theory" id="0-2909" name="ArrayWithDatapointsAttributeIsUsed" fullname="NUnit.Framework.Attributes.TheoryTests.ArrayWithDatapointsAttributeIsUsed" runstate="Runnable" testcasecount="3" result="Passed" start-time="2016-02-19 11:52:45Z" end-time="2016-02-19 11:52:45Z" duration="0.000555" total="3" passed="3" failed="0" inconclusive="0" skipped="0" asserts="3">
              <properties>
                <property name="_JOINTYPE" value="Combinatorial" />
              </properties>
              <test-case id="0-2906" name="ArrayWithDatapointsAttributeIsUsed(&quot;xyz1&quot;)" fullname="NUnit.Framework.Attributes.TheoryTests.ArrayWithDatapointsAttributeIsUsed(&quot;xyz1&quot;)" methodname="ArrayWithDatapointsAttributeIsUsed" classname="NUnit.Framework.Attributes.TheoryTests" runstate="Runnable" seed="376526098" result="Passed" start-time="2016-02-19 11:52:45Z" end-time="2016-02-19 11:52:45Z" duration="0.000250" asserts="1" />
              <test-case id="0-2907" name="ArrayWithDatapointsAttributeIsUsed(&quot;xyz2&quot;)" fullname="NUnit.Framework.Attributes.TheoryTests.ArrayWithDatapointsAttributeIsUsed(&quot;xyz2&quot;)" methodname="ArrayWithDatapointsAttributeIsUsed" classname="NUnit.Framework.Attributes.TheoryTests" runstate="Runnable" seed="676117664" result="Passed" start-time="2016-02-19 11:52:45Z" end-time="2016-02-19 11:52:45Z" duration="0.000034" asserts="1" />
              <test-case id="0-2908" name="ArrayWithDatapointsAttributeIsUsed(&quot;xyz3&quot;)" fullname="NUnit.Framework.Attributes.TheoryTests.ArrayWithDatapointsAttributeIsUsed(&quot;xyz3&quot;)" methodname="ArrayWithDatapointsAttributeIsUsed" classname="NUnit.Framework.Attributes.TheoryTests" runstate="Runnable" seed="1013951047" result="Passed" start-time="2016-02-19 11:52:45Z" end-time="2016-02-19 11:52:45Z" duration="0.000026" asserts="1" />
            </test-suite>
            <test-case id="0-2892" name="BooleanArgumentsAreSuppliedAutomatically" fullname="NUnit.Framework.Attributes.TheoryTests.BooleanArgumentsAreSuppliedAutomatically" methodname="BooleanArgumentsAreSuppliedAutomatically" classname="NUnit.Framework.Attributes.TheoryTests" runstate="Runnable" seed="1014005404" result="Passed" start-time="2016-02-19 11:52:45Z" end-time="2016-02-19 11:52:45Z" duration="0.000651" asserts="3" />
            <test-case id="0-2893" name="DatapointAndAttributeDataMayBeCombined" fullname="NUnit.Framework.Attributes.TheoryTests.DatapointAndAttributeDataMayBeCombined" methodname="DatapointAndAttributeDataMayBeCombined" classname="NUnit.Framework.Attributes.TheoryTests" runstate="Runnable" seed="1827120369" result="Passed" start-time="2016-02-19 11:52:45Z" end-time="2016-02-19 11:52:45Z" duration="0.001154" asserts="3" />
            <test-case id="0-2896" name="EnumArgumentsAreSuppliedAutomatically" fullname="NUnit.Framework.Attributes.TheoryTests.EnumArgumentsAreSuppliedAutomatically" methodname="EnumArgumentsAreSuppliedAutomatically" classname="NUnit.Framework.Attributes.TheoryTests" runstate="Runnable" seed="394290686" result="Passed" start-time="2016-02-19 11:52:45Z" end-time="2016-02-19 11:52:45Z" duration="0.001593" asserts="3" />
            <test-suite type="Theory" id="0-2895" name="NullDatapointIsOK" fullname="NUnit.Framework.Attributes.TheoryTests.NullDatapointIsOK" runstate="Runnable" testcasecount="1" result="Passed" start-time="2016-02-19 11:52:45Z" end-time="2016-02-19 11:52:45Z" duration="0.000693" total="1" passed="1" failed="0" inconclusive="0" skipped="0" asserts="2">
              <properties>
                <property name="_JOINTYPE" value="Combinatorial" />
              </properties>
              <test-case id="0-2894" name="NullDatapointIsOK(null)" fullname="NUnit.Framework.Attributes.TheoryTests.NullDatapointIsOK(null)" methodname="NullDatapointIsOK" classname="NUnit.Framework.Attributes.TheoryTests" runstate="Runnable" seed="682320057" result="Passed" start-time="2016-02-19 11:52:45Z" end-time="2016-02-19 11:52:45Z" duration="0.000464" asserts="2" />
            </test-suite>
            <test-case id="0-2910" name="SimpleTestIgnoresDataPoints" fullname="NUnit.Framework.Attributes.TheoryTests.SimpleTestIgnoresDataPoints" methodname="SimpleTestIgnoresDataPoints" classname="NUnit.Framework.Attributes.TheoryTests" runstate="Runnable" seed="883778661" result="Passed" start-time="2016-02-19 11:52:45Z" end-time="2016-02-19 11:52:45Z" duration="0.001767" asserts="2" />
            <test-suite type="Theory" id="0-2901" name="SquareRootWithAllGoodValues" fullname="NUnit.Framework.Attributes.TheoryTests.SquareRootWithAllGoodValues" runstate="Runnable" testcasecount="3" result="Passed" start-time="2016-02-19 11:52:45Z" end-time="2016-02-19 11:52:45Z" duration="0.001254" total="3" passed="3" failed="0" inconclusive="0" skipped="0" asserts="6">
              <properties>
                <property name="_JOINTYPE" value="Combinatorial" />
              </properties>
              <test-case id="0-2898" name="SquareRootWithAllGoodValues(12.0d)" fullname="NUnit.Framework.Attributes.TheoryTests.SquareRootWithAllGoodValues(12.0d)" methodname="SquareRootWithAllGoodValues" classname="NUnit.Framework.Attributes.TheoryTests" runstate="Runnable" seed="1531208704" result="Passed" start-time="2016-02-19 11:52:45Z" end-time="2016-02-19 11:52:45Z" duration="0.000829" asserts="2" />
              <test-case id="0-2899" name="SquareRootWithAllGoodValues(4.0d)" fullname="NUnit.Framework.Attributes.TheoryTests.SquareRootWithAllGoodValues(4.0d)" methodname="SquareRootWithAllGoodValues" classname="NUnit.Framework.Attributes.TheoryTests" runstate="Runnable" seed="1545422341" result="Passed" start-time="2016-02-19 11:52:45Z" end-time="2016-02-19 11:52:45Z" duration="0.000076" asserts="2" />
              <test-case id="0-2900" name="SquareRootWithAllGoodValues(9.0d)" fullname="NUnit.Framework.Attributes.TheoryTests.SquareRootWithAllGoodValues(9.0d)" methodname="SquareRootWithAllGoodValues" classname="NUnit.Framework.Attributes.TheoryTests" runstate="Runnable" seed="2023604946" result="Passed" start-time="2016-02-19 11:52:45Z" end-time="2016-02-19 11:52:45Z" duration="0.000064" asserts="2" />
            </test-suite>
            <test-suite type="Theory" id="0-2905" name="SquareRootWithOneBadValue" fullname="NUnit.Framework.Attributes.TheoryTests.SquareRootWithOneBadValue" runstate="Runnable" testcasecount="3" result="Passed" start-time="2016-02-19 11:52:45Z" end-time="2016-02-19 11:52:45Z" duration="0.001547" total="3" passed="2" failed="0" inconclusive="1" skipped="0" asserts="4">
              <properties>
                <property name="_JOINTYPE" value="Combinatorial" />
              </properties>
              <test-case id="0-2902" name="SquareRootWithOneBadValue(12.0d)" fullname="NUnit.Framework.Attributes.TheoryTests.SquareRootWithOneBadValue(12.0d)" methodname="SquareRootWithOneBadValue" classname="NUnit.Framework.Attributes.TheoryTests" runstate="Runnable" seed="173485782" result="Passed" start-time="2016-02-19 11:52:45Z" end-time="2016-02-19 11:52:45Z" duration="0.000254" asserts="2" />
              <test-case id="0-2903" name="SquareRootWithOneBadValue(-4.0d)" fullname="NUnit.Framework.Attributes.TheoryTests.SquareRootWithOneBadValue(-4.0d)" methodname="SquareRootWithOneBadValue" classname="NUnit.Framework.Attributes.TheoryTests" runstate="Runnable" seed="1038922800" result="Inconclusive" start-time="2016-02-19 11:52:45Z" end-time="2016-02-19 11:52:45Z" duration="0.000734" asserts="0">
                <reason>
                  <message><![CDATA[  Expected: True
  But was:  False
]]></message>
                </reason>
              </test-case>
              <test-case id="0-2904" name="SquareRootWithOneBadValue(9.0d)" fullname="NUnit.Framework.Attributes.TheoryTests.SquareRootWithOneBadValue(9.0d)" methodname="SquareRootWithOneBadValue" classname="NUnit.Framework.Attributes.TheoryTests" runstate="Runnable" seed="738529840" result="Passed" start-time="2016-02-19 11:52:45Z" end-time="2016-02-19 11:52:45Z" duration="0.000069" asserts="2" />
            </test-suite>
            <test-case id="0-2911" name="TheoryFailsIfAllTestsAreInconclusive" fullname="NUnit.Framework.Attributes.TheoryTests.TheoryFailsIfAllTestsAreInconclusive" methodname="TheoryFailsIfAllTestsAreInconclusive" classname="NUnit.Framework.Attributes.TheoryTests" runstate="Runnable" seed="1832373849" result="Passed" start-time="2016-02-19 11:52:45Z" end-time="2016-02-19 11:52:45Z" duration="0.003080" asserts="1">
              <properties>
                <property name="_JOINTYPE" value="Combinatorial" />
              </properties>
            </test-case>
            <test-case id="0-2891" name="TheoryWithDatapointsIsRunnable" fullname="NUnit.Framework.Attributes.TheoryTests.TheoryWithDatapointsIsRunnable" methodname="TheoryWithDatapointsIsRunnable" classname="NUnit.Framework.Attributes.TheoryTests" runstate="Runnable" seed="1154363941" result="Passed" start-time="2016-02-19 11:52:45Z" end-time="2016-02-19 11:52:45Z" duration="0.000929" asserts="3" />
            <test-case id="0-2889" name="TheoryWithNoArgumentsIsTreatedAsTest" fullname="NUnit.Framework.Attributes.TheoryTests.TheoryWithNoArgumentsIsTreatedAsTest" methodname="TheoryWithNoArgumentsIsTreatedAsTest" classname="NUnit.Framework.Attributes.TheoryTests" runstate="Runnable" seed="1594944644" result="Passed" start-time="2016-02-19 11:52:45Z" end-time="2016-02-19 11:52:45Z" duration="0.001467" asserts="1" />
            <test-case id="0-2890" name="TheoryWithNoDatapointsIsNotRunnable" fullname="NUnit.Framework.Attributes.TheoryTests.TheoryWithNoDatapointsIsNotRunnable" methodname="TheoryWithNoDatapointsIsNotRunnable" classname="NUnit.Framework.Attributes.TheoryTests" runstate="Runnable" seed="15626646" result="Passed" start-time="2016-02-19 11:52:45Z" end-time="2016-02-19 11:52:45Z" duration="0.000887" asserts="2" />
          </test-suite>
          <test-suite type="TestFixture" id="0-2921" name="ValuesAttributeTests" fullname="NUnit.Framework.Attributes.ValuesAttributeTests" classname="NUnit.Framework.Attributes.ValuesAttributeTests" runstate="Runnable" testcasecount="7" result="Passed" start-time="2016-02-19 11:52:45Z" end-time="2016-02-19 11:52:45Z" duration="0.002946" total="7" passed="7" failed="0" inconclusive="0" skipped="0" asserts="1">
            <test-suite type="ParameterizedMethod" id="0-2932" name="CanConvertDoubleToDecimal" fullname="NUnit.Framework.Attributes.ValuesAttributeTests.CanConvertDoubleToDecimal" runstate="Runnable" testcasecount="1" result="Passed" start-time="2016-02-19 11:52:45Z" end-time="2016-02-19 11:52:45Z" duration="0.000224" total="1" passed="1" failed="0" inconclusive="0" skipped="0" asserts="0">
              <test-case id="0-2931" name="CanConvertDoubleToDecimal(12.5m)" fullname="NUnit.Framework.Attributes.ValuesAttributeTests.CanConvertDoubleToDecimal(12.5m)" methodname="CanConvertDoubleToDecimal" classname="NUnit.Framework.Attributes.ValuesAttributeTests" runstate="Runnable" seed="1915415035" result="Passed" start-time="2016-02-19 11:52:45Z" end-time="2016-02-19 11:52:45Z" duration="0.000105" asserts="0" />
            </test-suite>
            <test-suite type="ParameterizedMethod" id="0-2930" name="CanConvertIntToDecimal" fullname="NUnit.Framework.Attributes.ValuesAttributeTests.CanConvertIntToDecimal" runstate="Runnable" testcasecount="1" result="Passed" start-time="2016-02-19 11:52:45Z" end-time="2016-02-19 11:52:45Z" duration="0.000257" total="1" passed="1" failed="0" inconclusive="0" skipped="0" asserts="0">
              <test-case id="0-2929" name="CanConvertIntToDecimal(12m)" fullname="NUnit.Framework.Attributes.ValuesAttributeTests.CanConvertIntToDecimal(12m)" methodname="CanConvertIntToDecimal" classname="NUnit.Framework.Attributes.ValuesAttributeTests" runstate="Runnable" seed="1153288397" result="Passed" start-time="2016-02-19 11:52:45Z" end-time="2016-02-19 11:52:45Z" duration="0.000100" asserts="0" />
            </test-suite>
            <test-suite type="ParameterizedMethod" id="0-2926" name="CanConvertSmallIntsToByte" fullname="NUnit.Framework.Attributes.ValuesAttributeTests.CanConvertSmallIntsToByte" runstate="Runnable" testcasecount="1" result="Passed" start-time="2016-02-19 11:52:45Z" end-time="2016-02-19 11:52:45Z" duration="0.000325" total="1" passed="1" failed="0" inconclusive="0" skipped="0" asserts="0">
              <test-case id="0-2925" name="CanConvertSmallIntsToByte(5)" fullname="NUnit.Framework.Attributes.ValuesAttributeTests.CanConvertSmallIntsToByte(5)" methodname="CanConvertSmallIntsToByte" classname="NUnit.Framework.Attributes.ValuesAttributeTests" runstate="Runnable" seed="1255183096" result="Passed" start-time="2016-02-19 11:52:45Z" end-time="2016-02-19 11:52:45Z" duration="0.000108" asserts="0" />
            </test-suite>
            <test-suite type="ParameterizedMethod" id="0-2928" name="CanConvertSmallIntsToSByte" fullname="NUnit.Framework.Attributes.ValuesAttributeTests.CanConvertSmallIntsToSByte" runstate="Runnable" testcasecount="1" result="Passed" start-time="2016-02-19 11:52:45Z" end-time="2016-02-19 11:52:45Z" duration="0.000298" total="1" passed="1" failed="0" inconclusive="0" skipped="0" asserts="0">
              <test-case id="0-2927" name="CanConvertSmallIntsToSByte(5)" fullname="NUnit.Framework.Attributes.ValuesAttributeTests.CanConvertSmallIntsToSByte(5)" methodname="CanConvertSmallIntsToSByte" classname="NUnit.Framework.Attributes.ValuesAttributeTests" runstate="Runnable" seed="2060390420" result="Passed" start-time="2016-02-19 11:52:45Z" end-time="2016-02-19 11:52:45Z" duration="0.000100" asserts="0" />
            </test-suite>
            <test-suite type="ParameterizedMethod" id="0-2924" name="CanConvertSmallIntsToShort" fullname="NUnit.Framework.Attributes.ValuesAttributeTests.CanConvertSmallIntsToShort" runstate="Runnable" testcasecount="1" result="Passed" start-time="2016-02-19 11:52:45Z" end-time="2016-02-19 11:52:45Z" duration="0.000265" total="1" passed="1" failed="0" inconclusive="0" skipped="0" asserts="0">
              <test-case id="0-2923" name="CanConvertSmallIntsToShort(5)" fullname="NUnit.Framework.Attributes.ValuesAttributeTests.CanConvertSmallIntsToShort(5)" methodname="CanConvertSmallIntsToShort" classname="NUnit.Framework.Attributes.ValuesAttributeTests" runstate="Runnable" seed="77877222" result="Passed" start-time="2016-02-19 11:52:45Z" end-time="2016-02-19 11:52:45Z" duration="0.000120" asserts="0" />
            </test-suite>
            <test-suite type="ParameterizedMethod" id="0-2934" name="CanConvertStringToDecimal" fullname="NUnit.Framework.Attributes.ValuesAttributeTests.CanConvertStringToDecimal" runstate="Runnable" testcasecount="1" result="Passed" start-time="2016-02-19 11:52:45Z" end-time="2016-02-19 11:52:45Z" duration="0.000199" total="1" passed="1" failed="0" inconclusive="0" skipped="0" asserts="0">
              <test-case id="0-2933" name="CanConvertStringToDecimal(12.5m)" fullname="NUnit.Framework.Attributes.ValuesAttributeTests.CanConvertStringToDecimal(12.5m)" methodname="CanConvertStringToDecimal" classname="NUnit.Framework.Attributes.ValuesAttributeTests" runstate="Runnable" seed="246745117" result="Passed" start-time="2016-02-19 11:52:45Z" end-time="2016-02-19 11:52:45Z" duration="0.000073" asserts="0" />
            </test-suite>
            <test-case id="0-2922" name="ValuesAttributeProvidesSpecifiedValues" fullname="NUnit.Framework.Attributes.ValuesAttributeTests.ValuesAttributeProvidesSpecifiedValues" methodname="ValuesAttributeProvidesSpecifiedValues" classname="NUnit.Framework.Attributes.ValuesAttributeTests" runstate="Runnable" seed="260970254" result="Passed" start-time="2016-02-19 11:52:45Z" end-time="2016-02-19 11:52:45Z" duration="0.000919" asserts="1" />
          </test-suite>
          <test-suite type="TestFixture" id="0-2935" name="ValueSourceTests" fullname="NUnit.Framework.Attributes.ValueSourceTests" classname="NUnit.Framework.Attributes.ValueSourceTests" runstate="Runnable" testcasecount="16" result="Passed" start-time="2016-02-19 11:52:45Z" end-time="2016-02-19 11:52:45Z" duration="0.019697" total="16" passed="16" failed="0" inconclusive="0" skipped="0" asserts="16">
            <test-suite type="ParameterizedMethod" id="0-2948" name="MultipleArguments" fullname="NUnit.Framework.Attributes.ValueSourceTests.MultipleArguments" runstate="Runnable" testcasecount="3" result="Passed" start-time="2016-02-19 11:52:45Z" end-time="2016-02-19 11:52:45Z" duration="0.000948" total="3" passed="3" failed="0" inconclusive="0" skipped="0" asserts="3">
              <properties>
                <property name="_JOINTYPE" value="Sequential" />
              </properties>
              <test-case id="0-2945" name="MultipleArguments(12,3,4)" fullname="NUnit.Framework.Attributes.ValueSourceTests.MultipleArguments(12,3,4)" methodname="MultipleArguments" classname="NUnit.Framework.Attributes.ValueSourceTests" runstate="Runnable" seed="664582763" result="Passed" start-time="2016-02-19 11:52:45Z" end-time="2016-02-19 11:52:45Z" duration="0.000456" asserts="1" />
              <test-case id="0-2946" name="MultipleArguments(12,4,3)" fullname="NUnit.Framework.Attributes.ValueSourceTests.MultipleArguments(12,4,3)" methodname="MultipleArguments" classname="NUnit.Framework.Attributes.ValueSourceTests" runstate="Runnable" seed="138074876" result="Passed" start-time="2016-02-19 11:52:45Z" end-time="2016-02-19 11:52:45Z" duration="0.000063" asserts="1" />
              <test-case id="0-2947" name="MultipleArguments(12,6,2)" fullname="NUnit.Framework.Attributes.ValueSourceTests.MultipleArguments(12,6,2)" methodname="MultipleArguments" classname="NUnit.Framework.Attributes.ValueSourceTests" runstate="Runnable" seed="1004077686" result="Passed" start-time="2016-02-19 11:52:45Z" end-time="2016-02-19 11:52:45Z" duration="0.000065" asserts="1" />
            </test-suite>
            <test-suite type="ParameterizedMethod" id="0-2943" name="ValueSourceCanBeStaticField" fullname="NUnit.Framework.Attributes.ValueSourceTests.ValueSourceCanBeStaticField" runstate="Runnable" testcasecount="1" result="Passed" start-time="2016-02-19 11:52:45Z" end-time="2016-02-19 11:52:45Z" duration="0.000489" total="1" passed="1" failed="0" inconclusive="0" skipped="0" asserts="1">
              <test-case id="0-2942" name="ValueSourceCanBeStaticField(&quot;StaticField&quot;)" fullname="NUnit.Framework.Attributes.ValueSourceTests.ValueSourceCanBeStaticField(&quot;StaticField&quot;)" methodname="ValueSourceCanBeStaticField" classname="NUnit.Framework.Attributes.ValueSourceTests" runstate="Runnable" seed="1593846181" result="Passed" start-time="2016-02-19 11:52:45Z" end-time="2016-02-19 11:52:45Z" duration="0.000312" asserts="1" />
            </test-suite>
            <test-suite type="ParameterizedMethod" id="0-2940" name="ValueSourceCanBeStaticMethod" fullname="NUnit.Framework.Attributes.ValueSourceTests.ValueSourceCanBeStaticMethod" runstate="Runnable" testcasecount="1" result="Passed" start-time="2016-02-19 11:52:45Z" end-time="2016-02-19 11:52:45Z" duration="0.000483" total="1" passed="1" failed="0" inconclusive="0" skipped="0" asserts="1">
              <test-case id="0-2939" name="ValueSourceCanBeStaticMethod(&quot;StaticMethod&quot;)" fullname="NUnit.Framework.Attributes.ValueSourceTests.ValueSourceCanBeStaticMethod(&quot;StaticMethod&quot;)" methodname="ValueSourceCanBeStaticMethod" classname="NUnit.Framework.Attributes.ValueSourceTests" runstate="Runnable" seed="1191350893" result="Passed" start-time="2016-02-19 11:52:45Z" end-time="2016-02-19 11:52:45Z" duration="0.000335" asserts="1" />
            </test-suite>
            <test-suite type="ParameterizedMethod" id="0-2937" name="ValueSourceCanBeStaticProperty" fullname="NUnit.Framework.Attributes.ValueSourceTests.ValueSourceCanBeStaticProperty" runstate="Runnable" testcasecount="1" result="Passed" start-time="2016-02-19 11:52:45Z" end-time="2016-02-19 11:52:45Z" duration="0.000492" total="1" passed="1" failed="0" inconclusive="0" skipped="0" asserts="1">
              <test-case id="0-2936" name="ValueSourceCanBeStaticProperty(&quot;StaticProperty&quot;)" fullname="NUnit.Framework.Attributes.ValueSourceTests.ValueSourceCanBeStaticProperty(&quot;StaticProperty&quot;)" methodname="ValueSourceCanBeStaticProperty" classname="NUnit.Framework.Attributes.ValueSourceTests" runstate="Runnable" seed="1146038934" result="Passed" start-time="2016-02-19 11:52:45Z" end-time="2016-02-19 11:52:45Z" duration="0.000311" asserts="1" />
            </test-suite>
            <test-suite type="ParameterizedMethod" id="0-2957" name="ValueSourceMayBeGeneric" fullname="NUnit.Framework.Attributes.ValueSourceTests.ValueSourceMayBeGeneric" runstate="Runnable" testcasecount="4" result="Passed" start-time="2016-02-19 11:52:45Z" end-time="2016-02-19 11:52:45Z" duration="0.003354" total="4" passed="4" failed="0" inconclusive="0" skipped="0" asserts="4">
              <test-case id="0-2953" name="ValueSourceMayBeGeneric(1)" fullname="NUnit.Framework.Attributes.ValueSourceTests.ValueSourceMayBeGeneric(1)" methodname="ValueSourceMayBeGeneric" classname="NUnit.Framework.Attributes.ValueSourceTests" runstate="Runnable" seed="201608470" result="Passed" start-time="2016-02-19 11:52:45Z" end-time="2016-02-19 11:52:45Z" duration="0.002477" asserts="1" />
              <test-case id="0-2954" name="ValueSourceMayBeGeneric(2)" fullname="NUnit.Framework.Attributes.ValueSourceTests.ValueSourceMayBeGeneric(2)" methodname="ValueSourceMayBeGeneric" classname="NUnit.Framework.Attributes.ValueSourceTests" runstate="Runnable" seed="1541351624" result="Passed" start-time="2016-02-19 11:52:45Z" end-time="2016-02-19 11:52:45Z" duration="0.000073" asserts="1" />
              <test-case id="0-2955" name="ValueSourceMayBeGeneric(4)" fullname="NUnit.Framework.Attributes.ValueSourceTests.ValueSourceMayBeGeneric(4)" methodname="ValueSourceMayBeGeneric" classname="NUnit.Framework.Attributes.ValueSourceTests" runstate="Runnable" seed="1503938388" result="Passed" start-time="2016-02-19 11:52:45Z" end-time="2016-02-19 11:52:45Z" duration="0.000047" asserts="1" />
              <test-case id="0-2956" name="ValueSourceMayBeGeneric(8)" fullname="NUnit.Framework.Attributes.ValueSourceTests.ValueSourceMayBeGeneric(8)" methodname="ValueSourceMayBeGeneric" classname="NUnit.Framework.Attributes.ValueSourceTests" runstate="Runnable" seed="640465740" result="Passed" start-time="2016-02-19 11:52:45Z" end-time="2016-02-19 11:52:45Z" duration="0.000056" asserts="1" />
            </test-suite>
            <test-suite type="ParameterizedMethod" id="0-2952" name="ValueSourceMayBeInAnotherClass" fullname="NUnit.Framework.Attributes.ValueSourceTests.ValueSourceMayBeInAnotherClass" runstate="Runnable" testcasecount="3" result="Passed" start-time="2016-02-19 11:52:45Z" end-time="2016-02-19 11:52:45Z" duration="0.001171" total="3" passed="3" failed="0" inconclusive="0" skipped="0" asserts="3">
              <properties>
                <property name="_JOINTYPE" value="Sequential" />
              </properties>
              <test-case id="0-2949" name="ValueSourceMayBeInAnotherClass(12,3,4)" fullname="NUnit.Framework.Attributes.ValueSourceTests.ValueSourceMayBeInAnotherClass(12,3,4)" methodname="ValueSourceMayBeInAnotherClass" classname="NUnit.Framework.Attributes.ValueSourceTests" runstate="Runnable" seed="2084510379" result="Passed" start-time="2016-02-19 11:52:45Z" end-time="2016-02-19 11:52:45Z" duration="0.000487" asserts="1" />
              <test-case id="0-2950" name="ValueSourceMayBeInAnotherClass(12,4,3)" fullname="NUnit.Framework.Attributes.ValueSourceTests.ValueSourceMayBeInAnotherClass(12,4,3)" methodname="ValueSourceMayBeInAnotherClass" classname="NUnit.Framework.Attributes.ValueSourceTests" runstate="Runnable" seed="1975791187" result="Passed" start-time="2016-02-19 11:52:45Z" end-time="2016-02-19 11:52:45Z" duration="0.000073" asserts="1" />
              <test-case id="0-2951" name="ValueSourceMayBeInAnotherClass(12,6,2)" fullname="NUnit.Framework.Attributes.ValueSourceTests.ValueSourceMayBeInAnotherClass(12,6,2)" methodname="ValueSourceMayBeInAnotherClass" classname="NUnit.Framework.Attributes.ValueSourceTests" runstate="Runnable" seed="1766911728" result="Passed" start-time="2016-02-19 11:52:45Z" end-time="2016-02-19 11:52:45Z" duration="0.000060" asserts="1" />
            </test-suite>
            <test-case id="0-2944" name="ValueSourceMayNotBeInstanceField" fullname="NUnit.Framework.Attributes.ValueSourceTests.ValueSourceMayNotBeInstanceField" methodname="ValueSourceMayNotBeInstanceField" classname="NUnit.Framework.Attributes.ValueSourceTests" runstate="Runnable" seed="101168376" result="Passed" start-time="2016-02-19 11:52:45Z" end-time="2016-02-19 11:52:45Z" duration="0.001648" asserts="1" />
            <test-case id="0-2941" name="ValueSourceMayNotBeInstanceMethod" fullname="NUnit.Framework.Attributes.ValueSourceTests.ValueSourceMayNotBeInstanceMethod" methodname="ValueSourceMayNotBeInstanceMethod" classname="NUnit.Framework.Attributes.ValueSourceTests" runstate="Runnable" seed="1417947479" result="Passed" start-time="2016-02-19 11:52:45Z" end-time="2016-02-19 11:52:45Z" duration="0.008703" asserts="1" />
            <test-case id="0-2938" name="ValueSourceMayNotBeInstanceProperty" fullname="NUnit.Framework.Attributes.ValueSourceTests.ValueSourceMayNotBeInstanceProperty" methodname="ValueSourceMayNotBeInstanceProperty" classname="NUnit.Framework.Attributes.ValueSourceTests" runstate="Runnable" seed="182194992" result="Passed" start-time="2016-02-19 11:52:45Z" end-time="2016-02-19 11:52:45Z" duration="0.001353" asserts="1" />
          </test-suite>
          <test-suite type="TestFixture" id="0-2852" name="TestFixtureSourceTests" fullname="NUnit.Framework.Attributes.TestFixtureSourceTests" classname="NUnit.Framework.Attributes.TestFixtureSourceTests" runstate="Runnable" testcasecount="16" result="Passed" start-time="2016-02-19 11:52:45Z" end-time="2016-02-19 11:52:45Z" duration="0.108342" total="16" passed="16" failed="0" inconclusive="0" skipped="0" asserts="16">
            <test-case id="0-2869" name="CanIgnoreIndividualFixtures" fullname="NUnit.Framework.Attributes.TestFixtureSourceTests.CanIgnoreIndividualFixtures" methodname="CanIgnoreIndividualFixtures" classname="NUnit.Framework.Attributes.TestFixtureSourceTests" runstate="Runnable" seed="665289871" result="Passed" start-time="2016-02-19 11:52:45Z" end-time="2016-02-19 11:52:45Z" duration="0.013594" asserts="5" />
            <test-case id="0-2870" name="CanMarkIndividualFixturesExplicit" fullname="NUnit.Framework.Attributes.TestFixtureSourceTests.CanMarkIndividualFixturesExplicit" methodname="CanMarkIndividualFixturesExplicit" classname="NUnit.Framework.Attributes.TestFixtureSourceTests" runstate="Runnable" seed="971235582" result="Passed" start-time="2016-02-19 11:52:45Z" end-time="2016-02-19 11:52:45Z" duration="0.003888" asserts="5" />
            <test-suite type="ParameterizedMethod" id="0-2864" name="CheckArgument" fullname="NUnit.Framework.Attributes.TestFixtureSourceTests.CheckArgument" runstate="Runnable" testcasecount="11" result="Passed" start-time="2016-02-19 11:52:45Z" end-time="2016-02-19 11:52:45Z" duration="0.081129" total="11" passed="11" failed="0" inconclusive="0" skipped="0" asserts="0">
              <test-case id="0-2853" name="CheckArgument(NUnit.TestData.TestFixtureSourceData.StaticField_SameClass)" fullname="NUnit.Framework.Attributes.TestFixtureSourceTests.CheckArgument(NUnit.TestData.TestFixtureSourceData.StaticField_SameClass)" methodname="CheckArgument" classname="NUnit.Framework.Attributes.TestFixtureSourceTests" runstate="Runnable" seed="1274039360" result="Passed" start-time="2016-02-19 11:52:45Z" end-time="2016-02-19 11:52:45Z" duration="0.005080" asserts="0" />
              <test-case id="0-2854" name="CheckArgument(NUnit.TestData.TestFixtureSourceData.StaticProperty_SameClass)" fullname="NUnit.Framework.Attributes.TestFixtureSourceTests.CheckArgument(NUnit.TestData.TestFixtureSourceData.StaticProperty_SameClass)" methodname="CheckArgument" classname="NUnit.Framework.Attributes.TestFixtureSourceTests" runstate="Runnable" seed="1759087110" result="Passed" start-time="2016-02-19 11:52:45Z" end-time="2016-02-19 11:52:45Z" duration="0.001933" asserts="0" />
              <test-case id="0-2855" name="CheckArgument(NUnit.TestData.TestFixtureSourceData.StaticMethod_SameClass)" fullname="NUnit.Framework.Attributes.TestFixtureSourceTests.CheckArgument(NUnit.TestData.TestFixtureSourceData.StaticMethod_SameClass)" methodname="CheckArgument" classname="NUnit.Framework.Attributes.TestFixtureSourceTests" runstate="Runnable" seed="768782265" result="Passed" start-time="2016-02-19 11:52:45Z" end-time="2016-02-19 11:52:45Z" duration="0.004527" asserts="0" />
              <test-case id="0-2856" name="CheckArgument(NUnit.TestData.TestFixtureSourceData.StaticField_DifferentClass)" fullname="NUnit.Framework.Attributes.TestFixtureSourceTests.CheckArgument(NUnit.TestData.TestFixtureSourceData.StaticField_DifferentClass)" methodname="CheckArgument" classname="NUnit.Framework.Attributes.TestFixtureSourceTests" runstate="Runnable" seed="993761495" result="Passed" start-time="2016-02-19 11:52:45Z" end-time="2016-02-19 11:52:45Z" duration="0.009352" asserts="0" />
              <test-case id="0-2857" name="CheckArgument(NUnit.TestData.TestFixtureSourceData.StaticProperty_DifferentClass)" fullname="NUnit.Framework.Attributes.TestFixtureSourceTests.CheckArgument(NUnit.TestData.TestFixtureSourceData.StaticProperty_DifferentClass)" methodname="CheckArgument" classname="NUnit.Framework.Attributes.TestFixtureSourceTests" runstate="Runnable" seed="283301703" result="Passed" start-time="2016-02-19 11:52:45Z" end-time="2016-02-19 11:52:45Z" duration="0.015224" asserts="0" />
              <test-case id="0-2858" name="CheckArgument(NUnit.TestData.TestFixtureSourceData.StaticMethod_DifferentClass)" fullname="NUnit.Framework.Attributes.TestFixtureSourceTests.CheckArgument(NUnit.TestData.TestFixtureSourceData.StaticMethod_DifferentClass)" methodname="CheckArgument" classname="NUnit.Framework.Attributes.TestFixtureSourceTests" runstate="Runnable" seed="2026880469" result="Passed" start-time="2016-02-19 11:52:45Z" end-time="2016-02-19 11:52:45Z" duration="0.015674" asserts="0" />
              <test-case id="0-2859" name="CheckArgument(NUnit.TestData.TestFixtureSourceData.IEnumerableSource)" fullname="NUnit.Framework.Attributes.TestFixtureSourceTests.CheckArgument(NUnit.TestData.TestFixtureSourceData.IEnumerableSource)" methodname="CheckArgument" classname="NUnit.Framework.Attributes.TestFixtureSourceTests" runstate="Runnable" seed="1510114817" result="Passed" start-time="2016-02-19 11:52:45Z" end-time="2016-02-19 11:52:45Z" duration="0.002943" asserts="0" />
              <test-case id="0-2860" name="CheckArgument(NUnit.TestData.TestFixtureSourceData.SourceReturnsObjectArray)" fullname="NUnit.Framework.Attributes.TestFixtureSourceTests.CheckArgument(NUnit.TestData.TestFixtureSourceData.SourceReturnsObjectArray)" methodname="CheckArgument" classname="NUnit.Framework.Attributes.TestFixtureSourceTests" runstate="Runnable" seed="953205098" result="Passed" start-time="2016-02-19 11:52:45Z" end-time="2016-02-19 11:52:45Z" duration="0.006307" asserts="0" />
              <test-case id="0-2861" name="CheckArgument(NUnit.TestData.TestFixtureSourceData.SourceReturnsFixtureParameters)" fullname="NUnit.Framework.Attributes.TestFixtureSourceTests.CheckArgument(NUnit.TestData.TestFixtureSourceData.SourceReturnsFixtureParameters)" methodname="CheckArgument" classname="NUnit.Framework.Attributes.TestFixtureSourceTests" runstate="Runnable" seed="1861488537" result="Passed" start-time="2016-02-19 11:52:45Z" end-time="2016-02-19 11:52:45Z" duration="0.006415" asserts="0" />
              <test-case id="0-2862" name="CheckArgument(NUnit.TestData.TestFixtureSourceData.ExtraTestFixtureAttributeIsIgnored)" fullname="NUnit.Framework.Attributes.TestFixtureSourceTests.CheckArgument(NUnit.TestData.TestFixtureSourceData.ExtraTestFixtureAttributeIsIgnored)" methodname="CheckArgument" classname="NUnit.Framework.Attributes.TestFixtureSourceTests" runstate="Runnable" seed="840798073" result="Passed" start-time="2016-02-19 11:52:45Z" end-time="2016-02-19 11:52:45Z" duration="0.004402" asserts="0" />
              <test-case id="0-2863" name="CheckArgument(NUnit.TestData.TestFixtureSourceData.TestFixtureMayUseMultipleSourceAttributes)" fullname="NUnit.Framework.Attributes.TestFixtureSourceTests.CheckArgument(NUnit.TestData.TestFixtureSourceData.TestFixtureMayUseMultipleSourceAttributes)" methodname="CheckArgument" classname="NUnit.Framework.Attributes.TestFixtureSourceTests" runstate="Runnable" seed="1771572963" result="Passed" start-time="2016-02-19 11:52:45Z" end-time="2016-02-19 11:52:45Z" duration="0.007772" asserts="0" />
            </test-suite>
            <test-suite type="ParameterizedMethod" id="0-2868" name="CheckNotRunnable" fullname="NUnit.Framework.Attributes.TestFixtureSourceTests.CheckNotRunnable" runstate="Runnable" testcasecount="3" result="Passed" start-time="2016-02-19 11:52:45Z" end-time="2016-02-19 11:52:45Z" duration="0.009252" total="3" passed="3" failed="0" inconclusive="0" skipped="0" asserts="6">
              <test-case id="0-2865" name="CheckNotRunnable(NUnit.TestData.TestFixtureSourceData.InstanceField_SameClass)" fullname="NUnit.Framework.Attributes.TestFixtureSourceTests.CheckNotRunnable(NUnit.TestData.TestFixtureSourceData.InstanceField_SameClass)" methodname="CheckNotRunnable" classname="NUnit.Framework.Attributes.TestFixtureSourceTests" runstate="Runnable" seed="657379628" result="Passed" start-time="2016-02-19 11:52:45Z" end-time="2016-02-19 11:52:45Z" duration="0.001675" asserts="2" />
              <test-case id="0-2866" name="CheckNotRunnable(NUnit.TestData.TestFixtureSourceData.InstanceProperty_SameClass)" fullname="NUnit.Framework.Attributes.TestFixtureSourceTests.CheckNotRunnable(NUnit.TestData.TestFixtureSourceData.InstanceProperty_SameClass)" methodname="CheckNotRunnable" classname="NUnit.Framework.Attributes.TestFixtureSourceTests" runstate="Runnable" seed="834804490" result="Passed" start-time="2016-02-19 11:52:45Z" end-time="2016-02-19 11:52:45Z" duration="0.000532" asserts="2" />
              <test-case id="0-2867" name="CheckNotRunnable(NUnit.TestData.TestFixtureSourceData.InstanceMethod_SameClass)" fullname="NUnit.Framework.Attributes.TestFixtureSourceTests.CheckNotRunnable(NUnit.TestData.TestFixtureSourceData.InstanceMethod_SameClass)" methodname="CheckNotRunnable" classname="NUnit.Framework.Attributes.TestFixtureSourceTests" runstate="Runnable" seed="1892076336" result="Passed" start-time="2016-02-19 11:52:45Z" end-time="2016-02-19 11:52:45Z" duration="0.006601" asserts="2" />
            </test-suite>
          </test-suite>
          <test-suite type="TestFixture" id="0-2479" name="MaxTimeTests" fullname="NUnit.Framework.Attributes.MaxTimeTests" classname="NUnit.Framework.Attributes.MaxTimeTests" runstate="Runnable" testcasecount="6" result="Passed" start-time="2016-02-19 11:52:48Z" end-time="2016-02-19 11:52:48Z" duration="0.181069" total="6" passed="6" failed="0" inconclusive="0" skipped="0" asserts="1">
            <properties>
              <property name="ParallelScope" value="None" />
            </properties>
            <test-case id="0-2485" name="ErrorReportHasPriorityOverMaxTime" fullname="NUnit.Framework.Attributes.MaxTimeTests.ErrorReportHasPriorityOverMaxTime" methodname="ErrorReportHasPriorityOverMaxTime" classname="NUnit.Framework.Attributes.MaxTimeTests" runstate="Runnable" seed="726614125" result="Passed" start-time="2016-02-19 11:52:48Z" end-time="2016-02-19 11:52:48Z" duration="0.039173" asserts="0" />
            <test-case id="0-2483" name="FailureReport" fullname="NUnit.Framework.Attributes.MaxTimeTests.FailureReport" methodname="FailureReport" classname="NUnit.Framework.Attributes.MaxTimeTests" runstate="Runnable" seed="1266532388" result="Passed" start-time="2016-02-19 11:52:48Z" end-time="2016-02-19 11:52:48Z" duration="0.001982" asserts="1">
              <properties>
                <property name="MaxTime" value="1000" />
              </properties>
            </test-case>
            <test-case id="0-2484" name="FailureReportHasPriorityOverMaxTime" fullname="NUnit.Framework.Attributes.MaxTimeTests.FailureReportHasPriorityOverMaxTime" methodname="FailureReportHasPriorityOverMaxTime" classname="NUnit.Framework.Attributes.MaxTimeTests" runstate="Runnable" seed="1719046676" result="Passed" start-time="2016-02-19 11:52:48Z" end-time="2016-02-19 11:52:48Z" duration="0.044799" asserts="0" />
            <test-case id="0-2481" name="MaxTimeExceeded" fullname="NUnit.Framework.Attributes.MaxTimeTests.MaxTimeExceeded" methodname="MaxTimeExceeded" classname="NUnit.Framework.Attributes.MaxTimeTests" runstate="Runnable" seed="620629857" result="Passed" start-time="2016-02-19 11:52:48Z" end-time="2016-02-19 11:52:48Z" duration="0.046806" asserts="0" />
            <test-case id="0-2482" name="MaxTimeExceededOnTestCase" fullname="NUnit.Framework.Attributes.MaxTimeTests.MaxTimeExceededOnTestCase" methodname="MaxTimeExceededOnTestCase" classname="NUnit.Framework.Attributes.MaxTimeTests" runstate="Runnable" seed="1126687542" result="Passed" start-time="2016-02-19 11:52:48Z" end-time="2016-02-19 11:52:48Z" duration="0.046861" asserts="0" />
            <test-case id="0-2480" name="MaxTimeNotExceeded" fullname="NUnit.Framework.Attributes.MaxTimeTests.MaxTimeNotExceeded" methodname="MaxTimeNotExceeded" classname="NUnit.Framework.Attributes.MaxTimeTests" runstate="Runnable" seed="622083010" result="Passed" start-time="2016-02-19 11:52:48Z" end-time="2016-02-19 11:52:48Z" duration="0.000199" asserts="0">
              <properties>
                <property name="MaxTime" value="1000" />
              </properties>
            </test-case>
          </test-suite>
          <test-suite type="TestFixture" id="0-2912" name="TimeoutTests" fullname="NUnit.Framework.Attributes.TimeoutTests" classname="NUnit.Framework.Attributes.TimeoutTests" runstate="Runnable" testcasecount="8" result="Passed" start-time="2016-02-19 11:52:48Z" end-time="2016-02-19 11:52:48Z" duration="0.423058" total="8" passed="7" failed="0" inconclusive="0" skipped="1" asserts="11">
            <properties>
              <property name="ParallelScope" value="None" />
            </properties>
            <test-case id="0-2916" name="SetUpTimesOutAndTearDownIsRun" fullname="NUnit.Framework.Attributes.TimeoutTests.SetUpTimesOutAndTearDownIsRun" methodname="SetUpTimesOutAndTearDownIsRun" classname="NUnit.Framework.Attributes.TimeoutTests" runstate="Runnable" seed="45194505" result="Passed" start-time="2016-02-19 11:52:48Z" end-time="2016-02-19 11:52:48Z" duration="0.080817" asserts="3" />
            <test-case id="0-2919" name="TestTimeOutElapsed" fullname="NUnit.Framework.Attributes.TimeoutTests.TestTimeOutElapsed" methodname="TestTimeOutElapsed" classname="NUnit.Framework.Attributes.TimeoutTests" runstate="Runnable" seed="1713888633" result="Passed" start-time="2016-02-19 11:52:48Z" end-time="2016-02-19 11:52:48Z" duration="0.120666" asserts="2" />
            <test-case id="0-2918" name="TestTimeOutNotElapsed" fullname="NUnit.Framework.Attributes.TimeoutTests.TestTimeOutNotElapsed" methodname="TestTimeOutNotElapsed" classname="NUnit.Framework.Attributes.TimeoutTests" runstate="Runnable" seed="1165377637" result="Passed" start-time="2016-02-19 11:52:48Z" end-time="2016-02-19 11:52:48Z" duration="0.062592" asserts="1" />
            <test-case id="0-2920" name="TestTimeOutTestCaseWithOutElapsed" fullname="NUnit.Framework.Attributes.TimeoutTests.TestTimeOutTestCaseWithOutElapsed" methodname="TestTimeOutTestCaseWithOutElapsed" classname="NUnit.Framework.Attributes.TimeoutTests" runstate="Explicit" seed="2017948559" result="Skipped" label="Explicit" start-time="2016-02-19 11:52:48Z" end-time="2016-02-19 11:52:48Z" duration="0.000007" asserts="0">
              <properties>
                <property name="_SKIPREASON" value="Timing issue" />
              </properties>
              <reason>
                <message><![CDATA[Timing issue]]></message>
              </reason>
            </test-case>
            <test-case id="0-2915" name="TestTimesOutAndTearDownIsRun" fullname="NUnit.Framework.Attributes.TimeoutTests.TestTimesOutAndTearDownIsRun" methodname="TestTimesOutAndTearDownIsRun" classname="NUnit.Framework.Attributes.TimeoutTests" runstate="Runnable" seed="1114321418" result="Passed" start-time="2016-02-19 11:52:48Z" end-time="2016-02-19 11:52:48Z" duration="0.077934" asserts="3" />
            <test-case id="0-2913" name="TestWithTimeoutRunsOnSeparateThread" fullname="NUnit.Framework.Attributes.TimeoutTests.TestWithTimeoutRunsOnSeparateThread" methodname="TestWithTimeoutRunsOnSeparateThread" classname="NUnit.Framework.Attributes.TimeoutTests" runstate="Runnable" seed="1900184563" result="Passed" start-time="2016-02-19 11:52:48Z" end-time="2016-02-19 11:52:48Z" duration="0.000664" asserts="1">
              <properties>
                <property name="Timeout" value="50" />
              </properties>
            </test-case>
            <test-case id="0-2914" name="TestWithTimeoutRunsSetUpAndTestOnSameThread" fullname="NUnit.Framework.Attributes.TimeoutTests.TestWithTimeoutRunsSetUpAndTestOnSameThread" methodname="TestWithTimeoutRunsSetUpAndTestOnSameThread" classname="NUnit.Framework.Attributes.TimeoutTests" runstate="Runnable" seed="3814722" result="Passed" start-time="2016-02-19 11:52:48Z" end-time="2016-02-19 11:52:48Z" duration="0.000487" asserts="1">
              <properties>
                <property name="Timeout" value="50" />
              </properties>
            </test-case>
            <test-case id="0-2917" name="TimeoutCanBeSetOnTestFixture" fullname="NUnit.Framework.Attributes.TimeoutTests.TimeoutCanBeSetOnTestFixture" methodname="TimeoutCanBeSetOnTestFixture" classname="NUnit.Framework.Attributes.TimeoutTests" runstate="Runnable" seed="1776288176" result="Passed" start-time="2016-02-19 11:52:48Z" end-time="2016-02-19 11:52:48Z" duration="0.077708" asserts="0" />
          </test-suite>
        </test-suite>
        <test-suite type="TestSuite" id="0-5000" name="Constraints" fullname="NUnit.Framework.Constraints" runstate="Runnable" testcasecount="974" result="Passed" start-time="2016-02-19 11:52:43Z" end-time="2016-02-19 11:52:55Z" duration="11.229762" total="974" passed="874" failed="0" inconclusive="100" skipped="0" asserts="1019">
          <test-suite type="TestFixture" id="0-1415" name="AllItemsConstraintTests" fullname="NUnit.Framework.Constraints.AllItemsConstraintTests" classname="NUnit.Framework.Constraints.AllItemsConstraintTests" runstate="Runnable" testcasecount="9" result="Passed" start-time="2016-02-19 11:52:45Z" end-time="2016-02-19 11:52:45Z" duration="0.017183" total="9" passed="9" failed="0" inconclusive="0" skipped="0" asserts="18">
            <test-case id="0-1418" name="AllItemsAreInRange" fullname="NUnit.Framework.Constraints.AllItemsConstraintTests.AllItemsAreInRange" methodname="AllItemsAreInRange" classname="NUnit.Framework.Constraints.AllItemsConstraintTests" runstate="Runnable" seed="862037624" result="Passed" start-time="2016-02-19 11:52:45Z" end-time="2016-02-19 11:52:45Z" duration="0.001021" asserts="1" />
            <test-case id="0-1420" name="AllItemsAreInRange_UsingGenericComparer" fullname="NUnit.Framework.Constraints.AllItemsConstraintTests.AllItemsAreInRange_UsingGenericComparer" methodname="AllItemsAreInRange_UsingGenericComparer" classname="NUnit.Framework.Constraints.AllItemsConstraintTests" runstate="Runnable" seed="925991681" result="Passed" start-time="2016-02-19 11:52:45Z" end-time="2016-02-19 11:52:45Z" duration="0.004685" asserts="2" />
            <test-case id="0-1421" name="AllItemsAreInRange_UsingGenericComparison" fullname="NUnit.Framework.Constraints.AllItemsConstraintTests.AllItemsAreInRange_UsingGenericComparison" methodname="AllItemsAreInRange_UsingGenericComparison" classname="NUnit.Framework.Constraints.AllItemsConstraintTests" runstate="Runnable" seed="1487467183" result="Passed" start-time="2016-02-19 11:52:45Z" end-time="2016-02-19 11:52:45Z" duration="0.002993" asserts="2" />
            <test-case id="0-1419" name="AllItemsAreInRange_UsingIComparer" fullname="NUnit.Framework.Constraints.AllItemsConstraintTests.AllItemsAreInRange_UsingIComparer" methodname="AllItemsAreInRange_UsingIComparer" classname="NUnit.Framework.Constraints.AllItemsConstraintTests" runstate="Runnable" seed="124085332" result="Passed" start-time="2016-02-19 11:52:45Z" end-time="2016-02-19 11:52:45Z" duration="0.001307" asserts="2" />
            <test-case id="0-1422" name="AllItemsAreInRangeFailureMessage" fullname="NUnit.Framework.Constraints.AllItemsConstraintTests.AllItemsAreInRangeFailureMessage" methodname="AllItemsAreInRangeFailureMessage" classname="NUnit.Framework.Constraints.AllItemsConstraintTests" runstate="Runnable" seed="15143984" result="Passed" start-time="2016-02-19 11:52:45Z" end-time="2016-02-19 11:52:45Z" duration="0.001601" asserts="3" />
            <test-case id="0-1423" name="AllItemsAreInstancesOfType" fullname="NUnit.Framework.Constraints.AllItemsConstraintTests.AllItemsAreInstancesOfType" methodname="AllItemsAreInstancesOfType" classname="NUnit.Framework.Constraints.AllItemsConstraintTests" runstate="Runnable" seed="1161641675" result="Passed" start-time="2016-02-19 11:52:45Z" end-time="2016-02-19 11:52:45Z" duration="0.000635" asserts="1" />
            <test-case id="0-1424" name="AllItemsAreInstancesOfTypeFailureMessage" fullname="NUnit.Framework.Constraints.AllItemsConstraintTests.AllItemsAreInstancesOfTypeFailureMessage" methodname="AllItemsAreInstancesOfTypeFailureMessage" classname="NUnit.Framework.Constraints.AllItemsConstraintTests" runstate="Runnable" seed="971336173" result="Passed" start-time="2016-02-19 11:52:45Z" end-time="2016-02-19 11:52:45Z" duration="0.001539" asserts="3" />
            <test-case id="0-1416" name="AllItemsAreNotNull" fullname="NUnit.Framework.Constraints.AllItemsConstraintTests.AllItemsAreNotNull" methodname="AllItemsAreNotNull" classname="NUnit.Framework.Constraints.AllItemsConstraintTests" runstate="Runnable" seed="686867971" result="Passed" start-time="2016-02-19 11:52:45Z" end-time="2016-02-19 11:52:45Z" duration="0.001181" asserts="1" />
            <test-case id="0-1417" name="AllItemsAreNotNullFails" fullname="NUnit.Framework.Constraints.AllItemsConstraintTests.AllItemsAreNotNullFails" methodname="AllItemsAreNotNullFails" classname="NUnit.Framework.Constraints.AllItemsConstraintTests" runstate="Runnable" seed="1397347232" result="Passed" start-time="2016-02-19 11:52:45Z" end-time="2016-02-19 11:52:45Z" duration="0.001261" asserts="3" />
          </test-suite>
          <test-suite type="TestFixture" id="0-1507" name="AssignableFromConstraintTests" fullname="NUnit.Framework.Constraints.AssignableFromConstraintTests" classname="NUnit.Framework.Constraints.AssignableFromConstraintTests" runstate="Runnable" testcasecount="5" result="Passed" start-time="2016-02-19 11:52:45Z" end-time="2016-02-19 11:52:45Z" duration="0.006444" total="5" passed="5" failed="0" inconclusive="0" skipped="0" asserts="4">
            <test-suite type="ParameterizedMethod" id="0-1512" name="FailsWithBadValues" fullname="NUnit.Framework.Constraints.AssignableFromConstraintTests.FailsWithBadValues" runstate="Runnable" testcasecount="1" result="Passed" start-time="2016-02-19 11:52:45Z" end-time="2016-02-19 11:52:45Z" duration="0.001428" total="1" passed="1" failed="0" inconclusive="0" skipped="0" asserts="2">
              <test-case id="0-1511" name="FailsWithBadValues(NUnit.Framework.Constraints.AssignableFromConstraintTests+D2,&quot;&lt;NUnit.Framework.Constraints.Assignab...&quot;)" fullname="NUnit.Framework.Constraints.AssignableFromConstraintTests.FailsWithBadValues(NUnit.Framework.Constraints.AssignableFromConstraintTests+D2,&quot;&lt;NUnit.Framework.Constraints.Assignab...&quot;)" methodname="FailsWithBadValues" classname="NUnit.Framework.Constraints.AssignableFromConstraintTests" runstate="Runnable" seed="761834145" result="Passed" start-time="2016-02-19 11:52:45Z" end-time="2016-02-19 11:52:45Z" duration="0.001256" asserts="2" />
            </test-suite>
            <test-case id="0-1513" name="ProvidesProperDescription" fullname="NUnit.Framework.Constraints.AssignableFromConstraintTests.ProvidesProperDescription" methodname="ProvidesProperDescription" classname="NUnit.Framework.Constraints.AssignableFromConstraintTests" runstate="Runnable" seed="582707025" result="Passed" start-time="2016-02-19 11:52:45Z" end-time="2016-02-19 11:52:45Z" duration="0.000425" asserts="1" />
            <test-case id="0-1514" name="ProvidesProperStringRepresentation" fullname="NUnit.Framework.Constraints.AssignableFromConstraintTests.ProvidesProperStringRepresentation" methodname="ProvidesProperStringRepresentation" classname="NUnit.Framework.Constraints.AssignableFromConstraintTests" runstate="Runnable" seed="333227866" result="Passed" start-time="2016-02-19 11:52:45Z" end-time="2016-02-19 11:52:45Z" duration="0.000612" asserts="1" />
            <test-suite type="ParameterizedMethod" id="0-1510" name="SucceedsWithGoodValues" fullname="NUnit.Framework.Constraints.AssignableFromConstraintTests.SucceedsWithGoodValues" runstate="Runnable" testcasecount="2" result="Passed" start-time="2016-02-19 11:52:45Z" end-time="2016-02-19 11:52:45Z" duration="0.003201" total="2" passed="2" failed="0" inconclusive="0" skipped="0" asserts="0">
              <test-case id="0-1508" name="SucceedsWithGoodValues(NUnit.Framework.Constraints.AssignableFromConstraintTests+D1)" fullname="NUnit.Framework.Constraints.AssignableFromConstraintTests.SucceedsWithGoodValues(NUnit.Framework.Constraints.AssignableFromConstraintTests+D1)" methodname="SucceedsWithGoodValues" classname="NUnit.Framework.Constraints.AssignableFromConstraintTests" runstate="Runnable" seed="1711539650" result="Passed" start-time="2016-02-19 11:52:45Z" end-time="2016-02-19 11:52:45Z" duration="0.000603" asserts="0" />
              <test-case id="0-1509" name="SucceedsWithGoodValues(NUnit.Framework.Constraints.AssignableFromConstraintTests+B)" fullname="NUnit.Framework.Constraints.AssignableFromConstraintTests.SucceedsWithGoodValues(NUnit.Framework.Constraints.AssignableFromConstraintTests+B)" methodname="SucceedsWithGoodValues" classname="NUnit.Framework.Constraints.AssignableFromConstraintTests" runstate="Runnable" seed="285663152" result="Passed" start-time="2016-02-19 11:52:45Z" end-time="2016-02-19 11:52:45Z" duration="0.000092" asserts="0" />
            </test-suite>
          </test-suite>
          <test-suite type="TestFixture" id="0-1425" name="AndConstraintTests" fullname="NUnit.Framework.Constraints.AndConstraintTests" classname="NUnit.Framework.Constraints.AndConstraintTests" runstate="Runnable" testcasecount="7" result="Passed" start-time="2016-02-19 11:52:45Z" end-time="2016-02-19 11:52:45Z" duration="0.009598" total="7" passed="7" failed="0" inconclusive="0" skipped="0" asserts="9">
            <test-case id="0-1426" name="CanCombineTestsWithAndOperator" fullname="NUnit.Framework.Constraints.AndConstraintTests.CanCombineTestsWithAndOperator" methodname="CanCombineTestsWithAndOperator" classname="NUnit.Framework.Constraints.AndConstraintTests" runstate="Runnable" seed="785701456" result="Passed" start-time="2016-02-19 11:52:45Z" end-time="2016-02-19 11:52:45Z" duration="0.001780" asserts="1" />
            <test-suite type="ParameterizedMethod" id="0-1432" name="FailsWithBadValues" fullname="NUnit.Framework.Constraints.AndConstraintTests.FailsWithBadValues" runstate="Runnable" testcasecount="2" result="Passed" start-time="2016-02-19 11:52:45Z" end-time="2016-02-19 11:52:45Z" duration="0.002061" total="2" passed="2" failed="0" inconclusive="0" skipped="0" asserts="4">
              <test-case id="0-1430" name="FailsWithBadValues(37,&quot;37&quot;)" fullname="NUnit.Framework.Constraints.AndConstraintTests.FailsWithBadValues(37,&quot;37&quot;)" methodname="FailsWithBadValues" classname="NUnit.Framework.Constraints.AndConstraintTests" runstate="Runnable" seed="1513305943" result="Passed" start-time="2016-02-19 11:52:45Z" end-time="2016-02-19 11:52:45Z" duration="0.001575" asserts="2" />
              <test-case id="0-1431" name="FailsWithBadValues(53,&quot;53&quot;)" fullname="NUnit.Framework.Constraints.AndConstraintTests.FailsWithBadValues(53,&quot;53&quot;)" methodname="FailsWithBadValues" classname="NUnit.Framework.Constraints.AndConstraintTests" runstate="Runnable" seed="1605882770" result="Passed" start-time="2016-02-19 11:52:45Z" end-time="2016-02-19 11:52:45Z" duration="0.000125" asserts="2" />
            </test-suite>
            <test-case id="0-1427" name="HandlesFirstPartFailing" fullname="NUnit.Framework.Constraints.AndConstraintTests.HandlesFirstPartFailing" methodname="HandlesFirstPartFailing" classname="NUnit.Framework.Constraints.AndConstraintTests" runstate="Runnable" seed="1645573689" result="Passed" start-time="2016-02-19 11:52:45Z" end-time="2016-02-19 11:52:45Z" duration="0.000983" asserts="2" />
            <test-case id="0-1433" name="ProvidesProperDescription" fullname="NUnit.Framework.Constraints.AndConstraintTests.ProvidesProperDescription" methodname="ProvidesProperDescription" classname="NUnit.Framework.Constraints.AndConstraintTests" runstate="Runnable" seed="242072891" result="Passed" start-time="2016-02-19 11:52:45Z" end-time="2016-02-19 11:52:45Z" duration="0.002606" asserts="1" />
            <test-case id="0-1434" name="ProvidesProperStringRepresentation" fullname="NUnit.Framework.Constraints.AndConstraintTests.ProvidesProperStringRepresentation" methodname="ProvidesProperStringRepresentation" classname="NUnit.Framework.Constraints.AndConstraintTests" runstate="Runnable" seed="1379326088" result="Passed" start-time="2016-02-19 11:52:45Z" end-time="2016-02-19 11:52:45Z" duration="0.000102" asserts="1" />
            <test-suite type="ParameterizedMethod" id="0-1429" name="SucceedsWithGoodValues" fullname="NUnit.Framework.Constraints.AndConstraintTests.SucceedsWithGoodValues" runstate="Runnable" testcasecount="1" result="Passed" start-time="2016-02-19 11:52:45Z" end-time="2016-02-19 11:52:45Z" duration="0.000727" total="1" passed="1" failed="0" inconclusive="0" skipped="0" asserts="0">
              <test-case id="0-1428" name="SucceedsWithGoodValues(42)" fullname="NUnit.Framework.Constraints.AndConstraintTests.SucceedsWithGoodValues(42)" methodname="SucceedsWithGoodValues" classname="NUnit.Framework.Constraints.AndConstraintTests" runstate="Runnable" seed="1644061285" result="Passed" start-time="2016-02-19 11:52:45Z" end-time="2016-02-19 11:52:45Z" duration="0.000117" asserts="0" />
            </test-suite>
          </test-suite>
          <test-suite type="TestFixture" id="0-1435" name="AssignableToConstraintTests" fullname="NUnit.Framework.Constraints.AssignableToConstraintTests" classname="NUnit.Framework.Constraints.AssignableToConstraintTests" runstate="Runnable" testcasecount="5" result="Passed" start-time="2016-02-19 11:52:45Z" end-time="2016-02-19 11:52:45Z" duration="0.002983" total="5" passed="5" failed="0" inconclusive="0" skipped="0" asserts="4">
            <test-suite type="ParameterizedMethod" id="0-1440" name="FailsWithBadValues" fullname="NUnit.Framework.Constraints.AssignableToConstraintTests.FailsWithBadValues" runstate="Runnable" testcasecount="1" result="Passed" start-time="2016-02-19 11:52:45Z" end-time="2016-02-19 11:52:45Z" duration="0.001573" total="1" passed="1" failed="0" inconclusive="0" skipped="0" asserts="2">
              <test-case id="0-1439" name="FailsWithBadValues(NUnit.Framework.Constraints.AssignableToConstraintTests+B,&quot;&lt;NUnit.Framework.Constraints.Assignab...&quot;)" fullname="NUnit.Framework.Constraints.AssignableToConstraintTests.FailsWithBadValues(NUnit.Framework.Constraints.AssignableToConstraintTests+B,&quot;&lt;NUnit.Framework.Constraints.Assignab...&quot;)" methodname="FailsWithBadValues" classname="NUnit.Framework.Constraints.AssignableToConstraintTests" runstate="Runnable" seed="1171196047" result="Passed" start-time="2016-02-19 11:52:45Z" end-time="2016-02-19 11:52:45Z" duration="0.001393" asserts="2" />
            </test-suite>
            <test-case id="0-1441" name="ProvidesProperDescription" fullname="NUnit.Framework.Constraints.AssignableToConstraintTests.ProvidesProperDescription" methodname="ProvidesProperDescription" classname="NUnit.Framework.Constraints.AssignableToConstraintTests" runstate="Runnable" seed="1009701155" result="Passed" start-time="2016-02-19 11:52:45Z" end-time="2016-02-19 11:52:45Z" duration="0.000080" asserts="1" />
            <test-case id="0-1442" name="ProvidesProperStringRepresentation" fullname="NUnit.Framework.Constraints.AssignableToConstraintTests.ProvidesProperStringRepresentation" methodname="ProvidesProperStringRepresentation" classname="NUnit.Framework.Constraints.AssignableToConstraintTests" runstate="Runnable" seed="1672085205" result="Passed" start-time="2016-02-19 11:52:45Z" end-time="2016-02-19 11:52:45Z" duration="0.000081" asserts="1" />
            <test-suite type="ParameterizedMethod" id="0-1438" name="SucceedsWithGoodValues" fullname="NUnit.Framework.Constraints.AssignableToConstraintTests.SucceedsWithGoodValues" runstate="Runnable" testcasecount="2" result="Passed" start-time="2016-02-19 11:52:45Z" end-time="2016-02-19 11:52:45Z" duration="0.000491" total="2" passed="2" failed="0" inconclusive="0" skipped="0" asserts="0">
              <test-case id="0-1436" name="SucceedsWithGoodValues(NUnit.Framework.Constraints.AssignableToConstraintTests+D1)" fullname="NUnit.Framework.Constraints.AssignableToConstraintTests.SucceedsWithGoodValues(NUnit.Framework.Constraints.AssignableToConstraintTests+D1)" methodname="SucceedsWithGoodValues" classname="NUnit.Framework.Constraints.AssignableToConstraintTests" runstate="Runnable" seed="120323113" result="Passed" start-time="2016-02-19 11:52:45Z" end-time="2016-02-19 11:52:45Z" duration="0.000088" asserts="0" />
              <test-case id="0-1437" name="SucceedsWithGoodValues(NUnit.Framework.Constraints.AssignableToConstraintTests+D2)" fullname="NUnit.Framework.Constraints.AssignableToConstraintTests.SucceedsWithGoodValues(NUnit.Framework.Constraints.AssignableToConstraintTests+D2)" methodname="SucceedsWithGoodValues" classname="NUnit.Framework.Constraints.AssignableToConstraintTests" runstate="Runnable" seed="1274951005" result="Passed" start-time="2016-02-19 11:52:45Z" end-time="2016-02-19 11:52:45Z" duration="0.000083" asserts="0" />
            </test-suite>
          </test-suite>
          <test-suite type="TestFixture" id="0-1443" name="AttributeExistsConstraintTests" fullname="NUnit.Framework.Constraints.AttributeExistsConstraintTests" classname="NUnit.Framework.Constraints.AttributeExistsConstraintTests" runstate="Runnable" testcasecount="7" result="Passed" start-time="2016-02-19 11:52:45Z" end-time="2016-02-19 11:52:45Z" duration="0.011528" total="7" passed="7" failed="0" inconclusive="0" skipped="0" asserts="7">
            <test-case id="0-1445" name="AttributeExistsOnMethodInfo" fullname="NUnit.Framework.Constraints.AttributeExistsConstraintTests.AttributeExistsOnMethodInfo" methodname="AttributeExistsOnMethodInfo" classname="NUnit.Framework.Constraints.AttributeExistsConstraintTests" runstate="Runnable" seed="172846882" result="Passed" start-time="2016-02-19 11:52:45Z" end-time="2016-02-19 11:52:45Z" duration="0.002541" asserts="1" />
            <test-case id="0-1446" name="AttributeTestPropertyValueOnMethodInfo" fullname="NUnit.Framework.Constraints.AttributeExistsConstraintTests.AttributeTestPropertyValueOnMethodInfo" methodname="AttributeTestPropertyValueOnMethodInfo" classname="NUnit.Framework.Constraints.AttributeExistsConstraintTests" runstate="Runnable" seed="1423033936" result="Passed" start-time="2016-02-19 11:52:45Z" end-time="2016-02-19 11:52:45Z" duration="0.005592" asserts="1">
              <properties>
                <property name="Description" value="my description" />
              </properties>
            </test-case>
            <test-suite type="ParameterizedMethod" id="0-1450" name="FailsWithBadValues" fullname="NUnit.Framework.Constraints.AttributeExistsConstraintTests.FailsWithBadValues" runstate="Runnable" testcasecount="1" result="Passed" start-time="2016-02-19 11:52:45Z" end-time="2016-02-19 11:52:45Z" duration="0.000362" total="1" passed="1" failed="0" inconclusive="0" skipped="0" asserts="2">
              <test-case id="0-1449" name="FailsWithBadValues(NUnit.Framework.Constraints.AttributeExistsConstraintTests+D2,&quot;&lt;NUnit.Framework.Constraints.Attribut...&quot;)" fullname="NUnit.Framework.Constraints.AttributeExistsConstraintTests.FailsWithBadValues(NUnit.Framework.Constraints.AttributeExistsConstraintTests+D2,&quot;&lt;NUnit.Framework.Constraints.Attribut...&quot;)" methodname="FailsWithBadValues" classname="NUnit.Framework.Constraints.AttributeExistsConstraintTests" runstate="Runnable" seed="828887980" result="Passed" start-time="2016-02-19 11:52:45Z" end-time="2016-02-19 11:52:45Z" duration="0.000178" asserts="2" />
            </test-suite>
            <test-case id="0-1444" name="NonAttributeThrowsException" fullname="NUnit.Framework.Constraints.AttributeExistsConstraintTests.NonAttributeThrowsException" methodname="NonAttributeThrowsException" classname="NUnit.Framework.Constraints.AttributeExistsConstraintTests" runstate="Runnable" seed="627149884" result="Passed" start-time="2016-02-19 11:52:45Z" end-time="2016-02-19 11:52:45Z" duration="0.001069" asserts="1" />
            <test-case id="0-1451" name="ProvidesProperDescription" fullname="NUnit.Framework.Constraints.AttributeExistsConstraintTests.ProvidesProperDescription" methodname="ProvidesProperDescription" classname="NUnit.Framework.Constraints.AttributeExistsConstraintTests" runstate="Runnable" seed="667968805" result="Passed" start-time="2016-02-19 11:52:45Z" end-time="2016-02-19 11:52:45Z" duration="0.000133" asserts="1" />
            <test-case id="0-1452" name="ProvidesProperStringRepresentation" fullname="NUnit.Framework.Constraints.AttributeExistsConstraintTests.ProvidesProperStringRepresentation" methodname="ProvidesProperStringRepresentation" classname="NUnit.Framework.Constraints.AttributeExistsConstraintTests" runstate="Runnable" seed="1574263017" result="Passed" start-time="2016-02-19 11:52:45Z" end-time="2016-02-19 11:52:45Z" duration="0.000088" asserts="1" />
            <test-suite type="ParameterizedMethod" id="0-1448" name="SucceedsWithGoodValues" fullname="NUnit.Framework.Constraints.AttributeExistsConstraintTests.SucceedsWithGoodValues" runstate="Runnable" testcasecount="1" result="Passed" start-time="2016-02-19 11:52:45Z" end-time="2016-02-19 11:52:45Z" duration="0.000274" total="1" passed="1" failed="0" inconclusive="0" skipped="0" asserts="0">
              <test-case id="0-1447" name="SucceedsWithGoodValues(NUnit.Framework.Constraints.AttributeExistsConstraintTests)" fullname="NUnit.Framework.Constraints.AttributeExistsConstraintTests.SucceedsWithGoodValues(NUnit.Framework.Constraints.AttributeExistsConstraintTests)" methodname="SucceedsWithGoodValues" classname="NUnit.Framework.Constraints.AttributeExistsConstraintTests" runstate="Runnable" seed="53944518" result="Passed" start-time="2016-02-19 11:52:45Z" end-time="2016-02-19 11:52:45Z" duration="0.000108" asserts="0" />
            </test-suite>
          </test-suite>
          <test-suite type="TestFixture" id="0-1496" name="BinarySerializableTest" fullname="NUnit.Framework.Constraints.BinarySerializableTest" classname="NUnit.Framework.Constraints.BinarySerializableTest" runstate="Runnable" testcasecount="8" result="Passed" start-time="2016-02-19 11:52:45Z" end-time="2016-02-19 11:52:45Z" duration="0.010748" total="8" passed="8" failed="0" inconclusive="0" skipped="0" asserts="5">
            <test-suite type="ParameterizedMethod" id="0-1504" name="FailsWithBadValues" fullname="NUnit.Framework.Constraints.BinarySerializableTest.FailsWithBadValues" runstate="Runnable" testcasecount="1" result="Passed" start-time="2016-02-19 11:52:45Z" end-time="2016-02-19 11:52:45Z" duration="0.004344" total="1" passed="1" failed="0" inconclusive="0" skipped="0" asserts="2">
              <test-case id="0-1503" name="FailsWithBadValues(NUnit.Framework.Constraints.InternalClass,&quot;&lt;NUnit.Framework.Constraints.Internal...&quot;)" fullname="NUnit.Framework.Constraints.BinarySerializableTest.FailsWithBadValues(NUnit.Framework.Constraints.InternalClass,&quot;&lt;NUnit.Framework.Constraints.Internal...&quot;)" methodname="FailsWithBadValues" classname="NUnit.Framework.Constraints.BinarySerializableTest" runstate="Runnable" seed="1015111842" result="Passed" start-time="2016-02-19 11:52:45Z" end-time="2016-02-19 11:52:45Z" duration="0.004105" asserts="2" />
            </test-suite>
            <test-case id="0-1497" name="NullArgumentThrowsException" fullname="NUnit.Framework.Constraints.BinarySerializableTest.NullArgumentThrowsException" methodname="NullArgumentThrowsException" classname="NUnit.Framework.Constraints.BinarySerializableTest" runstate="Runnable" seed="811219381" result="Passed" start-time="2016-02-19 11:52:45Z" end-time="2016-02-19 11:52:45Z" duration="0.000948" asserts="1" />
            <test-case id="0-1505" name="ProvidesProperDescription" fullname="NUnit.Framework.Constraints.BinarySerializableTest.ProvidesProperDescription" methodname="ProvidesProperDescription" classname="NUnit.Framework.Constraints.BinarySerializableTest" runstate="Runnable" seed="1235462203" result="Passed" start-time="2016-02-19 11:52:45Z" end-time="2016-02-19 11:52:45Z" duration="0.000079" asserts="1" />
            <test-case id="0-1506" name="ProvidesProperStringRepresentation" fullname="NUnit.Framework.Constraints.BinarySerializableTest.ProvidesProperStringRepresentation" methodname="ProvidesProperStringRepresentation" classname="NUnit.Framework.Constraints.BinarySerializableTest" runstate="Runnable" seed="1205833652" result="Passed" start-time="2016-02-19 11:52:45Z" end-time="2016-02-19 11:52:45Z" duration="0.000171" asserts="1" />
            <test-suite type="ParameterizedMethod" id="0-1502" name="SucceedsWithGoodValues" fullname="NUnit.Framework.Constraints.BinarySerializableTest.SucceedsWithGoodValues" runstate="Runnable" testcasecount="4" result="Passed" start-time="2016-02-19 11:52:45Z" end-time="2016-02-19 11:52:45Z" duration="0.004342" total="4" passed="4" failed="0" inconclusive="0" skipped="0" asserts="0">
              <test-case id="0-1498" name="SucceedsWithGoodValues(1)" fullname="NUnit.Framework.Constraints.BinarySerializableTest.SucceedsWithGoodValues(1)" methodname="SucceedsWithGoodValues" classname="NUnit.Framework.Constraints.BinarySerializableTest" runstate="Runnable" seed="623030392" result="Passed" start-time="2016-02-19 11:52:45Z" end-time="2016-02-19 11:52:45Z" duration="0.000552" asserts="0" />
              <test-case id="0-1499" name="SucceedsWithGoodValues(&quot;a&quot;)" fullname="NUnit.Framework.Constraints.BinarySerializableTest.SucceedsWithGoodValues(&quot;a&quot;)" methodname="SucceedsWithGoodValues" classname="NUnit.Framework.Constraints.BinarySerializableTest" runstate="Runnable" seed="553465009" result="Passed" start-time="2016-02-19 11:52:45Z" end-time="2016-02-19 11:52:45Z" duration="0.001270" asserts="0" />
              <test-case id="0-1500" name="SucceedsWithGoodValues(System.Collections.Generic.List`1[System.Int32])" fullname="NUnit.Framework.Constraints.BinarySerializableTest.SucceedsWithGoodValues(System.Collections.Generic.List`1[System.Int32])" methodname="SucceedsWithGoodValues" classname="NUnit.Framework.Constraints.BinarySerializableTest" runstate="Runnable" seed="1376402088" result="Passed" start-time="2016-02-19 11:52:45Z" end-time="2016-02-19 11:52:45Z" duration="0.001384" asserts="0" />
              <test-case id="0-1501" name="SucceedsWithGoodValues(NUnit.Framework.Constraints.InternalWithSerializableAttributeClass)" fullname="NUnit.Framework.Constraints.BinarySerializableTest.SucceedsWithGoodValues(NUnit.Framework.Constraints.InternalWithSerializableAttributeClass)" methodname="SucceedsWithGoodValues" classname="NUnit.Framework.Constraints.BinarySerializableTest" runstate="Runnable" seed="1041490848" result="Passed" start-time="2016-02-19 11:52:45Z" end-time="2016-02-19 11:52:45Z" duration="0.000279" asserts="0" />
            </test-suite>
          </test-suite>
          <test-suite type="TestFixture" id="0-1515" name="CollectionContainsConstraintTests" fullname="NUnit.Framework.Constraints.CollectionContainsConstraintTests" classname="NUnit.Framework.Constraints.CollectionContainsConstraintTests" runstate="Runnable" testcasecount="9" result="Passed" start-time="2016-02-19 11:52:45Z" end-time="2016-02-19 11:52:45Z" duration="0.016769" total="9" passed="9" failed="0" inconclusive="0" skipped="0" asserts="6">
            <test-case id="0-1516" name="CanTestContentsOfArray" fullname="NUnit.Framework.Constraints.CollectionContainsConstraintTests.CanTestContentsOfArray" methodname="CanTestContentsOfArray" classname="NUnit.Framework.Constraints.CollectionContainsConstraintTests" runstate="Runnable" seed="1154213494" result="Passed" start-time="2016-02-19 11:52:45Z" end-time="2016-02-19 11:52:45Z" duration="0.000563" asserts="1" />
            <test-case id="0-1519" name="CanTestContentsOfCollectionNotImplementingIList" fullname="NUnit.Framework.Constraints.CollectionContainsConstraintTests.CanTestContentsOfCollectionNotImplementingIList" methodname="CanTestContentsOfCollectionNotImplementingIList" classname="NUnit.Framework.Constraints.CollectionContainsConstraintTests" runstate="Runnable" seed="1317209876" result="Passed" start-time="2016-02-19 11:52:45Z" end-time="2016-02-19 11:52:45Z" duration="0.001954" asserts="1" />
            <test-case id="0-1517" name="CanTestContentsOfObjectList" fullname="NUnit.Framework.Constraints.CollectionContainsConstraintTests.CanTestContentsOfObjectList" methodname="CanTestContentsOfObjectList" classname="NUnit.Framework.Constraints.CollectionContainsConstraintTests" runstate="Runnable" seed="2096653554" result="Passed" start-time="2016-02-19 11:52:45Z" end-time="2016-02-19 11:52:45Z" duration="0.000696" asserts="1" />
            <test-case id="0-1518" name="CanTestContentsOfSortedList" fullname="NUnit.Framework.Constraints.CollectionContainsConstraintTests.CanTestContentsOfSortedList" methodname="CanTestContentsOfSortedList" classname="NUnit.Framework.Constraints.CollectionContainsConstraintTests" runstate="Runnable" seed="976792286" result="Passed" start-time="2016-02-19 11:52:45Z" end-time="2016-02-19 11:52:45Z" duration="0.000854" asserts="2" />
            <test-suite type="ParameterizedMethod" id="0-1524" name="IgnoreCaseIsHonored" fullname="NUnit.Framework.Constraints.CollectionContainsConstraintTests.IgnoreCaseIsHonored" runstate="Runnable" testcasecount="4" result="Passed" start-time="2016-02-19 11:52:45Z" end-time="2016-02-19 11:52:45Z" duration="0.002063" total="4" passed="4" failed="0" inconclusive="0" skipped="0" asserts="0">
              <test-case id="0-1520" name="IgnoreCaseIsHonored(&quot;WORLD&quot;,System.String[])" fullname="NUnit.Framework.Constraints.CollectionContainsConstraintTests.IgnoreCaseIsHonored(&quot;WORLD&quot;,System.String[])" methodname="IgnoreCaseIsHonored" classname="NUnit.Framework.Constraints.CollectionContainsConstraintTests" runstate="Runnable" seed="198903060" result="Passed" start-time="2016-02-19 11:52:45Z" end-time="2016-02-19 11:52:45Z" duration="0.000609" asserts="0" />
              <test-case id="0-1521" name="IgnoreCaseIsHonored(&quot;z&quot;,NUnit.TestUtilities.Collections.SimpleObjectCollection)" fullname="NUnit.Framework.Constraints.CollectionContainsConstraintTests.IgnoreCaseIsHonored(&quot;z&quot;,NUnit.TestUtilities.Collections.SimpleObjectCollection)" methodname="IgnoreCaseIsHonored" classname="NUnit.Framework.Constraints.CollectionContainsConstraintTests" runstate="Runnable" seed="1936065819" result="Passed" start-time="2016-02-19 11:52:45Z" end-time="2016-02-19 11:52:45Z" duration="0.000072" asserts="0" />
              <test-case id="0-1522" name="IgnoreCaseIsHonored('A',System.Object[])" fullname="NUnit.Framework.Constraints.CollectionContainsConstraintTests.IgnoreCaseIsHonored('A',System.Object[])" methodname="IgnoreCaseIsHonored" classname="NUnit.Framework.Constraints.CollectionContainsConstraintTests" runstate="Runnable" seed="2041488517" result="Passed" start-time="2016-02-19 11:52:45Z" end-time="2016-02-19 11:52:45Z" duration="0.000081" asserts="0" />
              <test-case id="0-1523" name="IgnoreCaseIsHonored(&quot;a&quot;,System.Object[])" fullname="NUnit.Framework.Constraints.CollectionContainsConstraintTests.IgnoreCaseIsHonored(&quot;a&quot;,System.Object[])" methodname="IgnoreCaseIsHonored" classname="NUnit.Framework.Constraints.CollectionContainsConstraintTests" runstate="Runnable" seed="561354044" result="Passed" start-time="2016-02-19 11:52:45Z" end-time="2016-02-19 11:52:45Z" duration="0.000068" asserts="0" />
            </test-suite>
            <test-case id="0-1525" name="UsingIsHonored" fullname="NUnit.Framework.Constraints.CollectionContainsConstraintTests.UsingIsHonored" methodname="UsingIsHonored" classname="NUnit.Framework.Constraints.CollectionContainsConstraintTests" runstate="Runnable" seed="1365990105" result="Passed" start-time="2016-02-19 11:52:45Z" end-time="2016-02-19 11:52:45Z" duration="0.009720" asserts="1" />
          </test-suite>
          <test-suite type="TestFixture" id="0-1590" name="CollectionEqualsTests" fullname="NUnit.Framework.Constraints.CollectionEqualsTests" classname="NUnit.Framework.Constraints.CollectionEqualsTests" runstate="Runnable" testcasecount="10" result="Passed" start-time="2016-02-19 11:52:45Z" end-time="2016-02-19 11:52:45Z" duration="0.037579" total="10" passed="10" failed="0" inconclusive="0" skipped="0" asserts="13">
            <test-case id="0-1592" name="CanMatchAnArrayWithACollection" fullname="NUnit.Framework.Constraints.CollectionEqualsTests.CanMatchAnArrayWithACollection" methodname="CanMatchAnArrayWithACollection" classname="NUnit.Framework.Constraints.CollectionEqualsTests" runstate="Runnable" seed="1303626589" result="Passed" start-time="2016-02-19 11:52:45Z" end-time="2016-02-19 11:52:45Z" duration="0.001786" asserts="2" />
            <test-case id="0-1591" name="CanMatchTwoCollections" fullname="NUnit.Framework.Constraints.CollectionEqualsTests.CanMatchTwoCollections" methodname="CanMatchTwoCollections" classname="NUnit.Framework.Constraints.CollectionEqualsTests" runstate="Runnable" seed="1358742048" result="Passed" start-time="2016-02-19 11:52:45Z" end-time="2016-02-19 11:52:45Z" duration="0.000996" asserts="1" />
            <test-case id="0-1593" name="FailureMatchingArrayAndCollection" fullname="NUnit.Framework.Constraints.CollectionEqualsTests.FailureMatchingArrayAndCollection" methodname="FailureMatchingArrayAndCollection" classname="NUnit.Framework.Constraints.CollectionEqualsTests" runstate="Runnable" seed="1701655237" result="Passed" start-time="2016-02-19 11:52:45Z" end-time="2016-02-19 11:52:45Z" duration="0.001945" asserts="3" />
            <test-suite type="ParameterizedMethod" id="0-1601" name="HonorsIgnoreCase" fullname="NUnit.Framework.Constraints.CollectionEqualsTests.HonorsIgnoreCase" runstate="Runnable" testcasecount="7" result="Passed" start-time="2016-02-19 11:52:45Z" end-time="2016-02-19 11:52:45Z" duration="0.032114" total="7" passed="7" failed="0" inconclusive="0" skipped="0" asserts="7">
              <test-case id="0-1594" name="HonorsIgnoreCase(NUnit.TestUtilities.Collections.SimpleObjectCollection,NUnit.TestUtilities.Collections.SimpleObjectCollection)" fullname="NUnit.Framework.Constraints.CollectionEqualsTests.HonorsIgnoreCase(NUnit.TestUtilities.Collections.SimpleObjectCollection,NUnit.TestUtilities.Collections.SimpleObjectCollection)" methodname="HonorsIgnoreCase" classname="NUnit.Framework.Constraints.CollectionEqualsTests" runstate="Runnable" seed="500924618" result="Passed" start-time="2016-02-19 11:52:45Z" end-time="2016-02-19 11:52:45Z" duration="0.000504" asserts="1" />
              <test-case id="0-1595" name="HonorsIgnoreCase(System.Char[],System.Object[])" fullname="NUnit.Framework.Constraints.CollectionEqualsTests.HonorsIgnoreCase(System.Char[],System.Object[])" methodname="HonorsIgnoreCase" classname="NUnit.Framework.Constraints.CollectionEqualsTests" runstate="Runnable" seed="1871480616" result="Passed" start-time="2016-02-19 11:52:45Z" end-time="2016-02-19 11:52:45Z" duration="0.000086" asserts="1" />
              <test-case id="0-1596" name="HonorsIgnoreCase(System.String[],System.Object[])" fullname="NUnit.Framework.Constraints.CollectionEqualsTests.HonorsIgnoreCase(System.String[],System.Object[])" methodname="HonorsIgnoreCase" classname="NUnit.Framework.Constraints.CollectionEqualsTests" runstate="Runnable" seed="170887787" result="Passed" start-time="2016-02-19 11:52:45Z" end-time="2016-02-19 11:52:45Z" duration="0.000072" asserts="1" />
              <test-case id="0-1597" name="HonorsIgnoreCase(System.Collections.Generic.Dictionary`2[System.Int32,System.String],System.Collections.Generic.Dictionary`2[System.Int32,System.String])" fullname="NUnit.Framework.Constraints.CollectionEqualsTests.HonorsIgnoreCase(System.Collections.Generic.Dictionary`2[System.Int32,System.String],System.Collections.Generic.Dictionary`2[System.Int32,System.String])" methodname="HonorsIgnoreCase" classname="NUnit.Framework.Constraints.CollectionEqualsTests" runstate="Runnable" seed="1439009883" result="Passed" start-time="2016-02-19 11:52:45Z" end-time="2016-02-19 11:52:45Z" duration="0.020451" asserts="1" />
              <test-case id="0-1598" name="HonorsIgnoreCase(System.Collections.Generic.Dictionary`2[System.Int32,System.Char],System.Collections.Generic.Dictionary`2[System.Int32,System.Char])" fullname="NUnit.Framework.Constraints.CollectionEqualsTests.HonorsIgnoreCase(System.Collections.Generic.Dictionary`2[System.Int32,System.Char],System.Collections.Generic.Dictionary`2[System.Int32,System.Char])" methodname="HonorsIgnoreCase" classname="NUnit.Framework.Constraints.CollectionEqualsTests" runstate="Runnable" seed="234543809" result="Passed" start-time="2016-02-19 11:52:45Z" end-time="2016-02-19 11:52:45Z" duration="0.008678" asserts="1" />
              <test-case id="0-1599" name="HonorsIgnoreCase(System.Collections.Generic.List`1[System.Char],System.Collections.Generic.List`1[System.Char])" fullname="NUnit.Framework.Constraints.CollectionEqualsTests.HonorsIgnoreCase(System.Collections.Generic.List`1[System.Char],System.Collections.Generic.List`1[System.Char])" methodname="HonorsIgnoreCase" classname="NUnit.Framework.Constraints.CollectionEqualsTests" runstate="Runnable" seed="645440986" result="Passed" start-time="2016-02-19 11:52:45Z" end-time="2016-02-19 11:52:45Z" duration="0.001382" asserts="1" />
              <test-case id="0-1600" name="HonorsIgnoreCase(System.Collections.Generic.List`1[System.String],System.Collections.Generic.List`1[System.String])" fullname="NUnit.Framework.Constraints.CollectionEqualsTests.HonorsIgnoreCase(System.Collections.Generic.List`1[System.String],System.Collections.Generic.List`1[System.String])" methodname="HonorsIgnoreCase" classname="NUnit.Framework.Constraints.CollectionEqualsTests" runstate="Runnable" seed="188474886" result="Passed" start-time="2016-02-19 11:52:45Z" end-time="2016-02-19 11:52:45Z" duration="0.000083" asserts="1" />
            </test-suite>
          </test-suite>
          <test-suite type="TestFixture" id="0-1551" name="CollectionOrderedConstraintTests" fullname="NUnit.Framework.Constraints.CollectionOrderedConstraintTests" classname="NUnit.Framework.Constraints.CollectionOrderedConstraintTests" runstate="Runnable" testcasecount="17" result="Passed" start-time="2016-02-19 11:52:45Z" end-time="2016-02-19 11:52:45Z" duration="0.027291" total="17" passed="17" failed="0" inconclusive="0" skipped="0" asserts="27">
            <test-case id="0-1552" name="IsOrdered" fullname="NUnit.Framework.Constraints.CollectionOrderedConstraintTests.IsOrdered" methodname="IsOrdered" classname="NUnit.Framework.Constraints.CollectionOrderedConstraintTests" runstate="Runnable" seed="1918356235" result="Passed" start-time="2016-02-19 11:52:45Z" end-time="2016-02-19 11:52:45Z" duration="0.000569" asserts="1" />
            <test-case id="0-1553" name="IsOrdered_2" fullname="NUnit.Framework.Constraints.CollectionOrderedConstraintTests.IsOrdered_2" methodname="IsOrdered_2" classname="NUnit.Framework.Constraints.CollectionOrderedConstraintTests" runstate="Runnable" seed="171206689" result="Passed" start-time="2016-02-19 11:52:45Z" end-time="2016-02-19 11:52:45Z" duration="0.000525" asserts="1" />
            <test-case id="0-1557" name="IsOrdered_Allows_adjacent_equal_values" fullname="NUnit.Framework.Constraints.CollectionOrderedConstraintTests.IsOrdered_Allows_adjacent_equal_values" methodname="IsOrdered_Allows_adjacent_equal_values" classname="NUnit.Framework.Constraints.CollectionOrderedConstraintTests" runstate="Runnable" seed="1074400446" result="Passed" start-time="2016-02-19 11:52:45Z" end-time="2016-02-19 11:52:45Z" duration="0.000495" asserts="1" />
            <test-case id="0-1560" name="IsOrdered_AtLeastOneArgMustImplementIComparable" fullname="NUnit.Framework.Constraints.CollectionOrderedConstraintTests.IsOrdered_AtLeastOneArgMustImplementIComparable" methodname="IsOrdered_AtLeastOneArgMustImplementIComparable" classname="NUnit.Framework.Constraints.CollectionOrderedConstraintTests" runstate="Runnable" seed="1824499539" result="Passed" start-time="2016-02-19 11:52:45Z" end-time="2016-02-19 11:52:45Z" duration="0.007536" asserts="2" />
            <test-case id="0-1556" name="IsOrdered_Fails" fullname="NUnit.Framework.Constraints.CollectionOrderedConstraintTests.IsOrdered_Fails" methodname="IsOrdered_Fails" classname="NUnit.Framework.Constraints.CollectionOrderedConstraintTests" runstate="Runnable" seed="2117329373" result="Passed" start-time="2016-02-19 11:52:45Z" end-time="2016-02-19 11:52:45Z" duration="0.001518" asserts="3" />
            <test-case id="0-1561" name="IsOrdered_Handles_custom_comparison" fullname="NUnit.Framework.Constraints.CollectionOrderedConstraintTests.IsOrdered_Handles_custom_comparison" methodname="IsOrdered_Handles_custom_comparison" classname="NUnit.Framework.Constraints.CollectionOrderedConstraintTests" runstate="Runnable" seed="1562975288" result="Passed" start-time="2016-02-19 11:52:45Z" end-time="2016-02-19 11:52:45Z" duration="0.000779" asserts="2" />
            <test-case id="0-1562" name="IsOrdered_Handles_custom_comparison2" fullname="NUnit.Framework.Constraints.CollectionOrderedConstraintTests.IsOrdered_Handles_custom_comparison2" methodname="IsOrdered_Handles_custom_comparison2" classname="NUnit.Framework.Constraints.CollectionOrderedConstraintTests" runstate="Runnable" seed="1198176862" result="Passed" start-time="2016-02-19 11:52:45Z" end-time="2016-02-19 11:52:45Z" duration="0.000730" asserts="2" />
            <test-case id="0-1558" name="IsOrdered_Handles_null" fullname="NUnit.Framework.Constraints.CollectionOrderedConstraintTests.IsOrdered_Handles_null" methodname="IsOrdered_Handles_null" classname="NUnit.Framework.Constraints.CollectionOrderedConstraintTests" runstate="Runnable" seed="472627212" result="Passed" start-time="2016-02-19 11:52:45Z" end-time="2016-02-19 11:52:45Z" duration="0.001485" asserts="3" />
            <test-case id="0-1559" name="IsOrdered_TypesMustBeComparable" fullname="NUnit.Framework.Constraints.CollectionOrderedConstraintTests.IsOrdered_TypesMustBeComparable" methodname="IsOrdered_TypesMustBeComparable" classname="NUnit.Framework.Constraints.CollectionOrderedConstraintTests" runstate="Runnable" seed="987544564" result="Passed" start-time="2016-02-19 11:52:45Z" end-time="2016-02-19 11:52:45Z" duration="0.001303" asserts="2" />
            <test-case id="0-1566" name="IsOrderedBy" fullname="NUnit.Framework.Constraints.CollectionOrderedConstraintTests.IsOrderedBy" methodname="IsOrderedBy" classname="NUnit.Framework.Constraints.CollectionOrderedConstraintTests" runstate="Runnable" seed="547639438" result="Passed" start-time="2016-02-19 11:52:45Z" end-time="2016-02-19 11:52:45Z" duration="0.001344" asserts="1" />
            <test-case id="0-1567" name="IsOrderedBy_Comparer" fullname="NUnit.Framework.Constraints.CollectionOrderedConstraintTests.IsOrderedBy_Comparer" methodname="IsOrderedBy_Comparer" classname="NUnit.Framework.Constraints.CollectionOrderedConstraintTests" runstate="Runnable" seed="1314162365" result="Passed" start-time="2016-02-19 11:52:45Z" end-time="2016-02-19 11:52:45Z" duration="0.000975" asserts="1" />
            <test-case id="0-1568" name="IsOrderedBy_Handles_heterogeneous_classes_as_long_as_the_property_is_of_same_type" fullname="NUnit.Framework.Constraints.CollectionOrderedConstraintTests.IsOrderedBy_Handles_heterogeneous_classes_as_long_as_the_property_is_of_same_type" methodname="IsOrderedBy_Handles_heterogeneous_classes_as_long_as_the_property_is_of_same_type" classname="NUnit.Framework.Constraints.CollectionOrderedConstraintTests" runstate="Runnable" seed="179950106" result="Passed" start-time="2016-02-19 11:52:45Z" end-time="2016-02-19 11:52:45Z" duration="0.000774" asserts="1" />
            <test-case id="0-1554" name="IsOrderedDescending" fullname="NUnit.Framework.Constraints.CollectionOrderedConstraintTests.IsOrderedDescending" methodname="IsOrderedDescending" classname="NUnit.Framework.Constraints.CollectionOrderedConstraintTests" runstate="Runnable" seed="989433016" result="Passed" start-time="2016-02-19 11:52:45Z" end-time="2016-02-19 11:52:45Z" duration="0.000489" asserts="1" />
            <test-case id="0-1555" name="IsOrderedDescending_2" fullname="NUnit.Framework.Constraints.CollectionOrderedConstraintTests.IsOrderedDescending_2" methodname="IsOrderedDescending_2" classname="NUnit.Framework.Constraints.CollectionOrderedConstraintTests" runstate="Runnable" seed="1499827915" result="Passed" start-time="2016-02-19 11:52:45Z" end-time="2016-02-19 11:52:45Z" duration="0.000568" asserts="1" />
            <test-case id="0-1563" name="UsesProvidedGenericComparer" fullname="NUnit.Framework.Constraints.CollectionOrderedConstraintTests.UsesProvidedGenericComparer" methodname="UsesProvidedGenericComparer" classname="NUnit.Framework.Constraints.CollectionOrderedConstraintTests" runstate="Runnable" seed="1553254512" result="Passed" start-time="2016-02-19 11:52:45Z" end-time="2016-02-19 11:52:45Z" duration="0.001186" asserts="2" />
            <test-case id="0-1564" name="UsesProvidedGenericComparison" fullname="NUnit.Framework.Constraints.CollectionOrderedConstraintTests.UsesProvidedGenericComparison" methodname="UsesProvidedGenericComparison" classname="NUnit.Framework.Constraints.CollectionOrderedConstraintTests" runstate="Runnable" seed="333168286" result="Passed" start-time="2016-02-19 11:52:45Z" end-time="2016-02-19 11:52:45Z" duration="0.001418" asserts="2" />
            <test-case id="0-1565" name="UsesProvidedLambda" fullname="NUnit.Framework.Constraints.CollectionOrderedConstraintTests.UsesProvidedLambda" methodname="UsesProvidedLambda" classname="NUnit.Framework.Constraints.CollectionOrderedConstraintTests" runstate="Runnable" seed="195591750" result="Passed" start-time="2016-02-19 11:52:45Z" end-time="2016-02-19 11:52:45Z" duration="0.002460" asserts="1" />
          </test-suite>
          <test-suite type="TestFixture" id="0-1569" name="CollectionSubsetConstraintTests" fullname="NUnit.Framework.Constraints.CollectionSubsetConstraintTests" classname="NUnit.Framework.Constraints.CollectionSubsetConstraintTests" runstate="Runnable" testcasecount="17" result="Passed" start-time="2016-02-19 11:52:45Z" end-time="2016-02-19 11:52:45Z" duration="0.015053" total="17" passed="17" failed="0" inconclusive="0" skipped="0" asserts="6">
            <test-suite type="ParameterizedMethod" id="0-1587" name="FailsWithBadValues" fullname="NUnit.Framework.Constraints.CollectionSubsetConstraintTests.FailsWithBadValues" runstate="Runnable" testcasecount="2" result="Passed" start-time="2016-02-19 11:52:45Z" end-time="2016-02-19 11:52:45Z" duration="0.001025" total="2" passed="2" failed="0" inconclusive="0" skipped="0" asserts="4">
              <test-case id="0-1585" name="FailsWithBadValues(System.Int32[],&quot;&lt; 1, 3, 7 &gt;&quot;)" fullname="NUnit.Framework.Constraints.CollectionSubsetConstraintTests.FailsWithBadValues(System.Int32[],&quot;&lt; 1, 3, 7 &gt;&quot;)" methodname="FailsWithBadValues" classname="NUnit.Framework.Constraints.CollectionSubsetConstraintTests" runstate="Runnable" seed="1098293857" result="Passed" start-time="2016-02-19 11:52:45Z" end-time="2016-02-19 11:52:45Z" duration="0.000544" asserts="2" />
              <test-case id="0-1586" name="FailsWithBadValues(System.Int32[],&quot;&lt; 1, 2, 2, 2, 5 &gt;&quot;)" fullname="NUnit.Framework.Constraints.CollectionSubsetConstraintTests.FailsWithBadValues(System.Int32[],&quot;&lt; 1, 2, 2, 2, 5 &gt;&quot;)" methodname="FailsWithBadValues" classname="NUnit.Framework.Constraints.CollectionSubsetConstraintTests" runstate="Runnable" seed="1591282370" result="Passed" start-time="2016-02-19 11:52:45Z" end-time="2016-02-19 11:52:45Z" duration="0.000131" asserts="2" />
            </test-suite>
            <test-suite type="ParameterizedMethod" id="0-1581" name="HonorsIgnoreCase" fullname="NUnit.Framework.Constraints.CollectionSubsetConstraintTests.HonorsIgnoreCase" runstate="Runnable" testcasecount="11" result="Passed" start-time="2016-02-19 11:52:45Z" end-time="2016-02-19 11:52:45Z" duration="0.012609" total="11" passed="11" failed="0" inconclusive="0" skipped="0" asserts="0">
              <test-case id="0-1570" name="HonorsIgnoreCase(NUnit.TestUtilities.Collections.SimpleObjectCollection,NUnit.TestUtilities.Collections.SimpleObjectCollection)" fullname="NUnit.Framework.Constraints.CollectionSubsetConstraintTests.HonorsIgnoreCase(NUnit.TestUtilities.Collections.SimpleObjectCollection,NUnit.TestUtilities.Collections.SimpleObjectCollection)" methodname="HonorsIgnoreCase" classname="NUnit.Framework.Constraints.CollectionSubsetConstraintTests" runstate="Runnable" seed="1719063217" result="Passed" start-time="2016-02-19 11:52:45Z" end-time="2016-02-19 11:52:45Z" duration="0.001875" asserts="0" />
              <test-case id="0-1571" name="HonorsIgnoreCase(System.Char[],System.Object[])" fullname="NUnit.Framework.Constraints.CollectionSubsetConstraintTests.HonorsIgnoreCase(System.Char[],System.Object[])" methodname="HonorsIgnoreCase" classname="NUnit.Framework.Constraints.CollectionSubsetConstraintTests" runstate="Runnable" seed="796416849" result="Passed" start-time="2016-02-19 11:52:45Z" end-time="2016-02-19 11:52:45Z" duration="0.000146" asserts="0" />
              <test-case id="0-1572" name="HonorsIgnoreCase(System.String[],System.Object[])" fullname="NUnit.Framework.Constraints.CollectionSubsetConstraintTests.HonorsIgnoreCase(System.String[],System.Object[])" methodname="HonorsIgnoreCase" classname="NUnit.Framework.Constraints.CollectionSubsetConstraintTests" runstate="Runnable" seed="70440044" result="Passed" start-time="2016-02-19 11:52:45Z" end-time="2016-02-19 11:52:45Z" duration="0.000113" asserts="0" />
              <test-case id="0-1573" name="HonorsIgnoreCase(System.Collections.Generic.Dictionary`2[System.Int32,System.String],System.Collections.Generic.Dictionary`2[System.Int32,System.String])" fullname="NUnit.Framework.Constraints.CollectionSubsetConstraintTests.HonorsIgnoreCase(System.Collections.Generic.Dictionary`2[System.Int32,System.String],System.Collections.Generic.Dictionary`2[System.Int32,System.String])" methodname="HonorsIgnoreCase" classname="NUnit.Framework.Constraints.CollectionSubsetConstraintTests" runstate="Runnable" seed="1377853992" result="Passed" start-time="2016-02-19 11:52:45Z" end-time="2016-02-19 11:52:45Z" duration="0.000361" asserts="0" />
              <test-case id="0-1574" name="HonorsIgnoreCase(System.Collections.Generic.Dictionary`2[System.Int32,System.Char],System.Collections.Generic.Dictionary`2[System.Int32,System.Char])" fullname="NUnit.Framework.Constraints.CollectionSubsetConstraintTests.HonorsIgnoreCase(System.Collections.Generic.Dictionary`2[System.Int32,System.Char],System.Collections.Generic.Dictionary`2[System.Int32,System.Char])" methodname="HonorsIgnoreCase" classname="NUnit.Framework.Constraints.CollectionSubsetConstraintTests" runstate="Runnable" seed="1013679805" result="Passed" start-time="2016-02-19 11:52:45Z" end-time="2016-02-19 11:52:45Z" duration="0.000572" asserts="0" />
              <test-case id="0-1575" name="HonorsIgnoreCase(System.Collections.Generic.Dictionary`2[System.String,System.Int32],System.Collections.Generic.Dictionary`2[System.String,System.Int32])" fullname="NUnit.Framework.Constraints.CollectionSubsetConstraintTests.HonorsIgnoreCase(System.Collections.Generic.Dictionary`2[System.String,System.Int32],System.Collections.Generic.Dictionary`2[System.String,System.Int32])" methodname="HonorsIgnoreCase" classname="NUnit.Framework.Constraints.CollectionSubsetConstraintTests" runstate="Runnable" seed="1530227673" result="Passed" start-time="2016-02-19 11:52:45Z" end-time="2016-02-19 11:52:45Z" duration="0.000924" asserts="0" />
              <test-case id="0-1576" name="HonorsIgnoreCase(System.Collections.Generic.Dictionary`2[System.Char,System.Int32],System.Collections.Generic.Dictionary`2[System.Char,System.Int32])" fullname="NUnit.Framework.Constraints.CollectionSubsetConstraintTests.HonorsIgnoreCase(System.Collections.Generic.Dictionary`2[System.Char,System.Int32],System.Collections.Generic.Dictionary`2[System.Char,System.Int32])" methodname="HonorsIgnoreCase" classname="NUnit.Framework.Constraints.CollectionSubsetConstraintTests" runstate="Runnable" seed="931976013" result="Passed" start-time="2016-02-19 11:52:45Z" end-time="2016-02-19 11:52:45Z" duration="0.005896" asserts="0" />
              <test-case id="0-1577" name="HonorsIgnoreCase(System.Collections.Hashtable,System.Collections.Hashtable)" fullname="NUnit.Framework.Constraints.CollectionSubsetConstraintTests.HonorsIgnoreCase(System.Collections.Hashtable,System.Collections.Hashtable)" methodname="HonorsIgnoreCase" classname="NUnit.Framework.Constraints.CollectionSubsetConstraintTests" runstate="Runnable" seed="1452048210" result="Passed" start-time="2016-02-19 11:52:45Z" end-time="2016-02-19 11:52:45Z" duration="0.000593" asserts="0" />
              <test-case id="0-1578" name="HonorsIgnoreCase(System.Collections.Hashtable,System.Collections.Hashtable)" fullname="NUnit.Framework.Constraints.CollectionSubsetConstraintTests.HonorsIgnoreCase(System.Collections.Hashtable,System.Collections.Hashtable)" methodname="HonorsIgnoreCase" classname="NUnit.Framework.Constraints.CollectionSubsetConstraintTests" runstate="Runnable" seed="1922835900" result="Passed" start-time="2016-02-19 11:52:45Z" end-time="2016-02-19 11:52:45Z" duration="0.000095" asserts="0" />
              <test-case id="0-1579" name="HonorsIgnoreCase(System.Collections.Hashtable,System.Collections.Hashtable)" fullname="NUnit.Framework.Constraints.CollectionSubsetConstraintTests.HonorsIgnoreCase(System.Collections.Hashtable,System.Collections.Hashtable)" methodname="HonorsIgnoreCase" classname="NUnit.Framework.Constraints.CollectionSubsetConstraintTests" runstate="Runnable" seed="1963726367" result="Passed" start-time="2016-02-19 11:52:45Z" end-time="2016-02-19 11:52:45Z" duration="0.000092" asserts="0" />
              <test-case id="0-1580" name="HonorsIgnoreCase(System.Collections.Hashtable,System.Collections.Hashtable)" fullname="NUnit.Framework.Constraints.CollectionSubsetConstraintTests.HonorsIgnoreCase(System.Collections.Hashtable,System.Collections.Hashtable)" methodname="HonorsIgnoreCase" classname="NUnit.Framework.Constraints.CollectionSubsetConstraintTests" runstate="Runnable" seed="1185068123" result="Passed" start-time="2016-02-19 11:52:45Z" end-time="2016-02-19 11:52:45Z" duration="0.000094" asserts="0" />
            </test-suite>
            <test-case id="0-1588" name="ProvidesProperDescription" fullname="NUnit.Framework.Constraints.CollectionSubsetConstraintTests.ProvidesProperDescription" methodname="ProvidesProperDescription" classname="NUnit.Framework.Constraints.CollectionSubsetConstraintTests" runstate="Runnable" seed="1949734052" result="Passed" start-time="2016-02-19 11:52:45Z" end-time="2016-02-19 11:52:45Z" duration="0.000101" asserts="1" />
            <test-case id="0-1589" name="ProvidesProperStringRepresentation" fullname="NUnit.Framework.Constraints.CollectionSubsetConstraintTests.ProvidesProperStringRepresentation" methodname="ProvidesProperStringRepresentation" classname="NUnit.Framework.Constraints.CollectionSubsetConstraintTests" runstate="Runnable" seed="185806414" result="Passed" start-time="2016-02-19 11:52:45Z" end-time="2016-02-19 11:52:45Z" duration="0.000081" asserts="1" />
            <test-suite type="ParameterizedMethod" id="0-1584" name="SucceedsWithGoodValues" fullname="NUnit.Framework.Constraints.CollectionSubsetConstraintTests.SucceedsWithGoodValues" runstate="Runnable" testcasecount="2" result="Passed" start-time="2016-02-19 11:52:45Z" end-time="2016-02-19 11:52:45Z" duration="0.000519" total="2" passed="2" failed="0" inconclusive="0" skipped="0" asserts="0">
              <test-case id="0-1582" name="SucceedsWithGoodValues(System.Int32[])" fullname="NUnit.Framework.Constraints.CollectionSubsetConstraintTests.SucceedsWithGoodValues(System.Int32[])" methodname="SucceedsWithGoodValues" classname="NUnit.Framework.Constraints.CollectionSubsetConstraintTests" runstate="Runnable" seed="173352052" result="Passed" start-time="2016-02-19 11:52:45Z" end-time="2016-02-19 11:52:45Z" duration="0.000098" asserts="0" />
              <test-case id="0-1583" name="SucceedsWithGoodValues(System.Int32[])" fullname="NUnit.Framework.Constraints.CollectionSubsetConstraintTests.SucceedsWithGoodValues(System.Int32[])" methodname="SucceedsWithGoodValues" classname="NUnit.Framework.Constraints.CollectionSubsetConstraintTests" runstate="Runnable" seed="323875455" result="Passed" start-time="2016-02-19 11:52:45Z" end-time="2016-02-19 11:52:45Z" duration="0.000091" asserts="0" />
            </test-suite>
          </test-suite>
          <test-suite type="TestFixture" id="0-1602" name="CollectionSupersetConstraintTests" fullname="NUnit.Framework.Constraints.CollectionSupersetConstraintTests" classname="NUnit.Framework.Constraints.CollectionSupersetConstraintTests" runstate="Runnable" testcasecount="21" result="Passed" start-time="2016-02-19 11:52:45Z" end-time="2016-02-19 11:52:45Z" duration="0.010211" total="21" passed="21" failed="0" inconclusive="0" skipped="0" asserts="10">
            <test-suite type="ParameterizedMethod" id="0-1624" name="FailsWithBadValues" fullname="NUnit.Framework.Constraints.CollectionSupersetConstraintTests.FailsWithBadValues" runstate="Runnable" testcasecount="4" result="Passed" start-time="2016-02-19 11:52:45Z" end-time="2016-02-19 11:52:45Z" duration="0.002402" total="4" passed="4" failed="0" inconclusive="0" skipped="0" asserts="8">
              <test-case id="0-1620" name="FailsWithBadValues(System.Int32[],&quot;&lt; 1, 3, 7 &gt;&quot;)" fullname="NUnit.Framework.Constraints.CollectionSupersetConstraintTests.FailsWithBadValues(System.Int32[],&quot;&lt; 1, 3, 7 &gt;&quot;)" methodname="FailsWithBadValues" classname="NUnit.Framework.Constraints.CollectionSupersetConstraintTests" runstate="Runnable" seed="217753733" result="Passed" start-time="2016-02-19 11:52:45Z" end-time="2016-02-19 11:52:45Z" duration="0.001426" asserts="2" />
              <test-case id="0-1621" name="FailsWithBadValues(System.Int32[],&quot;&lt; 1, 2, 2, 2, 5 &gt;&quot;)" fullname="NUnit.Framework.Constraints.CollectionSupersetConstraintTests.FailsWithBadValues(System.Int32[],&quot;&lt; 1, 2, 2, 2, 5 &gt;&quot;)" methodname="FailsWithBadValues" classname="NUnit.Framework.Constraints.CollectionSupersetConstraintTests" runstate="Runnable" seed="1069735099" result="Passed" start-time="2016-02-19 11:52:45Z" end-time="2016-02-19 11:52:45Z" duration="0.000136" asserts="2" />
              <test-case id="0-1622" name="FailsWithBadValues(System.Int32[],&quot;&lt; 1, 2, 3, 5 &gt;&quot;)" fullname="NUnit.Framework.Constraints.CollectionSupersetConstraintTests.FailsWithBadValues(System.Int32[],&quot;&lt; 1, 2, 3, 5 &gt;&quot;)" methodname="FailsWithBadValues" classname="NUnit.Framework.Constraints.CollectionSupersetConstraintTests" runstate="Runnable" seed="1955218490" result="Passed" start-time="2016-02-19 11:52:45Z" end-time="2016-02-19 11:52:45Z" duration="0.000111" asserts="2" />
              <test-case id="0-1623" name="FailsWithBadValues(System.Int32[],&quot;&lt; 1, 2, 3, 5, 7 &gt;&quot;)" fullname="NUnit.Framework.Constraints.CollectionSupersetConstraintTests.FailsWithBadValues(System.Int32[],&quot;&lt; 1, 2, 3, 5, 7 &gt;&quot;)" methodname="FailsWithBadValues" classname="NUnit.Framework.Constraints.CollectionSupersetConstraintTests" runstate="Runnable" seed="537708105" result="Passed" start-time="2016-02-19 11:52:45Z" end-time="2016-02-19 11:52:45Z" duration="0.000109" asserts="2" />
            </test-suite>
            <test-suite type="ParameterizedMethod" id="0-1614" name="HonorsIgnoreCase" fullname="NUnit.Framework.Constraints.CollectionSupersetConstraintTests.HonorsIgnoreCase" runstate="Runnable" testcasecount="11" result="Passed" start-time="2016-02-19 11:52:45Z" end-time="2016-02-19 11:52:45Z" duration="0.005771" total="11" passed="11" failed="0" inconclusive="0" skipped="0" asserts="0">
              <test-case id="0-1603" name="HonorsIgnoreCase(NUnit.TestUtilities.Collections.SimpleObjectCollection,NUnit.TestUtilities.Collections.SimpleObjectCollection)" fullname="NUnit.Framework.Constraints.CollectionSupersetConstraintTests.HonorsIgnoreCase(NUnit.TestUtilities.Collections.SimpleObjectCollection,NUnit.TestUtilities.Collections.SimpleObjectCollection)" methodname="HonorsIgnoreCase" classname="NUnit.Framework.Constraints.CollectionSupersetConstraintTests" runstate="Runnable" seed="359234340" result="Passed" start-time="2016-02-19 11:52:45Z" end-time="2016-02-19 11:52:45Z" duration="0.000654" asserts="0" />
              <test-case id="0-1604" name="HonorsIgnoreCase(System.Object[],System.Char[])" fullname="NUnit.Framework.Constraints.CollectionSupersetConstraintTests.HonorsIgnoreCase(System.Object[],System.Char[])" methodname="HonorsIgnoreCase" classname="NUnit.Framework.Constraints.CollectionSupersetConstraintTests" runstate="Runnable" seed="264632516" result="Passed" start-time="2016-02-19 11:52:45Z" end-time="2016-02-19 11:52:45Z" duration="0.000118" asserts="0" />
              <test-case id="0-1605" name="HonorsIgnoreCase(System.Object[],System.String[])" fullname="NUnit.Framework.Constraints.CollectionSupersetConstraintTests.HonorsIgnoreCase(System.Object[],System.String[])" methodname="HonorsIgnoreCase" classname="NUnit.Framework.Constraints.CollectionSupersetConstraintTests" runstate="Runnable" seed="1806182236" result="Passed" start-time="2016-02-19 11:52:45Z" end-time="2016-02-19 11:52:45Z" duration="0.000092" asserts="0" />
              <test-case id="0-1606" name="HonorsIgnoreCase(System.Collections.Generic.Dictionary`2[System.Int32,System.String],System.Collections.Generic.Dictionary`2[System.Int32,System.String])" fullname="NUnit.Framework.Constraints.CollectionSupersetConstraintTests.HonorsIgnoreCase(System.Collections.Generic.Dictionary`2[System.Int32,System.String],System.Collections.Generic.Dictionary`2[System.Int32,System.String])" methodname="HonorsIgnoreCase" classname="NUnit.Framework.Constraints.CollectionSupersetConstraintTests" runstate="Runnable" seed="1691874337" result="Passed" start-time="2016-02-19 11:52:45Z" end-time="2016-02-19 11:52:45Z" duration="0.000095" asserts="0" />
              <test-case id="0-1607" name="HonorsIgnoreCase(System.Collections.Generic.Dictionary`2[System.Int32,System.Char],System.Collections.Generic.Dictionary`2[System.Int32,System.Char])" fullname="NUnit.Framework.Constraints.CollectionSupersetConstraintTests.HonorsIgnoreCase(System.Collections.Generic.Dictionary`2[System.Int32,System.Char],System.Collections.Generic.Dictionary`2[System.Int32,System.Char])" methodname="HonorsIgnoreCase" classname="NUnit.Framework.Constraints.CollectionSupersetConstraintTests" runstate="Runnable" seed="1049293019" result="Passed" start-time="2016-02-19 11:52:45Z" end-time="2016-02-19 11:52:45Z" duration="0.000087" asserts="0" />
              <test-case id="0-1608" name="HonorsIgnoreCase(System.Collections.Generic.Dictionary`2[System.String,System.Int32],System.Collections.Generic.Dictionary`2[System.String,System.Int32])" fullname="NUnit.Framework.Constraints.CollectionSupersetConstraintTests.HonorsIgnoreCase(System.Collections.Generic.Dictionary`2[System.String,System.Int32],System.Collections.Generic.Dictionary`2[System.String,System.Int32])" methodname="HonorsIgnoreCase" classname="NUnit.Framework.Constraints.CollectionSupersetConstraintTests" runstate="Runnable" seed="330718788" result="Passed" start-time="2016-02-19 11:52:45Z" end-time="2016-02-19 11:52:45Z" duration="0.000083" asserts="0" />
              <test-case id="0-1609" name="HonorsIgnoreCase(System.Collections.Generic.Dictionary`2[System.Char,System.Int32],System.Collections.Generic.Dictionary`2[System.Char,System.Int32])" fullname="NUnit.Framework.Constraints.CollectionSupersetConstraintTests.HonorsIgnoreCase(System.Collections.Generic.Dictionary`2[System.Char,System.Int32],System.Collections.Generic.Dictionary`2[System.Char,System.Int32])" methodname="HonorsIgnoreCase" classname="NUnit.Framework.Constraints.CollectionSupersetConstraintTests" runstate="Runnable" seed="343597237" result="Passed" start-time="2016-02-19 11:52:45Z" end-time="2016-02-19 11:52:45Z" duration="0.002080" asserts="0" />
              <test-case id="0-1610" name="HonorsIgnoreCase(System.Collections.Hashtable,System.Collections.Hashtable)" fullname="NUnit.Framework.Constraints.CollectionSupersetConstraintTests.HonorsIgnoreCase(System.Collections.Hashtable,System.Collections.Hashtable)" methodname="HonorsIgnoreCase" classname="NUnit.Framework.Constraints.CollectionSupersetConstraintTests" runstate="Runnable" seed="1635659502" result="Passed" start-time="2016-02-19 11:52:45Z" end-time="2016-02-19 11:52:45Z" duration="0.000610" asserts="0" />
              <test-case id="0-1611" name="HonorsIgnoreCase(System.Collections.Hashtable,System.Collections.Hashtable)" fullname="NUnit.Framework.Constraints.CollectionSupersetConstraintTests.HonorsIgnoreCase(System.Collections.Hashtable,System.Collections.Hashtable)" methodname="HonorsIgnoreCase" classname="NUnit.Framework.Constraints.CollectionSupersetConstraintTests" runstate="Runnable" seed="1190916086" result="Passed" start-time="2016-02-19 11:52:45Z" end-time="2016-02-19 11:52:45Z" duration="0.000100" asserts="0" />
              <test-case id="0-1612" name="HonorsIgnoreCase(System.Collections.Hashtable,System.Collections.Hashtable)" fullname="NUnit.Framework.Constraints.CollectionSupersetConstraintTests.HonorsIgnoreCase(System.Collections.Hashtable,System.Collections.Hashtable)" methodname="HonorsIgnoreCase" classname="NUnit.Framework.Constraints.CollectionSupersetConstraintTests" runstate="Runnable" seed="989638375" result="Passed" start-time="2016-02-19 11:52:45Z" end-time="2016-02-19 11:52:45Z" duration="0.000096" asserts="0" />
              <test-case id="0-1613" name="HonorsIgnoreCase(System.Collections.Hashtable,System.Collections.Hashtable)" fullname="NUnit.Framework.Constraints.CollectionSupersetConstraintTests.HonorsIgnoreCase(System.Collections.Hashtable,System.Collections.Hashtable)" methodname="HonorsIgnoreCase" classname="NUnit.Framework.Constraints.CollectionSupersetConstraintTests" runstate="Runnable" seed="43469515" result="Passed" start-time="2016-02-19 11:52:45Z" end-time="2016-02-19 11:52:45Z" duration="0.000100" asserts="0" />
            </test-suite>
            <test-case id="0-1625" name="ProvidesProperDescription" fullname="NUnit.Framework.Constraints.CollectionSupersetConstraintTests.ProvidesProperDescription" methodname="ProvidesProperDescription" classname="NUnit.Framework.Constraints.CollectionSupersetConstraintTests" runstate="Runnable" seed="1951534234" result="Passed" start-time="2016-02-19 11:52:45Z" end-time="2016-02-19 11:52:45Z" duration="0.000085" asserts="1" />
            <test-case id="0-1626" name="ProvidesProperStringRepresentation" fullname="NUnit.Framework.Constraints.CollectionSupersetConstraintTests.ProvidesProperStringRepresentation" methodname="ProvidesProperStringRepresentation" classname="NUnit.Framework.Constraints.CollectionSupersetConstraintTests" runstate="Runnable" seed="248628243" result="Passed" start-time="2016-02-19 11:52:45Z" end-time="2016-02-19 11:52:45Z" duration="0.000075" asserts="1" />
            <test-suite type="ParameterizedMethod" id="0-1619" name="SucceedsWithGoodValues" fullname="NUnit.Framework.Constraints.CollectionSupersetConstraintTests.SucceedsWithGoodValues" runstate="Runnable" testcasecount="4" result="Passed" start-time="2016-02-19 11:52:45Z" end-time="2016-02-19 11:52:45Z" duration="0.001129" total="4" passed="4" failed="0" inconclusive="0" skipped="0" asserts="0">
              <test-case id="0-1615" name="SucceedsWithGoodValues(System.Int32[])" fullname="NUnit.Framework.Constraints.CollectionSupersetConstraintTests.SucceedsWithGoodValues(System.Int32[])" methodname="SucceedsWithGoodValues" classname="NUnit.Framework.Constraints.CollectionSupersetConstraintTests" runstate="Runnable" seed="1661752394" result="Passed" start-time="2016-02-19 11:52:45Z" end-time="2016-02-19 11:52:45Z" duration="0.000099" asserts="0" />
              <test-case id="0-1616" name="SucceedsWithGoodValues(System.Int32[])" fullname="NUnit.Framework.Constraints.CollectionSupersetConstraintTests.SucceedsWithGoodValues(System.Int32[])" methodname="SucceedsWithGoodValues" classname="NUnit.Framework.Constraints.CollectionSupersetConstraintTests" runstate="Runnable" seed="1380906722" result="Passed" start-time="2016-02-19 11:52:45Z" end-time="2016-02-19 11:52:45Z" duration="0.000148" asserts="0" />
              <test-case id="0-1617" name="SucceedsWithGoodValues(System.Int32[])" fullname="NUnit.Framework.Constraints.CollectionSupersetConstraintTests.SucceedsWithGoodValues(System.Int32[])" methodname="SucceedsWithGoodValues" classname="NUnit.Framework.Constraints.CollectionSupersetConstraintTests" runstate="Runnable" seed="176405009" result="Passed" start-time="2016-02-19 11:52:45Z" end-time="2016-02-19 11:52:45Z" duration="0.000112" asserts="0" />
              <test-case id="0-1618" name="SucceedsWithGoodValues(System.Int32[])" fullname="NUnit.Framework.Constraints.CollectionSupersetConstraintTests.SucceedsWithGoodValues(System.Int32[])" methodname="SucceedsWithGoodValues" classname="NUnit.Framework.Constraints.CollectionSupersetConstraintTests" runstate="Runnable" seed="1736874736" result="Passed" start-time="2016-02-19 11:52:45Z" end-time="2016-02-19 11:52:45Z" duration="0.000101" asserts="0" />
            </test-suite>
          </test-suite>
          <test-suite type="TestFixture" id="0-1526" name="CollectionEquivalentConstraintTests" fullname="NUnit.Framework.Constraints.CollectionEquivalentConstraintTests" classname="NUnit.Framework.Constraints.CollectionEquivalentConstraintTests" runstate="Runnable" testcasecount="23" result="Passed" start-time="2016-02-19 11:52:45Z" end-time="2016-02-19 11:52:45Z" duration="0.039993" total="23" passed="23" failed="0" inconclusive="0" skipped="0" asserts="14">
            <test-case id="0-1527" name="EqualCollectionsAreEquivalent" fullname="NUnit.Framework.Constraints.CollectionEquivalentConstraintTests.EqualCollectionsAreEquivalent" methodname="EqualCollectionsAreEquivalent" classname="NUnit.Framework.Constraints.CollectionEquivalentConstraintTests" runstate="Runnable" seed="1849539250" result="Passed" start-time="2016-02-19 11:52:45Z" end-time="2016-02-19 11:52:45Z" duration="0.000862" asserts="1" />
            <test-case id="0-1530" name="EquivalentFailsWithDuplicateElementInActual" fullname="NUnit.Framework.Constraints.CollectionEquivalentConstraintTests.EquivalentFailsWithDuplicateElementInActual" methodname="EquivalentFailsWithDuplicateElementInActual" classname="NUnit.Framework.Constraints.CollectionEquivalentConstraintTests" runstate="Runnable" seed="1728025681" result="Passed" start-time="2016-02-19 11:52:45Z" end-time="2016-02-19 11:52:45Z" duration="0.000699" asserts="1" />
            <test-case id="0-1531" name="EquivalentFailsWithDuplicateElementInExpected" fullname="NUnit.Framework.Constraints.CollectionEquivalentConstraintTests.EquivalentFailsWithDuplicateElementInExpected" methodname="EquivalentFailsWithDuplicateElementInExpected" classname="NUnit.Framework.Constraints.CollectionEquivalentConstraintTests" runstate="Runnable" seed="1559609021" result="Passed" start-time="2016-02-19 11:52:45Z" end-time="2016-02-19 11:52:45Z" duration="0.000693" asserts="1" />
            <test-case id="0-1532" name="EquivalentHandlesNull" fullname="NUnit.Framework.Constraints.CollectionEquivalentConstraintTests.EquivalentHandlesNull" methodname="EquivalentHandlesNull" classname="NUnit.Framework.Constraints.CollectionEquivalentConstraintTests" runstate="Runnable" seed="2032315603" result="Passed" start-time="2016-02-19 11:52:45Z" end-time="2016-02-19 11:52:45Z" duration="0.000662" asserts="1" />
            <test-case id="0-1533" name="EquivalentHonorsIgnoreCase" fullname="NUnit.Framework.Constraints.CollectionEquivalentConstraintTests.EquivalentHonorsIgnoreCase" methodname="EquivalentHonorsIgnoreCase" classname="NUnit.Framework.Constraints.CollectionEquivalentConstraintTests" runstate="Runnable" seed="802650618" result="Passed" start-time="2016-02-19 11:52:45Z" end-time="2016-02-19 11:52:45Z" duration="0.006769" asserts="1" />
            <test-case id="0-1546" name="EquivalentHonorsUsing" fullname="NUnit.Framework.Constraints.CollectionEquivalentConstraintTests.EquivalentHonorsUsing" methodname="EquivalentHonorsUsing" classname="NUnit.Framework.Constraints.CollectionEquivalentConstraintTests" runstate="Runnable" seed="931537532" result="Passed" start-time="2016-02-19 11:52:45Z" end-time="2016-02-19 11:52:45Z" duration="0.001692" asserts="1" />
            <test-case id="0-1529" name="EquivalentIgnoresOrder" fullname="NUnit.Framework.Constraints.CollectionEquivalentConstraintTests.EquivalentIgnoresOrder" methodname="EquivalentIgnoresOrder" classname="NUnit.Framework.Constraints.CollectionEquivalentConstraintTests" runstate="Runnable" seed="1737187955" result="Passed" start-time="2016-02-19 11:52:45Z" end-time="2016-02-19 11:52:45Z" duration="0.000745" asserts="1" />
            <test-case id="0-1550" name="FailureMessageWithHashSetAndArray" fullname="NUnit.Framework.Constraints.CollectionEquivalentConstraintTests.FailureMessageWithHashSetAndArray" methodname="FailureMessageWithHashSetAndArray" classname="NUnit.Framework.Constraints.CollectionEquivalentConstraintTests" runstate="Runnable" seed="435315758" result="Passed" start-time="2016-02-19 11:52:45Z" end-time="2016-02-19 11:52:45Z" duration="0.014978" asserts="2" />
            <test-suite type="ParameterizedMethod" id="0-1545" name="HonorsIgnoreCase" fullname="NUnit.Framework.Constraints.CollectionEquivalentConstraintTests.HonorsIgnoreCase" runstate="Runnable" testcasecount="11" result="Passed" start-time="2016-02-19 11:52:45Z" end-time="2016-02-19 11:52:45Z" duration="0.006911" total="11" passed="11" failed="0" inconclusive="0" skipped="0" asserts="0">
              <test-case id="0-1534" name="HonorsIgnoreCase(NUnit.TestUtilities.Collections.SimpleObjectCollection,NUnit.TestUtilities.Collections.SimpleObjectCollection)" fullname="NUnit.Framework.Constraints.CollectionEquivalentConstraintTests.HonorsIgnoreCase(NUnit.TestUtilities.Collections.SimpleObjectCollection,NUnit.TestUtilities.Collections.SimpleObjectCollection)" methodname="HonorsIgnoreCase" classname="NUnit.Framework.Constraints.CollectionEquivalentConstraintTests" runstate="Runnable" seed="2123291634" result="Passed" start-time="2016-02-19 11:52:45Z" end-time="2016-02-19 11:52:45Z" duration="0.000657" asserts="0" />
              <test-case id="0-1535" name="HonorsIgnoreCase(System.Char[],System.Object[])" fullname="NUnit.Framework.Constraints.CollectionEquivalentConstraintTests.HonorsIgnoreCase(System.Char[],System.Object[])" methodname="HonorsIgnoreCase" classname="NUnit.Framework.Constraints.CollectionEquivalentConstraintTests" runstate="Runnable" seed="1806605697" result="Passed" start-time="2016-02-19 11:52:45Z" end-time="2016-02-19 11:52:45Z" duration="0.000106" asserts="0" />
              <test-case id="0-1536" name="HonorsIgnoreCase(System.String[],System.Object[])" fullname="NUnit.Framework.Constraints.CollectionEquivalentConstraintTests.HonorsIgnoreCase(System.String[],System.Object[])" methodname="HonorsIgnoreCase" classname="NUnit.Framework.Constraints.CollectionEquivalentConstraintTests" runstate="Runnable" seed="814284244" result="Passed" start-time="2016-02-19 11:52:45Z" end-time="2016-02-19 11:52:45Z" duration="0.000080" asserts="0" />
              <test-case id="0-1537" name="HonorsIgnoreCase(System.Collections.Generic.Dictionary`2[System.Int32,System.String],System.Collections.Generic.Dictionary`2[System.Int32,System.String])" fullname="NUnit.Framework.Constraints.CollectionEquivalentConstraintTests.HonorsIgnoreCase(System.Collections.Generic.Dictionary`2[System.Int32,System.String],System.Collections.Generic.Dictionary`2[System.Int32,System.String])" methodname="HonorsIgnoreCase" classname="NUnit.Framework.Constraints.CollectionEquivalentConstraintTests" runstate="Runnable" seed="451113061" result="Passed" start-time="2016-02-19 11:52:45Z" end-time="2016-02-19 11:52:45Z" duration="0.000106" asserts="0" />
              <test-case id="0-1538" name="HonorsIgnoreCase(System.Collections.Generic.Dictionary`2[System.Int32,System.Char],System.Collections.Generic.Dictionary`2[System.Int32,System.Char])" fullname="NUnit.Framework.Constraints.CollectionEquivalentConstraintTests.HonorsIgnoreCase(System.Collections.Generic.Dictionary`2[System.Int32,System.Char],System.Collections.Generic.Dictionary`2[System.Int32,System.Char])" methodname="HonorsIgnoreCase" classname="NUnit.Framework.Constraints.CollectionEquivalentConstraintTests" runstate="Runnable" seed="1962570474" result="Passed" start-time="2016-02-19 11:52:45Z" end-time="2016-02-19 11:52:45Z" duration="0.000087" asserts="0" />
              <test-case id="0-1539" name="HonorsIgnoreCase(System.Collections.Generic.Dictionary`2[System.String,System.Int32],System.Collections.Generic.Dictionary`2[System.String,System.Int32])" fullname="NUnit.Framework.Constraints.CollectionEquivalentConstraintTests.HonorsIgnoreCase(System.Collections.Generic.Dictionary`2[System.String,System.Int32],System.Collections.Generic.Dictionary`2[System.String,System.Int32])" methodname="HonorsIgnoreCase" classname="NUnit.Framework.Constraints.CollectionEquivalentConstraintTests" runstate="Runnable" seed="1417204729" result="Passed" start-time="2016-02-19 11:52:45Z" end-time="2016-02-19 11:52:45Z" duration="0.000121" asserts="0" />
              <test-case id="0-1540" name="HonorsIgnoreCase(System.Collections.Generic.Dictionary`2[System.Char,System.Int32],System.Collections.Generic.Dictionary`2[System.Char,System.Int32])" fullname="NUnit.Framework.Constraints.CollectionEquivalentConstraintTests.HonorsIgnoreCase(System.Collections.Generic.Dictionary`2[System.Char,System.Int32],System.Collections.Generic.Dictionary`2[System.Char,System.Int32])" methodname="HonorsIgnoreCase" classname="NUnit.Framework.Constraints.CollectionEquivalentConstraintTests" runstate="Runnable" seed="1763276321" result="Passed" start-time="2016-02-19 11:52:45Z" end-time="2016-02-19 11:52:45Z" duration="0.003081" asserts="0" />
              <test-case id="0-1541" name="HonorsIgnoreCase(System.Collections.Hashtable,System.Collections.Hashtable)" fullname="NUnit.Framework.Constraints.CollectionEquivalentConstraintTests.HonorsIgnoreCase(System.Collections.Hashtable,System.Collections.Hashtable)" methodname="HonorsIgnoreCase" classname="NUnit.Framework.Constraints.CollectionEquivalentConstraintTests" runstate="Runnable" seed="1818792324" result="Passed" start-time="2016-02-19 11:52:45Z" end-time="2016-02-19 11:52:45Z" duration="0.000610" asserts="0" />
              <test-case id="0-1542" name="HonorsIgnoreCase(System.Collections.Hashtable,System.Collections.Hashtable)" fullname="NUnit.Framework.Constraints.CollectionEquivalentConstraintTests.HonorsIgnoreCase(System.Collections.Hashtable,System.Collections.Hashtable)" methodname="HonorsIgnoreCase" classname="NUnit.Framework.Constraints.CollectionEquivalentConstraintTests" runstate="Runnable" seed="513560281" result="Passed" start-time="2016-02-19 11:52:45Z" end-time="2016-02-19 11:52:45Z" duration="0.000090" asserts="0" />
              <test-case id="0-1543" name="HonorsIgnoreCase(System.Collections.Hashtable,System.Collections.Hashtable)" fullname="NUnit.Framework.Constraints.CollectionEquivalentConstraintTests.HonorsIgnoreCase(System.Collections.Hashtable,System.Collections.Hashtable)" methodname="HonorsIgnoreCase" classname="NUnit.Framework.Constraints.CollectionEquivalentConstraintTests" runstate="Runnable" seed="1185137710" result="Passed" start-time="2016-02-19 11:52:45Z" end-time="2016-02-19 11:52:45Z" duration="0.000079" asserts="0" />
              <test-case id="0-1544" name="HonorsIgnoreCase(System.Collections.Hashtable,System.Collections.Hashtable)" fullname="NUnit.Framework.Constraints.CollectionEquivalentConstraintTests.HonorsIgnoreCase(System.Collections.Hashtable,System.Collections.Hashtable)" methodname="HonorsIgnoreCase" classname="NUnit.Framework.Constraints.CollectionEquivalentConstraintTests" runstate="Runnable" seed="1297795153" result="Passed" start-time="2016-02-19 11:52:45Z" end-time="2016-02-19 11:52:45Z" duration="0.000101" asserts="0" />
            </test-suite>
            <test-case id="0-1549" name="WorksWithArrayAndHashSet" fullname="NUnit.Framework.Constraints.CollectionEquivalentConstraintTests.WorksWithArrayAndHashSet" methodname="WorksWithArrayAndHashSet" classname="NUnit.Framework.Constraints.CollectionEquivalentConstraintTests" runstate="Runnable" seed="523755992" result="Passed" start-time="2016-02-19 11:52:45Z" end-time="2016-02-19 11:52:45Z" duration="0.000886" asserts="1" />
            <test-case id="0-1528" name="WorksWithCollectionsOfArrays" fullname="NUnit.Framework.Constraints.CollectionEquivalentConstraintTests.WorksWithCollectionsOfArrays" methodname="WorksWithCollectionsOfArrays" classname="NUnit.Framework.Constraints.CollectionEquivalentConstraintTests" runstate="Runnable" seed="586620772" result="Passed" start-time="2016-02-19 11:52:45Z" end-time="2016-02-19 11:52:45Z" duration="0.001328" asserts="2" />
            <test-case id="0-1548" name="WorksWithHashSetAndArray" fullname="NUnit.Framework.Constraints.CollectionEquivalentConstraintTests.WorksWithHashSetAndArray" methodname="WorksWithHashSetAndArray" classname="NUnit.Framework.Constraints.CollectionEquivalentConstraintTests" runstate="Runnable" seed="1421932161" result="Passed" start-time="2016-02-19 11:52:45Z" end-time="2016-02-19 11:52:45Z" duration="0.000780" asserts="1" />
            <test-case id="0-1547" name="WorksWithHashSets" fullname="NUnit.Framework.Constraints.CollectionEquivalentConstraintTests.WorksWithHashSets" methodname="WorksWithHashSets" classname="NUnit.Framework.Constraints.CollectionEquivalentConstraintTests" runstate="Runnable" seed="1404352402" result="Passed" start-time="2016-02-19 11:52:45Z" end-time="2016-02-19 11:52:45Z" duration="0.000907" asserts="1" />
          </test-suite>
          <test-suite type="TestFixture" id="0-1792" name="EmptyConstraintTest" fullname="NUnit.Framework.Constraints.EmptyConstraintTest" classname="NUnit.Framework.Constraints.EmptyConstraintTest" runstate="Runnable" testcasecount="10" result="Passed" start-time="2016-02-19 11:52:45Z" end-time="2016-02-19 11:52:45Z" duration="0.004982" total="10" passed="10" failed="0" inconclusive="0" skipped="0" asserts="8">
            <test-suite type="ParameterizedMethod" id="0-1803" name="FailsWithBadValues" fullname="NUnit.Framework.Constraints.EmptyConstraintTest.FailsWithBadValues" runstate="Runnable" testcasecount="2" result="Passed" start-time="2016-02-19 11:52:45Z" end-time="2016-02-19 11:52:45Z" duration="0.000887" total="2" passed="2" failed="0" inconclusive="0" skipped="0" asserts="4">
              <test-case id="0-1801" name="FailsWithBadValues(&quot;Hello&quot;,&quot;\&quot;Hello\&quot;&quot;)" fullname="NUnit.Framework.Constraints.EmptyConstraintTest.FailsWithBadValues(&quot;Hello&quot;,&quot;\&quot;Hello\&quot;&quot;)" methodname="FailsWithBadValues" classname="NUnit.Framework.Constraints.EmptyConstraintTest" runstate="Runnable" seed="814731026" result="Passed" start-time="2016-02-19 11:52:45Z" end-time="2016-02-19 11:52:45Z" duration="0.000444" asserts="2" />
              <test-case id="0-1802" name="FailsWithBadValues(System.Object[],&quot;&lt; 1, 2, 3 &gt;&quot;)" fullname="NUnit.Framework.Constraints.EmptyConstraintTest.FailsWithBadValues(System.Object[],&quot;&lt; 1, 2, 3 &gt;&quot;)" methodname="FailsWithBadValues" classname="NUnit.Framework.Constraints.EmptyConstraintTest" runstate="Runnable" seed="1035932899" result="Passed" start-time="2016-02-19 11:52:45Z" end-time="2016-02-19 11:52:45Z" duration="0.000111" asserts="2" />
            </test-suite>
            <test-suite type="ParameterizedMethod" id="0-1795" name="InvalidDataThrowsArgumentException" fullname="NUnit.Framework.Constraints.EmptyConstraintTest.InvalidDataThrowsArgumentException" runstate="Runnable" testcasecount="2" result="Passed" start-time="2016-02-19 11:52:45Z" end-time="2016-02-19 11:52:45Z" duration="0.001929" total="2" passed="2" failed="0" inconclusive="0" skipped="0" asserts="2">
              <test-case id="0-1793" name="InvalidDataThrowsArgumentException(null)" fullname="NUnit.Framework.Constraints.EmptyConstraintTest.InvalidDataThrowsArgumentException(null)" methodname="InvalidDataThrowsArgumentException" classname="NUnit.Framework.Constraints.EmptyConstraintTest" runstate="Runnable" seed="946961194" result="Passed" start-time="2016-02-19 11:52:45Z" end-time="2016-02-19 11:52:45Z" duration="0.001361" asserts="1" />
              <test-case id="0-1794" name="InvalidDataThrowsArgumentException(5)" fullname="NUnit.Framework.Constraints.EmptyConstraintTest.InvalidDataThrowsArgumentException(5)" methodname="InvalidDataThrowsArgumentException" classname="NUnit.Framework.Constraints.EmptyConstraintTest" runstate="Runnable" seed="967301951" result="Passed" start-time="2016-02-19 11:52:45Z" end-time="2016-02-19 11:52:45Z" duration="0.000166" asserts="1" />
            </test-suite>
            <test-case id="0-1804" name="ProvidesProperDescription" fullname="NUnit.Framework.Constraints.EmptyConstraintTest.ProvidesProperDescription" methodname="ProvidesProperDescription" classname="NUnit.Framework.Constraints.EmptyConstraintTest" runstate="Runnable" seed="1072216762" result="Passed" start-time="2016-02-19 11:52:45Z" end-time="2016-02-19 11:52:45Z" duration="0.000077" asserts="1" />
            <test-case id="0-1805" name="ProvidesProperStringRepresentation" fullname="NUnit.Framework.Constraints.EmptyConstraintTest.ProvidesProperStringRepresentation" methodname="ProvidesProperStringRepresentation" classname="NUnit.Framework.Constraints.EmptyConstraintTest" runstate="Runnable" seed="28972670" result="Passed" start-time="2016-02-19 11:52:45Z" end-time="2016-02-19 11:52:45Z" duration="0.000114" asserts="1" />
            <test-suite type="ParameterizedMethod" id="0-1800" name="SucceedsWithGoodValues" fullname="NUnit.Framework.Constraints.EmptyConstraintTest.SucceedsWithGoodValues" runstate="Runnable" testcasecount="4" result="Passed" start-time="2016-02-19 11:52:45Z" end-time="2016-02-19 11:52:45Z" duration="0.001102" total="4" passed="4" failed="0" inconclusive="0" skipped="0" asserts="0">
              <test-case id="0-1796" name="SucceedsWithGoodValues(&quot;&quot;)" fullname="NUnit.Framework.Constraints.EmptyConstraintTest.SucceedsWithGoodValues(&quot;&quot;)" methodname="SucceedsWithGoodValues" classname="NUnit.Framework.Constraints.EmptyConstraintTest" runstate="Runnable" seed="894727271" result="Passed" start-time="2016-02-19 11:52:45Z" end-time="2016-02-19 11:52:45Z" duration="0.000093" asserts="0" />
              <test-case id="0-1797" name="SucceedsWithGoodValues(System.Object[])" fullname="NUnit.Framework.Constraints.EmptyConstraintTest.SucceedsWithGoodValues(System.Object[])" methodname="SucceedsWithGoodValues" classname="NUnit.Framework.Constraints.EmptyConstraintTest" runstate="Runnable" seed="1561748971" result="Passed" start-time="2016-02-19 11:52:45Z" end-time="2016-02-19 11:52:45Z" duration="0.000082" asserts="0" />
              <test-case id="0-1798" name="SucceedsWithGoodValues(System.Collections.ArrayList)" fullname="NUnit.Framework.Constraints.EmptyConstraintTest.SucceedsWithGoodValues(System.Collections.ArrayList)" methodname="SucceedsWithGoodValues" classname="NUnit.Framework.Constraints.EmptyConstraintTest" runstate="Runnable" seed="382675296" result="Passed" start-time="2016-02-19 11:52:45Z" end-time="2016-02-19 11:52:45Z" duration="0.000079" asserts="0" />
              <test-case id="0-1799" name="SucceedsWithGoodValues(System.Collections.Generic.List`1[System.Int32])" fullname="NUnit.Framework.Constraints.EmptyConstraintTest.SucceedsWithGoodValues(System.Collections.Generic.List`1[System.Int32])" methodname="SucceedsWithGoodValues" classname="NUnit.Framework.Constraints.EmptyConstraintTest" runstate="Runnable" seed="236444160" result="Passed" start-time="2016-02-19 11:52:45Z" end-time="2016-02-19 11:52:45Z" duration="0.000087" asserts="0" />
            </test-suite>
          </test-suite>
          <test-suite type="TestFixture" id="0-1814" name="EmptyDirectoryConstraintTest" fullname="NUnit.Framework.Constraints.EmptyDirectoryConstraintTest" classname="NUnit.Framework.Constraints.EmptyDirectoryConstraintTest" runstate="Runnable" testcasecount="2" result="Passed" start-time="2016-02-19 11:52:45Z" end-time="2016-02-19 11:52:45Z" duration="0.006424" total="2" passed="2" failed="0" inconclusive="0" skipped="0" asserts="2">
            <test-case id="0-1815" name="EmptyDirectory" fullname="NUnit.Framework.Constraints.EmptyDirectoryConstraintTest.EmptyDirectory" methodname="EmptyDirectory" classname="NUnit.Framework.Constraints.EmptyDirectoryConstraintTest" runstate="Runnable" seed="1284265041" result="Passed" start-time="2016-02-19 11:52:45Z" end-time="2016-02-19 11:52:45Z" duration="0.003147" asserts="1" />
            <test-case id="0-1816" name="NotEmptyDirectory" fullname="NUnit.Framework.Constraints.EmptyDirectoryConstraintTest.NotEmptyDirectory" methodname="NotEmptyDirectory" classname="NUnit.Framework.Constraints.EmptyDirectoryConstraintTest" runstate="Runnable" seed="724239442" result="Passed" start-time="2016-02-19 11:52:45Z" end-time="2016-02-19 11:52:45Z" duration="0.002818" asserts="1" />
          </test-suite>
          <test-suite type="TestFixture" id="0-1806" name="EmptyStringConstraintTest" fullname="NUnit.Framework.Constraints.EmptyStringConstraintTest" classname="NUnit.Framework.Constraints.EmptyStringConstraintTest" runstate="Runnable" testcasecount="5" result="Passed" start-time="2016-02-19 11:52:45Z" end-time="2016-02-19 11:52:45Z" duration="0.004437" total="5" passed="5" failed="0" inconclusive="0" skipped="0" asserts="5">
            <test-suite type="ParameterizedMethod" id="0-1811" name="FailsWithBadValues" fullname="NUnit.Framework.Constraints.EmptyStringConstraintTest.FailsWithBadValues" runstate="Runnable" testcasecount="1" result="Passed" start-time="2016-02-19 11:52:45Z" end-time="2016-02-19 11:52:45Z" duration="0.000610" total="1" passed="1" failed="0" inconclusive="0" skipped="0" asserts="2">
              <test-case id="0-1810" name="FailsWithBadValues(&quot;Hello&quot;,&quot;\&quot;Hello\&quot;&quot;)" fullname="NUnit.Framework.Constraints.EmptyStringConstraintTest.FailsWithBadValues(&quot;Hello&quot;,&quot;\&quot;Hello\&quot;&quot;)" methodname="FailsWithBadValues" classname="NUnit.Framework.Constraints.EmptyStringConstraintTest" runstate="Runnable" seed="493247493" result="Passed" start-time="2016-02-19 11:52:45Z" end-time="2016-02-19 11:52:45Z" duration="0.000417" asserts="2" />
            </test-suite>
            <test-case id="0-1807" name="NonStringDataThrowsArgumentException" fullname="NUnit.Framework.Constraints.EmptyStringConstraintTest.NonStringDataThrowsArgumentException" methodname="NonStringDataThrowsArgumentException" classname="NUnit.Framework.Constraints.EmptyStringConstraintTest" runstate="Runnable" seed="320865193" result="Passed" start-time="2016-02-19 11:52:45Z" end-time="2016-02-19 11:52:45Z" duration="0.002475" asserts="1" />
            <test-case id="0-1812" name="ProvidesProperDescription" fullname="NUnit.Framework.Constraints.EmptyStringConstraintTest.ProvidesProperDescription" methodname="ProvidesProperDescription" classname="NUnit.Framework.Constraints.EmptyStringConstraintTest" runstate="Runnable" seed="622940116" result="Passed" start-time="2016-02-19 11:52:45Z" end-time="2016-02-19 11:52:45Z" duration="0.000104" asserts="1" />
            <test-case id="0-1813" name="ProvidesProperStringRepresentation" fullname="NUnit.Framework.Constraints.EmptyStringConstraintTest.ProvidesProperStringRepresentation" methodname="ProvidesProperStringRepresentation" classname="NUnit.Framework.Constraints.EmptyStringConstraintTest" runstate="Runnable" seed="753730852" result="Passed" start-time="2016-02-19 11:52:45Z" end-time="2016-02-19 11:52:45Z" duration="0.000075" asserts="1" />
            <test-suite type="ParameterizedMethod" id="0-1809" name="SucceedsWithGoodValues" fullname="NUnit.Framework.Constraints.EmptyStringConstraintTest.SucceedsWithGoodValues" runstate="Runnable" testcasecount="1" result="Passed" start-time="2016-02-19 11:52:45Z" end-time="2016-02-19 11:52:45Z" duration="0.000308" total="1" passed="1" failed="0" inconclusive="0" skipped="0" asserts="0">
              <test-case id="0-1808" name="SucceedsWithGoodValues(&quot;&quot;)" fullname="NUnit.Framework.Constraints.EmptyStringConstraintTest.SucceedsWithGoodValues(&quot;&quot;)" methodname="SucceedsWithGoodValues" classname="NUnit.Framework.Constraints.EmptyStringConstraintTest" runstate="Runnable" seed="230194031" result="Passed" start-time="2016-02-19 11:52:45Z" end-time="2016-02-19 11:52:45Z" duration="0.000091" asserts="0" />
            </test-suite>
          </test-suite>
          <test-suite type="TestFixture" id="0-1654" name="EndsWithConstraintTests" fullname="NUnit.Framework.Constraints.EndsWithConstraintTests" classname="NUnit.Framework.Constraints.EndsWithConstraintTests" runstate="Runnable" testcasecount="10" result="Passed" start-time="2016-02-19 11:52:45Z" end-time="2016-02-19 11:52:45Z" duration="0.004355" total="10" passed="10" failed="0" inconclusive="0" skipped="0" asserts="13">
            <test-suite type="ParameterizedMethod" id="0-1664" name="FailsWithBadValues" fullname="NUnit.Framework.Constraints.EndsWithConstraintTests.FailsWithBadValues" runstate="Runnable" testcasecount="5" result="Passed" start-time="2016-02-19 11:52:45Z" end-time="2016-02-19 11:52:45Z" duration="0.001545" total="5" passed="5" failed="0" inconclusive="0" skipped="0" asserts="10">
              <test-case id="0-1659" name="FailsWithBadValues(&quot;goodbye&quot;,&quot;\&quot;goodbye\&quot;&quot;)" fullname="NUnit.Framework.Constraints.EndsWithConstraintTests.FailsWithBadValues(&quot;goodbye&quot;,&quot;\&quot;goodbye\&quot;&quot;)" methodname="FailsWithBadValues" classname="NUnit.Framework.Constraints.EndsWithConstraintTests" runstate="Runnable" seed="143076659" result="Passed" start-time="2016-02-19 11:52:45Z" end-time="2016-02-19 11:52:45Z" duration="0.000367" asserts="2" />
              <test-case id="0-1660" name="FailsWithBadValues(&quot;hello there&quot;,&quot;\&quot;hello there\&quot;&quot;)" fullname="NUnit.Framework.Constraints.EndsWithConstraintTests.FailsWithBadValues(&quot;hello there&quot;,&quot;\&quot;hello there\&quot;&quot;)" methodname="FailsWithBadValues" classname="NUnit.Framework.Constraints.EndsWithConstraintTests" runstate="Runnable" seed="75635947" result="Passed" start-time="2016-02-19 11:52:45Z" end-time="2016-02-19 11:52:45Z" duration="0.000099" asserts="2" />
              <test-case id="0-1661" name="FailsWithBadValues(&quot;say hello to Fred&quot;,&quot;\&quot;say hello to Fred\&quot;&quot;)" fullname="NUnit.Framework.Constraints.EndsWithConstraintTests.FailsWithBadValues(&quot;say hello to Fred&quot;,&quot;\&quot;say hello to Fred\&quot;&quot;)" methodname="FailsWithBadValues" classname="NUnit.Framework.Constraints.EndsWithConstraintTests" runstate="Runnable" seed="881973994" result="Passed" start-time="2016-02-19 11:52:45Z" end-time="2016-02-19 11:52:45Z" duration="0.000092" asserts="2" />
              <test-case id="0-1662" name="FailsWithBadValues(&quot;&quot;,&quot;&lt;string.Empty&gt;&quot;)" fullname="NUnit.Framework.Constraints.EndsWithConstraintTests.FailsWithBadValues(&quot;&quot;,&quot;&lt;string.Empty&gt;&quot;)" methodname="FailsWithBadValues" classname="NUnit.Framework.Constraints.EndsWithConstraintTests" runstate="Runnable" seed="948449774" result="Passed" start-time="2016-02-19 11:52:45Z" end-time="2016-02-19 11:52:45Z" duration="0.000106" asserts="2" />
              <test-case id="0-1663" name="FailsWithBadValues(null,&quot;null&quot;)" fullname="NUnit.Framework.Constraints.EndsWithConstraintTests.FailsWithBadValues(null,&quot;null&quot;)" methodname="FailsWithBadValues" classname="NUnit.Framework.Constraints.EndsWithConstraintTests" runstate="Runnable" seed="1883632923" result="Passed" start-time="2016-02-19 11:52:45Z" end-time="2016-02-19 11:52:45Z" duration="0.000097" asserts="2" />
            </test-suite>
            <test-case id="0-1655" name="NonStringDataThrowsArgumentException" fullname="NUnit.Framework.Constraints.EndsWithConstraintTests.NonStringDataThrowsArgumentException" methodname="NonStringDataThrowsArgumentException" classname="NUnit.Framework.Constraints.EndsWithConstraintTests" runstate="Runnable" seed="204300663" result="Passed" start-time="2016-02-19 11:52:45Z" end-time="2016-02-19 11:52:45Z" duration="0.000190" asserts="1" />
            <test-case id="0-1665" name="ProvidesProperDescription" fullname="NUnit.Framework.Constraints.EndsWithConstraintTests.ProvidesProperDescription" methodname="ProvidesProperDescription" classname="NUnit.Framework.Constraints.EndsWithConstraintTests" runstate="Runnable" seed="981076928" result="Passed" start-time="2016-02-19 11:52:45Z" end-time="2016-02-19 11:52:45Z" duration="0.000072" asserts="1" />
            <test-case id="0-1666" name="ProvidesProperStringRepresentation" fullname="NUnit.Framework.Constraints.EndsWithConstraintTests.ProvidesProperStringRepresentation" methodname="ProvidesProperStringRepresentation" classname="NUnit.Framework.Constraints.EndsWithConstraintTests" runstate="Runnable" seed="1495118878" result="Passed" start-time="2016-02-19 11:52:45Z" end-time="2016-02-19 11:52:45Z" duration="0.000072" asserts="1" />
            <test-suite type="ParameterizedMethod" id="0-1658" name="SucceedsWithGoodValues" fullname="NUnit.Framework.Constraints.EndsWithConstraintTests.SucceedsWithGoodValues" runstate="Runnable" testcasecount="2" result="Passed" start-time="2016-02-19 11:52:45Z" end-time="2016-02-19 11:52:45Z" duration="0.000595" total="2" passed="2" failed="0" inconclusive="0" skipped="0" asserts="0">
              <test-case id="0-1656" name="SucceedsWithGoodValues(&quot;hello&quot;)" fullname="NUnit.Framework.Constraints.EndsWithConstraintTests.SucceedsWithGoodValues(&quot;hello&quot;)" methodname="SucceedsWithGoodValues" classname="NUnit.Framework.Constraints.EndsWithConstraintTests" runstate="Runnable" seed="868457482" result="Passed" start-time="2016-02-19 11:52:45Z" end-time="2016-02-19 11:52:45Z" duration="0.000087" asserts="0" />
              <test-case id="0-1657" name="SucceedsWithGoodValues(&quot;I said hello&quot;)" fullname="NUnit.Framework.Constraints.EndsWithConstraintTests.SucceedsWithGoodValues(&quot;I said hello&quot;)" methodname="SucceedsWithGoodValues" classname="NUnit.Framework.Constraints.EndsWithConstraintTests" runstate="Runnable" seed="1383129370" result="Passed" start-time="2016-02-19 11:52:45Z" end-time="2016-02-19 11:52:45Z" duration="0.000079" asserts="0" />
            </test-suite>
          </test-suite>
          <test-suite type="TestFixture" id="0-1667" name="EndsWithConstraintTestsIgnoringCase" fullname="NUnit.Framework.Constraints.EndsWithConstraintTestsIgnoringCase" classname="NUnit.Framework.Constraints.EndsWithConstraintTestsIgnoringCase" runstate="Runnable" testcasecount="11" result="Passed" start-time="2016-02-19 11:52:45Z" end-time="2016-02-19 11:52:45Z" duration="0.003282" total="11" passed="11" failed="0" inconclusive="0" skipped="0" asserts="15">
            <test-suite type="ParameterizedMethod" id="0-1678" name="FailsWithBadValues" fullname="NUnit.Framework.Constraints.EndsWithConstraintTestsIgnoringCase.FailsWithBadValues" runstate="Runnable" testcasecount="6" result="Passed" start-time="2016-02-19 11:52:45Z" end-time="2016-02-19 11:52:45Z" duration="0.001773" total="6" passed="6" failed="0" inconclusive="0" skipped="0" asserts="12">
              <test-case id="0-1672" name="FailsWithBadValues(&quot;goodbye&quot;,&quot;\&quot;goodbye\&quot;&quot;)" fullname="NUnit.Framework.Constraints.EndsWithConstraintTestsIgnoringCase.FailsWithBadValues(&quot;goodbye&quot;,&quot;\&quot;goodbye\&quot;&quot;)" methodname="FailsWithBadValues" classname="NUnit.Framework.Constraints.EndsWithConstraintTestsIgnoringCase" runstate="Runnable" seed="1981576117" result="Passed" start-time="2016-02-19 11:52:45Z" end-time="2016-02-19 11:52:45Z" duration="0.000373" asserts="2" />
              <test-case id="0-1673" name="FailsWithBadValues(&quot;What the hell?&quot;,&quot;\&quot;What the hell?\&quot;&quot;)" fullname="NUnit.Framework.Constraints.EndsWithConstraintTestsIgnoringCase.FailsWithBadValues(&quot;What the hell?&quot;,&quot;\&quot;What the hell?\&quot;&quot;)" methodname="FailsWithBadValues" classname="NUnit.Framework.Constraints.EndsWithConstraintTestsIgnoringCase" runstate="Runnable" seed="1294795584" result="Passed" start-time="2016-02-19 11:52:45Z" end-time="2016-02-19 11:52:45Z" duration="0.000100" asserts="2" />
              <test-case id="0-1674" name="FailsWithBadValues(&quot;hello there&quot;,&quot;\&quot;hello there\&quot;&quot;)" fullname="NUnit.Framework.Constraints.EndsWithConstraintTestsIgnoringCase.FailsWithBadValues(&quot;hello there&quot;,&quot;\&quot;hello there\&quot;&quot;)" methodname="FailsWithBadValues" classname="NUnit.Framework.Constraints.EndsWithConstraintTestsIgnoringCase" runstate="Runnable" seed="1093913601" result="Passed" start-time="2016-02-19 11:52:45Z" end-time="2016-02-19 11:52:45Z" duration="0.000101" asserts="2" />
              <test-case id="0-1675" name="FailsWithBadValues(&quot;say hello to Fred&quot;,&quot;\&quot;say hello to Fred\&quot;&quot;)" fullname="NUnit.Framework.Constraints.EndsWithConstraintTestsIgnoringCase.FailsWithBadValues(&quot;say hello to Fred&quot;,&quot;\&quot;say hello to Fred\&quot;&quot;)" methodname="FailsWithBadValues" classname="NUnit.Framework.Constraints.EndsWithConstraintTestsIgnoringCase" runstate="Runnable" seed="2122143528" result="Passed" start-time="2016-02-19 11:52:45Z" end-time="2016-02-19 11:52:45Z" duration="0.000096" asserts="2" />
              <test-case id="0-1676" name="FailsWithBadValues(&quot;&quot;,&quot;&lt;string.Empty&gt;&quot;)" fullname="NUnit.Framework.Constraints.EndsWithConstraintTestsIgnoringCase.FailsWithBadValues(&quot;&quot;,&quot;&lt;string.Empty&gt;&quot;)" methodname="FailsWithBadValues" classname="NUnit.Framework.Constraints.EndsWithConstraintTestsIgnoringCase" runstate="Runnable" seed="884518665" result="Passed" start-time="2016-02-19 11:52:45Z" end-time="2016-02-19 11:52:45Z" duration="0.000091" asserts="2" />
              <test-case id="0-1677" name="FailsWithBadValues(null,&quot;null&quot;)" fullname="NUnit.Framework.Constraints.EndsWithConstraintTestsIgnoringCase.FailsWithBadValues(null,&quot;null&quot;)" methodname="FailsWithBadValues" classname="NUnit.Framework.Constraints.EndsWithConstraintTestsIgnoringCase" runstate="Runnable" seed="1603949293" result="Passed" start-time="2016-02-19 11:52:45Z" end-time="2016-02-19 11:52:45Z" duration="0.000092" asserts="2" />
            </test-suite>
            <test-case id="0-1668" name="NonStringDataThrowsArgumentException" fullname="NUnit.Framework.Constraints.EndsWithConstraintTestsIgnoringCase.NonStringDataThrowsArgumentException" methodname="NonStringDataThrowsArgumentException" classname="NUnit.Framework.Constraints.EndsWithConstraintTestsIgnoringCase" runstate="Runnable" seed="440726202" result="Passed" start-time="2016-02-19 11:52:45Z" end-time="2016-02-19 11:52:45Z" duration="0.000148" asserts="1" />
            <test-case id="0-1679" name="ProvidesProperDescription" fullname="NUnit.Framework.Constraints.EndsWithConstraintTestsIgnoringCase.ProvidesProperDescription" methodname="ProvidesProperDescription" classname="NUnit.Framework.Constraints.EndsWithConstraintTestsIgnoringCase" runstate="Runnable" seed="1531187662" result="Passed" start-time="2016-02-19 11:52:45Z" end-time="2016-02-19 11:52:45Z" duration="0.000070" asserts="1" />
            <test-case id="0-1680" name="ProvidesProperStringRepresentation" fullname="NUnit.Framework.Constraints.EndsWithConstraintTestsIgnoringCase.ProvidesProperStringRepresentation" methodname="ProvidesProperStringRepresentation" classname="NUnit.Framework.Constraints.EndsWithConstraintTestsIgnoringCase" runstate="Runnable" seed="89433754" result="Passed" start-time="2016-02-19 11:52:45Z" end-time="2016-02-19 11:52:45Z" duration="0.000076" asserts="1" />
            <test-suite type="ParameterizedMethod" id="0-1671" name="SucceedsWithGoodValues" fullname="NUnit.Framework.Constraints.EndsWithConstraintTestsIgnoringCase.SucceedsWithGoodValues" runstate="Runnable" testcasecount="2" result="Passed" start-time="2016-02-19 11:52:45Z" end-time="2016-02-19 11:52:45Z" duration="0.000465" total="2" passed="2" failed="0" inconclusive="0" skipped="0" asserts="0">
              <test-case id="0-1669" name="SucceedsWithGoodValues(&quot;HELLO&quot;)" fullname="NUnit.Framework.Constraints.EndsWithConstraintTestsIgnoringCase.SucceedsWithGoodValues(&quot;HELLO&quot;)" methodname="SucceedsWithGoodValues" classname="NUnit.Framework.Constraints.EndsWithConstraintTestsIgnoringCase" runstate="Runnable" seed="113422080" result="Passed" start-time="2016-02-19 11:52:45Z" end-time="2016-02-19 11:52:45Z" duration="0.000078" asserts="0" />
              <test-case id="0-1670" name="SucceedsWithGoodValues(&quot;I said Hello&quot;)" fullname="NUnit.Framework.Constraints.EndsWithConstraintTestsIgnoringCase.SucceedsWithGoodValues(&quot;I said Hello&quot;)" methodname="SucceedsWithGoodValues" classname="NUnit.Framework.Constraints.EndsWithConstraintTestsIgnoringCase" runstate="Runnable" seed="1674144941" result="Passed" start-time="2016-02-19 11:52:45Z" end-time="2016-02-19 11:52:45Z" duration="0.000080" asserts="0" />
            </test-suite>
          </test-suite>
          <test-suite type="TestFixture" id="0-1817" name="EqualConstraintTests" fullname="NUnit.Framework.Constraints.EqualConstraintTests" classname="NUnit.Framework.Constraints.EqualConstraintTests" runstate="Runnable" testcasecount="11" result="Passed" start-time="2016-02-19 11:52:45Z" end-time="2016-02-19 11:52:45Z" duration="0.003214" total="11" passed="11" failed="0" inconclusive="0" skipped="0" asserts="12">
            <test-suite type="ParameterizedMethod" id="0-1828" name="FailsWithBadValues" fullname="NUnit.Framework.Constraints.EqualConstraintTests.FailsWithBadValues" runstate="Runnable" testcasecount="5" result="Passed" start-time="2016-02-19 11:52:45Z" end-time="2016-02-19 11:52:45Z" duration="0.001444" total="5" passed="5" failed="0" inconclusive="0" skipped="0" asserts="10">
              <test-case id="0-1823" name="FailsWithBadValues(5,&quot;5&quot;)" fullname="NUnit.Framework.Constraints.EqualConstraintTests.FailsWithBadValues(5,&quot;5&quot;)" methodname="FailsWithBadValues" classname="NUnit.Framework.Constraints.EqualConstraintTests" runstate="Runnable" seed="945029969" result="Passed" start-time="2016-02-19 11:52:45Z" end-time="2016-02-19 11:52:45Z" duration="0.000357" asserts="2" />
              <test-case id="0-1824" name="FailsWithBadValues(null,&quot;null&quot;)" fullname="NUnit.Framework.Constraints.EqualConstraintTests.FailsWithBadValues(null,&quot;null&quot;)" methodname="FailsWithBadValues" classname="NUnit.Framework.Constraints.EqualConstraintTests" runstate="Runnable" seed="818290206" result="Passed" start-time="2016-02-19 11:52:45Z" end-time="2016-02-19 11:52:45Z" duration="0.000086" asserts="2" />
              <test-case id="0-1825" name="FailsWithBadValues(&quot;Hello&quot;,&quot;\&quot;Hello\&quot;&quot;)" fullname="NUnit.Framework.Constraints.EqualConstraintTests.FailsWithBadValues(&quot;Hello&quot;,&quot;\&quot;Hello\&quot;&quot;)" methodname="FailsWithBadValues" classname="NUnit.Framework.Constraints.EqualConstraintTests" runstate="Runnable" seed="1983326289" result="Passed" start-time="2016-02-19 11:52:45Z" end-time="2016-02-19 11:52:45Z" duration="0.000109" asserts="2" />
              <test-case id="0-1826" name="FailsWithBadValues(double.NaN,&quot;NaN&quot;)" fullname="NUnit.Framework.Constraints.EqualConstraintTests.FailsWithBadValues(double.NaN,&quot;NaN&quot;)" methodname="FailsWithBadValues" classname="NUnit.Framework.Constraints.EqualConstraintTests" runstate="Runnable" seed="420417024" result="Passed" start-time="2016-02-19 11:52:45Z" end-time="2016-02-19 11:52:45Z" duration="0.000086" asserts="2" />
              <test-case id="0-1827" name="FailsWithBadValues(double.PositiveInfinity,&quot;∞&quot;)" fullname="NUnit.Framework.Constraints.EqualConstraintTests.FailsWithBadValues(double.PositiveInfinity,&quot;∞&quot;)" methodname="FailsWithBadValues" classname="NUnit.Framework.Constraints.EqualConstraintTests" runstate="Runnable" seed="1781120309" result="Passed" start-time="2016-02-19 11:52:45Z" end-time="2016-02-19 11:52:45Z" duration="0.000098" asserts="2" />
            </test-suite>
            <test-case id="0-1829" name="ProvidesProperDescription" fullname="NUnit.Framework.Constraints.EqualConstraintTests.ProvidesProperDescription" methodname="ProvidesProperDescription" classname="NUnit.Framework.Constraints.EqualConstraintTests" runstate="Runnable" seed="664997191" result="Passed" start-time="2016-02-19 11:52:45Z" end-time="2016-02-19 11:52:45Z" duration="0.000070" asserts="1" />
            <test-case id="0-1830" name="ProvidesProperStringRepresentation" fullname="NUnit.Framework.Constraints.EqualConstraintTests.ProvidesProperStringRepresentation" methodname="ProvidesProperStringRepresentation" classname="NUnit.Framework.Constraints.EqualConstraintTests" runstate="Runnable" seed="1625692595" result="Passed" start-time="2016-02-19 11:52:45Z" end-time="2016-02-19 11:52:45Z" duration="0.000071" asserts="1" />
            <test-suite type="ParameterizedMethod" id="0-1822" name="SucceedsWithGoodValues" fullname="NUnit.Framework.Constraints.EqualConstraintTests.SucceedsWithGoodValues" runstate="Runnable" testcasecount="4" result="Passed" start-time="2016-02-19 11:52:45Z" end-time="2016-02-19 11:52:45Z" duration="0.000938" total="4" passed="4" failed="0" inconclusive="0" skipped="0" asserts="0">
              <test-case id="0-1818" name="SucceedsWithGoodValues(4)" fullname="NUnit.Framework.Constraints.EqualConstraintTests.SucceedsWithGoodValues(4)" methodname="SucceedsWithGoodValues" classname="NUnit.Framework.Constraints.EqualConstraintTests" runstate="Runnable" seed="271581839" result="Passed" start-time="2016-02-19 11:52:45Z" end-time="2016-02-19 11:52:45Z" duration="0.000083" asserts="0" />
              <test-case id="0-1819" name="SucceedsWithGoodValues(4.0f)" fullname="NUnit.Framework.Constraints.EqualConstraintTests.SucceedsWithGoodValues(4.0f)" methodname="SucceedsWithGoodValues" classname="NUnit.Framework.Constraints.EqualConstraintTests" runstate="Runnable" seed="526759003" result="Passed" start-time="2016-02-19 11:52:45Z" end-time="2016-02-19 11:52:45Z" duration="0.000077" asserts="0" />
              <test-case id="0-1820" name="SucceedsWithGoodValues(4.0d)" fullname="NUnit.Framework.Constraints.EqualConstraintTests.SucceedsWithGoodValues(4.0d)" methodname="SucceedsWithGoodValues" classname="NUnit.Framework.Constraints.EqualConstraintTests" runstate="Runnable" seed="1659238178" result="Passed" start-time="2016-02-19 11:52:45Z" end-time="2016-02-19 11:52:45Z" duration="0.000076" asserts="0" />
              <test-case id="0-1821" name="SucceedsWithGoodValues(4.0000m)" fullname="NUnit.Framework.Constraints.EqualConstraintTests.SucceedsWithGoodValues(4.0000m)" methodname="SucceedsWithGoodValues" classname="NUnit.Framework.Constraints.EqualConstraintTests" runstate="Runnable" seed="1573169615" result="Passed" start-time="2016-02-19 11:52:45Z" end-time="2016-02-19 11:52:45Z" duration="0.000100" asserts="0" />
            </test-suite>
          </test-suite>
          <test-suite type="TestFixture" id="0-4822" name="EqualConstraintTests+DateTimeOffSetEquality" fullname="NUnit.Framework.Constraints.EqualConstraintTests+DateTimeOffSetEquality" classname="NUnit.Framework.Constraints.EqualConstraintTests+DateTimeOffSetEquality" runstate="Runnable" testcasecount="9" result="Passed" start-time="2016-02-19 11:52:45Z" end-time="2016-02-19 11:52:45Z" duration="0.016353" total="9" passed="9" failed="0" inconclusive="0" skipped="0" asserts="9">
            <test-case id="0-4823" name="CanMatchDates" fullname="NUnit.Framework.Constraints.EqualConstraintTests+DateTimeOffSetEquality.CanMatchDates" methodname="CanMatchDates" classname="NUnit.Framework.Constraints.EqualConstraintTests+DateTimeOffSetEquality" runstate="Runnable" seed="1738639513" result="Passed" start-time="2016-02-19 11:52:45Z" end-time="2016-02-19 11:52:45Z" duration="0.003925" asserts="1" />
            <test-case id="0-4825" name="CanMatchDatesWithinDays" fullname="NUnit.Framework.Constraints.EqualConstraintTests+DateTimeOffSetEquality.CanMatchDatesWithinDays" methodname="CanMatchDatesWithinDays" classname="NUnit.Framework.Constraints.EqualConstraintTests+DateTimeOffSetEquality" runstate="Runnable" seed="1082836098" result="Passed" start-time="2016-02-19 11:52:45Z" end-time="2016-02-19 11:52:45Z" duration="0.001667" asserts="1" />
            <test-case id="0-4829" name="CanMatchDatesWithinMilliseconds" fullname="NUnit.Framework.Constraints.EqualConstraintTests+DateTimeOffSetEquality.CanMatchDatesWithinMilliseconds" methodname="CanMatchDatesWithinMilliseconds" classname="NUnit.Framework.Constraints.EqualConstraintTests+DateTimeOffSetEquality" runstate="Runnable" seed="329000846" result="Passed" start-time="2016-02-19 11:52:45Z" end-time="2016-02-19 11:52:45Z" duration="0.001184" asserts="1" />
            <test-case id="0-4827" name="CanMatchDatesWithinMinutes" fullname="NUnit.Framework.Constraints.EqualConstraintTests+DateTimeOffSetEquality.CanMatchDatesWithinMinutes" methodname="CanMatchDatesWithinMinutes" classname="NUnit.Framework.Constraints.EqualConstraintTests+DateTimeOffSetEquality" runstate="Runnable" seed="1737997065" result="Passed" start-time="2016-02-19 11:52:45Z" end-time="2016-02-19 11:52:45Z" duration="0.001270" asserts="1" />
            <test-case id="0-4828" name="CanMatchDatesWithinSeconds" fullname="NUnit.Framework.Constraints.EqualConstraintTests+DateTimeOffSetEquality.CanMatchDatesWithinSeconds" methodname="CanMatchDatesWithinSeconds" classname="NUnit.Framework.Constraints.EqualConstraintTests+DateTimeOffSetEquality" runstate="Runnable" seed="765249443" result="Passed" start-time="2016-02-19 11:52:45Z" end-time="2016-02-19 11:52:45Z" duration="0.002421" asserts="1" />
            <test-case id="0-4830" name="CanMatchDatesWithinTicks" fullname="NUnit.Framework.Constraints.EqualConstraintTests+DateTimeOffSetEquality.CanMatchDatesWithinTicks" methodname="CanMatchDatesWithinTicks" classname="NUnit.Framework.Constraints.EqualConstraintTests+DateTimeOffSetEquality" runstate="Runnable" seed="1089851037" result="Passed" start-time="2016-02-19 11:52:45Z" end-time="2016-02-19 11:52:45Z" duration="0.001178" asserts="1" />
            <test-case id="0-4824" name="CanMatchDatesWithinTimeSpan" fullname="NUnit.Framework.Constraints.EqualConstraintTests+DateTimeOffSetEquality.CanMatchDatesWithinTimeSpan" methodname="CanMatchDatesWithinTimeSpan" classname="NUnit.Framework.Constraints.EqualConstraintTests+DateTimeOffSetEquality" runstate="Runnable" seed="958281093" result="Passed" start-time="2016-02-19 11:52:45Z" end-time="2016-02-19 11:52:45Z" duration="0.000816" asserts="1" />
            <test-case id="0-4826" name="CanMatchUsingIsEqualToWithinTimeSpan" fullname="NUnit.Framework.Constraints.EqualConstraintTests+DateTimeOffSetEquality.CanMatchUsingIsEqualToWithinTimeSpan" methodname="CanMatchUsingIsEqualToWithinTimeSpan" classname="NUnit.Framework.Constraints.EqualConstraintTests+DateTimeOffSetEquality" runstate="Runnable" seed="1617086517" result="Passed" start-time="2016-02-19 11:52:45Z" end-time="2016-02-19 11:52:45Z" duration="0.000827" asserts="1" />
            <test-case id="0-4831" name="DTimeOffsetCanMatchDatesWithinHours" fullname="NUnit.Framework.Constraints.EqualConstraintTests+DateTimeOffSetEquality.DTimeOffsetCanMatchDatesWithinHours" methodname="DTimeOffsetCanMatchDatesWithinHours" classname="NUnit.Framework.Constraints.EqualConstraintTests+DateTimeOffSetEquality" runstate="Runnable" seed="941806729" result="Passed" start-time="2016-02-19 11:52:45Z" end-time="2016-02-19 11:52:45Z" duration="0.001648" asserts="1" />
          </test-suite>
          <test-suite type="TestFixture" id="0-4622" name="EqualConstraintTests+DateTimeEquality" fullname="NUnit.Framework.Constraints.EqualConstraintTests+DateTimeEquality" classname="NUnit.Framework.Constraints.EqualConstraintTests+DateTimeEquality" runstate="Runnable" testcasecount="16" result="Passed" start-time="2016-02-19 11:52:45Z" end-time="2016-02-19 11:52:45Z" duration="0.027910" total="16" passed="16" failed="0" inconclusive="0" skipped="0" asserts="16">
            <test-case id="0-4623" name="CanMatchDates" fullname="NUnit.Framework.Constraints.EqualConstraintTests+DateTimeEquality.CanMatchDates" methodname="CanMatchDates" classname="NUnit.Framework.Constraints.EqualConstraintTests+DateTimeEquality" runstate="Runnable" seed="1587318084" result="Passed" start-time="2016-02-19 11:52:45Z" end-time="2016-02-19 11:52:45Z" duration="0.002647" asserts="1" />
            <test-case id="0-4625" name="CanMatchDatesWithinDays" fullname="NUnit.Framework.Constraints.EqualConstraintTests+DateTimeEquality.CanMatchDatesWithinDays" methodname="CanMatchDatesWithinDays" classname="NUnit.Framework.Constraints.EqualConstraintTests+DateTimeEquality" runstate="Runnable" seed="991822465" result="Passed" start-time="2016-02-19 11:52:45Z" end-time="2016-02-19 11:52:45Z" duration="0.001666" asserts="1" />
            <test-case id="0-4626" name="CanMatchDatesWithinHours" fullname="NUnit.Framework.Constraints.EqualConstraintTests+DateTimeEquality.CanMatchDatesWithinHours" methodname="CanMatchDatesWithinHours" classname="NUnit.Framework.Constraints.EqualConstraintTests+DateTimeEquality" runstate="Runnable" seed="604197484" result="Passed" start-time="2016-02-19 11:52:45Z" end-time="2016-02-19 11:52:45Z" duration="0.001121" asserts="1" />
            <test-case id="0-4631" name="CanMatchDatesWithinMilliseconds" fullname="NUnit.Framework.Constraints.EqualConstraintTests+DateTimeEquality.CanMatchDatesWithinMilliseconds" methodname="CanMatchDatesWithinMilliseconds" classname="NUnit.Framework.Constraints.EqualConstraintTests+DateTimeEquality" runstate="Runnable" seed="1008881678" result="Passed" start-time="2016-02-19 11:52:45Z" end-time="2016-02-19 11:52:45Z" duration="0.000840" asserts="1" />
            <test-case id="0-4628" name="CanMatchDatesWithinMinutes" fullname="NUnit.Framework.Constraints.EqualConstraintTests+DateTimeEquality.CanMatchDatesWithinMinutes" methodname="CanMatchDatesWithinMinutes" classname="NUnit.Framework.Constraints.EqualConstraintTests+DateTimeEquality" runstate="Runnable" seed="1518776859" result="Passed" start-time="2016-02-19 11:52:45Z" end-time="2016-02-19 11:52:45Z" duration="0.000823" asserts="1" />
            <test-case id="0-4630" name="CanMatchDatesWithinSeconds" fullname="NUnit.Framework.Constraints.EqualConstraintTests+DateTimeEquality.CanMatchDatesWithinSeconds" methodname="CanMatchDatesWithinSeconds" classname="NUnit.Framework.Constraints.EqualConstraintTests+DateTimeEquality" runstate="Runnable" seed="1033008018" result="Passed" start-time="2016-02-19 11:52:45Z" end-time="2016-02-19 11:52:45Z" duration="0.002108" asserts="1" />
            <test-case id="0-4632" name="CanMatchDatesWithinTicks" fullname="NUnit.Framework.Constraints.EqualConstraintTests+DateTimeEquality.CanMatchDatesWithinTicks" methodname="CanMatchDatesWithinTicks" classname="NUnit.Framework.Constraints.EqualConstraintTests+DateTimeEquality" runstate="Runnable" seed="170597402" result="Passed" start-time="2016-02-19 11:52:45Z" end-time="2016-02-19 11:52:45Z" duration="0.000896" asserts="1" />
            <test-case id="0-4624" name="CanMatchDatesWithinTimeSpan" fullname="NUnit.Framework.Constraints.EqualConstraintTests+DateTimeEquality.CanMatchDatesWithinTimeSpan" methodname="CanMatchDatesWithinTimeSpan" classname="NUnit.Framework.Constraints.EqualConstraintTests+DateTimeEquality" runstate="Runnable" seed="957373085" result="Passed" start-time="2016-02-19 11:52:45Z" end-time="2016-02-19 11:52:45Z" duration="0.000791" asserts="1" />
            <test-case id="0-4629" name="CanMatchTimeSpanWithinMinutes" fullname="NUnit.Framework.Constraints.EqualConstraintTests+DateTimeEquality.CanMatchTimeSpanWithinMinutes" methodname="CanMatchTimeSpanWithinMinutes" classname="NUnit.Framework.Constraints.EqualConstraintTests+DateTimeEquality" runstate="Runnable" seed="1799254643" result="Passed" start-time="2016-02-19 11:52:45Z" end-time="2016-02-19 11:52:45Z" duration="0.002835" asserts="1" />
            <test-case id="0-4627" name="CanMatchUsingIsEqualToWithinTimeSpan" fullname="NUnit.Framework.Constraints.EqualConstraintTests+DateTimeEquality.CanMatchUsingIsEqualToWithinTimeSpan" methodname="CanMatchUsingIsEqualToWithinTimeSpan" classname="NUnit.Framework.Constraints.EqualConstraintTests+DateTimeEquality" runstate="Runnable" seed="1709828174" result="Passed" start-time="2016-02-19 11:52:45Z" end-time="2016-02-19 11:52:45Z" duration="0.000852" asserts="1" />
            <test-case id="0-4633" name="ErrorIfDaysPrecedesWithin" fullname="NUnit.Framework.Constraints.EqualConstraintTests+DateTimeEquality.ErrorIfDaysPrecedesWithin" methodname="ErrorIfDaysPrecedesWithin" classname="NUnit.Framework.Constraints.EqualConstraintTests+DateTimeEquality" runstate="Runnable" seed="1303205310" result="Passed" start-time="2016-02-19 11:52:45Z" end-time="2016-02-19 11:52:45Z" duration="0.001683" asserts="1" />
            <test-case id="0-4634" name="ErrorIfHoursPrecedesWithin" fullname="NUnit.Framework.Constraints.EqualConstraintTests+DateTimeEquality.ErrorIfHoursPrecedesWithin" methodname="ErrorIfHoursPrecedesWithin" classname="NUnit.Framework.Constraints.EqualConstraintTests+DateTimeEquality" runstate="Runnable" seed="1744025362" result="Passed" start-time="2016-02-19 11:52:45Z" end-time="2016-02-19 11:52:45Z" duration="0.001202" asserts="1" />
            <test-case id="0-4637" name="ErrorIfMillisecondsPrecedesWithin" fullname="NUnit.Framework.Constraints.EqualConstraintTests+DateTimeEquality.ErrorIfMillisecondsPrecedesWithin" methodname="ErrorIfMillisecondsPrecedesWithin" classname="NUnit.Framework.Constraints.EqualConstraintTests+DateTimeEquality" runstate="Runnable" seed="338582462" result="Passed" start-time="2016-02-19 11:52:45Z" end-time="2016-02-19 11:52:45Z" duration="0.001201" asserts="1" />
            <test-case id="0-4635" name="ErrorIfMinutesPrecedesWithin" fullname="NUnit.Framework.Constraints.EqualConstraintTests+DateTimeEquality.ErrorIfMinutesPrecedesWithin" methodname="ErrorIfMinutesPrecedesWithin" classname="NUnit.Framework.Constraints.EqualConstraintTests+DateTimeEquality" runstate="Runnable" seed="76832953" result="Passed" start-time="2016-02-19 11:52:45Z" end-time="2016-02-19 11:52:45Z" duration="0.001275" asserts="1" />
            <test-case id="0-4636" name="ErrorIfSecondsPrecedesWithin" fullname="NUnit.Framework.Constraints.EqualConstraintTests+DateTimeEquality.ErrorIfSecondsPrecedesWithin" methodname="ErrorIfSecondsPrecedesWithin" classname="NUnit.Framework.Constraints.EqualConstraintTests+DateTimeEquality" runstate="Runnable" seed="683165271" result="Passed" start-time="2016-02-19 11:52:45Z" end-time="2016-02-19 11:52:45Z" duration="0.001141" asserts="1" />
            <test-case id="0-4638" name="ErrorIfTicksPrecedesWithin" fullname="NUnit.Framework.Constraints.EqualConstraintTests+DateTimeEquality.ErrorIfTicksPrecedesWithin" methodname="ErrorIfTicksPrecedesWithin" classname="NUnit.Framework.Constraints.EqualConstraintTests+DateTimeEquality" runstate="Runnable" seed="810160081" result="Passed" start-time="2016-02-19 11:52:45Z" end-time="2016-02-19 11:52:45Z" duration="0.002559" asserts="1" />
          </test-suite>
          <test-suite type="TestFixture" id="0-4832" name="EqualConstraintTests+DictionaryEquality" fullname="NUnit.Framework.Constraints.EqualConstraintTests+DictionaryEquality" classname="NUnit.Framework.Constraints.EqualConstraintTests+DictionaryEquality" runstate="Runnable" testcasecount="7" result="Passed" start-time="2016-02-19 11:52:45Z" end-time="2016-02-19 11:52:45Z" duration="0.010827" total="7" passed="7" failed="0" inconclusive="0" skipped="0" asserts="9">
            <test-case id="0-4835" name="CanMatchDictionaries_DifferentOrder" fullname="NUnit.Framework.Constraints.EqualConstraintTests+DictionaryEquality.CanMatchDictionaries_DifferentOrder" methodname="CanMatchDictionaries_DifferentOrder" classname="NUnit.Framework.Constraints.EqualConstraintTests+DictionaryEquality" runstate="Runnable" seed="1269793428" result="Passed" start-time="2016-02-19 11:52:45Z" end-time="2016-02-19 11:52:45Z" duration="0.000985" asserts="1" />
            <test-case id="0-4834" name="CanMatchDictionaries_Failure" fullname="NUnit.Framework.Constraints.EqualConstraintTests+DictionaryEquality.CanMatchDictionaries_Failure" methodname="CanMatchDictionaries_Failure" classname="NUnit.Framework.Constraints.EqualConstraintTests+DictionaryEquality" runstate="Runnable" seed="1837941009" result="Passed" start-time="2016-02-19 11:52:45Z" end-time="2016-02-19 11:52:45Z" duration="0.001672" asserts="2" />
            <test-case id="0-4833" name="CanMatchDictionaries_SameOrder" fullname="NUnit.Framework.Constraints.EqualConstraintTests+DictionaryEquality.CanMatchDictionaries_SameOrder" methodname="CanMatchDictionaries_SameOrder" classname="NUnit.Framework.Constraints.EqualConstraintTests+DictionaryEquality" runstate="Runnable" seed="1939844588" result="Passed" start-time="2016-02-19 11:52:45Z" end-time="2016-02-19 11:52:45Z" duration="0.000848" asserts="1" />
            <test-case id="0-4838" name="CanMatchHashtables_DifferentOrder" fullname="NUnit.Framework.Constraints.EqualConstraintTests+DictionaryEquality.CanMatchHashtables_DifferentOrder" methodname="CanMatchHashtables_DifferentOrder" classname="NUnit.Framework.Constraints.EqualConstraintTests+DictionaryEquality" runstate="Runnable" seed="1889930862" result="Passed" start-time="2016-02-19 11:52:45Z" end-time="2016-02-19 11:52:45Z" duration="0.001158" asserts="1" />
            <test-case id="0-4837" name="CanMatchHashtables_Failure" fullname="NUnit.Framework.Constraints.EqualConstraintTests+DictionaryEquality.CanMatchHashtables_Failure" methodname="CanMatchHashtables_Failure" classname="NUnit.Framework.Constraints.EqualConstraintTests+DictionaryEquality" runstate="Runnable" seed="898105842" result="Passed" start-time="2016-02-19 11:52:45Z" end-time="2016-02-19 11:52:45Z" duration="0.001664" asserts="2" />
            <test-case id="0-4836" name="CanMatchHashtables_SameOrder" fullname="NUnit.Framework.Constraints.EqualConstraintTests+DictionaryEquality.CanMatchHashtables_SameOrder" methodname="CanMatchHashtables_SameOrder" classname="NUnit.Framework.Constraints.EqualConstraintTests+DictionaryEquality" runstate="Runnable" seed="352757765" result="Passed" start-time="2016-02-19 11:52:45Z" end-time="2016-02-19 11:52:45Z" duration="0.001122" asserts="1" />
            <test-case id="0-4839" name="CanMatchHashtableWithDictionary" fullname="NUnit.Framework.Constraints.EqualConstraintTests+DictionaryEquality.CanMatchHashtableWithDictionary" methodname="CanMatchHashtableWithDictionary" classname="NUnit.Framework.Constraints.EqualConstraintTests+DictionaryEquality" runstate="Runnable" seed="1190478605" result="Passed" start-time="2016-02-19 11:52:45Z" end-time="2016-02-19 11:52:45Z" duration="0.002210" asserts="1" />
          </test-suite>
          <test-suite type="TestFixture" id="0-4884" name="EqualConstraintTests+UsingModifier" fullname="NUnit.Framework.Constraints.EqualConstraintTests+UsingModifier" classname="NUnit.Framework.Constraints.EqualConstraintTests+UsingModifier" runstate="Runnable" testcasecount="9" result="Passed" start-time="2016-02-19 11:52:45Z" end-time="2016-02-19 11:52:45Z" duration="0.020498" total="9" passed="9" failed="0" inconclusive="0" skipped="0" asserts="14">
            <test-case id="0-4893" name="UsesProvidedArrayComparer" fullname="NUnit.Framework.Constraints.EqualConstraintTests+UsingModifier.UsesProvidedArrayComparer" methodname="UsesProvidedArrayComparer" classname="NUnit.Framework.Constraints.EqualConstraintTests+UsingModifier" runstate="Runnable" seed="1656964117" result="Passed" start-time="2016-02-19 11:52:45Z" end-time="2016-02-19 11:52:45Z" duration="0.003653" asserts="1" />
            <test-case id="0-4886" name="UsesProvidedEqualityComparer" fullname="NUnit.Framework.Constraints.EqualConstraintTests+UsingModifier.UsesProvidedEqualityComparer" methodname="UsesProvidedEqualityComparer" classname="NUnit.Framework.Constraints.EqualConstraintTests+UsingModifier" runstate="Runnable" seed="931598664" result="Passed" start-time="2016-02-19 11:52:45Z" end-time="2016-02-19 11:52:45Z" duration="0.003274" asserts="2" />
            <test-case id="0-4888" name="UsesProvidedGenericComparer" fullname="NUnit.Framework.Constraints.EqualConstraintTests+UsingModifier.UsesProvidedGenericComparer" methodname="UsesProvidedGenericComparer" classname="NUnit.Framework.Constraints.EqualConstraintTests+UsingModifier" runstate="Runnable" seed="1955996987" result="Passed" start-time="2016-02-19 11:52:45Z" end-time="2016-02-19 11:52:45Z" duration="0.002658" asserts="2" />
            <test-case id="0-4889" name="UsesProvidedGenericComparison" fullname="NUnit.Framework.Constraints.EqualConstraintTests+UsingModifier.UsesProvidedGenericComparison" methodname="UsesProvidedGenericComparison" classname="NUnit.Framework.Constraints.EqualConstraintTests+UsingModifier" runstate="Runnable" seed="183984746" result="Passed" start-time="2016-02-19 11:52:45Z" end-time="2016-02-19 11:52:45Z" duration="0.001751" asserts="2" />
            <test-case id="0-4887" name="UsesProvidedGenericEqualityComparer" fullname="NUnit.Framework.Constraints.EqualConstraintTests+UsingModifier.UsesProvidedGenericEqualityComparer" methodname="UsesProvidedGenericEqualityComparer" classname="NUnit.Framework.Constraints.EqualConstraintTests+UsingModifier" runstate="Runnable" seed="2518155" result="Passed" start-time="2016-02-19 11:52:45Z" end-time="2016-02-19 11:52:45Z" duration="0.002177" asserts="2" />
            <test-case id="0-4885" name="UsesProvidedIComparer" fullname="NUnit.Framework.Constraints.EqualConstraintTests+UsingModifier.UsesProvidedIComparer" methodname="UsesProvidedIComparer" classname="NUnit.Framework.Constraints.EqualConstraintTests+UsingModifier" runstate="Runnable" seed="1057263907" result="Passed" start-time="2016-02-19 11:52:45Z" end-time="2016-02-19 11:52:45Z" duration="0.001592" asserts="2" />
            <test-case id="0-4890" name="UsesProvidedLambda_IntArgs" fullname="NUnit.Framework.Constraints.EqualConstraintTests+UsingModifier.UsesProvidedLambda_IntArgs" methodname="UsesProvidedLambda_IntArgs" classname="NUnit.Framework.Constraints.EqualConstraintTests+UsingModifier" runstate="Runnable" seed="1113251726" result="Passed" start-time="2016-02-19 11:52:45Z" end-time="2016-02-19 11:52:45Z" duration="0.001196" asserts="1" />
            <test-case id="0-4891" name="UsesProvidedLambda_StringArgs" fullname="NUnit.Framework.Constraints.EqualConstraintTests+UsingModifier.UsesProvidedLambda_StringArgs" methodname="UsesProvidedLambda_StringArgs" classname="NUnit.Framework.Constraints.EqualConstraintTests+UsingModifier" runstate="Runnable" seed="1194264537" result="Passed" start-time="2016-02-19 11:52:45Z" end-time="2016-02-19 11:52:45Z" duration="0.001298" asserts="1" />
            <test-case id="0-4892" name="UsesProvidedListComparer" fullname="NUnit.Framework.Constraints.EqualConstraintTests+UsingModifier.UsesProvidedListComparer" methodname="UsesProvidedListComparer" classname="NUnit.Framework.Constraints.EqualConstraintTests+UsingModifier" runstate="Runnable" seed="290764688" result="Passed" start-time="2016-02-19 11:52:45Z" end-time="2016-02-19 11:52:45Z" duration="0.001464" asserts="1" />
          </test-suite>
          <test-suite type="TestFixture" id="0-4840" name="EqualConstraintTests+FloatingPointEquality" fullname="NUnit.Framework.Constraints.EqualConstraintTests+FloatingPointEquality" classname="NUnit.Framework.Constraints.EqualConstraintTests+FloatingPointEquality" runstate="Runnable" testcasecount="33" result="Passed" start-time="2016-02-19 11:52:45Z" end-time="2016-02-19 11:52:45Z" duration="0.035040" total="33" passed="33" failed="0" inconclusive="0" skipped="0" asserts="54">
            <test-suite type="ParameterizedMethod" id="0-4863" name="CanMatchDoublesWithRelativeTolerance" fullname="NUnit.Framework.Constraints.EqualConstraintTests+FloatingPointEquality.CanMatchDoublesWithRelativeTolerance" runstate="Runnable" testcasecount="3" result="Passed" start-time="2016-02-19 11:52:45Z" end-time="2016-02-19 11:52:45Z" duration="0.001690" total="3" passed="3" failed="0" inconclusive="0" skipped="0" asserts="3">
              <test-case id="0-4860" name="CanMatchDoublesWithRelativeTolerance(9500.0d)" fullname="NUnit.Framework.Constraints.EqualConstraintTests+FloatingPointEquality.CanMatchDoublesWithRelativeTolerance(9500.0d)" methodname="CanMatchDoublesWithRelativeTolerance" classname="NUnit.Framework.Constraints.EqualConstraintTests+FloatingPointEquality" runstate="Runnable" seed="316060440" result="Passed" start-time="2016-02-19 11:52:45Z" end-time="2016-02-19 11:52:45Z" duration="0.000953" asserts="1" />
              <test-case id="0-4861" name="CanMatchDoublesWithRelativeTolerance(10000.0d)" fullname="NUnit.Framework.Constraints.EqualConstraintTests+FloatingPointEquality.CanMatchDoublesWithRelativeTolerance(10000.0d)" methodname="CanMatchDoublesWithRelativeTolerance" classname="NUnit.Framework.Constraints.EqualConstraintTests+FloatingPointEquality" runstate="Runnable" seed="1035025441" result="Passed" start-time="2016-02-19 11:52:45Z" end-time="2016-02-19 11:52:45Z" duration="0.000083" asserts="1" />
              <test-case id="0-4862" name="CanMatchDoublesWithRelativeTolerance(10500.0d)" fullname="NUnit.Framework.Constraints.EqualConstraintTests+FloatingPointEquality.CanMatchDoublesWithRelativeTolerance(10500.0d)" methodname="CanMatchDoublesWithRelativeTolerance" classname="NUnit.Framework.Constraints.EqualConstraintTests+FloatingPointEquality" runstate="Runnable" seed="1760841851" result="Passed" start-time="2016-02-19 11:52:45Z" end-time="2016-02-19 11:52:45Z" duration="0.000076" asserts="1" />
            </test-suite>
            <test-suite type="ParameterizedMethod" id="0-4850" name="CanMatchDoublesWithUlpTolerance" fullname="NUnit.Framework.Constraints.EqualConstraintTests+FloatingPointEquality.CanMatchDoublesWithUlpTolerance" runstate="Runnable" testcasecount="2" result="Passed" start-time="2016-02-19 11:52:45Z" end-time="2016-02-19 11:52:45Z" duration="0.002090" total="2" passed="2" failed="0" inconclusive="0" skipped="0" asserts="2">
              <test-case id="0-4848" name="CanMatchDoublesWithUlpTolerance(2E+16.0d)" fullname="NUnit.Framework.Constraints.EqualConstraintTests+FloatingPointEquality.CanMatchDoublesWithUlpTolerance(2E+16.0d)" methodname="CanMatchDoublesWithUlpTolerance" classname="NUnit.Framework.Constraints.EqualConstraintTests+FloatingPointEquality" runstate="Runnable" seed="1625676069" result="Passed" start-time="2016-02-19 11:52:45Z" end-time="2016-02-19 11:52:45Z" duration="0.001566" asserts="1" />
              <test-case id="0-4849" name="CanMatchDoublesWithUlpTolerance(2E+16.0d)" fullname="NUnit.Framework.Constraints.EqualConstraintTests+FloatingPointEquality.CanMatchDoublesWithUlpTolerance(2E+16.0d)" methodname="CanMatchDoublesWithUlpTolerance" classname="NUnit.Framework.Constraints.EqualConstraintTests+FloatingPointEquality" runstate="Runnable" seed="461438584" result="Passed" start-time="2016-02-19 11:52:45Z" end-time="2016-02-19 11:52:45Z" duration="0.000088" asserts="1" />
            </test-suite>
            <test-suite type="ParameterizedMethod" id="0-4870" name="CanMatchSinglesWithRelativeTolerance" fullname="NUnit.Framework.Constraints.EqualConstraintTests+FloatingPointEquality.CanMatchSinglesWithRelativeTolerance" runstate="Runnable" testcasecount="3" result="Passed" start-time="2016-02-19 11:52:45Z" end-time="2016-02-19 11:52:45Z" duration="0.003276" total="3" passed="3" failed="0" inconclusive="0" skipped="0" asserts="3">
              <test-case id="0-4867" name="CanMatchSinglesWithRelativeTolerance(9500.0f)" fullname="NUnit.Framework.Constraints.EqualConstraintTests+FloatingPointEquality.CanMatchSinglesWithRelativeTolerance(9500.0f)" methodname="CanMatchSinglesWithRelativeTolerance" classname="NUnit.Framework.Constraints.EqualConstraintTests+FloatingPointEquality" runstate="Runnable" seed="2097039429" result="Passed" start-time="2016-02-19 11:52:45Z" end-time="2016-02-19 11:52:45Z" duration="0.002543" asserts="1" />
              <test-case id="0-4868" name="CanMatchSinglesWithRelativeTolerance(10000.0f)" fullname="NUnit.Framework.Constraints.EqualConstraintTests+FloatingPointEquality.CanMatchSinglesWithRelativeTolerance(10000.0f)" methodname="CanMatchSinglesWithRelativeTolerance" classname="NUnit.Framework.Constraints.EqualConstraintTests+FloatingPointEquality" runstate="Runnable" seed="1561611944" result="Passed" start-time="2016-02-19 11:52:45Z" end-time="2016-02-19 11:52:45Z" duration="0.000089" asserts="1" />
              <test-case id="0-4869" name="CanMatchSinglesWithRelativeTolerance(10500.0f)" fullname="NUnit.Framework.Constraints.EqualConstraintTests+FloatingPointEquality.CanMatchSinglesWithRelativeTolerance(10500.0f)" methodname="CanMatchSinglesWithRelativeTolerance" classname="NUnit.Framework.Constraints.EqualConstraintTests+FloatingPointEquality" runstate="Runnable" seed="106189304" result="Passed" start-time="2016-02-19 11:52:45Z" end-time="2016-02-19 11:52:45Z" duration="0.000069" asserts="1" />
            </test-suite>
            <test-suite type="ParameterizedMethod" id="0-4856" name="CanMatchSinglesWithUlpTolerance" fullname="NUnit.Framework.Constraints.EqualConstraintTests+FloatingPointEquality.CanMatchSinglesWithUlpTolerance" runstate="Runnable" testcasecount="2" result="Passed" start-time="2016-02-19 11:52:45Z" end-time="2016-02-19 11:52:45Z" duration="0.002095" total="2" passed="2" failed="0" inconclusive="0" skipped="0" asserts="2">
              <test-case id="0-4854" name="CanMatchSinglesWithUlpTolerance(2E+07.0f)" fullname="NUnit.Framework.Constraints.EqualConstraintTests+FloatingPointEquality.CanMatchSinglesWithUlpTolerance(2E+07.0f)" methodname="CanMatchSinglesWithUlpTolerance" classname="NUnit.Framework.Constraints.EqualConstraintTests+FloatingPointEquality" runstate="Runnable" seed="1783241650" result="Passed" start-time="2016-02-19 11:52:45Z" end-time="2016-02-19 11:52:45Z" duration="0.001618" asserts="1" />
              <test-case id="0-4855" name="CanMatchSinglesWithUlpTolerance(2E+07.0f)" fullname="NUnit.Framework.Constraints.EqualConstraintTests+FloatingPointEquality.CanMatchSinglesWithUlpTolerance(2E+07.0f)" methodname="CanMatchSinglesWithUlpTolerance" classname="NUnit.Framework.Constraints.EqualConstraintTests+FloatingPointEquality" runstate="Runnable" seed="1570480783" result="Passed" start-time="2016-02-19 11:52:45Z" end-time="2016-02-19 11:52:45Z" duration="0.000081" asserts="1" />
            </test-suite>
            <test-suite type="ParameterizedMethod" id="0-4847" name="CanMatchSpecialFloatingPointValues" fullname="NUnit.Framework.Constraints.EqualConstraintTests+FloatingPointEquality.CanMatchSpecialFloatingPointValues" runstate="Runnable" testcasecount="6" result="Passed" start-time="2016-02-19 11:52:45Z" end-time="2016-02-19 11:52:45Z" duration="0.002332" total="6" passed="6" failed="0" inconclusive="0" skipped="0" asserts="6">
              <test-case id="0-4841" name="CanMatchSpecialFloatingPointValues(double.NaN)" fullname="NUnit.Framework.Constraints.EqualConstraintTests+FloatingPointEquality.CanMatchSpecialFloatingPointValues(double.NaN)" methodname="CanMatchSpecialFloatingPointValues" classname="NUnit.Framework.Constraints.EqualConstraintTests+FloatingPointEquality" runstate="Runnable" seed="4183002" result="Passed" start-time="2016-02-19 11:52:45Z" end-time="2016-02-19 11:52:45Z" duration="0.000660" asserts="1" />
              <test-case id="0-4842" name="CanMatchSpecialFloatingPointValues(double.PositiveInfinity)" fullname="NUnit.Framework.Constraints.EqualConstraintTests+FloatingPointEquality.CanMatchSpecialFloatingPointValues(double.PositiveInfinity)" methodname="CanMatchSpecialFloatingPointValues" classname="NUnit.Framework.Constraints.EqualConstraintTests+FloatingPointEquality" runstate="Runnable" seed="535536275" result="Passed" start-time="2016-02-19 11:52:45Z" end-time="2016-02-19 11:52:45Z" duration="0.000098" asserts="1" />
              <test-case id="0-4843" name="CanMatchSpecialFloatingPointValues(double.NegativeInfinity)" fullname="NUnit.Framework.Constraints.EqualConstraintTests+FloatingPointEquality.CanMatchSpecialFloatingPointValues(double.NegativeInfinity)" methodname="CanMatchSpecialFloatingPointValues" classname="NUnit.Framework.Constraints.EqualConstraintTests+FloatingPointEquality" runstate="Runnable" seed="1937564683" result="Passed" start-time="2016-02-19 11:52:45Z" end-time="2016-02-19 11:52:45Z" duration="0.000136" asserts="1" />
              <test-case id="0-4844" name="CanMatchSpecialFloatingPointValues(float.NaN)" fullname="NUnit.Framework.Constraints.EqualConstraintTests+FloatingPointEquality.CanMatchSpecialFloatingPointValues(float.NaN)" methodname="CanMatchSpecialFloatingPointValues" classname="NUnit.Framework.Constraints.EqualConstraintTests+FloatingPointEquality" runstate="Runnable" seed="843792485" result="Passed" start-time="2016-02-19 11:52:45Z" end-time="2016-02-19 11:52:45Z" duration="0.000082" asserts="1" />
              <test-case id="0-4845" name="CanMatchSpecialFloatingPointValues(float.PositiveInfinity)" fullname="NUnit.Framework.Constraints.EqualConstraintTests+FloatingPointEquality.CanMatchSpecialFloatingPointValues(float.PositiveInfinity)" methodname="CanMatchSpecialFloatingPointValues" classname="NUnit.Framework.Constraints.EqualConstraintTests+FloatingPointEquality" runstate="Runnable" seed="412187398" result="Passed" start-time="2016-02-19 11:52:45Z" end-time="2016-02-19 11:52:45Z" duration="0.000075" asserts="1" />
              <test-case id="0-4846" name="CanMatchSpecialFloatingPointValues(float.NegativeInfinity)" fullname="NUnit.Framework.Constraints.EqualConstraintTests+FloatingPointEquality.CanMatchSpecialFloatingPointValues(float.NegativeInfinity)" methodname="CanMatchSpecialFloatingPointValues" classname="NUnit.Framework.Constraints.EqualConstraintTests+FloatingPointEquality" runstate="Runnable" seed="313591314" result="Passed" start-time="2016-02-19 11:52:45Z" end-time="2016-02-19 11:52:45Z" duration="0.000081" asserts="1" />
            </test-suite>
            <test-case id="0-4876" name="ErrorIfPercentPrecedesWithin" fullname="NUnit.Framework.Constraints.EqualConstraintTests+FloatingPointEquality.ErrorIfPercentPrecedesWithin" methodname="ErrorIfPercentPrecedesWithin" classname="NUnit.Framework.Constraints.EqualConstraintTests+FloatingPointEquality" runstate="Runnable" seed="286660743" result="Passed" start-time="2016-02-19 11:52:45Z" end-time="2016-02-19 11:52:45Z" duration="0.001495" asserts="1" />
            <test-case id="0-4883" name="ErrorIfUlpsIsUsedOnDecimal" fullname="NUnit.Framework.Constraints.EqualConstraintTests+FloatingPointEquality.ErrorIfUlpsIsUsedOnDecimal" methodname="ErrorIfUlpsIsUsedOnDecimal" classname="NUnit.Framework.Constraints.EqualConstraintTests+FloatingPointEquality" runstate="Runnable" seed="1191346941" result="Passed" start-time="2016-02-19 11:52:45Z" end-time="2016-02-19 11:52:45Z" duration="0.002156" asserts="2" />
            <test-suite type="ParameterizedMethod" id="0-4882" name="ErrorIfUlpsIsUsedOnIntegralType" fullname="NUnit.Framework.Constraints.EqualConstraintTests+FloatingPointEquality.ErrorIfUlpsIsUsedOnIntegralType" runstate="Runnable" testcasecount="4" result="Passed" start-time="2016-02-19 11:52:45Z" end-time="2016-02-19 11:52:45Z" duration="0.002753" total="4" passed="4" failed="0" inconclusive="0" skipped="0" asserts="8">
              <test-case id="0-4878" name="ErrorIfUlpsIsUsedOnIntegralType(1000,1010)" fullname="NUnit.Framework.Constraints.EqualConstraintTests+FloatingPointEquality.ErrorIfUlpsIsUsedOnIntegralType(1000,1010)" methodname="ErrorIfUlpsIsUsedOnIntegralType" classname="NUnit.Framework.Constraints.EqualConstraintTests+FloatingPointEquality" runstate="Runnable" seed="1583920335" result="Passed" start-time="2016-02-19 11:52:45Z" end-time="2016-02-19 11:52:45Z" duration="0.001380" asserts="2" />
              <test-case id="0-4879" name="ErrorIfUlpsIsUsedOnIntegralType(1000,1010)" fullname="NUnit.Framework.Constraints.EqualConstraintTests+FloatingPointEquality.ErrorIfUlpsIsUsedOnIntegralType(1000,1010)" methodname="ErrorIfUlpsIsUsedOnIntegralType" classname="NUnit.Framework.Constraints.EqualConstraintTests+FloatingPointEquality" runstate="Runnable" seed="811126996" result="Passed" start-time="2016-02-19 11:52:45Z" end-time="2016-02-19 11:52:45Z" duration="0.000166" asserts="2" />
              <test-case id="0-4880" name="ErrorIfUlpsIsUsedOnIntegralType(1000L,1010L)" fullname="NUnit.Framework.Constraints.EqualConstraintTests+FloatingPointEquality.ErrorIfUlpsIsUsedOnIntegralType(1000L,1010L)" methodname="ErrorIfUlpsIsUsedOnIntegralType" classname="NUnit.Framework.Constraints.EqualConstraintTests+FloatingPointEquality" runstate="Runnable" seed="1017717167" result="Passed" start-time="2016-02-19 11:52:45Z" end-time="2016-02-19 11:52:45Z" duration="0.000160" asserts="2" />
              <test-case id="0-4881" name="ErrorIfUlpsIsUsedOnIntegralType(1000UL,1010UL)" fullname="NUnit.Framework.Constraints.EqualConstraintTests+FloatingPointEquality.ErrorIfUlpsIsUsedOnIntegralType(1000UL,1010UL)" methodname="ErrorIfUlpsIsUsedOnIntegralType" classname="NUnit.Framework.Constraints.EqualConstraintTests+FloatingPointEquality" runstate="Runnable" seed="1472487414" result="Passed" start-time="2016-02-19 11:52:45Z" end-time="2016-02-19 11:52:45Z" duration="0.000156" asserts="2" />
            </test-suite>
            <test-case id="0-4877" name="ErrorIfUlpsPrecedesWithin" fullname="NUnit.Framework.Constraints.EqualConstraintTests+FloatingPointEquality.ErrorIfUlpsPrecedesWithin" methodname="ErrorIfUlpsPrecedesWithin" classname="NUnit.Framework.Constraints.EqualConstraintTests+FloatingPointEquality" runstate="Runnable" seed="1622363018" result="Passed" start-time="2016-02-19 11:52:45Z" end-time="2016-02-19 11:52:45Z" duration="0.001440" asserts="1" />
            <test-case id="0-4874" name="ErrorWithPercentAndUlpsToleranceModes" fullname="NUnit.Framework.Constraints.EqualConstraintTests+FloatingPointEquality.ErrorWithPercentAndUlpsToleranceModes" methodname="ErrorWithPercentAndUlpsToleranceModes" classname="NUnit.Framework.Constraints.EqualConstraintTests+FloatingPointEquality" runstate="Runnable" seed="1010223448" result="Passed" start-time="2016-02-19 11:52:45Z" end-time="2016-02-19 11:52:45Z" duration="0.001250" asserts="1" />
            <test-case id="0-4875" name="ErrorWithUlpsAndPercentToleranceModes" fullname="NUnit.Framework.Constraints.EqualConstraintTests+FloatingPointEquality.ErrorWithUlpsAndPercentToleranceModes" methodname="ErrorWithUlpsAndPercentToleranceModes" classname="NUnit.Framework.Constraints.EqualConstraintTests+FloatingPointEquality" runstate="Runnable" seed="859097775" result="Passed" start-time="2016-02-19 11:52:45Z" end-time="2016-02-19 11:52:45Z" duration="0.002007" asserts="1" />
            <test-suite type="ParameterizedMethod" id="0-4866" name="FailsOnDoublesOutsideOfRelativeTolerance" fullname="NUnit.Framework.Constraints.EqualConstraintTests+FloatingPointEquality.FailsOnDoublesOutsideOfRelativeTolerance" runstate="Runnable" testcasecount="2" result="Passed" start-time="2016-02-19 11:52:45Z" end-time="2016-02-19 11:52:45Z" duration="0.002180" total="2" passed="2" failed="0" inconclusive="0" skipped="0" asserts="6">
              <test-case id="0-4864" name="FailsOnDoublesOutsideOfRelativeTolerance(8500.0d)" fullname="NUnit.Framework.Constraints.EqualConstraintTests+FloatingPointEquality.FailsOnDoublesOutsideOfRelativeTolerance(8500.0d)" methodname="FailsOnDoublesOutsideOfRelativeTolerance" classname="NUnit.Framework.Constraints.EqualConstraintTests+FloatingPointEquality" runstate="Runnable" seed="1596164160" result="Passed" start-time="2016-02-19 11:52:45Z" end-time="2016-02-19 11:52:45Z" duration="0.001575" asserts="3" />
              <test-case id="0-4865" name="FailsOnDoublesOutsideOfRelativeTolerance(11500.0d)" fullname="NUnit.Framework.Constraints.EqualConstraintTests+FloatingPointEquality.FailsOnDoublesOutsideOfRelativeTolerance(11500.0d)" methodname="FailsOnDoublesOutsideOfRelativeTolerance" classname="NUnit.Framework.Constraints.EqualConstraintTests+FloatingPointEquality" runstate="Runnable" seed="1346124124" result="Passed" start-time="2016-02-19 11:52:45Z" end-time="2016-02-19 11:52:45Z" duration="0.000182" asserts="3" />
            </test-suite>
            <test-suite type="ParameterizedMethod" id="0-4853" name="FailsOnDoublesOutsideOfUlpTolerance" fullname="NUnit.Framework.Constraints.EqualConstraintTests+FloatingPointEquality.FailsOnDoublesOutsideOfUlpTolerance" runstate="Runnable" testcasecount="2" result="Passed" start-time="2016-02-19 11:52:45Z" end-time="2016-02-19 11:52:45Z" duration="0.002081" total="2" passed="2" failed="0" inconclusive="0" skipped="0" asserts="6">
              <test-case id="0-4851" name="FailsOnDoublesOutsideOfUlpTolerance(2E+16.0d)" fullname="NUnit.Framework.Constraints.EqualConstraintTests+FloatingPointEquality.FailsOnDoublesOutsideOfUlpTolerance(2E+16.0d)" methodname="FailsOnDoublesOutsideOfUlpTolerance" classname="NUnit.Framework.Constraints.EqualConstraintTests+FloatingPointEquality" runstate="Runnable" seed="422325681" result="Passed" start-time="2016-02-19 11:52:45Z" end-time="2016-02-19 11:52:45Z" duration="0.001494" asserts="3" />
              <test-case id="0-4852" name="FailsOnDoublesOutsideOfUlpTolerance(2E+16.0d)" fullname="NUnit.Framework.Constraints.EqualConstraintTests+FloatingPointEquality.FailsOnDoublesOutsideOfUlpTolerance(2E+16.0d)" methodname="FailsOnDoublesOutsideOfUlpTolerance" classname="NUnit.Framework.Constraints.EqualConstraintTests+FloatingPointEquality" runstate="Runnable" seed="336109881" result="Passed" start-time="2016-02-19 11:52:45Z" end-time="2016-02-19 11:52:45Z" duration="0.000171" asserts="3" />
            </test-suite>
            <test-suite type="ParameterizedMethod" id="0-4873" name="FailsOnSinglesOutsideOfRelativeTolerance" fullname="NUnit.Framework.Constraints.EqualConstraintTests+FloatingPointEquality.FailsOnSinglesOutsideOfRelativeTolerance" runstate="Runnable" testcasecount="2" result="Passed" start-time="2016-02-19 11:52:45Z" end-time="2016-02-19 11:52:45Z" duration="0.004622" total="2" passed="2" failed="0" inconclusive="0" skipped="0" asserts="6">
              <test-case id="0-4871" name="FailsOnSinglesOutsideOfRelativeTolerance(8500.0f)" fullname="NUnit.Framework.Constraints.EqualConstraintTests+FloatingPointEquality.FailsOnSinglesOutsideOfRelativeTolerance(8500.0f)" methodname="FailsOnSinglesOutsideOfRelativeTolerance" classname="NUnit.Framework.Constraints.EqualConstraintTests+FloatingPointEquality" runstate="Runnable" seed="625649378" result="Passed" start-time="2016-02-19 11:52:45Z" end-time="2016-02-19 11:52:45Z" duration="0.002670" asserts="3" />
              <test-case id="0-4872" name="FailsOnSinglesOutsideOfRelativeTolerance(11500.0f)" fullname="NUnit.Framework.Constraints.EqualConstraintTests+FloatingPointEquality.FailsOnSinglesOutsideOfRelativeTolerance(11500.0f)" methodname="FailsOnSinglesOutsideOfRelativeTolerance" classname="NUnit.Framework.Constraints.EqualConstraintTests+FloatingPointEquality" runstate="Runnable" seed="203656556" result="Passed" start-time="2016-02-19 11:52:45Z" end-time="2016-02-19 11:52:45Z" duration="0.000181" asserts="3" />
            </test-suite>
            <test-suite type="ParameterizedMethod" id="0-4859" name="FailsOnSinglesOutsideOfUlpTolerance" fullname="NUnit.Framework.Constraints.EqualConstraintTests+FloatingPointEquality.FailsOnSinglesOutsideOfUlpTolerance" runstate="Runnable" testcasecount="2" result="Passed" start-time="2016-02-19 11:52:45Z" end-time="2016-02-19 11:52:45Z" duration="0.002103" total="2" passed="2" failed="0" inconclusive="0" skipped="0" asserts="6">
              <test-case id="0-4857" name="FailsOnSinglesOutsideOfUlpTolerance(2E+07.0f)" fullname="NUnit.Framework.Constraints.EqualConstraintTests+FloatingPointEquality.FailsOnSinglesOutsideOfUlpTolerance(2E+07.0f)" methodname="FailsOnSinglesOutsideOfUlpTolerance" classname="NUnit.Framework.Constraints.EqualConstraintTests+FloatingPointEquality" runstate="Runnable" seed="1267581187" result="Passed" start-time="2016-02-19 11:52:45Z" end-time="2016-02-19 11:52:45Z" duration="0.001573" asserts="3" />
              <test-case id="0-4858" name="FailsOnSinglesOutsideOfUlpTolerance(2E+07.0f)" fullname="NUnit.Framework.Constraints.EqualConstraintTests+FloatingPointEquality.FailsOnSinglesOutsideOfUlpTolerance(2E+07.0f)" methodname="FailsOnSinglesOutsideOfUlpTolerance" classname="NUnit.Framework.Constraints.EqualConstraintTests+FloatingPointEquality" runstate="Runnable" seed="1732356984" result="Passed" start-time="2016-02-19 11:52:45Z" end-time="2016-02-19 11:52:45Z" duration="0.000165" asserts="3" />
            </test-suite>
          </test-suite>
          <test-suite type="TestFixture" id="0-1831" name="EqualTests" fullname="NUnit.Framework.Constraints.EqualTests" classname="NUnit.Framework.Constraints.EqualTests" runstate="Runnable" testcasecount="5" result="Passed" start-time="2016-02-19 11:52:45Z" end-time="2016-02-19 11:52:45Z" duration="0.009245" total="5" passed="5" failed="0" inconclusive="0" skipped="0" asserts="13">
            <test-case id="0-1832" name="FailedStringMatchShowsFailurePosition" fullname="NUnit.Framework.Constraints.EqualTests.FailedStringMatchShowsFailurePosition" methodname="FailedStringMatchShowsFailurePosition" classname="NUnit.Framework.Constraints.EqualTests" runstate="Runnable" seed="254004115" result="Passed" start-time="2016-02-19 11:52:45Z" end-time="2016-02-19 11:52:45Z" duration="0.003207" asserts="3" />
            <test-case id="0-1833" name="LongStringsAreTruncated" fullname="NUnit.Framework.Constraints.EqualTests.LongStringsAreTruncated" methodname="LongStringsAreTruncated" classname="NUnit.Framework.Constraints.EqualTests" runstate="Runnable" seed="321114559" result="Passed" start-time="2016-02-19 11:52:45Z" end-time="2016-02-19 11:52:45Z" duration="0.002646" asserts="3" />
            <test-case id="0-1834" name="LongStringsAreTruncatedAtBothEndsIfNecessary" fullname="NUnit.Framework.Constraints.EqualTests.LongStringsAreTruncatedAtBothEndsIfNecessary" methodname="LongStringsAreTruncatedAtBothEndsIfNecessary" classname="NUnit.Framework.Constraints.EqualTests" runstate="Runnable" seed="469599335" result="Passed" start-time="2016-02-19 11:52:45Z" end-time="2016-02-19 11:52:45Z" duration="0.001045" asserts="3" />
            <test-case id="0-1835" name="LongStringsAreTruncatedAtFrontEndIfNecessary" fullname="NUnit.Framework.Constraints.EqualTests.LongStringsAreTruncatedAtFrontEndIfNecessary" methodname="LongStringsAreTruncatedAtFrontEndIfNecessary" classname="NUnit.Framework.Constraints.EqualTests" runstate="Runnable" seed="638091181" result="Passed" start-time="2016-02-19 11:52:45Z" end-time="2016-02-19 11:52:45Z" duration="0.000990" asserts="3" />
            <test-case id="0-1836" name="TestPropertyWithPrivateSetter" fullname="NUnit.Framework.Constraints.EqualTests.TestPropertyWithPrivateSetter" methodname="TestPropertyWithPrivateSetter" classname="NUnit.Framework.Constraints.EqualTests" runstate="Runnable" seed="528812123" result="Passed" start-time="2016-02-19 11:52:45Z" end-time="2016-02-19 11:52:45Z" duration="0.000445" asserts="1" />
          </test-suite>
          <test-suite type="TestFixture" id="0-2305" name="ExactCountConstraintTests" fullname="NUnit.Framework.Constraints.ExactCountConstraintTests" classname="NUnit.Framework.Constraints.ExactCountConstraintTests" runstate="Runnable" testcasecount="6" result="Passed" start-time="2016-02-19 11:52:45Z" end-time="2016-02-19 11:52:45Z" duration="0.013597" total="6" passed="6" failed="0" inconclusive="0" skipped="0" asserts="15">
            <test-case id="0-2308" name="ExactlyOneItemMatches" fullname="NUnit.Framework.Constraints.ExactCountConstraintTests.ExactlyOneItemMatches" methodname="ExactlyOneItemMatches" classname="NUnit.Framework.Constraints.ExactCountConstraintTests" runstate="Runnable" seed="715463552" result="Passed" start-time="2016-02-19 11:52:45Z" end-time="2016-02-19 11:52:45Z" duration="0.003134" asserts="2" />
            <test-case id="0-2309" name="ExactlyOneItemMatchFails" fullname="NUnit.Framework.Constraints.ExactCountConstraintTests.ExactlyOneItemMatchFails" methodname="ExactlyOneItemMatchFails" classname="NUnit.Framework.Constraints.ExactCountConstraintTests" runstate="Runnable" seed="785504078" result="Passed" start-time="2016-02-19 11:52:45Z" end-time="2016-02-19 11:52:45Z" duration="0.003203" asserts="3" />
            <test-case id="0-2310" name="ExactlyTwoItemsMatch" fullname="NUnit.Framework.Constraints.ExactCountConstraintTests.ExactlyTwoItemsMatch" methodname="ExactlyTwoItemsMatch" classname="NUnit.Framework.Constraints.ExactCountConstraintTests" runstate="Runnable" seed="171204300" result="Passed" start-time="2016-02-19 11:52:45Z" end-time="2016-02-19 11:52:45Z" duration="0.000921" asserts="2" />
            <test-case id="0-2311" name="ExactlyTwoItemsMatchFails" fullname="NUnit.Framework.Constraints.ExactCountConstraintTests.ExactlyTwoItemsMatchFails" methodname="ExactlyTwoItemsMatchFails" classname="NUnit.Framework.Constraints.ExactCountConstraintTests" runstate="Runnable" seed="1763590771" result="Passed" start-time="2016-02-19 11:52:45Z" end-time="2016-02-19 11:52:45Z" duration="0.001497" asserts="3" />
            <test-case id="0-2306" name="ZeroItemsMatch" fullname="NUnit.Framework.Constraints.ExactCountConstraintTests.ZeroItemsMatch" methodname="ZeroItemsMatch" classname="NUnit.Framework.Constraints.ExactCountConstraintTests" runstate="Runnable" seed="1939950840" result="Passed" start-time="2016-02-19 11:52:45Z" end-time="2016-02-19 11:52:45Z" duration="0.000995" asserts="2" />
            <test-case id="0-2307" name="ZeroItemsMatchFails" fullname="NUnit.Framework.Constraints.ExactCountConstraintTests.ZeroItemsMatchFails" methodname="ZeroItemsMatchFails" classname="NUnit.Framework.Constraints.ExactCountConstraintTests" runstate="Runnable" seed="1182159429" result="Passed" start-time="2016-02-19 11:52:45Z" end-time="2016-02-19 11:52:45Z" duration="0.002849" asserts="3" />
          </test-suite>
          <test-suite type="TestFixture" id="0-1931" name="EqualityComparerTests" fullname="NUnit.Framework.Constraints.EqualityComparerTests" classname="NUnit.Framework.Constraints.EqualityComparerTests" runstate="Runnable" testcasecount="41" result="Passed" start-time="2016-02-19 11:52:45Z" end-time="2016-02-19 11:52:45Z" duration="0.039473" total="41" passed="41" failed="0" inconclusive="0" skipped="0" asserts="61">
            <test-case id="0-1965" name="CanCompareArrayContainingSelfToSelf" fullname="NUnit.Framework.Constraints.EqualityComparerTests.CanCompareArrayContainingSelfToSelf" methodname="CanCompareArrayContainingSelfToSelf" classname="NUnit.Framework.Constraints.EqualityComparerTests" runstate="Runnable" seed="748578586" result="Passed" start-time="2016-02-19 11:52:45Z" end-time="2016-02-19 11:52:45Z" duration="0.000973" asserts="1" />
            <test-case id="0-1974" name="CanHandleMultipleImplementationsOfIEquatable" fullname="NUnit.Framework.Constraints.EqualityComparerTests.CanHandleMultipleImplementationsOfIEquatable" methodname="CanHandleMultipleImplementationsOfIEquatable" classname="NUnit.Framework.Constraints.EqualityComparerTests" runstate="Runnable" seed="609703131" result="Passed" start-time="2016-02-19 11:52:45Z" end-time="2016-02-19 11:52:45Z" duration="0.002456" asserts="6" />
            <test-case id="0-1964" name="DifferentDirectoriesAreNotEqual" fullname="NUnit.Framework.Constraints.EqualityComparerTests.DifferentDirectoriesAreNotEqual" methodname="DifferentDirectoriesAreNotEqual" classname="NUnit.Framework.Constraints.EqualityComparerTests" runstate="Runnable" seed="2003284881" result="Passed" start-time="2016-02-19 11:52:45Z" end-time="2016-02-19 11:52:45Z" duration="0.002296" asserts="1" />
            <test-suite type="ParameterizedMethod" id="0-1943" name="EqualItems" fullname="NUnit.Framework.Constraints.EqualityComparerTests.EqualItems" runstate="Runnable" testcasecount="11" result="Passed" start-time="2016-02-19 11:52:45Z" end-time="2016-02-19 11:52:45Z" duration="0.006026" total="11" passed="11" failed="0" inconclusive="0" skipped="0" asserts="11">
              <test-case id="0-1932" name="EqualItems(4,4)" fullname="NUnit.Framework.Constraints.EqualityComparerTests.EqualItems(4,4)" methodname="EqualItems" classname="NUnit.Framework.Constraints.EqualityComparerTests" runstate="Runnable" seed="21268377" result="Passed" start-time="2016-02-19 11:52:45Z" end-time="2016-02-19 11:52:45Z" duration="0.000671" asserts="1" />
              <test-case id="0-1933" name="EqualItems(4.0d,4.0d)" fullname="NUnit.Framework.Constraints.EqualityComparerTests.EqualItems(4.0d,4.0d)" methodname="EqualItems" classname="NUnit.Framework.Constraints.EqualityComparerTests" runstate="Runnable" seed="1772800333" result="Passed" start-time="2016-02-19 11:52:45Z" end-time="2016-02-19 11:52:45Z" duration="0.000181" asserts="1" />
              <test-case id="0-1934" name="EqualItems(4.0f,4.0f)" fullname="NUnit.Framework.Constraints.EqualityComparerTests.EqualItems(4.0f,4.0f)" methodname="EqualItems" classname="NUnit.Framework.Constraints.EqualityComparerTests" runstate="Runnable" seed="2050605132" result="Passed" start-time="2016-02-19 11:52:45Z" end-time="2016-02-19 11:52:45Z" duration="0.000166" asserts="1" />
              <test-case id="0-1935" name="EqualItems(4,4.0d)" fullname="NUnit.Framework.Constraints.EqualityComparerTests.EqualItems(4,4.0d)" methodname="EqualItems" classname="NUnit.Framework.Constraints.EqualityComparerTests" runstate="Runnable" seed="1655283394" result="Passed" start-time="2016-02-19 11:52:45Z" end-time="2016-02-19 11:52:45Z" duration="0.000191" asserts="1" />
              <test-case id="0-1936" name="EqualItems(4,4.0f)" fullname="NUnit.Framework.Constraints.EqualityComparerTests.EqualItems(4,4.0f)" methodname="EqualItems" classname="NUnit.Framework.Constraints.EqualityComparerTests" runstate="Runnable" seed="468188660" result="Passed" start-time="2016-02-19 11:52:45Z" end-time="2016-02-19 11:52:45Z" duration="0.000171" asserts="1" />
              <test-case id="0-1937" name="EqualItems(4.0d,4)" fullname="NUnit.Framework.Constraints.EqualityComparerTests.EqualItems(4.0d,4)" methodname="EqualItems" classname="NUnit.Framework.Constraints.EqualityComparerTests" runstate="Runnable" seed="1635645274" result="Passed" start-time="2016-02-19 11:52:45Z" end-time="2016-02-19 11:52:45Z" duration="0.000167" asserts="1" />
              <test-case id="0-1938" name="EqualItems(4.0d,4.0f)" fullname="NUnit.Framework.Constraints.EqualityComparerTests.EqualItems(4.0d,4.0f)" methodname="EqualItems" classname="NUnit.Framework.Constraints.EqualityComparerTests" runstate="Runnable" seed="1058811901" result="Passed" start-time="2016-02-19 11:52:45Z" end-time="2016-02-19 11:52:45Z" duration="0.000162" asserts="1" />
              <test-case id="0-1939" name="EqualItems(4.0f,4)" fullname="NUnit.Framework.Constraints.EqualityComparerTests.EqualItems(4.0f,4)" methodname="EqualItems" classname="NUnit.Framework.Constraints.EqualityComparerTests" runstate="Runnable" seed="696986760" result="Passed" start-time="2016-02-19 11:52:45Z" end-time="2016-02-19 11:52:45Z" duration="0.000156" asserts="1" />
              <test-case id="0-1940" name="EqualItems(4.0f,4.0d)" fullname="NUnit.Framework.Constraints.EqualityComparerTests.EqualItems(4.0f,4.0d)" methodname="EqualItems" classname="NUnit.Framework.Constraints.EqualityComparerTests" runstate="Runnable" seed="491917374" result="Passed" start-time="2016-02-19 11:52:45Z" end-time="2016-02-19 11:52:45Z" duration="0.000171" asserts="1" />
              <test-case id="0-1941" name="EqualItems(null,null)" fullname="NUnit.Framework.Constraints.EqualityComparerTests.EqualItems(null,null)" methodname="EqualItems" classname="NUnit.Framework.Constraints.EqualityComparerTests" runstate="Runnable" seed="1949188176" result="Passed" start-time="2016-02-19 11:52:45Z" end-time="2016-02-19 11:52:45Z" duration="0.000162" asserts="1" />
              <test-case id="0-1942" name="EqualItems(null,null)" fullname="NUnit.Framework.Constraints.EqualityComparerTests.EqualItems(null,null)" methodname="EqualItems" classname="NUnit.Framework.Constraints.EqualityComparerTests" runstate="Runnable" seed="1087902083" result="Passed" start-time="2016-02-19 11:52:45Z" end-time="2016-02-19 11:52:45Z" duration="0.000158" asserts="1" />
            </test-suite>
            <test-case id="0-1975" name="IEnumeratorIsDisposed" fullname="NUnit.Framework.Constraints.EqualityComparerTests.IEnumeratorIsDisposed" methodname="IEnumeratorIsDisposed" classname="NUnit.Framework.Constraints.EqualityComparerTests" runstate="Runnable" seed="1354823611" result="Passed" start-time="2016-02-19 11:52:45Z" end-time="2016-02-19 11:52:45Z" duration="0.002966" asserts="2" />
            <test-case id="0-1967" name="IEquatableDifferentTypesSuccess_WhenActualImplementsIEquatable" fullname="NUnit.Framework.Constraints.EqualityComparerTests.IEquatableDifferentTypesSuccess_WhenActualImplementsIEquatable" methodname="IEquatableDifferentTypesSuccess_WhenActualImplementsIEquatable" classname="NUnit.Framework.Constraints.EqualityComparerTests" runstate="Runnable" seed="1587996389" result="Passed" start-time="2016-02-19 11:52:45Z" end-time="2016-02-19 11:52:45Z" duration="0.000877" asserts="1" />
            <test-case id="0-1968" name="IEquatableDifferentTypesSuccess_WhenExpectedImplementsIEquatable" fullname="NUnit.Framework.Constraints.EqualityComparerTests.IEquatableDifferentTypesSuccess_WhenExpectedImplementsIEquatable" methodname="IEquatableDifferentTypesSuccess_WhenExpectedImplementsIEquatable" classname="NUnit.Framework.Constraints.EqualityComparerTests" runstate="Runnable" seed="1191943680" result="Passed" start-time="2016-02-19 11:52:45Z" end-time="2016-02-19 11:52:45Z" duration="0.001606" asserts="1" />
            <test-case id="0-1970" name="IEquatableHasPrecedenceOverDefaultEquals" fullname="NUnit.Framework.Constraints.EqualityComparerTests.IEquatableHasPrecedenceOverDefaultEquals" methodname="IEquatableHasPrecedenceOverDefaultEquals" classname="NUnit.Framework.Constraints.EqualityComparerTests" runstate="Runnable" seed="224465648" result="Passed" start-time="2016-02-19 11:52:45Z" end-time="2016-02-19 11:52:45Z" duration="0.000716" asserts="1" />
            <test-case id="0-1966" name="IEquatableSuccess" fullname="NUnit.Framework.Constraints.EqualityComparerTests.IEquatableSuccess" methodname="IEquatableSuccess" classname="NUnit.Framework.Constraints.EqualityComparerTests" runstate="Runnable" seed="1250709974" result="Passed" start-time="2016-02-19 11:52:45Z" end-time="2016-02-19 11:52:45Z" duration="0.000750" asserts="1" />
            <test-case id="0-1971" name="ImplementingIEquatableDirectlyOnTheClass" fullname="NUnit.Framework.Constraints.EqualityComparerTests.ImplementingIEquatableDirectlyOnTheClass" methodname="ImplementingIEquatableDirectlyOnTheClass" classname="NUnit.Framework.Constraints.EqualityComparerTests" runstate="Runnable" seed="1745866846" result="Passed" start-time="2016-02-19 11:52:45Z" end-time="2016-02-19 11:52:45Z" duration="0.001274" asserts="2" />
            <test-case id="0-1972" name="ImplementingIEquatableOnABaseClassOrInterface" fullname="NUnit.Framework.Constraints.EqualityComparerTests.ImplementingIEquatableOnABaseClassOrInterface" methodname="ImplementingIEquatableOnABaseClassOrInterface" classname="NUnit.Framework.Constraints.EqualityComparerTests" runstate="Runnable" seed="1819496433" result="Passed" start-time="2016-02-19 11:52:45Z" end-time="2016-02-19 11:52:45Z" duration="0.001160" asserts="2" />
            <test-case id="0-1973" name="ImplementingIEquatableOnABaseClassOrInterfaceThroughInterface" fullname="NUnit.Framework.Constraints.EqualityComparerTests.ImplementingIEquatableOnABaseClassOrInterfaceThroughInterface" methodname="ImplementingIEquatableOnABaseClassOrInterfaceThroughInterface" classname="NUnit.Framework.Constraints.EqualityComparerTests" runstate="Runnable" seed="1785763988" result="Passed" start-time="2016-02-19 11:52:45Z" end-time="2016-02-19 11:52:45Z" duration="0.001092" asserts="2" />
            <test-case id="0-1969" name="ReferenceEqualityHasPrecedenceOverIEquatable" fullname="NUnit.Framework.Constraints.EqualityComparerTests.ReferenceEqualityHasPrecedenceOverIEquatable" methodname="ReferenceEqualityHasPrecedenceOverIEquatable" classname="NUnit.Framework.Constraints.EqualityComparerTests" runstate="Runnable" seed="2043472732" result="Passed" start-time="2016-02-19 11:52:45Z" end-time="2016-02-19 11:52:45Z" duration="0.000450" asserts="1" />
            <test-case id="0-1963" name="SameDirectoriesAreEqual" fullname="NUnit.Framework.Constraints.EqualityComparerTests.SameDirectoriesAreEqual" methodname="SameDirectoriesAreEqual" classname="NUnit.Framework.Constraints.EqualityComparerTests" runstate="Runnable" seed="1637124799" result="Passed" start-time="2016-02-19 11:52:45Z" end-time="2016-02-19 11:52:45Z" duration="0.003073" asserts="1" />
            <test-suite type="ParameterizedMethod" id="0-1962" name="SpecialFloatingPointValuesCompareAsEqual" fullname="NUnit.Framework.Constraints.EqualityComparerTests.SpecialFloatingPointValuesCompareAsEqual" runstate="Runnable" testcasecount="6" result="Passed" start-time="2016-02-19 11:52:45Z" end-time="2016-02-19 11:52:45Z" duration="0.002563" total="6" passed="6" failed="0" inconclusive="0" skipped="0" asserts="6">
              <test-case id="0-1956" name="SpecialFloatingPointValuesCompareAsEqual(double.PositiveInfinity,double.PositiveInfinity)" fullname="NUnit.Framework.Constraints.EqualityComparerTests.SpecialFloatingPointValuesCompareAsEqual(double.PositiveInfinity,double.PositiveInfinity)" methodname="SpecialFloatingPointValuesCompareAsEqual" classname="NUnit.Framework.Constraints.EqualityComparerTests" runstate="Runnable" seed="1092147883" result="Passed" start-time="2016-02-19 11:52:45Z" end-time="2016-02-19 11:52:45Z" duration="0.000462" asserts="1" />
              <test-case id="0-1957" name="SpecialFloatingPointValuesCompareAsEqual(double.NegativeInfinity,double.NegativeInfinity)" fullname="NUnit.Framework.Constraints.EqualityComparerTests.SpecialFloatingPointValuesCompareAsEqual(double.NegativeInfinity,double.NegativeInfinity)" methodname="SpecialFloatingPointValuesCompareAsEqual" classname="NUnit.Framework.Constraints.EqualityComparerTests" runstate="Runnable" seed="1803318558" result="Passed" start-time="2016-02-19 11:52:45Z" end-time="2016-02-19 11:52:45Z" duration="0.000167" asserts="1" />
              <test-case id="0-1958" name="SpecialFloatingPointValuesCompareAsEqual(double.NaN,double.NaN)" fullname="NUnit.Framework.Constraints.EqualityComparerTests.SpecialFloatingPointValuesCompareAsEqual(double.NaN,double.NaN)" methodname="SpecialFloatingPointValuesCompareAsEqual" classname="NUnit.Framework.Constraints.EqualityComparerTests" runstate="Runnable" seed="668192119" result="Passed" start-time="2016-02-19 11:52:45Z" end-time="2016-02-19 11:52:45Z" duration="0.000108" asserts="1" />
              <test-case id="0-1959" name="SpecialFloatingPointValuesCompareAsEqual(float.PositiveInfinity,float.PositiveInfinity)" fullname="NUnit.Framework.Constraints.EqualityComparerTests.SpecialFloatingPointValuesCompareAsEqual(float.PositiveInfinity,float.PositiveInfinity)" methodname="SpecialFloatingPointValuesCompareAsEqual" classname="NUnit.Framework.Constraints.EqualityComparerTests" runstate="Runnable" seed="1797423132" result="Passed" start-time="2016-02-19 11:52:45Z" end-time="2016-02-19 11:52:45Z" duration="0.000099" asserts="1" />
              <test-case id="0-1960" name="SpecialFloatingPointValuesCompareAsEqual(float.NegativeInfinity,float.NegativeInfinity)" fullname="NUnit.Framework.Constraints.EqualityComparerTests.SpecialFloatingPointValuesCompareAsEqual(float.NegativeInfinity,float.NegativeInfinity)" methodname="SpecialFloatingPointValuesCompareAsEqual" classname="NUnit.Framework.Constraints.EqualityComparerTests" runstate="Runnable" seed="51641611" result="Passed" start-time="2016-02-19 11:52:45Z" end-time="2016-02-19 11:52:45Z" duration="0.000104" asserts="1" />
              <test-case id="0-1961" name="SpecialFloatingPointValuesCompareAsEqual(float.NaN,float.NaN)" fullname="NUnit.Framework.Constraints.EqualityComparerTests.SpecialFloatingPointValuesCompareAsEqual(float.NaN,float.NaN)" methodname="SpecialFloatingPointValuesCompareAsEqual" classname="NUnit.Framework.Constraints.EqualityComparerTests" runstate="Runnable" seed="305646074" result="Passed" start-time="2016-02-19 11:52:45Z" end-time="2016-02-19 11:52:45Z" duration="0.000101" asserts="1" />
            </test-suite>
            <test-suite type="ParameterizedMethod" id="0-1955" name="UnequalItems" fullname="NUnit.Framework.Constraints.EqualityComparerTests.UnequalItems" runstate="Runnable" testcasecount="11" result="Passed" start-time="2016-02-19 11:52:45Z" end-time="2016-02-19 11:52:45Z" duration="0.006405" total="11" passed="11" failed="0" inconclusive="0" skipped="0" asserts="22">
              <test-case id="0-1944" name="UnequalItems(4,2)" fullname="NUnit.Framework.Constraints.EqualityComparerTests.UnequalItems(4,2)" methodname="UnequalItems" classname="NUnit.Framework.Constraints.EqualityComparerTests" runstate="Runnable" seed="2001697137" result="Passed" start-time="2016-02-19 11:52:45Z" end-time="2016-02-19 11:52:45Z" duration="0.001844" asserts="2" />
              <test-case id="0-1945" name="UnequalItems(4.0d,2.0d)" fullname="NUnit.Framework.Constraints.EqualityComparerTests.UnequalItems(4.0d,2.0d)" methodname="UnequalItems" classname="NUnit.Framework.Constraints.EqualityComparerTests" runstate="Runnable" seed="1831032443" result="Passed" start-time="2016-02-19 11:52:45Z" end-time="2016-02-19 11:52:45Z" duration="0.000202" asserts="2" />
              <test-case id="0-1946" name="UnequalItems(4.0f,2.0f)" fullname="NUnit.Framework.Constraints.EqualityComparerTests.UnequalItems(4.0f,2.0f)" methodname="UnequalItems" classname="NUnit.Framework.Constraints.EqualityComparerTests" runstate="Runnable" seed="1167963954" result="Passed" start-time="2016-02-19 11:52:45Z" end-time="2016-02-19 11:52:45Z" duration="0.000156" asserts="2" />
              <test-case id="0-1947" name="UnequalItems(4,2.0d)" fullname="NUnit.Framework.Constraints.EqualityComparerTests.UnequalItems(4,2.0d)" methodname="UnequalItems" classname="NUnit.Framework.Constraints.EqualityComparerTests" runstate="Runnable" seed="1175759602" result="Passed" start-time="2016-02-19 11:52:45Z" end-time="2016-02-19 11:52:45Z" duration="0.000162" asserts="2" />
              <test-case id="0-1948" name="UnequalItems(4,2.0f)" fullname="NUnit.Framework.Constraints.EqualityComparerTests.UnequalItems(4,2.0f)" methodname="UnequalItems" classname="NUnit.Framework.Constraints.EqualityComparerTests" runstate="Runnable" seed="101427138" result="Passed" start-time="2016-02-19 11:52:45Z" end-time="2016-02-19 11:52:45Z" duration="0.000165" asserts="2" />
              <test-case id="0-1949" name="UnequalItems(4.0d,2)" fullname="NUnit.Framework.Constraints.EqualityComparerTests.UnequalItems(4.0d,2)" methodname="UnequalItems" classname="NUnit.Framework.Constraints.EqualityComparerTests" runstate="Runnable" seed="1968955348" result="Passed" start-time="2016-02-19 11:52:45Z" end-time="2016-02-19 11:52:45Z" duration="0.000211" asserts="2" />
              <test-case id="0-1950" name="UnequalItems(4.0d,2.0f)" fullname="NUnit.Framework.Constraints.EqualityComparerTests.UnequalItems(4.0d,2.0f)" methodname="UnequalItems" classname="NUnit.Framework.Constraints.EqualityComparerTests" runstate="Runnable" seed="1456992936" result="Passed" start-time="2016-02-19 11:52:45Z" end-time="2016-02-19 11:52:45Z" duration="0.000167" asserts="2" />
              <test-case id="0-1951" name="UnequalItems(4.0f,2)" fullname="NUnit.Framework.Constraints.EqualityComparerTests.UnequalItems(4.0f,2)" methodname="UnequalItems" classname="NUnit.Framework.Constraints.EqualityComparerTests" runstate="Runnable" seed="1475367737" result="Passed" start-time="2016-02-19 11:52:45Z" end-time="2016-02-19 11:52:45Z" duration="0.000160" asserts="2" />
              <test-case id="0-1952" name="UnequalItems(4.0f,2.0d)" fullname="NUnit.Framework.Constraints.EqualityComparerTests.UnequalItems(4.0f,2.0d)" methodname="UnequalItems" classname="NUnit.Framework.Constraints.EqualityComparerTests" runstate="Runnable" seed="1096039341" result="Passed" start-time="2016-02-19 11:52:45Z" end-time="2016-02-19 11:52:45Z" duration="0.000157" asserts="2" />
              <test-case id="0-1953" name="UnequalItems(4,null)" fullname="NUnit.Framework.Constraints.EqualityComparerTests.UnequalItems(4,null)" methodname="UnequalItems" classname="NUnit.Framework.Constraints.EqualityComparerTests" runstate="Runnable" seed="1684874838" result="Passed" start-time="2016-02-19 11:52:45Z" end-time="2016-02-19 11:52:45Z" duration="0.000168" asserts="2" />
              <test-case id="0-1954" name="UnequalItems(4,null)" fullname="NUnit.Framework.Constraints.EqualityComparerTests.UnequalItems(4,null)" methodname="UnequalItems" classname="NUnit.Framework.Constraints.EqualityComparerTests" runstate="Runnable" seed="586534408" result="Passed" start-time="2016-02-19 11:52:45Z" end-time="2016-02-19 11:52:45Z" duration="0.000187" asserts="2" />
            </test-suite>
          </test-suite>
          <test-suite type="TestFixture" id="0-1681" name="ExactTypeConstraintTests" fullname="NUnit.Framework.Constraints.ExactTypeConstraintTests" classname="NUnit.Framework.Constraints.ExactTypeConstraintTests" runstate="Runnable" testcasecount="5" result="Passed" start-time="2016-02-19 11:52:45Z" end-time="2016-02-19 11:52:45Z" duration="0.003041" total="5" passed="5" failed="0" inconclusive="0" skipped="0" asserts="6">
            <test-suite type="ParameterizedMethod" id="0-1686" name="FailsWithBadValues" fullname="NUnit.Framework.Constraints.ExactTypeConstraintTests.FailsWithBadValues" runstate="Runnable" testcasecount="2" result="Passed" start-time="2016-02-19 11:52:45Z" end-time="2016-02-19 11:52:45Z" duration="0.001858" total="2" passed="2" failed="0" inconclusive="0" skipped="0" asserts="4">
              <test-case id="0-1684" name="FailsWithBadValues(NUnit.Framework.Constraints.ExactTypeConstraintTests+B,&quot;&lt;NUnit.Framework.Constraints.ExactTyp...&quot;)" fullname="NUnit.Framework.Constraints.ExactTypeConstraintTests.FailsWithBadValues(NUnit.Framework.Constraints.ExactTypeConstraintTests+B,&quot;&lt;NUnit.Framework.Constraints.ExactTyp...&quot;)" methodname="FailsWithBadValues" classname="NUnit.Framework.Constraints.ExactTypeConstraintTests" runstate="Runnable" seed="666698333" result="Passed" start-time="2016-02-19 11:52:45Z" end-time="2016-02-19 11:52:45Z" duration="0.000865" asserts="2" />
              <test-case id="0-1685" name="FailsWithBadValues(NUnit.Framework.Constraints.ExactTypeConstraintTests+D2,&quot;&lt;NUnit.Framework.Constraints.ExactTyp...&quot;)" fullname="NUnit.Framework.Constraints.ExactTypeConstraintTests.FailsWithBadValues(NUnit.Framework.Constraints.ExactTypeConstraintTests+D2,&quot;&lt;NUnit.Framework.Constraints.ExactTyp...&quot;)" methodname="FailsWithBadValues" classname="NUnit.Framework.Constraints.ExactTypeConstraintTests" runstate="Runnable" seed="1075578625" result="Passed" start-time="2016-02-19 11:52:45Z" end-time="2016-02-19 11:52:45Z" duration="0.000382" asserts="2" />
            </test-suite>
            <test-case id="0-1687" name="ProvidesProperDescription" fullname="NUnit.Framework.Constraints.ExactTypeConstraintTests.ProvidesProperDescription" methodname="ProvidesProperDescription" classname="NUnit.Framework.Constraints.ExactTypeConstraintTests" runstate="Runnable" seed="2130984382" result="Passed" start-time="2016-02-19 11:52:45Z" end-time="2016-02-19 11:52:45Z" duration="0.000084" asserts="1" />
            <test-case id="0-1688" name="ProvidesProperStringRepresentation" fullname="NUnit.Framework.Constraints.ExactTypeConstraintTests.ProvidesProperStringRepresentation" methodname="ProvidesProperStringRepresentation" classname="NUnit.Framework.Constraints.ExactTypeConstraintTests" runstate="Runnable" seed="2084386865" result="Passed" start-time="2016-02-19 11:52:45Z" end-time="2016-02-19 11:52:45Z" duration="0.000079" asserts="1" />
            <test-suite type="ParameterizedMethod" id="0-1683" name="SucceedsWithGoodValues" fullname="NUnit.Framework.Constraints.ExactTypeConstraintTests.SucceedsWithGoodValues" runstate="Runnable" testcasecount="1" result="Passed" start-time="2016-02-19 11:52:45Z" end-time="2016-02-19 11:52:45Z" duration="0.000324" total="1" passed="1" failed="0" inconclusive="0" skipped="0" asserts="0">
              <test-case id="0-1682" name="SucceedsWithGoodValues(NUnit.Framework.Constraints.ExactTypeConstraintTests+D1)" fullname="NUnit.Framework.Constraints.ExactTypeConstraintTests.SucceedsWithGoodValues(NUnit.Framework.Constraints.ExactTypeConstraintTests+D1)" methodname="SucceedsWithGoodValues" classname="NUnit.Framework.Constraints.ExactTypeConstraintTests" runstate="Runnable" seed="785854816" result="Passed" start-time="2016-02-19 11:52:45Z" end-time="2016-02-19 11:52:45Z" duration="0.000097" asserts="0" />
            </test-suite>
          </test-suite>
          <test-suite type="TestFixture" id="0-1471" name="FalseConstraintTest" fullname="NUnit.Framework.Constraints.FalseConstraintTest" classname="NUnit.Framework.Constraints.FalseConstraintTest" runstate="Runnable" testcasecount="8" result="Passed" start-time="2016-02-19 11:52:45Z" end-time="2016-02-19 11:52:45Z" duration="0.004235" total="8" passed="8" failed="0" inconclusive="0" skipped="0" asserts="10">
            <test-suite type="ParameterizedMethod" id="0-1479" name="FailsWithBadValues" fullname="NUnit.Framework.Constraints.FalseConstraintTest.FailsWithBadValues" runstate="Runnable" testcasecount="4" result="Passed" start-time="2016-02-19 11:52:45Z" end-time="2016-02-19 11:52:45Z" duration="0.002901" total="4" passed="4" failed="0" inconclusive="0" skipped="0" asserts="8">
              <test-case id="0-1475" name="FailsWithBadValues(null,&quot;null&quot;)" fullname="NUnit.Framework.Constraints.FalseConstraintTest.FailsWithBadValues(null,&quot;null&quot;)" methodname="FailsWithBadValues" classname="NUnit.Framework.Constraints.FalseConstraintTest" runstate="Runnable" seed="1546427920" result="Passed" start-time="2016-02-19 11:52:45Z" end-time="2016-02-19 11:52:45Z" duration="0.001025" asserts="2" />
              <test-case id="0-1476" name="FailsWithBadValues(&quot;hello&quot;,&quot;\&quot;hello\&quot;&quot;)" fullname="NUnit.Framework.Constraints.FalseConstraintTest.FailsWithBadValues(&quot;hello&quot;,&quot;\&quot;hello\&quot;&quot;)" methodname="FailsWithBadValues" classname="NUnit.Framework.Constraints.FalseConstraintTest" runstate="Runnable" seed="502277015" result="Passed" start-time="2016-02-19 11:52:45Z" end-time="2016-02-19 11:52:45Z" duration="0.000127" asserts="2" />
              <test-case id="0-1477" name="FailsWithBadValues(True,&quot;True&quot;)" fullname="NUnit.Framework.Constraints.FalseConstraintTest.FailsWithBadValues(True,&quot;True&quot;)" methodname="FailsWithBadValues" classname="NUnit.Framework.Constraints.FalseConstraintTest" runstate="Runnable" seed="583624946" result="Passed" start-time="2016-02-19 11:52:45Z" end-time="2016-02-19 11:52:45Z" duration="0.000109" asserts="2" />
              <test-case id="0-1478" name="FailsWithBadValues(True,&quot;True&quot;)" fullname="NUnit.Framework.Constraints.FalseConstraintTest.FailsWithBadValues(True,&quot;True&quot;)" methodname="FailsWithBadValues" classname="NUnit.Framework.Constraints.FalseConstraintTest" runstate="Runnable" seed="840247178" result="Passed" start-time="2016-02-19 11:52:45Z" end-time="2016-02-19 11:52:45Z" duration="0.000135" asserts="2" />
            </test-suite>
            <test-case id="0-1480" name="ProvidesProperDescription" fullname="NUnit.Framework.Constraints.FalseConstraintTest.ProvidesProperDescription" methodname="ProvidesProperDescription" classname="NUnit.Framework.Constraints.FalseConstraintTest" runstate="Runnable" seed="1457013437" result="Passed" start-time="2016-02-19 11:52:45Z" end-time="2016-02-19 11:52:45Z" duration="0.000071" asserts="1" />
            <test-case id="0-1481" name="ProvidesProperStringRepresentation" fullname="NUnit.Framework.Constraints.FalseConstraintTest.ProvidesProperStringRepresentation" methodname="ProvidesProperStringRepresentation" classname="NUnit.Framework.Constraints.FalseConstraintTest" runstate="Runnable" seed="1961351858" result="Passed" start-time="2016-02-19 11:52:45Z" end-time="2016-02-19 11:52:45Z" duration="0.000074" asserts="1" />
            <test-suite type="ParameterizedMethod" id="0-1474" name="SucceedsWithGoodValues" fullname="NUnit.Framework.Constraints.FalseConstraintTest.SucceedsWithGoodValues" runstate="Runnable" testcasecount="2" result="Passed" start-time="2016-02-19 11:52:45Z" end-time="2016-02-19 11:52:45Z" duration="0.000490" total="2" passed="2" failed="0" inconclusive="0" skipped="0" asserts="0">
              <test-case id="0-1472" name="SucceedsWithGoodValues(False)" fullname="NUnit.Framework.Constraints.FalseConstraintTest.SucceedsWithGoodValues(False)" methodname="SucceedsWithGoodValues" classname="NUnit.Framework.Constraints.FalseConstraintTest" runstate="Runnable" seed="1146066455" result="Passed" start-time="2016-02-19 11:52:45Z" end-time="2016-02-19 11:52:45Z" duration="0.000090" asserts="0" />
              <test-case id="0-1473" name="SucceedsWithGoodValues(False)" fullname="NUnit.Framework.Constraints.FalseConstraintTest.SucceedsWithGoodValues(False)" methodname="SucceedsWithGoodValues" classname="NUnit.Framework.Constraints.FalseConstraintTest" runstate="Runnable" seed="910658959" result="Passed" start-time="2016-02-19 11:52:45Z" end-time="2016-02-19 11:52:45Z" duration="0.000075" asserts="0" />
            </test-suite>
          </test-suite>
          <test-suite type="TestFixture" id="0-1837" name="FloatingPointNumericsTests" fullname="NUnit.Framework.Constraints.FloatingPointNumericsTests" classname="NUnit.Framework.Constraints.FloatingPointNumericsTests" runstate="Runnable" testcasecount="6" result="Passed" start-time="2016-02-19 11:52:45Z" end-time="2016-02-19 11:52:45Z" duration="0.005100" total="6" passed="6" failed="0" inconclusive="0" skipped="0" asserts="14">
            <test-case id="0-1839" name="DoubleEqualityWithUlps" fullname="NUnit.Framework.Constraints.FloatingPointNumericsTests.DoubleEqualityWithUlps" methodname="DoubleEqualityWithUlps" classname="NUnit.Framework.Constraints.FloatingPointNumericsTests" runstate="Runnable" seed="608535811" result="Passed" start-time="2016-02-19 11:52:45Z" end-time="2016-02-19 11:52:45Z" duration="0.000845" asserts="5" />
            <test-case id="0-1838" name="FloatEqualityWithUlps" fullname="NUnit.Framework.Constraints.FloatingPointNumericsTests.FloatEqualityWithUlps" methodname="FloatEqualityWithUlps" classname="NUnit.Framework.Constraints.FloatingPointNumericsTests" runstate="Runnable" seed="1294084366" result="Passed" start-time="2016-02-19 11:52:45Z" end-time="2016-02-19 11:52:45Z" duration="0.000934" asserts="5" />
            <test-case id="0-1843" name="MirroredDoubleReinterpretation" fullname="NUnit.Framework.Constraints.FloatingPointNumericsTests.MirroredDoubleReinterpretation" methodname="MirroredDoubleReinterpretation" classname="NUnit.Framework.Constraints.FloatingPointNumericsTests" runstate="Runnable" seed="225377546" result="Passed" start-time="2016-02-19 11:52:45Z" end-time="2016-02-19 11:52:45Z" duration="0.000648" asserts="1" />
            <test-case id="0-1842" name="MirroredFloatReinterpretation" fullname="NUnit.Framework.Constraints.FloatingPointNumericsTests.MirroredFloatReinterpretation" methodname="MirroredFloatReinterpretation" classname="NUnit.Framework.Constraints.FloatingPointNumericsTests" runstate="Runnable" seed="447351922" result="Passed" start-time="2016-02-19 11:52:45Z" end-time="2016-02-19 11:52:45Z" duration="0.000513" asserts="1" />
            <test-case id="0-1840" name="MirroredIntegerReinterpretation" fullname="NUnit.Framework.Constraints.FloatingPointNumericsTests.MirroredIntegerReinterpretation" methodname="MirroredIntegerReinterpretation" classname="NUnit.Framework.Constraints.FloatingPointNumericsTests" runstate="Runnable" seed="1777630014" result="Passed" start-time="2016-02-19 11:52:45Z" end-time="2016-02-19 11:52:45Z" duration="0.000495" asserts="1" />
            <test-case id="0-1841" name="MirroredLongReinterpretation" fullname="NUnit.Framework.Constraints.FloatingPointNumericsTests.MirroredLongReinterpretation" methodname="MirroredLongReinterpretation" classname="NUnit.Framework.Constraints.FloatingPointNumericsTests" runstate="Runnable" seed="91233290" result="Passed" start-time="2016-02-19 11:52:45Z" end-time="2016-02-19 11:52:45Z" duration="0.000466" asserts="1" />
          </test-suite>
          <test-suite type="TestFixture" id="0-1689" name="GreaterThanConstraintTests" fullname="NUnit.Framework.Constraints.GreaterThanConstraintTests" classname="NUnit.Framework.Constraints.GreaterThanConstraintTests" runstate="Runnable" testcasecount="14" result="Passed" start-time="2016-02-19 11:52:45Z" end-time="2016-02-19 11:52:45Z" duration="0.013145" total="14" passed="14" failed="0" inconclusive="0" skipped="0" asserts="13">
            <test-case id="0-1690" name="CanCompareIComparables" fullname="NUnit.Framework.Constraints.GreaterThanConstraintTests.CanCompareIComparables" methodname="CanCompareIComparables" classname="NUnit.Framework.Constraints.GreaterThanConstraintTests" runstate="Runnable" seed="828605173" result="Passed" start-time="2016-02-19 11:52:45Z" end-time="2016-02-19 11:52:45Z" duration="0.001342" asserts="1" />
            <test-case id="0-1691" name="CanCompareIComparablesOfT" fullname="NUnit.Framework.Constraints.GreaterThanConstraintTests.CanCompareIComparablesOfT" methodname="CanCompareIComparablesOfT" classname="NUnit.Framework.Constraints.GreaterThanConstraintTests" runstate="Runnable" seed="2050882878" result="Passed" start-time="2016-02-19 11:52:45Z" end-time="2016-02-19 11:52:45Z" duration="0.002066" asserts="1" />
            <test-suite type="ParameterizedMethod" id="0-1704" name="FailsWithBadValues" fullname="NUnit.Framework.Constraints.GreaterThanConstraintTests.FailsWithBadValues" runstate="Runnable" testcasecount="2" result="Passed" start-time="2016-02-19 11:52:45Z" end-time="2016-02-19 11:52:45Z" duration="0.000627" total="2" passed="2" failed="0" inconclusive="0" skipped="0" asserts="4">
              <test-case id="0-1702" name="FailsWithBadValues(4,&quot;4&quot;)" fullname="NUnit.Framework.Constraints.GreaterThanConstraintTests.FailsWithBadValues(4,&quot;4&quot;)" methodname="FailsWithBadValues" classname="NUnit.Framework.Constraints.GreaterThanConstraintTests" runstate="Runnable" seed="1714759341" result="Passed" start-time="2016-02-19 11:52:45Z" end-time="2016-02-19 11:52:45Z" duration="0.000136" asserts="2" />
              <test-case id="0-1703" name="FailsWithBadValues(5,&quot;5&quot;)" fullname="NUnit.Framework.Constraints.GreaterThanConstraintTests.FailsWithBadValues(5,&quot;5&quot;)" methodname="FailsWithBadValues" classname="NUnit.Framework.Constraints.GreaterThanConstraintTests" runstate="Runnable" seed="391890528" result="Passed" start-time="2016-02-19 11:52:45Z" end-time="2016-02-19 11:52:45Z" duration="0.000095" asserts="2" />
            </test-suite>
            <test-suite type="ParameterizedMethod" id="0-1694" name="InvalidDataThrowsArgumentException" fullname="NUnit.Framework.Constraints.GreaterThanConstraintTests.InvalidDataThrowsArgumentException" runstate="Runnable" testcasecount="2" result="Passed" start-time="2016-02-19 11:52:45Z" end-time="2016-02-19 11:52:45Z" duration="0.001454" total="2" passed="2" failed="0" inconclusive="0" skipped="0" asserts="2">
              <test-case id="0-1692" name="InvalidDataThrowsArgumentException(null)" fullname="NUnit.Framework.Constraints.GreaterThanConstraintTests.InvalidDataThrowsArgumentException(null)" methodname="InvalidDataThrowsArgumentException" classname="NUnit.Framework.Constraints.GreaterThanConstraintTests" runstate="Runnable" seed="345855385" result="Passed" start-time="2016-02-19 11:52:45Z" end-time="2016-02-19 11:52:45Z" duration="0.000804" asserts="1" />
              <test-case id="0-1693" name="InvalidDataThrowsArgumentException(&quot;xxx&quot;)" fullname="NUnit.Framework.Constraints.GreaterThanConstraintTests.InvalidDataThrowsArgumentException(&quot;xxx&quot;)" methodname="InvalidDataThrowsArgumentException" classname="NUnit.Framework.Constraints.GreaterThanConstraintTests" runstate="Runnable" seed="1279626853" result="Passed" start-time="2016-02-19 11:52:45Z" end-time="2016-02-19 11:52:45Z" duration="0.000228" asserts="1" />
            </test-suite>
            <test-case id="0-1705" name="ProvidesProperDescription" fullname="NUnit.Framework.Constraints.GreaterThanConstraintTests.ProvidesProperDescription" methodname="ProvidesProperDescription" classname="NUnit.Framework.Constraints.GreaterThanConstraintTests" runstate="Runnable" seed="973280322" result="Passed" start-time="2016-02-19 11:52:45Z" end-time="2016-02-19 11:52:45Z" duration="0.000078" asserts="1" />
            <test-case id="0-1706" name="ProvidesProperStringRepresentation" fullname="NUnit.Framework.Constraints.GreaterThanConstraintTests.ProvidesProperStringRepresentation" methodname="ProvidesProperStringRepresentation" classname="NUnit.Framework.Constraints.GreaterThanConstraintTests" runstate="Runnable" seed="1404031737" result="Passed" start-time="2016-02-19 11:52:45Z" end-time="2016-02-19 11:52:45Z" duration="0.000077" asserts="1" />
            <test-suite type="ParameterizedMethod" id="0-1701" name="SucceedsWithGoodValues" fullname="NUnit.Framework.Constraints.GreaterThanConstraintTests.SucceedsWithGoodValues" runstate="Runnable" testcasecount="2" result="Passed" start-time="2016-02-19 11:52:45Z" end-time="2016-02-19 11:52:45Z" duration="0.000596" total="2" passed="2" failed="0" inconclusive="0" skipped="0" asserts="0">
              <test-case id="0-1699" name="SucceedsWithGoodValues(6)" fullname="NUnit.Framework.Constraints.GreaterThanConstraintTests.SucceedsWithGoodValues(6)" methodname="SucceedsWithGoodValues" classname="NUnit.Framework.Constraints.GreaterThanConstraintTests" runstate="Runnable" seed="1404824995" result="Passed" start-time="2016-02-19 11:52:45Z" end-time="2016-02-19 11:52:45Z" duration="0.000096" asserts="0" />
              <test-case id="0-1700" name="SucceedsWithGoodValues(5.001d)" fullname="NUnit.Framework.Constraints.GreaterThanConstraintTests.SucceedsWithGoodValues(5.001d)" methodname="SucceedsWithGoodValues" classname="NUnit.Framework.Constraints.GreaterThanConstraintTests" runstate="Runnable" seed="1273685828" result="Passed" start-time="2016-02-19 11:52:45Z" end-time="2016-02-19 11:52:45Z" duration="0.000085" asserts="0" />
            </test-suite>
            <test-case id="0-1696" name="UsesProvidedGenericComparer" fullname="NUnit.Framework.Constraints.GreaterThanConstraintTests.UsesProvidedGenericComparer" methodname="UsesProvidedGenericComparer" classname="NUnit.Framework.Constraints.GreaterThanConstraintTests" runstate="Runnable" seed="921124252" result="Passed" start-time="2016-02-19 11:52:45Z" end-time="2016-02-19 11:52:45Z" duration="0.000835" asserts="1" />
            <test-case id="0-1697" name="UsesProvidedGenericComparison" fullname="NUnit.Framework.Constraints.GreaterThanConstraintTests.UsesProvidedGenericComparison" methodname="UsesProvidedGenericComparison" classname="NUnit.Framework.Constraints.GreaterThanConstraintTests" runstate="Runnable" seed="713829177" result="Passed" start-time="2016-02-19 11:52:45Z" end-time="2016-02-19 11:52:45Z" duration="0.000984" asserts="1" />
            <test-case id="0-1695" name="UsesProvidedIComparer" fullname="NUnit.Framework.Constraints.GreaterThanConstraintTests.UsesProvidedIComparer" methodname="UsesProvidedIComparer" classname="NUnit.Framework.Constraints.GreaterThanConstraintTests" runstate="Runnable" seed="1847757156" result="Passed" start-time="2016-02-19 11:52:45Z" end-time="2016-02-19 11:52:45Z" duration="0.000677" asserts="1" />
            <test-case id="0-1698" name="UsesProvidedLambda" fullname="NUnit.Framework.Constraints.GreaterThanConstraintTests.UsesProvidedLambda" methodname="UsesProvidedLambda" classname="NUnit.Framework.Constraints.GreaterThanConstraintTests" runstate="Runnable" seed="1466829390" result="Passed" start-time="2016-02-19 11:52:45Z" end-time="2016-02-19 11:52:45Z" duration="0.002391" asserts="0" />
          </test-suite>
          <test-suite type="TestFixture" id="0-1707" name="GreaterThanOrEqualConstraintTests" fullname="NUnit.Framework.Constraints.GreaterThanOrEqualConstraintTests" classname="NUnit.Framework.Constraints.GreaterThanOrEqualConstraintTests" runstate="Runnable" testcasecount="13" result="Passed" start-time="2016-02-19 11:52:45Z" end-time="2016-02-19 11:52:45Z" duration="0.011689" total="13" passed="13" failed="0" inconclusive="0" skipped="0" asserts="11">
            <test-case id="0-1708" name="CanCompareIComparables" fullname="NUnit.Framework.Constraints.GreaterThanOrEqualConstraintTests.CanCompareIComparables" methodname="CanCompareIComparables" classname="NUnit.Framework.Constraints.GreaterThanOrEqualConstraintTests" runstate="Runnable" seed="542854742" result="Passed" start-time="2016-02-19 11:52:45Z" end-time="2016-02-19 11:52:45Z" duration="0.001928" asserts="1" />
            <test-case id="0-1709" name="CanCompareIComparablesOfT" fullname="NUnit.Framework.Constraints.GreaterThanOrEqualConstraintTests.CanCompareIComparablesOfT" methodname="CanCompareIComparablesOfT" classname="NUnit.Framework.Constraints.GreaterThanOrEqualConstraintTests" runstate="Runnable" seed="397896323" result="Passed" start-time="2016-02-19 11:52:45Z" end-time="2016-02-19 11:52:45Z" duration="0.000608" asserts="1" />
            <test-suite type="ParameterizedMethod" id="0-1721" name="FailsWithBadValues" fullname="NUnit.Framework.Constraints.GreaterThanOrEqualConstraintTests.FailsWithBadValues" runstate="Runnable" testcasecount="1" result="Passed" start-time="2016-02-19 11:52:45Z" end-time="2016-02-19 11:52:45Z" duration="0.000303" total="1" passed="1" failed="0" inconclusive="0" skipped="0" asserts="2">
              <test-case id="0-1720" name="FailsWithBadValues(4,&quot;4&quot;)" fullname="NUnit.Framework.Constraints.GreaterThanOrEqualConstraintTests.FailsWithBadValues(4,&quot;4&quot;)" methodname="FailsWithBadValues" classname="NUnit.Framework.Constraints.GreaterThanOrEqualConstraintTests" runstate="Runnable" seed="1855444371" result="Passed" start-time="2016-02-19 11:52:45Z" end-time="2016-02-19 11:52:45Z" duration="0.000104" asserts="2" />
            </test-suite>
            <test-suite type="ParameterizedMethod" id="0-1712" name="InvalidDataThrowsArgumentException" fullname="NUnit.Framework.Constraints.GreaterThanOrEqualConstraintTests.InvalidDataThrowsArgumentException" runstate="Runnable" testcasecount="2" result="Passed" start-time="2016-02-19 11:52:45Z" end-time="2016-02-19 11:52:45Z" duration="0.001499" total="2" passed="2" failed="0" inconclusive="0" skipped="0" asserts="2">
              <test-case id="0-1710" name="InvalidDataThrowsArgumentException(null)" fullname="NUnit.Framework.Constraints.GreaterThanOrEqualConstraintTests.InvalidDataThrowsArgumentException(null)" methodname="InvalidDataThrowsArgumentException" classname="NUnit.Framework.Constraints.GreaterThanOrEqualConstraintTests" runstate="Runnable" seed="1016099605" result="Passed" start-time="2016-02-19 11:52:45Z" end-time="2016-02-19 11:52:45Z" duration="0.000927" asserts="1" />
              <test-case id="0-1711" name="InvalidDataThrowsArgumentException(&quot;xxx&quot;)" fullname="NUnit.Framework.Constraints.GreaterThanOrEqualConstraintTests.InvalidDataThrowsArgumentException(&quot;xxx&quot;)" methodname="InvalidDataThrowsArgumentException" classname="NUnit.Framework.Constraints.GreaterThanOrEqualConstraintTests" runstate="Runnable" seed="503195951" result="Passed" start-time="2016-02-19 11:52:45Z" end-time="2016-02-19 11:52:45Z" duration="0.000203" asserts="1" />
            </test-suite>
            <test-case id="0-1722" name="ProvidesProperDescription" fullname="NUnit.Framework.Constraints.GreaterThanOrEqualConstraintTests.ProvidesProperDescription" methodname="ProvidesProperDescription" classname="NUnit.Framework.Constraints.GreaterThanOrEqualConstraintTests" runstate="Runnable" seed="1911172656" result="Passed" start-time="2016-02-19 11:52:45Z" end-time="2016-02-19 11:52:45Z" duration="0.000077" asserts="1" />
            <test-case id="0-1723" name="ProvidesProperStringRepresentation" fullname="NUnit.Framework.Constraints.GreaterThanOrEqualConstraintTests.ProvidesProperStringRepresentation" methodname="ProvidesProperStringRepresentation" classname="NUnit.Framework.Constraints.GreaterThanOrEqualConstraintTests" runstate="Runnable" seed="1231810596" result="Passed" start-time="2016-02-19 11:52:45Z" end-time="2016-02-19 11:52:45Z" duration="0.000074" asserts="1" />
            <test-suite type="ParameterizedMethod" id="0-1719" name="SucceedsWithGoodValues" fullname="NUnit.Framework.Constraints.GreaterThanOrEqualConstraintTests.SucceedsWithGoodValues" runstate="Runnable" testcasecount="2" result="Passed" start-time="2016-02-19 11:52:45Z" end-time="2016-02-19 11:52:45Z" duration="0.000585" total="2" passed="2" failed="0" inconclusive="0" skipped="0" asserts="0">
              <test-case id="0-1717" name="SucceedsWithGoodValues(6)" fullname="NUnit.Framework.Constraints.GreaterThanOrEqualConstraintTests.SucceedsWithGoodValues(6)" methodname="SucceedsWithGoodValues" classname="NUnit.Framework.Constraints.GreaterThanOrEqualConstraintTests" runstate="Runnable" seed="634877936" result="Passed" start-time="2016-02-19 11:52:45Z" end-time="2016-02-19 11:52:45Z" duration="0.000085" asserts="0" />
              <test-case id="0-1718" name="SucceedsWithGoodValues(5)" fullname="NUnit.Framework.Constraints.GreaterThanOrEqualConstraintTests.SucceedsWithGoodValues(5)" methodname="SucceedsWithGoodValues" classname="NUnit.Framework.Constraints.GreaterThanOrEqualConstraintTests" runstate="Runnable" seed="317971719" result="Passed" start-time="2016-02-19 11:52:45Z" end-time="2016-02-19 11:52:45Z" duration="0.000112" asserts="0" />
            </test-suite>
            <test-case id="0-1714" name="UsesProvidedGenericComparer" fullname="NUnit.Framework.Constraints.GreaterThanOrEqualConstraintTests.UsesProvidedGenericComparer" methodname="UsesProvidedGenericComparer" classname="NUnit.Framework.Constraints.GreaterThanOrEqualConstraintTests" runstate="Runnable" seed="1968016732" result="Passed" start-time="2016-02-19 11:52:45Z" end-time="2016-02-19 11:52:45Z" duration="0.000862" asserts="1" />
            <test-case id="0-1715" name="UsesProvidedGenericComparison" fullname="NUnit.Framework.Constraints.GreaterThanOrEqualConstraintTests.UsesProvidedGenericComparison" methodname="UsesProvidedGenericComparison" classname="NUnit.Framework.Constraints.GreaterThanOrEqualConstraintTests" runstate="Runnable" seed="1269298199" result="Passed" start-time="2016-02-19 11:52:45Z" end-time="2016-02-19 11:52:45Z" duration="0.000877" asserts="1" />
            <test-case id="0-1713" name="UsesProvidedIComparer" fullname="NUnit.Framework.Constraints.GreaterThanOrEqualConstraintTests.UsesProvidedIComparer" methodname="UsesProvidedIComparer" classname="NUnit.Framework.Constraints.GreaterThanOrEqualConstraintTests" runstate="Runnable" seed="861966243" result="Passed" start-time="2016-02-19 11:52:45Z" end-time="2016-02-19 11:52:45Z" duration="0.000849" asserts="1" />
            <test-case id="0-1716" name="UsesProvidedLambda" fullname="NUnit.Framework.Constraints.GreaterThanOrEqualConstraintTests.UsesProvidedLambda" methodname="UsesProvidedLambda" classname="NUnit.Framework.Constraints.GreaterThanOrEqualConstraintTests" runstate="Runnable" seed="1116334191" result="Passed" start-time="2016-02-19 11:52:45Z" end-time="2016-02-19 11:52:45Z" duration="0.002170" asserts="0" />
          </test-suite>
          <test-suite type="TestFixture" id="0-1724" name="InstanceOfTypeConstraintTests" fullname="NUnit.Framework.Constraints.InstanceOfTypeConstraintTests" classname="NUnit.Framework.Constraints.InstanceOfTypeConstraintTests" runstate="Runnable" testcasecount="5" result="Passed" start-time="2016-02-19 11:52:45Z" end-time="2016-02-19 11:52:45Z" duration="0.002299" total="5" passed="5" failed="0" inconclusive="0" skipped="0" asserts="4">
            <test-suite type="ParameterizedMethod" id="0-1729" name="FailsWithBadValues" fullname="NUnit.Framework.Constraints.InstanceOfTypeConstraintTests.FailsWithBadValues" runstate="Runnable" testcasecount="1" result="Passed" start-time="2016-02-19 11:52:45Z" end-time="2016-02-19 11:52:45Z" duration="0.001054" total="1" passed="1" failed="0" inconclusive="0" skipped="0" asserts="2">
              <test-case id="0-1728" name="FailsWithBadValues(NUnit.Framework.Constraints.InstanceOfTypeConstraintTests+B,&quot;&lt;NUnit.Framework.Constraints.Instance...&quot;)" fullname="NUnit.Framework.Constraints.InstanceOfTypeConstraintTests.FailsWithBadValues(NUnit.Framework.Constraints.InstanceOfTypeConstraintTests+B,&quot;&lt;NUnit.Framework.Constraints.Instance...&quot;)" methodname="FailsWithBadValues" classname="NUnit.Framework.Constraints.InstanceOfTypeConstraintTests" runstate="Runnable" seed="2026568847" result="Passed" start-time="2016-02-19 11:52:45Z" end-time="2016-02-19 11:52:45Z" duration="0.000884" asserts="2" />
            </test-suite>
            <test-case id="0-1730" name="ProvidesProperDescription" fullname="NUnit.Framework.Constraints.InstanceOfTypeConstraintTests.ProvidesProperDescription" methodname="ProvidesProperDescription" classname="NUnit.Framework.Constraints.InstanceOfTypeConstraintTests" runstate="Runnable" seed="1117772059" result="Passed" start-time="2016-02-19 11:52:45Z" end-time="2016-02-19 11:52:45Z" duration="0.000080" asserts="1" />
            <test-case id="0-1731" name="ProvidesProperStringRepresentation" fullname="NUnit.Framework.Constraints.InstanceOfTypeConstraintTests.ProvidesProperStringRepresentation" methodname="ProvidesProperStringRepresentation" classname="NUnit.Framework.Constraints.InstanceOfTypeConstraintTests" runstate="Runnable" seed="1015580838" result="Passed" start-time="2016-02-19 11:52:45Z" end-time="2016-02-19 11:52:45Z" duration="0.000082" asserts="1" />
            <test-suite type="ParameterizedMethod" id="0-1727" name="SucceedsWithGoodValues" fullname="NUnit.Framework.Constraints.InstanceOfTypeConstraintTests.SucceedsWithGoodValues" runstate="Runnable" testcasecount="2" result="Passed" start-time="2016-02-19 11:52:45Z" end-time="2016-02-19 11:52:45Z" duration="0.000486" total="2" passed="2" failed="0" inconclusive="0" skipped="0" asserts="0">
              <test-case id="0-1725" name="SucceedsWithGoodValues(NUnit.Framework.Constraints.InstanceOfTypeConstraintTests+D1)" fullname="NUnit.Framework.Constraints.InstanceOfTypeConstraintTests.SucceedsWithGoodValues(NUnit.Framework.Constraints.InstanceOfTypeConstraintTests+D1)" methodname="SucceedsWithGoodValues" classname="NUnit.Framework.Constraints.InstanceOfTypeConstraintTests" runstate="Runnable" seed="191167283" result="Passed" start-time="2016-02-19 11:52:45Z" end-time="2016-02-19 11:52:45Z" duration="0.000083" asserts="0" />
              <test-case id="0-1726" name="SucceedsWithGoodValues(NUnit.Framework.Constraints.InstanceOfTypeConstraintTests+D2)" fullname="NUnit.Framework.Constraints.InstanceOfTypeConstraintTests.SucceedsWithGoodValues(NUnit.Framework.Constraints.InstanceOfTypeConstraintTests+D2)" methodname="SucceedsWithGoodValues" classname="NUnit.Framework.Constraints.InstanceOfTypeConstraintTests" runstate="Runnable" seed="55381422" result="Passed" start-time="2016-02-19 11:52:45Z" end-time="2016-02-19 11:52:45Z" duration="0.000081" asserts="0" />
            </test-suite>
          </test-suite>
          <test-suite type="TestFixture" id="0-1732" name="LessThanConstraintTests" fullname="NUnit.Framework.Constraints.LessThanConstraintTests" classname="NUnit.Framework.Constraints.LessThanConstraintTests" runstate="Runnable" testcasecount="14" result="Passed" start-time="2016-02-19 11:52:45Z" end-time="2016-02-19 11:52:45Z" duration="0.008247" total="14" passed="14" failed="0" inconclusive="0" skipped="0" asserts="13">
            <test-case id="0-1733" name="CanCompareIComparables" fullname="NUnit.Framework.Constraints.LessThanConstraintTests.CanCompareIComparables" methodname="CanCompareIComparables" classname="NUnit.Framework.Constraints.LessThanConstraintTests" runstate="Runnable" seed="1400000788" result="Passed" start-time="2016-02-19 11:52:45Z" end-time="2016-02-19 11:52:45Z" duration="0.000772" asserts="1" />
            <test-case id="0-1734" name="CanCompareIComparablesOfT" fullname="NUnit.Framework.Constraints.LessThanConstraintTests.CanCompareIComparablesOfT" methodname="CanCompareIComparablesOfT" classname="NUnit.Framework.Constraints.LessThanConstraintTests" runstate="Runnable" seed="332658322" result="Passed" start-time="2016-02-19 11:52:45Z" end-time="2016-02-19 11:52:45Z" duration="0.000603" asserts="1" />
            <test-suite type="ParameterizedMethod" id="0-1747" name="FailsWithBadValues" fullname="NUnit.Framework.Constraints.LessThanConstraintTests.FailsWithBadValues" runstate="Runnable" testcasecount="2" result="Passed" start-time="2016-02-19 11:52:45Z" end-time="2016-02-19 11:52:45Z" duration="0.000573" total="2" passed="2" failed="0" inconclusive="0" skipped="0" asserts="4">
              <test-case id="0-1745" name="FailsWithBadValues(6,&quot;6&quot;)" fullname="NUnit.Framework.Constraints.LessThanConstraintTests.FailsWithBadValues(6,&quot;6&quot;)" methodname="FailsWithBadValues" classname="NUnit.Framework.Constraints.LessThanConstraintTests" runstate="Runnable" seed="579225673" result="Passed" start-time="2016-02-19 11:52:45Z" end-time="2016-02-19 11:52:45Z" duration="0.000120" asserts="2" />
              <test-case id="0-1746" name="FailsWithBadValues(5,&quot;5&quot;)" fullname="NUnit.Framework.Constraints.LessThanConstraintTests.FailsWithBadValues(5,&quot;5&quot;)" methodname="FailsWithBadValues" classname="NUnit.Framework.Constraints.LessThanConstraintTests" runstate="Runnable" seed="1855372383" result="Passed" start-time="2016-02-19 11:52:45Z" end-time="2016-02-19 11:52:45Z" duration="0.000098" asserts="2" />
            </test-suite>
            <test-suite type="ParameterizedMethod" id="0-1737" name="InvalidDataThrowsArgumentException" fullname="NUnit.Framework.Constraints.LessThanConstraintTests.InvalidDataThrowsArgumentException" runstate="Runnable" testcasecount="2" result="Passed" start-time="2016-02-19 11:52:45Z" end-time="2016-02-19 11:52:45Z" duration="0.000905" total="2" passed="2" failed="0" inconclusive="0" skipped="0" asserts="2">
              <test-case id="0-1735" name="InvalidDataThrowsArgumentException(null)" fullname="NUnit.Framework.Constraints.LessThanConstraintTests.InvalidDataThrowsArgumentException(null)" methodname="InvalidDataThrowsArgumentException" classname="NUnit.Framework.Constraints.LessThanConstraintTests" runstate="Runnable" seed="989891761" result="Passed" start-time="2016-02-19 11:52:45Z" end-time="2016-02-19 11:52:45Z" duration="0.000178" asserts="1" />
              <test-case id="0-1736" name="InvalidDataThrowsArgumentException(&quot;xxx&quot;)" fullname="NUnit.Framework.Constraints.LessThanConstraintTests.InvalidDataThrowsArgumentException(&quot;xxx&quot;)" methodname="InvalidDataThrowsArgumentException" classname="NUnit.Framework.Constraints.LessThanConstraintTests" runstate="Runnable" seed="477195214" result="Passed" start-time="2016-02-19 11:52:45Z" end-time="2016-02-19 11:52:45Z" duration="0.000226" asserts="1" />
            </test-suite>
            <test-case id="0-1748" name="ProvidesProperDescription" fullname="NUnit.Framework.Constraints.LessThanConstraintTests.ProvidesProperDescription" methodname="ProvidesProperDescription" classname="NUnit.Framework.Constraints.LessThanConstraintTests" runstate="Runnable" seed="196103758" result="Passed" start-time="2016-02-19 11:52:45Z" end-time="2016-02-19 11:52:45Z" duration="0.000078" asserts="1" />
            <test-case id="0-1749" name="ProvidesProperStringRepresentation" fullname="NUnit.Framework.Constraints.LessThanConstraintTests.ProvidesProperStringRepresentation" methodname="ProvidesProperStringRepresentation" classname="NUnit.Framework.Constraints.LessThanConstraintTests" runstate="Runnable" seed="658086127" result="Passed" start-time="2016-02-19 11:52:45Z" end-time="2016-02-19 11:52:45Z" duration="0.000076" asserts="1" />
            <test-suite type="ParameterizedMethod" id="0-1744" name="SucceedsWithGoodValues" fullname="NUnit.Framework.Constraints.LessThanConstraintTests.SucceedsWithGoodValues" runstate="Runnable" testcasecount="2" result="Passed" start-time="2016-02-19 11:52:45Z" end-time="2016-02-19 11:52:45Z" duration="0.000533" total="2" passed="2" failed="0" inconclusive="0" skipped="0" asserts="0">
              <test-case id="0-1742" name="SucceedsWithGoodValues(4)" fullname="NUnit.Framework.Constraints.LessThanConstraintTests.SucceedsWithGoodValues(4)" methodname="SucceedsWithGoodValues" classname="NUnit.Framework.Constraints.LessThanConstraintTests" runstate="Runnable" seed="597361841" result="Passed" start-time="2016-02-19 11:52:45Z" end-time="2016-02-19 11:52:45Z" duration="0.000084" asserts="0" />
              <test-case id="0-1743" name="SucceedsWithGoodValues(4.999d)" fullname="NUnit.Framework.Constraints.LessThanConstraintTests.SucceedsWithGoodValues(4.999d)" methodname="SucceedsWithGoodValues" classname="NUnit.Framework.Constraints.LessThanConstraintTests" runstate="Runnable" seed="1157435421" result="Passed" start-time="2016-02-19 11:52:45Z" end-time="2016-02-19 11:52:45Z" duration="0.000076" asserts="0" />
            </test-suite>
            <test-case id="0-1739" name="UsesProvidedGenericComparer" fullname="NUnit.Framework.Constraints.LessThanConstraintTests.UsesProvidedGenericComparer" methodname="UsesProvidedGenericComparer" classname="NUnit.Framework.Constraints.LessThanConstraintTests" runstate="Runnable" seed="1923102392" result="Passed" start-time="2016-02-19 11:52:45Z" end-time="2016-02-19 11:52:45Z" duration="0.002245" asserts="1" />
            <test-case id="0-1740" name="UsesProvidedGenericComparison" fullname="NUnit.Framework.Constraints.LessThanConstraintTests.UsesProvidedGenericComparison" methodname="UsesProvidedGenericComparison" classname="NUnit.Framework.Constraints.LessThanConstraintTests" runstate="Runnable" seed="1388471070" result="Passed" start-time="2016-02-19 11:52:45Z" end-time="2016-02-19 11:52:45Z" duration="0.000081" asserts="1" />
            <test-case id="0-1738" name="UsesProvidedIComparer" fullname="NUnit.Framework.Constraints.LessThanConstraintTests.UsesProvidedIComparer" methodname="UsesProvidedIComparer" classname="NUnit.Framework.Constraints.LessThanConstraintTests" runstate="Runnable" seed="480295820" result="Passed" start-time="2016-02-19 11:52:45Z" end-time="2016-02-19 11:52:45Z" duration="0.000080" asserts="1" />
            <test-case id="0-1741" name="UsesProvidedLambda" fullname="NUnit.Framework.Constraints.LessThanConstraintTests.UsesProvidedLambda" methodname="UsesProvidedLambda" classname="NUnit.Framework.Constraints.LessThanConstraintTests" runstate="Runnable" seed="1835671223" result="Passed" start-time="2016-02-19 11:52:45Z" end-time="2016-02-19 11:52:45Z" duration="0.000134" asserts="0" />
          </test-suite>
          <test-suite type="TestFixture" id="0-1750" name="LessThanOrEqualConstraintTests" fullname="NUnit.Framework.Constraints.LessThanOrEqualConstraintTests" classname="NUnit.Framework.Constraints.LessThanOrEqualConstraintTests" runstate="Runnable" testcasecount="13" result="Passed" start-time="2016-02-19 11:52:45Z" end-time="2016-02-19 11:52:45Z" duration="0.007328" total="13" passed="13" failed="0" inconclusive="0" skipped="0" asserts="11">
            <test-case id="0-1751" name="CanCompareIComparables" fullname="NUnit.Framework.Constraints.LessThanOrEqualConstraintTests.CanCompareIComparables" methodname="CanCompareIComparables" classname="NUnit.Framework.Constraints.LessThanOrEqualConstraintTests" runstate="Runnable" seed="936917018" result="Passed" start-time="2016-02-19 11:52:45Z" end-time="2016-02-19 11:52:45Z" duration="0.000808" asserts="1" />
            <test-case id="0-1752" name="CanCompareIComparablesOfT" fullname="NUnit.Framework.Constraints.LessThanOrEqualConstraintTests.CanCompareIComparablesOfT" methodname="CanCompareIComparablesOfT" classname="NUnit.Framework.Constraints.LessThanOrEqualConstraintTests" runstate="Runnable" seed="322415643" result="Passed" start-time="2016-02-19 11:52:45Z" end-time="2016-02-19 11:52:45Z" duration="0.000473" asserts="1" />
            <test-suite type="ParameterizedMethod" id="0-1764" name="FailsWithBadValues" fullname="NUnit.Framework.Constraints.LessThanOrEqualConstraintTests.FailsWithBadValues" runstate="Runnable" testcasecount="1" result="Passed" start-time="2016-02-19 11:52:45Z" end-time="2016-02-19 11:52:45Z" duration="0.000299" total="1" passed="1" failed="0" inconclusive="0" skipped="0" asserts="2">
              <test-case id="0-1763" name="FailsWithBadValues(6,&quot;6&quot;)" fullname="NUnit.Framework.Constraints.LessThanOrEqualConstraintTests.FailsWithBadValues(6,&quot;6&quot;)" methodname="FailsWithBadValues" classname="NUnit.Framework.Constraints.LessThanOrEqualConstraintTests" runstate="Runnable" seed="1957738799" result="Passed" start-time="2016-02-19 11:52:45Z" end-time="2016-02-19 11:52:45Z" duration="0.000113" asserts="2" />
            </test-suite>
            <test-suite type="ParameterizedMethod" id="0-1755" name="InvalidDataThrowsArgumentException" fullname="NUnit.Framework.Constraints.LessThanOrEqualConstraintTests.InvalidDataThrowsArgumentException" runstate="Runnable" testcasecount="2" result="Passed" start-time="2016-02-19 11:52:45Z" end-time="2016-02-19 11:52:45Z" duration="0.002916" total="2" passed="2" failed="0" inconclusive="0" skipped="0" asserts="2">
              <test-case id="0-1753" name="InvalidDataThrowsArgumentException(null)" fullname="NUnit.Framework.Constraints.LessThanOrEqualConstraintTests.InvalidDataThrowsArgumentException(null)" methodname="InvalidDataThrowsArgumentException" classname="NUnit.Framework.Constraints.LessThanOrEqualConstraintTests" runstate="Runnable" seed="1743664533" result="Passed" start-time="2016-02-19 11:52:45Z" end-time="2016-02-19 11:52:45Z" duration="0.000187" asserts="1" />
              <test-case id="0-1754" name="InvalidDataThrowsArgumentException(&quot;xxx&quot;)" fullname="NUnit.Framework.Constraints.LessThanOrEqualConstraintTests.InvalidDataThrowsArgumentException(&quot;xxx&quot;)" methodname="InvalidDataThrowsArgumentException" classname="NUnit.Framework.Constraints.LessThanOrEqualConstraintTests" runstate="Runnable" seed="1686741372" result="Passed" start-time="2016-02-19 11:52:45Z" end-time="2016-02-19 11:52:45Z" duration="0.000216" asserts="1" />
            </test-suite>
            <test-case id="0-1765" name="ProvidesProperDescription" fullname="NUnit.Framework.Constraints.LessThanOrEqualConstraintTests.ProvidesProperDescription" methodname="ProvidesProperDescription" classname="NUnit.Framework.Constraints.LessThanOrEqualConstraintTests" runstate="Runnable" seed="1674573058" result="Passed" start-time="2016-02-19 11:52:45Z" end-time="2016-02-19 11:52:45Z" duration="0.000083" asserts="1" />
            <test-case id="0-1766" name="ProvidesProperStringRepresentation" fullname="NUnit.Framework.Constraints.LessThanOrEqualConstraintTests.ProvidesProperStringRepresentation" methodname="ProvidesProperStringRepresentation" classname="NUnit.Framework.Constraints.LessThanOrEqualConstraintTests" runstate="Runnable" seed="624667406" result="Passed" start-time="2016-02-19 11:52:45Z" end-time="2016-02-19 11:52:45Z" duration="0.000079" asserts="1" />
            <test-suite type="ParameterizedMethod" id="0-1762" name="SucceedsWithGoodValues" fullname="NUnit.Framework.Constraints.LessThanOrEqualConstraintTests.SucceedsWithGoodValues" runstate="Runnable" testcasecount="2" result="Passed" start-time="2016-02-19 11:52:45Z" end-time="2016-02-19 11:52:45Z" duration="0.000573" total="2" passed="2" failed="0" inconclusive="0" skipped="0" asserts="0">
              <test-case id="0-1760" name="SucceedsWithGoodValues(4)" fullname="NUnit.Framework.Constraints.LessThanOrEqualConstraintTests.SucceedsWithGoodValues(4)" methodname="SucceedsWithGoodValues" classname="NUnit.Framework.Constraints.LessThanOrEqualConstraintTests" runstate="Runnable" seed="504162412" result="Passed" start-time="2016-02-19 11:52:45Z" end-time="2016-02-19 11:52:45Z" duration="0.000091" asserts="0" />
              <test-case id="0-1761" name="SucceedsWithGoodValues(5)" fullname="NUnit.Framework.Constraints.LessThanOrEqualConstraintTests.SucceedsWithGoodValues(5)" methodname="SucceedsWithGoodValues" classname="NUnit.Framework.Constraints.LessThanOrEqualConstraintTests" runstate="Runnable" seed="1083623072" result="Passed" start-time="2016-02-19 11:52:45Z" end-time="2016-02-19 11:52:45Z" duration="0.000084" asserts="0" />
            </test-suite>
            <test-case id="0-1757" name="UsesProvidedGenericComparer" fullname="NUnit.Framework.Constraints.LessThanOrEqualConstraintTests.UsesProvidedGenericComparer" methodname="UsesProvidedGenericComparer" classname="NUnit.Framework.Constraints.LessThanOrEqualConstraintTests" runstate="Runnable" seed="978124339" result="Passed" start-time="2016-02-19 11:52:45Z" end-time="2016-02-19 11:52:45Z" duration="0.000083" asserts="1" />
            <test-case id="0-1758" name="UsesProvidedGenericComparison" fullname="NUnit.Framework.Constraints.LessThanOrEqualConstraintTests.UsesProvidedGenericComparison" methodname="UsesProvidedGenericComparison" classname="NUnit.Framework.Constraints.LessThanOrEqualConstraintTests" runstate="Runnable" seed="723628657" result="Passed" start-time="2016-02-19 11:52:45Z" end-time="2016-02-19 11:52:45Z" duration="0.000067" asserts="1" />
            <test-case id="0-1756" name="UsesProvidedIComparer" fullname="NUnit.Framework.Constraints.LessThanOrEqualConstraintTests.UsesProvidedIComparer" methodname="UsesProvidedIComparer" classname="NUnit.Framework.Constraints.LessThanOrEqualConstraintTests" runstate="Runnable" seed="660951040" result="Passed" start-time="2016-02-19 11:52:45Z" end-time="2016-02-19 11:52:45Z" duration="0.000081" asserts="1" />
            <test-case id="0-1759" name="UsesProvidedLambda" fullname="NUnit.Framework.Constraints.LessThanOrEqualConstraintTests.UsesProvidedLambda" methodname="UsesProvidedLambda" classname="NUnit.Framework.Constraints.LessThanOrEqualConstraintTests" runstate="Runnable" seed="1450944217" result="Passed" start-time="2016-02-19 11:52:45Z" end-time="2016-02-19 11:52:45Z" duration="0.000070" asserts="0" />
          </test-suite>
          <test-suite type="TestFixture" id="0-1482" name="NaNConstraintTest" fullname="NUnit.Framework.Constraints.NaNConstraintTest" classname="NUnit.Framework.Constraints.NaNConstraintTest" runstate="Runnable" testcasecount="11" result="Passed" start-time="2016-02-19 11:52:45Z" end-time="2016-02-19 11:52:45Z" duration="0.004737" total="11" passed="11" failed="0" inconclusive="0" skipped="0" asserts="16">
            <test-suite type="ParameterizedMethod" id="0-1493" name="FailsWithBadValues" fullname="NUnit.Framework.Constraints.NaNConstraintTest.FailsWithBadValues" runstate="Runnable" testcasecount="7" result="Passed" start-time="2016-02-19 11:52:45Z" end-time="2016-02-19 11:52:45Z" duration="0.003171" total="7" passed="7" failed="0" inconclusive="0" skipped="0" asserts="14">
              <test-case id="0-1486" name="FailsWithBadValues(null,&quot;null&quot;)" fullname="NUnit.Framework.Constraints.NaNConstraintTest.FailsWithBadValues(null,&quot;null&quot;)" methodname="FailsWithBadValues" classname="NUnit.Framework.Constraints.NaNConstraintTest" runstate="Runnable" seed="1007069571" result="Passed" start-time="2016-02-19 11:52:45Z" end-time="2016-02-19 11:52:45Z" duration="0.001550" asserts="2" />
              <test-case id="0-1487" name="FailsWithBadValues(&quot;hello&quot;,&quot;\&quot;hello\&quot;&quot;)" fullname="NUnit.Framework.Constraints.NaNConstraintTest.FailsWithBadValues(&quot;hello&quot;,&quot;\&quot;hello\&quot;&quot;)" methodname="FailsWithBadValues" classname="NUnit.Framework.Constraints.NaNConstraintTest" runstate="Runnable" seed="1168652109" result="Passed" start-time="2016-02-19 11:52:45Z" end-time="2016-02-19 11:52:45Z" duration="0.000107" asserts="2" />
              <test-case id="0-1488" name="FailsWithBadValues(42,&quot;42&quot;)" fullname="NUnit.Framework.Constraints.NaNConstraintTest.FailsWithBadValues(42,&quot;42&quot;)" methodname="FailsWithBadValues" classname="NUnit.Framework.Constraints.NaNConstraintTest" runstate="Runnable" seed="1763106012" result="Passed" start-time="2016-02-19 11:52:45Z" end-time="2016-02-19 11:52:45Z" duration="0.000095" asserts="2" />
              <test-case id="0-1489" name="FailsWithBadValues(double.PositiveInfinity,&quot;∞&quot;)" fullname="NUnit.Framework.Constraints.NaNConstraintTest.FailsWithBadValues(double.PositiveInfinity,&quot;∞&quot;)" methodname="FailsWithBadValues" classname="NUnit.Framework.Constraints.NaNConstraintTest" runstate="Runnable" seed="1755391139" result="Passed" start-time="2016-02-19 11:52:45Z" end-time="2016-02-19 11:52:45Z" duration="0.000094" asserts="2" />
              <test-case id="0-1490" name="FailsWithBadValues(double.NegativeInfinity,&quot;-∞&quot;)" fullname="NUnit.Framework.Constraints.NaNConstraintTest.FailsWithBadValues(double.NegativeInfinity,&quot;-∞&quot;)" methodname="FailsWithBadValues" classname="NUnit.Framework.Constraints.NaNConstraintTest" runstate="Runnable" seed="464012212" result="Passed" start-time="2016-02-19 11:52:45Z" end-time="2016-02-19 11:52:45Z" duration="0.000088" asserts="2" />
              <test-case id="0-1491" name="FailsWithBadValues(float.PositiveInfinity,&quot;∞&quot;)" fullname="NUnit.Framework.Constraints.NaNConstraintTest.FailsWithBadValues(float.PositiveInfinity,&quot;∞&quot;)" methodname="FailsWithBadValues" classname="NUnit.Framework.Constraints.NaNConstraintTest" runstate="Runnable" seed="2137722568" result="Passed" start-time="2016-02-19 11:52:45Z" end-time="2016-02-19 11:52:45Z" duration="0.000096" asserts="2" />
              <test-case id="0-1492" name="FailsWithBadValues(float.NegativeInfinity,&quot;-∞&quot;)" fullname="NUnit.Framework.Constraints.NaNConstraintTest.FailsWithBadValues(float.NegativeInfinity,&quot;-∞&quot;)" methodname="FailsWithBadValues" classname="NUnit.Framework.Constraints.NaNConstraintTest" runstate="Runnable" seed="765060348" result="Passed" start-time="2016-02-19 11:52:45Z" end-time="2016-02-19 11:52:45Z" duration="0.000087" asserts="2" />
            </test-suite>
            <test-case id="0-1494" name="ProvidesProperDescription" fullname="NUnit.Framework.Constraints.NaNConstraintTest.ProvidesProperDescription" methodname="ProvidesProperDescription" classname="NUnit.Framework.Constraints.NaNConstraintTest" runstate="Runnable" seed="438092947" result="Passed" start-time="2016-02-19 11:52:45Z" end-time="2016-02-19 11:52:45Z" duration="0.000066" asserts="1" />
            <test-case id="0-1495" name="ProvidesProperStringRepresentation" fullname="NUnit.Framework.Constraints.NaNConstraintTest.ProvidesProperStringRepresentation" methodname="ProvidesProperStringRepresentation" classname="NUnit.Framework.Constraints.NaNConstraintTest" runstate="Runnable" seed="1558543810" result="Passed" start-time="2016-02-19 11:52:45Z" end-time="2016-02-19 11:52:45Z" duration="0.000086" asserts="1" />
            <test-suite type="ParameterizedMethod" id="0-1485" name="SucceedsWithGoodValues" fullname="NUnit.Framework.Constraints.NaNConstraintTest.SucceedsWithGoodValues" runstate="Runnable" testcasecount="2" result="Passed" start-time="2016-02-19 11:52:45Z" end-time="2016-02-19 11:52:45Z" duration="0.000502" total="2" passed="2" failed="0" inconclusive="0" skipped="0" asserts="0">
              <test-case id="0-1483" name="SucceedsWithGoodValues(double.NaN)" fullname="NUnit.Framework.Constraints.NaNConstraintTest.SucceedsWithGoodValues(double.NaN)" methodname="SucceedsWithGoodValues" classname="NUnit.Framework.Constraints.NaNConstraintTest" runstate="Runnable" seed="169996655" result="Passed" start-time="2016-02-19 11:52:45Z" end-time="2016-02-19 11:52:45Z" duration="0.000090" asserts="0" />
              <test-case id="0-1484" name="SucceedsWithGoodValues(float.NaN)" fullname="NUnit.Framework.Constraints.NaNConstraintTest.SucceedsWithGoodValues(float.NaN)" methodname="SucceedsWithGoodValues" classname="NUnit.Framework.Constraints.NaNConstraintTest" runstate="Runnable" seed="1188118488" result="Passed" start-time="2016-02-19 11:52:45Z" end-time="2016-02-19 11:52:45Z" duration="0.000081" asserts="0" />
            </test-suite>
          </test-suite>
          <test-suite type="TestFixture" id="0-4639" name="EqualConstraintTests+DateTimeOffsetShouldBeSame" fullname="NUnit.Framework.Constraints.EqualConstraintTests+DateTimeOffsetShouldBeSame" classname="NUnit.Framework.Constraints.EqualConstraintTests+DateTimeOffsetShouldBeSame" runstate="Runnable" testcasecount="175" result="Passed" start-time="2016-02-19 11:52:45Z" end-time="2016-02-19 11:52:45Z" duration="0.124197" total="175" passed="75" failed="0" inconclusive="100" skipped="0" asserts="75">
            <test-suite type="Theory" id="0-4691" name="NegativeEqualityTest" fullname="NUnit.Framework.Constraints.EqualConstraintTests+DateTimeOffsetShouldBeSame.NegativeEqualityTest" runstate="Runnable" testcasecount="25" result="Passed" start-time="2016-02-19 11:52:45Z" end-time="2016-02-19 11:52:45Z" duration="0.013348" total="25" passed="18" failed="0" inconclusive="7" skipped="0" asserts="18">
              <properties>
                <property name="_JOINTYPE" value="Combinatorial" />
              </properties>
              <test-case id="0-4666" name="NegativeEqualityTest(01/30/2014 12:34:56 +06:15,01/30/2014 12:34:56 +06:15)" fullname="NUnit.Framework.Constraints.EqualConstraintTests+DateTimeOffsetShouldBeSame.NegativeEqualityTest(01/30/2014 12:34:56 +06:15,01/30/2014 12:34:56 +06:15)" methodname="NegativeEqualityTest" classname="NUnit.Framework.Constraints.EqualConstraintTests+DateTimeOffsetShouldBeSame" runstate="Runnable" seed="665832285" result="Inconclusive" start-time="2016-02-19 11:52:45Z" end-time="2016-02-19 11:52:45Z" duration="0.001726" asserts="0">
                <reason>
                  <message><![CDATA[  Expected: True
  But was:  False
]]></message>
                </reason>
              </test-case>
              <test-case id="0-4667" name="NegativeEqualityTest(01/30/2014 12:34:56 +06:15,01/30/2014 09:19:56 +03:00)" fullname="NUnit.Framework.Constraints.EqualConstraintTests+DateTimeOffsetShouldBeSame.NegativeEqualityTest(01/30/2014 12:34:56 +06:15,01/30/2014 09:19:56 +03:00)" methodname="NegativeEqualityTest" classname="NUnit.Framework.Constraints.EqualConstraintTests+DateTimeOffsetShouldBeSame" runstate="Runnable" seed="2101580767" result="Inconclusive" start-time="2016-02-19 11:52:45Z" end-time="2016-02-19 11:52:45Z" duration="0.000561" asserts="0">
                <reason>
                  <message><![CDATA[  Expected: True
  But was:  False
]]></message>
                </reason>
              </test-case>
              <test-case id="0-4668" name="NegativeEqualityTest(01/30/2014 12:34:56 +06:15,01/30/2014 09:19:56 +03:01)" fullname="NUnit.Framework.Constraints.EqualConstraintTests+DateTimeOffsetShouldBeSame.NegativeEqualityTest(01/30/2014 12:34:56 +06:15,01/30/2014 09:19:56 +03:01)" methodname="NegativeEqualityTest" classname="NUnit.Framework.Constraints.EqualConstraintTests+DateTimeOffsetShouldBeSame" runstate="Runnable" seed="924964073" result="Passed" start-time="2016-02-19 11:52:45Z" end-time="2016-02-19 11:52:45Z" duration="0.000659" asserts="1" />
              <test-case id="0-4669" name="NegativeEqualityTest(01/30/2014 12:34:56 +06:15,01/30/2014 09:19:55 +03:00)" fullname="NUnit.Framework.Constraints.EqualConstraintTests+DateTimeOffsetShouldBeSame.NegativeEqualityTest(01/30/2014 12:34:56 +06:15,01/30/2014 09:19:55 +03:00)" methodname="NegativeEqualityTest" classname="NUnit.Framework.Constraints.EqualConstraintTests+DateTimeOffsetShouldBeSame" runstate="Runnable" seed="1171706124" result="Passed" start-time="2016-02-19 11:52:45Z" end-time="2016-02-19 11:52:45Z" duration="0.000084" asserts="1" />
              <test-case id="0-4670" name="NegativeEqualityTest(01/30/2014 12:34:56 +06:15,01/30/2014 09:19:55 +03:50)" fullname="NUnit.Framework.Constraints.EqualConstraintTests+DateTimeOffsetShouldBeSame.NegativeEqualityTest(01/30/2014 12:34:56 +06:15,01/30/2014 09:19:55 +03:50)" methodname="NegativeEqualityTest" classname="NUnit.Framework.Constraints.EqualConstraintTests+DateTimeOffsetShouldBeSame" runstate="Runnable" seed="1927977743" result="Passed" start-time="2016-02-19 11:52:45Z" end-time="2016-02-19 11:52:45Z" duration="0.000072" asserts="1" />
              <test-case id="0-4671" name="NegativeEqualityTest(01/30/2014 09:19:56 +03:00,01/30/2014 12:34:56 +06:15)" fullname="NUnit.Framework.Constraints.EqualConstraintTests+DateTimeOffsetShouldBeSame.NegativeEqualityTest(01/30/2014 09:19:56 +03:00,01/30/2014 12:34:56 +06:15)" methodname="NegativeEqualityTest" classname="NUnit.Framework.Constraints.EqualConstraintTests+DateTimeOffsetShouldBeSame" runstate="Runnable" seed="1145273093" result="Inconclusive" start-time="2016-02-19 11:52:45Z" end-time="2016-02-19 11:52:45Z" duration="0.000837" asserts="0">
                <reason>
                  <message><![CDATA[  Expected: True
  But was:  False
]]></message>
                </reason>
              </test-case>
              <test-case id="0-4672" name="NegativeEqualityTest(01/30/2014 09:19:56 +03:00,01/30/2014 09:19:56 +03:00)" fullname="NUnit.Framework.Constraints.EqualConstraintTests+DateTimeOffsetShouldBeSame.NegativeEqualityTest(01/30/2014 09:19:56 +03:00,01/30/2014 09:19:56 +03:00)" methodname="NegativeEqualityTest" classname="NUnit.Framework.Constraints.EqualConstraintTests+DateTimeOffsetShouldBeSame" runstate="Runnable" seed="329275218" result="Inconclusive" start-time="2016-02-19 11:52:45Z" end-time="2016-02-19 11:52:45Z" duration="0.000639" asserts="0">
                <reason>
                  <message><![CDATA[  Expected: True
  But was:  False
]]></message>
                </reason>
              </test-case>
              <test-case id="0-4673" name="NegativeEqualityTest(01/30/2014 09:19:56 +03:00,01/30/2014 09:19:56 +03:01)" fullname="NUnit.Framework.Constraints.EqualConstraintTests+DateTimeOffsetShouldBeSame.NegativeEqualityTest(01/30/2014 09:19:56 +03:00,01/30/2014 09:19:56 +03:01)" methodname="NegativeEqualityTest" classname="NUnit.Framework.Constraints.EqualConstraintTests+DateTimeOffsetShouldBeSame" runstate="Runnable" seed="949382604" result="Passed" start-time="2016-02-19 11:52:45Z" end-time="2016-02-19 11:52:45Z" duration="0.000086" asserts="1" />
              <test-case id="0-4674" name="NegativeEqualityTest(01/30/2014 09:19:56 +03:00,01/30/2014 09:19:55 +03:00)" fullname="NUnit.Framework.Constraints.EqualConstraintTests+DateTimeOffsetShouldBeSame.NegativeEqualityTest(01/30/2014 09:19:56 +03:00,01/30/2014 09:19:55 +03:00)" methodname="NegativeEqualityTest" classname="NUnit.Framework.Constraints.EqualConstraintTests+DateTimeOffsetShouldBeSame" runstate="Runnable" seed="2133109423" result="Passed" start-time="2016-02-19 11:52:45Z" end-time="2016-02-19 11:52:45Z" duration="0.000075" asserts="1" />
              <test-case id="0-4675" name="NegativeEqualityTest(01/30/2014 09:19:56 +03:00,01/30/2014 09:19:55 +03:50)" fullname="NUnit.Framework.Constraints.EqualConstraintTests+DateTimeOffsetShouldBeSame.NegativeEqualityTest(01/30/2014 09:19:56 +03:00,01/30/2014 09:19:55 +03:50)" methodname="NegativeEqualityTest" classname="NUnit.Framework.Constraints.EqualConstraintTests+DateTimeOffsetShouldBeSame" runstate="Runnable" seed="655614115" result="Passed" start-time="2016-02-19 11:52:45Z" end-time="2016-02-19 11:52:45Z" duration="0.000068" asserts="1" />
              <test-case id="0-4676" name="NegativeEqualityTest(01/30/2014 09:19:56 +03:01,01/30/2014 12:34:56 +06:15)" fullname="NUnit.Framework.Constraints.EqualConstraintTests+DateTimeOffsetShouldBeSame.NegativeEqualityTest(01/30/2014 09:19:56 +03:01,01/30/2014 12:34:56 +06:15)" methodname="NegativeEqualityTest" classname="NUnit.Framework.Constraints.EqualConstraintTests+DateTimeOffsetShouldBeSame" runstate="Runnable" seed="1387686351" result="Passed" start-time="2016-02-19 11:52:45Z" end-time="2016-02-19 11:52:45Z" duration="0.000069" asserts="1" />
              <test-case id="0-4677" name="NegativeEqualityTest(01/30/2014 09:19:56 +03:01,01/30/2014 09:19:56 +03:00)" fullname="NUnit.Framework.Constraints.EqualConstraintTests+DateTimeOffsetShouldBeSame.NegativeEqualityTest(01/30/2014 09:19:56 +03:01,01/30/2014 09:19:56 +03:00)" methodname="NegativeEqualityTest" classname="NUnit.Framework.Constraints.EqualConstraintTests+DateTimeOffsetShouldBeSame" runstate="Runnable" seed="1126730448" result="Passed" start-time="2016-02-19 11:52:45Z" end-time="2016-02-19 11:52:45Z" duration="0.000066" asserts="1" />
              <test-case id="0-4678" name="NegativeEqualityTest(01/30/2014 09:19:56 +03:01,01/30/2014 09:19:56 +03:01)" fullname="NUnit.Framework.Constraints.EqualConstraintTests+DateTimeOffsetShouldBeSame.NegativeEqualityTest(01/30/2014 09:19:56 +03:01,01/30/2014 09:19:56 +03:01)" methodname="NegativeEqualityTest" classname="NUnit.Framework.Constraints.EqualConstraintTests+DateTimeOffsetShouldBeSame" runstate="Runnable" seed="466973932" result="Inconclusive" start-time="2016-02-19 11:52:45Z" end-time="2016-02-19 11:52:45Z" duration="0.001856" asserts="0">
                <reason>
                  <message><![CDATA[  Expected: True
  But was:  False
]]></message>
                </reason>
              </test-case>
              <test-case id="0-4679" name="NegativeEqualityTest(01/30/2014 09:19:56 +03:01,01/30/2014 09:19:55 +03:00)" fullname="NUnit.Framework.Constraints.EqualConstraintTests+DateTimeOffsetShouldBeSame.NegativeEqualityTest(01/30/2014 09:19:56 +03:01,01/30/2014 09:19:55 +03:00)" methodname="NegativeEqualityTest" classname="NUnit.Framework.Constraints.EqualConstraintTests+DateTimeOffsetShouldBeSame" runstate="Runnable" seed="1463896298" result="Passed" start-time="2016-02-19 11:52:45Z" end-time="2016-02-19 11:52:45Z" duration="0.000109" asserts="1" />
              <test-case id="0-4680" name="NegativeEqualityTest(01/30/2014 09:19:56 +03:01,01/30/2014 09:19:55 +03:50)" fullname="NUnit.Framework.Constraints.EqualConstraintTests+DateTimeOffsetShouldBeSame.NegativeEqualityTest(01/30/2014 09:19:56 +03:01,01/30/2014 09:19:55 +03:50)" methodname="NegativeEqualityTest" classname="NUnit.Framework.Constraints.EqualConstraintTests+DateTimeOffsetShouldBeSame" runstate="Runnable" seed="958705467" result="Passed" start-time="2016-02-19 11:52:45Z" end-time="2016-02-19 11:52:45Z" duration="0.000077" asserts="1" />
              <test-case id="0-4681" name="NegativeEqualityTest(01/30/2014 09:19:55 +03:00,01/30/2014 12:34:56 +06:15)" fullname="NUnit.Framework.Constraints.EqualConstraintTests+DateTimeOffsetShouldBeSame.NegativeEqualityTest(01/30/2014 09:19:55 +03:00,01/30/2014 12:34:56 +06:15)" methodname="NegativeEqualityTest" classname="NUnit.Framework.Constraints.EqualConstraintTests+DateTimeOffsetShouldBeSame" runstate="Runnable" seed="542795921" result="Passed" start-time="2016-02-19 11:52:45Z" end-time="2016-02-19 11:52:45Z" duration="0.000072" asserts="1" />
              <test-case id="0-4682" name="NegativeEqualityTest(01/30/2014 09:19:55 +03:00,01/30/2014 09:19:56 +03:00)" fullname="NUnit.Framework.Constraints.EqualConstraintTests+DateTimeOffsetShouldBeSame.NegativeEqualityTest(01/30/2014 09:19:55 +03:00,01/30/2014 09:19:56 +03:00)" methodname="NegativeEqualityTest" classname="NUnit.Framework.Constraints.EqualConstraintTests+DateTimeOffsetShouldBeSame" runstate="Runnable" seed="1068997962" result="Passed" start-time="2016-02-19 11:52:45Z" end-time="2016-02-19 11:52:45Z" duration="0.000071" asserts="1" />
              <test-case id="0-4683" name="NegativeEqualityTest(01/30/2014 09:19:55 +03:00,01/30/2014 09:19:56 +03:01)" fullname="NUnit.Framework.Constraints.EqualConstraintTests+DateTimeOffsetShouldBeSame.NegativeEqualityTest(01/30/2014 09:19:55 +03:00,01/30/2014 09:19:56 +03:01)" methodname="NegativeEqualityTest" classname="NUnit.Framework.Constraints.EqualConstraintTests+DateTimeOffsetShouldBeSame" runstate="Runnable" seed="416515096" result="Passed" start-time="2016-02-19 11:52:45Z" end-time="2016-02-19 11:52:45Z" duration="0.000077" asserts="1" />
              <test-case id="0-4684" name="NegativeEqualityTest(01/30/2014 09:19:55 +03:00,01/30/2014 09:19:55 +03:00)" fullname="NUnit.Framework.Constraints.EqualConstraintTests+DateTimeOffsetShouldBeSame.NegativeEqualityTest(01/30/2014 09:19:55 +03:00,01/30/2014 09:19:55 +03:00)" methodname="NegativeEqualityTest" classname="NUnit.Framework.Constraints.EqualConstraintTests+DateTimeOffsetShouldBeSame" runstate="Runnable" seed="724841526" result="Inconclusive" start-time="2016-02-19 11:52:45Z" end-time="2016-02-19 11:52:45Z" duration="0.000702" asserts="0">
                <reason>
                  <message><![CDATA[  Expected: True
  But was:  False
]]></message>
                </reason>
              </test-case>
              <test-case id="0-4685" name="NegativeEqualityTest(01/30/2014 09:19:55 +03:00,01/30/2014 09:19:55 +03:50)" fullname="NUnit.Framework.Constraints.EqualConstraintTests+DateTimeOffsetShouldBeSame.NegativeEqualityTest(01/30/2014 09:19:55 +03:00,01/30/2014 09:19:55 +03:50)" methodname="NegativeEqualityTest" classname="NUnit.Framework.Constraints.EqualConstraintTests+DateTimeOffsetShouldBeSame" runstate="Runnable" seed="1203686225" result="Passed" start-time="2016-02-19 11:52:45Z" end-time="2016-02-19 11:52:45Z" duration="0.000096" asserts="1" />
              <test-case id="0-4686" name="NegativeEqualityTest(01/30/2014 09:19:55 +03:50,01/30/2014 12:34:56 +06:15)" fullname="NUnit.Framework.Constraints.EqualConstraintTests+DateTimeOffsetShouldBeSame.NegativeEqualityTest(01/30/2014 09:19:55 +03:50,01/30/2014 12:34:56 +06:15)" methodname="NegativeEqualityTest" classname="NUnit.Framework.Constraints.EqualConstraintTests+DateTimeOffsetShouldBeSame" runstate="Runnable" seed="1972109799" result="Passed" start-time="2016-02-19 11:52:45Z" end-time="2016-02-19 11:52:45Z" duration="0.000070" asserts="1" />
              <test-case id="0-4687" name="NegativeEqualityTest(01/30/2014 09:19:55 +03:50,01/30/2014 09:19:56 +03:00)" fullname="NUnit.Framework.Constraints.EqualConstraintTests+DateTimeOffsetShouldBeSame.NegativeEqualityTest(01/30/2014 09:19:55 +03:50,01/30/2014 09:19:56 +03:00)" methodname="NegativeEqualityTest" classname="NUnit.Framework.Constraints.EqualConstraintTests+DateTimeOffsetShouldBeSame" runstate="Runnable" seed="1871712889" result="Passed" start-time="2016-02-19 11:52:45Z" end-time="2016-02-19 11:52:45Z" duration="0.000071" asserts="1" />
              <test-case id="0-4688" name="NegativeEqualityTest(01/30/2014 09:19:55 +03:50,01/30/2014 09:19:56 +03:01)" fullname="NUnit.Framework.Constraints.EqualConstraintTests+DateTimeOffsetShouldBeSame.NegativeEqualityTest(01/30/2014 09:19:55 +03:50,01/30/2014 09:19:56 +03:01)" methodname="NegativeEqualityTest" classname="NUnit.Framework.Constraints.EqualConstraintTests+DateTimeOffsetShouldBeSame" runstate="Runnable" seed="1983693180" result="Passed" start-time="2016-02-19 11:52:45Z" end-time="2016-02-19 11:52:45Z" duration="0.000074" asserts="1" />
              <test-case id="0-4689" name="NegativeEqualityTest(01/30/2014 09:19:55 +03:50,01/30/2014 09:19:55 +03:00)" fullname="NUnit.Framework.Constraints.EqualConstraintTests+DateTimeOffsetShouldBeSame.NegativeEqualityTest(01/30/2014 09:19:55 +03:50,01/30/2014 09:19:55 +03:00)" methodname="NegativeEqualityTest" classname="NUnit.Framework.Constraints.EqualConstraintTests+DateTimeOffsetShouldBeSame" runstate="Runnable" seed="1321311246" result="Passed" start-time="2016-02-19 11:52:45Z" end-time="2016-02-19 11:52:45Z" duration="0.000069" asserts="1" />
              <test-case id="0-4690" name="NegativeEqualityTest(01/30/2014 09:19:55 +03:50,01/30/2014 09:19:55 +03:50)" fullname="NUnit.Framework.Constraints.EqualConstraintTests+DateTimeOffsetShouldBeSame.NegativeEqualityTest(01/30/2014 09:19:55 +03:50,01/30/2014 09:19:55 +03:50)" methodname="NegativeEqualityTest" classname="NUnit.Framework.Constraints.EqualConstraintTests+DateTimeOffsetShouldBeSame" runstate="Runnable" seed="335007941" result="Inconclusive" start-time="2016-02-19 11:52:45Z" end-time="2016-02-19 11:52:45Z" duration="0.000665" asserts="0">
                <reason>
                  <message><![CDATA[  Expected: True
  But was:  False
]]></message>
                </reason>
              </test-case>
            </test-suite>
            <test-suite type="Theory" id="0-4821" name="NegativeEqualityTestWithinToleranceAndWithSameOffset" fullname="NUnit.Framework.Constraints.EqualConstraintTests+DateTimeOffsetShouldBeSame.NegativeEqualityTestWithinToleranceAndWithSameOffset" runstate="Runnable" testcasecount="25" result="Passed" start-time="2016-02-19 11:52:45Z" end-time="2016-02-19 11:52:45Z" duration="0.017770" total="25" passed="10" failed="0" inconclusive="15" skipped="0" asserts="10">
              <properties>
                <property name="_JOINTYPE" value="Combinatorial" />
              </properties>
              <test-case id="0-4796" name="NegativeEqualityTestWithinToleranceAndWithSameOffset(01/30/2014 12:34:56 +06:15,01/30/2014 12:34:56 +06:15)" fullname="NUnit.Framework.Constraints.EqualConstraintTests+DateTimeOffsetShouldBeSame.NegativeEqualityTestWithinToleranceAndWithSameOffset(01/30/2014 12:34:56 +06:15,01/30/2014 12:34:56 +06:15)" methodname="NegativeEqualityTestWithinToleranceAndWithSameOffset" classname="NUnit.Framework.Constraints.EqualConstraintTests+DateTimeOffsetShouldBeSame" runstate="Runnable" seed="489087536" result="Inconclusive" start-time="2016-02-19 11:52:45Z" end-time="2016-02-19 11:52:45Z" duration="0.002496" asserts="0">
                <reason>
                  <message><![CDATA[  Expected: True
  But was:  False
]]></message>
                </reason>
              </test-case>
              <test-case id="0-4797" name="NegativeEqualityTestWithinToleranceAndWithSameOffset(01/30/2014 12:34:56 +06:15,01/30/2014 09:19:56 +03:00)" fullname="NUnit.Framework.Constraints.EqualConstraintTests+DateTimeOffsetShouldBeSame.NegativeEqualityTestWithinToleranceAndWithSameOffset(01/30/2014 12:34:56 +06:15,01/30/2014 09:19:56 +03:00)" methodname="NegativeEqualityTestWithinToleranceAndWithSameOffset" classname="NUnit.Framework.Constraints.EqualConstraintTests+DateTimeOffsetShouldBeSame" runstate="Runnable" seed="47064985" result="Passed" start-time="2016-02-19 11:52:45Z" end-time="2016-02-19 11:52:45Z" duration="0.000120" asserts="1" />
              <test-case id="0-4798" name="NegativeEqualityTestWithinToleranceAndWithSameOffset(01/30/2014 12:34:56 +06:15,01/30/2014 09:19:56 +03:01)" fullname="NUnit.Framework.Constraints.EqualConstraintTests+DateTimeOffsetShouldBeSame.NegativeEqualityTestWithinToleranceAndWithSameOffset(01/30/2014 12:34:56 +06:15,01/30/2014 09:19:56 +03:01)" methodname="NegativeEqualityTestWithinToleranceAndWithSameOffset" classname="NUnit.Framework.Constraints.EqualConstraintTests+DateTimeOffsetShouldBeSame" runstate="Runnable" seed="539815091" result="Passed" start-time="2016-02-19 11:52:45Z" end-time="2016-02-19 11:52:45Z" duration="0.000089" asserts="1" />
              <test-case id="0-4799" name="NegativeEqualityTestWithinToleranceAndWithSameOffset(01/30/2014 12:34:56 +06:15,01/30/2014 09:19:55 +03:00)" fullname="NUnit.Framework.Constraints.EqualConstraintTests+DateTimeOffsetShouldBeSame.NegativeEqualityTestWithinToleranceAndWithSameOffset(01/30/2014 12:34:56 +06:15,01/30/2014 09:19:55 +03:00)" methodname="NegativeEqualityTestWithinToleranceAndWithSameOffset" classname="NUnit.Framework.Constraints.EqualConstraintTests+DateTimeOffsetShouldBeSame" runstate="Runnable" seed="1532990106" result="Passed" start-time="2016-02-19 11:52:45Z" end-time="2016-02-19 11:52:45Z" duration="0.000077" asserts="1" />
              <test-case id="0-4800" name="NegativeEqualityTestWithinToleranceAndWithSameOffset(01/30/2014 12:34:56 +06:15,01/30/2014 09:19:55 +03:50)" fullname="NUnit.Framework.Constraints.EqualConstraintTests+DateTimeOffsetShouldBeSame.NegativeEqualityTestWithinToleranceAndWithSameOffset(01/30/2014 12:34:56 +06:15,01/30/2014 09:19:55 +03:50)" methodname="NegativeEqualityTestWithinToleranceAndWithSameOffset" classname="NUnit.Framework.Constraints.EqualConstraintTests+DateTimeOffsetShouldBeSame" runstate="Runnable" seed="72939129" result="Inconclusive" start-time="2016-02-19 11:52:45Z" end-time="2016-02-19 11:52:45Z" duration="0.000693" asserts="0">
                <reason>
                  <message><![CDATA[  Expected: True
  But was:  False
]]></message>
                </reason>
              </test-case>
              <test-case id="0-4801" name="NegativeEqualityTestWithinToleranceAndWithSameOffset(01/30/2014 09:19:56 +03:00,01/30/2014 12:34:56 +06:15)" fullname="NUnit.Framework.Constraints.EqualConstraintTests+DateTimeOffsetShouldBeSame.NegativeEqualityTestWithinToleranceAndWithSameOffset(01/30/2014 09:19:56 +03:00,01/30/2014 12:34:56 +06:15)" methodname="NegativeEqualityTestWithinToleranceAndWithSameOffset" classname="NUnit.Framework.Constraints.EqualConstraintTests+DateTimeOffsetShouldBeSame" runstate="Runnable" seed="1924649866" result="Passed" start-time="2016-02-19 11:52:45Z" end-time="2016-02-19 11:52:45Z" duration="0.000105" asserts="1" />
              <test-case id="0-4802" name="NegativeEqualityTestWithinToleranceAndWithSameOffset(01/30/2014 09:19:56 +03:00,01/30/2014 09:19:56 +03:00)" fullname="NUnit.Framework.Constraints.EqualConstraintTests+DateTimeOffsetShouldBeSame.NegativeEqualityTestWithinToleranceAndWithSameOffset(01/30/2014 09:19:56 +03:00,01/30/2014 09:19:56 +03:00)" methodname="NegativeEqualityTestWithinToleranceAndWithSameOffset" classname="NUnit.Framework.Constraints.EqualConstraintTests+DateTimeOffsetShouldBeSame" runstate="Runnable" seed="68162709" result="Inconclusive" start-time="2016-02-19 11:52:45Z" end-time="2016-02-19 11:52:45Z" duration="0.000642" asserts="0">
                <reason>
                  <message><![CDATA[  Expected: True
  But was:  False
]]></message>
                </reason>
              </test-case>
              <test-case id="0-4803" name="NegativeEqualityTestWithinToleranceAndWithSameOffset(01/30/2014 09:19:56 +03:00,01/30/2014 09:19:56 +03:01)" fullname="NUnit.Framework.Constraints.EqualConstraintTests+DateTimeOffsetShouldBeSame.NegativeEqualityTestWithinToleranceAndWithSameOffset(01/30/2014 09:19:56 +03:00,01/30/2014 09:19:56 +03:01)" methodname="NegativeEqualityTestWithinToleranceAndWithSameOffset" classname="NUnit.Framework.Constraints.EqualConstraintTests+DateTimeOffsetShouldBeSame" runstate="Runnable" seed="904728409" result="Passed" start-time="2016-02-19 11:52:45Z" end-time="2016-02-19 11:52:45Z" duration="0.000116" asserts="1" />
              <test-case id="0-4804" name="NegativeEqualityTestWithinToleranceAndWithSameOffset(01/30/2014 09:19:56 +03:00,01/30/2014 09:19:55 +03:00)" fullname="NUnit.Framework.Constraints.EqualConstraintTests+DateTimeOffsetShouldBeSame.NegativeEqualityTestWithinToleranceAndWithSameOffset(01/30/2014 09:19:56 +03:00,01/30/2014 09:19:55 +03:00)" methodname="NegativeEqualityTestWithinToleranceAndWithSameOffset" classname="NUnit.Framework.Constraints.EqualConstraintTests+DateTimeOffsetShouldBeSame" runstate="Runnable" seed="560856550" result="Inconclusive" start-time="2016-02-19 11:52:45Z" end-time="2016-02-19 11:52:45Z" duration="0.000715" asserts="0">
                <reason>
                  <message><![CDATA[  Expected: True
  But was:  False
]]></message>
                </reason>
              </test-case>
              <test-case id="0-4805" name="NegativeEqualityTestWithinToleranceAndWithSameOffset(01/30/2014 09:19:56 +03:00,01/30/2014 09:19:55 +03:50)" fullname="NUnit.Framework.Constraints.EqualConstraintTests+DateTimeOffsetShouldBeSame.NegativeEqualityTestWithinToleranceAndWithSameOffset(01/30/2014 09:19:56 +03:00,01/30/2014 09:19:55 +03:50)" methodname="NegativeEqualityTestWithinToleranceAndWithSameOffset" classname="NUnit.Framework.Constraints.EqualConstraintTests+DateTimeOffsetShouldBeSame" runstate="Runnable" seed="473516390" result="Inconclusive" start-time="2016-02-19 11:52:45Z" end-time="2016-02-19 11:52:45Z" duration="0.000669" asserts="0">
                <reason>
                  <message><![CDATA[  Expected: True
  But was:  False
]]></message>
                </reason>
              </test-case>
              <test-case id="0-4806" name="NegativeEqualityTestWithinToleranceAndWithSameOffset(01/30/2014 09:19:56 +03:01,01/30/2014 12:34:56 +06:15)" fullname="NUnit.Framework.Constraints.EqualConstraintTests+DateTimeOffsetShouldBeSame.NegativeEqualityTestWithinToleranceAndWithSameOffset(01/30/2014 09:19:56 +03:01,01/30/2014 12:34:56 +06:15)" methodname="NegativeEqualityTestWithinToleranceAndWithSameOffset" classname="NUnit.Framework.Constraints.EqualConstraintTests+DateTimeOffsetShouldBeSame" runstate="Runnable" seed="735150243" result="Passed" start-time="2016-02-19 11:52:45Z" end-time="2016-02-19 11:52:45Z" duration="0.000111" asserts="1" />
              <test-case id="0-4807" name="NegativeEqualityTestWithinToleranceAndWithSameOffset(01/30/2014 09:19:56 +03:01,01/30/2014 09:19:56 +03:00)" fullname="NUnit.Framework.Constraints.EqualConstraintTests+DateTimeOffsetShouldBeSame.NegativeEqualityTestWithinToleranceAndWithSameOffset(01/30/2014 09:19:56 +03:01,01/30/2014 09:19:56 +03:00)" methodname="NegativeEqualityTestWithinToleranceAndWithSameOffset" classname="NUnit.Framework.Constraints.EqualConstraintTests+DateTimeOffsetShouldBeSame" runstate="Runnable" seed="1060083638" result="Passed" start-time="2016-02-19 11:52:45Z" end-time="2016-02-19 11:52:45Z" duration="0.000081" asserts="1" />
              <test-case id="0-4808" name="NegativeEqualityTestWithinToleranceAndWithSameOffset(01/30/2014 09:19:56 +03:01,01/30/2014 09:19:56 +03:01)" fullname="NUnit.Framework.Constraints.EqualConstraintTests+DateTimeOffsetShouldBeSame.NegativeEqualityTestWithinToleranceAndWithSameOffset(01/30/2014 09:19:56 +03:01,01/30/2014 09:19:56 +03:01)" methodname="NegativeEqualityTestWithinToleranceAndWithSameOffset" classname="NUnit.Framework.Constraints.EqualConstraintTests+DateTimeOffsetShouldBeSame" runstate="Runnable" seed="1184804818" result="Inconclusive" start-time="2016-02-19 11:52:45Z" end-time="2016-02-19 11:52:45Z" duration="0.000657" asserts="0">
                <reason>
                  <message><![CDATA[  Expected: True
  But was:  False
]]></message>
                </reason>
              </test-case>
              <test-case id="0-4809" name="NegativeEqualityTestWithinToleranceAndWithSameOffset(01/30/2014 09:19:56 +03:01,01/30/2014 09:19:55 +03:00)" fullname="NUnit.Framework.Constraints.EqualConstraintTests+DateTimeOffsetShouldBeSame.NegativeEqualityTestWithinToleranceAndWithSameOffset(01/30/2014 09:19:56 +03:01,01/30/2014 09:19:55 +03:00)" methodname="NegativeEqualityTestWithinToleranceAndWithSameOffset" classname="NUnit.Framework.Constraints.EqualConstraintTests+DateTimeOffsetShouldBeSame" runstate="Runnable" seed="1297561238" result="Passed" start-time="2016-02-19 11:52:45Z" end-time="2016-02-19 11:52:45Z" duration="0.000109" asserts="1" />
              <test-case id="0-4810" name="NegativeEqualityTestWithinToleranceAndWithSameOffset(01/30/2014 09:19:56 +03:01,01/30/2014 09:19:55 +03:50)" fullname="NUnit.Framework.Constraints.EqualConstraintTests+DateTimeOffsetShouldBeSame.NegativeEqualityTestWithinToleranceAndWithSameOffset(01/30/2014 09:19:56 +03:01,01/30/2014 09:19:55 +03:50)" methodname="NegativeEqualityTestWithinToleranceAndWithSameOffset" classname="NUnit.Framework.Constraints.EqualConstraintTests+DateTimeOffsetShouldBeSame" runstate="Runnable" seed="515101550" result="Inconclusive" start-time="2016-02-19 11:52:45Z" end-time="2016-02-19 11:52:45Z" duration="0.000738" asserts="0">
                <reason>
                  <message><![CDATA[  Expected: True
  But was:  False
]]></message>
                </reason>
              </test-case>
              <test-case id="0-4811" name="NegativeEqualityTestWithinToleranceAndWithSameOffset(01/30/2014 09:19:55 +03:00,01/30/2014 12:34:56 +06:15)" fullname="NUnit.Framework.Constraints.EqualConstraintTests+DateTimeOffsetShouldBeSame.NegativeEqualityTestWithinToleranceAndWithSameOffset(01/30/2014 09:19:55 +03:00,01/30/2014 12:34:56 +06:15)" methodname="NegativeEqualityTestWithinToleranceAndWithSameOffset" classname="NUnit.Framework.Constraints.EqualConstraintTests+DateTimeOffsetShouldBeSame" runstate="Runnable" seed="2071619426" result="Passed" start-time="2016-02-19 11:52:45Z" end-time="2016-02-19 11:52:45Z" duration="0.000111" asserts="1" />
              <test-case id="0-4812" name="NegativeEqualityTestWithinToleranceAndWithSameOffset(01/30/2014 09:19:55 +03:00,01/30/2014 09:19:56 +03:00)" fullname="NUnit.Framework.Constraints.EqualConstraintTests+DateTimeOffsetShouldBeSame.NegativeEqualityTestWithinToleranceAndWithSameOffset(01/30/2014 09:19:55 +03:00,01/30/2014 09:19:56 +03:00)" methodname="NegativeEqualityTestWithinToleranceAndWithSameOffset" classname="NUnit.Framework.Constraints.EqualConstraintTests+DateTimeOffsetShouldBeSame" runstate="Runnable" seed="494419910" result="Inconclusive" start-time="2016-02-19 11:52:45Z" end-time="2016-02-19 11:52:45Z" duration="0.001974" asserts="0">
                <reason>
                  <message><![CDATA[  Expected: True
  But was:  False
]]></message>
                </reason>
              </test-case>
              <test-case id="0-4813" name="NegativeEqualityTestWithinToleranceAndWithSameOffset(01/30/2014 09:19:55 +03:00,01/30/2014 09:19:56 +03:01)" fullname="NUnit.Framework.Constraints.EqualConstraintTests+DateTimeOffsetShouldBeSame.NegativeEqualityTestWithinToleranceAndWithSameOffset(01/30/2014 09:19:55 +03:00,01/30/2014 09:19:56 +03:01)" methodname="NegativeEqualityTestWithinToleranceAndWithSameOffset" classname="NUnit.Framework.Constraints.EqualConstraintTests+DateTimeOffsetShouldBeSame" runstate="Runnable" seed="1614296667" result="Passed" start-time="2016-02-19 11:52:45Z" end-time="2016-02-19 11:52:45Z" duration="0.000118" asserts="1" />
              <test-case id="0-4814" name="NegativeEqualityTestWithinToleranceAndWithSameOffset(01/30/2014 09:19:55 +03:00,01/30/2014 09:19:55 +03:00)" fullname="NUnit.Framework.Constraints.EqualConstraintTests+DateTimeOffsetShouldBeSame.NegativeEqualityTestWithinToleranceAndWithSameOffset(01/30/2014 09:19:55 +03:00,01/30/2014 09:19:55 +03:00)" methodname="NegativeEqualityTestWithinToleranceAndWithSameOffset" classname="NUnit.Framework.Constraints.EqualConstraintTests+DateTimeOffsetShouldBeSame" runstate="Runnable" seed="343165418" result="Inconclusive" start-time="2016-02-19 11:52:45Z" end-time="2016-02-19 11:52:45Z" duration="0.000723" asserts="0">
                <reason>
                  <message><![CDATA[  Expected: True
  But was:  False
]]></message>
                </reason>
              </test-case>
              <test-case id="0-4815" name="NegativeEqualityTestWithinToleranceAndWithSameOffset(01/30/2014 09:19:55 +03:00,01/30/2014 09:19:55 +03:50)" fullname="NUnit.Framework.Constraints.EqualConstraintTests+DateTimeOffsetShouldBeSame.NegativeEqualityTestWithinToleranceAndWithSameOffset(01/30/2014 09:19:55 +03:00,01/30/2014 09:19:55 +03:50)" methodname="NegativeEqualityTestWithinToleranceAndWithSameOffset" classname="NUnit.Framework.Constraints.EqualConstraintTests+DateTimeOffsetShouldBeSame" runstate="Runnable" seed="941430178" result="Inconclusive" start-time="2016-02-19 11:52:45Z" end-time="2016-02-19 11:52:45Z" duration="0.000630" asserts="0">
                <reason>
                  <message><![CDATA[  Expected: True
  But was:  False
]]></message>
                </reason>
              </test-case>
              <test-case id="0-4816" name="NegativeEqualityTestWithinToleranceAndWithSameOffset(01/30/2014 09:19:55 +03:50,01/30/2014 12:34:56 +06:15)" fullname="NUnit.Framework.Constraints.EqualConstraintTests+DateTimeOffsetShouldBeSame.NegativeEqualityTestWithinToleranceAndWithSameOffset(01/30/2014 09:19:55 +03:50,01/30/2014 12:34:56 +06:15)" methodname="NegativeEqualityTestWithinToleranceAndWithSameOffset" classname="NUnit.Framework.Constraints.EqualConstraintTests+DateTimeOffsetShouldBeSame" runstate="Runnable" seed="651838066" result="Inconclusive" start-time="2016-02-19 11:52:45Z" end-time="2016-02-19 11:52:45Z" duration="0.000623" asserts="0">
                <reason>
                  <message><![CDATA[  Expected: True
  But was:  False
]]></message>
                </reason>
              </test-case>
              <test-case id="0-4817" name="NegativeEqualityTestWithinToleranceAndWithSameOffset(01/30/2014 09:19:55 +03:50,01/30/2014 09:19:56 +03:00)" fullname="NUnit.Framework.Constraints.EqualConstraintTests+DateTimeOffsetShouldBeSame.NegativeEqualityTestWithinToleranceAndWithSameOffset(01/30/2014 09:19:55 +03:50,01/30/2014 09:19:56 +03:00)" methodname="NegativeEqualityTestWithinToleranceAndWithSameOffset" classname="NUnit.Framework.Constraints.EqualConstraintTests+DateTimeOffsetShouldBeSame" runstate="Runnable" seed="20573004" result="Inconclusive" start-time="2016-02-19 11:52:45Z" end-time="2016-02-19 11:52:45Z" duration="0.000631" asserts="0">
                <reason>
                  <message><![CDATA[  Expected: True
  But was:  False
]]></message>
                </reason>
              </test-case>
              <test-case id="0-4818" name="NegativeEqualityTestWithinToleranceAndWithSameOffset(01/30/2014 09:19:55 +03:50,01/30/2014 09:19:56 +03:01)" fullname="NUnit.Framework.Constraints.EqualConstraintTests+DateTimeOffsetShouldBeSame.NegativeEqualityTestWithinToleranceAndWithSameOffset(01/30/2014 09:19:55 +03:50,01/30/2014 09:19:56 +03:01)" methodname="NegativeEqualityTestWithinToleranceAndWithSameOffset" classname="NUnit.Framework.Constraints.EqualConstraintTests+DateTimeOffsetShouldBeSame" runstate="Runnable" seed="1183672142" result="Inconclusive" start-time="2016-02-19 11:52:45Z" end-time="2016-02-19 11:52:45Z" duration="0.000603" asserts="0">
                <reason>
                  <message><![CDATA[  Expected: True
  But was:  False
]]></message>
                </reason>
              </test-case>
              <test-case id="0-4819" name="NegativeEqualityTestWithinToleranceAndWithSameOffset(01/30/2014 09:19:55 +03:50,01/30/2014 09:19:55 +03:00)" fullname="NUnit.Framework.Constraints.EqualConstraintTests+DateTimeOffsetShouldBeSame.NegativeEqualityTestWithinToleranceAndWithSameOffset(01/30/2014 09:19:55 +03:50,01/30/2014 09:19:55 +03:00)" methodname="NegativeEqualityTestWithinToleranceAndWithSameOffset" classname="NUnit.Framework.Constraints.EqualConstraintTests+DateTimeOffsetShouldBeSame" runstate="Runnable" seed="437284869" result="Inconclusive" start-time="2016-02-19 11:52:45Z" end-time="2016-02-19 11:52:45Z" duration="0.000634" asserts="0">
                <reason>
                  <message><![CDATA[  Expected: True
  But was:  False
]]></message>
                </reason>
              </test-case>
              <test-case id="0-4820" name="NegativeEqualityTestWithinToleranceAndWithSameOffset(01/30/2014 09:19:55 +03:50,01/30/2014 09:19:55 +03:50)" fullname="NUnit.Framework.Constraints.EqualConstraintTests+DateTimeOffsetShouldBeSame.NegativeEqualityTestWithinToleranceAndWithSameOffset(01/30/2014 09:19:55 +03:50,01/30/2014 09:19:55 +03:50)" methodname="NegativeEqualityTestWithinToleranceAndWithSameOffset" classname="NUnit.Framework.Constraints.EqualConstraintTests+DateTimeOffsetShouldBeSame" runstate="Runnable" seed="128344940" result="Inconclusive" start-time="2016-02-19 11:52:45Z" end-time="2016-02-19 11:52:45Z" duration="0.000625" asserts="0">
                <reason>
                  <message><![CDATA[  Expected: True
  But was:  False
]]></message>
                </reason>
              </test-case>
            </test-suite>
            <test-suite type="Theory" id="0-4743" name="NegativeEqualityTestWithTolerance" fullname="NUnit.Framework.Constraints.EqualConstraintTests+DateTimeOffsetShouldBeSame.NegativeEqualityTestWithTolerance" runstate="Runnable" testcasecount="25" result="Passed" start-time="2016-02-19 11:52:45Z" end-time="2016-02-19 11:52:45Z" duration="0.020275" total="25" passed="8" failed="0" inconclusive="17" skipped="0" asserts="8">
              <properties>
                <property name="_JOINTYPE" value="Combinatorial" />
              </properties>
              <test-case id="0-4718" name="NegativeEqualityTestWithTolerance(01/30/2014 12:34:56 +06:15,01/30/2014 12:34:56 +06:15)" fullname="NUnit.Framework.Constraints.EqualConstraintTests+DateTimeOffsetShouldBeSame.NegativeEqualityTestWithTolerance(01/30/2014 12:34:56 +06:15,01/30/2014 12:34:56 +06:15)" methodname="NegativeEqualityTestWithTolerance" classname="NUnit.Framework.Constraints.EqualConstraintTests+DateTimeOffsetShouldBeSame" runstate="Runnable" seed="1044734129" result="Inconclusive" start-time="2016-02-19 11:52:45Z" end-time="2016-02-19 11:52:45Z" duration="0.001953" asserts="0">
                <reason>
                  <message><![CDATA[  Expected: True
  But was:  False
]]></message>
                </reason>
              </test-case>
              <test-case id="0-4719" name="NegativeEqualityTestWithTolerance(01/30/2014 12:34:56 +06:15,01/30/2014 09:19:56 +03:00)" fullname="NUnit.Framework.Constraints.EqualConstraintTests+DateTimeOffsetShouldBeSame.NegativeEqualityTestWithTolerance(01/30/2014 12:34:56 +06:15,01/30/2014 09:19:56 +03:00)" methodname="NegativeEqualityTestWithTolerance" classname="NUnit.Framework.Constraints.EqualConstraintTests+DateTimeOffsetShouldBeSame" runstate="Runnable" seed="1298931601" result="Inconclusive" start-time="2016-02-19 11:52:45Z" end-time="2016-02-19 11:52:45Z" duration="0.000694" asserts="0">
                <reason>
                  <message><![CDATA[  Expected: True
  But was:  False
]]></message>
                </reason>
              </test-case>
              <test-case id="0-4720" name="NegativeEqualityTestWithTolerance(01/30/2014 12:34:56 +06:15,01/30/2014 09:19:56 +03:01)" fullname="NUnit.Framework.Constraints.EqualConstraintTests+DateTimeOffsetShouldBeSame.NegativeEqualityTestWithTolerance(01/30/2014 12:34:56 +06:15,01/30/2014 09:19:56 +03:01)" methodname="NegativeEqualityTestWithTolerance" classname="NUnit.Framework.Constraints.EqualConstraintTests+DateTimeOffsetShouldBeSame" runstate="Runnable" seed="1123141638" result="Inconclusive" start-time="2016-02-19 11:52:45Z" end-time="2016-02-19 11:52:45Z" duration="0.000683" asserts="0">
                <reason>
                  <message><![CDATA[  Expected: True
  But was:  False
]]></message>
                </reason>
              </test-case>
              <test-case id="0-4721" name="NegativeEqualityTestWithTolerance(01/30/2014 12:34:56 +06:15,01/30/2014 09:19:55 +03:00)" fullname="NUnit.Framework.Constraints.EqualConstraintTests+DateTimeOffsetShouldBeSame.NegativeEqualityTestWithTolerance(01/30/2014 12:34:56 +06:15,01/30/2014 09:19:55 +03:00)" methodname="NegativeEqualityTestWithTolerance" classname="NUnit.Framework.Constraints.EqualConstraintTests+DateTimeOffsetShouldBeSame" runstate="Runnable" seed="1563218676" result="Inconclusive" start-time="2016-02-19 11:52:45Z" end-time="2016-02-19 11:52:45Z" duration="0.000662" asserts="0">
                <reason>
                  <message><![CDATA[  Expected: True
  But was:  False
]]></message>
                </reason>
              </test-case>
              <test-case id="0-4722" name="NegativeEqualityTestWithTolerance(01/30/2014 12:34:56 +06:15,01/30/2014 09:19:55 +03:50)" fullname="NUnit.Framework.Constraints.EqualConstraintTests+DateTimeOffsetShouldBeSame.NegativeEqualityTestWithTolerance(01/30/2014 12:34:56 +06:15,01/30/2014 09:19:55 +03:50)" methodname="NegativeEqualityTestWithTolerance" classname="NUnit.Framework.Constraints.EqualConstraintTests+DateTimeOffsetShouldBeSame" runstate="Runnable" seed="888343227" result="Passed" start-time="2016-02-19 11:52:45Z" end-time="2016-02-19 11:52:45Z" duration="0.000120" asserts="1" />
              <test-case id="0-4723" name="NegativeEqualityTestWithTolerance(01/30/2014 09:19:56 +03:00,01/30/2014 12:34:56 +06:15)" fullname="NUnit.Framework.Constraints.EqualConstraintTests+DateTimeOffsetShouldBeSame.NegativeEqualityTestWithTolerance(01/30/2014 09:19:56 +03:00,01/30/2014 12:34:56 +06:15)" methodname="NegativeEqualityTestWithTolerance" classname="NUnit.Framework.Constraints.EqualConstraintTests+DateTimeOffsetShouldBeSame" runstate="Runnable" seed="1236941948" result="Inconclusive" start-time="2016-02-19 11:52:45Z" end-time="2016-02-19 11:52:45Z" duration="0.000690" asserts="0">
                <reason>
                  <message><![CDATA[  Expected: True
  But was:  False
]]></message>
                </reason>
              </test-case>
              <test-case id="0-4724" name="NegativeEqualityTestWithTolerance(01/30/2014 09:19:56 +03:00,01/30/2014 09:19:56 +03:00)" fullname="NUnit.Framework.Constraints.EqualConstraintTests+DateTimeOffsetShouldBeSame.NegativeEqualityTestWithTolerance(01/30/2014 09:19:56 +03:00,01/30/2014 09:19:56 +03:00)" methodname="NegativeEqualityTestWithTolerance" classname="NUnit.Framework.Constraints.EqualConstraintTests+DateTimeOffsetShouldBeSame" runstate="Runnable" seed="765331469" result="Inconclusive" start-time="2016-02-19 11:52:45Z" end-time="2016-02-19 11:52:45Z" duration="0.001772" asserts="0">
                <reason>
                  <message><![CDATA[  Expected: True
  But was:  False
]]></message>
                </reason>
              </test-case>
              <test-case id="0-4725" name="NegativeEqualityTestWithTolerance(01/30/2014 09:19:56 +03:00,01/30/2014 09:19:56 +03:01)" fullname="NUnit.Framework.Constraints.EqualConstraintTests+DateTimeOffsetShouldBeSame.NegativeEqualityTestWithTolerance(01/30/2014 09:19:56 +03:00,01/30/2014 09:19:56 +03:01)" methodname="NegativeEqualityTestWithTolerance" classname="NUnit.Framework.Constraints.EqualConstraintTests+DateTimeOffsetShouldBeSame" runstate="Runnable" seed="567201775" result="Inconclusive" start-time="2016-02-19 11:52:45Z" end-time="2016-02-19 11:52:45Z" duration="0.000682" asserts="0">
                <reason>
                  <message><![CDATA[  Expected: True
  But was:  False
]]></message>
                </reason>
              </test-case>
              <test-case id="0-4726" name="NegativeEqualityTestWithTolerance(01/30/2014 09:19:56 +03:00,01/30/2014 09:19:55 +03:00)" fullname="NUnit.Framework.Constraints.EqualConstraintTests+DateTimeOffsetShouldBeSame.NegativeEqualityTestWithTolerance(01/30/2014 09:19:56 +03:00,01/30/2014 09:19:55 +03:00)" methodname="NegativeEqualityTestWithTolerance" classname="NUnit.Framework.Constraints.EqualConstraintTests+DateTimeOffsetShouldBeSame" runstate="Runnable" seed="1913769594" result="Inconclusive" start-time="2016-02-19 11:52:45Z" end-time="2016-02-19 11:52:45Z" duration="0.000623" asserts="0">
                <reason>
                  <message><![CDATA[  Expected: True
  But was:  False
]]></message>
                </reason>
              </test-case>
              <test-case id="0-4727" name="NegativeEqualityTestWithTolerance(01/30/2014 09:19:56 +03:00,01/30/2014 09:19:55 +03:50)" fullname="NUnit.Framework.Constraints.EqualConstraintTests+DateTimeOffsetShouldBeSame.NegativeEqualityTestWithTolerance(01/30/2014 09:19:56 +03:00,01/30/2014 09:19:55 +03:50)" methodname="NegativeEqualityTestWithTolerance" classname="NUnit.Framework.Constraints.EqualConstraintTests+DateTimeOffsetShouldBeSame" runstate="Runnable" seed="73895358" result="Passed" start-time="2016-02-19 11:52:45Z" end-time="2016-02-19 11:52:45Z" duration="0.000106" asserts="1" />
              <test-case id="0-4728" name="NegativeEqualityTestWithTolerance(01/30/2014 09:19:56 +03:01,01/30/2014 12:34:56 +06:15)" fullname="NUnit.Framework.Constraints.EqualConstraintTests+DateTimeOffsetShouldBeSame.NegativeEqualityTestWithTolerance(01/30/2014 09:19:56 +03:01,01/30/2014 12:34:56 +06:15)" methodname="NegativeEqualityTestWithTolerance" classname="NUnit.Framework.Constraints.EqualConstraintTests+DateTimeOffsetShouldBeSame" runstate="Runnable" seed="83494504" result="Inconclusive" start-time="2016-02-19 11:52:45Z" end-time="2016-02-19 11:52:45Z" duration="0.000608" asserts="0">
                <reason>
                  <message><![CDATA[  Expected: True
  But was:  False
]]></message>
                </reason>
              </test-case>
              <test-case id="0-4729" name="NegativeEqualityTestWithTolerance(01/30/2014 09:19:56 +03:01,01/30/2014 09:19:56 +03:00)" fullname="NUnit.Framework.Constraints.EqualConstraintTests+DateTimeOffsetShouldBeSame.NegativeEqualityTestWithTolerance(01/30/2014 09:19:56 +03:01,01/30/2014 09:19:56 +03:00)" methodname="NegativeEqualityTestWithTolerance" classname="NUnit.Framework.Constraints.EqualConstraintTests+DateTimeOffsetShouldBeSame" runstate="Runnable" seed="1965064139" result="Inconclusive" start-time="2016-02-19 11:52:45Z" end-time="2016-02-19 11:52:45Z" duration="0.000587" asserts="0">
                <reason>
                  <message><![CDATA[  Expected: True
  But was:  False
]]></message>
                </reason>
              </test-case>
              <test-case id="0-4730" name="NegativeEqualityTestWithTolerance(01/30/2014 09:19:56 +03:01,01/30/2014 09:19:56 +03:01)" fullname="NUnit.Framework.Constraints.EqualConstraintTests+DateTimeOffsetShouldBeSame.NegativeEqualityTestWithTolerance(01/30/2014 09:19:56 +03:01,01/30/2014 09:19:56 +03:01)" methodname="NegativeEqualityTestWithTolerance" classname="NUnit.Framework.Constraints.EqualConstraintTests+DateTimeOffsetShouldBeSame" runstate="Runnable" seed="457591323" result="Inconclusive" start-time="2016-02-19 11:52:45Z" end-time="2016-02-19 11:52:45Z" duration="0.000631" asserts="0">
                <reason>
                  <message><![CDATA[  Expected: True
  But was:  False
]]></message>
                </reason>
              </test-case>
              <test-case id="0-4731" name="NegativeEqualityTestWithTolerance(01/30/2014 09:19:56 +03:01,01/30/2014 09:19:55 +03:00)" fullname="NUnit.Framework.Constraints.EqualConstraintTests+DateTimeOffsetShouldBeSame.NegativeEqualityTestWithTolerance(01/30/2014 09:19:56 +03:01,01/30/2014 09:19:55 +03:00)" methodname="NegativeEqualityTestWithTolerance" classname="NUnit.Framework.Constraints.EqualConstraintTests+DateTimeOffsetShouldBeSame" runstate="Runnable" seed="1847963219" result="Inconclusive" start-time="2016-02-19 11:52:45Z" end-time="2016-02-19 11:52:45Z" duration="0.000594" asserts="0">
                <reason>
                  <message><![CDATA[  Expected: True
  But was:  False
]]></message>
                </reason>
              </test-case>
              <test-case id="0-4732" name="NegativeEqualityTestWithTolerance(01/30/2014 09:19:56 +03:01,01/30/2014 09:19:55 +03:50)" fullname="NUnit.Framework.Constraints.EqualConstraintTests+DateTimeOffsetShouldBeSame.NegativeEqualityTestWithTolerance(01/30/2014 09:19:56 +03:01,01/30/2014 09:19:55 +03:50)" methodname="NegativeEqualityTestWithTolerance" classname="NUnit.Framework.Constraints.EqualConstraintTests+DateTimeOffsetShouldBeSame" runstate="Runnable" seed="132752253" result="Passed" start-time="2016-02-19 11:52:45Z" end-time="2016-02-19 11:52:45Z" duration="0.000112" asserts="1" />
              <test-case id="0-4733" name="NegativeEqualityTestWithTolerance(01/30/2014 09:19:55 +03:00,01/30/2014 12:34:56 +06:15)" fullname="NUnit.Framework.Constraints.EqualConstraintTests+DateTimeOffsetShouldBeSame.NegativeEqualityTestWithTolerance(01/30/2014 09:19:55 +03:00,01/30/2014 12:34:56 +06:15)" methodname="NegativeEqualityTestWithTolerance" classname="NUnit.Framework.Constraints.EqualConstraintTests+DateTimeOffsetShouldBeSame" runstate="Runnable" seed="573612556" result="Inconclusive" start-time="2016-02-19 11:52:45Z" end-time="2016-02-19 11:52:45Z" duration="0.000648" asserts="0">
                <reason>
                  <message><![CDATA[  Expected: True
  But was:  False
]]></message>
                </reason>
              </test-case>
              <test-case id="0-4734" name="NegativeEqualityTestWithTolerance(01/30/2014 09:19:55 +03:00,01/30/2014 09:19:56 +03:00)" fullname="NUnit.Framework.Constraints.EqualConstraintTests+DateTimeOffsetShouldBeSame.NegativeEqualityTestWithTolerance(01/30/2014 09:19:55 +03:00,01/30/2014 09:19:56 +03:00)" methodname="NegativeEqualityTestWithTolerance" classname="NUnit.Framework.Constraints.EqualConstraintTests+DateTimeOffsetShouldBeSame" runstate="Runnable" seed="813790339" result="Inconclusive" start-time="2016-02-19 11:52:45Z" end-time="2016-02-19 11:52:45Z" duration="0.000583" asserts="0">
                <reason>
                  <message><![CDATA[  Expected: True
  But was:  False
]]></message>
                </reason>
              </test-case>
              <test-case id="0-4735" name="NegativeEqualityTestWithTolerance(01/30/2014 09:19:55 +03:00,01/30/2014 09:19:56 +03:01)" fullname="NUnit.Framework.Constraints.EqualConstraintTests+DateTimeOffsetShouldBeSame.NegativeEqualityTestWithTolerance(01/30/2014 09:19:55 +03:00,01/30/2014 09:19:56 +03:01)" methodname="NegativeEqualityTestWithTolerance" classname="NUnit.Framework.Constraints.EqualConstraintTests+DateTimeOffsetShouldBeSame" runstate="Runnable" seed="118275988" result="Inconclusive" start-time="2016-02-19 11:52:45Z" end-time="2016-02-19 11:52:45Z" duration="0.000567" asserts="0">
                <reason>
                  <message><![CDATA[  Expected: True
  But was:  False
]]></message>
                </reason>
              </test-case>
              <test-case id="0-4736" name="NegativeEqualityTestWithTolerance(01/30/2014 09:19:55 +03:00,01/30/2014 09:19:55 +03:00)" fullname="NUnit.Framework.Constraints.EqualConstraintTests+DateTimeOffsetShouldBeSame.NegativeEqualityTestWithTolerance(01/30/2014 09:19:55 +03:00,01/30/2014 09:19:55 +03:00)" methodname="NegativeEqualityTestWithTolerance" classname="NUnit.Framework.Constraints.EqualConstraintTests+DateTimeOffsetShouldBeSame" runstate="Runnable" seed="71055694" result="Inconclusive" start-time="2016-02-19 11:52:45Z" end-time="2016-02-19 11:52:45Z" duration="0.001527" asserts="0">
                <reason>
                  <message><![CDATA[  Expected: True
  But was:  False
]]></message>
                </reason>
              </test-case>
              <test-case id="0-4737" name="NegativeEqualityTestWithTolerance(01/30/2014 09:19:55 +03:00,01/30/2014 09:19:55 +03:50)" fullname="NUnit.Framework.Constraints.EqualConstraintTests+DateTimeOffsetShouldBeSame.NegativeEqualityTestWithTolerance(01/30/2014 09:19:55 +03:00,01/30/2014 09:19:55 +03:50)" methodname="NegativeEqualityTestWithTolerance" classname="NUnit.Framework.Constraints.EqualConstraintTests+DateTimeOffsetShouldBeSame" runstate="Runnable" seed="99854657" result="Passed" start-time="2016-02-19 11:52:45Z" end-time="2016-02-19 11:52:45Z" duration="0.000112" asserts="1" />
              <test-case id="0-4738" name="NegativeEqualityTestWithTolerance(01/30/2014 09:19:55 +03:50,01/30/2014 12:34:56 +06:15)" fullname="NUnit.Framework.Constraints.EqualConstraintTests+DateTimeOffsetShouldBeSame.NegativeEqualityTestWithTolerance(01/30/2014 09:19:55 +03:50,01/30/2014 12:34:56 +06:15)" methodname="NegativeEqualityTestWithTolerance" classname="NUnit.Framework.Constraints.EqualConstraintTests+DateTimeOffsetShouldBeSame" runstate="Runnable" seed="330638458" result="Passed" start-time="2016-02-19 11:52:45Z" end-time="2016-02-19 11:52:45Z" duration="0.000073" asserts="1" />
              <test-case id="0-4739" name="NegativeEqualityTestWithTolerance(01/30/2014 09:19:55 +03:50,01/30/2014 09:19:56 +03:00)" fullname="NUnit.Framework.Constraints.EqualConstraintTests+DateTimeOffsetShouldBeSame.NegativeEqualityTestWithTolerance(01/30/2014 09:19:55 +03:50,01/30/2014 09:19:56 +03:00)" methodname="NegativeEqualityTestWithTolerance" classname="NUnit.Framework.Constraints.EqualConstraintTests+DateTimeOffsetShouldBeSame" runstate="Runnable" seed="1387895748" result="Passed" start-time="2016-02-19 11:52:45Z" end-time="2016-02-19 11:52:45Z" duration="0.000071" asserts="1" />
              <test-case id="0-4740" name="NegativeEqualityTestWithTolerance(01/30/2014 09:19:55 +03:50,01/30/2014 09:19:56 +03:01)" fullname="NUnit.Framework.Constraints.EqualConstraintTests+DateTimeOffsetShouldBeSame.NegativeEqualityTestWithTolerance(01/30/2014 09:19:55 +03:50,01/30/2014 09:19:56 +03:01)" methodname="NegativeEqualityTestWithTolerance" classname="NUnit.Framework.Constraints.EqualConstraintTests+DateTimeOffsetShouldBeSame" runstate="Runnable" seed="1884095292" result="Passed" start-time="2016-02-19 11:52:45Z" end-time="2016-02-19 11:52:45Z" duration="0.000075" asserts="1" />
              <test-case id="0-4741" name="NegativeEqualityTestWithTolerance(01/30/2014 09:19:55 +03:50,01/30/2014 09:19:55 +03:00)" fullname="NUnit.Framework.Constraints.EqualConstraintTests+DateTimeOffsetShouldBeSame.NegativeEqualityTestWithTolerance(01/30/2014 09:19:55 +03:50,01/30/2014 09:19:55 +03:00)" methodname="NegativeEqualityTestWithTolerance" classname="NUnit.Framework.Constraints.EqualConstraintTests+DateTimeOffsetShouldBeSame" runstate="Runnable" seed="1358778957" result="Passed" start-time="2016-02-19 11:52:45Z" end-time="2016-02-19 11:52:45Z" duration="0.000075" asserts="1" />
              <test-case id="0-4742" name="NegativeEqualityTestWithTolerance(01/30/2014 09:19:55 +03:50,01/30/2014 09:19:55 +03:50)" fullname="NUnit.Framework.Constraints.EqualConstraintTests+DateTimeOffsetShouldBeSame.NegativeEqualityTestWithTolerance(01/30/2014 09:19:55 +03:50,01/30/2014 09:19:55 +03:50)" methodname="NegativeEqualityTestWithTolerance" classname="NUnit.Framework.Constraints.EqualConstraintTests+DateTimeOffsetShouldBeSame" runstate="Runnable" seed="1967391628" result="Inconclusive" start-time="2016-02-19 11:52:45Z" end-time="2016-02-19 11:52:45Z" duration="0.000675" asserts="0">
                <reason>
                  <message><![CDATA[  Expected: True
  But was:  False
]]></message>
                </reason>
              </test-case>
            </test-suite>
            <test-suite type="Theory" id="0-4769" name="NegativeEqualityTestWithToleranceAndWithSameOffset" fullname="NUnit.Framework.Constraints.EqualConstraintTests+DateTimeOffsetShouldBeSame.NegativeEqualityTestWithToleranceAndWithSameOffset" runstate="Runnable" testcasecount="25" result="Passed" start-time="2016-02-19 11:52:45Z" end-time="2016-02-19 11:52:45Z" duration="0.019583" total="25" passed="8" failed="0" inconclusive="17" skipped="0" asserts="8">
              <properties>
                <property name="_JOINTYPE" value="Combinatorial" />
              </properties>
              <test-case id="0-4744" name="NegativeEqualityTestWithToleranceAndWithSameOffset(01/30/2014 12:34:56 +06:15,01/30/2014 12:34:56 +06:15)" fullname="NUnit.Framework.Constraints.EqualConstraintTests+DateTimeOffsetShouldBeSame.NegativeEqualityTestWithToleranceAndWithSameOffset(01/30/2014 12:34:56 +06:15,01/30/2014 12:34:56 +06:15)" methodname="NegativeEqualityTestWithToleranceAndWithSameOffset" classname="NUnit.Framework.Constraints.EqualConstraintTests+DateTimeOffsetShouldBeSame" runstate="Runnable" seed="1887921577" result="Inconclusive" start-time="2016-02-19 11:52:45Z" end-time="2016-02-19 11:52:45Z" duration="0.004065" asserts="0">
                <reason>
                  <message><![CDATA[  Expected: True
  But was:  False
]]></message>
                </reason>
              </test-case>
              <test-case id="0-4745" name="NegativeEqualityTestWithToleranceAndWithSameOffset(01/30/2014 12:34:56 +06:15,01/30/2014 09:19:56 +03:00)" fullname="NUnit.Framework.Constraints.EqualConstraintTests+DateTimeOffsetShouldBeSame.NegativeEqualityTestWithToleranceAndWithSameOffset(01/30/2014 12:34:56 +06:15,01/30/2014 09:19:56 +03:00)" methodname="NegativeEqualityTestWithToleranceAndWithSameOffset" classname="NUnit.Framework.Constraints.EqualConstraintTests+DateTimeOffsetShouldBeSame" runstate="Runnable" seed="992420683" result="Inconclusive" start-time="2016-02-19 11:52:45Z" end-time="2016-02-19 11:52:45Z" duration="0.000687" asserts="0">
                <reason>
                  <message><![CDATA[  Expected: True
  But was:  False
]]></message>
                </reason>
              </test-case>
              <test-case id="0-4746" name="NegativeEqualityTestWithToleranceAndWithSameOffset(01/30/2014 12:34:56 +06:15,01/30/2014 09:19:56 +03:01)" fullname="NUnit.Framework.Constraints.EqualConstraintTests+DateTimeOffsetShouldBeSame.NegativeEqualityTestWithToleranceAndWithSameOffset(01/30/2014 12:34:56 +06:15,01/30/2014 09:19:56 +03:01)" methodname="NegativeEqualityTestWithToleranceAndWithSameOffset" classname="NUnit.Framework.Constraints.EqualConstraintTests+DateTimeOffsetShouldBeSame" runstate="Runnable" seed="1919356045" result="Inconclusive" start-time="2016-02-19 11:52:45Z" end-time="2016-02-19 11:52:45Z" duration="0.000575" asserts="0">
                <reason>
                  <message><![CDATA[  Expected: True
  But was:  False
]]></message>
                </reason>
              </test-case>
              <test-case id="0-4747" name="NegativeEqualityTestWithToleranceAndWithSameOffset(01/30/2014 12:34:56 +06:15,01/30/2014 09:19:55 +03:00)" fullname="NUnit.Framework.Constraints.EqualConstraintTests+DateTimeOffsetShouldBeSame.NegativeEqualityTestWithToleranceAndWithSameOffset(01/30/2014 12:34:56 +06:15,01/30/2014 09:19:55 +03:00)" methodname="NegativeEqualityTestWithToleranceAndWithSameOffset" classname="NUnit.Framework.Constraints.EqualConstraintTests+DateTimeOffsetShouldBeSame" runstate="Runnable" seed="38770288" result="Inconclusive" start-time="2016-02-19 11:52:45Z" end-time="2016-02-19 11:52:45Z" duration="0.000616" asserts="0">
                <reason>
                  <message><![CDATA[  Expected: True
  But was:  False
]]></message>
                </reason>
              </test-case>
              <test-case id="0-4748" name="NegativeEqualityTestWithToleranceAndWithSameOffset(01/30/2014 12:34:56 +06:15,01/30/2014 09:19:55 +03:50)" fullname="NUnit.Framework.Constraints.EqualConstraintTests+DateTimeOffsetShouldBeSame.NegativeEqualityTestWithToleranceAndWithSameOffset(01/30/2014 12:34:56 +06:15,01/30/2014 09:19:55 +03:50)" methodname="NegativeEqualityTestWithToleranceAndWithSameOffset" classname="NUnit.Framework.Constraints.EqualConstraintTests+DateTimeOffsetShouldBeSame" runstate="Runnable" seed="1135001810" result="Passed" start-time="2016-02-19 11:52:45Z" end-time="2016-02-19 11:52:45Z" duration="0.000109" asserts="1" />
              <test-case id="0-4749" name="NegativeEqualityTestWithToleranceAndWithSameOffset(01/30/2014 09:19:56 +03:00,01/30/2014 12:34:56 +06:15)" fullname="NUnit.Framework.Constraints.EqualConstraintTests+DateTimeOffsetShouldBeSame.NegativeEqualityTestWithToleranceAndWithSameOffset(01/30/2014 09:19:56 +03:00,01/30/2014 12:34:56 +06:15)" methodname="NegativeEqualityTestWithToleranceAndWithSameOffset" classname="NUnit.Framework.Constraints.EqualConstraintTests+DateTimeOffsetShouldBeSame" runstate="Runnable" seed="359161601" result="Inconclusive" start-time="2016-02-19 11:52:45Z" end-time="2016-02-19 11:52:45Z" duration="0.000627" asserts="0">
                <reason>
                  <message><![CDATA[  Expected: True
  But was:  False
]]></message>
                </reason>
              </test-case>
              <test-case id="0-4750" name="NegativeEqualityTestWithToleranceAndWithSameOffset(01/30/2014 09:19:56 +03:00,01/30/2014 09:19:56 +03:00)" fullname="NUnit.Framework.Constraints.EqualConstraintTests+DateTimeOffsetShouldBeSame.NegativeEqualityTestWithToleranceAndWithSameOffset(01/30/2014 09:19:56 +03:00,01/30/2014 09:19:56 +03:00)" methodname="NegativeEqualityTestWithToleranceAndWithSameOffset" classname="NUnit.Framework.Constraints.EqualConstraintTests+DateTimeOffsetShouldBeSame" runstate="Runnable" seed="2002923222" result="Inconclusive" start-time="2016-02-19 11:52:45Z" end-time="2016-02-19 11:52:45Z" duration="0.000682" asserts="0">
                <reason>
                  <message><![CDATA[  Expected: True
  But was:  False
]]></message>
                </reason>
              </test-case>
              <test-case id="0-4751" name="NegativeEqualityTestWithToleranceAndWithSameOffset(01/30/2014 09:19:56 +03:00,01/30/2014 09:19:56 +03:01)" fullname="NUnit.Framework.Constraints.EqualConstraintTests+DateTimeOffsetShouldBeSame.NegativeEqualityTestWithToleranceAndWithSameOffset(01/30/2014 09:19:56 +03:00,01/30/2014 09:19:56 +03:01)" methodname="NegativeEqualityTestWithToleranceAndWithSameOffset" classname="NUnit.Framework.Constraints.EqualConstraintTests+DateTimeOffsetShouldBeSame" runstate="Runnable" seed="922656831" result="Inconclusive" start-time="2016-02-19 11:52:45Z" end-time="2016-02-19 11:52:45Z" duration="0.000596" asserts="0">
                <reason>
                  <message><![CDATA[  Expected: True
  But was:  False
]]></message>
                </reason>
              </test-case>
              <test-case id="0-4752" name="NegativeEqualityTestWithToleranceAndWithSameOffset(01/30/2014 09:19:56 +03:00,01/30/2014 09:19:55 +03:00)" fullname="NUnit.Framework.Constraints.EqualConstraintTests+DateTimeOffsetShouldBeSame.NegativeEqualityTestWithToleranceAndWithSameOffset(01/30/2014 09:19:56 +03:00,01/30/2014 09:19:55 +03:00)" methodname="NegativeEqualityTestWithToleranceAndWithSameOffset" classname="NUnit.Framework.Constraints.EqualConstraintTests+DateTimeOffsetShouldBeSame" runstate="Runnable" seed="869927046" result="Inconclusive" start-time="2016-02-19 11:52:45Z" end-time="2016-02-19 11:52:45Z" duration="0.000594" asserts="0">
                <reason>
                  <message><![CDATA[  Expected: True
  But was:  False
]]></message>
                </reason>
              </test-case>
              <test-case id="0-4753" name="NegativeEqualityTestWithToleranceAndWithSameOffset(01/30/2014 09:19:56 +03:00,01/30/2014 09:19:55 +03:50)" fullname="NUnit.Framework.Constraints.EqualConstraintTests+DateTimeOffsetShouldBeSame.NegativeEqualityTestWithToleranceAndWithSameOffset(01/30/2014 09:19:56 +03:00,01/30/2014 09:19:55 +03:50)" methodname="NegativeEqualityTestWithToleranceAndWithSameOffset" classname="NUnit.Framework.Constraints.EqualConstraintTests+DateTimeOffsetShouldBeSame" runstate="Runnable" seed="557733641" result="Passed" start-time="2016-02-19 11:52:45Z" end-time="2016-02-19 11:52:45Z" duration="0.000106" asserts="1" />
              <test-case id="0-4754" name="NegativeEqualityTestWithToleranceAndWithSameOffset(01/30/2014 09:19:56 +03:01,01/30/2014 12:34:56 +06:15)" fullname="NUnit.Framework.Constraints.EqualConstraintTests+DateTimeOffsetShouldBeSame.NegativeEqualityTestWithToleranceAndWithSameOffset(01/30/2014 09:19:56 +03:01,01/30/2014 12:34:56 +06:15)" methodname="NegativeEqualityTestWithToleranceAndWithSameOffset" classname="NUnit.Framework.Constraints.EqualConstraintTests+DateTimeOffsetShouldBeSame" runstate="Runnable" seed="559075855" result="Inconclusive" start-time="2016-02-19 11:52:45Z" end-time="2016-02-19 11:52:45Z" duration="0.000623" asserts="0">
                <reason>
                  <message><![CDATA[  Expected: True
  But was:  False
]]></message>
                </reason>
              </test-case>
              <test-case id="0-4755" name="NegativeEqualityTestWithToleranceAndWithSameOffset(01/30/2014 09:19:56 +03:01,01/30/2014 09:19:56 +03:00)" fullname="NUnit.Framework.Constraints.EqualConstraintTests+DateTimeOffsetShouldBeSame.NegativeEqualityTestWithToleranceAndWithSameOffset(01/30/2014 09:19:56 +03:01,01/30/2014 09:19:56 +03:00)" methodname="NegativeEqualityTestWithToleranceAndWithSameOffset" classname="NUnit.Framework.Constraints.EqualConstraintTests+DateTimeOffsetShouldBeSame" runstate="Runnable" seed="943164773" result="Inconclusive" start-time="2016-02-19 11:52:45Z" end-time="2016-02-19 11:52:45Z" duration="0.000628" asserts="0">
                <reason>
                  <message><![CDATA[  Expected: True
  But was:  False
]]></message>
                </reason>
              </test-case>
              <test-case id="0-4756" name="NegativeEqualityTestWithToleranceAndWithSameOffset(01/30/2014 09:19:56 +03:01,01/30/2014 09:19:56 +03:01)" fullname="NUnit.Framework.Constraints.EqualConstraintTests+DateTimeOffsetShouldBeSame.NegativeEqualityTestWithToleranceAndWithSameOffset(01/30/2014 09:19:56 +03:01,01/30/2014 09:19:56 +03:01)" methodname="NegativeEqualityTestWithToleranceAndWithSameOffset" classname="NUnit.Framework.Constraints.EqualConstraintTests+DateTimeOffsetShouldBeSame" runstate="Runnable" seed="1248137749" result="Inconclusive" start-time="2016-02-19 11:52:45Z" end-time="2016-02-19 11:52:45Z" duration="0.000636" asserts="0">
                <reason>
                  <message><![CDATA[  Expected: True
  But was:  False
]]></message>
                </reason>
              </test-case>
              <test-case id="0-4757" name="NegativeEqualityTestWithToleranceAndWithSameOffset(01/30/2014 09:19:56 +03:01,01/30/2014 09:19:55 +03:00)" fullname="NUnit.Framework.Constraints.EqualConstraintTests+DateTimeOffsetShouldBeSame.NegativeEqualityTestWithToleranceAndWithSameOffset(01/30/2014 09:19:56 +03:01,01/30/2014 09:19:55 +03:00)" methodname="NegativeEqualityTestWithToleranceAndWithSameOffset" classname="NUnit.Framework.Constraints.EqualConstraintTests+DateTimeOffsetShouldBeSame" runstate="Runnable" seed="117968407" result="Inconclusive" start-time="2016-02-19 11:52:45Z" end-time="2016-02-19 11:52:45Z" duration="0.000618" asserts="0">
                <reason>
                  <message><![CDATA[  Expected: True
  But was:  False
]]></message>
                </reason>
              </test-case>
              <test-case id="0-4758" name="NegativeEqualityTestWithToleranceAndWithSameOffset(01/30/2014 09:19:56 +03:01,01/30/2014 09:19:55 +03:50)" fullname="NUnit.Framework.Constraints.EqualConstraintTests+DateTimeOffsetShouldBeSame.NegativeEqualityTestWithToleranceAndWithSameOffset(01/30/2014 09:19:56 +03:01,01/30/2014 09:19:55 +03:50)" methodname="NegativeEqualityTestWithToleranceAndWithSameOffset" classname="NUnit.Framework.Constraints.EqualConstraintTests+DateTimeOffsetShouldBeSame" runstate="Runnable" seed="792612958" result="Passed" start-time="2016-02-19 11:52:45Z" end-time="2016-02-19 11:52:45Z" duration="0.000100" asserts="1" />
              <test-case id="0-4759" name="NegativeEqualityTestWithToleranceAndWithSameOffset(01/30/2014 09:19:55 +03:00,01/30/2014 12:34:56 +06:15)" fullname="NUnit.Framework.Constraints.EqualConstraintTests+DateTimeOffsetShouldBeSame.NegativeEqualityTestWithToleranceAndWithSameOffset(01/30/2014 09:19:55 +03:00,01/30/2014 12:34:56 +06:15)" methodname="NegativeEqualityTestWithToleranceAndWithSameOffset" classname="NUnit.Framework.Constraints.EqualConstraintTests+DateTimeOffsetShouldBeSame" runstate="Runnable" seed="19782245" result="Inconclusive" start-time="2016-02-19 11:52:45Z" end-time="2016-02-19 11:52:45Z" duration="0.000643" asserts="0">
                <reason>
                  <message><![CDATA[  Expected: True
  But was:  False
]]></message>
                </reason>
              </test-case>
              <test-case id="0-4760" name="NegativeEqualityTestWithToleranceAndWithSameOffset(01/30/2014 09:19:55 +03:00,01/30/2014 09:19:56 +03:00)" fullname="NUnit.Framework.Constraints.EqualConstraintTests+DateTimeOffsetShouldBeSame.NegativeEqualityTestWithToleranceAndWithSameOffset(01/30/2014 09:19:55 +03:00,01/30/2014 09:19:56 +03:00)" methodname="NegativeEqualityTestWithToleranceAndWithSameOffset" classname="NUnit.Framework.Constraints.EqualConstraintTests+DateTimeOffsetShouldBeSame" runstate="Runnable" seed="992924943" result="Inconclusive" start-time="2016-02-19 11:52:45Z" end-time="2016-02-19 11:52:45Z" duration="0.001687" asserts="0">
                <reason>
                  <message><![CDATA[  Expected: True
  But was:  False
]]></message>
                </reason>
              </test-case>
              <test-case id="0-4761" name="NegativeEqualityTestWithToleranceAndWithSameOffset(01/30/2014 09:19:55 +03:00,01/30/2014 09:19:56 +03:01)" fullname="NUnit.Framework.Constraints.EqualConstraintTests+DateTimeOffsetShouldBeSame.NegativeEqualityTestWithToleranceAndWithSameOffset(01/30/2014 09:19:55 +03:00,01/30/2014 09:19:56 +03:01)" methodname="NegativeEqualityTestWithToleranceAndWithSameOffset" classname="NUnit.Framework.Constraints.EqualConstraintTests+DateTimeOffsetShouldBeSame" runstate="Runnable" seed="444513283" result="Inconclusive" start-time="2016-02-19 11:52:45Z" end-time="2016-02-19 11:52:45Z" duration="0.000623" asserts="0">
                <reason>
                  <message><![CDATA[  Expected: True
  But was:  False
]]></message>
                </reason>
              </test-case>
              <test-case id="0-4762" name="NegativeEqualityTestWithToleranceAndWithSameOffset(01/30/2014 09:19:55 +03:00,01/30/2014 09:19:55 +03:00)" fullname="NUnit.Framework.Constraints.EqualConstraintTests+DateTimeOffsetShouldBeSame.NegativeEqualityTestWithToleranceAndWithSameOffset(01/30/2014 09:19:55 +03:00,01/30/2014 09:19:55 +03:00)" methodname="NegativeEqualityTestWithToleranceAndWithSameOffset" classname="NUnit.Framework.Constraints.EqualConstraintTests+DateTimeOffsetShouldBeSame" runstate="Runnable" seed="1804751559" result="Inconclusive" start-time="2016-02-19 11:52:45Z" end-time="2016-02-19 11:52:45Z" duration="0.000609" asserts="0">
                <reason>
                  <message><![CDATA[  Expected: True
  But was:  False
]]></message>
                </reason>
              </test-case>
              <test-case id="0-4763" name="NegativeEqualityTestWithToleranceAndWithSameOffset(01/30/2014 09:19:55 +03:00,01/30/2014 09:19:55 +03:50)" fullname="NUnit.Framework.Constraints.EqualConstraintTests+DateTimeOffsetShouldBeSame.NegativeEqualityTestWithToleranceAndWithSameOffset(01/30/2014 09:19:55 +03:00,01/30/2014 09:19:55 +03:50)" methodname="NegativeEqualityTestWithToleranceAndWithSameOffset" classname="NUnit.Framework.Constraints.EqualConstraintTests+DateTimeOffsetShouldBeSame" runstate="Runnable" seed="687025176" result="Passed" start-time="2016-02-19 11:52:45Z" end-time="2016-02-19 11:52:45Z" duration="0.000096" asserts="1" />
              <test-case id="0-4764" name="NegativeEqualityTestWithToleranceAndWithSameOffset(01/30/2014 09:19:55 +03:50,01/30/2014 12:34:56 +06:15)" fullname="NUnit.Framework.Constraints.EqualConstraintTests+DateTimeOffsetShouldBeSame.NegativeEqualityTestWithToleranceAndWithSameOffset(01/30/2014 09:19:55 +03:50,01/30/2014 12:34:56 +06:15)" methodname="NegativeEqualityTestWithToleranceAndWithSameOffset" classname="NUnit.Framework.Constraints.EqualConstraintTests+DateTimeOffsetShouldBeSame" runstate="Runnable" seed="957353514" result="Passed" start-time="2016-02-19 11:52:45Z" end-time="2016-02-19 11:52:45Z" duration="0.000079" asserts="1" />
              <test-case id="0-4765" name="NegativeEqualityTestWithToleranceAndWithSameOffset(01/30/2014 09:19:55 +03:50,01/30/2014 09:19:56 +03:00)" fullname="NUnit.Framework.Constraints.EqualConstraintTests+DateTimeOffsetShouldBeSame.NegativeEqualityTestWithToleranceAndWithSameOffset(01/30/2014 09:19:55 +03:50,01/30/2014 09:19:56 +03:00)" methodname="NegativeEqualityTestWithToleranceAndWithSameOffset" classname="NUnit.Framework.Constraints.EqualConstraintTests+DateTimeOffsetShouldBeSame" runstate="Runnable" seed="1959333624" result="Passed" start-time="2016-02-19 11:52:45Z" end-time="2016-02-19 11:52:45Z" duration="0.000078" asserts="1" />
              <test-case id="0-4766" name="NegativeEqualityTestWithToleranceAndWithSameOffset(01/30/2014 09:19:55 +03:50,01/30/2014 09:19:56 +03:01)" fullname="NUnit.Framework.Constraints.EqualConstraintTests+DateTimeOffsetShouldBeSame.NegativeEqualityTestWithToleranceAndWithSameOffset(01/30/2014 09:19:55 +03:50,01/30/2014 09:19:56 +03:01)" methodname="NegativeEqualityTestWithToleranceAndWithSameOffset" classname="NUnit.Framework.Constraints.EqualConstraintTests+DateTimeOffsetShouldBeSame" runstate="Runnable" seed="793636072" result="Passed" start-time="2016-02-19 11:52:45Z" end-time="2016-02-19 11:52:45Z" duration="0.000079" asserts="1" />
              <test-case id="0-4767" name="NegativeEqualityTestWithToleranceAndWithSameOffset(01/30/2014 09:19:55 +03:50,01/30/2014 09:19:55 +03:00)" fullname="NUnit.Framework.Constraints.EqualConstraintTests+DateTimeOffsetShouldBeSame.NegativeEqualityTestWithToleranceAndWithSameOffset(01/30/2014 09:19:55 +03:50,01/30/2014 09:19:55 +03:00)" methodname="NegativeEqualityTestWithToleranceAndWithSameOffset" classname="NUnit.Framework.Constraints.EqualConstraintTests+DateTimeOffsetShouldBeSame" runstate="Runnable" seed="912159310" result="Passed" start-time="2016-02-19 11:52:45Z" end-time="2016-02-19 11:52:45Z" duration="0.000073" asserts="1" />
              <test-case id="0-4768" name="NegativeEqualityTestWithToleranceAndWithSameOffset(01/30/2014 09:19:55 +03:50,01/30/2014 09:19:55 +03:50)" fullname="NUnit.Framework.Constraints.EqualConstraintTests+DateTimeOffsetShouldBeSame.NegativeEqualityTestWithToleranceAndWithSameOffset(01/30/2014 09:19:55 +03:50,01/30/2014 09:19:55 +03:50)" methodname="NegativeEqualityTestWithToleranceAndWithSameOffset" classname="NUnit.Framework.Constraints.EqualConstraintTests+DateTimeOffsetShouldBeSame" runstate="Runnable" seed="603301573" result="Inconclusive" start-time="2016-02-19 11:52:45Z" end-time="2016-02-19 11:52:45Z" duration="0.000749" asserts="0">
                <reason>
                  <message><![CDATA[  Expected: True
  But was:  False
]]></message>
                </reason>
              </test-case>
            </test-suite>
            <test-suite type="Theory" id="0-4665" name="PositiveEqualityTest" fullname="NUnit.Framework.Constraints.EqualConstraintTests+DateTimeOffsetShouldBeSame.PositiveEqualityTest" runstate="Runnable" testcasecount="25" result="Passed" start-time="2016-02-19 11:52:45Z" end-time="2016-02-19 11:52:45Z" duration="0.019783" total="25" passed="7" failed="0" inconclusive="18" skipped="0" asserts="7">
              <properties>
                <property name="_JOINTYPE" value="Combinatorial" />
              </properties>
              <test-case id="0-4640" name="PositiveEqualityTest(01/30/2014 12:34:56 +06:15,01/30/2014 12:34:56 +06:15)" fullname="NUnit.Framework.Constraints.EqualConstraintTests+DateTimeOffsetShouldBeSame.PositiveEqualityTest(01/30/2014 12:34:56 +06:15,01/30/2014 12:34:56 +06:15)" methodname="PositiveEqualityTest" classname="NUnit.Framework.Constraints.EqualConstraintTests+DateTimeOffsetShouldBeSame" runstate="Runnable" seed="1861139787" result="Passed" start-time="2016-02-19 11:52:45Z" end-time="2016-02-19 11:52:45Z" duration="0.000718" asserts="1" />
              <test-case id="0-4641" name="PositiveEqualityTest(01/30/2014 12:34:56 +06:15,01/30/2014 09:19:56 +03:00)" fullname="NUnit.Framework.Constraints.EqualConstraintTests+DateTimeOffsetShouldBeSame.PositiveEqualityTest(01/30/2014 12:34:56 +06:15,01/30/2014 09:19:56 +03:00)" methodname="PositiveEqualityTest" classname="NUnit.Framework.Constraints.EqualConstraintTests+DateTimeOffsetShouldBeSame" runstate="Runnable" seed="19941831" result="Passed" start-time="2016-02-19 11:52:45Z" end-time="2016-02-19 11:52:45Z" duration="0.000073" asserts="1" />
              <test-case id="0-4642" name="PositiveEqualityTest(01/30/2014 12:34:56 +06:15,01/30/2014 09:19:56 +03:01)" fullname="NUnit.Framework.Constraints.EqualConstraintTests+DateTimeOffsetShouldBeSame.PositiveEqualityTest(01/30/2014 12:34:56 +06:15,01/30/2014 09:19:56 +03:01)" methodname="PositiveEqualityTest" classname="NUnit.Framework.Constraints.EqualConstraintTests+DateTimeOffsetShouldBeSame" runstate="Runnable" seed="89531250" result="Inconclusive" start-time="2016-02-19 11:52:45Z" end-time="2016-02-19 11:52:45Z" duration="0.001851" asserts="0">
                <reason>
                  <message><![CDATA[  Expected: True
  But was:  False
]]></message>
                </reason>
              </test-case>
              <test-case id="0-4643" name="PositiveEqualityTest(01/30/2014 12:34:56 +06:15,01/30/2014 09:19:55 +03:00)" fullname="NUnit.Framework.Constraints.EqualConstraintTests+DateTimeOffsetShouldBeSame.PositiveEqualityTest(01/30/2014 12:34:56 +06:15,01/30/2014 09:19:55 +03:00)" methodname="PositiveEqualityTest" classname="NUnit.Framework.Constraints.EqualConstraintTests+DateTimeOffsetShouldBeSame" runstate="Runnable" seed="813111602" result="Inconclusive" start-time="2016-02-19 11:52:45Z" end-time="2016-02-19 11:52:45Z" duration="0.000664" asserts="0">
                <reason>
                  <message><![CDATA[  Expected: True
  But was:  False
]]></message>
                </reason>
              </test-case>
              <test-case id="0-4644" name="PositiveEqualityTest(01/30/2014 12:34:56 +06:15,01/30/2014 09:19:55 +03:50)" fullname="NUnit.Framework.Constraints.EqualConstraintTests+DateTimeOffsetShouldBeSame.PositiveEqualityTest(01/30/2014 12:34:56 +06:15,01/30/2014 09:19:55 +03:50)" methodname="PositiveEqualityTest" classname="NUnit.Framework.Constraints.EqualConstraintTests+DateTimeOffsetShouldBeSame" runstate="Runnable" seed="796776258" result="Inconclusive" start-time="2016-02-19 11:52:45Z" end-time="2016-02-19 11:52:45Z" duration="0.000598" asserts="0">
                <reason>
                  <message><![CDATA[  Expected: True
  But was:  False
]]></message>
                </reason>
              </test-case>
              <test-case id="0-4645" name="PositiveEqualityTest(01/30/2014 09:19:56 +03:00,01/30/2014 12:34:56 +06:15)" fullname="NUnit.Framework.Constraints.EqualConstraintTests+DateTimeOffsetShouldBeSame.PositiveEqualityTest(01/30/2014 09:19:56 +03:00,01/30/2014 12:34:56 +06:15)" methodname="PositiveEqualityTest" classname="NUnit.Framework.Constraints.EqualConstraintTests+DateTimeOffsetShouldBeSame" runstate="Runnable" seed="1336182158" result="Passed" start-time="2016-02-19 11:52:45Z" end-time="2016-02-19 11:52:45Z" duration="0.000077" asserts="1" />
              <test-case id="0-4646" name="PositiveEqualityTest(01/30/2014 09:19:56 +03:00,01/30/2014 09:19:56 +03:00)" fullname="NUnit.Framework.Constraints.EqualConstraintTests+DateTimeOffsetShouldBeSame.PositiveEqualityTest(01/30/2014 09:19:56 +03:00,01/30/2014 09:19:56 +03:00)" methodname="PositiveEqualityTest" classname="NUnit.Framework.Constraints.EqualConstraintTests+DateTimeOffsetShouldBeSame" runstate="Runnable" seed="366171332" result="Passed" start-time="2016-02-19 11:52:45Z" end-time="2016-02-19 11:52:45Z" duration="0.000058" asserts="1" />
              <test-case id="0-4647" name="PositiveEqualityTest(01/30/2014 09:19:56 +03:00,01/30/2014 09:19:56 +03:01)" fullname="NUnit.Framework.Constraints.EqualConstraintTests+DateTimeOffsetShouldBeSame.PositiveEqualityTest(01/30/2014 09:19:56 +03:00,01/30/2014 09:19:56 +03:01)" methodname="PositiveEqualityTest" classname="NUnit.Framework.Constraints.EqualConstraintTests+DateTimeOffsetShouldBeSame" runstate="Runnable" seed="1096521248" result="Inconclusive" start-time="2016-02-19 11:52:45Z" end-time="2016-02-19 11:52:45Z" duration="0.000599" asserts="0">
                <reason>
                  <message><![CDATA[  Expected: True
  But was:  False
]]></message>
                </reason>
              </test-case>
              <test-case id="0-4648" name="PositiveEqualityTest(01/30/2014 09:19:56 +03:00,01/30/2014 09:19:55 +03:00)" fullname="NUnit.Framework.Constraints.EqualConstraintTests+DateTimeOffsetShouldBeSame.PositiveEqualityTest(01/30/2014 09:19:56 +03:00,01/30/2014 09:19:55 +03:00)" methodname="PositiveEqualityTest" classname="NUnit.Framework.Constraints.EqualConstraintTests+DateTimeOffsetShouldBeSame" runstate="Runnable" seed="1070917265" result="Inconclusive" start-time="2016-02-19 11:52:45Z" end-time="2016-02-19 11:52:45Z" duration="0.000608" asserts="0">
                <reason>
                  <message><![CDATA[  Expected: True
  But was:  False
]]></message>
                </reason>
              </test-case>
              <test-case id="0-4649" name="PositiveEqualityTest(01/30/2014 09:19:56 +03:00,01/30/2014 09:19:55 +03:50)" fullname="NUnit.Framework.Constraints.EqualConstraintTests+DateTimeOffsetShouldBeSame.PositiveEqualityTest(01/30/2014 09:19:56 +03:00,01/30/2014 09:19:55 +03:50)" methodname="PositiveEqualityTest" classname="NUnit.Framework.Constraints.EqualConstraintTests+DateTimeOffsetShouldBeSame" runstate="Runnable" seed="1433202735" result="Inconclusive" start-time="2016-02-19 11:52:45Z" end-time="2016-02-19 11:52:45Z" duration="0.000593" asserts="0">
                <reason>
                  <message><![CDATA[  Expected: True
  But was:  False
]]></message>
                </reason>
              </test-case>
              <test-case id="0-4650" name="PositiveEqualityTest(01/30/2014 09:19:56 +03:01,01/30/2014 12:34:56 +06:15)" fullname="NUnit.Framework.Constraints.EqualConstraintTests+DateTimeOffsetShouldBeSame.PositiveEqualityTest(01/30/2014 09:19:56 +03:01,01/30/2014 12:34:56 +06:15)" methodname="PositiveEqualityTest" classname="NUnit.Framework.Constraints.EqualConstraintTests+DateTimeOffsetShouldBeSame" runstate="Runnable" seed="1628975947" result="Inconclusive" start-time="2016-02-19 11:52:45Z" end-time="2016-02-19 11:52:45Z" duration="0.000642" asserts="0">
                <reason>
                  <message><![CDATA[  Expected: True
  But was:  False
]]></message>
                </reason>
              </test-case>
              <test-case id="0-4651" name="PositiveEqualityTest(01/30/2014 09:19:56 +03:01,01/30/2014 09:19:56 +03:00)" fullname="NUnit.Framework.Constraints.EqualConstraintTests+DateTimeOffsetShouldBeSame.PositiveEqualityTest(01/30/2014 09:19:56 +03:01,01/30/2014 09:19:56 +03:00)" methodname="PositiveEqualityTest" classname="NUnit.Framework.Constraints.EqualConstraintTests+DateTimeOffsetShouldBeSame" runstate="Runnable" seed="2004826116" result="Inconclusive" start-time="2016-02-19 11:52:45Z" end-time="2016-02-19 11:52:45Z" duration="0.000592" asserts="0">
                <reason>
                  <message><![CDATA[  Expected: True
  But was:  False
]]></message>
                </reason>
              </test-case>
              <test-case id="0-4652" name="PositiveEqualityTest(01/30/2014 09:19:56 +03:01,01/30/2014 09:19:56 +03:01)" fullname="NUnit.Framework.Constraints.EqualConstraintTests+DateTimeOffsetShouldBeSame.PositiveEqualityTest(01/30/2014 09:19:56 +03:01,01/30/2014 09:19:56 +03:01)" methodname="PositiveEqualityTest" classname="NUnit.Framework.Constraints.EqualConstraintTests+DateTimeOffsetShouldBeSame" runstate="Runnable" seed="403316411" result="Passed" start-time="2016-02-19 11:52:45Z" end-time="2016-02-19 11:52:45Z" duration="0.000077" asserts="1" />
              <test-case id="0-4653" name="PositiveEqualityTest(01/30/2014 09:19:56 +03:01,01/30/2014 09:19:55 +03:00)" fullname="NUnit.Framework.Constraints.EqualConstraintTests+DateTimeOffsetShouldBeSame.PositiveEqualityTest(01/30/2014 09:19:56 +03:01,01/30/2014 09:19:55 +03:00)" methodname="PositiveEqualityTest" classname="NUnit.Framework.Constraints.EqualConstraintTests+DateTimeOffsetShouldBeSame" runstate="Runnable" seed="996213544" result="Inconclusive" start-time="2016-02-19 11:52:45Z" end-time="2016-02-19 11:52:45Z" duration="0.000656" asserts="0">
                <reason>
                  <message><![CDATA[  Expected: True
  But was:  False
]]></message>
                </reason>
              </test-case>
              <test-case id="0-4654" name="PositiveEqualityTest(01/30/2014 09:19:56 +03:01,01/30/2014 09:19:55 +03:50)" fullname="NUnit.Framework.Constraints.EqualConstraintTests+DateTimeOffsetShouldBeSame.PositiveEqualityTest(01/30/2014 09:19:56 +03:01,01/30/2014 09:19:55 +03:50)" methodname="PositiveEqualityTest" classname="NUnit.Framework.Constraints.EqualConstraintTests+DateTimeOffsetShouldBeSame" runstate="Runnable" seed="1281482273" result="Inconclusive" start-time="2016-02-19 11:52:45Z" end-time="2016-02-19 11:52:45Z" duration="0.001849" asserts="0">
                <reason>
                  <message><![CDATA[  Expected: True
  But was:  False
]]></message>
                </reason>
              </test-case>
              <test-case id="0-4655" name="PositiveEqualityTest(01/30/2014 09:19:55 +03:00,01/30/2014 12:34:56 +06:15)" fullname="NUnit.Framework.Constraints.EqualConstraintTests+DateTimeOffsetShouldBeSame.PositiveEqualityTest(01/30/2014 09:19:55 +03:00,01/30/2014 12:34:56 +06:15)" methodname="PositiveEqualityTest" classname="NUnit.Framework.Constraints.EqualConstraintTests+DateTimeOffsetShouldBeSame" runstate="Runnable" seed="892298917" result="Inconclusive" start-time="2016-02-19 11:52:45Z" end-time="2016-02-19 11:52:45Z" duration="0.000656" asserts="0">
                <reason>
                  <message><![CDATA[  Expected: True
  But was:  False
]]></message>
                </reason>
              </test-case>
              <test-case id="0-4656" name="PositiveEqualityTest(01/30/2014 09:19:55 +03:00,01/30/2014 09:19:56 +03:00)" fullname="NUnit.Framework.Constraints.EqualConstraintTests+DateTimeOffsetShouldBeSame.PositiveEqualityTest(01/30/2014 09:19:55 +03:00,01/30/2014 09:19:56 +03:00)" methodname="PositiveEqualityTest" classname="NUnit.Framework.Constraints.EqualConstraintTests+DateTimeOffsetShouldBeSame" runstate="Runnable" seed="2124989750" result="Inconclusive" start-time="2016-02-19 11:52:45Z" end-time="2016-02-19 11:52:45Z" duration="0.000604" asserts="0">
                <reason>
                  <message><![CDATA[  Expected: True
  But was:  False
]]></message>
                </reason>
              </test-case>
              <test-case id="0-4657" name="PositiveEqualityTest(01/30/2014 09:19:55 +03:00,01/30/2014 09:19:56 +03:01)" fullname="NUnit.Framework.Constraints.EqualConstraintTests+DateTimeOffsetShouldBeSame.PositiveEqualityTest(01/30/2014 09:19:55 +03:00,01/30/2014 09:19:56 +03:01)" methodname="PositiveEqualityTest" classname="NUnit.Framework.Constraints.EqualConstraintTests+DateTimeOffsetShouldBeSame" runstate="Runnable" seed="1134453972" result="Inconclusive" start-time="2016-02-19 11:52:45Z" end-time="2016-02-19 11:52:45Z" duration="0.000597" asserts="0">
                <reason>
                  <message><![CDATA[  Expected: True
  But was:  False
]]></message>
                </reason>
              </test-case>
              <test-case id="0-4658" name="PositiveEqualityTest(01/30/2014 09:19:55 +03:00,01/30/2014 09:19:55 +03:00)" fullname="NUnit.Framework.Constraints.EqualConstraintTests+DateTimeOffsetShouldBeSame.PositiveEqualityTest(01/30/2014 09:19:55 +03:00,01/30/2014 09:19:55 +03:00)" methodname="PositiveEqualityTest" classname="NUnit.Framework.Constraints.EqualConstraintTests+DateTimeOffsetShouldBeSame" runstate="Runnable" seed="711159193" result="Passed" start-time="2016-02-19 11:52:45Z" end-time="2016-02-19 11:52:45Z" duration="0.000140" asserts="1" />
              <test-case id="0-4659" name="PositiveEqualityTest(01/30/2014 09:19:55 +03:00,01/30/2014 09:19:55 +03:50)" fullname="NUnit.Framework.Constraints.EqualConstraintTests+DateTimeOffsetShouldBeSame.PositiveEqualityTest(01/30/2014 09:19:55 +03:00,01/30/2014 09:19:55 +03:50)" methodname="PositiveEqualityTest" classname="NUnit.Framework.Constraints.EqualConstraintTests+DateTimeOffsetShouldBeSame" runstate="Runnable" seed="1373663557" result="Inconclusive" start-time="2016-02-19 11:52:45Z" end-time="2016-02-19 11:52:45Z" duration="0.000754" asserts="0">
                <reason>
                  <message><![CDATA[  Expected: True
  But was:  False
]]></message>
                </reason>
              </test-case>
              <test-case id="0-4660" name="PositiveEqualityTest(01/30/2014 09:19:55 +03:50,01/30/2014 12:34:56 +06:15)" fullname="NUnit.Framework.Constraints.EqualConstraintTests+DateTimeOffsetShouldBeSame.PositiveEqualityTest(01/30/2014 09:19:55 +03:50,01/30/2014 12:34:56 +06:15)" methodname="PositiveEqualityTest" classname="NUnit.Framework.Constraints.EqualConstraintTests+DateTimeOffsetShouldBeSame" runstate="Runnable" seed="921795312" result="Inconclusive" start-time="2016-02-19 11:52:45Z" end-time="2016-02-19 11:52:45Z" duration="0.000581" asserts="0">
                <reason>
                  <message><![CDATA[  Expected: True
  But was:  False
]]></message>
                </reason>
              </test-case>
              <test-case id="0-4661" name="PositiveEqualityTest(01/30/2014 09:19:55 +03:50,01/30/2014 09:19:56 +03:00)" fullname="NUnit.Framework.Constraints.EqualConstraintTests+DateTimeOffsetShouldBeSame.PositiveEqualityTest(01/30/2014 09:19:55 +03:50,01/30/2014 09:19:56 +03:00)" methodname="PositiveEqualityTest" classname="NUnit.Framework.Constraints.EqualConstraintTests+DateTimeOffsetShouldBeSame" runstate="Runnable" seed="1852333321" result="Inconclusive" start-time="2016-02-19 11:52:45Z" end-time="2016-02-19 11:52:45Z" duration="0.001324" asserts="0">
                <reason>
                  <message><![CDATA[  Expected: True
  But was:  False
]]></message>
                </reason>
              </test-case>
              <test-case id="0-4662" name="PositiveEqualityTest(01/30/2014 09:19:55 +03:50,01/30/2014 09:19:56 +03:01)" fullname="NUnit.Framework.Constraints.EqualConstraintTests+DateTimeOffsetShouldBeSame.PositiveEqualityTest(01/30/2014 09:19:55 +03:50,01/30/2014 09:19:56 +03:01)" methodname="PositiveEqualityTest" classname="NUnit.Framework.Constraints.EqualConstraintTests+DateTimeOffsetShouldBeSame" runstate="Runnable" seed="787410777" result="Inconclusive" start-time="2016-02-19 11:52:45Z" end-time="2016-02-19 11:52:45Z" duration="0.000676" asserts="0">
                <reason>
                  <message><![CDATA[  Expected: True
  But was:  False
]]></message>
                </reason>
              </test-case>
              <test-case id="0-4663" name="PositiveEqualityTest(01/30/2014 09:19:55 +03:50,01/30/2014 09:19:55 +03:00)" fullname="NUnit.Framework.Constraints.EqualConstraintTests+DateTimeOffsetShouldBeSame.PositiveEqualityTest(01/30/2014 09:19:55 +03:50,01/30/2014 09:19:55 +03:00)" methodname="PositiveEqualityTest" classname="NUnit.Framework.Constraints.EqualConstraintTests+DateTimeOffsetShouldBeSame" runstate="Runnable" seed="391579932" result="Inconclusive" start-time="2016-02-19 11:52:45Z" end-time="2016-02-19 11:52:45Z" duration="0.000615" asserts="0">
                <reason>
                  <message><![CDATA[  Expected: True
  But was:  False
]]></message>
                </reason>
              </test-case>
              <test-case id="0-4664" name="PositiveEqualityTest(01/30/2014 09:19:55 +03:50,01/30/2014 09:19:55 +03:50)" fullname="NUnit.Framework.Constraints.EqualConstraintTests+DateTimeOffsetShouldBeSame.PositiveEqualityTest(01/30/2014 09:19:55 +03:50,01/30/2014 09:19:55 +03:50)" methodname="PositiveEqualityTest" classname="NUnit.Framework.Constraints.EqualConstraintTests+DateTimeOffsetShouldBeSame" runstate="Runnable" seed="1083487624" result="Passed" start-time="2016-02-19 11:52:45Z" end-time="2016-02-19 11:52:45Z" duration="0.000078" asserts="1" />
            </test-suite>
            <test-suite type="Theory" id="0-4717" name="PositiveEqualityTestWithTolerance" fullname="NUnit.Framework.Constraints.EqualConstraintTests+DateTimeOffsetShouldBeSame.PositiveEqualityTestWithTolerance" runstate="Runnable" testcasecount="25" result="Passed" start-time="2016-02-19 11:52:45Z" end-time="2016-02-19 11:52:45Z" duration="0.012932" total="25" passed="17" failed="0" inconclusive="8" skipped="0" asserts="17">
              <properties>
                <property name="_JOINTYPE" value="Combinatorial" />
              </properties>
              <test-case id="0-4692" name="PositiveEqualityTestWithTolerance(01/30/2014 12:34:56 +06:15,01/30/2014 12:34:56 +06:15)" fullname="NUnit.Framework.Constraints.EqualConstraintTests+DateTimeOffsetShouldBeSame.PositiveEqualityTestWithTolerance(01/30/2014 12:34:56 +06:15,01/30/2014 12:34:56 +06:15)" methodname="PositiveEqualityTestWithTolerance" classname="NUnit.Framework.Constraints.EqualConstraintTests+DateTimeOffsetShouldBeSame" runstate="Runnable" seed="1603003521" result="Passed" start-time="2016-02-19 11:52:45Z" end-time="2016-02-19 11:52:45Z" duration="0.002038" asserts="1" />
              <test-case id="0-4693" name="PositiveEqualityTestWithTolerance(01/30/2014 12:34:56 +06:15,01/30/2014 09:19:56 +03:00)" fullname="NUnit.Framework.Constraints.EqualConstraintTests+DateTimeOffsetShouldBeSame.PositiveEqualityTestWithTolerance(01/30/2014 12:34:56 +06:15,01/30/2014 09:19:56 +03:00)" methodname="PositiveEqualityTestWithTolerance" classname="NUnit.Framework.Constraints.EqualConstraintTests+DateTimeOffsetShouldBeSame" runstate="Runnable" seed="2031921253" result="Passed" start-time="2016-02-19 11:52:45Z" end-time="2016-02-19 11:52:45Z" duration="0.000089" asserts="1" />
              <test-case id="0-4694" name="PositiveEqualityTestWithTolerance(01/30/2014 12:34:56 +06:15,01/30/2014 09:19:56 +03:01)" fullname="NUnit.Framework.Constraints.EqualConstraintTests+DateTimeOffsetShouldBeSame.PositiveEqualityTestWithTolerance(01/30/2014 12:34:56 +06:15,01/30/2014 09:19:56 +03:01)" methodname="PositiveEqualityTestWithTolerance" classname="NUnit.Framework.Constraints.EqualConstraintTests+DateTimeOffsetShouldBeSame" runstate="Runnable" seed="1973598232" result="Passed" start-time="2016-02-19 11:52:45Z" end-time="2016-02-19 11:52:45Z" duration="0.000062" asserts="1" />
              <test-case id="0-4695" name="PositiveEqualityTestWithTolerance(01/30/2014 12:34:56 +06:15,01/30/2014 09:19:55 +03:00)" fullname="NUnit.Framework.Constraints.EqualConstraintTests+DateTimeOffsetShouldBeSame.PositiveEqualityTestWithTolerance(01/30/2014 12:34:56 +06:15,01/30/2014 09:19:55 +03:00)" methodname="PositiveEqualityTestWithTolerance" classname="NUnit.Framework.Constraints.EqualConstraintTests+DateTimeOffsetShouldBeSame" runstate="Runnable" seed="417717360" result="Passed" start-time="2016-02-19 11:52:45Z" end-time="2016-02-19 11:52:45Z" duration="0.000074" asserts="1" />
              <test-case id="0-4696" name="PositiveEqualityTestWithTolerance(01/30/2014 12:34:56 +06:15,01/30/2014 09:19:55 +03:50)" fullname="NUnit.Framework.Constraints.EqualConstraintTests+DateTimeOffsetShouldBeSame.PositiveEqualityTestWithTolerance(01/30/2014 12:34:56 +06:15,01/30/2014 09:19:55 +03:50)" methodname="PositiveEqualityTestWithTolerance" classname="NUnit.Framework.Constraints.EqualConstraintTests+DateTimeOffsetShouldBeSame" runstate="Runnable" seed="1252957692" result="Inconclusive" start-time="2016-02-19 11:52:45Z" end-time="2016-02-19 11:52:45Z" duration="0.000789" asserts="0">
                <reason>
                  <message><![CDATA[  Expected: True
  But was:  False
]]></message>
                </reason>
              </test-case>
              <test-case id="0-4697" name="PositiveEqualityTestWithTolerance(01/30/2014 09:19:56 +03:00,01/30/2014 12:34:56 +06:15)" fullname="NUnit.Framework.Constraints.EqualConstraintTests+DateTimeOffsetShouldBeSame.PositiveEqualityTestWithTolerance(01/30/2014 09:19:56 +03:00,01/30/2014 12:34:56 +06:15)" methodname="PositiveEqualityTestWithTolerance" classname="NUnit.Framework.Constraints.EqualConstraintTests+DateTimeOffsetShouldBeSame" runstate="Runnable" seed="180183298" result="Passed" start-time="2016-02-19 11:52:45Z" end-time="2016-02-19 11:52:45Z" duration="0.000079" asserts="1" />
              <test-case id="0-4698" name="PositiveEqualityTestWithTolerance(01/30/2014 09:19:56 +03:00,01/30/2014 09:19:56 +03:00)" fullname="NUnit.Framework.Constraints.EqualConstraintTests+DateTimeOffsetShouldBeSame.PositiveEqualityTestWithTolerance(01/30/2014 09:19:56 +03:00,01/30/2014 09:19:56 +03:00)" methodname="PositiveEqualityTestWithTolerance" classname="NUnit.Framework.Constraints.EqualConstraintTests+DateTimeOffsetShouldBeSame" runstate="Runnable" seed="1873309642" result="Passed" start-time="2016-02-19 11:52:45Z" end-time="2016-02-19 11:52:45Z" duration="0.000066" asserts="1" />
              <test-case id="0-4699" name="PositiveEqualityTestWithTolerance(01/30/2014 09:19:56 +03:00,01/30/2014 09:19:56 +03:01)" fullname="NUnit.Framework.Constraints.EqualConstraintTests+DateTimeOffsetShouldBeSame.PositiveEqualityTestWithTolerance(01/30/2014 09:19:56 +03:00,01/30/2014 09:19:56 +03:01)" methodname="PositiveEqualityTestWithTolerance" classname="NUnit.Framework.Constraints.EqualConstraintTests+DateTimeOffsetShouldBeSame" runstate="Runnable" seed="2091395940" result="Passed" start-time="2016-02-19 11:52:45Z" end-time="2016-02-19 11:52:45Z" duration="0.000062" asserts="1" />
              <test-case id="0-4700" name="PositiveEqualityTestWithTolerance(01/30/2014 09:19:56 +03:00,01/30/2014 09:19:55 +03:00)" fullname="NUnit.Framework.Constraints.EqualConstraintTests+DateTimeOffsetShouldBeSame.PositiveEqualityTestWithTolerance(01/30/2014 09:19:56 +03:00,01/30/2014 09:19:55 +03:00)" methodname="PositiveEqualityTestWithTolerance" classname="NUnit.Framework.Constraints.EqualConstraintTests+DateTimeOffsetShouldBeSame" runstate="Runnable" seed="1692011703" result="Passed" start-time="2016-02-19 11:52:45Z" end-time="2016-02-19 11:52:45Z" duration="0.000063" asserts="1" />
              <test-case id="0-4701" name="PositiveEqualityTestWithTolerance(01/30/2014 09:19:56 +03:00,01/30/2014 09:19:55 +03:50)" fullname="NUnit.Framework.Constraints.EqualConstraintTests+DateTimeOffsetShouldBeSame.PositiveEqualityTestWithTolerance(01/30/2014 09:19:56 +03:00,01/30/2014 09:19:55 +03:50)" methodname="PositiveEqualityTestWithTolerance" classname="NUnit.Framework.Constraints.EqualConstraintTests+DateTimeOffsetShouldBeSame" runstate="Runnable" seed="742276979" result="Inconclusive" start-time="2016-02-19 11:52:45Z" end-time="2016-02-19 11:52:45Z" duration="0.000660" asserts="0">
                <reason>
                  <message><![CDATA[  Expected: True
  But was:  False
]]></message>
                </reason>
              </test-case>
              <test-case id="0-4702" name="PositiveEqualityTestWithTolerance(01/30/2014 09:19:56 +03:01,01/30/2014 12:34:56 +06:15)" fullname="NUnit.Framework.Constraints.EqualConstraintTests+DateTimeOffsetShouldBeSame.PositiveEqualityTestWithTolerance(01/30/2014 09:19:56 +03:01,01/30/2014 12:34:56 +06:15)" methodname="PositiveEqualityTestWithTolerance" classname="NUnit.Framework.Constraints.EqualConstraintTests+DateTimeOffsetShouldBeSame" runstate="Runnable" seed="1827837864" result="Passed" start-time="2016-02-19 11:52:45Z" end-time="2016-02-19 11:52:45Z" duration="0.000076" asserts="1" />
              <test-case id="0-4703" name="PositiveEqualityTestWithTolerance(01/30/2014 09:19:56 +03:01,01/30/2014 09:19:56 +03:00)" fullname="NUnit.Framework.Constraints.EqualConstraintTests+DateTimeOffsetShouldBeSame.PositiveEqualityTestWithTolerance(01/30/2014 09:19:56 +03:01,01/30/2014 09:19:56 +03:00)" methodname="PositiveEqualityTestWithTolerance" classname="NUnit.Framework.Constraints.EqualConstraintTests+DateTimeOffsetShouldBeSame" runstate="Runnable" seed="2082225469" result="Passed" start-time="2016-02-19 11:52:45Z" end-time="2016-02-19 11:52:45Z" duration="0.000067" asserts="1" />
              <test-case id="0-4704" name="PositiveEqualityTestWithTolerance(01/30/2014 09:19:56 +03:01,01/30/2014 09:19:56 +03:01)" fullname="NUnit.Framework.Constraints.EqualConstraintTests+DateTimeOffsetShouldBeSame.PositiveEqualityTestWithTolerance(01/30/2014 09:19:56 +03:01,01/30/2014 09:19:56 +03:01)" methodname="PositiveEqualityTestWithTolerance" classname="NUnit.Framework.Constraints.EqualConstraintTests+DateTimeOffsetShouldBeSame" runstate="Runnable" seed="1498248068" result="Passed" start-time="2016-02-19 11:52:45Z" end-time="2016-02-19 11:52:45Z" duration="0.000058" asserts="1" />
              <test-case id="0-4705" name="PositiveEqualityTestWithTolerance(01/30/2014 09:19:56 +03:01,01/30/2014 09:19:55 +03:00)" fullname="NUnit.Framework.Constraints.EqualConstraintTests+DateTimeOffsetShouldBeSame.PositiveEqualityTestWithTolerance(01/30/2014 09:19:56 +03:01,01/30/2014 09:19:55 +03:00)" methodname="PositiveEqualityTestWithTolerance" classname="NUnit.Framework.Constraints.EqualConstraintTests+DateTimeOffsetShouldBeSame" runstate="Runnable" seed="1326660193" result="Passed" start-time="2016-02-19 11:52:45Z" end-time="2016-02-19 11:52:45Z" duration="0.000062" asserts="1" />
              <test-case id="0-4706" name="PositiveEqualityTestWithTolerance(01/30/2014 09:19:56 +03:01,01/30/2014 09:19:55 +03:50)" fullname="NUnit.Framework.Constraints.EqualConstraintTests+DateTimeOffsetShouldBeSame.PositiveEqualityTestWithTolerance(01/30/2014 09:19:56 +03:01,01/30/2014 09:19:55 +03:50)" methodname="PositiveEqualityTestWithTolerance" classname="NUnit.Framework.Constraints.EqualConstraintTests+DateTimeOffsetShouldBeSame" runstate="Runnable" seed="1924448617" result="Inconclusive" start-time="2016-02-19 11:52:45Z" end-time="2016-02-19 11:52:45Z" duration="0.000648" asserts="0">
                <reason>
                  <message><![CDATA[  Expected: True
  But was:  False
]]></message>
                </reason>
              </test-case>
              <test-case id="0-4707" name="PositiveEqualityTestWithTolerance(01/30/2014 09:19:55 +03:00,01/30/2014 12:34:56 +06:15)" fullname="NUnit.Framework.Constraints.EqualConstraintTests+DateTimeOffsetShouldBeSame.PositiveEqualityTestWithTolerance(01/30/2014 09:19:55 +03:00,01/30/2014 12:34:56 +06:15)" methodname="PositiveEqualityTestWithTolerance" classname="NUnit.Framework.Constraints.EqualConstraintTests+DateTimeOffsetShouldBeSame" runstate="Runnable" seed="2078092974" result="Passed" start-time="2016-02-19 11:52:45Z" end-time="2016-02-19 11:52:45Z" duration="0.000081" asserts="1" />
              <test-case id="0-4708" name="PositiveEqualityTestWithTolerance(01/30/2014 09:19:55 +03:00,01/30/2014 09:19:56 +03:00)" fullname="NUnit.Framework.Constraints.EqualConstraintTests+DateTimeOffsetShouldBeSame.PositiveEqualityTestWithTolerance(01/30/2014 09:19:55 +03:00,01/30/2014 09:19:56 +03:00)" methodname="PositiveEqualityTestWithTolerance" classname="NUnit.Framework.Constraints.EqualConstraintTests+DateTimeOffsetShouldBeSame" runstate="Runnable" seed="21498829" result="Passed" start-time="2016-02-19 11:52:45Z" end-time="2016-02-19 11:52:45Z" duration="0.000063" asserts="1" />
              <test-case id="0-4709" name="PositiveEqualityTestWithTolerance(01/30/2014 09:19:55 +03:00,01/30/2014 09:19:56 +03:01)" fullname="NUnit.Framework.Constraints.EqualConstraintTests+DateTimeOffsetShouldBeSame.PositiveEqualityTestWithTolerance(01/30/2014 09:19:55 +03:00,01/30/2014 09:19:56 +03:01)" methodname="PositiveEqualityTestWithTolerance" classname="NUnit.Framework.Constraints.EqualConstraintTests+DateTimeOffsetShouldBeSame" runstate="Runnable" seed="1055781308" result="Passed" start-time="2016-02-19 11:52:45Z" end-time="2016-02-19 11:52:45Z" duration="0.000065" asserts="1" />
              <test-case id="0-4710" name="PositiveEqualityTestWithTolerance(01/30/2014 09:19:55 +03:00,01/30/2014 09:19:55 +03:00)" fullname="NUnit.Framework.Constraints.EqualConstraintTests+DateTimeOffsetShouldBeSame.PositiveEqualityTestWithTolerance(01/30/2014 09:19:55 +03:00,01/30/2014 09:19:55 +03:00)" methodname="PositiveEqualityTestWithTolerance" classname="NUnit.Framework.Constraints.EqualConstraintTests+DateTimeOffsetShouldBeSame" runstate="Runnable" seed="808803758" result="Passed" start-time="2016-02-19 11:52:45Z" end-time="2016-02-19 11:52:45Z" duration="0.000064" asserts="1" />
              <test-case id="0-4711" name="PositiveEqualityTestWithTolerance(01/30/2014 09:19:55 +03:00,01/30/2014 09:19:55 +03:50)" fullname="NUnit.Framework.Constraints.EqualConstraintTests+DateTimeOffsetShouldBeSame.PositiveEqualityTestWithTolerance(01/30/2014 09:19:55 +03:00,01/30/2014 09:19:55 +03:50)" methodname="PositiveEqualityTestWithTolerance" classname="NUnit.Framework.Constraints.EqualConstraintTests+DateTimeOffsetShouldBeSame" runstate="Runnable" seed="21596933" result="Inconclusive" start-time="2016-02-19 11:52:45Z" end-time="2016-02-19 11:52:45Z" duration="0.000614" asserts="0">
                <reason>
                  <message><![CDATA[  Expected: True
  But was:  False
]]></message>
                </reason>
              </test-case>
              <test-case id="0-4712" name="PositiveEqualityTestWithTolerance(01/30/2014 09:19:55 +03:50,01/30/2014 12:34:56 +06:15)" fullname="NUnit.Framework.Constraints.EqualConstraintTests+DateTimeOffsetShouldBeSame.PositiveEqualityTestWithTolerance(01/30/2014 09:19:55 +03:50,01/30/2014 12:34:56 +06:15)" methodname="PositiveEqualityTestWithTolerance" classname="NUnit.Framework.Constraints.EqualConstraintTests+DateTimeOffsetShouldBeSame" runstate="Runnable" seed="809050778" result="Inconclusive" start-time="2016-02-19 11:52:45Z" end-time="2016-02-19 11:52:45Z" duration="0.000584" asserts="0">
                <reason>
                  <message><![CDATA[  Expected: True
  But was:  False
]]></message>
                </reason>
              </test-case>
              <test-case id="0-4713" name="PositiveEqualityTestWithTolerance(01/30/2014 09:19:55 +03:50,01/30/2014 09:19:56 +03:00)" fullname="NUnit.Framework.Constraints.EqualConstraintTests+DateTimeOffsetShouldBeSame.PositiveEqualityTestWithTolerance(01/30/2014 09:19:55 +03:50,01/30/2014 09:19:56 +03:00)" methodname="PositiveEqualityTestWithTolerance" classname="NUnit.Framework.Constraints.EqualConstraintTests+DateTimeOffsetShouldBeSame" runstate="Runnable" seed="1896309092" result="Inconclusive" start-time="2016-02-19 11:52:45Z" end-time="2016-02-19 11:52:45Z" duration="0.000612" asserts="0">
                <reason>
                  <message><![CDATA[  Expected: True
  But was:  False
]]></message>
                </reason>
              </test-case>
              <test-case id="0-4714" name="PositiveEqualityTestWithTolerance(01/30/2014 09:19:55 +03:50,01/30/2014 09:19:56 +03:01)" fullname="NUnit.Framework.Constraints.EqualConstraintTests+DateTimeOffsetShouldBeSame.PositiveEqualityTestWithTolerance(01/30/2014 09:19:55 +03:50,01/30/2014 09:19:56 +03:01)" methodname="PositiveEqualityTestWithTolerance" classname="NUnit.Framework.Constraints.EqualConstraintTests+DateTimeOffsetShouldBeSame" runstate="Runnable" seed="199479335" result="Inconclusive" start-time="2016-02-19 11:52:45Z" end-time="2016-02-19 11:52:45Z" duration="0.000578" asserts="0">
                <reason>
                  <message><![CDATA[  Expected: True
  But was:  False
]]></message>
                </reason>
              </test-case>
              <test-case id="0-4715" name="PositiveEqualityTestWithTolerance(01/30/2014 09:19:55 +03:50,01/30/2014 09:19:55 +03:00)" fullname="NUnit.Framework.Constraints.EqualConstraintTests+DateTimeOffsetShouldBeSame.PositiveEqualityTestWithTolerance(01/30/2014 09:19:55 +03:50,01/30/2014 09:19:55 +03:00)" methodname="PositiveEqualityTestWithTolerance" classname="NUnit.Framework.Constraints.EqualConstraintTests+DateTimeOffsetShouldBeSame" runstate="Runnable" seed="1451730802" result="Inconclusive" start-time="2016-02-19 11:52:45Z" end-time="2016-02-19 11:52:45Z" duration="0.000733" asserts="0">
                <reason>
                  <message><![CDATA[  Expected: True
  But was:  False
]]></message>
                </reason>
              </test-case>
              <test-case id="0-4716" name="PositiveEqualityTestWithTolerance(01/30/2014 09:19:55 +03:50,01/30/2014 09:19:55 +03:50)" fullname="NUnit.Framework.Constraints.EqualConstraintTests+DateTimeOffsetShouldBeSame.PositiveEqualityTestWithTolerance(01/30/2014 09:19:55 +03:50,01/30/2014 09:19:55 +03:50)" methodname="PositiveEqualityTestWithTolerance" classname="NUnit.Framework.Constraints.EqualConstraintTests+DateTimeOffsetShouldBeSame" runstate="Runnable" seed="1431192165" result="Passed" start-time="2016-02-19 11:52:45Z" end-time="2016-02-19 11:52:45Z" duration="0.000116" asserts="1" />
            </test-suite>
            <test-suite type="Theory" id="0-4795" name="PositiveEqualityTestWithToleranceAndWithSameOffset" fullname="NUnit.Framework.Constraints.EqualConstraintTests+DateTimeOffsetShouldBeSame.PositiveEqualityTestWithToleranceAndWithSameOffset" runstate="Runnable" testcasecount="25" result="Passed" start-time="2016-02-19 11:52:45Z" end-time="2016-02-19 11:52:45Z" duration="0.020068" total="25" passed="7" failed="0" inconclusive="18" skipped="0" asserts="7">
              <properties>
                <property name="_JOINTYPE" value="Combinatorial" />
              </properties>
              <test-case id="0-4770" name="PositiveEqualityTestWithToleranceAndWithSameOffset(01/30/2014 12:34:56 +06:15,01/30/2014 12:34:56 +06:15)" fullname="NUnit.Framework.Constraints.EqualConstraintTests+DateTimeOffsetShouldBeSame.PositiveEqualityTestWithToleranceAndWithSameOffset(01/30/2014 12:34:56 +06:15,01/30/2014 12:34:56 +06:15)" methodname="PositiveEqualityTestWithToleranceAndWithSameOffset" classname="NUnit.Framework.Constraints.EqualConstraintTests+DateTimeOffsetShouldBeSame" runstate="Runnable" seed="1428090848" result="Passed" start-time="2016-02-19 11:52:45Z" end-time="2016-02-19 11:52:45Z" duration="0.001531" asserts="1" />
              <test-case id="0-4771" name="PositiveEqualityTestWithToleranceAndWithSameOffset(01/30/2014 12:34:56 +06:15,01/30/2014 09:19:56 +03:00)" fullname="NUnit.Framework.Constraints.EqualConstraintTests+DateTimeOffsetShouldBeSame.PositiveEqualityTestWithToleranceAndWithSameOffset(01/30/2014 12:34:56 +06:15,01/30/2014 09:19:56 +03:00)" methodname="PositiveEqualityTestWithToleranceAndWithSameOffset" classname="NUnit.Framework.Constraints.EqualConstraintTests+DateTimeOffsetShouldBeSame" runstate="Runnable" seed="828917385" result="Inconclusive" start-time="2016-02-19 11:52:45Z" end-time="2016-02-19 11:52:45Z" duration="0.000777" asserts="0">
                <reason>
                  <message><![CDATA[  Expected: True
  But was:  False
]]></message>
                </reason>
              </test-case>
              <test-case id="0-4772" name="PositiveEqualityTestWithToleranceAndWithSameOffset(01/30/2014 12:34:56 +06:15,01/30/2014 09:19:56 +03:01)" fullname="NUnit.Framework.Constraints.EqualConstraintTests+DateTimeOffsetShouldBeSame.PositiveEqualityTestWithToleranceAndWithSameOffset(01/30/2014 12:34:56 +06:15,01/30/2014 09:19:56 +03:01)" methodname="PositiveEqualityTestWithToleranceAndWithSameOffset" classname="NUnit.Framework.Constraints.EqualConstraintTests+DateTimeOffsetShouldBeSame" runstate="Runnable" seed="1612981264" result="Inconclusive" start-time="2016-02-19 11:52:45Z" end-time="2016-02-19 11:52:45Z" duration="0.002736" asserts="0">
                <reason>
                  <message><![CDATA[  Expected: True
  But was:  False
]]></message>
                </reason>
              </test-case>
              <test-case id="0-4773" name="PositiveEqualityTestWithToleranceAndWithSameOffset(01/30/2014 12:34:56 +06:15,01/30/2014 09:19:55 +03:00)" fullname="NUnit.Framework.Constraints.EqualConstraintTests+DateTimeOffsetShouldBeSame.PositiveEqualityTestWithToleranceAndWithSameOffset(01/30/2014 12:34:56 +06:15,01/30/2014 09:19:55 +03:00)" methodname="PositiveEqualityTestWithToleranceAndWithSameOffset" classname="NUnit.Framework.Constraints.EqualConstraintTests+DateTimeOffsetShouldBeSame" runstate="Runnable" seed="1565745756" result="Inconclusive" start-time="2016-02-19 11:52:45Z" end-time="2016-02-19 11:52:45Z" duration="0.000754" asserts="0">
                <reason>
                  <message><![CDATA[  Expected: True
  But was:  False
]]></message>
                </reason>
              </test-case>
              <test-case id="0-4774" name="PositiveEqualityTestWithToleranceAndWithSameOffset(01/30/2014 12:34:56 +06:15,01/30/2014 09:19:55 +03:50)" fullname="NUnit.Framework.Constraints.EqualConstraintTests+DateTimeOffsetShouldBeSame.PositiveEqualityTestWithToleranceAndWithSameOffset(01/30/2014 12:34:56 +06:15,01/30/2014 09:19:55 +03:50)" methodname="PositiveEqualityTestWithToleranceAndWithSameOffset" classname="NUnit.Framework.Constraints.EqualConstraintTests+DateTimeOffsetShouldBeSame" runstate="Runnable" seed="491052578" result="Inconclusive" start-time="2016-02-19 11:52:45Z" end-time="2016-02-19 11:52:45Z" duration="0.000570" asserts="0">
                <reason>
                  <message><![CDATA[  Expected: True
  But was:  False
]]></message>
                </reason>
              </test-case>
              <test-case id="0-4775" name="PositiveEqualityTestWithToleranceAndWithSameOffset(01/30/2014 09:19:56 +03:00,01/30/2014 12:34:56 +06:15)" fullname="NUnit.Framework.Constraints.EqualConstraintTests+DateTimeOffsetShouldBeSame.PositiveEqualityTestWithToleranceAndWithSameOffset(01/30/2014 09:19:56 +03:00,01/30/2014 12:34:56 +06:15)" methodname="PositiveEqualityTestWithToleranceAndWithSameOffset" classname="NUnit.Framework.Constraints.EqualConstraintTests+DateTimeOffsetShouldBeSame" runstate="Runnable" seed="244602737" result="Inconclusive" start-time="2016-02-19 11:52:45Z" end-time="2016-02-19 11:52:45Z" duration="0.000568" asserts="0">
                <reason>
                  <message><![CDATA[  Expected: True
  But was:  False
]]></message>
                </reason>
              </test-case>
              <test-case id="0-4776" name="PositiveEqualityTestWithToleranceAndWithSameOffset(01/30/2014 09:19:56 +03:00,01/30/2014 09:19:56 +03:00)" fullname="NUnit.Framework.Constraints.EqualConstraintTests+DateTimeOffsetShouldBeSame.PositiveEqualityTestWithToleranceAndWithSameOffset(01/30/2014 09:19:56 +03:00,01/30/2014 09:19:56 +03:00)" methodname="PositiveEqualityTestWithToleranceAndWithSameOffset" classname="NUnit.Framework.Constraints.EqualConstraintTests+DateTimeOffsetShouldBeSame" runstate="Runnable" seed="724010354" result="Passed" start-time="2016-02-19 11:52:45Z" end-time="2016-02-19 11:52:45Z" duration="0.000080" asserts="1" />
              <test-case id="0-4777" name="PositiveEqualityTestWithToleranceAndWithSameOffset(01/30/2014 09:19:56 +03:00,01/30/2014 09:19:56 +03:01)" fullname="NUnit.Framework.Constraints.EqualConstraintTests+DateTimeOffsetShouldBeSame.PositiveEqualityTestWithToleranceAndWithSameOffset(01/30/2014 09:19:56 +03:00,01/30/2014 09:19:56 +03:01)" methodname="PositiveEqualityTestWithToleranceAndWithSameOffset" classname="NUnit.Framework.Constraints.EqualConstraintTests+DateTimeOffsetShouldBeSame" runstate="Runnable" seed="391679558" result="Inconclusive" start-time="2016-02-19 11:52:45Z" end-time="2016-02-19 11:52:45Z" duration="0.000545" asserts="0">
                <reason>
                  <message><![CDATA[  Expected: True
  But was:  False
]]></message>
                </reason>
              </test-case>
              <test-case id="0-4778" name="PositiveEqualityTestWithToleranceAndWithSameOffset(01/30/2014 09:19:56 +03:00,01/30/2014 09:19:55 +03:00)" fullname="NUnit.Framework.Constraints.EqualConstraintTests+DateTimeOffsetShouldBeSame.PositiveEqualityTestWithToleranceAndWithSameOffset(01/30/2014 09:19:56 +03:00,01/30/2014 09:19:55 +03:00)" methodname="PositiveEqualityTestWithToleranceAndWithSameOffset" classname="NUnit.Framework.Constraints.EqualConstraintTests+DateTimeOffsetShouldBeSame" runstate="Runnable" seed="1351799780" result="Passed" start-time="2016-02-19 11:52:45Z" end-time="2016-02-19 11:52:45Z" duration="0.000076" asserts="1" />
              <test-case id="0-4779" name="PositiveEqualityTestWithToleranceAndWithSameOffset(01/30/2014 09:19:56 +03:00,01/30/2014 09:19:55 +03:50)" fullname="NUnit.Framework.Constraints.EqualConstraintTests+DateTimeOffsetShouldBeSame.PositiveEqualityTestWithToleranceAndWithSameOffset(01/30/2014 09:19:56 +03:00,01/30/2014 09:19:55 +03:50)" methodname="PositiveEqualityTestWithToleranceAndWithSameOffset" classname="NUnit.Framework.Constraints.EqualConstraintTests+DateTimeOffsetShouldBeSame" runstate="Runnable" seed="1744375720" result="Inconclusive" start-time="2016-02-19 11:52:45Z" end-time="2016-02-19 11:52:45Z" duration="0.000564" asserts="0">
                <reason>
                  <message><![CDATA[  Expected: True
  But was:  False
]]></message>
                </reason>
              </test-case>
              <test-case id="0-4780" name="PositiveEqualityTestWithToleranceAndWithSameOffset(01/30/2014 09:19:56 +03:01,01/30/2014 12:34:56 +06:15)" fullname="NUnit.Framework.Constraints.EqualConstraintTests+DateTimeOffsetShouldBeSame.PositiveEqualityTestWithToleranceAndWithSameOffset(01/30/2014 09:19:56 +03:01,01/30/2014 12:34:56 +06:15)" methodname="PositiveEqualityTestWithToleranceAndWithSameOffset" classname="NUnit.Framework.Constraints.EqualConstraintTests+DateTimeOffsetShouldBeSame" runstate="Runnable" seed="77841405" result="Inconclusive" start-time="2016-02-19 11:52:45Z" end-time="2016-02-19 11:52:45Z" duration="0.000595" asserts="0">
                <reason>
                  <message><![CDATA[  Expected: True
  But was:  False
]]></message>
                </reason>
              </test-case>
              <test-case id="0-4781" name="PositiveEqualityTestWithToleranceAndWithSameOffset(01/30/2014 09:19:56 +03:01,01/30/2014 09:19:56 +03:00)" fullname="NUnit.Framework.Constraints.EqualConstraintTests+DateTimeOffsetShouldBeSame.PositiveEqualityTestWithToleranceAndWithSameOffset(01/30/2014 09:19:56 +03:01,01/30/2014 09:19:56 +03:00)" methodname="PositiveEqualityTestWithToleranceAndWithSameOffset" classname="NUnit.Framework.Constraints.EqualConstraintTests+DateTimeOffsetShouldBeSame" runstate="Runnable" seed="1001667054" result="Inconclusive" start-time="2016-02-19 11:52:45Z" end-time="2016-02-19 11:52:45Z" duration="0.000628" asserts="0">
                <reason>
                  <message><![CDATA[  Expected: True
  But was:  False
]]></message>
                </reason>
              </test-case>
              <test-case id="0-4782" name="PositiveEqualityTestWithToleranceAndWithSameOffset(01/30/2014 09:19:56 +03:01,01/30/2014 09:19:56 +03:01)" fullname="NUnit.Framework.Constraints.EqualConstraintTests+DateTimeOffsetShouldBeSame.PositiveEqualityTestWithToleranceAndWithSameOffset(01/30/2014 09:19:56 +03:01,01/30/2014 09:19:56 +03:01)" methodname="PositiveEqualityTestWithToleranceAndWithSameOffset" classname="NUnit.Framework.Constraints.EqualConstraintTests+DateTimeOffsetShouldBeSame" runstate="Runnable" seed="374299533" result="Passed" start-time="2016-02-19 11:52:45Z" end-time="2016-02-19 11:52:45Z" duration="0.000093" asserts="1" />
              <test-case id="0-4783" name="PositiveEqualityTestWithToleranceAndWithSameOffset(01/30/2014 09:19:56 +03:01,01/30/2014 09:19:55 +03:00)" fullname="NUnit.Framework.Constraints.EqualConstraintTests+DateTimeOffsetShouldBeSame.PositiveEqualityTestWithToleranceAndWithSameOffset(01/30/2014 09:19:56 +03:01,01/30/2014 09:19:55 +03:00)" methodname="PositiveEqualityTestWithToleranceAndWithSameOffset" classname="NUnit.Framework.Constraints.EqualConstraintTests+DateTimeOffsetShouldBeSame" runstate="Runnable" seed="14786654" result="Inconclusive" start-time="2016-02-19 11:52:45Z" end-time="2016-02-19 11:52:45Z" duration="0.000655" asserts="0">
                <reason>
                  <message><![CDATA[  Expected: True
  But was:  False
]]></message>
                </reason>
              </test-case>
              <test-case id="0-4784" name="PositiveEqualityTestWithToleranceAndWithSameOffset(01/30/2014 09:19:56 +03:01,01/30/2014 09:19:55 +03:50)" fullname="NUnit.Framework.Constraints.EqualConstraintTests+DateTimeOffsetShouldBeSame.PositiveEqualityTestWithToleranceAndWithSameOffset(01/30/2014 09:19:56 +03:01,01/30/2014 09:19:55 +03:50)" methodname="PositiveEqualityTestWithToleranceAndWithSameOffset" classname="NUnit.Framework.Constraints.EqualConstraintTests+DateTimeOffsetShouldBeSame" runstate="Runnable" seed="1481095874" result="Inconclusive" start-time="2016-02-19 11:52:45Z" end-time="2016-02-19 11:52:45Z" duration="0.000660" asserts="0">
                <reason>
                  <message><![CDATA[  Expected: True
  But was:  False
]]></message>
                </reason>
              </test-case>
              <test-case id="0-4785" name="PositiveEqualityTestWithToleranceAndWithSameOffset(01/30/2014 09:19:55 +03:00,01/30/2014 12:34:56 +06:15)" fullname="NUnit.Framework.Constraints.EqualConstraintTests+DateTimeOffsetShouldBeSame.PositiveEqualityTestWithToleranceAndWithSameOffset(01/30/2014 09:19:55 +03:00,01/30/2014 12:34:56 +06:15)" methodname="PositiveEqualityTestWithToleranceAndWithSameOffset" classname="NUnit.Framework.Constraints.EqualConstraintTests+DateTimeOffsetShouldBeSame" runstate="Runnable" seed="1303636698" result="Inconclusive" start-time="2016-02-19 11:52:45Z" end-time="2016-02-19 11:52:45Z" duration="0.000597" asserts="0">
                <reason>
                  <message><![CDATA[  Expected: True
  But was:  False
]]></message>
                </reason>
              </test-case>
              <test-case id="0-4786" name="PositiveEqualityTestWithToleranceAndWithSameOffset(01/30/2014 09:19:55 +03:00,01/30/2014 09:19:56 +03:00)" fullname="NUnit.Framework.Constraints.EqualConstraintTests+DateTimeOffsetShouldBeSame.PositiveEqualityTestWithToleranceAndWithSameOffset(01/30/2014 09:19:55 +03:00,01/30/2014 09:19:56 +03:00)" methodname="PositiveEqualityTestWithToleranceAndWithSameOffset" classname="NUnit.Framework.Constraints.EqualConstraintTests+DateTimeOffsetShouldBeSame" runstate="Runnable" seed="1785933446" result="Passed" start-time="2016-02-19 11:52:45Z" end-time="2016-02-19 11:52:45Z" duration="0.000081" asserts="1" />
              <test-case id="0-4787" name="PositiveEqualityTestWithToleranceAndWithSameOffset(01/30/2014 09:19:55 +03:00,01/30/2014 09:19:56 +03:01)" fullname="NUnit.Framework.Constraints.EqualConstraintTests+DateTimeOffsetShouldBeSame.PositiveEqualityTestWithToleranceAndWithSameOffset(01/30/2014 09:19:55 +03:00,01/30/2014 09:19:56 +03:01)" methodname="PositiveEqualityTestWithToleranceAndWithSameOffset" classname="NUnit.Framework.Constraints.EqualConstraintTests+DateTimeOffsetShouldBeSame" runstate="Runnable" seed="1863699975" result="Inconclusive" start-time="2016-02-19 11:52:45Z" end-time="2016-02-19 11:52:45Z" duration="0.000568" asserts="0">
                <reason>
                  <message><![CDATA[  Expected: True
  But was:  False
]]></message>
                </reason>
              </test-case>
              <test-case id="0-4788" name="PositiveEqualityTestWithToleranceAndWithSameOffset(01/30/2014 09:19:55 +03:00,01/30/2014 09:19:55 +03:00)" fullname="NUnit.Framework.Constraints.EqualConstraintTests+DateTimeOffsetShouldBeSame.PositiveEqualityTestWithToleranceAndWithSameOffset(01/30/2014 09:19:55 +03:00,01/30/2014 09:19:55 +03:00)" methodname="PositiveEqualityTestWithToleranceAndWithSameOffset" classname="NUnit.Framework.Constraints.EqualConstraintTests+DateTimeOffsetShouldBeSame" runstate="Runnable" seed="1949975478" result="Passed" start-time="2016-02-19 11:52:45Z" end-time="2016-02-19 11:52:45Z" duration="0.000079" asserts="1" />
              <test-case id="0-4789" name="PositiveEqualityTestWithToleranceAndWithSameOffset(01/30/2014 09:19:55 +03:00,01/30/2014 09:19:55 +03:50)" fullname="NUnit.Framework.Constraints.EqualConstraintTests+DateTimeOffsetShouldBeSame.PositiveEqualityTestWithToleranceAndWithSameOffset(01/30/2014 09:19:55 +03:00,01/30/2014 09:19:55 +03:50)" methodname="PositiveEqualityTestWithToleranceAndWithSameOffset" classname="NUnit.Framework.Constraints.EqualConstraintTests+DateTimeOffsetShouldBeSame" runstate="Runnable" seed="1269829325" result="Inconclusive" start-time="2016-02-19 11:52:45Z" end-time="2016-02-19 11:52:45Z" duration="0.001879" asserts="0">
                <reason>
                  <message><![CDATA[  Expected: True
  But was:  False
]]></message>
                </reason>
              </test-case>
              <test-case id="0-4790" name="PositiveEqualityTestWithToleranceAndWithSameOffset(01/30/2014 09:19:55 +03:50,01/30/2014 12:34:56 +06:15)" fullname="NUnit.Framework.Constraints.EqualConstraintTests+DateTimeOffsetShouldBeSame.PositiveEqualityTestWithToleranceAndWithSameOffset(01/30/2014 09:19:55 +03:50,01/30/2014 12:34:56 +06:15)" methodname="PositiveEqualityTestWithToleranceAndWithSameOffset" classname="NUnit.Framework.Constraints.EqualConstraintTests+DateTimeOffsetShouldBeSame" runstate="Runnable" seed="1245603123" result="Inconclusive" start-time="2016-02-19 11:52:45Z" end-time="2016-02-19 11:52:45Z" duration="0.000665" asserts="0">
                <reason>
                  <message><![CDATA[  Expected: True
  But was:  False
]]></message>
                </reason>
              </test-case>
              <test-case id="0-4791" name="PositiveEqualityTestWithToleranceAndWithSameOffset(01/30/2014 09:19:55 +03:50,01/30/2014 09:19:56 +03:00)" fullname="NUnit.Framework.Constraints.EqualConstraintTests+DateTimeOffsetShouldBeSame.PositiveEqualityTestWithToleranceAndWithSameOffset(01/30/2014 09:19:55 +03:50,01/30/2014 09:19:56 +03:00)" methodname="PositiveEqualityTestWithToleranceAndWithSameOffset" classname="NUnit.Framework.Constraints.EqualConstraintTests+DateTimeOffsetShouldBeSame" runstate="Runnable" seed="1392863345" result="Inconclusive" start-time="2016-02-19 11:52:45Z" end-time="2016-02-19 11:52:45Z" duration="0.000661" asserts="0">
                <reason>
                  <message><![CDATA[  Expected: True
  But was:  False
]]></message>
                </reason>
              </test-case>
              <test-case id="0-4792" name="PositiveEqualityTestWithToleranceAndWithSameOffset(01/30/2014 09:19:55 +03:50,01/30/2014 09:19:56 +03:01)" fullname="NUnit.Framework.Constraints.EqualConstraintTests+DateTimeOffsetShouldBeSame.PositiveEqualityTestWithToleranceAndWithSameOffset(01/30/2014 09:19:55 +03:50,01/30/2014 09:19:56 +03:01)" methodname="PositiveEqualityTestWithToleranceAndWithSameOffset" classname="NUnit.Framework.Constraints.EqualConstraintTests+DateTimeOffsetShouldBeSame" runstate="Runnable" seed="1394549030" result="Inconclusive" start-time="2016-02-19 11:52:45Z" end-time="2016-02-19 11:52:45Z" duration="0.000585" asserts="0">
                <reason>
                  <message><![CDATA[  Expected: True
  But was:  False
]]></message>
                </reason>
              </test-case>
              <test-case id="0-4793" name="PositiveEqualityTestWithToleranceAndWithSameOffset(01/30/2014 09:19:55 +03:50,01/30/2014 09:19:55 +03:00)" fullname="NUnit.Framework.Constraints.EqualConstraintTests+DateTimeOffsetShouldBeSame.PositiveEqualityTestWithToleranceAndWithSameOffset(01/30/2014 09:19:55 +03:50,01/30/2014 09:19:55 +03:00)" methodname="PositiveEqualityTestWithToleranceAndWithSameOffset" classname="NUnit.Framework.Constraints.EqualConstraintTests+DateTimeOffsetShouldBeSame" runstate="Runnable" seed="97495011" result="Inconclusive" start-time="2016-02-19 11:52:45Z" end-time="2016-02-19 11:52:45Z" duration="0.000637" asserts="0">
                <reason>
                  <message><![CDATA[  Expected: True
  But was:  False
]]></message>
                </reason>
              </test-case>
              <test-case id="0-4794" name="PositiveEqualityTestWithToleranceAndWithSameOffset(01/30/2014 09:19:55 +03:50,01/30/2014 09:19:55 +03:50)" fullname="NUnit.Framework.Constraints.EqualConstraintTests+DateTimeOffsetShouldBeSame.PositiveEqualityTestWithToleranceAndWithSameOffset(01/30/2014 09:19:55 +03:50,01/30/2014 09:19:55 +03:50)" methodname="PositiveEqualityTestWithToleranceAndWithSameOffset" classname="NUnit.Framework.Constraints.EqualConstraintTests+DateTimeOffsetShouldBeSame" runstate="Runnable" seed="1535644779" result="Passed" start-time="2016-02-19 11:52:45Z" end-time="2016-02-19 11:52:45Z" duration="0.000137" asserts="1" />
            </test-suite>
          </test-suite>
          <test-suite type="TestFixture" id="0-1453" name="NullConstraintTest" fullname="NUnit.Framework.Constraints.NullConstraintTest" classname="NUnit.Framework.Constraints.NullConstraintTest" runstate="Runnable" testcasecount="4" result="Passed" start-time="2016-02-19 11:52:45Z" end-time="2016-02-19 11:52:45Z" duration="0.001683" total="4" passed="4" failed="0" inconclusive="0" skipped="0" asserts="4">
            <test-suite type="ParameterizedMethod" id="0-1457" name="FailsWithBadValues" fullname="NUnit.Framework.Constraints.NullConstraintTest.FailsWithBadValues" runstate="Runnable" testcasecount="1" result="Passed" start-time="2016-02-19 11:52:45Z" end-time="2016-02-19 11:52:45Z" duration="0.000594" total="1" passed="1" failed="0" inconclusive="0" skipped="0" asserts="2">
              <test-case id="0-1456" name="FailsWithBadValues(&quot;hello&quot;,&quot;\&quot;hello\&quot;&quot;)" fullname="NUnit.Framework.Constraints.NullConstraintTest.FailsWithBadValues(&quot;hello&quot;,&quot;\&quot;hello\&quot;&quot;)" methodname="FailsWithBadValues" classname="NUnit.Framework.Constraints.NullConstraintTest" runstate="Runnable" seed="1080905998" result="Passed" start-time="2016-02-19 11:52:45Z" end-time="2016-02-19 11:52:45Z" duration="0.000425" asserts="2" />
            </test-suite>
            <test-case id="0-1458" name="ProvidesProperDescription" fullname="NUnit.Framework.Constraints.NullConstraintTest.ProvidesProperDescription" methodname="ProvidesProperDescription" classname="NUnit.Framework.Constraints.NullConstraintTest" runstate="Runnable" seed="1007811366" result="Passed" start-time="2016-02-19 11:52:45Z" end-time="2016-02-19 11:52:45Z" duration="0.000074" asserts="1" />
            <test-case id="0-1459" name="ProvidesProperStringRepresentation" fullname="NUnit.Framework.Constraints.NullConstraintTest.ProvidesProperStringRepresentation" methodname="ProvidesProperStringRepresentation" classname="NUnit.Framework.Constraints.NullConstraintTest" runstate="Runnable" seed="1661569628" result="Passed" start-time="2016-02-19 11:52:45Z" end-time="2016-02-19 11:52:45Z" duration="0.000076" asserts="1" />
            <test-suite type="ParameterizedMethod" id="0-1455" name="SucceedsWithGoodValues" fullname="NUnit.Framework.Constraints.NullConstraintTest.SucceedsWithGoodValues" runstate="Runnable" testcasecount="1" result="Passed" start-time="2016-02-19 11:52:45Z" end-time="2016-02-19 11:52:45Z" duration="0.000256" total="1" passed="1" failed="0" inconclusive="0" skipped="0" asserts="0">
              <test-case id="0-1454" name="SucceedsWithGoodValues(null)" fullname="NUnit.Framework.Constraints.NullConstraintTest.SucceedsWithGoodValues(null)" methodname="SucceedsWithGoodValues" classname="NUnit.Framework.Constraints.NullConstraintTest" runstate="Runnable" seed="1744236856" result="Passed" start-time="2016-02-19 11:52:45Z" end-time="2016-02-19 11:52:45Z" duration="0.000081" asserts="0" />
            </test-suite>
          </test-suite>
          <test-suite type="TestFixture" id="0-1885" name="NotConstraintTests" fullname="NUnit.Framework.Constraints.NotConstraintTests" classname="NUnit.Framework.Constraints.NotConstraintTests" runstate="Runnable" testcasecount="9" result="Passed" start-time="2016-02-19 11:52:45Z" end-time="2016-02-19 11:52:45Z" duration="0.011049" total="9" passed="9" failed="0" inconclusive="0" skipped="0" asserts="14">
            <test-case id="0-1889" name="CanUseNotOperator" fullname="NUnit.Framework.Constraints.NotConstraintTests.CanUseNotOperator" methodname="CanUseNotOperator" classname="NUnit.Framework.Constraints.NotConstraintTests" runstate="Runnable" seed="1292443331" result="Passed" start-time="2016-02-19 11:52:45Z" end-time="2016-02-19 11:52:45Z" duration="0.001322" asserts="1" />
            <test-suite type="ParameterizedMethod" id="0-1894" name="FailsWithBadValues" fullname="NUnit.Framework.Constraints.NotConstraintTests.FailsWithBadValues" runstate="Runnable" testcasecount="1" result="Passed" start-time="2016-02-19 11:52:45Z" end-time="2016-02-19 11:52:45Z" duration="0.000299" total="1" passed="1" failed="0" inconclusive="0" skipped="0" asserts="2">
              <test-case id="0-1893" name="FailsWithBadValues(null,&quot;null&quot;)" fullname="NUnit.Framework.Constraints.NotConstraintTests.FailsWithBadValues(null,&quot;null&quot;)" methodname="FailsWithBadValues" classname="NUnit.Framework.Constraints.NotConstraintTests" runstate="Runnable" seed="1354612904" result="Passed" start-time="2016-02-19 11:52:45Z" end-time="2016-02-19 11:52:45Z" duration="0.000123" asserts="2" />
            </test-suite>
            <test-case id="0-1886" name="NotHonorsIgnoreCaseUsingConstructors" fullname="NUnit.Framework.Constraints.NotConstraintTests.NotHonorsIgnoreCaseUsingConstructors" methodname="NotHonorsIgnoreCaseUsingConstructors" classname="NUnit.Framework.Constraints.NotConstraintTests" runstate="Runnable" seed="1481969664" result="Passed" start-time="2016-02-19 11:52:45Z" end-time="2016-02-19 11:52:45Z" duration="0.001591" asserts="3" />
            <test-case id="0-1887" name="NotHonorsIgnoreCaseUsingPrefixNotation" fullname="NUnit.Framework.Constraints.NotConstraintTests.NotHonorsIgnoreCaseUsingPrefixNotation" methodname="NotHonorsIgnoreCaseUsingPrefixNotation" classname="NUnit.Framework.Constraints.NotConstraintTests" runstate="Runnable" seed="247069397" result="Passed" start-time="2016-02-19 11:52:45Z" end-time="2016-02-19 11:52:45Z" duration="0.001527" asserts="3" />
            <test-case id="0-1888" name="NotHonorsTolerance" fullname="NUnit.Framework.Constraints.NotConstraintTests.NotHonorsTolerance" methodname="NotHonorsTolerance" classname="NUnit.Framework.Constraints.NotConstraintTests" runstate="Runnable" seed="702047425" result="Passed" start-time="2016-02-19 11:52:45Z" end-time="2016-02-19 11:52:45Z" duration="0.003167" asserts="3" />
            <test-case id="0-1895" name="ProvidesProperDescription" fullname="NUnit.Framework.Constraints.NotConstraintTests.ProvidesProperDescription" methodname="ProvidesProperDescription" classname="NUnit.Framework.Constraints.NotConstraintTests" runstate="Runnable" seed="1537340375" result="Passed" start-time="2016-02-19 11:52:45Z" end-time="2016-02-19 11:52:45Z" duration="0.000082" asserts="1" />
            <test-case id="0-1896" name="ProvidesProperStringRepresentation" fullname="NUnit.Framework.Constraints.NotConstraintTests.ProvidesProperStringRepresentation" methodname="ProvidesProperStringRepresentation" classname="NUnit.Framework.Constraints.NotConstraintTests" runstate="Runnable" seed="309112355" result="Passed" start-time="2016-02-19 11:52:45Z" end-time="2016-02-19 11:52:45Z" duration="0.000075" asserts="1" />
            <test-suite type="ParameterizedMethod" id="0-1892" name="SucceedsWithGoodValues" fullname="NUnit.Framework.Constraints.NotConstraintTests.SucceedsWithGoodValues" runstate="Runnable" testcasecount="2" result="Passed" start-time="2016-02-19 11:52:45Z" end-time="2016-02-19 11:52:45Z" duration="0.000544" total="2" passed="2" failed="0" inconclusive="0" skipped="0" asserts="0">
              <test-case id="0-1890" name="SucceedsWithGoodValues(42)" fullname="NUnit.Framework.Constraints.NotConstraintTests.SucceedsWithGoodValues(42)" methodname="SucceedsWithGoodValues" classname="NUnit.Framework.Constraints.NotConstraintTests" runstate="Runnable" seed="726598000" result="Passed" start-time="2016-02-19 11:52:45Z" end-time="2016-02-19 11:52:45Z" duration="0.000095" asserts="0" />
              <test-case id="0-1891" name="SucceedsWithGoodValues(&quot;Hello&quot;)" fullname="NUnit.Framework.Constraints.NotConstraintTests.SucceedsWithGoodValues(&quot;Hello&quot;)" methodname="SucceedsWithGoodValues" classname="NUnit.Framework.Constraints.NotConstraintTests" runstate="Runnable" seed="755361773" result="Passed" start-time="2016-02-19 11:52:45Z" end-time="2016-02-19 11:52:45Z" duration="0.000085" asserts="0" />
            </test-suite>
          </test-suite>
          <test-suite type="TestFixture" id="0-1844" name="MsgUtilTests" fullname="NUnit.Framework.Constraints.MsgUtilTests" classname="NUnit.Framework.Constraints.MsgUtilTests" runstate="Runnable" testcasecount="38" result="Passed" start-time="2016-02-19 11:52:45Z" end-time="2016-02-19 11:52:45Z" duration="0.025474" total="38" passed="38" failed="0" inconclusive="0" skipped="0" asserts="44">
            <test-case id="0-1884" name="ClipExpectedAndActual_StringsDoNotFitInLine" fullname="NUnit.Framework.Constraints.MsgUtilTests.ClipExpectedAndActual_StringsDoNotFitInLine" methodname="ClipExpectedAndActual_StringsDoNotFitInLine" classname="NUnit.Framework.Constraints.MsgUtilTests" runstate="Runnable" seed="1168512399" result="Passed" start-time="2016-02-19 11:52:45Z" end-time="2016-02-19 11:52:45Z" duration="0.001065" asserts="4" />
            <test-case id="0-1882" name="ClipExpectedAndActual_StringsFitInLine" fullname="NUnit.Framework.Constraints.MsgUtilTests.ClipExpectedAndActual_StringsFitInLine" methodname="ClipExpectedAndActual_StringsFitInLine" classname="NUnit.Framework.Constraints.MsgUtilTests" runstate="Runnable" seed="1118142593" result="Passed" start-time="2016-02-19 11:52:45Z" end-time="2016-02-19 11:52:45Z" duration="0.000986" asserts="4" />
            <test-case id="0-1883" name="ClipExpectedAndActual_StringTailsFitInLine" fullname="NUnit.Framework.Constraints.MsgUtilTests.ClipExpectedAndActual_StringTailsFitInLine" methodname="ClipExpectedAndActual_StringTailsFitInLine" classname="NUnit.Framework.Constraints.MsgUtilTests" runstate="Runnable" seed="118953350" result="Passed" start-time="2016-02-19 11:52:45Z" end-time="2016-02-19 11:52:45Z" duration="0.000476" asserts="1" />
            <test-suite type="ParameterizedMethod" id="0-1875" name="EscapeControlCharsTest" fullname="NUnit.Framework.Constraints.MsgUtilTests.EscapeControlCharsTest" runstate="Runnable" testcasecount="21" result="Passed" start-time="2016-02-19 11:52:45Z" end-time="2016-02-19 11:52:45Z" duration="0.012158" total="21" passed="21" failed="0" inconclusive="0" skipped="0" asserts="21">
              <test-case id="0-1854" name="EscapeControlCharsTest(&quot;\n&quot;,&quot;\\n&quot;)" fullname="NUnit.Framework.Constraints.MsgUtilTests.EscapeControlCharsTest(&quot;\n&quot;,&quot;\\n&quot;)" methodname="EscapeControlCharsTest" classname="NUnit.Framework.Constraints.MsgUtilTests" runstate="Runnable" seed="1967903924" result="Passed" start-time="2016-02-19 11:52:45Z" end-time="2016-02-19 11:52:45Z" duration="0.000600" asserts="1" />
              <test-case id="0-1855" name="EscapeControlCharsTest(&quot;\n\n&quot;,&quot;\\n\\n&quot;)" fullname="NUnit.Framework.Constraints.MsgUtilTests.EscapeControlCharsTest(&quot;\n\n&quot;,&quot;\\n\\n&quot;)" methodname="EscapeControlCharsTest" classname="NUnit.Framework.Constraints.MsgUtilTests" runstate="Runnable" seed="1386904931" result="Passed" start-time="2016-02-19 11:52:45Z" end-time="2016-02-19 11:52:45Z" duration="0.000221" asserts="1" />
              <test-case id="0-1856" name="EscapeControlCharsTest(&quot;\n\n\n&quot;,&quot;\\n\\n\\n&quot;)" fullname="NUnit.Framework.Constraints.MsgUtilTests.EscapeControlCharsTest(&quot;\n\n\n&quot;,&quot;\\n\\n\\n&quot;)" methodname="EscapeControlCharsTest" classname="NUnit.Framework.Constraints.MsgUtilTests" runstate="Runnable" seed="680749542" result="Passed" start-time="2016-02-19 11:52:45Z" end-time="2016-02-19 11:52:45Z" duration="0.000214" asserts="1" />
              <test-case id="0-1857" name="EscapeControlCharsTest(&quot;\r&quot;,&quot;\\r&quot;)" fullname="NUnit.Framework.Constraints.MsgUtilTests.EscapeControlCharsTest(&quot;\r&quot;,&quot;\\r&quot;)" methodname="EscapeControlCharsTest" classname="NUnit.Framework.Constraints.MsgUtilTests" runstate="Runnable" seed="1390322852" result="Passed" start-time="2016-02-19 11:52:45Z" end-time="2016-02-19 11:52:45Z" duration="0.000200" asserts="1" />
              <test-case id="0-1858" name="EscapeControlCharsTest(&quot;\r\r&quot;,&quot;\\r\\r&quot;)" fullname="NUnit.Framework.Constraints.MsgUtilTests.EscapeControlCharsTest(&quot;\r\r&quot;,&quot;\\r\\r&quot;)" methodname="EscapeControlCharsTest" classname="NUnit.Framework.Constraints.MsgUtilTests" runstate="Runnable" seed="834895545" result="Passed" start-time="2016-02-19 11:52:45Z" end-time="2016-02-19 11:52:45Z" duration="0.000210" asserts="1" />
              <test-case id="0-1859" name="EscapeControlCharsTest(&quot;\r\r\r&quot;,&quot;\\r\\r\\r&quot;)" fullname="NUnit.Framework.Constraints.MsgUtilTests.EscapeControlCharsTest(&quot;\r\r\r&quot;,&quot;\\r\\r\\r&quot;)" methodname="EscapeControlCharsTest" classname="NUnit.Framework.Constraints.MsgUtilTests" runstate="Runnable" seed="1783260074" result="Passed" start-time="2016-02-19 11:52:45Z" end-time="2016-02-19 11:52:45Z" duration="0.000203" asserts="1" />
              <test-case id="0-1860" name="EscapeControlCharsTest(&quot;\r\n&quot;,&quot;\\r\\n&quot;)" fullname="NUnit.Framework.Constraints.MsgUtilTests.EscapeControlCharsTest(&quot;\r\n&quot;,&quot;\\r\\n&quot;)" methodname="EscapeControlCharsTest" classname="NUnit.Framework.Constraints.MsgUtilTests" runstate="Runnable" seed="920241570" result="Passed" start-time="2016-02-19 11:52:45Z" end-time="2016-02-19 11:52:45Z" duration="0.000212" asserts="1" />
              <test-case id="0-1861" name="EscapeControlCharsTest(&quot;\n\r&quot;,&quot;\\n\\r&quot;)" fullname="NUnit.Framework.Constraints.MsgUtilTests.EscapeControlCharsTest(&quot;\n\r&quot;,&quot;\\n\\r&quot;)" methodname="EscapeControlCharsTest" classname="NUnit.Framework.Constraints.MsgUtilTests" runstate="Runnable" seed="169938175" result="Passed" start-time="2016-02-19 11:52:45Z" end-time="2016-02-19 11:52:45Z" duration="0.000217" asserts="1" />
              <test-case id="0-1862" name="EscapeControlCharsTest(&quot;This is a\rtest message&quot;,&quot;This is a\\rtest message&quot;)" fullname="NUnit.Framework.Constraints.MsgUtilTests.EscapeControlCharsTest(&quot;This is a\rtest message&quot;,&quot;This is a\\rtest message&quot;)" methodname="EscapeControlCharsTest" classname="NUnit.Framework.Constraints.MsgUtilTests" runstate="Runnable" seed="1163584497" result="Passed" start-time="2016-02-19 11:52:45Z" end-time="2016-02-19 11:52:45Z" duration="0.000252" asserts="1" />
              <test-case id="0-1863" name="EscapeControlCharsTest(&quot;&quot;,&quot;&quot;)" fullname="NUnit.Framework.Constraints.MsgUtilTests.EscapeControlCharsTest(&quot;&quot;,&quot;&quot;)" methodname="EscapeControlCharsTest" classname="NUnit.Framework.Constraints.MsgUtilTests" runstate="Runnable" seed="796484804" result="Passed" start-time="2016-02-19 11:52:45Z" end-time="2016-02-19 11:52:45Z" duration="0.000199" asserts="1" />
              <test-case id="0-1864" name="EscapeControlCharsTest(null,null)" fullname="NUnit.Framework.Constraints.MsgUtilTests.EscapeControlCharsTest(null,null)" methodname="EscapeControlCharsTest" classname="NUnit.Framework.Constraints.MsgUtilTests" runstate="Runnable" seed="1718681629" result="Passed" start-time="2016-02-19 11:52:45Z" end-time="2016-02-19 11:52:45Z" duration="0.000203" asserts="1" />
              <test-case id="0-1865" name="EscapeControlCharsTest(&quot;\t&quot;,&quot;\\t&quot;)" fullname="NUnit.Framework.Constraints.MsgUtilTests.EscapeControlCharsTest(&quot;\t&quot;,&quot;\\t&quot;)" methodname="EscapeControlCharsTest" classname="NUnit.Framework.Constraints.MsgUtilTests" runstate="Runnable" seed="2045157397" result="Passed" start-time="2016-02-19 11:52:45Z" end-time="2016-02-19 11:52:45Z" duration="0.000212" asserts="1" />
              <test-case id="0-1866" name="EscapeControlCharsTest(&quot;\t\n&quot;,&quot;\\t\\n&quot;)" fullname="NUnit.Framework.Constraints.MsgUtilTests.EscapeControlCharsTest(&quot;\t\n&quot;,&quot;\\t\\n&quot;)" methodname="EscapeControlCharsTest" classname="NUnit.Framework.Constraints.MsgUtilTests" runstate="Runnable" seed="1952856411" result="Passed" start-time="2016-02-19 11:52:45Z" end-time="2016-02-19 11:52:45Z" duration="0.000214" asserts="1" />
              <test-case id="0-1867" name="EscapeControlCharsTest(&quot;\\r\\n&quot;,&quot;\\\\r\\\\n&quot;)" fullname="NUnit.Framework.Constraints.MsgUtilTests.EscapeControlCharsTest(&quot;\\r\\n&quot;,&quot;\\\\r\\\\n&quot;)" methodname="EscapeControlCharsTest" classname="NUnit.Framework.Constraints.MsgUtilTests" runstate="Runnable" seed="1329138085" result="Passed" start-time="2016-02-19 11:52:45Z" end-time="2016-02-19 11:52:45Z" duration="0.001380" asserts="1" />
              <test-case id="0-1868" name="EscapeControlCharsTest(&quot;\a&quot;,&quot;\\a&quot;)" fullname="NUnit.Framework.Constraints.MsgUtilTests.EscapeControlCharsTest(&quot;\a&quot;,&quot;\\a&quot;)" methodname="EscapeControlCharsTest" classname="NUnit.Framework.Constraints.MsgUtilTests" runstate="Runnable" seed="1838710357" result="Passed" start-time="2016-02-19 11:52:45Z" end-time="2016-02-19 11:52:45Z" duration="0.000217" asserts="1" />
              <test-case id="0-1869" name="EscapeControlCharsTest(&quot;\b&quot;,&quot;\\b&quot;)" fullname="NUnit.Framework.Constraints.MsgUtilTests.EscapeControlCharsTest(&quot;\b&quot;,&quot;\\b&quot;)" methodname="EscapeControlCharsTest" classname="NUnit.Framework.Constraints.MsgUtilTests" runstate="Runnable" seed="787636262" result="Passed" start-time="2016-02-19 11:52:45Z" end-time="2016-02-19 11:52:45Z" duration="0.000280" asserts="1" />
              <test-case id="0-1870" name="EscapeControlCharsTest(&quot;\f&quot;,&quot;\\f&quot;)" fullname="NUnit.Framework.Constraints.MsgUtilTests.EscapeControlCharsTest(&quot;\f&quot;,&quot;\\f&quot;)" methodname="EscapeControlCharsTest" classname="NUnit.Framework.Constraints.MsgUtilTests" runstate="Runnable" seed="1695727828" result="Passed" start-time="2016-02-19 11:52:45Z" end-time="2016-02-19 11:52:45Z" duration="0.000207" asserts="1" />
              <test-case id="0-1871" name="EscapeControlCharsTest(&quot;\v&quot;,&quot;\\v&quot;)" fullname="NUnit.Framework.Constraints.MsgUtilTests.EscapeControlCharsTest(&quot;\v&quot;,&quot;\\v&quot;)" methodname="EscapeControlCharsTest" classname="NUnit.Framework.Constraints.MsgUtilTests" runstate="Runnable" seed="25193536" result="Passed" start-time="2016-02-19 11:52:45Z" end-time="2016-02-19 11:52:45Z" duration="0.000207" asserts="1" />
              <test-case id="0-1872" name="EscapeControlCharsTest(&quot;\x0085&quot;,&quot;\\x0085&quot;)" fullname="NUnit.Framework.Constraints.MsgUtilTests.EscapeControlCharsTest(&quot;\x0085&quot;,&quot;\\x0085&quot;)" methodname="EscapeControlCharsTest" classname="NUnit.Framework.Constraints.MsgUtilTests" runstate="Runnable" seed="1587266913" result="Passed" start-time="2016-02-19 11:52:45Z" end-time="2016-02-19 11:52:45Z" duration="0.000217" asserts="1">
                <properties>
                  <property name="Description" value="Next line character" />
                </properties>
              </test-case>
              <test-case id="0-1873" name="EscapeControlCharsTest(&quot;\x2028&quot;,&quot;\\x2028&quot;)" fullname="NUnit.Framework.Constraints.MsgUtilTests.EscapeControlCharsTest(&quot;\x2028&quot;,&quot;\\x2028&quot;)" methodname="EscapeControlCharsTest" classname="NUnit.Framework.Constraints.MsgUtilTests" runstate="Runnable" seed="1039643665" result="Passed" start-time="2016-02-19 11:52:45Z" end-time="2016-02-19 11:52:45Z" duration="0.000210" asserts="1">
                <properties>
                  <property name="Description" value="Line separator character" />
                </properties>
              </test-case>
              <test-case id="0-1874" name="EscapeControlCharsTest(&quot;\x2029&quot;,&quot;\\x2029&quot;)" fullname="NUnit.Framework.Constraints.MsgUtilTests.EscapeControlCharsTest(&quot;\x2029&quot;,&quot;\\x2029&quot;)" methodname="EscapeControlCharsTest" classname="NUnit.Framework.Constraints.MsgUtilTests" runstate="Runnable" seed="1798746034" result="Passed" start-time="2016-02-19 11:52:45Z" end-time="2016-02-19 11:52:45Z" duration="0.000207" asserts="1">
                <properties>
                  <property name="Description" value="Paragraph separator character" />
                </properties>
              </test-case>
            </test-suite>
            <test-case id="0-1876" name="EscapeNullCharInString" fullname="NUnit.Framework.Constraints.MsgUtilTests.EscapeNullCharInString" methodname="EscapeNullCharInString" classname="NUnit.Framework.Constraints.MsgUtilTests" runstate="Runnable" seed="1654057146" result="Passed" start-time="2016-02-19 11:52:45Z" end-time="2016-02-19 11:52:45Z" duration="0.000389" asserts="1" />
            <test-case id="0-1853" name="FormatValue_DateTimeTest" fullname="NUnit.Framework.Constraints.MsgUtilTests.FormatValue_DateTimeTest" methodname="FormatValue_DateTimeTest" classname="NUnit.Framework.Constraints.MsgUtilTests" runstate="Runnable" seed="268200895" result="Passed" start-time="2016-02-19 11:52:45Z" end-time="2016-02-19 11:52:45Z" duration="0.000642" asserts="1" />
            <test-case id="0-1852" name="FormatValue_DecimalIsWrittenToTwentyNineDigits" fullname="NUnit.Framework.Constraints.MsgUtilTests.FormatValue_DecimalIsWrittenToTwentyNineDigits" methodname="FormatValue_DecimalIsWrittenToTwentyNineDigits" classname="NUnit.Framework.Constraints.MsgUtilTests" runstate="Runnable" seed="1482655642" result="Passed" start-time="2016-02-19 11:52:45Z" end-time="2016-02-19 11:52:45Z" duration="0.000584" asserts="1" />
            <test-case id="0-1851" name="FormatValue_DecimalIsWrittenWithTrailingM" fullname="NUnit.Framework.Constraints.MsgUtilTests.FormatValue_DecimalIsWrittenWithTrailingM" methodname="FormatValue_DecimalIsWrittenWithTrailingM" classname="NUnit.Framework.Constraints.MsgUtilTests" runstate="Runnable" seed="1409631761" result="Passed" start-time="2016-02-19 11:52:45Z" end-time="2016-02-19 11:52:45Z" duration="0.000574" asserts="1" />
            <test-case id="0-1850" name="FormatValue_DoubleIsWrittenToSeventeenDigits" fullname="NUnit.Framework.Constraints.MsgUtilTests.FormatValue_DoubleIsWrittenToSeventeenDigits" methodname="FormatValue_DoubleIsWrittenToSeventeenDigits" classname="NUnit.Framework.Constraints.MsgUtilTests" runstate="Runnable" seed="1392176927" result="Passed" start-time="2016-02-19 11:52:45Z" end-time="2016-02-19 11:52:45Z" duration="0.000423" asserts="1" />
            <test-case id="0-1849" name="FormatValue_DoubleIsWrittenWithTrailingD" fullname="NUnit.Framework.Constraints.MsgUtilTests.FormatValue_DoubleIsWrittenWithTrailingD" methodname="FormatValue_DoubleIsWrittenWithTrailingD" classname="NUnit.Framework.Constraints.MsgUtilTests" runstate="Runnable" seed="2093746382" result="Passed" start-time="2016-02-19 11:52:45Z" end-time="2016-02-19 11:52:45Z" duration="0.000437" asserts="1" />
            <test-case id="0-1848" name="FormatValue_FloatIsWrittenToNineDigits" fullname="NUnit.Framework.Constraints.MsgUtilTests.FormatValue_FloatIsWrittenToNineDigits" methodname="FormatValue_FloatIsWrittenToNineDigits" classname="NUnit.Framework.Constraints.MsgUtilTests" runstate="Runnable" seed="288265839" result="Passed" start-time="2016-02-19 11:52:45Z" end-time="2016-02-19 11:52:45Z" duration="0.000506" asserts="1" />
            <test-case id="0-1847" name="FormatValue_FloatIsWrittenWithTrailingF" fullname="NUnit.Framework.Constraints.MsgUtilTests.FormatValue_FloatIsWrittenWithTrailingF" methodname="FormatValue_FloatIsWrittenWithTrailingF" classname="NUnit.Framework.Constraints.MsgUtilTests" runstate="Runnable" seed="730587266" result="Passed" start-time="2016-02-19 11:52:45Z" end-time="2016-02-19 11:52:45Z" duration="0.000383" asserts="1" />
            <test-case id="0-1845" name="FormatValue_IntegerIsWrittenAsIs" fullname="NUnit.Framework.Constraints.MsgUtilTests.FormatValue_IntegerIsWrittenAsIs" methodname="FormatValue_IntegerIsWrittenAsIs" classname="NUnit.Framework.Constraints.MsgUtilTests" runstate="Runnable" seed="1586501556" result="Passed" start-time="2016-02-19 11:52:45Z" end-time="2016-02-19 11:52:45Z" duration="0.000368" asserts="1" />
            <test-case id="0-1846" name="FormatValue_StringIsWrittenWithQuotes" fullname="NUnit.Framework.Constraints.MsgUtilTests.FormatValue_StringIsWrittenWithQuotes" methodname="FormatValue_StringIsWrittenWithQuotes" classname="NUnit.Framework.Constraints.MsgUtilTests" runstate="Runnable" seed="508992371" result="Passed" start-time="2016-02-19 11:52:45Z" end-time="2016-02-19 11:52:45Z" duration="0.000353" asserts="1" />
            <test-suite type="ParameterizedMethod" id="0-1881" name="TestClipString" fullname="NUnit.Framework.Constraints.MsgUtilTests.TestClipString" runstate="Runnable" testcasecount="4" result="Passed" start-time="2016-02-19 11:52:45Z" end-time="2016-02-19 11:52:45Z" duration="0.002901" total="4" passed="4" failed="0" inconclusive="0" skipped="0" asserts="4">
              <test-case id="0-1877" name="NoClippingNeeded" fullname="NUnit.Framework.Constraints.MsgUtilTests.NoClippingNeeded" methodname="TestClipString" classname="NUnit.Framework.Constraints.MsgUtilTests" runstate="Runnable" seed="1338080779" result="Passed" start-time="2016-02-19 11:52:45Z" end-time="2016-02-19 11:52:45Z" duration="0.001080" asserts="1">
                <output><![CDATA[input=  "abcdefghijklmnopqrstuvwxyzABCDEFGHIJKLMNOPQRSTUVWXYZ"
result= "abcdefghijklmnopqrstuvwxyzABCDEFGHIJKLMNOPQRSTUVWXYZ"
]]></output>
              </test-case>
              <test-case id="0-1878" name="ClipAtEnd" fullname="NUnit.Framework.Constraints.MsgUtilTests.ClipAtEnd" methodname="TestClipString" classname="NUnit.Framework.Constraints.MsgUtilTests" runstate="Runnable" seed="1763998604" result="Passed" start-time="2016-02-19 11:52:45Z" end-time="2016-02-19 11:52:45Z" duration="0.000104" asserts="1">
                <output><![CDATA[input=  "abcdefghijklmnopqrstuvwxyzABCDEFGHIJKLMNOPQRSTUVWXYZ"
result= "abcdefghijklmnopqrstuvwxyz..."
]]></output>
              </test-case>
              <test-case id="0-1879" name="ClipAtStart" fullname="NUnit.Framework.Constraints.MsgUtilTests.ClipAtStart" methodname="TestClipString" classname="NUnit.Framework.Constraints.MsgUtilTests" runstate="Runnable" seed="852520159" result="Passed" start-time="2016-02-19 11:52:45Z" end-time="2016-02-19 11:52:45Z" duration="0.000101" asserts="1">
                <output><![CDATA[input=  "abcdefghijklmnopqrstuvwxyzABCDEFGHIJKLMNOPQRSTUVWXYZ"
result= "...ABCDEFGHIJKLMNOPQRSTUVWXYZ"
]]></output>
              </test-case>
              <test-case id="0-1880" name="ClipAtStartAndEnd" fullname="NUnit.Framework.Constraints.MsgUtilTests.ClipAtStartAndEnd" methodname="TestClipString" classname="NUnit.Framework.Constraints.MsgUtilTests" runstate="Runnable" seed="1196191230" result="Passed" start-time="2016-02-19 11:52:45Z" end-time="2016-02-19 11:52:45Z" duration="0.000105" asserts="1">
                <output><![CDATA[input=  "abcdefghijklmnopqrstuvwxyzABCDEFGHIJKLMNOPQRSTUVWXYZ"
result= "...ABCDEFGHIJKLMNOPQRSTUV..."
]]></output>
              </test-case>
            </test-suite>
          </test-suite>
          <test-suite type="TestFixture" id="0-1767" name="NUnitComparerTests" fullname="NUnit.Framework.Constraints.NUnitComparerTests" classname="NUnit.Framework.Constraints.NUnitComparerTests" runstate="Runnable" testcasecount="22" result="Passed" start-time="2016-02-19 11:52:45Z" end-time="2016-02-19 11:52:45Z" duration="0.011494" total="22" passed="22" failed="0" inconclusive="0" skipped="0" asserts="33">
            <test-suite type="ParameterizedMethod" id="0-1779" name="EqualItems" fullname="NUnit.Framework.Constraints.NUnitComparerTests.EqualItems" runstate="Runnable" testcasecount="11" result="Passed" start-time="2016-02-19 11:52:45Z" end-time="2016-02-19 11:52:45Z" duration="0.004496" total="11" passed="11" failed="0" inconclusive="0" skipped="0" asserts="11">
              <test-case id="0-1768" name="EqualItems(4,4)" fullname="NUnit.Framework.Constraints.NUnitComparerTests.EqualItems(4,4)" methodname="EqualItems" classname="NUnit.Framework.Constraints.NUnitComparerTests" runstate="Runnable" seed="2078144518" result="Passed" start-time="2016-02-19 11:52:45Z" end-time="2016-02-19 11:52:45Z" duration="0.000685" asserts="1" />
              <test-case id="0-1769" name="EqualItems(4.0d,4.0d)" fullname="NUnit.Framework.Constraints.NUnitComparerTests.EqualItems(4.0d,4.0d)" methodname="EqualItems" classname="NUnit.Framework.Constraints.NUnitComparerTests" runstate="Runnable" seed="1856782036" result="Passed" start-time="2016-02-19 11:52:45Z" end-time="2016-02-19 11:52:45Z" duration="0.000158" asserts="1" />
              <test-case id="0-1770" name="EqualItems(4.0f,4.0f)" fullname="NUnit.Framework.Constraints.NUnitComparerTests.EqualItems(4.0f,4.0f)" methodname="EqualItems" classname="NUnit.Framework.Constraints.NUnitComparerTests" runstate="Runnable" seed="2121401904" result="Passed" start-time="2016-02-19 11:52:45Z" end-time="2016-02-19 11:52:45Z" duration="0.000151" asserts="1" />
              <test-case id="0-1771" name="EqualItems(4,4.0d)" fullname="NUnit.Framework.Constraints.NUnitComparerTests.EqualItems(4,4.0d)" methodname="EqualItems" classname="NUnit.Framework.Constraints.NUnitComparerTests" runstate="Runnable" seed="1397464527" result="Passed" start-time="2016-02-19 11:52:45Z" end-time="2016-02-19 11:52:45Z" duration="0.000148" asserts="1" />
              <test-case id="0-1772" name="EqualItems(4,4.0f)" fullname="NUnit.Framework.Constraints.NUnitComparerTests.EqualItems(4,4.0f)" methodname="EqualItems" classname="NUnit.Framework.Constraints.NUnitComparerTests" runstate="Runnable" seed="625997550" result="Passed" start-time="2016-02-19 11:52:45Z" end-time="2016-02-19 11:52:45Z" duration="0.000150" asserts="1" />
              <test-case id="0-1773" name="EqualItems(4.0d,4)" fullname="NUnit.Framework.Constraints.NUnitComparerTests.EqualItems(4.0d,4)" methodname="EqualItems" classname="NUnit.Framework.Constraints.NUnitComparerTests" runstate="Runnable" seed="944385534" result="Passed" start-time="2016-02-19 11:52:45Z" end-time="2016-02-19 11:52:45Z" duration="0.000150" asserts="1" />
              <test-case id="0-1774" name="EqualItems(4.0d,4.0f)" fullname="NUnit.Framework.Constraints.NUnitComparerTests.EqualItems(4.0d,4.0f)" methodname="EqualItems" classname="NUnit.Framework.Constraints.NUnitComparerTests" runstate="Runnable" seed="1910108169" result="Passed" start-time="2016-02-19 11:52:45Z" end-time="2016-02-19 11:52:45Z" duration="0.000147" asserts="1" />
              <test-case id="0-1775" name="EqualItems(4.0f,4)" fullname="NUnit.Framework.Constraints.NUnitComparerTests.EqualItems(4.0f,4)" methodname="EqualItems" classname="NUnit.Framework.Constraints.NUnitComparerTests" runstate="Runnable" seed="1080430635" result="Passed" start-time="2016-02-19 11:52:45Z" end-time="2016-02-19 11:52:45Z" duration="0.000251" asserts="1" />
              <test-case id="0-1776" name="EqualItems(4.0f,4.0d)" fullname="NUnit.Framework.Constraints.NUnitComparerTests.EqualItems(4.0f,4.0d)" methodname="EqualItems" classname="NUnit.Framework.Constraints.NUnitComparerTests" runstate="Runnable" seed="583535645" result="Passed" start-time="2016-02-19 11:52:45Z" end-time="2016-02-19 11:52:45Z" duration="0.000185" asserts="1" />
              <test-case id="0-1777" name="EqualItems(null,null)" fullname="NUnit.Framework.Constraints.NUnitComparerTests.EqualItems(null,null)" methodname="EqualItems" classname="NUnit.Framework.Constraints.NUnitComparerTests" runstate="Runnable" seed="1162394755" result="Passed" start-time="2016-02-19 11:52:45Z" end-time="2016-02-19 11:52:45Z" duration="0.000174" asserts="1" />
              <test-case id="0-1778" name="EqualItems(null,null)" fullname="NUnit.Framework.Constraints.NUnitComparerTests.EqualItems(null,null)" methodname="EqualItems" classname="NUnit.Framework.Constraints.NUnitComparerTests" runstate="Runnable" seed="144576774" result="Passed" start-time="2016-02-19 11:52:45Z" end-time="2016-02-19 11:52:45Z" duration="0.000253" asserts="1" />
            </test-suite>
            <test-suite type="ParameterizedMethod" id="0-1791" name="UnequalItems" fullname="NUnit.Framework.Constraints.NUnitComparerTests.UnequalItems" runstate="Runnable" testcasecount="11" result="Passed" start-time="2016-02-19 11:52:45Z" end-time="2016-02-19 11:52:45Z" duration="0.006593" total="11" passed="11" failed="0" inconclusive="0" skipped="0" asserts="22">
              <test-case id="0-1780" name="UnequalItems(4,2)" fullname="NUnit.Framework.Constraints.NUnitComparerTests.UnequalItems(4,2)" methodname="UnequalItems" classname="NUnit.Framework.Constraints.NUnitComparerTests" runstate="Runnable" seed="14468195" result="Passed" start-time="2016-02-19 11:52:45Z" end-time="2016-02-19 11:52:45Z" duration="0.000656" asserts="2" />
              <test-case id="0-1781" name="UnequalItems(4.0d,2.0d)" fullname="NUnit.Framework.Constraints.NUnitComparerTests.UnequalItems(4.0d,2.0d)" methodname="UnequalItems" classname="NUnit.Framework.Constraints.NUnitComparerTests" runstate="Runnable" seed="1819202381" result="Passed" start-time="2016-02-19 11:52:45Z" end-time="2016-02-19 11:52:45Z" duration="0.000165" asserts="2" />
              <test-case id="0-1782" name="UnequalItems(4.0f,2.0f)" fullname="NUnit.Framework.Constraints.NUnitComparerTests.UnequalItems(4.0f,2.0f)" methodname="UnequalItems" classname="NUnit.Framework.Constraints.NUnitComparerTests" runstate="Runnable" seed="886114020" result="Passed" start-time="2016-02-19 11:52:45Z" end-time="2016-02-19 11:52:45Z" duration="0.000162" asserts="2" />
              <test-case id="0-1783" name="UnequalItems(4,2.0d)" fullname="NUnit.Framework.Constraints.NUnitComparerTests.UnequalItems(4,2.0d)" methodname="UnequalItems" classname="NUnit.Framework.Constraints.NUnitComparerTests" runstate="Runnable" seed="1839450245" result="Passed" start-time="2016-02-19 11:52:45Z" end-time="2016-02-19 11:52:45Z" duration="0.000156" asserts="2" />
              <test-case id="0-1784" name="UnequalItems(4,2.0f)" fullname="NUnit.Framework.Constraints.NUnitComparerTests.UnequalItems(4,2.0f)" methodname="UnequalItems" classname="NUnit.Framework.Constraints.NUnitComparerTests" runstate="Runnable" seed="7806635" result="Passed" start-time="2016-02-19 11:52:45Z" end-time="2016-02-19 11:52:45Z" duration="0.000170" asserts="2" />
              <test-case id="0-1785" name="UnequalItems(4.0d,2)" fullname="NUnit.Framework.Constraints.NUnitComparerTests.UnequalItems(4.0d,2)" methodname="UnequalItems" classname="NUnit.Framework.Constraints.NUnitComparerTests" runstate="Runnable" seed="696788186" result="Passed" start-time="2016-02-19 11:52:45Z" end-time="2016-02-19 11:52:45Z" duration="0.000162" asserts="2" />
              <test-case id="0-1786" name="UnequalItems(4.0d,2.0f)" fullname="NUnit.Framework.Constraints.NUnitComparerTests.UnequalItems(4.0d,2.0f)" methodname="UnequalItems" classname="NUnit.Framework.Constraints.NUnitComparerTests" runstate="Runnable" seed="1014945952" result="Passed" start-time="2016-02-19 11:52:45Z" end-time="2016-02-19 11:52:45Z" duration="0.001424" asserts="2" />
              <test-case id="0-1787" name="UnequalItems(4.0f,2)" fullname="NUnit.Framework.Constraints.NUnitComparerTests.UnequalItems(4.0f,2)" methodname="UnequalItems" classname="NUnit.Framework.Constraints.NUnitComparerTests" runstate="Runnable" seed="1116816357" result="Passed" start-time="2016-02-19 11:52:45Z" end-time="2016-02-19 11:52:45Z" duration="0.000167" asserts="2" />
              <test-case id="0-1788" name="UnequalItems(4.0f,2.0d)" fullname="NUnit.Framework.Constraints.NUnitComparerTests.UnequalItems(4.0f,2.0d)" methodname="UnequalItems" classname="NUnit.Framework.Constraints.NUnitComparerTests" runstate="Runnable" seed="2082237364" result="Passed" start-time="2016-02-19 11:52:45Z" end-time="2016-02-19 11:52:45Z" duration="0.000219" asserts="2" />
              <test-case id="0-1789" name="UnequalItems(4,null)" fullname="NUnit.Framework.Constraints.NUnitComparerTests.UnequalItems(4,null)" methodname="UnequalItems" classname="NUnit.Framework.Constraints.NUnitComparerTests" runstate="Runnable" seed="1169391224" result="Passed" start-time="2016-02-19 11:52:45Z" end-time="2016-02-19 11:52:45Z" duration="0.000153" asserts="2" />
              <test-case id="0-1790" name="UnequalItems(4,null)" fullname="NUnit.Framework.Constraints.NUnitComparerTests.UnequalItems(4,null)" methodname="UnequalItems" classname="NUnit.Framework.Constraints.NUnitComparerTests" runstate="Runnable" seed="1895433689" result="Passed" start-time="2016-02-19 11:52:45Z" end-time="2016-02-19 11:52:45Z" duration="0.000153" asserts="2" />
            </test-suite>
          </test-suite>
          <test-suite type="TestFixture" id="0-1976" name="OrConstraintTests" fullname="NUnit.Framework.Constraints.OrConstraintTests" classname="NUnit.Framework.Constraints.OrConstraintTests" runstate="Runnable" testcasecount="6" result="Passed" start-time="2016-02-19 11:52:45Z" end-time="2016-02-19 11:52:45Z" duration="0.006560" total="6" passed="6" failed="0" inconclusive="0" skipped="0" asserts="5">
            <test-case id="0-1977" name="CanCombineTestsWithOrOperator" fullname="NUnit.Framework.Constraints.OrConstraintTests.CanCombineTestsWithOrOperator" methodname="CanCombineTestsWithOrOperator" classname="NUnit.Framework.Constraints.OrConstraintTests" runstate="Runnable" seed="1094552840" result="Passed" start-time="2016-02-19 11:52:45Z" end-time="2016-02-19 11:52:45Z" duration="0.001753" asserts="1" />
            <test-suite type="ParameterizedMethod" id="0-1982" name="FailsWithBadValues" fullname="NUnit.Framework.Constraints.OrConstraintTests.FailsWithBadValues" runstate="Runnable" testcasecount="1" result="Passed" start-time="2016-02-19 11:52:45Z" end-time="2016-02-19 11:52:45Z" duration="0.002475" total="1" passed="1" failed="0" inconclusive="0" skipped="0" asserts="2">
              <test-case id="0-1981" name="FailsWithBadValues(37,&quot;37&quot;)" fullname="NUnit.Framework.Constraints.OrConstraintTests.FailsWithBadValues(37,&quot;37&quot;)" methodname="FailsWithBadValues" classname="NUnit.Framework.Constraints.OrConstraintTests" runstate="Runnable" seed="1928609078" result="Passed" start-time="2016-02-19 11:52:45Z" end-time="2016-02-19 11:52:45Z" duration="0.002164" asserts="2" />
            </test-suite>
            <test-case id="0-1983" name="ProvidesProperDescription" fullname="NUnit.Framework.Constraints.OrConstraintTests.ProvidesProperDescription" methodname="ProvidesProperDescription" classname="NUnit.Framework.Constraints.OrConstraintTests" runstate="Runnable" seed="803301838" result="Passed" start-time="2016-02-19 11:52:45Z" end-time="2016-02-19 11:52:45Z" duration="0.000092" asserts="1" />
            <test-case id="0-1984" name="ProvidesProperStringRepresentation" fullname="NUnit.Framework.Constraints.OrConstraintTests.ProvidesProperStringRepresentation" methodname="ProvidesProperStringRepresentation" classname="NUnit.Framework.Constraints.OrConstraintTests" runstate="Runnable" seed="488705313" result="Passed" start-time="2016-02-19 11:52:45Z" end-time="2016-02-19 11:52:45Z" duration="0.000088" asserts="1" />
            <test-suite type="ParameterizedMethod" id="0-1980" name="SucceedsWithGoodValues" fullname="NUnit.Framework.Constraints.OrConstraintTests.SucceedsWithGoodValues" runstate="Runnable" testcasecount="2" result="Passed" start-time="2016-02-19 11:52:45Z" end-time="2016-02-19 11:52:45Z" duration="0.000809" total="2" passed="2" failed="0" inconclusive="0" skipped="0" asserts="0">
              <test-case id="0-1978" name="SucceedsWithGoodValues(99)" fullname="NUnit.Framework.Constraints.OrConstraintTests.SucceedsWithGoodValues(99)" methodname="SucceedsWithGoodValues" classname="NUnit.Framework.Constraints.OrConstraintTests" runstate="Runnable" seed="776210030" result="Passed" start-time="2016-02-19 11:52:45Z" end-time="2016-02-19 11:52:45Z" duration="0.000103" asserts="0" />
              <test-case id="0-1979" name="SucceedsWithGoodValues(42)" fullname="NUnit.Framework.Constraints.OrConstraintTests.SucceedsWithGoodValues(42)" methodname="SucceedsWithGoodValues" classname="NUnit.Framework.Constraints.OrConstraintTests" runstate="Runnable" seed="2128688987" result="Passed" start-time="2016-02-19 11:52:45Z" end-time="2016-02-19 11:52:45Z" duration="0.000091" asserts="0" />
            </test-suite>
          </test-suite>
          <test-suite type="TestFixture" id="0-2101" name="PredicateConstraintTests" fullname="NUnit.Framework.Constraints.PredicateConstraintTests" classname="NUnit.Framework.Constraints.PredicateConstraintTests" runstate="Runnable" testcasecount="6" result="Passed" start-time="2016-02-19 11:52:45Z" end-time="2016-02-19 11:52:45Z" duration="0.009091" total="6" passed="6" failed="0" inconclusive="0" skipped="0" asserts="5">
            <test-case id="0-2102" name="CanUseConstraintExpressionSyntax" fullname="NUnit.Framework.Constraints.PredicateConstraintTests.CanUseConstraintExpressionSyntax" methodname="CanUseConstraintExpressionSyntax" classname="NUnit.Framework.Constraints.PredicateConstraintTests" runstate="Runnable" seed="800509792" result="Passed" start-time="2016-02-19 11:52:45Z" end-time="2016-02-19 11:52:45Z" duration="0.003965" asserts="1" />
            <test-suite type="ParameterizedMethod" id="0-2107" name="FailsWithBadValues" fullname="NUnit.Framework.Constraints.PredicateConstraintTests.FailsWithBadValues" runstate="Runnable" testcasecount="1" result="Passed" start-time="2016-02-19 11:52:45Z" end-time="2016-02-19 11:52:45Z" duration="0.001328" total="1" passed="1" failed="0" inconclusive="0" skipped="0" asserts="2">
              <test-case id="0-2106" name="FailsWithBadValues(123,&quot;123&quot;)" fullname="NUnit.Framework.Constraints.PredicateConstraintTests.FailsWithBadValues(123,&quot;123&quot;)" methodname="FailsWithBadValues" classname="NUnit.Framework.Constraints.PredicateConstraintTests" runstate="Runnable" seed="19639001" result="Passed" start-time="2016-02-19 11:52:45Z" end-time="2016-02-19 11:52:45Z" duration="0.001120" asserts="2" />
            </test-suite>
            <test-case id="0-2108" name="ProvidesProperDescription" fullname="NUnit.Framework.Constraints.PredicateConstraintTests.ProvidesProperDescription" methodname="ProvidesProperDescription" classname="NUnit.Framework.Constraints.PredicateConstraintTests" runstate="Runnable" seed="519534861" result="Passed" start-time="2016-02-19 11:52:45Z" end-time="2016-02-19 11:52:45Z" duration="0.000070" asserts="1" />
            <test-case id="0-2109" name="ProvidesProperStringRepresentation" fullname="NUnit.Framework.Constraints.PredicateConstraintTests.ProvidesProperStringRepresentation" methodname="ProvidesProperStringRepresentation" classname="NUnit.Framework.Constraints.PredicateConstraintTests" runstate="Runnable" seed="1428928467" result="Passed" start-time="2016-02-19 11:52:45Z" end-time="2016-02-19 11:52:45Z" duration="0.000082" asserts="1" />
            <test-suite type="ParameterizedMethod" id="0-2105" name="SucceedsWithGoodValues" fullname="NUnit.Framework.Constraints.PredicateConstraintTests.SucceedsWithGoodValues" runstate="Runnable" testcasecount="2" result="Passed" start-time="2016-02-19 11:52:45Z" end-time="2016-02-19 11:52:45Z" duration="0.000805" total="2" passed="2" failed="0" inconclusive="0" skipped="0" asserts="0">
              <test-case id="0-2103" name="SucceedsWithGoodValues(0)" fullname="NUnit.Framework.Constraints.PredicateConstraintTests.SucceedsWithGoodValues(0)" methodname="SucceedsWithGoodValues" classname="NUnit.Framework.Constraints.PredicateConstraintTests" runstate="Runnable" seed="621298830" result="Passed" start-time="2016-02-19 11:52:45Z" end-time="2016-02-19 11:52:45Z" duration="0.000091" asserts="0" />
              <test-case id="0-2104" name="SucceedsWithGoodValues(-5)" fullname="NUnit.Framework.Constraints.PredicateConstraintTests.SucceedsWithGoodValues(-5)" methodname="SucceedsWithGoodValues" classname="NUnit.Framework.Constraints.PredicateConstraintTests" runstate="Runnable" seed="389381242" result="Passed" start-time="2016-02-19 11:52:45Z" end-time="2016-02-19 11:52:45Z" duration="0.000083" asserts="0" />
            </test-suite>
          </test-suite>
          <test-suite type="TestFixture" id="0-2110" name="PropertyExistsTests" fullname="NUnit.Framework.Constraints.PropertyExistsTests" classname="NUnit.Framework.Constraints.PropertyExistsTests" runstate="Runnable" testcasecount="8" result="Passed" start-time="2016-02-19 11:52:45Z" end-time="2016-02-19 11:52:45Z" duration="0.005865" total="8" passed="8" failed="0" inconclusive="0" skipped="0" asserts="8">
            <test-suite type="ParameterizedMethod" id="0-2118" name="FailsWithBadValues" fullname="NUnit.Framework.Constraints.PropertyExistsTests.FailsWithBadValues" runstate="Runnable" testcasecount="3" result="Passed" start-time="2016-02-19 11:52:45Z" end-time="2016-02-19 11:52:45Z" duration="0.003364" total="3" passed="3" failed="0" inconclusive="0" skipped="0" asserts="6">
              <test-case id="0-2115" name="FailsWithBadValues(42,&quot;&lt;System.Int32&gt;&quot;)" fullname="NUnit.Framework.Constraints.PropertyExistsTests.FailsWithBadValues(42,&quot;&lt;System.Int32&gt;&quot;)" methodname="FailsWithBadValues" classname="NUnit.Framework.Constraints.PropertyExistsTests" runstate="Runnable" seed="488758688" result="Passed" start-time="2016-02-19 11:52:45Z" end-time="2016-02-19 11:52:45Z" duration="0.001488" asserts="2" />
              <test-case id="0-2116" name="FailsWithBadValues(System.Collections.Generic.List`1[System.Int32],&quot;&lt;System.Collections.Generic.List`1[Sy...&quot;)" fullname="NUnit.Framework.Constraints.PropertyExistsTests.FailsWithBadValues(System.Collections.Generic.List`1[System.Int32],&quot;&lt;System.Collections.Generic.List`1[Sy...&quot;)" methodname="FailsWithBadValues" classname="NUnit.Framework.Constraints.PropertyExistsTests" runstate="Runnable" seed="1492855180" result="Passed" start-time="2016-02-19 11:52:45Z" end-time="2016-02-19 11:52:45Z" duration="0.000151" asserts="2" />
              <test-case id="0-2117" name="FailsWithBadValues(System.Int32,&quot;&lt;System.Int32&gt;&quot;)" fullname="NUnit.Framework.Constraints.PropertyExistsTests.FailsWithBadValues(System.Int32,&quot;&lt;System.Int32&gt;&quot;)" methodname="FailsWithBadValues" classname="NUnit.Framework.Constraints.PropertyExistsTests" runstate="Runnable" seed="890674248" result="Passed" start-time="2016-02-19 11:52:45Z" end-time="2016-02-19 11:52:45Z" duration="0.000094" asserts="2" />
            </test-suite>
            <test-case id="0-2119" name="ProvidesProperDescription" fullname="NUnit.Framework.Constraints.PropertyExistsTests.ProvidesProperDescription" methodname="ProvidesProperDescription" classname="NUnit.Framework.Constraints.PropertyExistsTests" runstate="Runnable" seed="443104902" result="Passed" start-time="2016-02-19 11:52:45Z" end-time="2016-02-19 11:52:45Z" duration="0.000077" asserts="1" />
            <test-case id="0-2120" name="ProvidesProperStringRepresentation" fullname="NUnit.Framework.Constraints.PropertyExistsTests.ProvidesProperStringRepresentation" methodname="ProvidesProperStringRepresentation" classname="NUnit.Framework.Constraints.PropertyExistsTests" runstate="Runnable" seed="977291860" result="Passed" start-time="2016-02-19 11:52:45Z" end-time="2016-02-19 11:52:45Z" duration="0.000394" asserts="1" />
            <test-suite type="ParameterizedMethod" id="0-2114" name="SucceedsWithGoodValues" fullname="NUnit.Framework.Constraints.PropertyExistsTests.SucceedsWithGoodValues" runstate="Runnable" testcasecount="3" result="Passed" start-time="2016-02-19 11:52:45Z" end-time="2016-02-19 11:52:45Z" duration="0.000980" total="3" passed="3" failed="0" inconclusive="0" skipped="0" asserts="0">
              <test-case id="0-2111" name="SucceedsWithGoodValues(System.Int32[])" fullname="NUnit.Framework.Constraints.PropertyExistsTests.SucceedsWithGoodValues(System.Int32[])" methodname="SucceedsWithGoodValues" classname="NUnit.Framework.Constraints.PropertyExistsTests" runstate="Runnable" seed="319762117" result="Passed" start-time="2016-02-19 11:52:45Z" end-time="2016-02-19 11:52:45Z" duration="0.000090" asserts="0" />
              <test-case id="0-2112" name="SucceedsWithGoodValues(&quot;hello&quot;)" fullname="NUnit.Framework.Constraints.PropertyExistsTests.SucceedsWithGoodValues(&quot;hello&quot;)" methodname="SucceedsWithGoodValues" classname="NUnit.Framework.Constraints.PropertyExistsTests" runstate="Runnable" seed="441662138" result="Passed" start-time="2016-02-19 11:52:45Z" end-time="2016-02-19 11:52:45Z" duration="0.000083" asserts="0" />
              <test-case id="0-2113" name="SucceedsWithGoodValues(System.Array)" fullname="NUnit.Framework.Constraints.PropertyExistsTests.SucceedsWithGoodValues(System.Array)" methodname="SucceedsWithGoodValues" classname="NUnit.Framework.Constraints.PropertyExistsTests" runstate="Runnable" seed="970150367" result="Passed" start-time="2016-02-19 11:52:45Z" end-time="2016-02-19 11:52:45Z" duration="0.000120" asserts="0" />
            </test-suite>
          </test-suite>
          <test-suite type="TestFixture" id="0-2121" name="PropertyTest" fullname="NUnit.Framework.Constraints.PropertyTest" classname="NUnit.Framework.Constraints.PropertyTest" runstate="Runnable" testcasecount="9" result="Passed" start-time="2016-02-19 11:52:45Z" end-time="2016-02-19 11:52:45Z" duration="0.011568" total="9" passed="9" failed="0" inconclusive="0" skipped="0" asserts="10">
            <test-suite type="ParameterizedMethod" id="0-2130" name="FailsWithBadValues" fullname="NUnit.Framework.Constraints.PropertyTest.FailsWithBadValues" runstate="Runnable" testcasecount="2" result="Passed" start-time="2016-02-19 11:52:45Z" end-time="2016-02-19 11:52:45Z" duration="0.001318" total="2" passed="2" failed="0" inconclusive="0" skipped="0" asserts="4">
              <test-case id="0-2128" name="FailsWithBadValues(System.Int32[],&quot;3&quot;)" fullname="NUnit.Framework.Constraints.PropertyTest.FailsWithBadValues(System.Int32[],&quot;3&quot;)" methodname="FailsWithBadValues" classname="NUnit.Framework.Constraints.PropertyTest" runstate="Runnable" seed="238420649" result="Passed" start-time="2016-02-19 11:52:45Z" end-time="2016-02-19 11:52:45Z" duration="0.000653" asserts="2" />
              <test-case id="0-2129" name="FailsWithBadValues(&quot;goodbye&quot;,&quot;7&quot;)" fullname="NUnit.Framework.Constraints.PropertyTest.FailsWithBadValues(&quot;goodbye&quot;,&quot;7&quot;)" methodname="FailsWithBadValues" classname="NUnit.Framework.Constraints.PropertyTest" runstate="Runnable" seed="225712495" result="Passed" start-time="2016-02-19 11:52:45Z" end-time="2016-02-19 11:52:45Z" duration="0.000161" asserts="2" />
            </test-suite>
            <test-case id="0-2123" name="InvalidDataThrowsArgumentException" fullname="NUnit.Framework.Constraints.PropertyTest.InvalidDataThrowsArgumentException" methodname="InvalidDataThrowsArgumentException" classname="NUnit.Framework.Constraints.PropertyTest" runstate="Runnable" seed="523141372" result="Passed" start-time="2016-02-19 11:52:45Z" end-time="2016-02-19 11:52:45Z" duration="0.002023" asserts="1" />
            <test-case id="0-2122" name="NullDataThrowsArgumentNullException" fullname="NUnit.Framework.Constraints.PropertyTest.NullDataThrowsArgumentNullException" methodname="NullDataThrowsArgumentNullException" classname="NUnit.Framework.Constraints.PropertyTest" runstate="Runnable" seed="683558344" result="Passed" start-time="2016-02-19 11:52:45Z" end-time="2016-02-19 11:52:45Z" duration="0.000797" asserts="1" />
            <test-case id="0-2124" name="PropertyEqualToValueWithTolerance" fullname="NUnit.Framework.Constraints.PropertyTest.PropertyEqualToValueWithTolerance" methodname="PropertyEqualToValueWithTolerance" classname="NUnit.Framework.Constraints.PropertyTest" runstate="Runnable" seed="1562121217" result="Passed" start-time="2016-02-19 11:52:45Z" end-time="2016-02-19 11:52:45Z" duration="0.003096" asserts="2" />
            <test-case id="0-2131" name="ProvidesProperDescription" fullname="NUnit.Framework.Constraints.PropertyTest.ProvidesProperDescription" methodname="ProvidesProperDescription" classname="NUnit.Framework.Constraints.PropertyTest" runstate="Runnable" seed="1812324209" result="Passed" start-time="2016-02-19 11:52:45Z" end-time="2016-02-19 11:52:45Z" duration="0.000072" asserts="1" />
            <test-case id="0-2132" name="ProvidesProperStringRepresentation" fullname="NUnit.Framework.Constraints.PropertyTest.ProvidesProperStringRepresentation" methodname="ProvidesProperStringRepresentation" classname="NUnit.Framework.Constraints.PropertyTest" runstate="Runnable" seed="1469068669" result="Passed" start-time="2016-02-19 11:52:45Z" end-time="2016-02-19 11:52:45Z" duration="0.000077" asserts="1" />
            <test-suite type="ParameterizedMethod" id="0-2127" name="SucceedsWithGoodValues" fullname="NUnit.Framework.Constraints.PropertyTest.SucceedsWithGoodValues" runstate="Runnable" testcasecount="2" result="Passed" start-time="2016-02-19 11:52:45Z" end-time="2016-02-19 11:52:45Z" duration="0.001039" total="2" passed="2" failed="0" inconclusive="0" skipped="0" asserts="0">
              <test-case id="0-2125" name="SucceedsWithGoodValues(System.Int32[])" fullname="NUnit.Framework.Constraints.PropertyTest.SucceedsWithGoodValues(System.Int32[])" methodname="SucceedsWithGoodValues" classname="NUnit.Framework.Constraints.PropertyTest" runstate="Runnable" seed="2065690313" result="Passed" start-time="2016-02-19 11:52:45Z" end-time="2016-02-19 11:52:45Z" duration="0.000210" asserts="0" />
              <test-case id="0-2126" name="SucceedsWithGoodValues(&quot;hello&quot;)" fullname="NUnit.Framework.Constraints.PropertyTest.SucceedsWithGoodValues(&quot;hello&quot;)" methodname="SucceedsWithGoodValues" classname="NUnit.Framework.Constraints.PropertyTest" runstate="Runnable" seed="341614763" result="Passed" start-time="2016-02-19 11:52:45Z" end-time="2016-02-19 11:52:45Z" duration="0.000141" asserts="0" />
            </test-suite>
          </test-suite>
          <test-suite type="TestFixture" id="0-1897" name="NumericsTests" fullname="NUnit.Framework.Constraints.NumericsTests" classname="NUnit.Framework.Constraints.NumericsTests" runstate="Runnable" testcasecount="30" result="Passed" start-time="2016-02-19 11:52:45Z" end-time="2016-02-19 11:52:45Z" duration="0.027172" total="30" passed="30" failed="0" inconclusive="0" skipped="0" asserts="42">
            <test-case id="0-1905" name="CanMatchDecimalWithoutToleranceMode" fullname="NUnit.Framework.Constraints.NumericsTests.CanMatchDecimalWithoutToleranceMode" methodname="CanMatchDecimalWithoutToleranceMode" classname="NUnit.Framework.Constraints.NumericsTests" runstate="Runnable" seed="1442080800" result="Passed" start-time="2016-02-19 11:52:45Z" end-time="2016-02-19 11:52:45Z" duration="0.001244" asserts="1" />
            <test-case id="0-1919" name="CanMatchDecimalWithPercentage" fullname="NUnit.Framework.Constraints.NumericsTests.CanMatchDecimalWithPercentage" methodname="CanMatchDecimalWithPercentage" classname="NUnit.Framework.Constraints.NumericsTests" runstate="Runnable" seed="1899222984" result="Passed" start-time="2016-02-19 11:52:45Z" end-time="2016-02-19 11:52:45Z" duration="0.001766" asserts="3" />
            <test-suite type="ParameterizedMethod" id="0-1918" name="CanMatchIntegralsWithPercentage" fullname="NUnit.Framework.Constraints.NumericsTests.CanMatchIntegralsWithPercentage" runstate="Runnable" testcasecount="12" result="Passed" start-time="2016-02-19 11:52:45Z" end-time="2016-02-19 11:52:45Z" duration="0.007265" total="12" passed="12" failed="0" inconclusive="0" skipped="0" asserts="12">
              <test-case id="0-1906" name="CanMatchIntegralsWithPercentage(9500)" fullname="NUnit.Framework.Constraints.NumericsTests.CanMatchIntegralsWithPercentage(9500)" methodname="CanMatchIntegralsWithPercentage" classname="NUnit.Framework.Constraints.NumericsTests" runstate="Runnable" seed="881430628" result="Passed" start-time="2016-02-19 11:52:45Z" end-time="2016-02-19 11:52:45Z" duration="0.000523" asserts="1" />
              <test-case id="0-1907" name="CanMatchIntegralsWithPercentage(10000)" fullname="NUnit.Framework.Constraints.NumericsTests.CanMatchIntegralsWithPercentage(10000)" methodname="CanMatchIntegralsWithPercentage" classname="NUnit.Framework.Constraints.NumericsTests" runstate="Runnable" seed="1538245022" result="Passed" start-time="2016-02-19 11:52:45Z" end-time="2016-02-19 11:52:45Z" duration="0.000160" asserts="1" />
              <test-case id="0-1908" name="CanMatchIntegralsWithPercentage(10500)" fullname="NUnit.Framework.Constraints.NumericsTests.CanMatchIntegralsWithPercentage(10500)" methodname="CanMatchIntegralsWithPercentage" classname="NUnit.Framework.Constraints.NumericsTests" runstate="Runnable" seed="674796037" result="Passed" start-time="2016-02-19 11:52:45Z" end-time="2016-02-19 11:52:45Z" duration="0.000175" asserts="1" />
              <test-case id="0-1909" name="CanMatchIntegralsWithPercentage(9500)" fullname="NUnit.Framework.Constraints.NumericsTests.CanMatchIntegralsWithPercentage(9500)" methodname="CanMatchIntegralsWithPercentage" classname="NUnit.Framework.Constraints.NumericsTests" runstate="Runnable" seed="1818716760" result="Passed" start-time="2016-02-19 11:52:45Z" end-time="2016-02-19 11:52:45Z" duration="0.000166" asserts="1" />
              <test-case id="0-1910" name="CanMatchIntegralsWithPercentage(10000)" fullname="NUnit.Framework.Constraints.NumericsTests.CanMatchIntegralsWithPercentage(10000)" methodname="CanMatchIntegralsWithPercentage" classname="NUnit.Framework.Constraints.NumericsTests" runstate="Runnable" seed="283292911" result="Passed" start-time="2016-02-19 11:52:45Z" end-time="2016-02-19 11:52:45Z" duration="0.000151" asserts="1" />
              <test-case id="0-1911" name="CanMatchIntegralsWithPercentage(10500)" fullname="NUnit.Framework.Constraints.NumericsTests.CanMatchIntegralsWithPercentage(10500)" methodname="CanMatchIntegralsWithPercentage" classname="NUnit.Framework.Constraints.NumericsTests" runstate="Runnable" seed="1999122299" result="Passed" start-time="2016-02-19 11:52:45Z" end-time="2016-02-19 11:52:45Z" duration="0.000145" asserts="1" />
              <test-case id="0-1912" name="CanMatchIntegralsWithPercentage(9500L)" fullname="NUnit.Framework.Constraints.NumericsTests.CanMatchIntegralsWithPercentage(9500L)" methodname="CanMatchIntegralsWithPercentage" classname="NUnit.Framework.Constraints.NumericsTests" runstate="Runnable" seed="1811128688" result="Passed" start-time="2016-02-19 11:52:45Z" end-time="2016-02-19 11:52:45Z" duration="0.000159" asserts="1" />
              <test-case id="0-1913" name="CanMatchIntegralsWithPercentage(10000L)" fullname="NUnit.Framework.Constraints.NumericsTests.CanMatchIntegralsWithPercentage(10000L)" methodname="CanMatchIntegralsWithPercentage" classname="NUnit.Framework.Constraints.NumericsTests" runstate="Runnable" seed="1928753914" result="Passed" start-time="2016-02-19 11:52:45Z" end-time="2016-02-19 11:52:45Z" duration="0.000172" asserts="1" />
              <test-case id="0-1914" name="CanMatchIntegralsWithPercentage(10500L)" fullname="NUnit.Framework.Constraints.NumericsTests.CanMatchIntegralsWithPercentage(10500L)" methodname="CanMatchIntegralsWithPercentage" classname="NUnit.Framework.Constraints.NumericsTests" runstate="Runnable" seed="232323518" result="Passed" start-time="2016-02-19 11:52:45Z" end-time="2016-02-19 11:52:45Z" duration="0.000157" asserts="1" />
              <test-case id="0-1915" name="CanMatchIntegralsWithPercentage(9500UL)" fullname="NUnit.Framework.Constraints.NumericsTests.CanMatchIntegralsWithPercentage(9500UL)" methodname="CanMatchIntegralsWithPercentage" classname="NUnit.Framework.Constraints.NumericsTests" runstate="Runnable" seed="2023043369" result="Passed" start-time="2016-02-19 11:52:45Z" end-time="2016-02-19 11:52:45Z" duration="0.000212" asserts="1" />
              <test-case id="0-1916" name="CanMatchIntegralsWithPercentage(10000UL)" fullname="NUnit.Framework.Constraints.NumericsTests.CanMatchIntegralsWithPercentage(10000UL)" methodname="CanMatchIntegralsWithPercentage" classname="NUnit.Framework.Constraints.NumericsTests" runstate="Runnable" seed="1205932883" result="Passed" start-time="2016-02-19 11:52:45Z" end-time="2016-02-19 11:52:45Z" duration="0.000154" asserts="1" />
              <test-case id="0-1917" name="CanMatchIntegralsWithPercentage(10500UL)" fullname="NUnit.Framework.Constraints.NumericsTests.CanMatchIntegralsWithPercentage(10500UL)" methodname="CanMatchIntegralsWithPercentage" classname="NUnit.Framework.Constraints.NumericsTests" runstate="Runnable" seed="206054547" result="Passed" start-time="2016-02-19 11:52:45Z" end-time="2016-02-19 11:52:45Z" duration="0.000159" asserts="1" />
            </test-suite>
            <test-suite type="ParameterizedMethod" id="0-1904" name="CanMatchWithoutToleranceMode" fullname="NUnit.Framework.Constraints.NumericsTests.CanMatchWithoutToleranceMode" runstate="Runnable" testcasecount="6" result="Passed" start-time="2016-02-19 11:52:45Z" end-time="2016-02-19 11:52:45Z" duration="0.004311" total="6" passed="6" failed="0" inconclusive="0" skipped="0" asserts="6">
              <test-case id="0-1898" name="CanMatchWithoutToleranceMode(123456789)" fullname="NUnit.Framework.Constraints.NumericsTests.CanMatchWithoutToleranceMode(123456789)" methodname="CanMatchWithoutToleranceMode" classname="NUnit.Framework.Constraints.NumericsTests" runstate="Runnable" seed="1184563222" result="Passed" start-time="2016-02-19 11:52:45Z" end-time="2016-02-19 11:52:45Z" duration="0.000421" asserts="1" />
              <test-case id="0-1899" name="CanMatchWithoutToleranceMode(123456789)" fullname="NUnit.Framework.Constraints.NumericsTests.CanMatchWithoutToleranceMode(123456789)" methodname="CanMatchWithoutToleranceMode" classname="NUnit.Framework.Constraints.NumericsTests" runstate="Runnable" seed="413565739" result="Passed" start-time="2016-02-19 11:52:45Z" end-time="2016-02-19 11:52:45Z" duration="0.000108" asserts="1" />
              <test-case id="0-1900" name="CanMatchWithoutToleranceMode(123456789L)" fullname="NUnit.Framework.Constraints.NumericsTests.CanMatchWithoutToleranceMode(123456789L)" methodname="CanMatchWithoutToleranceMode" classname="NUnit.Framework.Constraints.NumericsTests" runstate="Runnable" seed="1233367827" result="Passed" start-time="2016-02-19 11:52:45Z" end-time="2016-02-19 11:52:45Z" duration="0.000106" asserts="1" />
              <test-case id="0-1901" name="CanMatchWithoutToleranceMode(123456789UL)" fullname="NUnit.Framework.Constraints.NumericsTests.CanMatchWithoutToleranceMode(123456789UL)" methodname="CanMatchWithoutToleranceMode" classname="NUnit.Framework.Constraints.NumericsTests" runstate="Runnable" seed="560670256" result="Passed" start-time="2016-02-19 11:52:45Z" end-time="2016-02-19 11:52:45Z" duration="0.000116" asserts="1" />
              <test-case id="0-1902" name="CanMatchWithoutToleranceMode(1234.568f)" fullname="NUnit.Framework.Constraints.NumericsTests.CanMatchWithoutToleranceMode(1234.568f)" methodname="CanMatchWithoutToleranceMode" classname="NUnit.Framework.Constraints.NumericsTests" runstate="Runnable" seed="1157933156" result="Passed" start-time="2016-02-19 11:52:45Z" end-time="2016-02-19 11:52:45Z" duration="0.000117" asserts="1" />
              <test-case id="0-1903" name="CanMatchWithoutToleranceMode(1234.5678d)" fullname="NUnit.Framework.Constraints.NumericsTests.CanMatchWithoutToleranceMode(1234.5678d)" methodname="CanMatchWithoutToleranceMode" classname="NUnit.Framework.Constraints.NumericsTests" runstate="Runnable" seed="877193499" result="Passed" start-time="2016-02-19 11:52:45Z" end-time="2016-02-19 11:52:45Z" duration="0.000118" asserts="1" />
            </test-suite>
            <test-case id="0-1930" name="FailsOnDecimalAbovePercentage" fullname="NUnit.Framework.Constraints.NumericsTests.FailsOnDecimalAbovePercentage" methodname="FailsOnDecimalAbovePercentage" classname="NUnit.Framework.Constraints.NumericsTests" runstate="Runnable" seed="1460004019" result="Passed" start-time="2016-02-19 11:52:45Z" end-time="2016-02-19 11:52:45Z" duration="0.001225" asserts="2" />
            <test-case id="0-1929" name="FailsOnDecimalBelowPercentage" fullname="NUnit.Framework.Constraints.NumericsTests.FailsOnDecimalBelowPercentage" methodname="FailsOnDecimalBelowPercentage" classname="NUnit.Framework.Constraints.NumericsTests" runstate="Runnable" seed="1779320357" result="Passed" start-time="2016-02-19 11:52:45Z" end-time="2016-02-19 11:52:45Z" duration="0.001286" asserts="2" />
            <test-suite type="ParameterizedMethod" id="0-1928" name="FailsOnIntegralsOutsideOfPercentage" fullname="NUnit.Framework.Constraints.NumericsTests.FailsOnIntegralsOutsideOfPercentage" runstate="Runnable" testcasecount="8" result="Passed" start-time="2016-02-19 11:52:45Z" end-time="2016-02-19 11:52:45Z" duration="0.006412" total="8" passed="8" failed="0" inconclusive="0" skipped="0" asserts="16">
              <test-case id="0-1920" name="FailsOnIntegralsOutsideOfPercentage(8500)" fullname="NUnit.Framework.Constraints.NumericsTests.FailsOnIntegralsOutsideOfPercentage(8500)" methodname="FailsOnIntegralsOutsideOfPercentage" classname="NUnit.Framework.Constraints.NumericsTests" runstate="Runnable" seed="2118430191" result="Passed" start-time="2016-02-19 11:52:45Z" end-time="2016-02-19 11:52:45Z" duration="0.002257" asserts="2" />
              <test-case id="0-1921" name="FailsOnIntegralsOutsideOfPercentage(11500)" fullname="NUnit.Framework.Constraints.NumericsTests.FailsOnIntegralsOutsideOfPercentage(11500)" methodname="FailsOnIntegralsOutsideOfPercentage" classname="NUnit.Framework.Constraints.NumericsTests" runstate="Runnable" seed="1589762497" result="Passed" start-time="2016-02-19 11:52:45Z" end-time="2016-02-19 11:52:45Z" duration="0.000201" asserts="2" />
              <test-case id="0-1922" name="FailsOnIntegralsOutsideOfPercentage(8500)" fullname="NUnit.Framework.Constraints.NumericsTests.FailsOnIntegralsOutsideOfPercentage(8500)" methodname="FailsOnIntegralsOutsideOfPercentage" classname="NUnit.Framework.Constraints.NumericsTests" runstate="Runnable" seed="824628314" result="Passed" start-time="2016-02-19 11:52:45Z" end-time="2016-02-19 11:52:45Z" duration="0.000206" asserts="2" />
              <test-case id="0-1923" name="FailsOnIntegralsOutsideOfPercentage(11500)" fullname="NUnit.Framework.Constraints.NumericsTests.FailsOnIntegralsOutsideOfPercentage(11500)" methodname="FailsOnIntegralsOutsideOfPercentage" classname="NUnit.Framework.Constraints.NumericsTests" runstate="Runnable" seed="1895356497" result="Passed" start-time="2016-02-19 11:52:45Z" end-time="2016-02-19 11:52:45Z" duration="0.000191" asserts="2" />
              <test-case id="0-1924" name="FailsOnIntegralsOutsideOfPercentage(8500L)" fullname="NUnit.Framework.Constraints.NumericsTests.FailsOnIntegralsOutsideOfPercentage(8500L)" methodname="FailsOnIntegralsOutsideOfPercentage" classname="NUnit.Framework.Constraints.NumericsTests" runstate="Runnable" seed="1183322970" result="Passed" start-time="2016-02-19 11:52:45Z" end-time="2016-02-19 11:52:45Z" duration="0.000174" asserts="2" />
              <test-case id="0-1925" name="FailsOnIntegralsOutsideOfPercentage(11500L)" fullname="NUnit.Framework.Constraints.NumericsTests.FailsOnIntegralsOutsideOfPercentage(11500L)" methodname="FailsOnIntegralsOutsideOfPercentage" classname="NUnit.Framework.Constraints.NumericsTests" runstate="Runnable" seed="1803474622" result="Passed" start-time="2016-02-19 11:52:45Z" end-time="2016-02-19 11:52:45Z" duration="0.000201" asserts="2" />
              <test-case id="0-1926" name="FailsOnIntegralsOutsideOfPercentage(8500UL)" fullname="NUnit.Framework.Constraints.NumericsTests.FailsOnIntegralsOutsideOfPercentage(8500UL)" methodname="FailsOnIntegralsOutsideOfPercentage" classname="NUnit.Framework.Constraints.NumericsTests" runstate="Runnable" seed="1640302604" result="Passed" start-time="2016-02-19 11:52:45Z" end-time="2016-02-19 11:52:45Z" duration="0.000199" asserts="2" />
              <test-case id="0-1927" name="FailsOnIntegralsOutsideOfPercentage(11500UL)" fullname="NUnit.Framework.Constraints.NumericsTests.FailsOnIntegralsOutsideOfPercentage(11500UL)" methodname="FailsOnIntegralsOutsideOfPercentage" classname="NUnit.Framework.Constraints.NumericsTests" runstate="Runnable" seed="1142819980" result="Passed" start-time="2016-02-19 11:52:45Z" end-time="2016-02-19 11:52:45Z" duration="0.000189" asserts="2" />
            </test-suite>
          </test-suite>
          <test-suite type="TestFixture" id="0-2166" name="ReusableConstraintTests" fullname="NUnit.Framework.Constraints.ReusableConstraintTests" classname="NUnit.Framework.Constraints.ReusableConstraintTests" runstate="Runnable" testcasecount="5" result="Passed" start-time="2016-02-19 11:52:45Z" end-time="2016-02-19 11:52:45Z" duration="0.003377" total="5" passed="5" failed="0" inconclusive="0" skipped="0" asserts="15">
            <test-case id="0-2172" name="CanCreateReusableConstraintByImplicitConversion" fullname="NUnit.Framework.Constraints.ReusableConstraintTests.CanCreateReusableConstraintByImplicitConversion" methodname="CanCreateReusableConstraintByImplicitConversion" classname="NUnit.Framework.Constraints.ReusableConstraintTests" runstate="Runnable" seed="1631918834" result="Passed" start-time="2016-02-19 11:52:45Z" end-time="2016-02-19 11:52:45Z" duration="0.001008" asserts="3" />
            <test-suite type="Theory" id="0-2171" name="CanReuseReusableConstraintMultipleTimes" fullname="NUnit.Framework.Constraints.ReusableConstraintTests.CanReuseReusableConstraintMultipleTimes" runstate="Runnable" testcasecount="4" result="Passed" start-time="2016-02-19 11:52:45Z" end-time="2016-02-19 11:52:45Z" duration="0.001656" total="4" passed="4" failed="0" inconclusive="0" skipped="0" asserts="12">
              <properties>
                <property name="_JOINTYPE" value="Combinatorial" />
              </properties>
              <test-case id="0-2167" name="CanReuseReusableConstraintMultipleTimes(&lt;not &lt;empty&gt;&gt;)" fullname="NUnit.Framework.Constraints.ReusableConstraintTests.CanReuseReusableConstraintMultipleTimes(&lt;not &lt;empty&gt;&gt;)" methodname="CanReuseReusableConstraintMultipleTimes" classname="NUnit.Framework.Constraints.ReusableConstraintTests" runstate="Runnable" seed="1046347856" result="Passed" start-time="2016-02-19 11:52:45Z" end-time="2016-02-19 11:52:45Z" duration="0.000597" asserts="3" />
              <test-case id="0-2168" name="CanReuseReusableConstraintMultipleTimes(&lt;not &lt;null&gt;&gt;)" fullname="NUnit.Framework.Constraints.ReusableConstraintTests.CanReuseReusableConstraintMultipleTimes(&lt;not &lt;null&gt;&gt;)" methodname="CanReuseReusableConstraintMultipleTimes" classname="NUnit.Framework.Constraints.ReusableConstraintTests" runstate="Runnable" seed="137550751" result="Passed" start-time="2016-02-19 11:52:45Z" end-time="2016-02-19 11:52:45Z" duration="0.000048" asserts="3" />
              <test-case id="0-2169" name="CanReuseReusableConstraintMultipleTimes(&lt;property Length &lt;greaterthan 3&gt;&gt;)" fullname="NUnit.Framework.Constraints.ReusableConstraintTests.CanReuseReusableConstraintMultipleTimes(&lt;property Length &lt;greaterthan 3&gt;&gt;)" methodname="CanReuseReusableConstraintMultipleTimes" classname="NUnit.Framework.Constraints.ReusableConstraintTests" runstate="Runnable" seed="2121352593" result="Passed" start-time="2016-02-19 11:52:45Z" end-time="2016-02-19 11:52:45Z" duration="0.000098" asserts="3" />
              <test-case id="0-2170" name="CanReuseReusableConstraintMultipleTimes(&lt;and &lt;property Length &lt;equal 4&gt;&gt; &lt;startswith &quot;te&quot;&gt;&gt;)" fullname="NUnit.Framework.Constraints.ReusableConstraintTests.CanReuseReusableConstraintMultipleTimes(&lt;and &lt;property Length &lt;equal 4&gt;&gt; &lt;startswith &quot;te&quot;&gt;&gt;)" methodname="CanReuseReusableConstraintMultipleTimes" classname="NUnit.Framework.Constraints.ReusableConstraintTests" runstate="Runnable" seed="257819914" result="Passed" start-time="2016-02-19 11:52:45Z" end-time="2016-02-19 11:52:45Z" duration="0.000098" asserts="3" />
            </test-suite>
          </test-suite>
          <test-suite type="TestFixture" id="0-2173" name="SameAsTest" fullname="NUnit.Framework.Constraints.SameAsTest" classname="NUnit.Framework.Constraints.SameAsTest" runstate="Runnable" testcasecount="6" result="Passed" start-time="2016-02-19 11:52:45Z" end-time="2016-02-19 11:52:45Z" duration="0.003341" total="6" passed="6" failed="0" inconclusive="0" skipped="0" asserts="8">
            <test-suite type="ParameterizedMethod" id="0-2179" name="FailsWithBadValues" fullname="NUnit.Framework.Constraints.SameAsTest.FailsWithBadValues" runstate="Runnable" testcasecount="3" result="Passed" start-time="2016-02-19 11:52:45Z" end-time="2016-02-19 11:52:45Z" duration="0.001843" total="3" passed="3" failed="0" inconclusive="0" skipped="0" asserts="6">
              <test-case id="0-2176" name="FailsWithBadValues(System.Object,&quot;&lt;System.Object&gt;&quot;)" fullname="NUnit.Framework.Constraints.SameAsTest.FailsWithBadValues(System.Object,&quot;&lt;System.Object&gt;&quot;)" methodname="FailsWithBadValues" classname="NUnit.Framework.Constraints.SameAsTest" runstate="Runnable" seed="800618398" result="Passed" start-time="2016-02-19 11:52:45Z" end-time="2016-02-19 11:52:45Z" duration="0.000345" asserts="2" />
              <test-case id="0-2177" name="FailsWithBadValues(3,&quot;3&quot;)" fullname="NUnit.Framework.Constraints.SameAsTest.FailsWithBadValues(3,&quot;3&quot;)" methodname="FailsWithBadValues" classname="NUnit.Framework.Constraints.SameAsTest" runstate="Runnable" seed="215031901" result="Passed" start-time="2016-02-19 11:52:45Z" end-time="2016-02-19 11:52:45Z" duration="0.000098" asserts="2" />
              <test-case id="0-2178" name="FailsWithBadValues(&quot;Hello&quot;,&quot;\&quot;Hello\&quot;&quot;)" fullname="NUnit.Framework.Constraints.SameAsTest.FailsWithBadValues(&quot;Hello&quot;,&quot;\&quot;Hello\&quot;&quot;)" methodname="FailsWithBadValues" classname="NUnit.Framework.Constraints.SameAsTest" runstate="Runnable" seed="1021041095" result="Passed" start-time="2016-02-19 11:52:45Z" end-time="2016-02-19 11:52:45Z" duration="0.000154" asserts="2" />
            </test-suite>
            <test-case id="0-2180" name="ProvidesProperDescription" fullname="NUnit.Framework.Constraints.SameAsTest.ProvidesProperDescription" methodname="ProvidesProperDescription" classname="NUnit.Framework.Constraints.SameAsTest" runstate="Runnable" seed="52891348" result="Passed" start-time="2016-02-19 11:52:45Z" end-time="2016-02-19 11:52:45Z" duration="0.000073" asserts="1" />
            <test-case id="0-2181" name="ProvidesProperStringRepresentation" fullname="NUnit.Framework.Constraints.SameAsTest.ProvidesProperStringRepresentation" methodname="ProvidesProperStringRepresentation" classname="NUnit.Framework.Constraints.SameAsTest" runstate="Runnable" seed="1338567609" result="Passed" start-time="2016-02-19 11:52:45Z" end-time="2016-02-19 11:52:45Z" duration="0.000073" asserts="1" />
            <test-suite type="ParameterizedMethod" id="0-2175" name="SucceedsWithGoodValues" fullname="NUnit.Framework.Constraints.SameAsTest.SucceedsWithGoodValues" runstate="Runnable" testcasecount="1" result="Passed" start-time="2016-02-19 11:52:45Z" end-time="2016-02-19 11:52:45Z" duration="0.000360" total="1" passed="1" failed="0" inconclusive="0" skipped="0" asserts="0">
              <test-case id="0-2174" name="SucceedsWithGoodValues(System.Object)" fullname="NUnit.Framework.Constraints.SameAsTest.SucceedsWithGoodValues(System.Object)" methodname="SucceedsWithGoodValues" classname="NUnit.Framework.Constraints.SameAsTest" runstate="Runnable" seed="1457180760" result="Passed" start-time="2016-02-19 11:52:45Z" end-time="2016-02-19 11:52:45Z" duration="0.000087" asserts="0" />
            </test-suite>
          </test-suite>
          <test-suite type="TestFixture" id="0-2133" name="RangeConstraintTest" fullname="NUnit.Framework.Constraints.RangeConstraintTest" classname="NUnit.Framework.Constraints.RangeConstraintTest" runstate="Runnable" testcasecount="14" result="Passed" start-time="2016-02-19 11:52:45Z" end-time="2016-02-19 11:52:45Z" duration="0.015459" total="14" passed="14" failed="0" inconclusive="0" skipped="0" asserts="16">
            <test-suite type="ParameterizedMethod" id="0-2148" name="FailsWithBadValues" fullname="NUnit.Framework.Constraints.RangeConstraintTest.FailsWithBadValues" runstate="Runnable" testcasecount="2" result="Passed" start-time="2016-02-19 11:52:45Z" end-time="2016-02-19 11:52:45Z" duration="0.001565" total="2" passed="2" failed="0" inconclusive="0" skipped="0" asserts="4">
              <test-case id="0-2146" name="FailsWithBadValues(4,&quot;4&quot;)" fullname="NUnit.Framework.Constraints.RangeConstraintTest.FailsWithBadValues(4,&quot;4&quot;)" methodname="FailsWithBadValues" classname="NUnit.Framework.Constraints.RangeConstraintTest" runstate="Runnable" seed="342779479" result="Passed" start-time="2016-02-19 11:52:45Z" end-time="2016-02-19 11:52:45Z" duration="0.000506" asserts="2" />
              <test-case id="0-2147" name="FailsWithBadValues(43,&quot;43&quot;)" fullname="NUnit.Framework.Constraints.RangeConstraintTest.FailsWithBadValues(43,&quot;43&quot;)" methodname="FailsWithBadValues" classname="NUnit.Framework.Constraints.RangeConstraintTest" runstate="Runnable" seed="424768285" result="Passed" start-time="2016-02-19 11:52:45Z" end-time="2016-02-19 11:52:45Z" duration="0.000108" asserts="2" />
            </test-suite>
            <test-suite type="ParameterizedMethod" id="0-2136" name="InvalidDataThrowsArgumentException" fullname="NUnit.Framework.Constraints.RangeConstraintTest.InvalidDataThrowsArgumentException" runstate="Runnable" testcasecount="2" result="Passed" start-time="2016-02-19 11:52:45Z" end-time="2016-02-19 11:52:45Z" duration="0.001547" total="2" passed="2" failed="0" inconclusive="0" skipped="0" asserts="2">
              <test-case id="0-2134" name="InvalidDataThrowsArgumentException(null)" fullname="NUnit.Framework.Constraints.RangeConstraintTest.InvalidDataThrowsArgumentException(null)" methodname="InvalidDataThrowsArgumentException" classname="NUnit.Framework.Constraints.RangeConstraintTest" runstate="Runnable" seed="1725773454" result="Passed" start-time="2016-02-19 11:52:45Z" end-time="2016-02-19 11:52:45Z" duration="0.000813" asserts="1" />
              <test-case id="0-2135" name="InvalidDataThrowsArgumentException(&quot;xxx&quot;)" fullname="NUnit.Framework.Constraints.RangeConstraintTest.InvalidDataThrowsArgumentException(&quot;xxx&quot;)" methodname="InvalidDataThrowsArgumentException" classname="NUnit.Framework.Constraints.RangeConstraintTest" runstate="Runnable" seed="1789963313" result="Passed" start-time="2016-02-19 11:52:45Z" end-time="2016-02-19 11:52:45Z" duration="0.000208" asserts="1" />
            </test-suite>
            <test-case id="0-2149" name="ProvidesProperDescription" fullname="NUnit.Framework.Constraints.RangeConstraintTest.ProvidesProperDescription" methodname="ProvidesProperDescription" classname="NUnit.Framework.Constraints.RangeConstraintTest" runstate="Runnable" seed="1104525555" result="Passed" start-time="2016-02-19 11:52:45Z" end-time="2016-02-19 11:52:45Z" duration="0.000079" asserts="1" />
            <test-case id="0-2150" name="ProvidesProperStringRepresentation" fullname="NUnit.Framework.Constraints.RangeConstraintTest.ProvidesProperStringRepresentation" methodname="ProvidesProperStringRepresentation" classname="NUnit.Framework.Constraints.RangeConstraintTest" runstate="Runnable" seed="819397582" result="Passed" start-time="2016-02-19 11:52:45Z" end-time="2016-02-19 11:52:45Z" duration="0.000076" asserts="1" />
            <test-case id="0-2141" name="ShouldThrowExceptionIfFromIsLessThanTo" fullname="NUnit.Framework.Constraints.RangeConstraintTest.ShouldThrowExceptionIfFromIsLessThanTo" methodname="ShouldThrowExceptionIfFromIsLessThanTo" classname="NUnit.Framework.Constraints.RangeConstraintTest" runstate="Runnable" seed="2023593772" result="Passed" start-time="2016-02-19 11:52:45Z" end-time="2016-02-19 11:52:45Z" duration="0.001111" asserts="1" />
            <test-suite type="ParameterizedMethod" id="0-2145" name="SucceedsWithGoodValues" fullname="NUnit.Framework.Constraints.RangeConstraintTest.SucceedsWithGoodValues" runstate="Runnable" testcasecount="3" result="Passed" start-time="2016-02-19 11:52:45Z" end-time="2016-02-19 11:52:45Z" duration="0.000925" total="3" passed="3" failed="0" inconclusive="0" skipped="0" asserts="0">
              <test-case id="0-2142" name="SucceedsWithGoodValues(5)" fullname="NUnit.Framework.Constraints.RangeConstraintTest.SucceedsWithGoodValues(5)" methodname="SucceedsWithGoodValues" classname="NUnit.Framework.Constraints.RangeConstraintTest" runstate="Runnable" seed="306149892" result="Passed" start-time="2016-02-19 11:52:45Z" end-time="2016-02-19 11:52:45Z" duration="0.000087" asserts="0" />
              <test-case id="0-2143" name="SucceedsWithGoodValues(23)" fullname="NUnit.Framework.Constraints.RangeConstraintTest.SucceedsWithGoodValues(23)" methodname="SucceedsWithGoodValues" classname="NUnit.Framework.Constraints.RangeConstraintTest" runstate="Runnable" seed="1904646379" result="Passed" start-time="2016-02-19 11:52:45Z" end-time="2016-02-19 11:52:45Z" duration="0.000074" asserts="0" />
              <test-case id="0-2144" name="SucceedsWithGoodValues(42)" fullname="NUnit.Framework.Constraints.RangeConstraintTest.SucceedsWithGoodValues(42)" methodname="SucceedsWithGoodValues" classname="NUnit.Framework.Constraints.RangeConstraintTest" runstate="Runnable" seed="479912919" result="Passed" start-time="2016-02-19 11:52:45Z" end-time="2016-02-19 11:52:45Z" duration="0.000077" asserts="0" />
            </test-suite>
            <test-case id="0-2138" name="UsesProvidedGenericComparer" fullname="NUnit.Framework.Constraints.RangeConstraintTest.UsesProvidedGenericComparer" methodname="UsesProvidedGenericComparer" classname="NUnit.Framework.Constraints.RangeConstraintTest" runstate="Runnable" seed="589229125" result="Passed" start-time="2016-02-19 11:52:45Z" end-time="2016-02-19 11:52:45Z" duration="0.002659" asserts="2" />
            <test-case id="0-2139" name="UsesProvidedGenericComparison" fullname="NUnit.Framework.Constraints.RangeConstraintTest.UsesProvidedGenericComparison" methodname="UsesProvidedGenericComparison" classname="NUnit.Framework.Constraints.RangeConstraintTest" runstate="Runnable" seed="918812753" result="Passed" start-time="2016-02-19 11:52:45Z" end-time="2016-02-19 11:52:45Z" duration="0.001007" asserts="2" />
            <test-case id="0-2137" name="UsesProvidedIComparer" fullname="NUnit.Framework.Constraints.RangeConstraintTest.UsesProvidedIComparer" methodname="UsesProvidedIComparer" classname="NUnit.Framework.Constraints.RangeConstraintTest" runstate="Runnable" seed="83938507" result="Passed" start-time="2016-02-19 11:52:45Z" end-time="2016-02-19 11:52:45Z" duration="0.000770" asserts="2" />
            <test-case id="0-2140" name="UsesProvidedLambda" fullname="NUnit.Framework.Constraints.RangeConstraintTest.UsesProvidedLambda" methodname="UsesProvidedLambda" classname="NUnit.Framework.Constraints.RangeConstraintTest" runstate="Runnable" seed="1792278661" result="Passed" start-time="2016-02-19 11:52:45Z" end-time="2016-02-19 11:52:45Z" duration="0.001091" asserts="1" />
          </test-suite>
          <test-suite type="TestFixture" id="0-2151" name="RangeTests" fullname="NUnit.Framework.Constraints.RangeTests" classname="NUnit.Framework.Constraints.RangeTests" runstate="Runnable" testcasecount="12" result="Passed" start-time="2016-02-19 11:52:45Z" end-time="2016-02-19 11:52:45Z" duration="0.019717" total="12" passed="12" failed="0" inconclusive="0" skipped="0" asserts="17">
            <test-case id="0-2153" name="InRangeFails" fullname="NUnit.Framework.Constraints.RangeTests.InRangeFails" methodname="InRangeFails" classname="NUnit.Framework.Constraints.RangeTests" runstate="Runnable" seed="390588343" result="Passed" start-time="2016-02-19 11:52:45Z" end-time="2016-02-19 11:52:45Z" duration="0.002516" asserts="2" />
            <test-case id="0-2152" name="InRangeSucceeds" fullname="NUnit.Framework.Constraints.RangeTests.InRangeSucceeds" methodname="InRangeSucceeds" classname="NUnit.Framework.Constraints.RangeTests" runstate="Runnable" seed="873790558" result="Passed" start-time="2016-02-19 11:52:45Z" end-time="2016-02-19 11:52:45Z" duration="0.002407" asserts="3" />
            <test-suite type="GenericMethod" id="0-2165" name="MixedRangeTests" fullname="NUnit.Framework.Constraints.RangeTests.MixedRangeTests" runstate="Runnable" testcasecount="4" result="Passed" start-time="2016-02-19 11:52:45Z" end-time="2016-02-19 11:52:45Z" duration="0.005429" total="4" passed="4" failed="0" inconclusive="0" skipped="0" asserts="4">
              <test-case id="0-2161" name="MixedRangeTests&lt;Int32,Int16,Int16&gt;(5,10,7)" fullname="NUnit.Framework.Constraints.RangeTests.MixedRangeTests&lt;Int32,Int16,Int16&gt;(5,10,7)" methodname="MixedRangeTests" classname="NUnit.Framework.Constraints.RangeTests" runstate="Runnable" seed="853024596" result="Passed" start-time="2016-02-19 11:52:45Z" end-time="2016-02-19 11:52:45Z" duration="0.000545" asserts="1" />
              <test-case id="0-2162" name="MixedRangeTests&lt;Int16,Int32,Int16&gt;(5,10,7)" fullname="NUnit.Framework.Constraints.RangeTests.MixedRangeTests&lt;Int16,Int32,Int16&gt;(5,10,7)" methodname="MixedRangeTests" classname="NUnit.Framework.Constraints.RangeTests" runstate="Runnable" seed="611616280" result="Passed" start-time="2016-02-19 11:52:45Z" end-time="2016-02-19 11:52:45Z" duration="0.000495" asserts="1" />
              <test-case id="0-2163" name="MixedRangeTests&lt;Int32,Double,Int32&gt;(5,10.0d,7)" fullname="NUnit.Framework.Constraints.RangeTests.MixedRangeTests&lt;Int32,Double,Int32&gt;(5,10.0d,7)" methodname="MixedRangeTests" classname="NUnit.Framework.Constraints.RangeTests" runstate="Runnable" seed="636758622" result="Passed" start-time="2016-02-19 11:52:45Z" end-time="2016-02-19 11:52:45Z" duration="0.000535" asserts="1" />
              <test-case id="0-2164" name="MixedRangeTests&lt;Double,Int32,Double&gt;(5.0d,10,7.0d)" fullname="NUnit.Framework.Constraints.RangeTests.MixedRangeTests&lt;Double,Int32,Double&gt;(5.0d,10,7.0d)" methodname="MixedRangeTests" classname="NUnit.Framework.Constraints.RangeTests" runstate="Runnable" seed="2005115440" result="Passed" start-time="2016-02-19 11:52:45Z" end-time="2016-02-19 11:52:45Z" duration="0.000600" asserts="1" />
            </test-suite>
            <test-case id="0-2155" name="NotInRangeFails" fullname="NUnit.Framework.Constraints.RangeTests.NotInRangeFails" methodname="NotInRangeFails" classname="NUnit.Framework.Constraints.RangeTests" runstate="Runnable" seed="1719115064" result="Passed" start-time="2016-02-19 11:52:45Z" end-time="2016-02-19 11:52:45Z" duration="0.002427" asserts="2" />
            <test-case id="0-2154" name="NotInRangeSucceeds" fullname="NUnit.Framework.Constraints.RangeTests.NotInRangeSucceeds" methodname="NotInRangeSucceeds" classname="NUnit.Framework.Constraints.RangeTests" runstate="Runnable" seed="895925320" result="Passed" start-time="2016-02-19 11:52:45Z" end-time="2016-02-19 11:52:45Z" duration="0.001175" asserts="2" />
            <test-suite type="ParameterizedMethod" id="0-2160" name="RangeBoundaryConditions" fullname="NUnit.Framework.Constraints.RangeTests.RangeBoundaryConditions" runstate="Runnable" testcasecount="3" result="Passed" start-time="2016-02-19 11:52:45Z" end-time="2016-02-19 11:52:45Z" duration="0.001921" total="3" passed="3" failed="0" inconclusive="0" skipped="0" asserts="3">
              <test-case id="0-2157" name="RangeBoundaryConditions(9,9,10)" fullname="NUnit.Framework.Constraints.RangeTests.RangeBoundaryConditions(9,9,10)" methodname="RangeBoundaryConditions" classname="NUnit.Framework.Constraints.RangeTests" runstate="Runnable" seed="1642960053" result="Passed" start-time="2016-02-19 11:52:45Z" end-time="2016-02-19 11:52:45Z" duration="0.000538" asserts="1" />
              <test-case id="0-2158" name="RangeBoundaryConditions(10,9,10)" fullname="NUnit.Framework.Constraints.RangeTests.RangeBoundaryConditions(10,9,10)" methodname="RangeBoundaryConditions" classname="NUnit.Framework.Constraints.RangeTests" runstate="Runnable" seed="233011109" result="Passed" start-time="2016-02-19 11:52:45Z" end-time="2016-02-19 11:52:45Z" duration="0.000071" asserts="1" />
              <test-case id="0-2159" name="RangeBoundaryConditions(9,9,9)" fullname="NUnit.Framework.Constraints.RangeTests.RangeBoundaryConditions(9,9,9)" methodname="RangeBoundaryConditions" classname="NUnit.Framework.Constraints.RangeTests" runstate="Runnable" seed="585152372" result="Passed" start-time="2016-02-19 11:52:45Z" end-time="2016-02-19 11:52:45Z" duration="0.000075" asserts="1" />
            </test-suite>
            <test-case id="0-2156" name="ShouldThrowExceptionIfFromIsLessThanTo" fullname="NUnit.Framework.Constraints.RangeTests.ShouldThrowExceptionIfFromIsLessThanTo" methodname="ShouldThrowExceptionIfFromIsLessThanTo" classname="NUnit.Framework.Constraints.RangeTests" runstate="Runnable" seed="735468642" result="Passed" start-time="2016-02-19 11:52:45Z" end-time="2016-02-19 11:52:45Z" duration="0.001699" asserts="1" />
          </test-suite>
          <test-suite type="TestFixture" id="0-2081" name="SamePathOrUnderTest_Linux" fullname="NUnit.Framework.Constraints.SamePathOrUnderTest_Linux" classname="NUnit.Framework.Constraints.SamePathOrUnderTest_Linux" runstate="Runnable" testcasecount="17" result="Passed" start-time="2016-02-19 11:52:45Z" end-time="2016-02-19 11:52:45Z" duration="0.011335" total="17" passed="17" failed="0" inconclusive="0" skipped="0" asserts="15">
            <test-suite type="ParameterizedMethod" id="0-2098" name="FailsWithBadValues" fullname="NUnit.Framework.Constraints.SamePathOrUnderTest_Linux.FailsWithBadValues" runstate="Runnable" testcasecount="6" result="Passed" start-time="2016-02-19 11:52:45Z" end-time="2016-02-19 11:52:45Z" duration="0.004699" total="6" passed="6" failed="0" inconclusive="0" skipped="0" asserts="12">
              <test-case id="0-2092" name="FailsWithBadValues(&quot;/Folder1/Folder2&quot;,&quot;\&quot;/Folder1/Folder2\&quot;&quot;)" fullname="NUnit.Framework.Constraints.SamePathOrUnderTest_Linux.FailsWithBadValues(&quot;/Folder1/Folder2&quot;,&quot;\&quot;/Folder1/Folder2\&quot;&quot;)" methodname="FailsWithBadValues" classname="NUnit.Framework.Constraints.SamePathOrUnderTest_Linux" runstate="Runnable" seed="122975819" result="Passed" start-time="2016-02-19 11:52:45Z" end-time="2016-02-19 11:52:45Z" duration="0.002158" asserts="2" />
              <test-case id="0-2093" name="FailsWithBadValues(&quot;/FOLDER1/./junk/../Folder2&quot;,&quot;\&quot;/FOLDER1/./junk/../Folder2\&quot;&quot;)" fullname="NUnit.Framework.Constraints.SamePathOrUnderTest_Linux.FailsWithBadValues(&quot;/FOLDER1/./junk/../Folder2&quot;,&quot;\&quot;/FOLDER1/./junk/../Folder2\&quot;&quot;)" methodname="FailsWithBadValues" classname="NUnit.Framework.Constraints.SamePathOrUnderTest_Linux" runstate="Runnable" seed="1208809293" result="Passed" start-time="2016-02-19 11:52:45Z" end-time="2016-02-19 11:52:45Z" duration="0.000122" asserts="2" />
              <test-case id="0-2094" name="FailsWithBadValues(&quot;/FOLDER1/./junk/../Folder2/temp/../Fo...&quot;,&quot;\&quot;/FOLDER1/./junk/../Folder2/temp/../...&quot;)" fullname="NUnit.Framework.Constraints.SamePathOrUnderTest_Linux.FailsWithBadValues(&quot;/FOLDER1/./junk/../Folder2/temp/../Fo...&quot;,&quot;\&quot;/FOLDER1/./junk/../Folder2/temp/../...&quot;)" methodname="FailsWithBadValues" classname="NUnit.Framework.Constraints.SamePathOrUnderTest_Linux" runstate="Runnable" seed="1669490937" result="Passed" start-time="2016-02-19 11:52:45Z" end-time="2016-02-19 11:52:45Z" duration="0.000105" asserts="2" />
              <test-case id="0-2095" name="FailsWithBadValues(&quot;/folder1/folder3&quot;,&quot;\&quot;/folder1/folder3\&quot;&quot;)" fullname="NUnit.Framework.Constraints.SamePathOrUnderTest_Linux.FailsWithBadValues(&quot;/folder1/folder3&quot;,&quot;\&quot;/folder1/folder3\&quot;&quot;)" methodname="FailsWithBadValues" classname="NUnit.Framework.Constraints.SamePathOrUnderTest_Linux" runstate="Runnable" seed="1294447883" result="Passed" start-time="2016-02-19 11:52:45Z" end-time="2016-02-19 11:52:45Z" duration="0.000104" asserts="2" />
              <test-case id="0-2096" name="FailsWithBadValues(&quot;/folder1/./folder2/../folder3&quot;,&quot;\&quot;/folder1/./folder2/../folder3\&quot;&quot;)" fullname="NUnit.Framework.Constraints.SamePathOrUnderTest_Linux.FailsWithBadValues(&quot;/folder1/./folder2/../folder3&quot;,&quot;\&quot;/folder1/./folder2/../folder3\&quot;&quot;)" methodname="FailsWithBadValues" classname="NUnit.Framework.Constraints.SamePathOrUnderTest_Linux" runstate="Runnable" seed="1854364543" result="Passed" start-time="2016-02-19 11:52:45Z" end-time="2016-02-19 11:52:45Z" duration="0.000096" asserts="2" />
              <test-case id="0-2097" name="FailsWithBadValues(&quot;/folder1&quot;,&quot;\&quot;/folder1\&quot;&quot;)" fullname="NUnit.Framework.Constraints.SamePathOrUnderTest_Linux.FailsWithBadValues(&quot;/folder1&quot;,&quot;\&quot;/folder1\&quot;&quot;)" methodname="FailsWithBadValues" classname="NUnit.Framework.Constraints.SamePathOrUnderTest_Linux" runstate="Runnable" seed="1419008833" result="Passed" start-time="2016-02-19 11:52:45Z" end-time="2016-02-19 11:52:45Z" duration="0.000100" asserts="2" />
            </test-suite>
            <test-case id="0-2082" name="NonStringDataThrowsArgumentException" fullname="NUnit.Framework.Constraints.SamePathOrUnderTest_Linux.NonStringDataThrowsArgumentException" methodname="NonStringDataThrowsArgumentException" classname="NUnit.Framework.Constraints.SamePathOrUnderTest_Linux" runstate="Runnable" seed="1573354752" result="Passed" start-time="2016-02-19 11:52:45Z" end-time="2016-02-19 11:52:45Z" duration="0.000174" asserts="1" />
            <test-case id="0-2099" name="ProvidesProperDescription" fullname="NUnit.Framework.Constraints.SamePathOrUnderTest_Linux.ProvidesProperDescription" methodname="ProvidesProperDescription" classname="NUnit.Framework.Constraints.SamePathOrUnderTest_Linux" runstate="Runnable" seed="830363894" result="Passed" start-time="2016-02-19 11:52:45Z" end-time="2016-02-19 11:52:45Z" duration="0.000074" asserts="1" />
            <test-case id="0-2100" name="ProvidesProperStringRepresentation" fullname="NUnit.Framework.Constraints.SamePathOrUnderTest_Linux.ProvidesProperStringRepresentation" methodname="ProvidesProperStringRepresentation" classname="NUnit.Framework.Constraints.SamePathOrUnderTest_Linux" runstate="Runnable" seed="1790981306" result="Passed" start-time="2016-02-19 11:52:45Z" end-time="2016-02-19 11:52:45Z" duration="0.000083" asserts="1" />
            <test-suite type="ParameterizedMethod" id="0-2091" name="SucceedsWithGoodValues" fullname="NUnit.Framework.Constraints.SamePathOrUnderTest_Linux.SucceedsWithGoodValues" runstate="Runnable" testcasecount="8" result="Passed" start-time="2016-02-19 11:52:45Z" end-time="2016-02-19 11:52:45Z" duration="0.002586" total="8" passed="8" failed="0" inconclusive="0" skipped="0" asserts="0">
              <test-case id="0-2083" name="SucceedsWithGoodValues(&quot;/folder1/folder2&quot;)" fullname="NUnit.Framework.Constraints.SamePathOrUnderTest_Linux.SucceedsWithGoodValues(&quot;/folder1/folder2&quot;)" methodname="SucceedsWithGoodValues" classname="NUnit.Framework.Constraints.SamePathOrUnderTest_Linux" runstate="Runnable" seed="672896124" result="Passed" start-time="2016-02-19 11:52:45Z" end-time="2016-02-19 11:52:45Z" duration="0.000079" asserts="0" />
              <test-case id="0-2084" name="SucceedsWithGoodValues(&quot;/folder1/./folder2&quot;)" fullname="NUnit.Framework.Constraints.SamePathOrUnderTest_Linux.SucceedsWithGoodValues(&quot;/folder1/./folder2&quot;)" methodname="SucceedsWithGoodValues" classname="NUnit.Framework.Constraints.SamePathOrUnderTest_Linux" runstate="Runnable" seed="829446567" result="Passed" start-time="2016-02-19 11:52:45Z" end-time="2016-02-19 11:52:45Z" duration="0.000079" asserts="0" />
              <test-case id="0-2085" name="SucceedsWithGoodValues(&quot;/folder1/junk/../folder2&quot;)" fullname="NUnit.Framework.Constraints.SamePathOrUnderTest_Linux.SucceedsWithGoodValues(&quot;/folder1/junk/../folder2&quot;)" methodname="SucceedsWithGoodValues" classname="NUnit.Framework.Constraints.SamePathOrUnderTest_Linux" runstate="Runnable" seed="1111014410" result="Passed" start-time="2016-02-19 11:52:45Z" end-time="2016-02-19 11:52:45Z" duration="0.000093" asserts="0" />
              <test-case id="0-2086" name="SucceedsWithGoodValues(&quot;\\folder1\\folder2&quot;)" fullname="NUnit.Framework.Constraints.SamePathOrUnderTest_Linux.SucceedsWithGoodValues(&quot;\\folder1\\folder2&quot;)" methodname="SucceedsWithGoodValues" classname="NUnit.Framework.Constraints.SamePathOrUnderTest_Linux" runstate="Runnable" seed="2143693732" result="Passed" start-time="2016-02-19 11:52:45Z" end-time="2016-02-19 11:52:45Z" duration="0.000088" asserts="0" />
              <test-case id="0-2087" name="SucceedsWithGoodValues(&quot;/folder1/folder2/folder3&quot;)" fullname="NUnit.Framework.Constraints.SamePathOrUnderTest_Linux.SucceedsWithGoodValues(&quot;/folder1/folder2/folder3&quot;)" methodname="SucceedsWithGoodValues" classname="NUnit.Framework.Constraints.SamePathOrUnderTest_Linux" runstate="Runnable" seed="1135323813" result="Passed" start-time="2016-02-19 11:52:45Z" end-time="2016-02-19 11:52:45Z" duration="0.000078" asserts="0" />
              <test-case id="0-2088" name="SucceedsWithGoodValues(&quot;/folder1/./folder2/folder3&quot;)" fullname="NUnit.Framework.Constraints.SamePathOrUnderTest_Linux.SucceedsWithGoodValues(&quot;/folder1/./folder2/folder3&quot;)" methodname="SucceedsWithGoodValues" classname="NUnit.Framework.Constraints.SamePathOrUnderTest_Linux" runstate="Runnable" seed="1844093597" result="Passed" start-time="2016-02-19 11:52:45Z" end-time="2016-02-19 11:52:45Z" duration="0.000077" asserts="0" />
              <test-case id="0-2089" name="SucceedsWithGoodValues(&quot;/folder1/junk/../folder2/folder3&quot;)" fullname="NUnit.Framework.Constraints.SamePathOrUnderTest_Linux.SucceedsWithGoodValues(&quot;/folder1/junk/../folder2/folder3&quot;)" methodname="SucceedsWithGoodValues" classname="NUnit.Framework.Constraints.SamePathOrUnderTest_Linux" runstate="Runnable" seed="534618846" result="Passed" start-time="2016-02-19 11:52:45Z" end-time="2016-02-19 11:52:45Z" duration="0.000077" asserts="0" />
              <test-case id="0-2090" name="SucceedsWithGoodValues(&quot;\\folder1\\folder2\\folder3&quot;)" fullname="NUnit.Framework.Constraints.SamePathOrUnderTest_Linux.SucceedsWithGoodValues(&quot;\\folder1\\folder2\\folder3&quot;)" methodname="SucceedsWithGoodValues" classname="NUnit.Framework.Constraints.SamePathOrUnderTest_Linux" runstate="Runnable" seed="234428757" result="Passed" start-time="2016-02-19 11:52:45Z" end-time="2016-02-19 11:52:45Z" duration="0.000089" asserts="0" />
            </test-suite>
          </test-suite>
          <test-suite type="TestFixture" id="0-2062" name="SamePathOrUnderTest_Windows" fullname="NUnit.Framework.Constraints.SamePathOrUnderTest_Windows" classname="NUnit.Framework.Constraints.SamePathOrUnderTest_Windows" runstate="Runnable" testcasecount="16" result="Passed" start-time="2016-02-19 11:52:45Z" end-time="2016-02-19 11:52:45Z" duration="0.011710" total="16" passed="16" failed="0" inconclusive="0" skipped="0" asserts="7">
            <test-suite type="ParameterizedMethod" id="0-2078" name="FailsWithBadValues" fullname="NUnit.Framework.Constraints.SamePathOrUnderTest_Windows.FailsWithBadValues" runstate="Runnable" testcasecount="2" result="Passed" start-time="2016-02-19 11:52:45Z" end-time="2016-02-19 11:52:45Z" duration="0.002493" total="2" passed="2" failed="0" inconclusive="0" skipped="0" asserts="4">
              <test-case id="0-2076" name="FailsWithBadValues(&quot;C:\\folder1\\folder3&quot;,&quot;\&quot;C:\\folder1\\folder3\&quot;&quot;)" fullname="NUnit.Framework.Constraints.SamePathOrUnderTest_Windows.FailsWithBadValues(&quot;C:\\folder1\\folder3&quot;,&quot;\&quot;C:\\folder1\\folder3\&quot;&quot;)" methodname="FailsWithBadValues" classname="NUnit.Framework.Constraints.SamePathOrUnderTest_Windows" runstate="Runnable" seed="1299170756" result="Passed" start-time="2016-02-19 11:52:45Z" end-time="2016-02-19 11:52:45Z" duration="0.001197" asserts="2" />
              <test-case id="0-2077" name="FailsWithBadValues(&quot;C:\\folder1\\.\\folder2\\..\\file.temp&quot;,&quot;\&quot;C:\\folder1\\.\\folder2\\..\\file.temp\&quot;&quot;)" fullname="NUnit.Framework.Constraints.SamePathOrUnderTest_Windows.FailsWithBadValues(&quot;C:\\folder1\\.\\folder2\\..\\file.temp&quot;,&quot;\&quot;C:\\folder1\\.\\folder2\\..\\file.temp\&quot;&quot;)" methodname="FailsWithBadValues" classname="NUnit.Framework.Constraints.SamePathOrUnderTest_Windows" runstate="Runnable" seed="2143037873" result="Passed" start-time="2016-02-19 11:52:45Z" end-time="2016-02-19 11:52:45Z" duration="0.000101" asserts="2" />
            </test-suite>
            <test-case id="0-2063" name="NonStringDataThrowsArgumentException" fullname="NUnit.Framework.Constraints.SamePathOrUnderTest_Windows.NonStringDataThrowsArgumentException" methodname="NonStringDataThrowsArgumentException" classname="NUnit.Framework.Constraints.SamePathOrUnderTest_Windows" runstate="Runnable" seed="1755841720" result="Passed" start-time="2016-02-19 11:52:45Z" end-time="2016-02-19 11:52:45Z" duration="0.000195" asserts="1" />
            <test-case id="0-2079" name="ProvidesProperDescription" fullname="NUnit.Framework.Constraints.SamePathOrUnderTest_Windows.ProvidesProperDescription" methodname="ProvidesProperDescription" classname="NUnit.Framework.Constraints.SamePathOrUnderTest_Windows" runstate="Runnable" seed="1096566507" result="Passed" start-time="2016-02-19 11:52:45Z" end-time="2016-02-19 11:52:45Z" duration="0.000074" asserts="1" />
            <test-case id="0-2080" name="ProvidesProperStringRepresentation" fullname="NUnit.Framework.Constraints.SamePathOrUnderTest_Windows.ProvidesProperStringRepresentation" methodname="ProvidesProperStringRepresentation" classname="NUnit.Framework.Constraints.SamePathOrUnderTest_Windows" runstate="Runnable" seed="1441351653" result="Passed" start-time="2016-02-19 11:52:45Z" end-time="2016-02-19 11:52:45Z" duration="0.000799" asserts="1" />
            <test-suite type="ParameterizedMethod" id="0-2075" name="SucceedsWithGoodValues" fullname="NUnit.Framework.Constraints.SamePathOrUnderTest_Windows.SucceedsWithGoodValues" runstate="Runnable" testcasecount="11" result="Passed" start-time="2016-02-19 11:52:45Z" end-time="2016-02-19 11:52:45Z" duration="0.003794" total="11" passed="11" failed="0" inconclusive="0" skipped="0" asserts="0">
              <test-case id="0-2064" name="SucceedsWithGoodValues(&quot;C:\\folder1\\folder2&quot;)" fullname="NUnit.Framework.Constraints.SamePathOrUnderTest_Windows.SucceedsWithGoodValues(&quot;C:\\folder1\\folder2&quot;)" methodname="SucceedsWithGoodValues" classname="NUnit.Framework.Constraints.SamePathOrUnderTest_Windows" runstate="Runnable" seed="450651918" result="Passed" start-time="2016-02-19 11:52:45Z" end-time="2016-02-19 11:52:45Z" duration="0.000091" asserts="0" />
              <test-case id="0-2065" name="SucceedsWithGoodValues(&quot;C:\\Folder1\\Folder2&quot;)" fullname="NUnit.Framework.Constraints.SamePathOrUnderTest_Windows.SucceedsWithGoodValues(&quot;C:\\Folder1\\Folder2&quot;)" methodname="SucceedsWithGoodValues" classname="NUnit.Framework.Constraints.SamePathOrUnderTest_Windows" runstate="Runnable" seed="192672091" result="Passed" start-time="2016-02-19 11:52:45Z" end-time="2016-02-19 11:52:45Z" duration="0.000083" asserts="0" />
              <test-case id="0-2066" name="SucceedsWithGoodValues(&quot;C:\\folder1\\.\\folder2&quot;)" fullname="NUnit.Framework.Constraints.SamePathOrUnderTest_Windows.SucceedsWithGoodValues(&quot;C:\\folder1\\.\\folder2&quot;)" methodname="SucceedsWithGoodValues" classname="NUnit.Framework.Constraints.SamePathOrUnderTest_Windows" runstate="Runnable" seed="1574974751" result="Passed" start-time="2016-02-19 11:52:45Z" end-time="2016-02-19 11:52:45Z" duration="0.000077" asserts="0" />
              <test-case id="0-2067" name="SucceedsWithGoodValues(&quot;C:\\folder1\\junk\\..\\folder2&quot;)" fullname="NUnit.Framework.Constraints.SamePathOrUnderTest_Windows.SucceedsWithGoodValues(&quot;C:\\folder1\\junk\\..\\folder2&quot;)" methodname="SucceedsWithGoodValues" classname="NUnit.Framework.Constraints.SamePathOrUnderTest_Windows" runstate="Runnable" seed="1763235712" result="Passed" start-time="2016-02-19 11:52:45Z" end-time="2016-02-19 11:52:45Z" duration="0.000085" asserts="0" />
              <test-case id="0-2068" name="SucceedsWithGoodValues(&quot;C:\\FOLDER1\\.\\junk\\..\\Folder2&quot;)" fullname="NUnit.Framework.Constraints.SamePathOrUnderTest_Windows.SucceedsWithGoodValues(&quot;C:\\FOLDER1\\.\\junk\\..\\Folder2&quot;)" methodname="SucceedsWithGoodValues" classname="NUnit.Framework.Constraints.SamePathOrUnderTest_Windows" runstate="Runnable" seed="2085937707" result="Passed" start-time="2016-02-19 11:52:45Z" end-time="2016-02-19 11:52:45Z" duration="0.000088" asserts="0" />
              <test-case id="0-2069" name="SucceedsWithGoodValues(&quot;C:/folder1/folder2&quot;)" fullname="NUnit.Framework.Constraints.SamePathOrUnderTest_Windows.SucceedsWithGoodValues(&quot;C:/folder1/folder2&quot;)" methodname="SucceedsWithGoodValues" classname="NUnit.Framework.Constraints.SamePathOrUnderTest_Windows" runstate="Runnable" seed="1343577527" result="Passed" start-time="2016-02-19 11:52:45Z" end-time="2016-02-19 11:52:45Z" duration="0.000088" asserts="0" />
              <test-case id="0-2070" name="SucceedsWithGoodValues(&quot;C:\\folder1\\folder2\\folder3&quot;)" fullname="NUnit.Framework.Constraints.SamePathOrUnderTest_Windows.SucceedsWithGoodValues(&quot;C:\\folder1\\folder2\\folder3&quot;)" methodname="SucceedsWithGoodValues" classname="NUnit.Framework.Constraints.SamePathOrUnderTest_Windows" runstate="Runnable" seed="700512553" result="Passed" start-time="2016-02-19 11:52:45Z" end-time="2016-02-19 11:52:45Z" duration="0.000078" asserts="0" />
              <test-case id="0-2071" name="SucceedsWithGoodValues(&quot;C:\\folder1\\.\\folder2\\folder3&quot;)" fullname="NUnit.Framework.Constraints.SamePathOrUnderTest_Windows.SucceedsWithGoodValues(&quot;C:\\folder1\\.\\folder2\\folder3&quot;)" methodname="SucceedsWithGoodValues" classname="NUnit.Framework.Constraints.SamePathOrUnderTest_Windows" runstate="Runnable" seed="565691930" result="Passed" start-time="2016-02-19 11:52:45Z" end-time="2016-02-19 11:52:45Z" duration="0.000082" asserts="0" />
              <test-case id="0-2072" name="SucceedsWithGoodValues(&quot;C:\\folder1\\junk\\..\\folder2\\folder3&quot;)" fullname="NUnit.Framework.Constraints.SamePathOrUnderTest_Windows.SucceedsWithGoodValues(&quot;C:\\folder1\\junk\\..\\folder2\\folder3&quot;)" methodname="SucceedsWithGoodValues" classname="NUnit.Framework.Constraints.SamePathOrUnderTest_Windows" runstate="Runnable" seed="930612224" result="Passed" start-time="2016-02-19 11:52:45Z" end-time="2016-02-19 11:52:45Z" duration="0.000078" asserts="0" />
              <test-case id="0-2073" name="SucceedsWithGoodValues(&quot;C:\\FOLDER1\\.\\junk\\..\\Folder2\\te...&quot;)" fullname="NUnit.Framework.Constraints.SamePathOrUnderTest_Windows.SucceedsWithGoodValues(&quot;C:\\FOLDER1\\.\\junk\\..\\Folder2\\te...&quot;)" methodname="SucceedsWithGoodValues" classname="NUnit.Framework.Constraints.SamePathOrUnderTest_Windows" runstate="Runnable" seed="391052581" result="Passed" start-time="2016-02-19 11:52:45Z" end-time="2016-02-19 11:52:45Z" duration="0.000093" asserts="0" />
              <test-case id="0-2074" name="SucceedsWithGoodValues(&quot;C:/folder1/folder2/folder3&quot;)" fullname="NUnit.Framework.Constraints.SamePathOrUnderTest_Windows.SucceedsWithGoodValues(&quot;C:/folder1/folder2/folder3&quot;)" methodname="SucceedsWithGoodValues" classname="NUnit.Framework.Constraints.SamePathOrUnderTest_Windows" runstate="Runnable" seed="2087568925" result="Passed" start-time="2016-02-19 11:52:45Z" end-time="2016-02-19 11:52:45Z" duration="0.000093" asserts="0" />
            </test-suite>
          </test-suite>
          <test-suite type="TestFixture" id="0-2000" name="SamePathTest_Linux" fullname="NUnit.Framework.Constraints.SamePathTest_Linux" classname="NUnit.Framework.Constraints.SamePathTest_Linux" runstate="Runnable" testcasecount="20" result="Passed" start-time="2016-02-19 11:52:45Z" end-time="2016-02-19 11:52:45Z" duration="0.009821" total="20" passed="20" failed="0" inconclusive="0" skipped="0" asserts="16">
            <test-suite type="ParameterizedMethod" id="0-2020" name="FailsWithBadValues" fullname="NUnit.Framework.Constraints.SamePathTest_Linux.FailsWithBadValues" runstate="Runnable" testcasecount="6" result="Passed" start-time="2016-02-19 11:52:45Z" end-time="2016-02-19 11:52:45Z" duration="0.003102" total="6" passed="6" failed="0" inconclusive="0" skipped="0" asserts="12">
              <test-case id="0-2014" name="FailsWithBadValues(&quot;folder1/folder2&quot;,&quot;\&quot;folder1/folder2\&quot;&quot;)" fullname="NUnit.Framework.Constraints.SamePathTest_Linux.FailsWithBadValues(&quot;folder1/folder2&quot;,&quot;\&quot;folder1/folder2\&quot;&quot;)" methodname="FailsWithBadValues" classname="NUnit.Framework.Constraints.SamePathTest_Linux" runstate="Runnable" seed="2038391146" result="Passed" start-time="2016-02-19 11:52:45Z" end-time="2016-02-19 11:52:45Z" duration="0.000512" asserts="2" />
              <test-case id="0-2015" name="FailsWithBadValues(&quot;//folder1/folder2&quot;,&quot;\&quot;//folder1/folder2\&quot;&quot;)" fullname="NUnit.Framework.Constraints.SamePathTest_Linux.FailsWithBadValues(&quot;//folder1/folder2&quot;,&quot;\&quot;//folder1/folder2\&quot;&quot;)" methodname="FailsWithBadValues" classname="NUnit.Framework.Constraints.SamePathTest_Linux" runstate="Runnable" seed="1413429363" result="Passed" start-time="2016-02-19 11:52:45Z" end-time="2016-02-19 11:52:45Z" duration="0.000106" asserts="2" />
              <test-case id="0-2016" name="FailsWithBadValues(&quot;/junk/folder2&quot;,&quot;\&quot;/junk/folder2\&quot;&quot;)" fullname="NUnit.Framework.Constraints.SamePathTest_Linux.FailsWithBadValues(&quot;/junk/folder2&quot;,&quot;\&quot;/junk/folder2\&quot;&quot;)" methodname="FailsWithBadValues" classname="NUnit.Framework.Constraints.SamePathTest_Linux" runstate="Runnable" seed="1751066370" result="Passed" start-time="2016-02-19 11:52:45Z" end-time="2016-02-19 11:52:45Z" duration="0.000108" asserts="2" />
              <test-case id="0-2017" name="FailsWithBadValues(&quot;/folder1/./junk/../file.temp&quot;,&quot;\&quot;/folder1/./junk/../file.temp\&quot;&quot;)" fullname="NUnit.Framework.Constraints.SamePathTest_Linux.FailsWithBadValues(&quot;/folder1/./junk/../file.temp&quot;,&quot;\&quot;/folder1/./junk/../file.temp\&quot;&quot;)" methodname="FailsWithBadValues" classname="NUnit.Framework.Constraints.SamePathTest_Linux" runstate="Runnable" seed="1542999236" result="Passed" start-time="2016-02-19 11:52:45Z" end-time="2016-02-19 11:52:45Z" duration="0.000099" asserts="2" />
              <test-case id="0-2018" name="FailsWithBadValues(&quot;/Folder1/FOLDER2&quot;,&quot;\&quot;/Folder1/FOLDER2\&quot;&quot;)" fullname="NUnit.Framework.Constraints.SamePathTest_Linux.FailsWithBadValues(&quot;/Folder1/FOLDER2&quot;,&quot;\&quot;/Folder1/FOLDER2\&quot;&quot;)" methodname="FailsWithBadValues" classname="NUnit.Framework.Constraints.SamePathTest_Linux" runstate="Runnable" seed="1861465441" result="Passed" start-time="2016-02-19 11:52:45Z" end-time="2016-02-19 11:52:45Z" duration="0.000100" asserts="2" />
              <test-case id="0-2019" name="FailsWithBadValues(&quot;/FOLDER1/./junk/../FOLDER2&quot;,&quot;\&quot;/FOLDER1/./junk/../FOLDER2\&quot;&quot;)" fullname="NUnit.Framework.Constraints.SamePathTest_Linux.FailsWithBadValues(&quot;/FOLDER1/./junk/../FOLDER2&quot;,&quot;\&quot;/FOLDER1/./junk/../FOLDER2\&quot;&quot;)" methodname="FailsWithBadValues" classname="NUnit.Framework.Constraints.SamePathTest_Linux" runstate="Runnable" seed="149043491" result="Passed" start-time="2016-02-19 11:52:45Z" end-time="2016-02-19 11:52:45Z" duration="0.000104" asserts="2" />
            </test-suite>
            <test-case id="0-2002" name="NonStringDataThrowsArgumentException" fullname="NUnit.Framework.Constraints.SamePathTest_Linux.NonStringDataThrowsArgumentException" methodname="NonStringDataThrowsArgumentException" classname="NUnit.Framework.Constraints.SamePathTest_Linux" runstate="Runnable" seed="2033567488" result="Passed" start-time="2016-02-19 11:52:45Z" end-time="2016-02-19 11:52:45Z" duration="0.000215" asserts="1" />
            <test-case id="0-2021" name="ProvidesProperDescription" fullname="NUnit.Framework.Constraints.SamePathTest_Linux.ProvidesProperDescription" methodname="ProvidesProperDescription" classname="NUnit.Framework.Constraints.SamePathTest_Linux" runstate="Runnable" seed="1303376765" result="Passed" start-time="2016-02-19 11:52:45Z" end-time="2016-02-19 11:52:45Z" duration="0.000068" asserts="1" />
            <test-case id="0-2022" name="ProvidesProperStringRepresentation" fullname="NUnit.Framework.Constraints.SamePathTest_Linux.ProvidesProperStringRepresentation" methodname="ProvidesProperStringRepresentation" classname="NUnit.Framework.Constraints.SamePathTest_Linux" runstate="Runnable" seed="1483146421" result="Passed" start-time="2016-02-19 11:52:45Z" end-time="2016-02-19 11:52:45Z" duration="0.000077" asserts="1" />
            <test-case id="0-2001" name="RootPathEquality" fullname="NUnit.Framework.Constraints.SamePathTest_Linux.RootPathEquality" methodname="RootPathEquality" classname="NUnit.Framework.Constraints.SamePathTest_Linux" runstate="Runnable" seed="1522561677" result="Passed" start-time="2016-02-19 11:52:45Z" end-time="2016-02-19 11:52:45Z" duration="0.000502" asserts="1" />
            <test-suite type="ParameterizedMethod" id="0-2013" name="SucceedsWithGoodValues" fullname="NUnit.Framework.Constraints.SamePathTest_Linux.SucceedsWithGoodValues" runstate="Runnable" testcasecount="10" result="Passed" start-time="2016-02-19 11:52:45Z" end-time="2016-02-19 11:52:45Z" duration="0.004502" total="10" passed="10" failed="0" inconclusive="0" skipped="0" asserts="0">
              <test-case id="0-2003" name="SucceedsWithGoodValues(&quot;/folder1/folder2&quot;)" fullname="NUnit.Framework.Constraints.SamePathTest_Linux.SucceedsWithGoodValues(&quot;/folder1/folder2&quot;)" methodname="SucceedsWithGoodValues" classname="NUnit.Framework.Constraints.SamePathTest_Linux" runstate="Runnable" seed="1673781989" result="Passed" start-time="2016-02-19 11:52:45Z" end-time="2016-02-19 11:52:45Z" duration="0.000114" asserts="0" />
              <test-case id="0-2004" name="SucceedsWithGoodValues(&quot;/folder1/folder2/&quot;)" fullname="NUnit.Framework.Constraints.SamePathTest_Linux.SucceedsWithGoodValues(&quot;/folder1/folder2/&quot;)" methodname="SucceedsWithGoodValues" classname="NUnit.Framework.Constraints.SamePathTest_Linux" runstate="Runnable" seed="2094983992" result="Passed" start-time="2016-02-19 11:52:45Z" end-time="2016-02-19 11:52:45Z" duration="0.000089" asserts="0" />
              <test-case id="0-2005" name="SucceedsWithGoodValues(&quot;/folder1/./folder2&quot;)" fullname="NUnit.Framework.Constraints.SamePathTest_Linux.SucceedsWithGoodValues(&quot;/folder1/./folder2&quot;)" methodname="SucceedsWithGoodValues" classname="NUnit.Framework.Constraints.SamePathTest_Linux" runstate="Runnable" seed="161499122" result="Passed" start-time="2016-02-19 11:52:45Z" end-time="2016-02-19 11:52:45Z" duration="0.000080" asserts="0" />
              <test-case id="0-2006" name="SucceedsWithGoodValues(&quot;/folder1/./folder2/&quot;)" fullname="NUnit.Framework.Constraints.SamePathTest_Linux.SucceedsWithGoodValues(&quot;/folder1/./folder2/&quot;)" methodname="SucceedsWithGoodValues" classname="NUnit.Framework.Constraints.SamePathTest_Linux" runstate="Runnable" seed="2064180474" result="Passed" start-time="2016-02-19 11:52:45Z" end-time="2016-02-19 11:52:45Z" duration="0.000077" asserts="0" />
              <test-case id="0-2007" name="SucceedsWithGoodValues(&quot;/folder1/junk/../folder2&quot;)" fullname="NUnit.Framework.Constraints.SamePathTest_Linux.SucceedsWithGoodValues(&quot;/folder1/junk/../folder2&quot;)" methodname="SucceedsWithGoodValues" classname="NUnit.Framework.Constraints.SamePathTest_Linux" runstate="Runnable" seed="1521752699" result="Passed" start-time="2016-02-19 11:52:45Z" end-time="2016-02-19 11:52:45Z" duration="0.000085" asserts="0" />
              <test-case id="0-2008" name="SucceedsWithGoodValues(&quot;/folder1/junk/../folder2/&quot;)" fullname="NUnit.Framework.Constraints.SamePathTest_Linux.SucceedsWithGoodValues(&quot;/folder1/junk/../folder2/&quot;)" methodname="SucceedsWithGoodValues" classname="NUnit.Framework.Constraints.SamePathTest_Linux" runstate="Runnable" seed="536610498" result="Passed" start-time="2016-02-19 11:52:45Z" end-time="2016-02-19 11:52:45Z" duration="0.000092" asserts="0" />
              <test-case id="0-2009" name="SucceedsWithGoodValues(&quot;/folder1/./junk/../folder2&quot;)" fullname="NUnit.Framework.Constraints.SamePathTest_Linux.SucceedsWithGoodValues(&quot;/folder1/./junk/../folder2&quot;)" methodname="SucceedsWithGoodValues" classname="NUnit.Framework.Constraints.SamePathTest_Linux" runstate="Runnable" seed="1010530833" result="Passed" start-time="2016-02-19 11:52:45Z" end-time="2016-02-19 11:52:45Z" duration="0.000085" asserts="0" />
              <test-case id="0-2010" name="SucceedsWithGoodValues(&quot;/folder1/./junk/../folder2/&quot;)" fullname="NUnit.Framework.Constraints.SamePathTest_Linux.SucceedsWithGoodValues(&quot;/folder1/./junk/../folder2/&quot;)" methodname="SucceedsWithGoodValues" classname="NUnit.Framework.Constraints.SamePathTest_Linux" runstate="Runnable" seed="2061347351" result="Passed" start-time="2016-02-19 11:52:45Z" end-time="2016-02-19 11:52:45Z" duration="0.000078" asserts="0" />
              <test-case id="0-2011" name="SucceedsWithGoodValues(&quot;\\folder1\\folder2&quot;)" fullname="NUnit.Framework.Constraints.SamePathTest_Linux.SucceedsWithGoodValues(&quot;\\folder1\\folder2&quot;)" methodname="SucceedsWithGoodValues" classname="NUnit.Framework.Constraints.SamePathTest_Linux" runstate="Runnable" seed="279619274" result="Passed" start-time="2016-02-19 11:52:45Z" end-time="2016-02-19 11:52:45Z" duration="0.000076" asserts="0" />
              <test-case id="0-2012" name="SucceedsWithGoodValues(&quot;\\folder1\\folder2\\&quot;)" fullname="NUnit.Framework.Constraints.SamePathTest_Linux.SucceedsWithGoodValues(&quot;\\folder1\\folder2\\&quot;)" methodname="SucceedsWithGoodValues" classname="NUnit.Framework.Constraints.SamePathTest_Linux" runstate="Runnable" seed="1452710560" result="Passed" start-time="2016-02-19 11:52:45Z" end-time="2016-02-19 11:52:45Z" duration="0.000077" asserts="0" />
            </test-suite>
          </test-suite>
          <test-suite type="TestFixture" id="0-2182" name="StartsWithConstraintTests" fullname="NUnit.Framework.Constraints.StartsWithConstraintTests" classname="NUnit.Framework.Constraints.StartsWithConstraintTests" runstate="Runnable" testcasecount="11" result="Passed" start-time="2016-02-19 11:52:45Z" end-time="2016-02-19 11:52:45Z" duration="0.005541" total="11" passed="11" failed="0" inconclusive="0" skipped="0" asserts="15">
            <test-suite type="ParameterizedMethod" id="0-2193" name="FailsWithBadValues" fullname="NUnit.Framework.Constraints.StartsWithConstraintTests.FailsWithBadValues" runstate="Runnable" testcasecount="6" result="Passed" start-time="2016-02-19 11:52:45Z" end-time="2016-02-19 11:52:45Z" duration="0.003398" total="6" passed="6" failed="0" inconclusive="0" skipped="0" asserts="12">
              <test-case id="0-2187" name="FailsWithBadValues(&quot;goodbye&quot;,&quot;\&quot;goodbye\&quot;&quot;)" fullname="NUnit.Framework.Constraints.StartsWithConstraintTests.FailsWithBadValues(&quot;goodbye&quot;,&quot;\&quot;goodbye\&quot;&quot;)" methodname="FailsWithBadValues" classname="NUnit.Framework.Constraints.StartsWithConstraintTests" runstate="Runnable" seed="1202285258" result="Passed" start-time="2016-02-19 11:52:45Z" end-time="2016-02-19 11:52:45Z" duration="0.000399" asserts="2" />
              <test-case id="0-2188" name="FailsWithBadValues(&quot;HELLO THERE&quot;,&quot;\&quot;HELLO THERE\&quot;&quot;)" fullname="NUnit.Framework.Constraints.StartsWithConstraintTests.FailsWithBadValues(&quot;HELLO THERE&quot;,&quot;\&quot;HELLO THERE\&quot;&quot;)" methodname="FailsWithBadValues" classname="NUnit.Framework.Constraints.StartsWithConstraintTests" runstate="Runnable" seed="318625602" result="Passed" start-time="2016-02-19 11:52:45Z" end-time="2016-02-19 11:52:45Z" duration="0.000087" asserts="2" />
              <test-case id="0-2189" name="FailsWithBadValues(&quot;I said hello&quot;,&quot;\&quot;I said hello\&quot;&quot;)" fullname="NUnit.Framework.Constraints.StartsWithConstraintTests.FailsWithBadValues(&quot;I said hello&quot;,&quot;\&quot;I said hello\&quot;&quot;)" methodname="FailsWithBadValues" classname="NUnit.Framework.Constraints.StartsWithConstraintTests" runstate="Runnable" seed="2047061109" result="Passed" start-time="2016-02-19 11:52:45Z" end-time="2016-02-19 11:52:45Z" duration="0.000086" asserts="2" />
              <test-case id="0-2190" name="FailsWithBadValues(&quot;say hello to Fred&quot;,&quot;\&quot;say hello to Fred\&quot;&quot;)" fullname="NUnit.Framework.Constraints.StartsWithConstraintTests.FailsWithBadValues(&quot;say hello to Fred&quot;,&quot;\&quot;say hello to Fred\&quot;&quot;)" methodname="FailsWithBadValues" classname="NUnit.Framework.Constraints.StartsWithConstraintTests" runstate="Runnable" seed="530688870" result="Passed" start-time="2016-02-19 11:52:45Z" end-time="2016-02-19 11:52:45Z" duration="0.000096" asserts="2" />
              <test-case id="0-2191" name="FailsWithBadValues(&quot;&quot;,&quot;&lt;string.Empty&gt;&quot;)" fullname="NUnit.Framework.Constraints.StartsWithConstraintTests.FailsWithBadValues(&quot;&quot;,&quot;&lt;string.Empty&gt;&quot;)" methodname="FailsWithBadValues" classname="NUnit.Framework.Constraints.StartsWithConstraintTests" runstate="Runnable" seed="1237318049" result="Passed" start-time="2016-02-19 11:52:45Z" end-time="2016-02-19 11:52:45Z" duration="0.000100" asserts="2" />
              <test-case id="0-2192" name="FailsWithBadValues(null,&quot;null&quot;)" fullname="NUnit.Framework.Constraints.StartsWithConstraintTests.FailsWithBadValues(null,&quot;null&quot;)" methodname="FailsWithBadValues" classname="NUnit.Framework.Constraints.StartsWithConstraintTests" runstate="Runnable" seed="2013226640" result="Passed" start-time="2016-02-19 11:52:45Z" end-time="2016-02-19 11:52:45Z" duration="0.000097" asserts="2" />
            </test-suite>
            <test-case id="0-2183" name="NonStringDataThrowsArgumentException" fullname="NUnit.Framework.Constraints.StartsWithConstraintTests.NonStringDataThrowsArgumentException" methodname="NonStringDataThrowsArgumentException" classname="NUnit.Framework.Constraints.StartsWithConstraintTests" runstate="Runnable" seed="2005345786" result="Passed" start-time="2016-02-19 11:52:45Z" end-time="2016-02-19 11:52:45Z" duration="0.000228" asserts="1" />
            <test-case id="0-2194" name="ProvidesProperDescription" fullname="NUnit.Framework.Constraints.StartsWithConstraintTests.ProvidesProperDescription" methodname="ProvidesProperDescription" classname="NUnit.Framework.Constraints.StartsWithConstraintTests" runstate="Runnable" seed="955911444" result="Passed" start-time="2016-02-19 11:52:45Z" end-time="2016-02-19 11:52:45Z" duration="0.000069" asserts="1" />
            <test-case id="0-2195" name="ProvidesProperStringRepresentation" fullname="NUnit.Framework.Constraints.StartsWithConstraintTests.ProvidesProperStringRepresentation" methodname="ProvidesProperStringRepresentation" classname="NUnit.Framework.Constraints.StartsWithConstraintTests" runstate="Runnable" seed="1987916246" result="Passed" start-time="2016-02-19 11:52:45Z" end-time="2016-02-19 11:52:45Z" duration="0.000071" asserts="1" />
            <test-suite type="ParameterizedMethod" id="0-2186" name="SucceedsWithGoodValues" fullname="NUnit.Framework.Constraints.StartsWithConstraintTests.SucceedsWithGoodValues" runstate="Runnable" testcasecount="2" result="Passed" start-time="2016-02-19 11:52:45Z" end-time="2016-02-19 11:52:45Z" duration="0.000685" total="2" passed="2" failed="0" inconclusive="0" skipped="0" asserts="0">
              <test-case id="0-2184" name="SucceedsWithGoodValues(&quot;hello&quot;)" fullname="NUnit.Framework.Constraints.StartsWithConstraintTests.SucceedsWithGoodValues(&quot;hello&quot;)" methodname="SucceedsWithGoodValues" classname="NUnit.Framework.Constraints.StartsWithConstraintTests" runstate="Runnable" seed="1773966959" result="Passed" start-time="2016-02-19 11:52:45Z" end-time="2016-02-19 11:52:45Z" duration="0.000082" asserts="0" />
              <test-case id="0-2185" name="SucceedsWithGoodValues(&quot;hello there&quot;)" fullname="NUnit.Framework.Constraints.StartsWithConstraintTests.SucceedsWithGoodValues(&quot;hello there&quot;)" methodname="SucceedsWithGoodValues" classname="NUnit.Framework.Constraints.StartsWithConstraintTests" runstate="Runnable" seed="934224643" result="Passed" start-time="2016-02-19 11:52:45Z" end-time="2016-02-19 11:52:45Z" duration="0.000077" asserts="0" />
            </test-suite>
          </test-suite>
          <test-suite type="TestFixture" id="0-1985" name="SamePathTest_Windows" fullname="NUnit.Framework.Constraints.SamePathTest_Windows" classname="NUnit.Framework.Constraints.SamePathTest_Windows" runstate="Runnable" testcasecount="12" result="Passed" start-time="2016-02-19 11:52:45Z" end-time="2016-02-19 11:52:45Z" duration="0.006419" total="12" passed="12" failed="0" inconclusive="0" skipped="0" asserts="8">
            <test-suite type="ParameterizedMethod" id="0-1997" name="FailsWithBadValues" fullname="NUnit.Framework.Constraints.SamePathTest_Windows.FailsWithBadValues" runstate="Runnable" testcasecount="2" result="Passed" start-time="2016-02-19 11:52:45Z" end-time="2016-02-19 11:52:45Z" duration="0.002068" total="2" passed="2" failed="0" inconclusive="0" skipped="0" asserts="4">
              <test-case id="0-1995" name="FailsWithBadValues(&quot;C:\\folder2\\file.tmp&quot;,&quot;\&quot;C:\\folder2\\file.tmp\&quot;&quot;)" fullname="NUnit.Framework.Constraints.SamePathTest_Windows.FailsWithBadValues(&quot;C:\\folder2\\file.tmp&quot;,&quot;\&quot;C:\\folder2\\file.tmp\&quot;&quot;)" methodname="FailsWithBadValues" classname="NUnit.Framework.Constraints.SamePathTest_Windows" runstate="Runnable" seed="1395515289" result="Passed" start-time="2016-02-19 11:52:45Z" end-time="2016-02-19 11:52:45Z" duration="0.000424" asserts="2" />
              <test-case id="0-1996" name="FailsWithBadValues(&quot;C:\\folder1\\.\\folder2\\..\\file.temp&quot;,&quot;\&quot;C:\\folder1\\.\\folder2\\..\\file.temp\&quot;&quot;)" fullname="NUnit.Framework.Constraints.SamePathTest_Windows.FailsWithBadValues(&quot;C:\\folder1\\.\\folder2\\..\\file.temp&quot;,&quot;\&quot;C:\\folder1\\.\\folder2\\..\\file.temp\&quot;&quot;)" methodname="FailsWithBadValues" classname="NUnit.Framework.Constraints.SamePathTest_Windows" runstate="Runnable" seed="1883878034" result="Passed" start-time="2016-02-19 11:52:45Z" end-time="2016-02-19 11:52:45Z" duration="0.000154" asserts="2" />
            </test-suite>
            <test-case id="0-1987" name="NonStringDataThrowsArgumentException" fullname="NUnit.Framework.Constraints.SamePathTest_Windows.NonStringDataThrowsArgumentException" methodname="NonStringDataThrowsArgumentException" classname="NUnit.Framework.Constraints.SamePathTest_Windows" runstate="Runnable" seed="180019345" result="Passed" start-time="2016-02-19 11:52:45Z" end-time="2016-02-19 11:52:45Z" duration="0.000189" asserts="1" />
            <test-case id="0-1998" name="ProvidesProperDescription" fullname="NUnit.Framework.Constraints.SamePathTest_Windows.ProvidesProperDescription" methodname="ProvidesProperDescription" classname="NUnit.Framework.Constraints.SamePathTest_Windows" runstate="Runnable" seed="2109628048" result="Passed" start-time="2016-02-19 11:52:45Z" end-time="2016-02-19 11:52:45Z" duration="0.000075" asserts="1" />
            <test-case id="0-1999" name="ProvidesProperStringRepresentation" fullname="NUnit.Framework.Constraints.SamePathTest_Windows.ProvidesProperStringRepresentation" methodname="ProvidesProperStringRepresentation" classname="NUnit.Framework.Constraints.SamePathTest_Windows" runstate="Runnable" seed="1697421604" result="Passed" start-time="2016-02-19 11:52:45Z" end-time="2016-02-19 11:52:45Z" duration="0.000083" asserts="1" />
            <test-case id="0-1986" name="RootPathEquality" fullname="NUnit.Framework.Constraints.SamePathTest_Windows.RootPathEquality" methodname="RootPathEquality" classname="NUnit.Framework.Constraints.SamePathTest_Windows" runstate="Runnable" seed="982987253" result="Passed" start-time="2016-02-19 11:52:45Z" end-time="2016-02-19 11:52:45Z" duration="0.000518" asserts="1" />
            <test-suite type="ParameterizedMethod" id="0-1994" name="SucceedsWithGoodValues" fullname="NUnit.Framework.Constraints.SamePathTest_Windows.SucceedsWithGoodValues" runstate="Runnable" testcasecount="6" result="Passed" start-time="2016-02-19 11:52:45Z" end-time="2016-02-19 11:52:45Z" duration="0.001701" total="6" passed="6" failed="0" inconclusive="0" skipped="0" asserts="0">
              <test-case id="0-1988" name="SucceedsWithGoodValues(&quot;C:\\folder1\\file.tmp&quot;)" fullname="NUnit.Framework.Constraints.SamePathTest_Windows.SucceedsWithGoodValues(&quot;C:\\folder1\\file.tmp&quot;)" methodname="SucceedsWithGoodValues" classname="NUnit.Framework.Constraints.SamePathTest_Windows" runstate="Runnable" seed="383298072" result="Passed" start-time="2016-02-19 11:52:45Z" end-time="2016-02-19 11:52:45Z" duration="0.000075" asserts="0" />
              <test-case id="0-1989" name="SucceedsWithGoodValues(&quot;C:\\Folder1\\File.TMP&quot;)" fullname="NUnit.Framework.Constraints.SamePathTest_Windows.SucceedsWithGoodValues(&quot;C:\\Folder1\\File.TMP&quot;)" methodname="SucceedsWithGoodValues" classname="NUnit.Framework.Constraints.SamePathTest_Windows" runstate="Runnable" seed="1109264204" result="Passed" start-time="2016-02-19 11:52:45Z" end-time="2016-02-19 11:52:45Z" duration="0.000086" asserts="0" />
              <test-case id="0-1990" name="SucceedsWithGoodValues(&quot;C:\\folder1\\.\\file.tmp&quot;)" fullname="NUnit.Framework.Constraints.SamePathTest_Windows.SucceedsWithGoodValues(&quot;C:\\folder1\\.\\file.tmp&quot;)" methodname="SucceedsWithGoodValues" classname="NUnit.Framework.Constraints.SamePathTest_Windows" runstate="Runnable" seed="1131017316" result="Passed" start-time="2016-02-19 11:52:45Z" end-time="2016-02-19 11:52:45Z" duration="0.000077" asserts="0" />
              <test-case id="0-1991" name="SucceedsWithGoodValues(&quot;C:\\folder1\\folder2\\..\\file.tmp&quot;)" fullname="NUnit.Framework.Constraints.SamePathTest_Windows.SucceedsWithGoodValues(&quot;C:\\folder1\\folder2\\..\\file.tmp&quot;)" methodname="SucceedsWithGoodValues" classname="NUnit.Framework.Constraints.SamePathTest_Windows" runstate="Runnable" seed="423418953" result="Passed" start-time="2016-02-19 11:52:45Z" end-time="2016-02-19 11:52:45Z" duration="0.000089" asserts="0" />
              <test-case id="0-1992" name="SucceedsWithGoodValues(&quot;C:\\FOLDER1\\.\\folder2\\..\\File.TMP&quot;)" fullname="NUnit.Framework.Constraints.SamePathTest_Windows.SucceedsWithGoodValues(&quot;C:\\FOLDER1\\.\\folder2\\..\\File.TMP&quot;)" methodname="SucceedsWithGoodValues" classname="NUnit.Framework.Constraints.SamePathTest_Windows" runstate="Runnable" seed="682698505" result="Passed" start-time="2016-02-19 11:52:45Z" end-time="2016-02-19 11:52:45Z" duration="0.000083" asserts="0" />
              <test-case id="0-1993" name="SucceedsWithGoodValues(&quot;C:/folder1/file.tmp&quot;)" fullname="NUnit.Framework.Constraints.SamePathTest_Windows.SucceedsWithGoodValues(&quot;C:/folder1/file.tmp&quot;)" methodname="SucceedsWithGoodValues" classname="NUnit.Framework.Constraints.SamePathTest_Windows" runstate="Runnable" seed="74943226" result="Passed" start-time="2016-02-19 11:52:45Z" end-time="2016-02-19 11:52:45Z" duration="0.000080" asserts="0" />
            </test-suite>
          </test-suite>
          <test-suite type="TestFixture" id="0-2196" name="StartsWithConstraintTestsIgnoringCase" fullname="NUnit.Framework.Constraints.StartsWithConstraintTestsIgnoringCase" classname="NUnit.Framework.Constraints.StartsWithConstraintTestsIgnoringCase" runstate="Runnable" testcasecount="11" result="Passed" start-time="2016-02-19 11:52:45Z" end-time="2016-02-19 11:52:45Z" duration="0.006220" total="11" passed="11" failed="0" inconclusive="0" skipped="0" asserts="15">
            <test-suite type="ParameterizedMethod" id="0-2207" name="FailsWithBadValues" fullname="NUnit.Framework.Constraints.StartsWithConstraintTestsIgnoringCase.FailsWithBadValues" runstate="Runnable" testcasecount="6" result="Passed" start-time="2016-02-19 11:52:45Z" end-time="2016-02-19 11:52:45Z" duration="0.002205" total="6" passed="6" failed="0" inconclusive="0" skipped="0" asserts="12">
              <test-case id="0-2201" name="FailsWithBadValues(&quot;goodbye&quot;,&quot;\&quot;goodbye\&quot;&quot;)" fullname="NUnit.Framework.Constraints.StartsWithConstraintTestsIgnoringCase.FailsWithBadValues(&quot;goodbye&quot;,&quot;\&quot;goodbye\&quot;&quot;)" methodname="FailsWithBadValues" classname="NUnit.Framework.Constraints.StartsWithConstraintTestsIgnoringCase" runstate="Runnable" seed="5992975" result="Passed" start-time="2016-02-19 11:52:45Z" end-time="2016-02-19 11:52:45Z" duration="0.000394" asserts="2" />
              <test-case id="0-2202" name="FailsWithBadValues(&quot;What the hell?&quot;,&quot;\&quot;What the hell?\&quot;&quot;)" fullname="NUnit.Framework.Constraints.StartsWithConstraintTestsIgnoringCase.FailsWithBadValues(&quot;What the hell?&quot;,&quot;\&quot;What the hell?\&quot;&quot;)" methodname="FailsWithBadValues" classname="NUnit.Framework.Constraints.StartsWithConstraintTestsIgnoringCase" runstate="Runnable" seed="784514753" result="Passed" start-time="2016-02-19 11:52:45Z" end-time="2016-02-19 11:52:45Z" duration="0.000094" asserts="2" />
              <test-case id="0-2203" name="FailsWithBadValues(&quot;I said hello&quot;,&quot;\&quot;I said hello\&quot;&quot;)" fullname="NUnit.Framework.Constraints.StartsWithConstraintTestsIgnoringCase.FailsWithBadValues(&quot;I said hello&quot;,&quot;\&quot;I said hello\&quot;&quot;)" methodname="FailsWithBadValues" classname="NUnit.Framework.Constraints.StartsWithConstraintTestsIgnoringCase" runstate="Runnable" seed="230255648" result="Passed" start-time="2016-02-19 11:52:45Z" end-time="2016-02-19 11:52:45Z" duration="0.000091" asserts="2" />
              <test-case id="0-2204" name="FailsWithBadValues(&quot;say hello to Fred&quot;,&quot;\&quot;say hello to Fred\&quot;&quot;)" fullname="NUnit.Framework.Constraints.StartsWithConstraintTestsIgnoringCase.FailsWithBadValues(&quot;say hello to Fred&quot;,&quot;\&quot;say hello to Fred\&quot;&quot;)" methodname="FailsWithBadValues" classname="NUnit.Framework.Constraints.StartsWithConstraintTestsIgnoringCase" runstate="Runnable" seed="1396702836" result="Passed" start-time="2016-02-19 11:52:45Z" end-time="2016-02-19 11:52:45Z" duration="0.000104" asserts="2" />
              <test-case id="0-2205" name="FailsWithBadValues(&quot;&quot;,&quot;&lt;string.Empty&gt;&quot;)" fullname="NUnit.Framework.Constraints.StartsWithConstraintTestsIgnoringCase.FailsWithBadValues(&quot;&quot;,&quot;&lt;string.Empty&gt;&quot;)" methodname="FailsWithBadValues" classname="NUnit.Framework.Constraints.StartsWithConstraintTestsIgnoringCase" runstate="Runnable" seed="247321513" result="Passed" start-time="2016-02-19 11:52:45Z" end-time="2016-02-19 11:52:45Z" duration="0.000094" asserts="2" />
              <test-case id="0-2206" name="FailsWithBadValues(null,&quot;null&quot;)" fullname="NUnit.Framework.Constraints.StartsWithConstraintTestsIgnoringCase.FailsWithBadValues(null,&quot;null&quot;)" methodname="FailsWithBadValues" classname="NUnit.Framework.Constraints.StartsWithConstraintTestsIgnoringCase" runstate="Runnable" seed="1628561068" result="Passed" start-time="2016-02-19 11:52:45Z" end-time="2016-02-19 11:52:45Z" duration="0.000088" asserts="2" />
            </test-suite>
            <test-case id="0-2197" name="NonStringDataThrowsArgumentException" fullname="NUnit.Framework.Constraints.StartsWithConstraintTestsIgnoringCase.NonStringDataThrowsArgumentException" methodname="NonStringDataThrowsArgumentException" classname="NUnit.Framework.Constraints.StartsWithConstraintTestsIgnoringCase" runstate="Runnable" seed="178693179" result="Passed" start-time="2016-02-19 11:52:45Z" end-time="2016-02-19 11:52:45Z" duration="0.000139" asserts="1" />
            <test-case id="0-2208" name="ProvidesProperDescription" fullname="NUnit.Framework.Constraints.StartsWithConstraintTestsIgnoringCase.ProvidesProperDescription" methodname="ProvidesProperDescription" classname="NUnit.Framework.Constraints.StartsWithConstraintTestsIgnoringCase" runstate="Runnable" seed="601092777" result="Passed" start-time="2016-02-19 11:52:45Z" end-time="2016-02-19 11:52:45Z" duration="0.000069" asserts="1" />
            <test-case id="0-2209" name="ProvidesProperStringRepresentation" fullname="NUnit.Framework.Constraints.StartsWithConstraintTestsIgnoringCase.ProvidesProperStringRepresentation" methodname="ProvidesProperStringRepresentation" classname="NUnit.Framework.Constraints.StartsWithConstraintTestsIgnoringCase" runstate="Runnable" seed="260646024" result="Passed" start-time="2016-02-19 11:52:45Z" end-time="2016-02-19 11:52:45Z" duration="0.000076" asserts="1" />
            <test-suite type="ParameterizedMethod" id="0-2200" name="SucceedsWithGoodValues" fullname="NUnit.Framework.Constraints.StartsWithConstraintTestsIgnoringCase.SucceedsWithGoodValues" runstate="Runnable" testcasecount="2" result="Passed" start-time="2016-02-19 11:52:45Z" end-time="2016-02-19 11:52:45Z" duration="0.001096" total="2" passed="2" failed="0" inconclusive="0" skipped="0" asserts="0">
              <test-case id="0-2198" name="SucceedsWithGoodValues(&quot;Hello&quot;)" fullname="NUnit.Framework.Constraints.StartsWithConstraintTestsIgnoringCase.SucceedsWithGoodValues(&quot;Hello&quot;)" methodname="SucceedsWithGoodValues" classname="NUnit.Framework.Constraints.StartsWithConstraintTestsIgnoringCase" runstate="Runnable" seed="15700480" result="Passed" start-time="2016-02-19 11:52:45Z" end-time="2016-02-19 11:52:45Z" duration="0.000082" asserts="0" />
              <test-case id="0-2199" name="SucceedsWithGoodValues(&quot;HELLO there&quot;)" fullname="NUnit.Framework.Constraints.StartsWithConstraintTestsIgnoringCase.SucceedsWithGoodValues(&quot;HELLO there&quot;)" methodname="SucceedsWithGoodValues" classname="NUnit.Framework.Constraints.StartsWithConstraintTestsIgnoringCase" runstate="Runnable" seed="1323459630" result="Passed" start-time="2016-02-19 11:52:45Z" end-time="2016-02-19 11:52:45Z" duration="0.000083" asserts="0" />
            </test-suite>
          </test-suite>
          <test-suite type="TestFixture" id="0-2210" name="SubstringConstraintTests" fullname="NUnit.Framework.Constraints.SubstringConstraintTests" classname="NUnit.Framework.Constraints.SubstringConstraintTests" runstate="Runnable" testcasecount="12" result="Passed" start-time="2016-02-19 11:52:45Z" end-time="2016-02-19 11:52:45Z" duration="0.005971" total="12" passed="12" failed="0" inconclusive="0" skipped="0" asserts="13">
            <test-suite type="ParameterizedMethod" id="0-2222" name="FailsWithBadValues" fullname="NUnit.Framework.Constraints.SubstringConstraintTests.FailsWithBadValues" runstate="Runnable" testcasecount="5" result="Passed" start-time="2016-02-19 11:52:45Z" end-time="2016-02-19 11:52:45Z" duration="0.003157" total="5" passed="5" failed="0" inconclusive="0" skipped="0" asserts="10">
              <test-case id="0-2217" name="FailsWithBadValues(&quot;goodbye&quot;,&quot;\&quot;goodbye\&quot;&quot;)" fullname="NUnit.Framework.Constraints.SubstringConstraintTests.FailsWithBadValues(&quot;goodbye&quot;,&quot;\&quot;goodbye\&quot;&quot;)" methodname="FailsWithBadValues" classname="NUnit.Framework.Constraints.SubstringConstraintTests" runstate="Runnable" seed="1620452799" result="Passed" start-time="2016-02-19 11:52:45Z" end-time="2016-02-19 11:52:45Z" duration="0.000393" asserts="2" />
              <test-case id="0-2218" name="FailsWithBadValues(&quot;HELLO&quot;,&quot;\&quot;HELLO\&quot;&quot;)" fullname="NUnit.Framework.Constraints.SubstringConstraintTests.FailsWithBadValues(&quot;HELLO&quot;,&quot;\&quot;HELLO\&quot;&quot;)" methodname="FailsWithBadValues" classname="NUnit.Framework.Constraints.SubstringConstraintTests" runstate="Runnable" seed="102089006" result="Passed" start-time="2016-02-19 11:52:45Z" end-time="2016-02-19 11:52:45Z" duration="0.000116" asserts="2" />
              <test-case id="0-2219" name="FailsWithBadValues(&quot;What the hell?&quot;,&quot;\&quot;What the hell?\&quot;&quot;)" fullname="NUnit.Framework.Constraints.SubstringConstraintTests.FailsWithBadValues(&quot;What the hell?&quot;,&quot;\&quot;What the hell?\&quot;&quot;)" methodname="FailsWithBadValues" classname="NUnit.Framework.Constraints.SubstringConstraintTests" runstate="Runnable" seed="1600614707" result="Passed" start-time="2016-02-19 11:52:45Z" end-time="2016-02-19 11:52:45Z" duration="0.000104" asserts="2" />
              <test-case id="0-2220" name="FailsWithBadValues(&quot;&quot;,&quot;&lt;string.Empty&gt;&quot;)" fullname="NUnit.Framework.Constraints.SubstringConstraintTests.FailsWithBadValues(&quot;&quot;,&quot;&lt;string.Empty&gt;&quot;)" methodname="FailsWithBadValues" classname="NUnit.Framework.Constraints.SubstringConstraintTests" runstate="Runnable" seed="1489148816" result="Passed" start-time="2016-02-19 11:52:45Z" end-time="2016-02-19 11:52:45Z" duration="0.000091" asserts="2" />
              <test-case id="0-2221" name="FailsWithBadValues(null,&quot;null&quot;)" fullname="NUnit.Framework.Constraints.SubstringConstraintTests.FailsWithBadValues(null,&quot;null&quot;)" methodname="FailsWithBadValues" classname="NUnit.Framework.Constraints.SubstringConstraintTests" runstate="Runnable" seed="1314492691" result="Passed" start-time="2016-02-19 11:52:45Z" end-time="2016-02-19 11:52:45Z" duration="0.000085" asserts="2" />
            </test-suite>
            <test-case id="0-2211" name="NonStringDataThrowsArgumentException" fullname="NUnit.Framework.Constraints.SubstringConstraintTests.NonStringDataThrowsArgumentException" methodname="NonStringDataThrowsArgumentException" classname="NUnit.Framework.Constraints.SubstringConstraintTests" runstate="Runnable" seed="504135850" result="Passed" start-time="2016-02-19 11:52:45Z" end-time="2016-02-19 11:52:45Z" duration="0.000189" asserts="1" />
            <test-case id="0-2223" name="ProvidesProperDescription" fullname="NUnit.Framework.Constraints.SubstringConstraintTests.ProvidesProperDescription" methodname="ProvidesProperDescription" classname="NUnit.Framework.Constraints.SubstringConstraintTests" runstate="Runnable" seed="1688881458" result="Passed" start-time="2016-02-19 11:52:45Z" end-time="2016-02-19 11:52:45Z" duration="0.000108" asserts="1" />
            <test-case id="0-2224" name="ProvidesProperStringRepresentation" fullname="NUnit.Framework.Constraints.SubstringConstraintTests.ProvidesProperStringRepresentation" methodname="ProvidesProperStringRepresentation" classname="NUnit.Framework.Constraints.SubstringConstraintTests" runstate="Runnable" seed="864207080" result="Passed" start-time="2016-02-19 11:52:45Z" end-time="2016-02-19 11:52:45Z" duration="0.000071" asserts="1" />
            <test-suite type="ParameterizedMethod" id="0-2216" name="SucceedsWithGoodValues" fullname="NUnit.Framework.Constraints.SubstringConstraintTests.SucceedsWithGoodValues" runstate="Runnable" testcasecount="4" result="Passed" start-time="2016-02-19 11:52:45Z" end-time="2016-02-19 11:52:45Z" duration="0.001282" total="4" passed="4" failed="0" inconclusive="0" skipped="0" asserts="0">
              <test-case id="0-2212" name="SucceedsWithGoodValues(&quot;hello&quot;)" fullname="NUnit.Framework.Constraints.SubstringConstraintTests.SucceedsWithGoodValues(&quot;hello&quot;)" methodname="SucceedsWithGoodValues" classname="NUnit.Framework.Constraints.SubstringConstraintTests" runstate="Runnable" seed="795964866" result="Passed" start-time="2016-02-19 11:52:45Z" end-time="2016-02-19 11:52:45Z" duration="0.000082" asserts="0" />
              <test-case id="0-2213" name="SucceedsWithGoodValues(&quot;hello there&quot;)" fullname="NUnit.Framework.Constraints.SubstringConstraintTests.SucceedsWithGoodValues(&quot;hello there&quot;)" methodname="SucceedsWithGoodValues" classname="NUnit.Framework.Constraints.SubstringConstraintTests" runstate="Runnable" seed="1782071376" result="Passed" start-time="2016-02-19 11:52:45Z" end-time="2016-02-19 11:52:45Z" duration="0.000083" asserts="0" />
              <test-case id="0-2214" name="SucceedsWithGoodValues(&quot;I said hello&quot;)" fullname="NUnit.Framework.Constraints.SubstringConstraintTests.SucceedsWithGoodValues(&quot;I said hello&quot;)" methodname="SucceedsWithGoodValues" classname="NUnit.Framework.Constraints.SubstringConstraintTests" runstate="Runnable" seed="678128280" result="Passed" start-time="2016-02-19 11:52:45Z" end-time="2016-02-19 11:52:45Z" duration="0.000091" asserts="0" />
              <test-case id="0-2215" name="SucceedsWithGoodValues(&quot;say hello to fred&quot;)" fullname="NUnit.Framework.Constraints.SubstringConstraintTests.SucceedsWithGoodValues(&quot;say hello to fred&quot;)" methodname="SucceedsWithGoodValues" classname="NUnit.Framework.Constraints.SubstringConstraintTests" runstate="Runnable" seed="570913982" result="Passed" start-time="2016-02-19 11:52:45Z" end-time="2016-02-19 11:52:45Z" duration="0.000080" asserts="0" />
            </test-suite>
          </test-suite>
          <test-suite type="TestFixture" id="0-2042" name="SubPathTest_Linux" fullname="NUnit.Framework.Constraints.SubPathTest_Linux" classname="NUnit.Framework.Constraints.SubPathTest_Linux" runstate="Runnable" testcasecount="17" result="Passed" start-time="2016-02-19 11:52:45Z" end-time="2016-02-19 11:52:45Z" duration="0.009096" total="17" passed="17" failed="0" inconclusive="0" skipped="0" asserts="23">
            <test-suite type="ParameterizedMethod" id="0-2059" name="FailsWithBadValues" fullname="NUnit.Framework.Constraints.SubPathTest_Linux.FailsWithBadValues" runstate="Runnable" testcasecount="10" result="Passed" start-time="2016-02-19 11:52:45Z" end-time="2016-02-19 11:52:45Z" duration="0.005483" total="10" passed="10" failed="0" inconclusive="0" skipped="0" asserts="20">
              <test-case id="0-2049" name="FailsWithBadValues(&quot;/Folder1/Folder2&quot;,&quot;\&quot;/Folder1/Folder2\&quot;&quot;)" fullname="NUnit.Framework.Constraints.SubPathTest_Linux.FailsWithBadValues(&quot;/Folder1/Folder2&quot;,&quot;\&quot;/Folder1/Folder2\&quot;&quot;)" methodname="FailsWithBadValues" classname="NUnit.Framework.Constraints.SubPathTest_Linux" runstate="Runnable" seed="1574785699" result="Passed" start-time="2016-02-19 11:52:45Z" end-time="2016-02-19 11:52:45Z" duration="0.002389" asserts="2" />
              <test-case id="0-2050" name="FailsWithBadValues(&quot;/FOLDER1/./junk/../Folder2&quot;,&quot;\&quot;/FOLDER1/./junk/../Folder2\&quot;&quot;)" fullname="NUnit.Framework.Constraints.SubPathTest_Linux.FailsWithBadValues(&quot;/FOLDER1/./junk/../Folder2&quot;,&quot;\&quot;/FOLDER1/./junk/../Folder2\&quot;&quot;)" methodname="FailsWithBadValues" classname="NUnit.Framework.Constraints.SubPathTest_Linux" runstate="Runnable" seed="1582537100" result="Passed" start-time="2016-02-19 11:52:45Z" end-time="2016-02-19 11:52:45Z" duration="0.000125" asserts="2" />
              <test-case id="0-2051" name="FailsWithBadValues(&quot;/FOLDER1/./junk/../Folder2/temp/../Fo...&quot;,&quot;\&quot;/FOLDER1/./junk/../Folder2/temp/../...&quot;)" fullname="NUnit.Framework.Constraints.SubPathTest_Linux.FailsWithBadValues(&quot;/FOLDER1/./junk/../Folder2/temp/../Fo...&quot;,&quot;\&quot;/FOLDER1/./junk/../Folder2/temp/../...&quot;)" methodname="FailsWithBadValues" classname="NUnit.Framework.Constraints.SubPathTest_Linux" runstate="Runnable" seed="1430071368" result="Passed" start-time="2016-02-19 11:52:45Z" end-time="2016-02-19 11:52:45Z" duration="0.000095" asserts="2" />
              <test-case id="0-2052" name="FailsWithBadValues(&quot;/folder1/folder3&quot;,&quot;\&quot;/folder1/folder3\&quot;&quot;)" fullname="NUnit.Framework.Constraints.SubPathTest_Linux.FailsWithBadValues(&quot;/folder1/folder3&quot;,&quot;\&quot;/folder1/folder3\&quot;&quot;)" methodname="FailsWithBadValues" classname="NUnit.Framework.Constraints.SubPathTest_Linux" runstate="Runnable" seed="516647362" result="Passed" start-time="2016-02-19 11:52:45Z" end-time="2016-02-19 11:52:45Z" duration="0.000096" asserts="2" />
              <test-case id="0-2053" name="FailsWithBadValues(&quot;/folder1/./folder2/../folder3&quot;,&quot;\&quot;/folder1/./folder2/../folder3\&quot;&quot;)" fullname="NUnit.Framework.Constraints.SubPathTest_Linux.FailsWithBadValues(&quot;/folder1/./folder2/../folder3&quot;,&quot;\&quot;/folder1/./folder2/../folder3\&quot;&quot;)" methodname="FailsWithBadValues" classname="NUnit.Framework.Constraints.SubPathTest_Linux" runstate="Runnable" seed="839381915" result="Passed" start-time="2016-02-19 11:52:45Z" end-time="2016-02-19 11:52:45Z" duration="0.000095" asserts="2" />
              <test-case id="0-2054" name="FailsWithBadValues(&quot;/folder1&quot;,&quot;\&quot;/folder1\&quot;&quot;)" fullname="NUnit.Framework.Constraints.SubPathTest_Linux.FailsWithBadValues(&quot;/folder1&quot;,&quot;\&quot;/folder1\&quot;&quot;)" methodname="FailsWithBadValues" classname="NUnit.Framework.Constraints.SubPathTest_Linux" runstate="Runnable" seed="35948806" result="Passed" start-time="2016-02-19 11:52:45Z" end-time="2016-02-19 11:52:45Z" duration="0.000089" asserts="2" />
              <test-case id="0-2055" name="FailsWithBadValues(&quot;/folder1/folder2&quot;,&quot;\&quot;/folder1/folder2\&quot;&quot;)" fullname="NUnit.Framework.Constraints.SubPathTest_Linux.FailsWithBadValues(&quot;/folder1/folder2&quot;,&quot;\&quot;/folder1/folder2\&quot;&quot;)" methodname="FailsWithBadValues" classname="NUnit.Framework.Constraints.SubPathTest_Linux" runstate="Runnable" seed="1619965716" result="Passed" start-time="2016-02-19 11:52:45Z" end-time="2016-02-19 11:52:45Z" duration="0.000089" asserts="2" />
              <test-case id="0-2056" name="FailsWithBadValues(&quot;/folder1/./folder2&quot;,&quot;\&quot;/folder1/./folder2\&quot;&quot;)" fullname="NUnit.Framework.Constraints.SubPathTest_Linux.FailsWithBadValues(&quot;/folder1/./folder2&quot;,&quot;\&quot;/folder1/./folder2\&quot;&quot;)" methodname="FailsWithBadValues" classname="NUnit.Framework.Constraints.SubPathTest_Linux" runstate="Runnable" seed="1529589645" result="Passed" start-time="2016-02-19 11:52:45Z" end-time="2016-02-19 11:52:45Z" duration="0.000093" asserts="2" />
              <test-case id="0-2057" name="FailsWithBadValues(&quot;/folder1/junk/../folder2&quot;,&quot;\&quot;/folder1/junk/../folder2\&quot;&quot;)" fullname="NUnit.Framework.Constraints.SubPathTest_Linux.FailsWithBadValues(&quot;/folder1/junk/../folder2&quot;,&quot;\&quot;/folder1/junk/../folder2\&quot;&quot;)" methodname="FailsWithBadValues" classname="NUnit.Framework.Constraints.SubPathTest_Linux" runstate="Runnable" seed="1420088274" result="Passed" start-time="2016-02-19 11:52:45Z" end-time="2016-02-19 11:52:45Z" duration="0.000095" asserts="2" />
              <test-case id="0-2058" name="FailsWithBadValues(&quot;\\folder1\\folder2&quot;,&quot;\&quot;\\folder1\\folder2\&quot;&quot;)" fullname="NUnit.Framework.Constraints.SubPathTest_Linux.FailsWithBadValues(&quot;\\folder1\\folder2&quot;,&quot;\&quot;\\folder1\\folder2\&quot;&quot;)" methodname="FailsWithBadValues" classname="NUnit.Framework.Constraints.SubPathTest_Linux" runstate="Runnable" seed="2140447309" result="Passed" start-time="2016-02-19 11:52:45Z" end-time="2016-02-19 11:52:45Z" duration="0.000088" asserts="2" />
            </test-suite>
            <test-case id="0-2060" name="ProvidesProperDescription" fullname="NUnit.Framework.Constraints.SubPathTest_Linux.ProvidesProperDescription" methodname="ProvidesProperDescription" classname="NUnit.Framework.Constraints.SubPathTest_Linux" runstate="Runnable" seed="369398836" result="Passed" start-time="2016-02-19 11:52:45Z" end-time="2016-02-19 11:52:45Z" duration="0.000063" asserts="1" />
            <test-case id="0-2061" name="ProvidesProperStringRepresentation" fullname="NUnit.Framework.Constraints.SubPathTest_Linux.ProvidesProperStringRepresentation" methodname="ProvidesProperStringRepresentation" classname="NUnit.Framework.Constraints.SubPathTest_Linux" runstate="Runnable" seed="511551677" result="Passed" start-time="2016-02-19 11:52:45Z" end-time="2016-02-19 11:52:45Z" duration="0.000071" asserts="1" />
            <test-case id="0-2043" name="SubPathOfRoot" fullname="NUnit.Framework.Constraints.SubPathTest_Linux.SubPathOfRoot" methodname="SubPathOfRoot" classname="NUnit.Framework.Constraints.SubPathTest_Linux" runstate="Runnable" seed="513980093" result="Passed" start-time="2016-02-19 11:52:45Z" end-time="2016-02-19 11:52:45Z" duration="0.000444" asserts="1" />
            <test-suite type="ParameterizedMethod" id="0-2048" name="SucceedsWithGoodValues" fullname="NUnit.Framework.Constraints.SubPathTest_Linux.SucceedsWithGoodValues" runstate="Runnable" testcasecount="4" result="Passed" start-time="2016-02-19 11:52:45Z" end-time="2016-02-19 11:52:45Z" duration="0.001854" total="4" passed="4" failed="0" inconclusive="0" skipped="0" asserts="0">
              <test-case id="0-2044" name="SucceedsWithGoodValues(&quot;/folder1/folder2/folder3&quot;)" fullname="NUnit.Framework.Constraints.SubPathTest_Linux.SucceedsWithGoodValues(&quot;/folder1/folder2/folder3&quot;)" methodname="SucceedsWithGoodValues" classname="NUnit.Framework.Constraints.SubPathTest_Linux" runstate="Runnable" seed="1997290301" result="Passed" start-time="2016-02-19 11:52:45Z" end-time="2016-02-19 11:52:45Z" duration="0.000084" asserts="0" />
              <test-case id="0-2045" name="SucceedsWithGoodValues(&quot;/folder1/./folder2/folder3&quot;)" fullname="NUnit.Framework.Constraints.SubPathTest_Linux.SucceedsWithGoodValues(&quot;/folder1/./folder2/folder3&quot;)" methodname="SucceedsWithGoodValues" classname="NUnit.Framework.Constraints.SubPathTest_Linux" runstate="Runnable" seed="370472911" result="Passed" start-time="2016-02-19 11:52:45Z" end-time="2016-02-19 11:52:45Z" duration="0.000086" asserts="0" />
              <test-case id="0-2046" name="SucceedsWithGoodValues(&quot;/folder1/junk/../folder2/folder3&quot;)" fullname="NUnit.Framework.Constraints.SubPathTest_Linux.SucceedsWithGoodValues(&quot;/folder1/junk/../folder2/folder3&quot;)" methodname="SucceedsWithGoodValues" classname="NUnit.Framework.Constraints.SubPathTest_Linux" runstate="Runnable" seed="1448801846" result="Passed" start-time="2016-02-19 11:52:45Z" end-time="2016-02-19 11:52:45Z" duration="0.000071" asserts="0" />
              <test-case id="0-2047" name="SucceedsWithGoodValues(&quot;\\folder1\\folder2\\folder3&quot;)" fullname="NUnit.Framework.Constraints.SubPathTest_Linux.SucceedsWithGoodValues(&quot;\\folder1\\folder2\\folder3&quot;)" methodname="SucceedsWithGoodValues" classname="NUnit.Framework.Constraints.SubPathTest_Linux" runstate="Runnable" seed="1657354677" result="Passed" start-time="2016-02-19 11:52:45Z" end-time="2016-02-19 11:52:45Z" duration="0.000071" asserts="0" />
            </test-suite>
          </test-suite>
          <test-suite type="TestFixture" id="0-2225" name="SubstringConstraintTestsIgnoringCase" fullname="NUnit.Framework.Constraints.SubstringConstraintTestsIgnoringCase" classname="NUnit.Framework.Constraints.SubstringConstraintTestsIgnoringCase" runstate="Runnable" testcasecount="11" result="Passed" start-time="2016-02-19 11:52:45Z" end-time="2016-02-19 11:52:45Z" duration="0.006237" total="11" passed="11" failed="0" inconclusive="0" skipped="0" asserts="11">
            <test-suite type="ParameterizedMethod" id="0-2236" name="FailsWithBadValues" fullname="NUnit.Framework.Constraints.SubstringConstraintTestsIgnoringCase.FailsWithBadValues" runstate="Runnable" testcasecount="4" result="Passed" start-time="2016-02-19 11:52:45Z" end-time="2016-02-19 11:52:45Z" duration="0.001467" total="4" passed="4" failed="0" inconclusive="0" skipped="0" asserts="8">
              <test-case id="0-2232" name="FailsWithBadValues(&quot;goodbye&quot;,&quot;\&quot;goodbye\&quot;&quot;)" fullname="NUnit.Framework.Constraints.SubstringConstraintTestsIgnoringCase.FailsWithBadValues(&quot;goodbye&quot;,&quot;\&quot;goodbye\&quot;&quot;)" methodname="FailsWithBadValues" classname="NUnit.Framework.Constraints.SubstringConstraintTestsIgnoringCase" runstate="Runnable" seed="1557195329" result="Passed" start-time="2016-02-19 11:52:45Z" end-time="2016-02-19 11:52:45Z" duration="0.000406" asserts="2" />
              <test-case id="0-2233" name="FailsWithBadValues(&quot;What the hell?&quot;,&quot;\&quot;What the hell?\&quot;&quot;)" fullname="NUnit.Framework.Constraints.SubstringConstraintTestsIgnoringCase.FailsWithBadValues(&quot;What the hell?&quot;,&quot;\&quot;What the hell?\&quot;&quot;)" methodname="FailsWithBadValues" classname="NUnit.Framework.Constraints.SubstringConstraintTestsIgnoringCase" runstate="Runnable" seed="1595654127" result="Passed" start-time="2016-02-19 11:52:45Z" end-time="2016-02-19 11:52:45Z" duration="0.000158" asserts="2" />
              <test-case id="0-2234" name="FailsWithBadValues(&quot;&quot;,&quot;&lt;string.Empty&gt;&quot;)" fullname="NUnit.Framework.Constraints.SubstringConstraintTestsIgnoringCase.FailsWithBadValues(&quot;&quot;,&quot;&lt;string.Empty&gt;&quot;)" methodname="FailsWithBadValues" classname="NUnit.Framework.Constraints.SubstringConstraintTestsIgnoringCase" runstate="Runnable" seed="1929010632" result="Passed" start-time="2016-02-19 11:52:45Z" end-time="2016-02-19 11:52:45Z" duration="0.000100" asserts="2" />
              <test-case id="0-2235" name="FailsWithBadValues(null,&quot;null&quot;)" fullname="NUnit.Framework.Constraints.SubstringConstraintTestsIgnoringCase.FailsWithBadValues(null,&quot;null&quot;)" methodname="FailsWithBadValues" classname="NUnit.Framework.Constraints.SubstringConstraintTestsIgnoringCase" runstate="Runnable" seed="189210807" result="Passed" start-time="2016-02-19 11:52:45Z" end-time="2016-02-19 11:52:45Z" duration="0.000088" asserts="2" />
            </test-suite>
            <test-case id="0-2226" name="NonStringDataThrowsArgumentException" fullname="NUnit.Framework.Constraints.SubstringConstraintTestsIgnoringCase.NonStringDataThrowsArgumentException" methodname="NonStringDataThrowsArgumentException" classname="NUnit.Framework.Constraints.SubstringConstraintTestsIgnoringCase" runstate="Runnable" seed="1956485398" result="Passed" start-time="2016-02-19 11:52:45Z" end-time="2016-02-19 11:52:45Z" duration="0.000154" asserts="1" />
            <test-case id="0-2237" name="ProvidesProperDescription" fullname="NUnit.Framework.Constraints.SubstringConstraintTestsIgnoringCase.ProvidesProperDescription" methodname="ProvidesProperDescription" classname="NUnit.Framework.Constraints.SubstringConstraintTestsIgnoringCase" runstate="Runnable" seed="955121782" result="Passed" start-time="2016-02-19 11:52:45Z" end-time="2016-02-19 11:52:45Z" duration="0.000076" asserts="1" />
            <test-case id="0-2238" name="ProvidesProperStringRepresentation" fullname="NUnit.Framework.Constraints.SubstringConstraintTestsIgnoringCase.ProvidesProperStringRepresentation" methodname="ProvidesProperStringRepresentation" classname="NUnit.Framework.Constraints.SubstringConstraintTestsIgnoringCase" runstate="Runnable" seed="23606650" result="Passed" start-time="2016-02-19 11:52:45Z" end-time="2016-02-19 11:52:45Z" duration="0.000068" asserts="1" />
            <test-suite type="ParameterizedMethod" id="0-2231" name="SucceedsWithGoodValues" fullname="NUnit.Framework.Constraints.SubstringConstraintTestsIgnoringCase.SucceedsWithGoodValues" runstate="Runnable" testcasecount="4" result="Passed" start-time="2016-02-19 11:52:45Z" end-time="2016-02-19 11:52:45Z" duration="0.001840" total="4" passed="4" failed="0" inconclusive="0" skipped="0" asserts="0">
              <test-case id="0-2227" name="SucceedsWithGoodValues(&quot;Hello&quot;)" fullname="NUnit.Framework.Constraints.SubstringConstraintTestsIgnoringCase.SucceedsWithGoodValues(&quot;Hello&quot;)" methodname="SucceedsWithGoodValues" classname="NUnit.Framework.Constraints.SubstringConstraintTestsIgnoringCase" runstate="Runnable" seed="1346321993" result="Passed" start-time="2016-02-19 11:52:45Z" end-time="2016-02-19 11:52:45Z" duration="0.000082" asserts="0" />
              <test-case id="0-2228" name="SucceedsWithGoodValues(&quot;HellO there&quot;)" fullname="NUnit.Framework.Constraints.SubstringConstraintTestsIgnoringCase.SucceedsWithGoodValues(&quot;HellO there&quot;)" methodname="SucceedsWithGoodValues" classname="NUnit.Framework.Constraints.SubstringConstraintTestsIgnoringCase" runstate="Runnable" seed="401768391" result="Passed" start-time="2016-02-19 11:52:45Z" end-time="2016-02-19 11:52:45Z" duration="0.000083" asserts="0" />
              <test-case id="0-2229" name="SucceedsWithGoodValues(&quot;I said HELLO&quot;)" fullname="NUnit.Framework.Constraints.SubstringConstraintTestsIgnoringCase.SucceedsWithGoodValues(&quot;I said HELLO&quot;)" methodname="SucceedsWithGoodValues" classname="NUnit.Framework.Constraints.SubstringConstraintTestsIgnoringCase" runstate="Runnable" seed="96961211" result="Passed" start-time="2016-02-19 11:52:45Z" end-time="2016-02-19 11:52:45Z" duration="0.000075" asserts="0" />
              <test-case id="0-2230" name="SucceedsWithGoodValues(&quot;say hello to fred&quot;)" fullname="NUnit.Framework.Constraints.SubstringConstraintTestsIgnoringCase.SucceedsWithGoodValues(&quot;say hello to fred&quot;)" methodname="SucceedsWithGoodValues" classname="NUnit.Framework.Constraints.SubstringConstraintTestsIgnoringCase" runstate="Runnable" seed="134536910" result="Passed" start-time="2016-02-19 11:52:45Z" end-time="2016-02-19 11:52:45Z" duration="0.000075" asserts="0" />
            </test-suite>
          </test-suite>
          <test-suite type="TestFixture" id="0-2023" name="SubPathTest_Windows" fullname="NUnit.Framework.Constraints.SubPathTest_Windows" classname="NUnit.Framework.Constraints.SubPathTest_Windows" runstate="Runnable" testcasecount="16" result="Passed" start-time="2016-02-19 11:52:45Z" end-time="2016-02-19 11:52:45Z" duration="0.008230" total="16" passed="16" failed="0" inconclusive="0" skipped="0" asserts="19">
            <test-suite type="ParameterizedMethod" id="0-2039" name="FailsWithBadValues" fullname="NUnit.Framework.Constraints.SubPathTest_Windows.FailsWithBadValues" runstate="Runnable" testcasecount="8" result="Passed" start-time="2016-02-19 11:52:45Z" end-time="2016-02-19 11:52:45Z" duration="0.004399" total="8" passed="8" failed="0" inconclusive="0" skipped="0" asserts="16">
              <test-case id="0-2031" name="FailsWithBadValues(&quot;C:\\folder1\\folder3&quot;,&quot;\&quot;C:\\folder1\\folder3\&quot;&quot;)" fullname="NUnit.Framework.Constraints.SubPathTest_Windows.FailsWithBadValues(&quot;C:\\folder1\\folder3&quot;,&quot;\&quot;C:\\folder1\\folder3\&quot;&quot;)" methodname="FailsWithBadValues" classname="NUnit.Framework.Constraints.SubPathTest_Windows" runstate="Runnable" seed="323696082" result="Passed" start-time="2016-02-19 11:52:45Z" end-time="2016-02-19 11:52:45Z" duration="0.002107" asserts="2" />
              <test-case id="0-2032" name="FailsWithBadValues(&quot;C:\\folder1\\.\\folder2\\..\\file.temp&quot;,&quot;\&quot;C:\\folder1\\.\\folder2\\..\\file.temp\&quot;&quot;)" fullname="NUnit.Framework.Constraints.SubPathTest_Windows.FailsWithBadValues(&quot;C:\\folder1\\.\\folder2\\..\\file.temp&quot;,&quot;\&quot;C:\\folder1\\.\\folder2\\..\\file.temp\&quot;&quot;)" methodname="FailsWithBadValues" classname="NUnit.Framework.Constraints.SubPathTest_Windows" runstate="Runnable" seed="409172942" result="Passed" start-time="2016-02-19 11:52:45Z" end-time="2016-02-19 11:52:45Z" duration="0.000096" asserts="2" />
              <test-case id="0-2033" name="FailsWithBadValues(&quot;C:\\folder1\\folder2&quot;,&quot;\&quot;C:\\folder1\\folder2\&quot;&quot;)" fullname="NUnit.Framework.Constraints.SubPathTest_Windows.FailsWithBadValues(&quot;C:\\folder1\\folder2&quot;,&quot;\&quot;C:\\folder1\\folder2\&quot;&quot;)" methodname="FailsWithBadValues" classname="NUnit.Framework.Constraints.SubPathTest_Windows" runstate="Runnable" seed="2058858404" result="Passed" start-time="2016-02-19 11:52:45Z" end-time="2016-02-19 11:52:45Z" duration="0.000096" asserts="2" />
              <test-case id="0-2034" name="FailsWithBadValues(&quot;C:\\Folder1\\Folder2&quot;,&quot;\&quot;C:\\Folder1\\Folder2\&quot;&quot;)" fullname="NUnit.Framework.Constraints.SubPathTest_Windows.FailsWithBadValues(&quot;C:\\Folder1\\Folder2&quot;,&quot;\&quot;C:\\Folder1\\Folder2\&quot;&quot;)" methodname="FailsWithBadValues" classname="NUnit.Framework.Constraints.SubPathTest_Windows" runstate="Runnable" seed="1955463668" result="Passed" start-time="2016-02-19 11:52:45Z" end-time="2016-02-19 11:52:45Z" duration="0.000099" asserts="2" />
              <test-case id="0-2035" name="FailsWithBadValues(&quot;C:\\folder1\\.\\folder2&quot;,&quot;\&quot;C:\\folder1\\.\\folder2\&quot;&quot;)" fullname="NUnit.Framework.Constraints.SubPathTest_Windows.FailsWithBadValues(&quot;C:\\folder1\\.\\folder2&quot;,&quot;\&quot;C:\\folder1\\.\\folder2\&quot;&quot;)" methodname="FailsWithBadValues" classname="NUnit.Framework.Constraints.SubPathTest_Windows" runstate="Runnable" seed="1356757487" result="Passed" start-time="2016-02-19 11:52:45Z" end-time="2016-02-19 11:52:45Z" duration="0.000091" asserts="2" />
              <test-case id="0-2036" name="FailsWithBadValues(&quot;C:\\folder1\\junk\\..\\folder2&quot;,&quot;\&quot;C:\\folder1\\junk\\..\\folder2\&quot;&quot;)" fullname="NUnit.Framework.Constraints.SubPathTest_Windows.FailsWithBadValues(&quot;C:\\folder1\\junk\\..\\folder2&quot;,&quot;\&quot;C:\\folder1\\junk\\..\\folder2\&quot;&quot;)" methodname="FailsWithBadValues" classname="NUnit.Framework.Constraints.SubPathTest_Windows" runstate="Runnable" seed="1832623711" result="Passed" start-time="2016-02-19 11:52:45Z" end-time="2016-02-19 11:52:45Z" duration="0.000089" asserts="2" />
              <test-case id="0-2037" name="FailsWithBadValues(&quot;C:\\FOLDER1\\.\\junk\\..\\Folder2&quot;,&quot;\&quot;C:\\FOLDER1\\.\\junk\\..\\Folder2\&quot;&quot;)" fullname="NUnit.Framework.Constraints.SubPathTest_Windows.FailsWithBadValues(&quot;C:\\FOLDER1\\.\\junk\\..\\Folder2&quot;,&quot;\&quot;C:\\FOLDER1\\.\\junk\\..\\Folder2\&quot;&quot;)" methodname="FailsWithBadValues" classname="NUnit.Framework.Constraints.SubPathTest_Windows" runstate="Runnable" seed="1468006031" result="Passed" start-time="2016-02-19 11:52:45Z" end-time="2016-02-19 11:52:45Z" duration="0.000094" asserts="2" />
              <test-case id="0-2038" name="FailsWithBadValues(&quot;C:/folder1/folder2&quot;,&quot;\&quot;C:/folder1/folder2\&quot;&quot;)" fullname="NUnit.Framework.Constraints.SubPathTest_Windows.FailsWithBadValues(&quot;C:/folder1/folder2&quot;,&quot;\&quot;C:/folder1/folder2\&quot;&quot;)" methodname="FailsWithBadValues" classname="NUnit.Framework.Constraints.SubPathTest_Windows" runstate="Runnable" seed="366990265" result="Passed" start-time="2016-02-19 11:52:45Z" end-time="2016-02-19 11:52:45Z" duration="0.000093" asserts="2" />
            </test-suite>
            <test-case id="0-2040" name="ProvidesProperDescription" fullname="NUnit.Framework.Constraints.SubPathTest_Windows.ProvidesProperDescription" methodname="ProvidesProperDescription" classname="NUnit.Framework.Constraints.SubPathTest_Windows" runstate="Runnable" seed="1172173853" result="Passed" start-time="2016-02-19 11:52:45Z" end-time="2016-02-19 11:52:45Z" duration="0.000063" asserts="1" />
            <test-case id="0-2041" name="ProvidesProperStringRepresentation" fullname="NUnit.Framework.Constraints.SubPathTest_Windows.ProvidesProperStringRepresentation" methodname="ProvidesProperStringRepresentation" classname="NUnit.Framework.Constraints.SubPathTest_Windows" runstate="Runnable" seed="955593795" result="Passed" start-time="2016-02-19 11:52:45Z" end-time="2016-02-19 11:52:45Z" duration="0.000066" asserts="1" />
            <test-case id="0-2024" name="SubPathOfRoot" fullname="NUnit.Framework.Constraints.SubPathTest_Windows.SubPathOfRoot" methodname="SubPathOfRoot" classname="NUnit.Framework.Constraints.SubPathTest_Windows" runstate="Runnable" seed="2124685179" result="Passed" start-time="2016-02-19 11:52:45Z" end-time="2016-02-19 11:52:45Z" duration="0.000471" asserts="1" />
            <test-suite type="ParameterizedMethod" id="0-2030" name="SucceedsWithGoodValues" fullname="NUnit.Framework.Constraints.SubPathTest_Windows.SucceedsWithGoodValues" runstate="Runnable" testcasecount="5" result="Passed" start-time="2016-02-19 11:52:45Z" end-time="2016-02-19 11:52:45Z" duration="0.002158" total="5" passed="5" failed="0" inconclusive="0" skipped="0" asserts="0">
              <test-case id="0-2025" name="SucceedsWithGoodValues(&quot;C:\\folder1\\folder2\\folder3&quot;)" fullname="NUnit.Framework.Constraints.SubPathTest_Windows.SucceedsWithGoodValues(&quot;C:\\folder1\\folder2\\folder3&quot;)" methodname="SucceedsWithGoodValues" classname="NUnit.Framework.Constraints.SubPathTest_Windows" runstate="Runnable" seed="1165641731" result="Passed" start-time="2016-02-19 11:52:45Z" end-time="2016-02-19 11:52:45Z" duration="0.000083" asserts="0" />
              <test-case id="0-2026" name="SucceedsWithGoodValues(&quot;C:\\folder1\\.\\folder2\\folder3&quot;)" fullname="NUnit.Framework.Constraints.SubPathTest_Windows.SucceedsWithGoodValues(&quot;C:\\folder1\\.\\folder2\\folder3&quot;)" methodname="SucceedsWithGoodValues" classname="NUnit.Framework.Constraints.SubPathTest_Windows" runstate="Runnable" seed="726101140" result="Passed" start-time="2016-02-19 11:52:45Z" end-time="2016-02-19 11:52:45Z" duration="0.000083" asserts="0" />
              <test-case id="0-2027" name="SucceedsWithGoodValues(&quot;C:\\folder1\\junk\\..\\folder2\\folder3&quot;)" fullname="NUnit.Framework.Constraints.SubPathTest_Windows.SucceedsWithGoodValues(&quot;C:\\folder1\\junk\\..\\folder2\\folder3&quot;)" methodname="SucceedsWithGoodValues" classname="NUnit.Framework.Constraints.SubPathTest_Windows" runstate="Runnable" seed="1404714293" result="Passed" start-time="2016-02-19 11:52:45Z" end-time="2016-02-19 11:52:45Z" duration="0.000073" asserts="0" />
              <test-case id="0-2028" name="SucceedsWithGoodValues(&quot;C:\\FOLDER1\\.\\junk\\..\\Folder2\\te...&quot;)" fullname="NUnit.Framework.Constraints.SubPathTest_Windows.SucceedsWithGoodValues(&quot;C:\\FOLDER1\\.\\junk\\..\\Folder2\\te...&quot;)" methodname="SucceedsWithGoodValues" classname="NUnit.Framework.Constraints.SubPathTest_Windows" runstate="Runnable" seed="1821187142" result="Passed" start-time="2016-02-19 11:52:45Z" end-time="2016-02-19 11:52:45Z" duration="0.000070" asserts="0" />
              <test-case id="0-2029" name="SucceedsWithGoodValues(&quot;C:/folder1/folder2/folder3&quot;)" fullname="NUnit.Framework.Constraints.SubPathTest_Windows.SucceedsWithGoodValues(&quot;C:/folder1/folder2/folder3&quot;)" methodname="SucceedsWithGoodValues" classname="NUnit.Framework.Constraints.SubPathTest_Windows" runstate="Runnable" seed="1632447055" result="Passed" start-time="2016-02-19 11:52:45Z" end-time="2016-02-19 11:52:45Z" duration="0.000140" asserts="0" />
            </test-suite>
          </test-suite>
          <test-suite type="TestFixture" id="0-2239" name="ThrowsConstraintTest_ExactType" fullname="NUnit.Framework.Constraints.ThrowsConstraintTest_ExactType" classname="NUnit.Framework.Constraints.ThrowsConstraintTest_ExactType" runstate="Runnable" testcasecount="6" result="Passed" start-time="2016-02-19 11:52:45Z" end-time="2016-02-19 11:52:45Z" duration="0.006680" total="6" passed="6" failed="0" inconclusive="0" skipped="0" asserts="8">
            <test-suite type="ParameterizedMethod" id="0-2245" name="FailsWithBadValues" fullname="NUnit.Framework.Constraints.ThrowsConstraintTest_ExactType.FailsWithBadValues" runstate="Runnable" testcasecount="3" result="Passed" start-time="2016-02-19 11:52:45Z" end-time="2016-02-19 11:52:45Z" duration="0.005022" total="3" passed="3" failed="0" inconclusive="0" skipped="0" asserts="6">
              <test-case id="0-2242" name="FailsWithBadValues(NUnit.Framework.TestDelegate,&quot;&lt;System.NullReferenceException: my me...&quot;)" fullname="NUnit.Framework.Constraints.ThrowsConstraintTest_ExactType.FailsWithBadValues(NUnit.Framework.TestDelegate,&quot;&lt;System.NullReferenceException: my me...&quot;)" methodname="FailsWithBadValues" classname="NUnit.Framework.Constraints.ThrowsConstraintTest_ExactType" runstate="Runnable" seed="309412030" result="Passed" start-time="2016-02-19 11:52:45Z" end-time="2016-02-19 11:52:45Z" duration="0.001797" asserts="2" />
              <test-case id="0-2243" name="FailsWithBadValues(NUnit.Framework.TestDelegate,&quot;no exception thrown&quot;)" fullname="NUnit.Framework.Constraints.ThrowsConstraintTest_ExactType.FailsWithBadValues(NUnit.Framework.TestDelegate,&quot;no exception thrown&quot;)" methodname="FailsWithBadValues" classname="NUnit.Framework.Constraints.ThrowsConstraintTest_ExactType" runstate="Runnable" seed="852561767" result="Passed" start-time="2016-02-19 11:52:45Z" end-time="2016-02-19 11:52:45Z" duration="0.000129" asserts="2" />
              <test-case id="0-2244" name="FailsWithBadValues(NUnit.Framework.TestDelegate,&quot;&lt;System.Exception: my message\r\n&quot;)" fullname="NUnit.Framework.Constraints.ThrowsConstraintTest_ExactType.FailsWithBadValues(NUnit.Framework.TestDelegate,&quot;&lt;System.Exception: my message\r\n&quot;)" methodname="FailsWithBadValues" classname="NUnit.Framework.Constraints.ThrowsConstraintTest_ExactType" runstate="Runnable" seed="281997912" result="Passed" start-time="2016-02-19 11:52:45Z" end-time="2016-02-19 11:52:45Z" duration="0.000222" asserts="2" />
            </test-suite>
            <test-case id="0-2246" name="ProvidesProperDescription" fullname="NUnit.Framework.Constraints.ThrowsConstraintTest_ExactType.ProvidesProperDescription" methodname="ProvidesProperDescription" classname="NUnit.Framework.Constraints.ThrowsConstraintTest_ExactType" runstate="Runnable" seed="1019306626" result="Passed" start-time="2016-02-19 11:52:45Z" end-time="2016-02-19 11:52:45Z" duration="0.000071" asserts="1" />
            <test-case id="0-2247" name="ProvidesProperStringRepresentation" fullname="NUnit.Framework.Constraints.ThrowsConstraintTest_ExactType.ProvidesProperStringRepresentation" methodname="ProvidesProperStringRepresentation" classname="NUnit.Framework.Constraints.ThrowsConstraintTest_ExactType" runstate="Runnable" seed="581459396" result="Passed" start-time="2016-02-19 11:52:45Z" end-time="2016-02-19 11:52:45Z" duration="0.000075" asserts="1" />
            <test-suite type="ParameterizedMethod" id="0-2241" name="SucceedsWithGoodValues" fullname="NUnit.Framework.Constraints.ThrowsConstraintTest_ExactType.SucceedsWithGoodValues" runstate="Runnable" testcasecount="1" result="Passed" start-time="2016-02-19 11:52:45Z" end-time="2016-02-19 11:52:45Z" duration="0.000703" total="1" passed="1" failed="0" inconclusive="0" skipped="0" asserts="0">
              <test-case id="0-2240" name="SucceedsWithGoodValues(NUnit.Framework.TestDelegate)" fullname="NUnit.Framework.Constraints.ThrowsConstraintTest_ExactType.SucceedsWithGoodValues(NUnit.Framework.TestDelegate)" methodname="SucceedsWithGoodValues" classname="NUnit.Framework.Constraints.ThrowsConstraintTest_ExactType" runstate="Runnable" seed="323602109" result="Passed" start-time="2016-02-19 11:52:45Z" end-time="2016-02-19 11:52:45Z" duration="0.000532" asserts="0" />
            </test-suite>
          </test-suite>
          <test-suite type="TestFixture" id="0-2248" name="ThrowsConstraintTest_InstanceOfType" fullname="NUnit.Framework.Constraints.ThrowsConstraintTest_InstanceOfType" classname="NUnit.Framework.Constraints.ThrowsConstraintTest_InstanceOfType" runstate="Runnable" testcasecount="7" result="Passed" start-time="2016-02-19 11:52:45Z" end-time="2016-02-19 11:52:45Z" duration="0.006796" total="7" passed="7" failed="0" inconclusive="0" skipped="0" asserts="8">
            <test-suite type="ParameterizedMethod" id="0-2255" name="FailsWithBadValues" fullname="NUnit.Framework.Constraints.ThrowsConstraintTest_InstanceOfType.FailsWithBadValues" runstate="Runnable" testcasecount="3" result="Passed" start-time="2016-02-19 11:52:45Z" end-time="2016-02-19 11:52:45Z" duration="0.003089" total="3" passed="3" failed="0" inconclusive="0" skipped="0" asserts="6">
              <test-case id="0-2252" name="FailsWithBadValues(NUnit.Framework.TestDelegate,&quot;&lt;System.ArgumentException&gt;&quot;)" fullname="NUnit.Framework.Constraints.ThrowsConstraintTest_InstanceOfType.FailsWithBadValues(NUnit.Framework.TestDelegate,&quot;&lt;System.ArgumentException&gt;&quot;)" methodname="FailsWithBadValues" classname="NUnit.Framework.Constraints.ThrowsConstraintTest_InstanceOfType" runstate="Runnable" seed="1253204393" result="Passed" start-time="2016-02-19 11:52:45Z" end-time="2016-02-19 11:52:45Z" duration="0.000824" asserts="2" />
              <test-case id="0-2253" name="FailsWithBadValues(NUnit.Framework.TestDelegate,&quot;no exception thrown&quot;)" fullname="NUnit.Framework.Constraints.ThrowsConstraintTest_InstanceOfType.FailsWithBadValues(NUnit.Framework.TestDelegate,&quot;no exception thrown&quot;)" methodname="FailsWithBadValues" classname="NUnit.Framework.Constraints.ThrowsConstraintTest_InstanceOfType" runstate="Runnable" seed="1984240201" result="Passed" start-time="2016-02-19 11:52:45Z" end-time="2016-02-19 11:52:45Z" duration="0.000129" asserts="2" />
              <test-case id="0-2254" name="FailsWithBadValues(NUnit.Framework.TestDelegate,&quot;&lt;System.NullReferenceException&gt;&quot;)" fullname="NUnit.Framework.Constraints.ThrowsConstraintTest_InstanceOfType.FailsWithBadValues(NUnit.Framework.TestDelegate,&quot;&lt;System.NullReferenceException&gt;&quot;)" methodname="FailsWithBadValues" classname="NUnit.Framework.Constraints.ThrowsConstraintTest_InstanceOfType" runstate="Runnable" seed="311987759" result="Passed" start-time="2016-02-19 11:52:45Z" end-time="2016-02-19 11:52:45Z" duration="0.000159" asserts="2" />
            </test-suite>
            <test-case id="0-2256" name="ProvidesProperDescription" fullname="NUnit.Framework.Constraints.ThrowsConstraintTest_InstanceOfType.ProvidesProperDescription" methodname="ProvidesProperDescription" classname="NUnit.Framework.Constraints.ThrowsConstraintTest_InstanceOfType" runstate="Runnable" seed="1174177090" result="Passed" start-time="2016-02-19 11:52:45Z" end-time="2016-02-19 11:52:45Z" duration="0.000076" asserts="1" />
            <test-case id="0-2257" name="ProvidesProperStringRepresentation" fullname="NUnit.Framework.Constraints.ThrowsConstraintTest_InstanceOfType.ProvidesProperStringRepresentation" methodname="ProvidesProperStringRepresentation" classname="NUnit.Framework.Constraints.ThrowsConstraintTest_InstanceOfType" runstate="Runnable" seed="176239973" result="Passed" start-time="2016-02-19 11:52:45Z" end-time="2016-02-19 11:52:45Z" duration="0.000079" asserts="1" />
            <test-suite type="ParameterizedMethod" id="0-2251" name="SucceedsWithGoodValues" fullname="NUnit.Framework.Constraints.ThrowsConstraintTest_InstanceOfType.SucceedsWithGoodValues" runstate="Runnable" testcasecount="2" result="Passed" start-time="2016-02-19 11:52:45Z" end-time="2016-02-19 11:52:45Z" duration="0.000995" total="2" passed="2" failed="0" inconclusive="0" skipped="0" asserts="0">
              <test-case id="0-2249" name="SucceedsWithGoodValues(NUnit.Framework.TestDelegate)" fullname="NUnit.Framework.Constraints.ThrowsConstraintTest_InstanceOfType.SucceedsWithGoodValues(NUnit.Framework.TestDelegate)" methodname="SucceedsWithGoodValues" classname="NUnit.Framework.Constraints.ThrowsConstraintTest_InstanceOfType" runstate="Runnable" seed="1140148284" result="Passed" start-time="2016-02-19 11:52:45Z" end-time="2016-02-19 11:52:45Z" duration="0.000335" asserts="0" />
              <test-case id="0-2250" name="SucceedsWithGoodValues(NUnit.Framework.TestDelegate)" fullname="NUnit.Framework.Constraints.ThrowsConstraintTest_InstanceOfType.SucceedsWithGoodValues(NUnit.Framework.TestDelegate)" methodname="SucceedsWithGoodValues" classname="NUnit.Framework.Constraints.ThrowsConstraintTest_InstanceOfType" runstate="Runnable" seed="308830198" result="Passed" start-time="2016-02-19 11:52:45Z" end-time="2016-02-19 11:52:45Z" duration="0.000297" asserts="0" />
            </test-suite>
          </test-suite>
          <test-suite type="TestFixture" id="0-2258" name="ThrowsConstraintTest_WithConstraint" fullname="NUnit.Framework.Constraints.ThrowsConstraintTest_WithConstraint" classname="NUnit.Framework.Constraints.ThrowsConstraintTest_WithConstraint" runstate="Runnable" testcasecount="6" result="Passed" start-time="2016-02-19 11:52:45Z" end-time="2016-02-19 11:52:45Z" duration="0.006423" total="6" passed="6" failed="0" inconclusive="0" skipped="0" asserts="8">
            <test-suite type="ParameterizedMethod" id="0-2264" name="FailsWithBadValues" fullname="NUnit.Framework.Constraints.ThrowsConstraintTest_WithConstraint.FailsWithBadValues" runstate="Runnable" testcasecount="3" result="Passed" start-time="2016-02-19 11:52:45Z" end-time="2016-02-19 11:52:45Z" duration="0.002850" total="3" passed="3" failed="0" inconclusive="0" skipped="0" asserts="6">
              <test-case id="0-2261" name="FailsWithBadValues(NUnit.Framework.TestDelegate,&quot;&lt;System.NullReferenceException: my me...&quot;)" fullname="NUnit.Framework.Constraints.ThrowsConstraintTest_WithConstraint.FailsWithBadValues(NUnit.Framework.TestDelegate,&quot;&lt;System.NullReferenceException: my me...&quot;)" methodname="FailsWithBadValues" classname="NUnit.Framework.Constraints.ThrowsConstraintTest_WithConstraint" runstate="Runnable" seed="1147648084" result="Passed" start-time="2016-02-19 11:52:45Z" end-time="2016-02-19 11:52:45Z" duration="0.001155" asserts="2" />
              <test-case id="0-2262" name="FailsWithBadValues(NUnit.Framework.TestDelegate,&quot;no exception thrown&quot;)" fullname="NUnit.Framework.Constraints.ThrowsConstraintTest_WithConstraint.FailsWithBadValues(NUnit.Framework.TestDelegate,&quot;no exception thrown&quot;)" methodname="FailsWithBadValues" classname="NUnit.Framework.Constraints.ThrowsConstraintTest_WithConstraint" runstate="Runnable" seed="293854352" result="Passed" start-time="2016-02-19 11:52:45Z" end-time="2016-02-19 11:52:45Z" duration="0.000129" asserts="2" />
              <test-case id="0-2263" name="FailsWithBadValues(NUnit.Framework.TestDelegate,&quot;&lt;System.Exception: my message\r\n&quot;)" fullname="NUnit.Framework.Constraints.ThrowsConstraintTest_WithConstraint.FailsWithBadValues(NUnit.Framework.TestDelegate,&quot;&lt;System.Exception: my message\r\n&quot;)" methodname="FailsWithBadValues" classname="NUnit.Framework.Constraints.ThrowsConstraintTest_WithConstraint" runstate="Runnable" seed="168070090" result="Passed" start-time="2016-02-19 11:52:45Z" end-time="2016-02-19 11:52:45Z" duration="0.000210" asserts="2" />
            </test-suite>
            <test-case id="0-2265" name="ProvidesProperDescription" fullname="NUnit.Framework.Constraints.ThrowsConstraintTest_WithConstraint.ProvidesProperDescription" methodname="ProvidesProperDescription" classname="NUnit.Framework.Constraints.ThrowsConstraintTest_WithConstraint" runstate="Runnable" seed="211039244" result="Passed" start-time="2016-02-19 11:52:45Z" end-time="2016-02-19 11:52:45Z" duration="0.000083" asserts="1" />
            <test-case id="0-2266" name="ProvidesProperStringRepresentation" fullname="NUnit.Framework.Constraints.ThrowsConstraintTest_WithConstraint.ProvidesProperStringRepresentation" methodname="ProvidesProperStringRepresentation" classname="NUnit.Framework.Constraints.ThrowsConstraintTest_WithConstraint" runstate="Runnable" seed="245417970" result="Passed" start-time="2016-02-19 11:52:45Z" end-time="2016-02-19 11:52:45Z" duration="0.000089" asserts="1" />
            <test-suite type="ParameterizedMethod" id="0-2260" name="SucceedsWithGoodValues" fullname="NUnit.Framework.Constraints.ThrowsConstraintTest_WithConstraint.SucceedsWithGoodValues" runstate="Runnable" testcasecount="1" result="Passed" start-time="2016-02-19 11:52:45Z" end-time="2016-02-19 11:52:45Z" duration="0.000841" total="1" passed="1" failed="0" inconclusive="0" skipped="0" asserts="0">
              <test-case id="0-2259" name="SucceedsWithGoodValues(NUnit.Framework.TestDelegate)" fullname="NUnit.Framework.Constraints.ThrowsConstraintTest_WithConstraint.SucceedsWithGoodValues(NUnit.Framework.TestDelegate)" methodname="SucceedsWithGoodValues" classname="NUnit.Framework.Constraints.ThrowsConstraintTest_WithConstraint" runstate="Runnable" seed="1260855606" result="Passed" start-time="2016-02-19 11:52:45Z" end-time="2016-02-19 11:52:45Z" duration="0.000675" asserts="0" />
            </test-suite>
          </test-suite>
          <test-suite type="TestFixture" id="0-2267" name="ThrowsExceptionConstraintTests" fullname="NUnit.Framework.Constraints.ThrowsExceptionConstraintTests" classname="NUnit.Framework.Constraints.ThrowsExceptionConstraintTests" runstate="Runnable" testcasecount="4" result="Passed" start-time="2016-02-19 11:52:45Z" end-time="2016-02-19 11:52:45Z" duration="0.003041" total="4" passed="4" failed="0" inconclusive="0" skipped="0" asserts="4">
            <test-suite type="ParameterizedMethod" id="0-2271" name="FailsWithBadValues" fullname="NUnit.Framework.Constraints.ThrowsExceptionConstraintTests.FailsWithBadValues" runstate="Runnable" testcasecount="1" result="Passed" start-time="2016-02-19 11:52:45Z" end-time="2016-02-19 11:52:45Z" duration="0.001915" total="1" passed="1" failed="0" inconclusive="0" skipped="0" asserts="2">
              <test-case id="0-2270" name="FailsWithBadValues(NUnit.Framework.TestDelegate,&quot;no exception thrown&quot;)" fullname="NUnit.Framework.Constraints.ThrowsExceptionConstraintTests.FailsWithBadValues(NUnit.Framework.TestDelegate,&quot;no exception thrown&quot;)" methodname="FailsWithBadValues" classname="NUnit.Framework.Constraints.ThrowsExceptionConstraintTests" runstate="Runnable" seed="474811255" result="Passed" start-time="2016-02-19 11:52:45Z" end-time="2016-02-19 11:52:45Z" duration="0.001749" asserts="2" />
            </test-suite>
            <test-case id="0-2272" name="ProvidesProperDescription" fullname="NUnit.Framework.Constraints.ThrowsExceptionConstraintTests.ProvidesProperDescription" methodname="ProvidesProperDescription" classname="NUnit.Framework.Constraints.ThrowsExceptionConstraintTests" runstate="Runnable" seed="1105635247" result="Passed" start-time="2016-02-19 11:52:45Z" end-time="2016-02-19 11:52:45Z" duration="0.000083" asserts="1" />
            <test-case id="0-2273" name="ProvidesProperStringRepresentation" fullname="NUnit.Framework.Constraints.ThrowsExceptionConstraintTests.ProvidesProperStringRepresentation" methodname="ProvidesProperStringRepresentation" classname="NUnit.Framework.Constraints.ThrowsExceptionConstraintTests" runstate="Runnable" seed="1834714504" result="Passed" start-time="2016-02-19 11:52:45Z" end-time="2016-02-19 11:52:45Z" duration="0.000072" asserts="1" />
            <test-suite type="ParameterizedMethod" id="0-2269" name="SucceedsWithGoodValues" fullname="NUnit.Framework.Constraints.ThrowsExceptionConstraintTests.SucceedsWithGoodValues" runstate="Runnable" testcasecount="1" result="Passed" start-time="2016-02-19 11:52:45Z" end-time="2016-02-19 11:52:45Z" duration="0.000333" total="1" passed="1" failed="0" inconclusive="0" skipped="0" asserts="0">
              <test-case id="0-2268" name="SucceedsWithGoodValues(NUnit.Framework.TestDelegate)" fullname="NUnit.Framework.Constraints.ThrowsExceptionConstraintTests.SucceedsWithGoodValues(NUnit.Framework.TestDelegate)" methodname="SucceedsWithGoodValues" classname="NUnit.Framework.Constraints.ThrowsExceptionConstraintTests" runstate="Runnable" seed="514019903" result="Passed" start-time="2016-02-19 11:52:45Z" end-time="2016-02-19 11:52:45Z" duration="0.000160" asserts="0" />
            </test-suite>
          </test-suite>
          <test-suite type="TestFixture" id="0-1460" name="TrueConstraintTest" fullname="NUnit.Framework.Constraints.TrueConstraintTest" classname="NUnit.Framework.Constraints.TrueConstraintTest" runstate="Runnable" testcasecount="8" result="Passed" start-time="2016-02-19 11:52:45Z" end-time="2016-02-19 11:52:45Z" duration="0.002994" total="8" passed="8" failed="0" inconclusive="0" skipped="0" asserts="10">
            <test-suite type="ParameterizedMethod" id="0-1468" name="FailsWithBadValues" fullname="NUnit.Framework.Constraints.TrueConstraintTest.FailsWithBadValues" runstate="Runnable" testcasecount="4" result="Passed" start-time="2016-02-19 11:52:45Z" end-time="2016-02-19 11:52:45Z" duration="0.001833" total="4" passed="4" failed="0" inconclusive="0" skipped="0" asserts="8">
              <test-case id="0-1464" name="FailsWithBadValues(null,&quot;null&quot;)" fullname="NUnit.Framework.Constraints.TrueConstraintTest.FailsWithBadValues(null,&quot;null&quot;)" methodname="FailsWithBadValues" classname="NUnit.Framework.Constraints.TrueConstraintTest" runstate="Runnable" seed="1423936754" result="Passed" start-time="2016-02-19 11:52:45Z" end-time="2016-02-19 11:52:45Z" duration="0.000940" asserts="2" />
              <test-case id="0-1465" name="FailsWithBadValues(&quot;hello&quot;,&quot;\&quot;hello\&quot;&quot;)" fullname="NUnit.Framework.Constraints.TrueConstraintTest.FailsWithBadValues(&quot;hello&quot;,&quot;\&quot;hello\&quot;&quot;)" methodname="FailsWithBadValues" classname="NUnit.Framework.Constraints.TrueConstraintTest" runstate="Runnable" seed="1940506693" result="Passed" start-time="2016-02-19 11:52:45Z" end-time="2016-02-19 11:52:45Z" duration="0.000104" asserts="2" />
              <test-case id="0-1466" name="FailsWithBadValues(False,&quot;False&quot;)" fullname="NUnit.Framework.Constraints.TrueConstraintTest.FailsWithBadValues(False,&quot;False&quot;)" methodname="FailsWithBadValues" classname="NUnit.Framework.Constraints.TrueConstraintTest" runstate="Runnable" seed="401477109" result="Passed" start-time="2016-02-19 11:52:45Z" end-time="2016-02-19 11:52:45Z" duration="0.000095" asserts="2" />
              <test-case id="0-1467" name="FailsWithBadValues(False,&quot;False&quot;)" fullname="NUnit.Framework.Constraints.TrueConstraintTest.FailsWithBadValues(False,&quot;False&quot;)" methodname="FailsWithBadValues" classname="NUnit.Framework.Constraints.TrueConstraintTest" runstate="Runnable" seed="87753398" result="Passed" start-time="2016-02-19 11:52:45Z" end-time="2016-02-19 11:52:45Z" duration="0.000090" asserts="2" />
            </test-suite>
            <test-case id="0-1469" name="ProvidesProperDescription" fullname="NUnit.Framework.Constraints.TrueConstraintTest.ProvidesProperDescription" methodname="ProvidesProperDescription" classname="NUnit.Framework.Constraints.TrueConstraintTest" runstate="Runnable" seed="1996781565" result="Passed" start-time="2016-02-19 11:52:45Z" end-time="2016-02-19 11:52:45Z" duration="0.000071" asserts="1" />
            <test-case id="0-1470" name="ProvidesProperStringRepresentation" fullname="NUnit.Framework.Constraints.TrueConstraintTest.ProvidesProperStringRepresentation" methodname="ProvidesProperStringRepresentation" classname="NUnit.Framework.Constraints.TrueConstraintTest" runstate="Runnable" seed="1050840339" result="Passed" start-time="2016-02-19 11:52:45Z" end-time="2016-02-19 11:52:45Z" duration="0.000065" asserts="1" />
            <test-suite type="ParameterizedMethod" id="0-1463" name="SucceedsWithGoodValues" fullname="NUnit.Framework.Constraints.TrueConstraintTest.SucceedsWithGoodValues" runstate="Runnable" testcasecount="2" result="Passed" start-time="2016-02-19 11:52:45Z" end-time="2016-02-19 11:52:45Z" duration="0.000448" total="2" passed="2" failed="0" inconclusive="0" skipped="0" asserts="0">
              <test-case id="0-1461" name="SucceedsWithGoodValues(True)" fullname="NUnit.Framework.Constraints.TrueConstraintTest.SucceedsWithGoodValues(True)" methodname="SucceedsWithGoodValues" classname="NUnit.Framework.Constraints.TrueConstraintTest" runstate="Runnable" seed="918721401" result="Passed" start-time="2016-02-19 11:52:45Z" end-time="2016-02-19 11:52:45Z" duration="0.000076" asserts="0" />
              <test-case id="0-1462" name="SucceedsWithGoodValues(True)" fullname="NUnit.Framework.Constraints.TrueConstraintTest.SucceedsWithGoodValues(True)" methodname="SucceedsWithGoodValues" classname="NUnit.Framework.Constraints.TrueConstraintTest" runstate="Runnable" seed="2042572734" result="Passed" start-time="2016-02-19 11:52:45Z" end-time="2016-02-19 11:52:45Z" duration="0.000068" asserts="0" />
            </test-suite>
          </test-suite>
          <test-suite type="TestFixture" id="0-2281" name="UniqueItemsTests" fullname="NUnit.Framework.Constraints.UniqueItemsTests" classname="NUnit.Framework.Constraints.UniqueItemsTests" runstate="Runnable" testcasecount="8" result="Passed" start-time="2016-02-19 11:52:45Z" end-time="2016-02-19 11:52:45Z" duration="0.003861" total="8" passed="8" failed="0" inconclusive="0" skipped="0" asserts="7">
            <test-suite type="ParameterizedMethod" id="0-2290" name="FailsWithBadValues" fullname="NUnit.Framework.Constraints.UniqueItemsTests.FailsWithBadValues" runstate="Runnable" testcasecount="1" result="Passed" start-time="2016-02-19 11:52:45Z" end-time="2016-02-19 11:52:45Z" duration="0.000905" total="1" passed="1" failed="0" inconclusive="0" skipped="0" asserts="2">
              <test-case id="0-2289" name="FailsWithBadValues(System.Int32[],&quot;&lt; 1, 3, 17, 3, 34 &gt;&quot;)" fullname="NUnit.Framework.Constraints.UniqueItemsTests.FailsWithBadValues(System.Int32[],&quot;&lt; 1, 3, 17, 3, 34 &gt;&quot;)" methodname="FailsWithBadValues" classname="NUnit.Framework.Constraints.UniqueItemsTests" runstate="Runnable" seed="115825947" result="Passed" start-time="2016-02-19 11:52:45Z" end-time="2016-02-19 11:52:45Z" duration="0.000725" asserts="2" />
            </test-suite>
            <test-suite type="ParameterizedMethod" id="0-2285" name="HonorsIgnoreCase" fullname="NUnit.Framework.Constraints.UniqueItemsTests.HonorsIgnoreCase" runstate="Runnable" testcasecount="3" result="Passed" start-time="2016-02-19 11:52:45Z" end-time="2016-02-19 11:52:45Z" duration="0.001620" total="3" passed="3" failed="0" inconclusive="0" skipped="0" asserts="3">
              <test-case id="0-2282" name="HonorsIgnoreCase(NUnit.TestUtilities.Collections.SimpleObjectCollection)" fullname="NUnit.Framework.Constraints.UniqueItemsTests.HonorsIgnoreCase(NUnit.TestUtilities.Collections.SimpleObjectCollection)" methodname="HonorsIgnoreCase" classname="NUnit.Framework.Constraints.UniqueItemsTests" runstate="Runnable" seed="1210573559" result="Passed" start-time="2016-02-19 11:52:45Z" end-time="2016-02-19 11:52:45Z" duration="0.000902" asserts="1" />
              <test-case id="0-2283" name="HonorsIgnoreCase(System.Char[])" fullname="NUnit.Framework.Constraints.UniqueItemsTests.HonorsIgnoreCase(System.Char[])" methodname="HonorsIgnoreCase" classname="NUnit.Framework.Constraints.UniqueItemsTests" runstate="Runnable" seed="650382908" result="Passed" start-time="2016-02-19 11:52:45Z" end-time="2016-02-19 11:52:45Z" duration="0.000113" asserts="1" />
              <test-case id="0-2284" name="HonorsIgnoreCase(System.String[])" fullname="NUnit.Framework.Constraints.UniqueItemsTests.HonorsIgnoreCase(System.String[])" methodname="HonorsIgnoreCase" classname="NUnit.Framework.Constraints.UniqueItemsTests" runstate="Runnable" seed="2087299341" result="Passed" start-time="2016-02-19 11:52:45Z" end-time="2016-02-19 11:52:45Z" duration="0.000104" asserts="1" />
            </test-suite>
            <test-case id="0-2291" name="ProvidesProperDescription" fullname="NUnit.Framework.Constraints.UniqueItemsTests.ProvidesProperDescription" methodname="ProvidesProperDescription" classname="NUnit.Framework.Constraints.UniqueItemsTests" runstate="Runnable" seed="1800700768" result="Passed" start-time="2016-02-19 11:52:45Z" end-time="2016-02-19 11:52:45Z" duration="0.000072" asserts="1" />
            <test-case id="0-2292" name="ProvidesProperStringRepresentation" fullname="NUnit.Framework.Constraints.UniqueItemsTests.ProvidesProperStringRepresentation" methodname="ProvidesProperStringRepresentation" classname="NUnit.Framework.Constraints.UniqueItemsTests" runstate="Runnable" seed="1308067810" result="Passed" start-time="2016-02-19 11:52:45Z" end-time="2016-02-19 11:52:45Z" duration="0.000069" asserts="1" />
            <test-suite type="ParameterizedMethod" id="0-2288" name="SucceedsWithGoodValues" fullname="NUnit.Framework.Constraints.UniqueItemsTests.SucceedsWithGoodValues" runstate="Runnable" testcasecount="2" result="Passed" start-time="2016-02-19 11:52:45Z" end-time="2016-02-19 11:52:45Z" duration="0.000518" total="2" passed="2" failed="0" inconclusive="0" skipped="0" asserts="0">
              <test-case id="0-2286" name="SucceedsWithGoodValues(System.Int32[])" fullname="NUnit.Framework.Constraints.UniqueItemsTests.SucceedsWithGoodValues(System.Int32[])" methodname="SucceedsWithGoodValues" classname="NUnit.Framework.Constraints.UniqueItemsTests" runstate="Runnable" seed="914597389" result="Passed" start-time="2016-02-19 11:52:45Z" end-time="2016-02-19 11:52:45Z" duration="0.000103" asserts="0" />
              <test-case id="0-2287" name="SucceedsWithGoodValues(System.Object[])" fullname="NUnit.Framework.Constraints.UniqueItemsTests.SucceedsWithGoodValues(System.Object[])" methodname="SucceedsWithGoodValues" classname="NUnit.Framework.Constraints.UniqueItemsTests" runstate="Runnable" seed="721103048" result="Passed" start-time="2016-02-19 11:52:45Z" end-time="2016-02-19 11:52:45Z" duration="0.000081" asserts="0" />
            </test-suite>
          </test-suite>
          <test-suite type="TestFixture" id="0-2274" name="ToStringTests" fullname="NUnit.Framework.Constraints.ToStringTests" classname="NUnit.Framework.Constraints.ToStringTests" runstate="Runnable" testcasecount="6" result="Passed" start-time="2016-02-19 11:52:45Z" end-time="2016-02-19 11:52:45Z" duration="0.013251" total="6" passed="6" failed="0" inconclusive="0" skipped="0" asserts="15">
            <test-case id="0-2278" name="CanDisplayPrefixConstraints_Resolved" fullname="NUnit.Framework.Constraints.ToStringTests.CanDisplayPrefixConstraints_Resolved" methodname="CanDisplayPrefixConstraints_Resolved" classname="NUnit.Framework.Constraints.ToStringTests" runstate="Runnable" seed="396610210" result="Passed" start-time="2016-02-19 11:52:45Z" end-time="2016-02-19 11:52:45Z" duration="0.002425" asserts="3" />
            <test-case id="0-2276" name="CanDisplaySimpleConstraints_Resolved" fullname="NUnit.Framework.Constraints.ToStringTests.CanDisplaySimpleConstraints_Resolved" methodname="CanDisplaySimpleConstraints_Resolved" classname="NUnit.Framework.Constraints.ToStringTests" runstate="Runnable" seed="398450889" result="Passed" start-time="2016-02-19 11:52:45Z" end-time="2016-02-19 11:52:45Z" duration="0.002834" asserts="3" />
            <test-case id="0-2275" name="CanDisplaySimpleConstraints_Unresolved" fullname="NUnit.Framework.Constraints.ToStringTests.CanDisplaySimpleConstraints_Unresolved" methodname="CanDisplaySimpleConstraints_Unresolved" classname="NUnit.Framework.Constraints.ToStringTests" runstate="Runnable" seed="1030891156" result="Passed" start-time="2016-02-19 11:52:45Z" end-time="2016-02-19 11:52:45Z" duration="0.001873" asserts="3" />
            <test-case id="0-2279" name="DisplayBinaryConstraints_Resolved" fullname="NUnit.Framework.Constraints.ToStringTests.DisplayBinaryConstraints_Resolved" methodname="DisplayBinaryConstraints_Resolved" classname="NUnit.Framework.Constraints.ToStringTests" runstate="Runnable" seed="856176463" result="Passed" start-time="2016-02-19 11:52:45Z" end-time="2016-02-19 11:52:45Z" duration="0.001008" asserts="1" />
            <test-case id="0-2280" name="DisplayBinaryConstraints_UnResolved" fullname="NUnit.Framework.Constraints.ToStringTests.DisplayBinaryConstraints_UnResolved" methodname="DisplayBinaryConstraints_UnResolved" classname="NUnit.Framework.Constraints.ToStringTests" runstate="Runnable" seed="2011837460" result="Passed" start-time="2016-02-19 11:52:45Z" end-time="2016-02-19 11:52:45Z" duration="0.000530" asserts="1" />
            <test-case id="0-2277" name="DisplayPrefixConstraints_Unresolved" fullname="NUnit.Framework.Constraints.ToStringTests.DisplayPrefixConstraints_Unresolved" methodname="DisplayPrefixConstraints_Unresolved" classname="NUnit.Framework.Constraints.ToStringTests" runstate="Runnable" seed="573165317" result="Passed" start-time="2016-02-19 11:52:45Z" end-time="2016-02-19 11:52:45Z" duration="0.003593" asserts="4" />
          </test-suite>
          <test-suite type="TestFixture" id="0-2293" name="XmlSerializableTest" fullname="NUnit.Framework.Constraints.XmlSerializableTest" classname="NUnit.Framework.Constraints.XmlSerializableTest" runstate="Runnable" testcasecount="9" result="Passed" start-time="2016-02-19 11:52:45Z" end-time="2016-02-19 11:52:46Z" duration="0.846054" total="9" passed="9" failed="0" inconclusive="0" skipped="0" asserts="9">
            <test-suite type="ParameterizedMethod" id="0-2302" name="FailsWithBadValues" fullname="NUnit.Framework.Constraints.XmlSerializableTest.FailsWithBadValues" runstate="Runnable" testcasecount="3" result="Passed" start-time="2016-02-19 11:52:45Z" end-time="2016-02-19 11:52:46Z" duration="0.367846" total="3" passed="3" failed="0" inconclusive="0" skipped="0" asserts="6">
              <test-case id="0-2299" name="FailsWithBadValues(System.Collections.Generic.Dictionary`2[System.String,System.String],&quot;&lt;System.Collections.Generic.Dictionar...&quot;)" fullname="NUnit.Framework.Constraints.XmlSerializableTest.FailsWithBadValues(System.Collections.Generic.Dictionary`2[System.String,System.String],&quot;&lt;System.Collections.Generic.Dictionar...&quot;)" methodname="FailsWithBadValues" classname="NUnit.Framework.Constraints.XmlSerializableTest" runstate="Runnable" seed="1041608367" result="Passed" start-time="2016-02-19 11:52:45Z" end-time="2016-02-19 11:52:45Z" duration="0.346768" asserts="2" />
              <test-case id="0-2300" name="FailsWithBadValues(NUnit.Framework.Constraints.InternalClass,&quot;&lt;NUnit.Framework.Constraints.Internal...&quot;)" fullname="NUnit.Framework.Constraints.XmlSerializableTest.FailsWithBadValues(NUnit.Framework.Constraints.InternalClass,&quot;&lt;NUnit.Framework.Constraints.Internal...&quot;)" methodname="FailsWithBadValues" classname="NUnit.Framework.Constraints.XmlSerializableTest" runstate="Runnable" seed="578641235" result="Passed" start-time="2016-02-19 11:52:45Z" end-time="2016-02-19 11:52:46Z" duration="0.016582" asserts="2" />
              <test-case id="0-2301" name="FailsWithBadValues(NUnit.Framework.Constraints.InternalWithSerializableAttributeClass,&quot;&lt;NUnit.Framework.Constraints.Internal...&quot;)" fullname="NUnit.Framework.Constraints.XmlSerializableTest.FailsWithBadValues(NUnit.Framework.Constraints.InternalWithSerializableAttributeClass,&quot;&lt;NUnit.Framework.Constraints.Internal...&quot;)" methodname="FailsWithBadValues" classname="NUnit.Framework.Constraints.XmlSerializableTest" runstate="Runnable" seed="1079373835" result="Passed" start-time="2016-02-19 11:52:46Z" end-time="2016-02-19 11:52:46Z" duration="0.000822" asserts="2" />
            </test-suite>
            <test-case id="0-2294" name="NullArgumentThrowsException" fullname="NUnit.Framework.Constraints.XmlSerializableTest.NullArgumentThrowsException" methodname="NullArgumentThrowsException" classname="NUnit.Framework.Constraints.XmlSerializableTest" runstate="Runnable" seed="1383854729" result="Passed" start-time="2016-02-19 11:52:46Z" end-time="2016-02-19 11:52:46Z" duration="0.000671" asserts="1" />
            <test-case id="0-2303" name="ProvidesProperDescription" fullname="NUnit.Framework.Constraints.XmlSerializableTest.ProvidesProperDescription" methodname="ProvidesProperDescription" classname="NUnit.Framework.Constraints.XmlSerializableTest" runstate="Runnable" seed="1025619698" result="Passed" start-time="2016-02-19 11:52:46Z" end-time="2016-02-19 11:52:46Z" duration="0.000050" asserts="1" />
            <test-case id="0-2304" name="ProvidesProperStringRepresentation" fullname="NUnit.Framework.Constraints.XmlSerializableTest.ProvidesProperStringRepresentation" methodname="ProvidesProperStringRepresentation" classname="NUnit.Framework.Constraints.XmlSerializableTest" runstate="Runnable" seed="605690604" result="Passed" start-time="2016-02-19 11:52:46Z" end-time="2016-02-19 11:52:46Z" duration="0.000118" asserts="1" />
            <test-suite type="ParameterizedMethod" id="0-2298" name="SucceedsWithGoodValues" fullname="NUnit.Framework.Constraints.XmlSerializableTest.SucceedsWithGoodValues" runstate="Runnable" testcasecount="3" result="Passed" start-time="2016-02-19 11:52:46Z" end-time="2016-02-19 11:52:46Z" duration="0.476605" total="3" passed="3" failed="0" inconclusive="0" skipped="0" asserts="0">
              <test-case id="0-2295" name="SucceedsWithGoodValues(1)" fullname="NUnit.Framework.Constraints.XmlSerializableTest.SucceedsWithGoodValues(1)" methodname="SucceedsWithGoodValues" classname="NUnit.Framework.Constraints.XmlSerializableTest" runstate="Runnable" seed="1278604205" result="Passed" start-time="2016-02-19 11:52:46Z" end-time="2016-02-19 11:52:46Z" duration="0.045638" asserts="0" />
              <test-case id="0-2296" name="SucceedsWithGoodValues(&quot;a&quot;)" fullname="NUnit.Framework.Constraints.XmlSerializableTest.SucceedsWithGoodValues(&quot;a&quot;)" methodname="SucceedsWithGoodValues" classname="NUnit.Framework.Constraints.XmlSerializableTest" runstate="Runnable" seed="830319522" result="Passed" start-time="2016-02-19 11:52:46Z" end-time="2016-02-19 11:52:46Z" duration="0.009007" asserts="0" />
              <test-case id="0-2297" name="SucceedsWithGoodValues(System.Collections.Generic.List`1[System.String])" fullname="NUnit.Framework.Constraints.XmlSerializableTest.SucceedsWithGoodValues(System.Collections.Generic.List`1[System.String])" methodname="SucceedsWithGoodValues" classname="NUnit.Framework.Constraints.XmlSerializableTest" runstate="Runnable" seed="1861189372" result="Passed" start-time="2016-02-19 11:52:46Z" end-time="2016-02-19 11:52:46Z" duration="0.421631" asserts="0" />
            </test-suite>
          </test-suite>
          <test-suite type="TestSuite" id="0-5001" name="Tests" fullname="NUnit.Framework.Constraints.Tests" runstate="Runnable" testcasecount="9" result="Passed" start-time="2016-02-19 11:52:43Z" end-time="2016-02-19 11:52:46Z" duration="2.726972" total="9" passed="9" failed="0" inconclusive="0" skipped="0" asserts="12">
            <test-suite type="TestFixture" id="0-2312" name="AsyncDelayedConstraintTests" fullname="NUnit.Framework.Constraints.Tests.AsyncDelayedConstraintTests" classname="NUnit.Framework.Constraints.Tests.AsyncDelayedConstraintTests" runstate="Runnable" testcasecount="9" result="Passed" start-time="2016-02-19 11:52:45Z" end-time="2016-02-19 11:52:46Z" duration="1.016395" total="9" passed="9" failed="0" inconclusive="0" skipped="0" asserts="12">
              <test-case id="0-2315" name="ConstraintError" fullname="NUnit.Framework.Constraints.Tests.AsyncDelayedConstraintTests.ConstraintError" methodname="ConstraintError" classname="NUnit.Framework.Constraints.Tests.AsyncDelayedConstraintTests" runstate="Runnable" seed="541237771" result="Passed" start-time="2016-02-19 11:52:45Z" end-time="2016-02-19 11:52:45Z" duration="0.120311" asserts="1" />
              <test-case id="0-2314" name="ConstraintFailure" fullname="NUnit.Framework.Constraints.Tests.AsyncDelayedConstraintTests.ConstraintFailure" methodname="ConstraintFailure" classname="NUnit.Framework.Constraints.Tests.AsyncDelayedConstraintTests" runstate="Runnable" seed="1657073518" result="Passed" start-time="2016-02-19 11:52:45Z" end-time="2016-02-19 11:52:45Z" duration="0.117484" asserts="1" />
              <test-case id="0-2313" name="ConstraintSuccess" fullname="NUnit.Framework.Constraints.Tests.AsyncDelayedConstraintTests.ConstraintSuccess" methodname="ConstraintSuccess" classname="NUnit.Framework.Constraints.Tests.AsyncDelayedConstraintTests" runstate="Runnable" seed="86096700" result="Passed" start-time="2016-02-19 11:52:45Z" end-time="2016-02-19 11:52:45Z" duration="0.108706" asserts="1" />
              <test-case id="0-2317" name="ConstraintVoidDelegateExceptionIsFailureAsDelegateIsNotCalled" fullname="NUnit.Framework.Constraints.Tests.AsyncDelayedConstraintTests.ConstraintVoidDelegateExceptionIsFailureAsDelegateIsNotCalled" methodname="ConstraintVoidDelegateExceptionIsFailureAsDelegateIsNotCalled" classname="NUnit.Framework.Constraints.Tests.AsyncDelayedConstraintTests" runstate="Runnable" seed="1070977366" result="Passed" start-time="2016-02-19 11:52:45Z" end-time="2016-02-19 11:52:46Z" duration="0.105646" asserts="1" />
              <test-case id="0-2316" name="ConstraintVoidDelegateFailureAsDelegateIsNotCalled" fullname="NUnit.Framework.Constraints.Tests.AsyncDelayedConstraintTests.ConstraintVoidDelegateFailureAsDelegateIsNotCalled" methodname="ConstraintVoidDelegateFailureAsDelegateIsNotCalled" classname="NUnit.Framework.Constraints.Tests.AsyncDelayedConstraintTests" runstate="Runnable" seed="623577235" result="Passed" start-time="2016-02-19 11:52:46Z" end-time="2016-02-19 11:52:46Z" duration="0.107994" asserts="1" />
              <test-case id="0-2320" name="SyntaxError" fullname="NUnit.Framework.Constraints.Tests.AsyncDelayedConstraintTests.SyntaxError" methodname="SyntaxError" classname="NUnit.Framework.Constraints.Tests.AsyncDelayedConstraintTests" runstate="Runnable" seed="1688804155" result="Passed" start-time="2016-02-19 11:52:46Z" end-time="2016-02-19 11:52:46Z" duration="0.113119" asserts="2" />
              <test-case id="0-2319" name="SyntaxFailure" fullname="NUnit.Framework.Constraints.Tests.AsyncDelayedConstraintTests.SyntaxFailure" methodname="SyntaxFailure" classname="NUnit.Framework.Constraints.Tests.AsyncDelayedConstraintTests" runstate="Runnable" seed="1875901692" result="Passed" start-time="2016-02-19 11:52:46Z" end-time="2016-02-19 11:52:46Z" duration="0.115399" asserts="2" />
              <test-case id="0-2318" name="SyntaxSuccess" fullname="NUnit.Framework.Constraints.Tests.AsyncDelayedConstraintTests.SyntaxSuccess" methodname="SyntaxSuccess" classname="NUnit.Framework.Constraints.Tests.AsyncDelayedConstraintTests" runstate="Runnable" seed="1533682040" result="Passed" start-time="2016-02-19 11:52:46Z" end-time="2016-02-19 11:52:46Z" duration="0.114857" asserts="1" />
              <test-case id="0-2321" name="SyntaxVoidDelegateExceptionIsFailureAsCodeIsNotCalled" fullname="NUnit.Framework.Constraints.Tests.AsyncDelayedConstraintTests.SyntaxVoidDelegateExceptionIsFailureAsCodeIsNotCalled" methodname="SyntaxVoidDelegateExceptionIsFailureAsCodeIsNotCalled" classname="NUnit.Framework.Constraints.Tests.AsyncDelayedConstraintTests" runstate="Runnable" seed="1208951888" result="Passed" start-time="2016-02-19 11:52:46Z" end-time="2016-02-19 11:52:46Z" duration="0.105605" asserts="2" />
            </test-suite>
          </test-suite>
          <test-suite type="TestFixture" id="0-1627" name="DelayedConstraintTests" fullname="NUnit.Framework.Constraints.DelayedConstraintTests" classname="NUnit.Framework.Constraints.DelayedConstraintTests" runstate="Runnable" testcasecount="22" result="Passed" start-time="2016-02-19 11:52:48Z" end-time="2016-02-19 11:52:55Z" duration="6.250973" total="22" passed="22" failed="0" inconclusive="0" skipped="0" asserts="33">
            <properties>
              <property name="ParallelScope" value="None" />
            </properties>
            <test-case id="0-1638" name="CanTestContentsOfDelegateReturningList" fullname="NUnit.Framework.Constraints.DelayedConstraintTests.CanTestContentsOfDelegateReturningList" methodname="CanTestContentsOfDelegateReturningList" classname="NUnit.Framework.Constraints.DelayedConstraintTests" runstate="Runnable" seed="16379793" result="Passed" start-time="2016-02-19 11:52:48Z" end-time="2016-02-19 11:52:48Z" duration="0.059608" asserts="1" />
            <test-case id="0-1637" name="CanTestContentsOfList" fullname="NUnit.Framework.Constraints.DelayedConstraintTests.CanTestContentsOfList" methodname="CanTestContentsOfList" classname="NUnit.Framework.Constraints.DelayedConstraintTests" runstate="Runnable" seed="563393509" result="Passed" start-time="2016-02-19 11:52:48Z" end-time="2016-02-19 11:52:49Z" duration="0.062368" asserts="1" />
            <test-case id="0-1639" name="CanTestInitiallyNullDelegate" fullname="NUnit.Framework.Constraints.DelayedConstraintTests.CanTestInitiallyNullDelegate" methodname="CanTestInitiallyNullDelegate" classname="NUnit.Framework.Constraints.DelayedConstraintTests" runstate="Runnable" seed="436535077" result="Passed" start-time="2016-02-19 11:52:49Z" end-time="2016-02-19 11:52:49Z" duration="0.124960" asserts="1" />
            <test-suite type="ParameterizedMethod" id="0-1632" name="FailsWithBadDelegates" fullname="NUnit.Framework.Constraints.DelayedConstraintTests.FailsWithBadDelegates" runstate="Runnable" testcasecount="2" result="Passed" start-time="2016-02-19 11:52:49Z" end-time="2016-02-19 11:52:50Z" duration="1.031498" total="2" passed="2" failed="0" inconclusive="0" skipped="0" asserts="2">
              <test-case id="0-1630" name="FailsWithBadDelegates(NUnit.Framework.Constraints.ActualValueDelegate`1[System.Object])" fullname="NUnit.Framework.Constraints.DelayedConstraintTests.FailsWithBadDelegates(NUnit.Framework.Constraints.ActualValueDelegate`1[System.Object])" methodname="FailsWithBadDelegates" classname="NUnit.Framework.Constraints.DelayedConstraintTests" runstate="Runnable" seed="1918100923" result="Passed" start-time="2016-02-19 11:52:49Z" end-time="2016-02-19 11:52:49Z" duration="0.515578" asserts="1" />
              <test-case id="0-1631" name="FailsWithBadDelegates(NUnit.Framework.Constraints.ActualValueDelegate`1[System.Object])" fullname="NUnit.Framework.Constraints.DelayedConstraintTests.FailsWithBadDelegates(NUnit.Framework.Constraints.ActualValueDelegate`1[System.Object])" methodname="FailsWithBadDelegates" classname="NUnit.Framework.Constraints.DelayedConstraintTests" runstate="Runnable" seed="2126828289" result="Passed" start-time="2016-02-19 11:52:49Z" end-time="2016-02-19 11:52:50Z" duration="0.515628" asserts="1" />
            </test-suite>
            <test-suite type="ParameterizedMethod" id="0-1651" name="FailsWithBadValues" fullname="NUnit.Framework.Constraints.DelayedConstraintTests.FailsWithBadValues" runstate="Runnable" testcasecount="3" result="Passed" start-time="2016-02-19 11:52:50Z" end-time="2016-02-19 11:52:51Z" duration="1.547405" total="3" passed="3" failed="0" inconclusive="0" skipped="0" asserts="6">
              <test-case id="0-1648" name="FailsWithBadValues(False,&quot;False&quot;)" fullname="NUnit.Framework.Constraints.DelayedConstraintTests.FailsWithBadValues(False,&quot;False&quot;)" methodname="FailsWithBadValues" classname="NUnit.Framework.Constraints.DelayedConstraintTests" runstate="Runnable" seed="206426854" result="Passed" start-time="2016-02-19 11:52:50Z" end-time="2016-02-19 11:52:50Z" duration="0.515204" asserts="2" />
              <test-case id="0-1649" name="FailsWithBadValues(0,&quot;0&quot;)" fullname="NUnit.Framework.Constraints.DelayedConstraintTests.FailsWithBadValues(0,&quot;0&quot;)" methodname="FailsWithBadValues" classname="NUnit.Framework.Constraints.DelayedConstraintTests" runstate="Runnable" seed="986000456" result="Passed" start-time="2016-02-19 11:52:50Z" end-time="2016-02-19 11:52:51Z" duration="0.516117" asserts="2" />
              <test-case id="0-1650" name="FailsWithBadValues(null,&quot;null&quot;)" fullname="NUnit.Framework.Constraints.DelayedConstraintTests.FailsWithBadValues(null,&quot;null&quot;)" methodname="FailsWithBadValues" classname="NUnit.Framework.Constraints.DelayedConstraintTests" runstate="Runnable" seed="1976087784" result="Passed" start-time="2016-02-19 11:52:51Z" end-time="2016-02-19 11:52:51Z" duration="0.515489" asserts="2" />
            </test-suite>
            <test-case id="0-1652" name="ProvidesProperDescription" fullname="NUnit.Framework.Constraints.DelayedConstraintTests.ProvidesProperDescription" methodname="ProvidesProperDescription" classname="NUnit.Framework.Constraints.DelayedConstraintTests" runstate="Runnable" seed="1699529058" result="Passed" start-time="2016-02-19 11:52:51Z" end-time="2016-02-19 11:52:51Z" duration="0.000081" asserts="1" />
            <test-case id="0-1653" name="ProvidesProperStringRepresentation" fullname="NUnit.Framework.Constraints.DelayedConstraintTests.ProvidesProperStringRepresentation" methodname="ProvidesProperStringRepresentation" classname="NUnit.Framework.Constraints.DelayedConstraintTests" runstate="Runnable" seed="2084246873" result="Passed" start-time="2016-02-19 11:52:51Z" end-time="2016-02-19 11:52:51Z" duration="0.000047" asserts="1" />
            <test-case id="0-1633" name="SimpleTest" fullname="NUnit.Framework.Constraints.DelayedConstraintTests.SimpleTest" methodname="SimpleTest" classname="NUnit.Framework.Constraints.DelayedConstraintTests" runstate="Runnable" seed="504852863" result="Passed" start-time="2016-02-19 11:52:51Z" end-time="2016-02-19 11:52:51Z" duration="0.126569" asserts="1" />
            <test-case id="0-1634" name="SimpleTestUsingBoolean" fullname="NUnit.Framework.Constraints.DelayedConstraintTests.SimpleTestUsingBoolean" methodname="SimpleTestUsingBoolean" classname="NUnit.Framework.Constraints.DelayedConstraintTests" runstate="Runnable" seed="477454641" result="Passed" start-time="2016-02-19 11:52:51Z" end-time="2016-02-19 11:52:51Z" duration="0.122464" asserts="1" />
            <test-suite type="ParameterizedMethod" id="0-1629" name="SucceedsWithGoodDelegates" fullname="NUnit.Framework.Constraints.DelayedConstraintTests.SucceedsWithGoodDelegates" runstate="Runnable" testcasecount="1" result="Passed" start-time="2016-02-19 11:52:51Z" end-time="2016-02-19 11:52:52Z" duration="0.515661" total="1" passed="1" failed="0" inconclusive="0" skipped="0" asserts="1">
              <test-case id="0-1628" name="SucceedsWithGoodDelegates(NUnit.Framework.Constraints.ActualValueDelegate`1[System.Object])" fullname="NUnit.Framework.Constraints.DelayedConstraintTests.SucceedsWithGoodDelegates(NUnit.Framework.Constraints.ActualValueDelegate`1[System.Object])" methodname="SucceedsWithGoodDelegates" classname="NUnit.Framework.Constraints.DelayedConstraintTests" runstate="Runnable" seed="638984921" result="Passed" start-time="2016-02-19 11:52:51Z" end-time="2016-02-19 11:52:52Z" duration="0.515499" asserts="1" />
            </test-suite>
            <test-suite type="ParameterizedMethod" id="0-1647" name="SucceedsWithGoodValues" fullname="NUnit.Framework.Constraints.DelayedConstraintTests.SucceedsWithGoodValues" runstate="Runnable" testcasecount="1" result="Passed" start-time="2016-02-19 11:52:52Z" end-time="2016-02-19 11:52:53Z" duration="0.515582" total="1" passed="1" failed="0" inconclusive="0" skipped="0" asserts="0">
              <test-case id="0-1646" name="SucceedsWithGoodValues(True)" fullname="NUnit.Framework.Constraints.DelayedConstraintTests.SucceedsWithGoodValues(True)" methodname="SucceedsWithGoodValues" classname="NUnit.Framework.Constraints.DelayedConstraintTests" runstate="Runnable" seed="142869249" result="Passed" start-time="2016-02-19 11:52:52Z" end-time="2016-02-19 11:52:53Z" duration="0.514308" asserts="0" />
            </test-suite>
            <test-case id="0-1642" name="ThatBlockingDelegateWhichFailsWithoutPolling_FailsAfterDelay" fullname="NUnit.Framework.Constraints.DelayedConstraintTests.ThatBlockingDelegateWhichFailsWithoutPolling_FailsAfterDelay" methodname="ThatBlockingDelegateWhichFailsWithoutPolling_FailsAfterDelay" classname="NUnit.Framework.Constraints.DelayedConstraintTests" runstate="Runnable" seed="1155501780" result="Passed" start-time="2016-02-19 11:52:53Z" end-time="2016-02-19 11:52:53Z" duration="0.419622" asserts="3" />
            <test-case id="0-1643" name="ThatBlockingDelegateWhichFailsWithPolling_FailsAfterDelay" fullname="NUnit.Framework.Constraints.DelayedConstraintTests.ThatBlockingDelegateWhichFailsWithPolling_FailsAfterDelay" methodname="ThatBlockingDelegateWhichFailsWithPolling_FailsAfterDelay" classname="NUnit.Framework.Constraints.DelayedConstraintTests" runstate="Runnable" seed="1601292010" result="Passed" start-time="2016-02-19 11:52:53Z" end-time="2016-02-19 11:52:53Z" duration="0.499459" asserts="3" />
            <test-case id="0-1640" name="ThatBlockingDelegateWhichSucceedsWithoutPolling_ReturnsAfterDelay" fullname="NUnit.Framework.Constraints.DelayedConstraintTests.ThatBlockingDelegateWhichSucceedsWithoutPolling_ReturnsAfterDelay" methodname="ThatBlockingDelegateWhichSucceedsWithoutPolling_ReturnsAfterDelay" classname="NUnit.Framework.Constraints.DelayedConstraintTests" runstate="Runnable" seed="336216509" result="Passed" start-time="2016-02-19 11:52:53Z" end-time="2016-02-19 11:52:54Z" duration="0.419422" asserts="2" />
            <test-case id="0-1641" name="ThatBlockingDelegateWhichSucceedsWithPolling_ReturnsEarly" fullname="NUnit.Framework.Constraints.DelayedConstraintTests.ThatBlockingDelegateWhichSucceedsWithPolling_ReturnsEarly" methodname="ThatBlockingDelegateWhichSucceedsWithPolling_ReturnsEarly" classname="NUnit.Framework.Constraints.DelayedConstraintTests" runstate="Runnable" seed="313704891" result="Passed" start-time="2016-02-19 11:52:54Z" end-time="2016-02-19 11:52:54Z" duration="0.171602" asserts="1" />
            <test-case id="0-1644" name="ThatBlockingDelegateWhichThrowsWithoutPolling_FailsAfterDelay" fullname="NUnit.Framework.Constraints.DelayedConstraintTests.ThatBlockingDelegateWhichThrowsWithoutPolling_FailsAfterDelay" methodname="ThatBlockingDelegateWhichThrowsWithoutPolling_FailsAfterDelay" classname="NUnit.Framework.Constraints.DelayedConstraintTests" runstate="Runnable" seed="607328129" result="Passed" start-time="2016-02-19 11:52:54Z" end-time="2016-02-19 11:52:54Z" duration="0.312657" asserts="3" />
            <test-case id="0-1645" name="ThatBlockingDelegateWhichThrowsWithPolling_FailsAfterDelay" fullname="NUnit.Framework.Constraints.DelayedConstraintTests.ThatBlockingDelegateWhichThrowsWithPolling_FailsAfterDelay" methodname="ThatBlockingDelegateWhichThrowsWithPolling_FailsAfterDelay" classname="NUnit.Framework.Constraints.DelayedConstraintTests" runstate="Runnable" seed="1425509744" result="Passed" start-time="2016-02-19 11:52:54Z" end-time="2016-02-19 11:52:55Z" duration="0.312394" asserts="3" />
            <test-case id="0-1636" name="ThatOverload_DoesNotAcceptNegativeDelayValues" fullname="NUnit.Framework.Constraints.DelayedConstraintTests.ThatOverload_DoesNotAcceptNegativeDelayValues" methodname="ThatOverload_DoesNotAcceptNegativeDelayValues" classname="NUnit.Framework.Constraints.DelayedConstraintTests" runstate="Runnable" seed="271829995" result="Passed" start-time="2016-02-19 11:52:55Z" end-time="2016-02-19 11:52:55Z" duration="0.005166" asserts="1" />
            <test-case id="0-1635" name="ThatOverload_ZeroDelayIsAllowed" fullname="NUnit.Framework.Constraints.DelayedConstraintTests.ThatOverload_ZeroDelayIsAllowed" methodname="ThatOverload_ZeroDelayIsAllowed" classname="NUnit.Framework.Constraints.DelayedConstraintTests" runstate="Runnable" seed="237192326" result="Passed" start-time="2016-02-19 11:52:55Z" end-time="2016-02-19 11:52:55Z" duration="0.001366" asserts="1" />
          </test-suite>
        </test-suite>
        <test-suite type="TestSuite" id="0-5004" name="Tests" fullname="NUnit.Framework.Tests" runstate="Runnable" testcasecount="191" result="Passed" start-time="2016-02-19 11:52:43Z" end-time="2016-02-19 11:52:55Z" duration="11.286632" total="191" passed="190" failed="0" inconclusive="0" skipped="1" asserts="516">
          <test-suite type="TestSuite" id="0-5007" name="Attributes" fullname="NUnit.Framework.Tests.Attributes" runstate="Runnable" testcasecount="28" result="Passed" start-time="2016-02-19 11:52:43Z" end-time="2016-02-19 11:52:46Z" duration="3.034430" total="28" passed="28" failed="0" inconclusive="0" skipped="0" asserts="38">
            <test-suite type="TestFixture" id="0-3150" name="AuthorTests" fullname="NUnit.Framework.Tests.Attributes.AuthorTests" classname="NUnit.Framework.Tests.Attributes.AuthorTests" runstate="Runnable" testcasecount="7" result="Passed" start-time="2016-02-19 11:52:46Z" end-time="2016-02-19 11:52:46Z" duration="0.007576" total="7" passed="7" failed="0" inconclusive="0" skipped="0" asserts="14">
              <properties>
                <property name="Author" value="Rob Prouse &lt;rob@prouse.org&gt;" />
                <property name="TestOf" value="NUnit.Framework.AuthorAttribute" />
              </properties>
              <test-case id="0-3152" name="Author" fullname="NUnit.Framework.Tests.Attributes.AuthorTests.Author" methodname="Author" classname="NUnit.Framework.Tests.Attributes.AuthorTests" runstate="Runnable" seed="202380209" result="Passed" start-time="2016-02-19 11:52:46Z" end-time="2016-02-19 11:52:46Z" duration="0.001845" asserts="2" />
              <test-case id="0-3157" name="AuthorOnTestCase" fullname="NUnit.Framework.Tests.Attributes.AuthorTests.AuthorOnTestCase" methodname="AuthorOnTestCase" classname="NUnit.Framework.Tests.Attributes.AuthorTests" runstate="Runnable" seed="1981718365" result="Passed" start-time="2016-02-19 11:52:46Z" end-time="2016-02-19 11:52:46Z" duration="0.001085" asserts="3" />
              <test-case id="0-3154" name="FixtureAuthor" fullname="NUnit.Framework.Tests.Attributes.AuthorTests.FixtureAuthor" methodname="FixtureAuthor" classname="NUnit.Framework.Tests.Attributes.AuthorTests" runstate="Runnable" seed="1655469261" result="Passed" start-time="2016-02-19 11:52:46Z" end-time="2016-02-19 11:52:46Z" duration="0.001792" asserts="1" />
              <test-case id="0-3153" name="NoAuthor" fullname="NUnit.Framework.Tests.Attributes.AuthorTests.NoAuthor" methodname="NoAuthor" classname="NUnit.Framework.Tests.Attributes.AuthorTests" runstate="Runnable" seed="620342435" result="Passed" start-time="2016-02-19 11:52:46Z" end-time="2016-02-19 11:52:46Z" duration="0.000573" asserts="2" />
              <test-case id="0-3151" name="ReflectionTest" fullname="NUnit.Framework.Tests.Attributes.AuthorTests.ReflectionTest" methodname="ReflectionTest" classname="NUnit.Framework.Tests.Attributes.AuthorTests" runstate="Runnable" seed="1833307973" result="Passed" start-time="2016-02-19 11:52:46Z" end-time="2016-02-19 11:52:46Z" duration="0.000668" asserts="2" />
              <test-case id="0-3155" name="SeparateAuthorAttribute" fullname="NUnit.Framework.Tests.Attributes.AuthorTests.SeparateAuthorAttribute" methodname="SeparateAuthorAttribute" classname="NUnit.Framework.Tests.Attributes.AuthorTests" runstate="Runnable" seed="794918897" result="Passed" start-time="2016-02-19 11:52:46Z" end-time="2016-02-19 11:52:46Z" duration="0.000454" asserts="2" />
              <test-case id="0-3156" name="SeparateAuthorWithEmailAttribute" fullname="NUnit.Framework.Tests.Attributes.AuthorTests.SeparateAuthorWithEmailAttribute" methodname="SeparateAuthorWithEmailAttribute" classname="NUnit.Framework.Tests.Attributes.AuthorTests" runstate="Runnable" seed="1407888214" result="Passed" start-time="2016-02-19 11:52:46Z" end-time="2016-02-19 11:52:46Z" duration="0.000362" asserts="2" />
            </test-suite>
            <test-suite type="TestFixture" id="0-3176" name="TestExpectedResult" fullname="NUnit.Framework.Tests.Attributes.TestExpectedResult" classname="NUnit.Framework.Tests.Attributes.TestExpectedResult" runstate="Runnable" testcasecount="7" result="Passed" start-time="2016-02-19 11:52:46Z" end-time="2016-02-19 11:52:46Z" duration="0.003162" total="7" passed="7" failed="0" inconclusive="0" skipped="0" asserts="8">
              <test-case id="0-3178" name="CanExpectDouble" fullname="NUnit.Framework.Tests.Attributes.TestExpectedResult.CanExpectDouble" methodname="CanExpectDouble" classname="NUnit.Framework.Tests.Attributes.TestExpectedResult" runstate="Runnable" seed="700046776" result="Passed" start-time="2016-02-19 11:52:46Z" end-time="2016-02-19 11:52:46Z" duration="0.000182" asserts="1" />
              <test-case id="0-3177" name="CanExpectInt" fullname="NUnit.Framework.Tests.Attributes.TestExpectedResult.CanExpectInt" methodname="CanExpectInt" classname="NUnit.Framework.Tests.Attributes.TestExpectedResult" runstate="Runnable" seed="316940324" result="Passed" start-time="2016-02-19 11:52:46Z" end-time="2016-02-19 11:52:46Z" duration="0.000107" asserts="1" />
              <test-case id="0-3179" name="CanExpectString" fullname="NUnit.Framework.Tests.Attributes.TestExpectedResult.CanExpectString" methodname="CanExpectString" classname="NUnit.Framework.Tests.Attributes.TestExpectedResult" runstate="Runnable" seed="448126836" result="Passed" start-time="2016-02-19 11:52:46Z" end-time="2016-02-19 11:52:46Z" duration="0.000122" asserts="1" />
              <test-case id="0-3184" name="ExpectedResultDoesNotBlockApplyToTestAttributes" fullname="NUnit.Framework.Tests.Attributes.TestExpectedResult.ExpectedResultDoesNotBlockApplyToTestAttributes" methodname="ExpectedResultDoesNotBlockApplyToTestAttributes" classname="NUnit.Framework.Tests.Attributes.TestExpectedResult" runstate="Runnable" seed="33206270" result="Passed" start-time="2016-02-19 11:52:46Z" end-time="2016-02-19 11:52:46Z" duration="0.000591" asserts="2">
                <properties>
                  <property name="Description" value="A description" />
                </properties>
              </test-case>
              <test-case id="0-3180" name="ResultCanBeNull" fullname="NUnit.Framework.Tests.Attributes.TestExpectedResult.ResultCanBeNull" methodname="ResultCanBeNull" classname="NUnit.Framework.Tests.Attributes.TestExpectedResult" runstate="Runnable" seed="371608644" result="Passed" start-time="2016-02-19 11:52:46Z" end-time="2016-02-19 11:52:46Z" duration="0.000118" asserts="1" />
              <test-suite type="ParameterizedMethod" id="0-3183" name="TestAttributeExpectedResultDoesNotOverrideTestCaseExpectedResult" fullname="NUnit.Framework.Tests.Attributes.TestExpectedResult.TestAttributeExpectedResultDoesNotOverrideTestCaseExpectedResult" runstate="Runnable" testcasecount="2" result="Passed" start-time="2016-02-19 11:52:46Z" end-time="2016-02-19 11:52:46Z" duration="0.001480" total="2" passed="2" failed="0" inconclusive="0" skipped="0" asserts="2">
                <test-case id="0-3181" name="TestAttributeExpectedResultDoesNotOverrideTestCaseExpectedResult(1,1)" fullname="NUnit.Framework.Tests.Attributes.TestExpectedResult.TestAttributeExpectedResultDoesNotOverrideTestCaseExpectedResult(1,1)" methodname="TestAttributeExpectedResultDoesNotOverrideTestCaseExpectedResult" classname="NUnit.Framework.Tests.Attributes.TestExpectedResult" runstate="Runnable" seed="998576109" result="Passed" start-time="2016-02-19 11:52:46Z" end-time="2016-02-19 11:52:46Z" duration="0.000224" asserts="1" />
                <test-case id="0-3182" name="TestAttributeExpectedResultDoesNotOverrideTestCaseExpectedResult(5,3)" fullname="NUnit.Framework.Tests.Attributes.TestExpectedResult.TestAttributeExpectedResultDoesNotOverrideTestCaseExpectedResult(5,3)" methodname="TestAttributeExpectedResultDoesNotOverrideTestCaseExpectedResult" classname="NUnit.Framework.Tests.Attributes.TestExpectedResult" runstate="Runnable" seed="1448437602" result="Passed" start-time="2016-02-19 11:52:46Z" end-time="2016-02-19 11:52:46Z" duration="0.000054" asserts="1" />
              </test-suite>
            </test-suite>
            <test-suite type="TestFixture" id="0-3158" name="TestOfTests" fullname="NUnit.Framework.Tests.Attributes.TestOfTests" classname="NUnit.Framework.Tests.Attributes.TestOfTests" runstate="Runnable" testcasecount="7" result="Passed" start-time="2016-02-19 11:52:46Z" end-time="2016-02-19 11:52:46Z" duration="0.004682" total="7" passed="7" failed="0" inconclusive="0" skipped="0" asserts="14">
              <properties>
                <property name="Author" value="Rob Prouse &lt;rob@prouse.org&gt;" />
                <property name="TestOf" value="NUnit.Framework.TestOfAttribute" />
              </properties>
              <test-case id="0-3162" name="FixtureTestOf" fullname="NUnit.Framework.Tests.Attributes.TestOfTests.FixtureTestOf" methodname="FixtureTestOf" classname="NUnit.Framework.Tests.Attributes.TestOfTests" runstate="Runnable" seed="1403170490" result="Passed" start-time="2016-02-19 11:52:46Z" end-time="2016-02-19 11:52:46Z" duration="0.001466" asserts="1" />
              <test-case id="0-3161" name="NoTestOf" fullname="NUnit.Framework.Tests.Attributes.TestOfTests.NoTestOf" methodname="NoTestOf" classname="NUnit.Framework.Tests.Attributes.TestOfTests" runstate="Runnable" seed="1478899559" result="Passed" start-time="2016-02-19 11:52:46Z" end-time="2016-02-19 11:52:46Z" duration="0.000379" asserts="2" />
              <test-case id="0-3159" name="ReflectionTest" fullname="NUnit.Framework.Tests.Attributes.TestOfTests.ReflectionTest" methodname="ReflectionTest" classname="NUnit.Framework.Tests.Attributes.TestOfTests" runstate="Runnable" seed="132270214" result="Passed" start-time="2016-02-19 11:52:46Z" end-time="2016-02-19 11:52:46Z" duration="0.000423" asserts="2" />
              <test-case id="0-3163" name="SeparateTestOfAttribute" fullname="NUnit.Framework.Tests.Attributes.TestOfTests.SeparateTestOfAttribute" methodname="SeparateTestOfAttribute" classname="NUnit.Framework.Tests.Attributes.TestOfTests" runstate="Runnable" seed="1083020512" result="Passed" start-time="2016-02-19 11:52:46Z" end-time="2016-02-19 11:52:46Z" duration="0.000383" asserts="2" />
              <test-case id="0-3164" name="SeparateTestOfStringMethod" fullname="NUnit.Framework.Tests.Attributes.TestOfTests.SeparateTestOfStringMethod" methodname="SeparateTestOfStringMethod" classname="NUnit.Framework.Tests.Attributes.TestOfTests" runstate="Runnable" seed="381608434" result="Passed" start-time="2016-02-19 11:52:46Z" end-time="2016-02-19 11:52:46Z" duration="0.000351" asserts="2" />
              <test-case id="0-3160" name="TestOf" fullname="NUnit.Framework.Tests.Attributes.TestOfTests.TestOf" methodname="TestOf" classname="NUnit.Framework.Tests.Attributes.TestOfTests" runstate="Runnable" seed="1046564554" result="Passed" start-time="2016-02-19 11:52:46Z" end-time="2016-02-19 11:52:46Z" duration="0.000361" asserts="2" />
              <test-case id="0-3165" name="TestOfOnTestCase" fullname="NUnit.Framework.Tests.Attributes.TestOfTests.TestOfOnTestCase" methodname="TestOfOnTestCase" classname="NUnit.Framework.Tests.Attributes.TestOfTests" runstate="Runnable" seed="292711690" result="Passed" start-time="2016-02-19 11:52:46Z" end-time="2016-02-19 11:52:46Z" duration="0.000710" asserts="3" />
            </test-suite>
            <test-suite type="TestFixture" id="0-3166" name="ValuesAttributeEnumTests" fullname="NUnit.Framework.Tests.Attributes.ValuesAttributeEnumTests" classname="NUnit.Framework.Tests.Attributes.ValuesAttributeEnumTests" runstate="Runnable" testcasecount="7" result="Passed" start-time="2016-02-19 11:52:46Z" end-time="2016-02-19 11:52:46Z" duration="0.002319" total="7" passed="7" failed="0" inconclusive="0" skipped="0" asserts="2">
              <test-suite type="ParameterizedMethod" id="0-3175" name="TestBoolValues" fullname="NUnit.Framework.Tests.Attributes.ValuesAttributeEnumTests.TestBoolValues" runstate="Runnable" testcasecount="2" result="Passed" start-time="2016-02-19 11:52:46Z" end-time="2016-02-19 11:52:46Z" duration="0.001135" total="2" passed="2" failed="0" inconclusive="0" skipped="0" asserts="0">
                <test-case id="0-3173" name="TestBoolValues(True)" fullname="NUnit.Framework.Tests.Attributes.ValuesAttributeEnumTests.TestBoolValues(True)" methodname="TestBoolValues" classname="NUnit.Framework.Tests.Attributes.ValuesAttributeEnumTests" runstate="Runnable" seed="1351896031" result="Passed" start-time="2016-02-19 11:52:46Z" end-time="2016-02-19 11:52:46Z" duration="0.000121" asserts="0" />
                <test-case id="0-3174" name="TestBoolValues(False)" fullname="NUnit.Framework.Tests.Attributes.ValuesAttributeEnumTests.TestBoolValues(False)" methodname="TestBoolValues" classname="NUnit.Framework.Tests.Attributes.ValuesAttributeEnumTests" runstate="Runnable" seed="118124763" result="Passed" start-time="2016-02-19 11:52:46Z" end-time="2016-02-19 11:52:46Z" duration="0.000027" asserts="0" />
              </test-suite>
              <test-suite type="ParameterizedMethod" id="0-3172" name="TestEnumValues" fullname="NUnit.Framework.Tests.Attributes.ValuesAttributeEnumTests.TestEnumValues" runstate="Runnable" testcasecount="5" result="Passed" start-time="2016-02-19 11:52:46Z" end-time="2016-02-19 11:52:46Z" duration="0.000481" total="5" passed="5" failed="0" inconclusive="0" skipped="0" asserts="0">
                <test-case id="0-3167" name="TestEnumValues(One)" fullname="NUnit.Framework.Tests.Attributes.ValuesAttributeEnumTests.TestEnumValues(One)" methodname="TestEnumValues" classname="NUnit.Framework.Tests.Attributes.ValuesAttributeEnumTests" runstate="Runnable" seed="1308338347" result="Passed" start-time="2016-02-19 11:52:46Z" end-time="2016-02-19 11:52:46Z" duration="0.000093" asserts="0" />
                <test-case id="0-3168" name="TestEnumValues(Two)" fullname="NUnit.Framework.Tests.Attributes.ValuesAttributeEnumTests.TestEnumValues(Two)" methodname="TestEnumValues" classname="NUnit.Framework.Tests.Attributes.ValuesAttributeEnumTests" runstate="Runnable" seed="1895041632" result="Passed" start-time="2016-02-19 11:52:46Z" end-time="2016-02-19 11:52:46Z" duration="0.000029" asserts="0" />
                <test-case id="0-3169" name="TestEnumValues(Three)" fullname="NUnit.Framework.Tests.Attributes.ValuesAttributeEnumTests.TestEnumValues(Three)" methodname="TestEnumValues" classname="NUnit.Framework.Tests.Attributes.ValuesAttributeEnumTests" runstate="Runnable" seed="729853792" result="Passed" start-time="2016-02-19 11:52:46Z" end-time="2016-02-19 11:52:46Z" duration="0.000022" asserts="0" />
                <test-case id="0-3170" name="TestEnumValues(Four)" fullname="NUnit.Framework.Tests.Attributes.ValuesAttributeEnumTests.TestEnumValues(Four)" methodname="TestEnumValues" classname="NUnit.Framework.Tests.Attributes.ValuesAttributeEnumTests" runstate="Runnable" seed="1314210874" result="Passed" start-time="2016-02-19 11:52:46Z" end-time="2016-02-19 11:52:46Z" duration="0.000021" asserts="0" />
                <test-case id="0-3171" name="TestEnumValues(Five)" fullname="NUnit.Framework.Tests.Attributes.ValuesAttributeEnumTests.TestEnumValues(Five)" methodname="TestEnumValues" classname="NUnit.Framework.Tests.Attributes.ValuesAttributeEnumTests" runstate="Runnable" seed="120971676" result="Passed" start-time="2016-02-19 11:52:46Z" end-time="2016-02-19 11:52:46Z" duration="0.000021" asserts="0" />
              </test-suite>
            </test-suite>
          </test-suite>
          <test-suite type="TestSuite" id="0-5006" name="Compatibility" fullname="NUnit.Framework.Tests.Compatibility" runstate="Runnable" testcasecount="91" result="Passed" start-time="2016-02-19 11:52:43Z" end-time="2016-02-19 11:52:47Z" duration="3.101925" total="91" passed="91" failed="0" inconclusive="0" skipped="0" asserts="143">
            <test-suite type="TestFixture" id="0-3046" name="AttributeHelperTests" fullname="NUnit.Framework.Tests.Compatibility.AttributeHelperTests" classname="NUnit.Framework.Tests.Compatibility.AttributeHelperTests" runstate="Runnable" testcasecount="8" result="Passed" start-time="2016-02-19 11:52:46Z" end-time="2016-02-19 11:52:46Z" duration="0.014462" total="8" passed="8" failed="0" inconclusive="0" skipped="0" asserts="32">
              <test-case id="0-3047" name="CanGetAttributesOnAssemblies" fullname="NUnit.Framework.Tests.Compatibility.AttributeHelperTests.CanGetAttributesOnAssemblies" methodname="CanGetAttributesOnAssemblies" classname="NUnit.Framework.Tests.Compatibility.AttributeHelperTests" runstate="Runnable" seed="1365108058" result="Passed" start-time="2016-02-19 11:52:46Z" end-time="2016-02-19 11:52:46Z" duration="0.001116" asserts="3" />
              <test-case id="0-3048" name="CanGetAttributesOnClasses" fullname="NUnit.Framework.Tests.Compatibility.AttributeHelperTests.CanGetAttributesOnClasses" methodname="CanGetAttributesOnClasses" classname="NUnit.Framework.Tests.Compatibility.AttributeHelperTests" runstate="Runnable" seed="1079955776" result="Passed" start-time="2016-02-19 11:52:46Z" end-time="2016-02-19 11:52:46Z" duration="0.000891" asserts="3" />
              <test-case id="0-3049" name="CanGetAttributesOnDerivedClasses" fullname="NUnit.Framework.Tests.Compatibility.AttributeHelperTests.CanGetAttributesOnDerivedClasses" methodname="CanGetAttributesOnDerivedClasses" classname="NUnit.Framework.Tests.Compatibility.AttributeHelperTests" runstate="Runnable" seed="978335017" result="Passed" start-time="2016-02-19 11:52:46Z" end-time="2016-02-19 11:52:46Z" duration="0.001308" asserts="3" />
              <test-case id="0-3053" name="CanGetAttributesOnFields" fullname="NUnit.Framework.Tests.Compatibility.AttributeHelperTests.CanGetAttributesOnFields" methodname="CanGetAttributesOnFields" classname="NUnit.Framework.Tests.Compatibility.AttributeHelperTests" runstate="Runnable" seed="1953118891" result="Passed" start-time="2016-02-19 11:52:46Z" end-time="2016-02-19 11:52:46Z" duration="0.002808" asserts="4" />
              <test-case id="0-3051" name="CanGetAttributesOnMethods" fullname="NUnit.Framework.Tests.Compatibility.AttributeHelperTests.CanGetAttributesOnMethods" methodname="CanGetAttributesOnMethods" classname="NUnit.Framework.Tests.Compatibility.AttributeHelperTests" runstate="Runnable" seed="682221949" result="Passed" start-time="2016-02-19 11:52:46Z" end-time="2016-02-19 11:52:46Z" duration="0.001905" asserts="4" />
              <test-case id="0-3054" name="CanGetAttributesOnParameters" fullname="NUnit.Framework.Tests.Compatibility.AttributeHelperTests.CanGetAttributesOnParameters" methodname="CanGetAttributesOnParameters" classname="NUnit.Framework.Tests.Compatibility.AttributeHelperTests" runstate="Runnable" seed="576470095" result="Passed" start-time="2016-02-19 11:52:46Z" end-time="2016-02-19 11:52:46Z" duration="0.002560" asserts="8" />
              <test-case id="0-3052" name="CanGetAttributesOnProperties" fullname="NUnit.Framework.Tests.Compatibility.AttributeHelperTests.CanGetAttributesOnProperties" methodname="CanGetAttributesOnProperties" classname="NUnit.Framework.Tests.Compatibility.AttributeHelperTests" runstate="Runnable" seed="221746173" result="Passed" start-time="2016-02-19 11:52:46Z" end-time="2016-02-19 11:52:46Z" duration="0.001952" asserts="4" />
              <test-case id="0-3050" name="DoesNotGetAttributesOnDerivedClassesWhenInheritedIsFalse" fullname="NUnit.Framework.Tests.Compatibility.AttributeHelperTests.DoesNotGetAttributesOnDerivedClassesWhenInheritedIsFalse" methodname="DoesNotGetAttributesOnDerivedClassesWhenInheritedIsFalse" classname="NUnit.Framework.Tests.Compatibility.AttributeHelperTests" runstate="Runnable" seed="370579498" result="Passed" start-time="2016-02-19 11:52:46Z" end-time="2016-02-19 11:52:46Z" duration="0.000989" asserts="3" />
            </test-suite>
            <test-suite type="TestFixture" id="0-3055" name="ReflectionExtensionsTests" fullname="NUnit.Framework.Tests.Compatibility.ReflectionExtensionsTests" classname="NUnit.Framework.Tests.Compatibility.ReflectionExtensionsTests" runstate="Runnable" testcasecount="82" result="Passed" start-time="2016-02-19 11:52:46Z" end-time="2016-02-19 11:52:47Z" duration="0.052375" total="82" passed="82" failed="0" inconclusive="0" skipped="0" asserts="110">
              <test-case id="0-3056" name="CanCallTypeInfoOnAllPlatforms" fullname="NUnit.Framework.Tests.Compatibility.ReflectionExtensionsTests.CanCallTypeInfoOnAllPlatforms" methodname="CanCallTypeInfoOnAllPlatforms" classname="NUnit.Framework.Tests.Compatibility.ReflectionExtensionsTests" runstate="Runnable" seed="1686776461" result="Passed" start-time="2016-02-19 11:52:46Z" end-time="2016-02-19 11:52:46Z" duration="0.000552" asserts="1" />
              <test-case id="0-3058" name="CanGetConstructors" fullname="NUnit.Framework.Tests.Compatibility.ReflectionExtensionsTests.CanGetConstructors" methodname="CanGetConstructors" classname="NUnit.Framework.Tests.Compatibility.ReflectionExtensionsTests" runstate="Runnable" seed="1405089999" result="Passed" start-time="2016-02-19 11:52:46Z" end-time="2016-02-19 11:52:46Z" duration="0.000801" asserts="7" />
              <test-suite type="ParameterizedMethod" id="0-3062" name="CanGetContructorWithParams" fullname="NUnit.Framework.Tests.Compatibility.ReflectionExtensionsTests.CanGetContructorWithParams" runstate="Runnable" testcasecount="3" result="Passed" start-time="2016-02-19 11:52:46Z" end-time="2016-02-19 11:52:46Z" duration="0.001346" total="3" passed="3" failed="0" inconclusive="0" skipped="0" asserts="3">
                <test-case id="0-3059" name="CanGetContructorWithParams(System.String)" fullname="NUnit.Framework.Tests.Compatibility.ReflectionExtensionsTests.CanGetContructorWithParams(System.String)" methodname="CanGetContructorWithParams" classname="NUnit.Framework.Tests.Compatibility.ReflectionExtensionsTests" runstate="Runnable" seed="1424154536" result="Passed" start-time="2016-02-19 11:52:46Z" end-time="2016-02-19 11:52:46Z" duration="0.000691" asserts="1" />
                <test-case id="0-3060" name="CanGetContructorWithParams(System.Double)" fullname="NUnit.Framework.Tests.Compatibility.ReflectionExtensionsTests.CanGetContructorWithParams(System.Double)" methodname="CanGetContructorWithParams" classname="NUnit.Framework.Tests.Compatibility.ReflectionExtensionsTests" runstate="Runnable" seed="2050727215" result="Passed" start-time="2016-02-19 11:52:46Z" end-time="2016-02-19 11:52:46Z" duration="0.000078" asserts="1" />
                <test-case id="0-3061" name="CanGetContructorWithParams(System.Int32)" fullname="NUnit.Framework.Tests.Compatibility.ReflectionExtensionsTests.CanGetContructorWithParams(System.Int32)" methodname="CanGetContructorWithParams" classname="NUnit.Framework.Tests.Compatibility.ReflectionExtensionsTests" runstate="Runnable" seed="476888861" result="Passed" start-time="2016-02-19 11:52:46Z" end-time="2016-02-19 11:52:46Z" duration="0.000060" asserts="1" />
              </test-suite>
              <test-case id="0-3057" name="CanGetGenericArguments" fullname="NUnit.Framework.Tests.Compatibility.ReflectionExtensionsTests.CanGetGenericArguments" methodname="CanGetGenericArguments" classname="NUnit.Framework.Tests.Compatibility.ReflectionExtensionsTests" runstate="Runnable" seed="416483485" result="Passed" start-time="2016-02-19 11:52:46Z" end-time="2016-02-19 11:52:46Z" duration="0.000705" asserts="3" />
              <test-case id="0-3063" name="CanGetGenericConstructor" fullname="NUnit.Framework.Tests.Compatibility.ReflectionExtensionsTests.CanGetGenericConstructor" methodname="CanGetGenericConstructor" classname="NUnit.Framework.Tests.Compatibility.ReflectionExtensionsTests" runstate="Runnable" seed="706143627" result="Passed" start-time="2016-02-19 11:52:46Z" end-time="2016-02-19 11:52:46Z" duration="0.000583" asserts="1" />
              <test-suite type="ParameterizedMethod" id="0-3147" name="CanGetGetMethod" fullname="NUnit.Framework.Tests.Compatibility.ReflectionExtensionsTests.CanGetGetMethod" runstate="Runnable" testcasecount="4" result="Passed" start-time="2016-02-19 11:52:46Z" end-time="2016-02-19 11:52:46Z" duration="0.002872" total="4" passed="4" failed="0" inconclusive="0" skipped="0" asserts="8">
                <test-case id="0-3143" name="CanGetGetMethod(&quot;Name&quot;,False,True)" fullname="NUnit.Framework.Tests.Compatibility.ReflectionExtensionsTests.CanGetGetMethod(&quot;Name&quot;,False,True)" methodname="CanGetGetMethod" classname="NUnit.Framework.Tests.Compatibility.ReflectionExtensionsTests" runstate="Runnable" seed="1996493278" result="Passed" start-time="2016-02-19 11:52:46Z" end-time="2016-02-19 11:52:46Z" duration="0.002054" asserts="2" />
                <test-case id="0-3144" name="CanGetGetMethod(&quot;Name&quot;,True,True)" fullname="NUnit.Framework.Tests.Compatibility.ReflectionExtensionsTests.CanGetGetMethod(&quot;Name&quot;,True,True)" methodname="CanGetGetMethod" classname="NUnit.Framework.Tests.Compatibility.ReflectionExtensionsTests" runstate="Runnable" seed="889044412" result="Passed" start-time="2016-02-19 11:52:46Z" end-time="2016-02-19 11:52:46Z" duration="0.000104" asserts="2" />
                <test-case id="0-3145" name="CanGetGetMethod(&quot;Private&quot;,False,False)" fullname="NUnit.Framework.Tests.Compatibility.ReflectionExtensionsTests.CanGetGetMethod(&quot;Private&quot;,False,False)" methodname="CanGetGetMethod" classname="NUnit.Framework.Tests.Compatibility.ReflectionExtensionsTests" runstate="Runnable" seed="2101348343" result="Passed" start-time="2016-02-19 11:52:46Z" end-time="2016-02-19 11:52:46Z" duration="0.000076" asserts="2" />
                <test-case id="0-3146" name="CanGetGetMethod(&quot;Private&quot;,True,True)" fullname="NUnit.Framework.Tests.Compatibility.ReflectionExtensionsTests.CanGetGetMethod(&quot;Private&quot;,True,True)" methodname="CanGetGetMethod" classname="NUnit.Framework.Tests.Compatibility.ReflectionExtensionsTests" runstate="Runnable" seed="517484957" result="Passed" start-time="2016-02-19 11:52:46Z" end-time="2016-02-19 11:52:46Z" duration="0.000051" asserts="2" />
              </test-suite>
              <test-suite type="ParameterizedMethod" id="0-3070" name="CanGetInterfaces" fullname="NUnit.Framework.Tests.Compatibility.ReflectionExtensionsTests.CanGetInterfaces" runstate="Runnable" testcasecount="4" result="Passed" start-time="2016-02-19 11:52:46Z" end-time="2016-02-19 11:52:46Z" duration="0.002541" total="4" passed="4" failed="0" inconclusive="0" skipped="0" asserts="8">
                <test-case id="0-3066" name="CanGetInterfaces(NUnit.Framework.Tests.Compatibility.BaseTestClass,System.IDisposable)" fullname="NUnit.Framework.Tests.Compatibility.ReflectionExtensionsTests.CanGetInterfaces(NUnit.Framework.Tests.Compatibility.BaseTestClass,System.IDisposable)" methodname="CanGetInterfaces" classname="NUnit.Framework.Tests.Compatibility.ReflectionExtensionsTests" runstate="Runnable" seed="169555367" result="Passed" start-time="2016-02-19 11:52:46Z" end-time="2016-02-19 11:52:46Z" duration="0.001158" asserts="2" />
                <test-case id="0-3067" name="CanGetInterfaces(NUnit.Framework.Tests.Compatibility.DerivedTestClass,System.IDisposable)" fullname="NUnit.Framework.Tests.Compatibility.ReflectionExtensionsTests.CanGetInterfaces(NUnit.Framework.Tests.Compatibility.DerivedTestClass,System.IDisposable)" methodname="CanGetInterfaces" classname="NUnit.Framework.Tests.Compatibility.ReflectionExtensionsTests" runstate="Runnable" seed="1348431382" result="Passed" start-time="2016-02-19 11:52:46Z" end-time="2016-02-19 11:52:46Z" duration="0.000250" asserts="2" />
                <test-case id="0-3068" name="CanGetInterfaces(System.Collections.Generic.List`1[System.Int32],System.Collections.Generic.IList`1[System.Int32])" fullname="NUnit.Framework.Tests.Compatibility.ReflectionExtensionsTests.CanGetInterfaces(System.Collections.Generic.List`1[System.Int32],System.Collections.Generic.IList`1[System.Int32])" methodname="CanGetInterfaces" classname="NUnit.Framework.Tests.Compatibility.ReflectionExtensionsTests" runstate="Runnable" seed="2048479846" result="Passed" start-time="2016-02-19 11:52:46Z" end-time="2016-02-19 11:52:46Z" duration="0.000235" asserts="2" />
                <test-case id="0-3069" name="CanGetInterfaces(System.Collections.Generic.List`1[System.Int32],System.Collections.Generic.IEnumerable`1[System.Int32])" fullname="NUnit.Framework.Tests.Compatibility.ReflectionExtensionsTests.CanGetInterfaces(System.Collections.Generic.List`1[System.Int32],System.Collections.Generic.IEnumerable`1[System.Int32])" methodname="CanGetInterfaces" classname="NUnit.Framework.Tests.Compatibility.ReflectionExtensionsTests" runstate="Runnable" seed="373728665" result="Passed" start-time="2016-02-19 11:52:46Z" end-time="2016-02-19 11:52:46Z" duration="0.000238" asserts="2" />
              </test-suite>
              <test-suite type="ParameterizedMethod" id="0-3079" name="CanGetMember" fullname="NUnit.Framework.Tests.Compatibility.ReflectionExtensionsTests.CanGetMember" runstate="Runnable" testcasecount="8" result="Passed" start-time="2016-02-19 11:52:46Z" end-time="2016-02-19 11:52:46Z" duration="0.003726" total="8" passed="8" failed="0" inconclusive="0" skipped="0" asserts="16">
                <test-case id="0-3071" name="CanGetMember(NUnit.Framework.Tests.Compatibility.BaseTestClass,&quot;Name&quot;)" fullname="NUnit.Framework.Tests.Compatibility.ReflectionExtensionsTests.CanGetMember(NUnit.Framework.Tests.Compatibility.BaseTestClass,&quot;Name&quot;)" methodname="CanGetMember" classname="NUnit.Framework.Tests.Compatibility.ReflectionExtensionsTests" runstate="Runnable" seed="1853139396" result="Passed" start-time="2016-02-19 11:52:46Z" end-time="2016-02-19 11:52:46Z" duration="0.001236" asserts="2" />
                <test-case id="0-3072" name="CanGetMember(NUnit.Framework.Tests.Compatibility.BaseTestClass,&quot;StaticString&quot;)" fullname="NUnit.Framework.Tests.Compatibility.ReflectionExtensionsTests.CanGetMember(NUnit.Framework.Tests.Compatibility.BaseTestClass,&quot;StaticString&quot;)" methodname="CanGetMember" classname="NUnit.Framework.Tests.Compatibility.ReflectionExtensionsTests" runstate="Runnable" seed="243398583" result="Passed" start-time="2016-02-19 11:52:46Z" end-time="2016-02-19 11:52:46Z" duration="0.000228" asserts="2" />
                <test-case id="0-3073" name="CanGetMember(NUnit.Framework.Tests.Compatibility.BaseTestClass,&quot;Protected&quot;)" fullname="NUnit.Framework.Tests.Compatibility.ReflectionExtensionsTests.CanGetMember(NUnit.Framework.Tests.Compatibility.BaseTestClass,&quot;Protected&quot;)" methodname="CanGetMember" classname="NUnit.Framework.Tests.Compatibility.ReflectionExtensionsTests" runstate="Runnable" seed="1701255196" result="Passed" start-time="2016-02-19 11:52:46Z" end-time="2016-02-19 11:52:46Z" duration="0.000210" asserts="2" />
                <test-case id="0-3074" name="CanGetMember(NUnit.Framework.Tests.Compatibility.BaseTestClass,&quot;Dispose&quot;)" fullname="NUnit.Framework.Tests.Compatibility.ReflectionExtensionsTests.CanGetMember(NUnit.Framework.Tests.Compatibility.BaseTestClass,&quot;Dispose&quot;)" methodname="CanGetMember" classname="NUnit.Framework.Tests.Compatibility.ReflectionExtensionsTests" runstate="Runnable" seed="1352400366" result="Passed" start-time="2016-02-19 11:52:46Z" end-time="2016-02-19 11:52:46Z" duration="0.000149" asserts="2" />
                <test-case id="0-3075" name="CanGetMember(NUnit.Framework.Tests.Compatibility.BaseTestClass,&quot;Private&quot;)" fullname="NUnit.Framework.Tests.Compatibility.ReflectionExtensionsTests.CanGetMember(NUnit.Framework.Tests.Compatibility.BaseTestClass,&quot;Private&quot;)" methodname="CanGetMember" classname="NUnit.Framework.Tests.Compatibility.ReflectionExtensionsTests" runstate="Runnable" seed="1693579638" result="Passed" start-time="2016-02-19 11:52:46Z" end-time="2016-02-19 11:52:46Z" duration="0.000102" asserts="2" />
                <test-case id="0-3076" name="CanGetMember(NUnit.Framework.Tests.Compatibility.DerivedTestClass,&quot;Name&quot;)" fullname="NUnit.Framework.Tests.Compatibility.ReflectionExtensionsTests.CanGetMember(NUnit.Framework.Tests.Compatibility.DerivedTestClass,&quot;Name&quot;)" methodname="CanGetMember" classname="NUnit.Framework.Tests.Compatibility.ReflectionExtensionsTests" runstate="Runnable" seed="1825334010" result="Passed" start-time="2016-02-19 11:52:46Z" end-time="2016-02-19 11:52:46Z" duration="0.000120" asserts="2" />
                <test-case id="0-3077" name="CanGetMember(NUnit.Framework.Tests.Compatibility.DerivedTestClass,&quot;Protected&quot;)" fullname="NUnit.Framework.Tests.Compatibility.ReflectionExtensionsTests.CanGetMember(NUnit.Framework.Tests.Compatibility.DerivedTestClass,&quot;Protected&quot;)" methodname="CanGetMember" classname="NUnit.Framework.Tests.Compatibility.ReflectionExtensionsTests" runstate="Runnable" seed="898640425" result="Passed" start-time="2016-02-19 11:52:46Z" end-time="2016-02-19 11:52:46Z" duration="0.000118" asserts="2" />
                <test-case id="0-3078" name="CanGetMember(NUnit.Framework.Tests.Compatibility.DerivedTestClass,&quot;Dispose&quot;)" fullname="NUnit.Framework.Tests.Compatibility.ReflectionExtensionsTests.CanGetMember(NUnit.Framework.Tests.Compatibility.DerivedTestClass,&quot;Dispose&quot;)" methodname="CanGetMember" classname="NUnit.Framework.Tests.Compatibility.ReflectionExtensionsTests" runstate="Runnable" seed="859225421" result="Passed" start-time="2016-02-19 11:52:46Z" end-time="2016-02-19 11:52:46Z" duration="0.000113" asserts="2" />
              </test-suite>
              <test-suite type="ParameterizedMethod" id="0-3122" name="CanGetMethodByName" fullname="NUnit.Framework.Tests.Compatibility.ReflectionExtensionsTests.CanGetMethodByName" runstate="Runnable" testcasecount="4" result="Passed" start-time="2016-02-19 11:52:46Z" end-time="2016-02-19 11:52:46Z" duration="0.002059" total="4" passed="4" failed="0" inconclusive="0" skipped="0" asserts="4">
                <test-case id="0-3118" name="CanGetMethodByName(NUnit.Framework.Tests.Compatibility.BaseTestClass,&quot;Dispose&quot;,True)" fullname="NUnit.Framework.Tests.Compatibility.ReflectionExtensionsTests.CanGetMethodByName(NUnit.Framework.Tests.Compatibility.BaseTestClass,&quot;Dispose&quot;,True)" methodname="CanGetMethodByName" classname="NUnit.Framework.Tests.Compatibility.ReflectionExtensionsTests" runstate="Runnable" seed="1696007502" result="Passed" start-time="2016-02-19 11:52:46Z" end-time="2016-02-19 11:52:46Z" duration="0.000502" asserts="1" />
                <test-case id="0-3119" name="CanGetMethodByName(NUnit.Framework.Tests.Compatibility.DerivedTestClass,&quot;Dispose&quot;,True)" fullname="NUnit.Framework.Tests.Compatibility.ReflectionExtensionsTests.CanGetMethodByName(NUnit.Framework.Tests.Compatibility.DerivedTestClass,&quot;Dispose&quot;,True)" methodname="CanGetMethodByName" classname="NUnit.Framework.Tests.Compatibility.ReflectionExtensionsTests" runstate="Runnable" seed="149101511" result="Passed" start-time="2016-02-19 11:52:46Z" end-time="2016-02-19 11:52:46Z" duration="0.000074" asserts="1" />
                <test-case id="0-3120" name="CanGetMethodByName(NUnit.Framework.Tests.Compatibility.BaseTestClass,&quot;Goodbye&quot;,False)" fullname="NUnit.Framework.Tests.Compatibility.ReflectionExtensionsTests.CanGetMethodByName(NUnit.Framework.Tests.Compatibility.BaseTestClass,&quot;Goodbye&quot;,False)" methodname="CanGetMethodByName" classname="NUnit.Framework.Tests.Compatibility.ReflectionExtensionsTests" runstate="Runnable" seed="319593103" result="Passed" start-time="2016-02-19 11:52:46Z" end-time="2016-02-19 11:52:46Z" duration="0.000063" asserts="1" />
                <test-case id="0-3121" name="CanGetMethodByName(NUnit.Framework.Tests.Compatibility.DerivedTestClass,&quot;Goodbye&quot;,False)" fullname="NUnit.Framework.Tests.Compatibility.ReflectionExtensionsTests.CanGetMethodByName(NUnit.Framework.Tests.Compatibility.DerivedTestClass,&quot;Goodbye&quot;,False)" methodname="CanGetMethodByName" classname="NUnit.Framework.Tests.Compatibility.ReflectionExtensionsTests" runstate="Runnable" seed="1178290936" result="Passed" start-time="2016-02-19 11:52:46Z" end-time="2016-02-19 11:52:46Z" duration="0.000060" asserts="1" />
              </test-suite>
              <test-suite type="ParameterizedMethod" id="0-3129" name="CanGetMethodByNameAndArgs" fullname="NUnit.Framework.Tests.Compatibility.ReflectionExtensionsTests.CanGetMethodByNameAndArgs" runstate="Runnable" testcasecount="6" result="Passed" start-time="2016-02-19 11:52:46Z" end-time="2016-02-19 11:52:46Z" duration="0.002206" total="6" passed="6" failed="0" inconclusive="0" skipped="0" asserts="6">
                <test-case id="0-3123" name="CanGetMethodByNameAndArgs(NUnit.Framework.Tests.Compatibility.BaseTestClass,&quot;Hello&quot;,System.Type[],True)" fullname="NUnit.Framework.Tests.Compatibility.ReflectionExtensionsTests.CanGetMethodByNameAndArgs(NUnit.Framework.Tests.Compatibility.BaseTestClass,&quot;Hello&quot;,System.Type[],True)" methodname="CanGetMethodByNameAndArgs" classname="NUnit.Framework.Tests.Compatibility.ReflectionExtensionsTests" runstate="Runnable" seed="1311167231" result="Passed" start-time="2016-02-19 11:52:46Z" end-time="2016-02-19 11:52:46Z" duration="0.000506" asserts="1" />
                <test-case id="0-3124" name="CanGetMethodByNameAndArgs(NUnit.Framework.Tests.Compatibility.DerivedTestClass,&quot;Hello&quot;,System.Type[],True)" fullname="NUnit.Framework.Tests.Compatibility.ReflectionExtensionsTests.CanGetMethodByNameAndArgs(NUnit.Framework.Tests.Compatibility.DerivedTestClass,&quot;Hello&quot;,System.Type[],True)" methodname="CanGetMethodByNameAndArgs" classname="NUnit.Framework.Tests.Compatibility.ReflectionExtensionsTests" runstate="Runnable" seed="370061114" result="Passed" start-time="2016-02-19 11:52:46Z" end-time="2016-02-19 11:52:46Z" duration="0.000125" asserts="1" />
                <test-case id="0-3125" name="CanGetMethodByNameAndArgs(NUnit.Framework.Tests.Compatibility.BaseTestClass,&quot;Hello&quot;,System.Type[],True)" fullname="NUnit.Framework.Tests.Compatibility.ReflectionExtensionsTests.CanGetMethodByNameAndArgs(NUnit.Framework.Tests.Compatibility.BaseTestClass,&quot;Hello&quot;,System.Type[],True)" methodname="CanGetMethodByNameAndArgs" classname="NUnit.Framework.Tests.Compatibility.ReflectionExtensionsTests" runstate="Runnable" seed="1058011233" result="Passed" start-time="2016-02-19 11:52:46Z" end-time="2016-02-19 11:52:46Z" duration="0.000108" asserts="1" />
                <test-case id="0-3126" name="CanGetMethodByNameAndArgs(NUnit.Framework.Tests.Compatibility.DerivedTestClass,&quot;Hello&quot;,System.Type[],True)" fullname="NUnit.Framework.Tests.Compatibility.ReflectionExtensionsTests.CanGetMethodByNameAndArgs(NUnit.Framework.Tests.Compatibility.DerivedTestClass,&quot;Hello&quot;,System.Type[],True)" methodname="CanGetMethodByNameAndArgs" classname="NUnit.Framework.Tests.Compatibility.ReflectionExtensionsTests" runstate="Runnable" seed="935548265" result="Passed" start-time="2016-02-19 11:52:46Z" end-time="2016-02-19 11:52:46Z" duration="0.000173" asserts="1" />
                <test-case id="0-3127" name="CanGetMethodByNameAndArgs(NUnit.Framework.Tests.Compatibility.BaseTestClass,&quot;Goodbye&quot;,System.Type[],False)" fullname="NUnit.Framework.Tests.Compatibility.ReflectionExtensionsTests.CanGetMethodByNameAndArgs(NUnit.Framework.Tests.Compatibility.BaseTestClass,&quot;Goodbye&quot;,System.Type[],False)" methodname="CanGetMethodByNameAndArgs" classname="NUnit.Framework.Tests.Compatibility.ReflectionExtensionsTests" runstate="Runnable" seed="906908362" result="Passed" start-time="2016-02-19 11:52:46Z" end-time="2016-02-19 11:52:46Z" duration="0.000170" asserts="1" />
                <test-case id="0-3128" name="CanGetMethodByNameAndArgs(NUnit.Framework.Tests.Compatibility.DerivedTestClass,&quot;Goodbye&quot;,System.Type[],False)" fullname="NUnit.Framework.Tests.Compatibility.ReflectionExtensionsTests.CanGetMethodByNameAndArgs(NUnit.Framework.Tests.Compatibility.DerivedTestClass,&quot;Goodbye&quot;,System.Type[],False)" methodname="CanGetMethodByNameAndArgs" classname="NUnit.Framework.Tests.Compatibility.ReflectionExtensionsTests" runstate="Runnable" seed="269874378" result="Passed" start-time="2016-02-19 11:52:46Z" end-time="2016-02-19 11:52:46Z" duration="0.000103" asserts="1" />
              </test-suite>
              <test-suite type="ParameterizedMethod" id="0-3138" name="CanGetMethodByNameAndBindingFlags" fullname="NUnit.Framework.Tests.Compatibility.ReflectionExtensionsTests.CanGetMethodByNameAndBindingFlags" runstate="Runnable" testcasecount="8" result="Passed" start-time="2016-02-19 11:52:46Z" end-time="2016-02-19 11:52:46Z" duration="0.004832" total="8" passed="8" failed="0" inconclusive="0" skipped="0" asserts="8">
                <test-case id="0-3130" name="CanGetMethodByNameAndBindingFlags(NUnit.Framework.Tests.Compatibility.BaseTestClass,&quot;Dispose&quot;,Instance, Public,True)" fullname="NUnit.Framework.Tests.Compatibility.ReflectionExtensionsTests.CanGetMethodByNameAndBindingFlags(NUnit.Framework.Tests.Compatibility.BaseTestClass,&quot;Dispose&quot;,Instance, Public,True)" methodname="CanGetMethodByNameAndBindingFlags" classname="NUnit.Framework.Tests.Compatibility.ReflectionExtensionsTests" runstate="Runnable" seed="1321367984" result="Passed" start-time="2016-02-19 11:52:46Z" end-time="2016-02-19 11:52:46Z" duration="0.000604" asserts="1" />
                <test-case id="0-3131" name="CanGetMethodByNameAndBindingFlags(NUnit.Framework.Tests.Compatibility.DerivedTestClass,&quot;Dispose&quot;,Instance, Public,True)" fullname="NUnit.Framework.Tests.Compatibility.ReflectionExtensionsTests.CanGetMethodByNameAndBindingFlags(NUnit.Framework.Tests.Compatibility.DerivedTestClass,&quot;Dispose&quot;,Instance, Public,True)" methodname="CanGetMethodByNameAndBindingFlags" classname="NUnit.Framework.Tests.Compatibility.ReflectionExtensionsTests" runstate="Runnable" seed="609908568" result="Passed" start-time="2016-02-19 11:52:46Z" end-time="2016-02-19 11:52:46Z" duration="0.000254" asserts="1" />
                <test-case id="0-3132" name="CanGetMethodByNameAndBindingFlags(NUnit.Framework.Tests.Compatibility.BaseTestClass,&quot;Dispose&quot;,Instance, Public,True)" fullname="NUnit.Framework.Tests.Compatibility.ReflectionExtensionsTests.CanGetMethodByNameAndBindingFlags(NUnit.Framework.Tests.Compatibility.BaseTestClass,&quot;Dispose&quot;,Instance, Public,True)" methodname="CanGetMethodByNameAndBindingFlags" classname="NUnit.Framework.Tests.Compatibility.ReflectionExtensionsTests" runstate="Runnable" seed="492984174" result="Passed" start-time="2016-02-19 11:52:46Z" end-time="2016-02-19 11:52:46Z" duration="0.001158" asserts="1" />
                <test-case id="0-3133" name="CanGetMethodByNameAndBindingFlags(NUnit.Framework.Tests.Compatibility.DerivedTestClass,&quot;Dispose&quot;,Instance, Public,True)" fullname="NUnit.Framework.Tests.Compatibility.ReflectionExtensionsTests.CanGetMethodByNameAndBindingFlags(NUnit.Framework.Tests.Compatibility.DerivedTestClass,&quot;Dispose&quot;,Instance, Public,True)" methodname="CanGetMethodByNameAndBindingFlags" classname="NUnit.Framework.Tests.Compatibility.ReflectionExtensionsTests" runstate="Runnable" seed="507733025" result="Passed" start-time="2016-02-19 11:52:46Z" end-time="2016-02-19 11:52:46Z" duration="0.000289" asserts="1" />
                <test-case id="0-3134" name="CanGetMethodByNameAndBindingFlags(NUnit.Framework.Tests.Compatibility.BaseTestClass,&quot;StaticMethod&quot;,Static, Public,True)" fullname="NUnit.Framework.Tests.Compatibility.ReflectionExtensionsTests.CanGetMethodByNameAndBindingFlags(NUnit.Framework.Tests.Compatibility.BaseTestClass,&quot;StaticMethod&quot;,Static, Public,True)" methodname="CanGetMethodByNameAndBindingFlags" classname="NUnit.Framework.Tests.Compatibility.ReflectionExtensionsTests" runstate="Runnable" seed="1653051728" result="Passed" start-time="2016-02-19 11:52:46Z" end-time="2016-02-19 11:52:46Z" duration="0.000232" asserts="1" />
                <test-case id="0-3135" name="CanGetMethodByNameAndBindingFlags(NUnit.Framework.Tests.Compatibility.DerivedTestClass,&quot;StaticMethod&quot;,Static, Public,False)" fullname="NUnit.Framework.Tests.Compatibility.ReflectionExtensionsTests.CanGetMethodByNameAndBindingFlags(NUnit.Framework.Tests.Compatibility.DerivedTestClass,&quot;StaticMethod&quot;,Static, Public,False)" methodname="CanGetMethodByNameAndBindingFlags" classname="NUnit.Framework.Tests.Compatibility.ReflectionExtensionsTests" runstate="Runnable" seed="1202447660" result="Passed" start-time="2016-02-19 11:52:46Z" end-time="2016-02-19 11:52:46Z" duration="0.000255" asserts="1" />
                <test-case id="0-3136" name="CanGetMethodByNameAndBindingFlags(NUnit.Framework.Tests.Compatibility.BaseTestClass,&quot;Goodbye&quot;,Instance, NonPublic,True)" fullname="NUnit.Framework.Tests.Compatibility.ReflectionExtensionsTests.CanGetMethodByNameAndBindingFlags(NUnit.Framework.Tests.Compatibility.BaseTestClass,&quot;Goodbye&quot;,Instance, NonPublic,True)" methodname="CanGetMethodByNameAndBindingFlags" classname="NUnit.Framework.Tests.Compatibility.ReflectionExtensionsTests" runstate="Runnable" seed="1199232020" result="Passed" start-time="2016-02-19 11:52:46Z" end-time="2016-02-19 11:52:46Z" duration="0.000256" asserts="1" />
                <test-case id="0-3137" name="CanGetMethodByNameAndBindingFlags(NUnit.Framework.Tests.Compatibility.DerivedTestClass,&quot;Goodbye&quot;,Instance, NonPublic,False)" fullname="NUnit.Framework.Tests.Compatibility.ReflectionExtensionsTests.CanGetMethodByNameAndBindingFlags(NUnit.Framework.Tests.Compatibility.DerivedTestClass,&quot;Goodbye&quot;,Instance, NonPublic,False)" methodname="CanGetMethodByNameAndBindingFlags" classname="NUnit.Framework.Tests.Compatibility.ReflectionExtensionsTests" runstate="Runnable" seed="686051374" result="Passed" start-time="2016-02-19 11:52:46Z" end-time="2016-02-19 11:52:46Z" duration="0.000265" asserts="1" />
              </test-suite>
              <test-suite type="ParameterizedMethod" id="0-3087" name="CanGetProperty" fullname="NUnit.Framework.Tests.Compatibility.ReflectionExtensionsTests.CanGetProperty" runstate="Runnable" testcasecount="3" result="Passed" start-time="2016-02-19 11:52:46Z" end-time="2016-02-19 11:52:46Z" duration="0.001469" total="3" passed="3" failed="0" inconclusive="0" skipped="0" asserts="3">
                <test-case id="0-3084" name="CanGetProperty(NUnit.Framework.Tests.Compatibility.BaseTestClass,&quot;Name&quot;)" fullname="NUnit.Framework.Tests.Compatibility.ReflectionExtensionsTests.CanGetProperty(NUnit.Framework.Tests.Compatibility.BaseTestClass,&quot;Name&quot;)" methodname="CanGetProperty" classname="NUnit.Framework.Tests.Compatibility.ReflectionExtensionsTests" runstate="Runnable" seed="671136166" result="Passed" start-time="2016-02-19 11:52:46Z" end-time="2016-02-19 11:52:46Z" duration="0.000580" asserts="1" />
                <test-case id="0-3085" name="CanGetProperty(NUnit.Framework.Tests.Compatibility.DerivedTestClass,&quot;Name&quot;)" fullname="NUnit.Framework.Tests.Compatibility.ReflectionExtensionsTests.CanGetProperty(NUnit.Framework.Tests.Compatibility.DerivedTestClass,&quot;Name&quot;)" methodname="CanGetProperty" classname="NUnit.Framework.Tests.Compatibility.ReflectionExtensionsTests" runstate="Runnable" seed="286785252" result="Passed" start-time="2016-02-19 11:52:46Z" end-time="2016-02-19 11:52:46Z" duration="0.000075" asserts="1" />
                <test-case id="0-3086" name="CanGetProperty(NUnit.Framework.Tests.Compatibility.BaseTestClass,&quot;StaticString&quot;)" fullname="NUnit.Framework.Tests.Compatibility.ReflectionExtensionsTests.CanGetProperty(NUnit.Framework.Tests.Compatibility.BaseTestClass,&quot;StaticString&quot;)" methodname="CanGetProperty" classname="NUnit.Framework.Tests.Compatibility.ReflectionExtensionsTests" runstate="Runnable" seed="2115784119" result="Passed" start-time="2016-02-19 11:52:46Z" end-time="2016-02-19 11:52:46Z" duration="0.000064" asserts="1" />
              </test-suite>
              <test-suite type="ParameterizedMethod" id="0-3117" name="CanGetPropertyWithBindingFlags" fullname="NUnit.Framework.Tests.Compatibility.ReflectionExtensionsTests.CanGetPropertyWithBindingFlags" runstate="Runnable" testcasecount="28" result="Passed" start-time="2016-02-19 11:52:46Z" end-time="2016-02-19 11:52:47Z" duration="0.020129" total="28" passed="28" failed="0" inconclusive="0" skipped="0" asserts="28">
                <test-case id="0-3089" name="CanGetPropertyWithBindingFlags(NUnit.Framework.Tests.Compatibility.BaseTestClass,&quot;Name&quot;,Instance, Public, NonPublic,True)" fullname="NUnit.Framework.Tests.Compatibility.ReflectionExtensionsTests.CanGetPropertyWithBindingFlags(NUnit.Framework.Tests.Compatibility.BaseTestClass,&quot;Name&quot;,Instance, Public, NonPublic,True)" methodname="CanGetPropertyWithBindingFlags" classname="NUnit.Framework.Tests.Compatibility.ReflectionExtensionsTests" runstate="Runnable" seed="1892864981" result="Passed" start-time="2016-02-19 11:52:46Z" end-time="2016-02-19 11:52:46Z" duration="0.001069" asserts="1" />
                <test-case id="0-3090" name="CanGetPropertyWithBindingFlags(NUnit.Framework.Tests.Compatibility.DerivedTestClass,&quot;Name&quot;,Instance, Public, NonPublic,True)" fullname="NUnit.Framework.Tests.Compatibility.ReflectionExtensionsTests.CanGetPropertyWithBindingFlags(NUnit.Framework.Tests.Compatibility.DerivedTestClass,&quot;Name&quot;,Instance, Public, NonPublic,True)" methodname="CanGetPropertyWithBindingFlags" classname="NUnit.Framework.Tests.Compatibility.ReflectionExtensionsTests" runstate="Runnable" seed="1130610686" result="Passed" start-time="2016-02-19 11:52:46Z" end-time="2016-02-19 11:52:46Z" duration="0.000676" asserts="1" />
                <test-case id="0-3091" name="CanGetPropertyWithBindingFlags(NUnit.Framework.Tests.Compatibility.BaseTestClass,&quot;Private&quot;,Instance, Public, NonPublic,True)" fullname="NUnit.Framework.Tests.Compatibility.ReflectionExtensionsTests.CanGetPropertyWithBindingFlags(NUnit.Framework.Tests.Compatibility.BaseTestClass,&quot;Private&quot;,Instance, Public, NonPublic,True)" methodname="CanGetPropertyWithBindingFlags" classname="NUnit.Framework.Tests.Compatibility.ReflectionExtensionsTests" runstate="Runnable" seed="1219440531" result="Passed" start-time="2016-02-19 11:52:46Z" end-time="2016-02-19 11:52:46Z" duration="0.000431" asserts="1" />
                <test-case id="0-3092" name="CanGetPropertyWithBindingFlags(NUnit.Framework.Tests.Compatibility.DerivedTestClass,&quot;Private&quot;,Instance, Public, NonPublic,False)" fullname="NUnit.Framework.Tests.Compatibility.ReflectionExtensionsTests.CanGetPropertyWithBindingFlags(NUnit.Framework.Tests.Compatibility.DerivedTestClass,&quot;Private&quot;,Instance, Public, NonPublic,False)" methodname="CanGetPropertyWithBindingFlags" classname="NUnit.Framework.Tests.Compatibility.ReflectionExtensionsTests" runstate="Runnable" seed="335229211" result="Passed" start-time="2016-02-19 11:52:46Z" end-time="2016-02-19 11:52:46Z" duration="0.000428" asserts="1" />
                <test-case id="0-3093" name="CanGetPropertyWithBindingFlags(NUnit.Framework.Tests.Compatibility.BaseTestClass,&quot;StaticString&quot;,Instance, Public, NonPublic,False)" fullname="NUnit.Framework.Tests.Compatibility.ReflectionExtensionsTests.CanGetPropertyWithBindingFlags(NUnit.Framework.Tests.Compatibility.BaseTestClass,&quot;StaticString&quot;,Instance, Public, NonPublic,False)" methodname="CanGetPropertyWithBindingFlags" classname="NUnit.Framework.Tests.Compatibility.ReflectionExtensionsTests" runstate="Runnable" seed="429807735" result="Passed" start-time="2016-02-19 11:52:46Z" end-time="2016-02-19 11:52:46Z" duration="0.000428" asserts="1" />
                <test-case id="0-3094" name="CanGetPropertyWithBindingFlags(NUnit.Framework.Tests.Compatibility.DerivedTestClass,&quot;StaticString&quot;,Instance, Public, NonPublic,False)" fullname="NUnit.Framework.Tests.Compatibility.ReflectionExtensionsTests.CanGetPropertyWithBindingFlags(NUnit.Framework.Tests.Compatibility.DerivedTestClass,&quot;StaticString&quot;,Instance, Public, NonPublic,False)" methodname="CanGetPropertyWithBindingFlags" classname="NUnit.Framework.Tests.Compatibility.ReflectionExtensionsTests" runstate="Runnable" seed="572159535" result="Passed" start-time="2016-02-19 11:52:46Z" end-time="2016-02-19 11:52:46Z" duration="0.000429" asserts="1" />
                <test-case id="0-3095" name="CanGetPropertyWithBindingFlags(NUnit.Framework.Tests.Compatibility.BaseTestClass,&quot;Name&quot;,Static, Public, NonPublic,False)" fullname="NUnit.Framework.Tests.Compatibility.ReflectionExtensionsTests.CanGetPropertyWithBindingFlags(NUnit.Framework.Tests.Compatibility.BaseTestClass,&quot;Name&quot;,Static, Public, NonPublic,False)" methodname="CanGetPropertyWithBindingFlags" classname="NUnit.Framework.Tests.Compatibility.ReflectionExtensionsTests" runstate="Runnable" seed="1031981390" result="Passed" start-time="2016-02-19 11:52:46Z" end-time="2016-02-19 11:52:47Z" duration="0.001379" asserts="1" />
                <test-case id="0-3096" name="CanGetPropertyWithBindingFlags(NUnit.Framework.Tests.Compatibility.DerivedTestClass,&quot;Name&quot;,Static, Public, NonPublic,False)" fullname="NUnit.Framework.Tests.Compatibility.ReflectionExtensionsTests.CanGetPropertyWithBindingFlags(NUnit.Framework.Tests.Compatibility.DerivedTestClass,&quot;Name&quot;,Static, Public, NonPublic,False)" methodname="CanGetPropertyWithBindingFlags" classname="NUnit.Framework.Tests.Compatibility.ReflectionExtensionsTests" runstate="Runnable" seed="1047277088" result="Passed" start-time="2016-02-19 11:52:47Z" end-time="2016-02-19 11:52:47Z" duration="0.000481" asserts="1" />
                <test-case id="0-3097" name="CanGetPropertyWithBindingFlags(NUnit.Framework.Tests.Compatibility.BaseTestClass,&quot;Private&quot;,Static, Public, NonPublic,False)" fullname="NUnit.Framework.Tests.Compatibility.ReflectionExtensionsTests.CanGetPropertyWithBindingFlags(NUnit.Framework.Tests.Compatibility.BaseTestClass,&quot;Private&quot;,Static, Public, NonPublic,False)" methodname="CanGetPropertyWithBindingFlags" classname="NUnit.Framework.Tests.Compatibility.ReflectionExtensionsTests" runstate="Runnable" seed="1736116058" result="Passed" start-time="2016-02-19 11:52:47Z" end-time="2016-02-19 11:52:47Z" duration="0.000469" asserts="1" />
                <test-case id="0-3098" name="CanGetPropertyWithBindingFlags(NUnit.Framework.Tests.Compatibility.DerivedTestClass,&quot;Private&quot;,Static, Public, NonPublic,False)" fullname="NUnit.Framework.Tests.Compatibility.ReflectionExtensionsTests.CanGetPropertyWithBindingFlags(NUnit.Framework.Tests.Compatibility.DerivedTestClass,&quot;Private&quot;,Static, Public, NonPublic,False)" methodname="CanGetPropertyWithBindingFlags" classname="NUnit.Framework.Tests.Compatibility.ReflectionExtensionsTests" runstate="Runnable" seed="1743004778" result="Passed" start-time="2016-02-19 11:52:47Z" end-time="2016-02-19 11:52:47Z" duration="0.000456" asserts="1" />
                <test-case id="0-3099" name="CanGetPropertyWithBindingFlags(NUnit.Framework.Tests.Compatibility.BaseTestClass,&quot;StaticString&quot;,Static, Public, NonPublic,True)" fullname="NUnit.Framework.Tests.Compatibility.ReflectionExtensionsTests.CanGetPropertyWithBindingFlags(NUnit.Framework.Tests.Compatibility.BaseTestClass,&quot;StaticString&quot;,Static, Public, NonPublic,True)" methodname="CanGetPropertyWithBindingFlags" classname="NUnit.Framework.Tests.Compatibility.ReflectionExtensionsTests" runstate="Runnable" seed="593305530" result="Passed" start-time="2016-02-19 11:52:47Z" end-time="2016-02-19 11:52:47Z" duration="0.000503" asserts="1" />
                <test-case id="0-3100" name="CanGetPropertyWithBindingFlags(NUnit.Framework.Tests.Compatibility.DerivedTestClass,&quot;StaticString&quot;,Static, Public, NonPublic,False)" fullname="NUnit.Framework.Tests.Compatibility.ReflectionExtensionsTests.CanGetPropertyWithBindingFlags(NUnit.Framework.Tests.Compatibility.DerivedTestClass,&quot;StaticString&quot;,Static, Public, NonPublic,False)" methodname="CanGetPropertyWithBindingFlags" classname="NUnit.Framework.Tests.Compatibility.ReflectionExtensionsTests" runstate="Runnable" seed="1865043168" result="Passed" start-time="2016-02-19 11:52:47Z" end-time="2016-02-19 11:52:47Z" duration="0.000430" asserts="1" />
                <test-case id="0-3101" name="CanGetPropertyWithBindingFlags(NUnit.Framework.Tests.Compatibility.BaseTestClass,&quot;Name&quot;,Instance, Static, Public,True)" fullname="NUnit.Framework.Tests.Compatibility.ReflectionExtensionsTests.CanGetPropertyWithBindingFlags(NUnit.Framework.Tests.Compatibility.BaseTestClass,&quot;Name&quot;,Instance, Static, Public,True)" methodname="CanGetPropertyWithBindingFlags" classname="NUnit.Framework.Tests.Compatibility.ReflectionExtensionsTests" runstate="Runnable" seed="790280721" result="Passed" start-time="2016-02-19 11:52:47Z" end-time="2016-02-19 11:52:47Z" duration="0.000409" asserts="1" />
                <test-case id="0-3102" name="CanGetPropertyWithBindingFlags(NUnit.Framework.Tests.Compatibility.DerivedTestClass,&quot;Name&quot;,Instance, Static, Public,True)" fullname="NUnit.Framework.Tests.Compatibility.ReflectionExtensionsTests.CanGetPropertyWithBindingFlags(NUnit.Framework.Tests.Compatibility.DerivedTestClass,&quot;Name&quot;,Instance, Static, Public,True)" methodname="CanGetPropertyWithBindingFlags" classname="NUnit.Framework.Tests.Compatibility.ReflectionExtensionsTests" runstate="Runnable" seed="1031499692" result="Passed" start-time="2016-02-19 11:52:47Z" end-time="2016-02-19 11:52:47Z" duration="0.000407" asserts="1" />
                <test-case id="0-3103" name="CanGetPropertyWithBindingFlags(NUnit.Framework.Tests.Compatibility.BaseTestClass,&quot;Private&quot;,Instance, Static, Public,False)" fullname="NUnit.Framework.Tests.Compatibility.ReflectionExtensionsTests.CanGetPropertyWithBindingFlags(NUnit.Framework.Tests.Compatibility.BaseTestClass,&quot;Private&quot;,Instance, Static, Public,False)" methodname="CanGetPropertyWithBindingFlags" classname="NUnit.Framework.Tests.Compatibility.ReflectionExtensionsTests" runstate="Runnable" seed="1160329424" result="Passed" start-time="2016-02-19 11:52:47Z" end-time="2016-02-19 11:52:47Z" duration="0.000409" asserts="1" />
                <test-case id="0-3104" name="CanGetPropertyWithBindingFlags(NUnit.Framework.Tests.Compatibility.DerivedTestClass,&quot;Private&quot;,Instance, Static, Public,False)" fullname="NUnit.Framework.Tests.Compatibility.ReflectionExtensionsTests.CanGetPropertyWithBindingFlags(NUnit.Framework.Tests.Compatibility.DerivedTestClass,&quot;Private&quot;,Instance, Static, Public,False)" methodname="CanGetPropertyWithBindingFlags" classname="NUnit.Framework.Tests.Compatibility.ReflectionExtensionsTests" runstate="Runnable" seed="124819116" result="Passed" start-time="2016-02-19 11:52:47Z" end-time="2016-02-19 11:52:47Z" duration="0.000406" asserts="1" />
                <test-case id="0-3105" name="CanGetPropertyWithBindingFlags(NUnit.Framework.Tests.Compatibility.BaseTestClass,&quot;StaticString&quot;,Instance, Static, Public,True)" fullname="NUnit.Framework.Tests.Compatibility.ReflectionExtensionsTests.CanGetPropertyWithBindingFlags(NUnit.Framework.Tests.Compatibility.BaseTestClass,&quot;StaticString&quot;,Instance, Static, Public,True)" methodname="CanGetPropertyWithBindingFlags" classname="NUnit.Framework.Tests.Compatibility.ReflectionExtensionsTests" runstate="Runnable" seed="1893393921" result="Passed" start-time="2016-02-19 11:52:47Z" end-time="2016-02-19 11:52:47Z" duration="0.001344" asserts="1" />
                <test-case id="0-3106" name="CanGetPropertyWithBindingFlags(NUnit.Framework.Tests.Compatibility.DerivedTestClass,&quot;StaticString&quot;,Instance, Static, Public,False)" fullname="NUnit.Framework.Tests.Compatibility.ReflectionExtensionsTests.CanGetPropertyWithBindingFlags(NUnit.Framework.Tests.Compatibility.DerivedTestClass,&quot;StaticString&quot;,Instance, Static, Public,False)" methodname="CanGetPropertyWithBindingFlags" classname="NUnit.Framework.Tests.Compatibility.ReflectionExtensionsTests" runstate="Runnable" seed="1952030362" result="Passed" start-time="2016-02-19 11:52:47Z" end-time="2016-02-19 11:52:47Z" duration="0.000436" asserts="1" />
                <test-case id="0-3107" name="CanGetPropertyWithBindingFlags(NUnit.Framework.Tests.Compatibility.BaseTestClass,&quot;Name&quot;,Instance, Static, NonPublic,False)" fullname="NUnit.Framework.Tests.Compatibility.ReflectionExtensionsTests.CanGetPropertyWithBindingFlags(NUnit.Framework.Tests.Compatibility.BaseTestClass,&quot;Name&quot;,Instance, Static, NonPublic,False)" methodname="CanGetPropertyWithBindingFlags" classname="NUnit.Framework.Tests.Compatibility.ReflectionExtensionsTests" runstate="Runnable" seed="1478104914" result="Passed" start-time="2016-02-19 11:52:47Z" end-time="2016-02-19 11:52:47Z" duration="0.000429" asserts="1" />
                <test-case id="0-3108" name="CanGetPropertyWithBindingFlags(NUnit.Framework.Tests.Compatibility.DerivedTestClass,&quot;Name&quot;,Instance, Static, NonPublic,False)" fullname="NUnit.Framework.Tests.Compatibility.ReflectionExtensionsTests.CanGetPropertyWithBindingFlags(NUnit.Framework.Tests.Compatibility.DerivedTestClass,&quot;Name&quot;,Instance, Static, NonPublic,False)" methodname="CanGetPropertyWithBindingFlags" classname="NUnit.Framework.Tests.Compatibility.ReflectionExtensionsTests" runstate="Runnable" seed="709265336" result="Passed" start-time="2016-02-19 11:52:47Z" end-time="2016-02-19 11:52:47Z" duration="0.000443" asserts="1" />
                <test-case id="0-3109" name="CanGetPropertyWithBindingFlags(NUnit.Framework.Tests.Compatibility.BaseTestClass,&quot;Private&quot;,Instance, Static, NonPublic,True)" fullname="NUnit.Framework.Tests.Compatibility.ReflectionExtensionsTests.CanGetPropertyWithBindingFlags(NUnit.Framework.Tests.Compatibility.BaseTestClass,&quot;Private&quot;,Instance, Static, NonPublic,True)" methodname="CanGetPropertyWithBindingFlags" classname="NUnit.Framework.Tests.Compatibility.ReflectionExtensionsTests" runstate="Runnable" seed="1124274685" result="Passed" start-time="2016-02-19 11:52:47Z" end-time="2016-02-19 11:52:47Z" duration="0.000445" asserts="1" />
                <test-case id="0-3110" name="CanGetPropertyWithBindingFlags(NUnit.Framework.Tests.Compatibility.DerivedTestClass,&quot;Private&quot;,Instance, Static, NonPublic,False)" fullname="NUnit.Framework.Tests.Compatibility.ReflectionExtensionsTests.CanGetPropertyWithBindingFlags(NUnit.Framework.Tests.Compatibility.DerivedTestClass,&quot;Private&quot;,Instance, Static, NonPublic,False)" methodname="CanGetPropertyWithBindingFlags" classname="NUnit.Framework.Tests.Compatibility.ReflectionExtensionsTests" runstate="Runnable" seed="415932468" result="Passed" start-time="2016-02-19 11:52:47Z" end-time="2016-02-19 11:52:47Z" duration="0.000429" asserts="1" />
                <test-case id="0-3111" name="CanGetPropertyWithBindingFlags(NUnit.Framework.Tests.Compatibility.BaseTestClass,&quot;StaticString&quot;,Instance, Static, NonPublic,False)" fullname="NUnit.Framework.Tests.Compatibility.ReflectionExtensionsTests.CanGetPropertyWithBindingFlags(NUnit.Framework.Tests.Compatibility.BaseTestClass,&quot;StaticString&quot;,Instance, Static, NonPublic,False)" methodname="CanGetPropertyWithBindingFlags" classname="NUnit.Framework.Tests.Compatibility.ReflectionExtensionsTests" runstate="Runnable" seed="588857889" result="Passed" start-time="2016-02-19 11:52:47Z" end-time="2016-02-19 11:52:47Z" duration="0.000408" asserts="1" />
                <test-case id="0-3112" name="CanGetPropertyWithBindingFlags(NUnit.Framework.Tests.Compatibility.DerivedTestClass,&quot;StaticString&quot;,Instance, Static, NonPublic,False)" fullname="NUnit.Framework.Tests.Compatibility.ReflectionExtensionsTests.CanGetPropertyWithBindingFlags(NUnit.Framework.Tests.Compatibility.DerivedTestClass,&quot;StaticString&quot;,Instance, Static, NonPublic,False)" methodname="CanGetPropertyWithBindingFlags" classname="NUnit.Framework.Tests.Compatibility.ReflectionExtensionsTests" runstate="Runnable" seed="114067473" result="Passed" start-time="2016-02-19 11:52:47Z" end-time="2016-02-19 11:52:47Z" duration="0.000406" asserts="1" />
                <test-case id="0-3113" name="CanGetPropertyWithBindingFlags(NUnit.Framework.Tests.Compatibility.BaseTestClass,&quot;PubPriv&quot;,Instance, Static, Public,True)" fullname="NUnit.Framework.Tests.Compatibility.ReflectionExtensionsTests.CanGetPropertyWithBindingFlags(NUnit.Framework.Tests.Compatibility.BaseTestClass,&quot;PubPriv&quot;,Instance, Static, Public,True)" methodname="CanGetPropertyWithBindingFlags" classname="NUnit.Framework.Tests.Compatibility.ReflectionExtensionsTests" runstate="Runnable" seed="1302351392" result="Passed" start-time="2016-02-19 11:52:47Z" end-time="2016-02-19 11:52:47Z" duration="0.000428" asserts="1" />
                <test-case id="0-3114" name="CanGetPropertyWithBindingFlags(NUnit.Framework.Tests.Compatibility.DerivedTestClass,&quot;PubPriv&quot;,Instance, Static, Public,True)" fullname="NUnit.Framework.Tests.Compatibility.ReflectionExtensionsTests.CanGetPropertyWithBindingFlags(NUnit.Framework.Tests.Compatibility.DerivedTestClass,&quot;PubPriv&quot;,Instance, Static, Public,True)" methodname="CanGetPropertyWithBindingFlags" classname="NUnit.Framework.Tests.Compatibility.ReflectionExtensionsTests" runstate="Runnable" seed="331379430" result="Passed" start-time="2016-02-19 11:52:47Z" end-time="2016-02-19 11:52:47Z" duration="0.000428" asserts="1" />
                <test-case id="0-3115" name="CanGetPropertyWithBindingFlags(NUnit.Framework.Tests.Compatibility.BaseTestClass,&quot;PubPriv&quot;,Instance, Static, NonPublic,False)" fullname="NUnit.Framework.Tests.Compatibility.ReflectionExtensionsTests.CanGetPropertyWithBindingFlags(NUnit.Framework.Tests.Compatibility.BaseTestClass,&quot;PubPriv&quot;,Instance, Static, NonPublic,False)" methodname="CanGetPropertyWithBindingFlags" classname="NUnit.Framework.Tests.Compatibility.ReflectionExtensionsTests" runstate="Runnable" seed="434555371" result="Passed" start-time="2016-02-19 11:52:47Z" end-time="2016-02-19 11:52:47Z" duration="0.000408" asserts="1" />
                <test-case id="0-3116" name="CanGetPropertyWithBindingFlags(NUnit.Framework.Tests.Compatibility.DerivedTestClass,&quot;PubPriv&quot;,Instance, Static, NonPublic,False)" fullname="NUnit.Framework.Tests.Compatibility.ReflectionExtensionsTests.CanGetPropertyWithBindingFlags(NUnit.Framework.Tests.Compatibility.DerivedTestClass,&quot;PubPriv&quot;,Instance, Static, NonPublic,False)" methodname="CanGetPropertyWithBindingFlags" classname="NUnit.Framework.Tests.Compatibility.ReflectionExtensionsTests" runstate="Runnable" seed="950660657" result="Passed" start-time="2016-02-19 11:52:47Z" end-time="2016-02-19 11:52:47Z" duration="0.000448" asserts="1" />
              </test-suite>
              <test-case id="0-3082" name="CanGetPublicField" fullname="NUnit.Framework.Tests.Compatibility.ReflectionExtensionsTests.CanGetPublicField" methodname="CanGetPublicField" classname="NUnit.Framework.Tests.Compatibility.ReflectionExtensionsTests" runstate="Runnable" seed="1429922014" result="Passed" start-time="2016-02-19 11:52:47Z" end-time="2016-02-19 11:52:47Z" duration="0.001172" asserts="1" />
              <test-suite type="ParameterizedMethod" id="0-3142" name="DoesNotFindStaticMethodsOnBase" fullname="NUnit.Framework.Tests.Compatibility.ReflectionExtensionsTests.DoesNotFindStaticMethodsOnBase" runstate="Runnable" testcasecount="3" result="Passed" start-time="2016-02-19 11:52:47Z" end-time="2016-02-19 11:52:47Z" duration="0.001056" total="3" passed="3" failed="0" inconclusive="0" skipped="0" asserts="0">
                <test-case id="0-3139" name="DoesNotFindStaticMethodsOnBase(Static)" fullname="NUnit.Framework.Tests.Compatibility.ReflectionExtensionsTests.DoesNotFindStaticMethodsOnBase(Static)" methodname="DoesNotFindStaticMethodsOnBase" classname="NUnit.Framework.Tests.Compatibility.ReflectionExtensionsTests" runstate="Runnable" seed="389015090" result="Passed" start-time="2016-02-19 11:52:47Z" end-time="2016-02-19 11:52:47Z" duration="0.000493" asserts="0" />
                <test-case id="0-3140" name="DoesNotFindStaticMethodsOnBase(FlattenHierarchy)" fullname="NUnit.Framework.Tests.Compatibility.ReflectionExtensionsTests.DoesNotFindStaticMethodsOnBase(FlattenHierarchy)" methodname="DoesNotFindStaticMethodsOnBase" classname="NUnit.Framework.Tests.Compatibility.ReflectionExtensionsTests" runstate="Runnable" seed="300808843" result="Passed" start-time="2016-02-19 11:52:47Z" end-time="2016-02-19 11:52:47Z" duration="0.000068" asserts="0" />
                <test-case id="0-3141" name="DoesNotFindStaticMethodsOnBase(Default)" fullname="NUnit.Framework.Tests.Compatibility.ReflectionExtensionsTests.DoesNotFindStaticMethodsOnBase(Default)" methodname="DoesNotFindStaticMethodsOnBase" classname="NUnit.Framework.Tests.Compatibility.ReflectionExtensionsTests" runstate="Runnable" seed="1697744795" result="Passed" start-time="2016-02-19 11:52:47Z" end-time="2016-02-19 11:52:47Z" duration="0.000055" asserts="0" />
              </test-suite>
              <test-case id="0-3083" name="DoesNotGetPrivateField" fullname="NUnit.Framework.Tests.Compatibility.ReflectionExtensionsTests.DoesNotGetPrivateField" methodname="DoesNotGetPrivateField" classname="NUnit.Framework.Tests.Compatibility.ReflectionExtensionsTests" runstate="Runnable" seed="676393406" result="Passed" start-time="2016-02-19 11:52:47Z" end-time="2016-02-19 11:52:47Z" duration="0.000295" asserts="1" />
              <test-case id="0-3081" name="DoesNotGetPrivateMemberOnBaseClass" fullname="NUnit.Framework.Tests.Compatibility.ReflectionExtensionsTests.DoesNotGetPrivateMemberOnBaseClass" methodname="DoesNotGetPrivateMemberOnBaseClass" classname="NUnit.Framework.Tests.Compatibility.ReflectionExtensionsTests" runstate="Runnable" seed="2088559901" result="Passed" start-time="2016-02-19 11:52:47Z" end-time="2016-02-19 11:52:47Z" duration="0.000619" asserts="2" />
              <test-case id="0-3080" name="DoesNotGetStaticMemberOnBaseClass" fullname="NUnit.Framework.Tests.Compatibility.ReflectionExtensionsTests.DoesNotGetStaticMemberOnBaseClass" methodname="DoesNotGetStaticMemberOnBaseClass" classname="NUnit.Framework.Tests.Compatibility.ReflectionExtensionsTests" runstate="Runnable" seed="376251720" result="Passed" start-time="2016-02-19 11:52:47Z" end-time="2016-02-19 11:52:47Z" duration="0.000591" asserts="2" />
              <test-case id="0-3088" name="DoesNotGetStaticPropertyOnBase" fullname="NUnit.Framework.Tests.Compatibility.ReflectionExtensionsTests.DoesNotGetStaticPropertyOnBase" methodname="DoesNotGetStaticPropertyOnBase" classname="NUnit.Framework.Tests.Compatibility.ReflectionExtensionsTests" runstate="Runnable" seed="693243659" result="Passed" start-time="2016-02-19 11:52:47Z" end-time="2016-02-19 11:52:47Z" duration="0.000232" asserts="1" />
              <test-case id="0-3064" name="IsAssignableFromTest" fullname="NUnit.Framework.Tests.Compatibility.ReflectionExtensionsTests.IsAssignableFromTest" methodname="IsAssignableFromTest" classname="NUnit.Framework.Tests.Compatibility.ReflectionExtensionsTests" runstate="Runnable" seed="1613642503" result="Passed" start-time="2016-02-19 11:52:47Z" end-time="2016-02-19 11:52:47Z" duration="0.000702" asserts="2" />
              <test-case id="0-3065" name="IsInstanceOfTypeTest" fullname="NUnit.Framework.Tests.Compatibility.ReflectionExtensionsTests.IsInstanceOfTypeTest" methodname="IsInstanceOfTypeTest" classname="NUnit.Framework.Tests.Compatibility.ReflectionExtensionsTests" runstate="Runnable" seed="1116340812" result="Passed" start-time="2016-02-19 11:52:47Z" end-time="2016-02-19 11:52:47Z" duration="0.001034" asserts="5" />
            </test-suite>
            <test-suite type="TestFixture" id="0-3148" name="StopwatchTests" fullname="NUnit.Framework.Tests.Compatibility.StopwatchTests" classname="NUnit.Framework.Tests.Compatibility.StopwatchTests" runstate="Runnable" testcasecount="1" result="Passed" start-time="2016-02-19 11:52:47Z" end-time="2016-02-19 11:52:47Z" duration="0.000682" total="1" passed="1" failed="0" inconclusive="0" skipped="0" asserts="1">
              <test-case id="0-3149" name="StopwatchIsDotNetStopwatch" fullname="NUnit.Framework.Tests.Compatibility.StopwatchTests.StopwatchIsDotNetStopwatch" methodname="StopwatchIsDotNetStopwatch" classname="NUnit.Framework.Tests.Compatibility.StopwatchTests" runstate="Runnable" seed="1697199710" result="Passed" start-time="2016-02-19 11:52:47Z" end-time="2016-02-19 11:52:47Z" duration="0.000488" asserts="1" />
            </test-suite>
          </test-suite>
          <test-suite type="TestSuite" id="0-5005" name="Constraints" fullname="NUnit.Framework.Tests.Constraints" runstate="Runnable" testcasecount="37" result="Passed" start-time="2016-02-19 11:52:43Z" end-time="2016-02-19 11:52:47Z" duration="3.239721" total="37" passed="37" failed="0" inconclusive="0" skipped="0" asserts="58">
            <test-suite type="TestFixture" id="0-3005" name="DictionaryContainsKeyConstraintTests" fullname="NUnit.Framework.Tests.Constraints.DictionaryContainsKeyConstraintTests" classname="NUnit.Framework.Tests.Constraints.DictionaryContainsKeyConstraintTests" runstate="Runnable" testcasecount="6" result="Passed" start-time="2016-02-19 11:52:47Z" end-time="2016-02-19 11:52:47Z" duration="0.007325" total="6" passed="6" failed="0" inconclusive="0" skipped="0" asserts="8">
              <test-case id="0-3007" name="FailsWhenKeyIsMissing" fullname="NUnit.Framework.Tests.Constraints.DictionaryContainsKeyConstraintTests.FailsWhenKeyIsMissing" methodname="FailsWhenKeyIsMissing" classname="NUnit.Framework.Tests.Constraints.DictionaryContainsKeyConstraintTests" runstate="Runnable" seed="1025675009" result="Passed" start-time="2016-02-19 11:52:47Z" end-time="2016-02-19 11:52:47Z" duration="0.003268" asserts="2" />
              <test-case id="0-3008" name="FailsWhenNotUsedAgainstADictionary" fullname="NUnit.Framework.Tests.Constraints.DictionaryContainsKeyConstraintTests.FailsWhenNotUsedAgainstADictionary" methodname="FailsWhenNotUsedAgainstADictionary" classname="NUnit.Framework.Tests.Constraints.DictionaryContainsKeyConstraintTests" runstate="Runnable" seed="1395887902" result="Passed" start-time="2016-02-19 11:52:47Z" end-time="2016-02-19 11:52:47Z" duration="0.001406" asserts="2" />
              <test-case id="0-3010" name="IgnoreCaseIsHonored" fullname="NUnit.Framework.Tests.Constraints.DictionaryContainsKeyConstraintTests.IgnoreCaseIsHonored" methodname="IgnoreCaseIsHonored" classname="NUnit.Framework.Tests.Constraints.DictionaryContainsKeyConstraintTests" runstate="Runnable" seed="795647295" result="Passed" start-time="2016-02-19 11:52:47Z" end-time="2016-02-19 11:52:47Z" duration="0.000449" asserts="1" />
              <test-case id="0-3006" name="SucceedsWhenKeyIsPresent" fullname="NUnit.Framework.Tests.Constraints.DictionaryContainsKeyConstraintTests.SucceedsWhenKeyIsPresent" methodname="SucceedsWhenKeyIsPresent" classname="NUnit.Framework.Tests.Constraints.DictionaryContainsKeyConstraintTests" runstate="Runnable" seed="585754286" result="Passed" start-time="2016-02-19 11:52:47Z" end-time="2016-02-19 11:52:47Z" duration="0.000336" asserts="1" />
              <test-case id="0-3011" name="UsingIsHonored" fullname="NUnit.Framework.Tests.Constraints.DictionaryContainsKeyConstraintTests.UsingIsHonored" methodname="UsingIsHonored" classname="NUnit.Framework.Tests.Constraints.DictionaryContainsKeyConstraintTests" runstate="Runnable" seed="1209321159" result="Passed" start-time="2016-02-19 11:52:47Z" end-time="2016-02-19 11:52:47Z" duration="0.000918" asserts="1" />
              <test-case id="0-3009" name="WorksWithNonGenericDictionary" fullname="NUnit.Framework.Tests.Constraints.DictionaryContainsKeyConstraintTests.WorksWithNonGenericDictionary" methodname="WorksWithNonGenericDictionary" classname="NUnit.Framework.Tests.Constraints.DictionaryContainsKeyConstraintTests" runstate="Runnable" seed="1702753420" result="Passed" start-time="2016-02-19 11:52:47Z" end-time="2016-02-19 11:52:47Z" duration="0.000353" asserts="1" />
            </test-suite>
            <test-suite type="TestFixture" id="0-3012" name="DictionaryContainsValueConstraintTests" fullname="NUnit.Framework.Tests.Constraints.DictionaryContainsValueConstraintTests" classname="NUnit.Framework.Tests.Constraints.DictionaryContainsValueConstraintTests" runstate="Runnable" testcasecount="6" result="Passed" start-time="2016-02-19 11:52:47Z" end-time="2016-02-19 11:52:47Z" duration="0.007929" total="6" passed="6" failed="0" inconclusive="0" skipped="0" asserts="8">
              <test-case id="0-3015" name="FailsWhenNotUsedAgainstADictionary" fullname="NUnit.Framework.Tests.Constraints.DictionaryContainsValueConstraintTests.FailsWhenNotUsedAgainstADictionary" methodname="FailsWhenNotUsedAgainstADictionary" classname="NUnit.Framework.Tests.Constraints.DictionaryContainsValueConstraintTests" runstate="Runnable" seed="1555997244" result="Passed" start-time="2016-02-19 11:52:47Z" end-time="2016-02-19 11:52:47Z" duration="0.002233" asserts="2" />
              <test-case id="0-3014" name="FailsWhenValueIsMissing" fullname="NUnit.Framework.Tests.Constraints.DictionaryContainsValueConstraintTests.FailsWhenValueIsMissing" methodname="FailsWhenValueIsMissing" classname="NUnit.Framework.Tests.Constraints.DictionaryContainsValueConstraintTests" runstate="Runnable" seed="986189492" result="Passed" start-time="2016-02-19 11:52:47Z" end-time="2016-02-19 11:52:47Z" duration="0.001291" asserts="2" />
              <test-case id="0-3017" name="IgnoreCaseIsHonored" fullname="NUnit.Framework.Tests.Constraints.DictionaryContainsValueConstraintTests.IgnoreCaseIsHonored" methodname="IgnoreCaseIsHonored" classname="NUnit.Framework.Tests.Constraints.DictionaryContainsValueConstraintTests" runstate="Runnable" seed="6332974" result="Passed" start-time="2016-02-19 11:52:47Z" end-time="2016-02-19 11:52:47Z" duration="0.000474" asserts="1" />
              <test-case id="0-3013" name="SucceedsWhenValueIsPresent" fullname="NUnit.Framework.Tests.Constraints.DictionaryContainsValueConstraintTests.SucceedsWhenValueIsPresent" methodname="SucceedsWhenValueIsPresent" classname="NUnit.Framework.Tests.Constraints.DictionaryContainsValueConstraintTests" runstate="Runnable" seed="745088445" result="Passed" start-time="2016-02-19 11:52:47Z" end-time="2016-02-19 11:52:47Z" duration="0.000379" asserts="1" />
              <test-case id="0-3018" name="UsingIsHonored" fullname="NUnit.Framework.Tests.Constraints.DictionaryContainsValueConstraintTests.UsingIsHonored" methodname="UsingIsHonored" classname="NUnit.Framework.Tests.Constraints.DictionaryContainsValueConstraintTests" runstate="Runnable" seed="1455200179" result="Passed" start-time="2016-02-19 11:52:47Z" end-time="2016-02-19 11:52:47Z" duration="0.001743" asserts="1" />
              <test-case id="0-3016" name="WorksWithNonGenericDictionary" fullname="NUnit.Framework.Tests.Constraints.DictionaryContainsValueConstraintTests.WorksWithNonGenericDictionary" methodname="WorksWithNonGenericDictionary" classname="NUnit.Framework.Tests.Constraints.DictionaryContainsValueConstraintTests" runstate="Runnable" seed="1346587488" result="Passed" start-time="2016-02-19 11:52:47Z" end-time="2016-02-19 11:52:47Z" duration="0.000359" asserts="1" />
            </test-suite>
            <test-suite type="TestFixture" id="0-3019" name="FileOrDirectoryExistsConstraintTests" fullname="NUnit.Framework.Tests.Constraints.FileOrDirectoryExistsConstraintTests" classname="NUnit.Framework.Tests.Constraints.FileOrDirectoryExistsConstraintTests" runstate="Runnable" testcasecount="17" result="Passed" start-time="2016-02-19 11:52:47Z" end-time="2016-02-19 11:52:47Z" duration="0.113510" total="17" passed="17" failed="0" inconclusive="0" skipped="0" asserts="32">
              <test-case id="0-3028" name="FailsWhenDirectoryInfoDoesNotExist" fullname="NUnit.Framework.Tests.Constraints.FileOrDirectoryExistsConstraintTests.FailsWhenDirectoryInfoDoesNotExist" methodname="FailsWhenDirectoryInfoDoesNotExist" classname="NUnit.Framework.Tests.Constraints.FileOrDirectoryExistsConstraintTests" runstate="Runnable" seed="865659557" result="Passed" start-time="2016-02-19 11:52:47Z" end-time="2016-02-19 11:52:47Z" duration="0.002541" asserts="2" />
              <test-case id="0-3034" name="FailsWhenDirectoryInfoIsNull" fullname="NUnit.Framework.Tests.Constraints.FileOrDirectoryExistsConstraintTests.FailsWhenDirectoryInfoIsNull" methodname="FailsWhenDirectoryInfoIsNull" classname="NUnit.Framework.Tests.Constraints.FileOrDirectoryExistsConstraintTests" runstate="Runnable" seed="1561468170" result="Passed" start-time="2016-02-19 11:52:47Z" end-time="2016-02-19 11:52:47Z" duration="0.002496" asserts="2" />
              <test-case id="0-3031" name="FailsWhenDirectoryStringDoesNotExist" fullname="NUnit.Framework.Tests.Constraints.FileOrDirectoryExistsConstraintTests.FailsWhenDirectoryStringDoesNotExist" methodname="FailsWhenDirectoryStringDoesNotExist" classname="NUnit.Framework.Tests.Constraints.FileOrDirectoryExistsConstraintTests" runstate="Runnable" seed="1019980057" result="Passed" start-time="2016-02-19 11:52:47Z" end-time="2016-02-19 11:52:47Z" duration="0.001605" asserts="2" />
              <test-case id="0-3029" name="FailsWhenFileInfoDoesNotExist" fullname="NUnit.Framework.Tests.Constraints.FileOrDirectoryExistsConstraintTests.FailsWhenFileInfoDoesNotExist" methodname="FailsWhenFileInfoDoesNotExist" classname="NUnit.Framework.Tests.Constraints.FileOrDirectoryExistsConstraintTests" runstate="Runnable" seed="1560612934" result="Passed" start-time="2016-02-19 11:52:47Z" end-time="2016-02-19 11:52:47Z" duration="0.001875" asserts="2" />
              <test-case id="0-3033" name="FailsWhenFileInfoIsNull" fullname="NUnit.Framework.Tests.Constraints.FileOrDirectoryExistsConstraintTests.FailsWhenFileInfoIsNull" methodname="FailsWhenFileInfoIsNull" classname="NUnit.Framework.Tests.Constraints.FileOrDirectoryExistsConstraintTests" runstate="Runnable" seed="1363442793" result="Passed" start-time="2016-02-19 11:52:47Z" end-time="2016-02-19 11:52:47Z" duration="0.001542" asserts="2" />
              <test-case id="0-3030" name="FailsWhenFileStringDoesNotExist" fullname="NUnit.Framework.Tests.Constraints.FileOrDirectoryExistsConstraintTests.FailsWhenFileStringDoesNotExist" methodname="FailsWhenFileStringDoesNotExist" classname="NUnit.Framework.Tests.Constraints.FileOrDirectoryExistsConstraintTests" runstate="Runnable" seed="562203960" result="Passed" start-time="2016-02-19 11:52:47Z" end-time="2016-02-19 11:52:47Z" duration="0.002686" asserts="2" />
              <test-case id="0-3027" name="FailsWhenIgnoreDirectoriesIsTrueWithDirectoryInfo" fullname="NUnit.Framework.Tests.Constraints.FileOrDirectoryExistsConstraintTests.FailsWhenIgnoreDirectoriesIsTrueWithDirectoryInfo" methodname="FailsWhenIgnoreDirectoriesIsTrueWithDirectoryInfo" classname="NUnit.Framework.Tests.Constraints.FileOrDirectoryExistsConstraintTests" runstate="Runnable" seed="785227500" result="Passed" start-time="2016-02-19 11:52:47Z" end-time="2016-02-19 11:52:47Z" duration="0.001710" asserts="2" />
              <test-case id="0-3026" name="FailsWhenIgnoreDirectoriesIsTrueWithDirectoryString" fullname="NUnit.Framework.Tests.Constraints.FileOrDirectoryExistsConstraintTests.FailsWhenIgnoreDirectoriesIsTrueWithDirectoryString" methodname="FailsWhenIgnoreDirectoriesIsTrueWithDirectoryString" classname="NUnit.Framework.Tests.Constraints.FileOrDirectoryExistsConstraintTests" runstate="Runnable" seed="1947766552" result="Passed" start-time="2016-02-19 11:52:47Z" end-time="2016-02-19 11:52:47Z" duration="0.001227" asserts="1" />
              <test-case id="0-3025" name="FailsWhenIgnoreFilesIsTrueWithFileInfo" fullname="NUnit.Framework.Tests.Constraints.FileOrDirectoryExistsConstraintTests.FailsWhenIgnoreFilesIsTrueWithFileInfo" methodname="FailsWhenIgnoreFilesIsTrueWithFileInfo" classname="NUnit.Framework.Tests.Constraints.FileOrDirectoryExistsConstraintTests" runstate="Runnable" seed="592622942" result="Passed" start-time="2016-02-19 11:52:47Z" end-time="2016-02-19 11:52:47Z" duration="0.021461" asserts="2" />
              <test-case id="0-3024" name="FailsWhenIgnoreFilesIsTrueWithFileString" fullname="NUnit.Framework.Tests.Constraints.FileOrDirectoryExistsConstraintTests.FailsWhenIgnoreFilesIsTrueWithFileString" methodname="FailsWhenIgnoreFilesIsTrueWithFileString" classname="NUnit.Framework.Tests.Constraints.FileOrDirectoryExistsConstraintTests" runstate="Runnable" seed="1209507599" result="Passed" start-time="2016-02-19 11:52:47Z" end-time="2016-02-19 11:52:47Z" duration="0.020840" asserts="1" />
              <test-case id="0-3032" name="FailsWhenNotStringOrDirectoryInfo" fullname="NUnit.Framework.Tests.Constraints.FileOrDirectoryExistsConstraintTests.FailsWhenNotStringOrDirectoryInfo" methodname="FailsWhenNotStringOrDirectoryInfo" classname="NUnit.Framework.Tests.Constraints.FileOrDirectoryExistsConstraintTests" runstate="Runnable" seed="453165924" result="Passed" start-time="2016-02-19 11:52:47Z" end-time="2016-02-19 11:52:47Z" duration="0.002977" asserts="2" />
              <test-case id="0-3036" name="FailsWhenStringIsEmpty" fullname="NUnit.Framework.Tests.Constraints.FileOrDirectoryExistsConstraintTests.FailsWhenStringIsEmpty" methodname="FailsWhenStringIsEmpty" classname="NUnit.Framework.Tests.Constraints.FileOrDirectoryExistsConstraintTests" runstate="Runnable" seed="1273313579" result="Passed" start-time="2016-02-19 11:52:47Z" end-time="2016-02-19 11:52:47Z" duration="0.001967" asserts="2" />
              <test-case id="0-3035" name="FailsWhenStringIsNull" fullname="NUnit.Framework.Tests.Constraints.FileOrDirectoryExistsConstraintTests.FailsWhenStringIsNull" methodname="FailsWhenStringIsNull" classname="NUnit.Framework.Tests.Constraints.FileOrDirectoryExistsConstraintTests" runstate="Runnable" seed="570398782" result="Passed" start-time="2016-02-19 11:52:47Z" end-time="2016-02-19 11:52:47Z" duration="0.002373" asserts="2" />
              <test-case id="0-3021" name="PassesWhenDirectoryInfoExists" fullname="NUnit.Framework.Tests.Constraints.FileOrDirectoryExistsConstraintTests.PassesWhenDirectoryInfoExists" methodname="PassesWhenDirectoryInfoExists" classname="NUnit.Framework.Tests.Constraints.FileOrDirectoryExistsConstraintTests" runstate="Runnable" seed="360749030" result="Passed" start-time="2016-02-19 11:52:47Z" end-time="2016-02-19 11:52:47Z" duration="0.001356" asserts="2" />
              <test-case id="0-3023" name="PassesWhenDirectoryStringExists" fullname="NUnit.Framework.Tests.Constraints.FileOrDirectoryExistsConstraintTests.PassesWhenDirectoryStringExists" methodname="PassesWhenDirectoryStringExists" classname="NUnit.Framework.Tests.Constraints.FileOrDirectoryExistsConstraintTests" runstate="Runnable" seed="1885493430" result="Passed" start-time="2016-02-19 11:52:47Z" end-time="2016-02-19 11:52:47Z" duration="0.001748" asserts="2" />
              <test-case id="0-3020" name="PassesWhenFileInfoExists" fullname="NUnit.Framework.Tests.Constraints.FileOrDirectoryExistsConstraintTests.PassesWhenFileInfoExists" methodname="PassesWhenFileInfoExists" classname="NUnit.Framework.Tests.Constraints.FileOrDirectoryExistsConstraintTests" runstate="Runnable" seed="365484353" result="Passed" start-time="2016-02-19 11:52:47Z" end-time="2016-02-19 11:52:47Z" duration="0.021221" asserts="2" />
              <test-case id="0-3022" name="PassesWhenFileStringExists" fullname="NUnit.Framework.Tests.Constraints.FileOrDirectoryExistsConstraintTests.PassesWhenFileStringExists" methodname="PassesWhenFileStringExists" classname="NUnit.Framework.Tests.Constraints.FileOrDirectoryExistsConstraintTests" runstate="Runnable" seed="1835617210" result="Passed" start-time="2016-02-19 11:52:47Z" end-time="2016-02-19 11:52:47Z" duration="0.021571" asserts="2" />
            </test-suite>
            <test-suite type="TestFixture" id="0-3037" name="ToleranceTests" fullname="NUnit.Framework.Tests.Constraints.ToleranceTests" classname="NUnit.Framework.Tests.Constraints.ToleranceTests" runstate="Runnable" testcasecount="8" result="Passed" start-time="2016-02-19 11:52:47Z" end-time="2016-02-19 11:52:47Z" duration="0.009027" total="8" passed="8" failed="0" inconclusive="0" skipped="0" asserts="10">
              <test-case id="0-3039" name="TestGlobalDefaultTolerance_Failure" fullname="NUnit.Framework.Tests.Constraints.ToleranceTests.TestGlobalDefaultTolerance_Failure" methodname="TestGlobalDefaultTolerance_Failure" classname="NUnit.Framework.Tests.Constraints.ToleranceTests" runstate="Runnable" seed="1514211041" result="Passed" start-time="2016-02-19 11:52:47Z" end-time="2016-02-19 11:52:47Z" duration="0.001421" asserts="1" />
              <test-case id="0-3038" name="TestGlobalDefaultTolerance_Success" fullname="NUnit.Framework.Tests.Constraints.ToleranceTests.TestGlobalDefaultTolerance_Success" methodname="TestGlobalDefaultTolerance_Success" classname="NUnit.Framework.Tests.Constraints.ToleranceTests" runstate="Runnable" seed="337293264" result="Passed" start-time="2016-02-19 11:52:47Z" end-time="2016-02-19 11:52:47Z" duration="0.000312" asserts="1" />
              <test-case id="0-3045" name="TestModeMustFollowTolerance" fullname="NUnit.Framework.Tests.Constraints.ToleranceTests.TestModeMustFollowTolerance" methodname="TestModeMustFollowTolerance" classname="NUnit.Framework.Tests.Constraints.ToleranceTests" runstate="Runnable" seed="420346257" result="Passed" start-time="2016-02-19 11:52:47Z" end-time="2016-02-19 11:52:47Z" duration="0.001212" asserts="1" />
              <test-case id="0-3043" name="TestModesCanOnlyBeUsedOnce" fullname="NUnit.Framework.Tests.Constraints.ToleranceTests.TestModesCanOnlyBeUsedOnce" methodname="TestModesCanOnlyBeUsedOnce" classname="NUnit.Framework.Tests.Constraints.ToleranceTests" runstate="Runnable" seed="675988038" result="Passed" start-time="2016-02-19 11:52:47Z" end-time="2016-02-19 11:52:47Z" duration="0.001087" asserts="1" />
              <test-case id="0-3044" name="TestNumericToleranceRequired" fullname="NUnit.Framework.Tests.Constraints.ToleranceTests.TestNumericToleranceRequired" methodname="TestNumericToleranceRequired" classname="NUnit.Framework.Tests.Constraints.ToleranceTests" runstate="Runnable" seed="861711167" result="Passed" start-time="2016-02-19 11:52:47Z" end-time="2016-02-19 11:52:47Z" duration="0.000938" asserts="1" />
              <test-case id="0-3040" name="TestToleranceDefault" fullname="NUnit.Framework.Tests.Constraints.ToleranceTests.TestToleranceDefault" methodname="TestToleranceDefault" classname="NUnit.Framework.Tests.Constraints.ToleranceTests" runstate="Runnable" seed="376187356" result="Passed" start-time="2016-02-19 11:52:47Z" end-time="2016-02-19 11:52:47Z" duration="0.000537" asserts="2" />
              <test-case id="0-3041" name="TestToleranceExact" fullname="NUnit.Framework.Tests.Constraints.ToleranceTests.TestToleranceExact" methodname="TestToleranceExact" classname="NUnit.Framework.Tests.Constraints.ToleranceTests" runstate="Runnable" seed="896923595" result="Passed" start-time="2016-02-19 11:52:47Z" end-time="2016-02-19 11:52:47Z" duration="0.000514" asserts="2" />
              <test-case id="0-3042" name="TestWithinCanOnlyBeUsedOnce" fullname="NUnit.Framework.Tests.Constraints.ToleranceTests.TestWithinCanOnlyBeUsedOnce" methodname="TestWithinCanOnlyBeUsedOnce" classname="NUnit.Framework.Tests.Constraints.ToleranceTests" runstate="Runnable" seed="1507112238" result="Passed" start-time="2016-02-19 11:52:47Z" end-time="2016-02-19 11:52:47Z" duration="0.002185" asserts="1" />
            </test-suite>
          </test-suite>
          <test-suite type="TestFixture" id="0-3001" name="TestContextOneTimeTearDownTests" fullname="NUnit.Framework.Tests.TestContextOneTimeTearDownTests" classname="NUnit.Framework.Tests.TestContextOneTimeTearDownTests" runstate="Runnable" testcasecount="3" result="Passed" start-time="2016-02-19 11:52:47Z" end-time="2016-02-19 11:52:47Z" duration="0.003518" total="3" passed="2" failed="0" inconclusive="0" skipped="1" asserts="10">
            <test-case id="0-3004" name="TestExplicit" fullname="NUnit.Framework.Tests.TestContextOneTimeTearDownTests.TestExplicit" methodname="TestExplicit" classname="NUnit.Framework.Tests.TestContextOneTimeTearDownTests" runstate="Explicit" seed="1749019749" result="Skipped" label="Explicit" start-time="2016-02-19 11:52:47Z" end-time="2016-02-19 11:52:47Z" duration="0.000004" asserts="0">
              <properties>
                <property name="_SKIPREASON" value="" />
              </properties>
              <reason>
                <message><![CDATA[]]></message>
              </reason>
            </test-case>
            <test-case id="0-3003" name="TestFalsehood" fullname="NUnit.Framework.Tests.TestContextOneTimeTearDownTests.TestFalsehood" methodname="TestFalsehood" classname="NUnit.Framework.Tests.TestContextOneTimeTearDownTests" runstate="Runnable" seed="321377788" result="Passed" start-time="2016-02-19 11:52:47Z" end-time="2016-02-19 11:52:47Z" duration="0.000260" asserts="1" />
            <test-case id="0-3002" name="TestTruth" fullname="NUnit.Framework.Tests.TestContextOneTimeTearDownTests.TestTruth" methodname="TestTruth" classname="NUnit.Framework.Tests.TestContextOneTimeTearDownTests" runstate="Runnable" seed="1400092095" result="Passed" start-time="2016-02-19 11:52:47Z" end-time="2016-02-19 11:52:47Z" duration="0.000259" asserts="1" />
          </test-suite>
          <test-suite type="TestFixture" id="0-2999" name="TestContextTearDownTests" fullname="NUnit.Framework.Tests.TestContextTearDownTests" classname="NUnit.Framework.Tests.TestContextTearDownTests" runstate="Runnable" testcasecount="1" result="Passed" start-time="2016-02-19 11:52:47Z" end-time="2016-02-19 11:52:47Z" duration="0.002925" total="1" passed="1" failed="0" inconclusive="0" skipped="0" asserts="10">
            <test-case id="0-3000" name="TestTheMeaningOfLife" fullname="NUnit.Framework.Tests.TestContextTearDownTests.TestTheMeaningOfLife" methodname="TestTheMeaningOfLife" classname="NUnit.Framework.Tests.TestContextTearDownTests" runstate="Runnable" seed="1144015882" result="Passed" start-time="2016-02-19 11:52:47Z" end-time="2016-02-19 11:52:47Z" duration="0.002709" asserts="10" />
          </test-suite>
          <test-suite type="TestFixture" id="0-2974" name="TestContextTests" fullname="NUnit.Framework.Tests.TestContextTests" classname="NUnit.Framework.Tests.TestContextTests" runstate="Runnable" testcasecount="21" result="Passed" start-time="2016-02-19 11:52:47Z" end-time="2016-02-19 11:52:47Z" duration="0.088825" total="21" passed="21" failed="0" inconclusive="0" skipped="0" asserts="16">
            <test-case id="0-2976" name="ConstructorAccessWorkDirectory" fullname="NUnit.Framework.Tests.TestContextTests.ConstructorAccessWorkDirectory" methodname="ConstructorAccessWorkDirectory" classname="NUnit.Framework.Tests.TestContextTests" runstate="Runnable" seed="1527461993" result="Passed" start-time="2016-02-19 11:52:47Z" end-time="2016-02-19 11:52:47Z" duration="0.000426" asserts="1" />
            <test-case id="0-2978" name="ConstructorCanAccessFixtureName" fullname="NUnit.Framework.Tests.TestContextTests.ConstructorCanAccessFixtureName" methodname="ConstructorCanAccessFixtureName" classname="NUnit.Framework.Tests.TestContextTests" runstate="Runnable" seed="1154058892" result="Passed" start-time="2016-02-19 11:52:47Z" end-time="2016-02-19 11:52:47Z" duration="0.000239" asserts="1" />
            <test-case id="0-2975" name="ConstructorCanAccessTestDirectory" fullname="NUnit.Framework.Tests.TestContextTests.ConstructorCanAccessTestDirectory" methodname="ConstructorCanAccessTestDirectory" classname="NUnit.Framework.Tests.TestContextTests" runstate="Runnable" seed="930772814" result="Passed" start-time="2016-02-19 11:52:47Z" end-time="2016-02-19 11:52:47Z" duration="0.000375" asserts="1" />
            <test-case id="0-2981" name="TestCanAccessItsOwnFullName" fullname="NUnit.Framework.Tests.TestContextTests.TestCanAccessItsOwnFullName" methodname="TestCanAccessItsOwnFullName" classname="NUnit.Framework.Tests.TestContextTests" runstate="Runnable" seed="1296381084" result="Passed" start-time="2016-02-19 11:52:47Z" end-time="2016-02-19 11:52:47Z" duration="0.000351" asserts="1" />
            <test-case id="0-2987" name="TestCanAccessItsOwnId" fullname="NUnit.Framework.Tests.TestContextTests.TestCanAccessItsOwnId" methodname="TestCanAccessItsOwnId" classname="NUnit.Framework.Tests.TestContextTests" runstate="Runnable" seed="341703349" result="Passed" start-time="2016-02-19 11:52:47Z" end-time="2016-02-19 11:52:47Z" duration="0.000698" asserts="1" />
            <test-case id="0-2984" name="TestCanAccessItsOwnMethodName" fullname="NUnit.Framework.Tests.TestContextTests.TestCanAccessItsOwnMethodName" methodname="TestCanAccessItsOwnMethodName" classname="NUnit.Framework.Tests.TestContextTests" runstate="Runnable" seed="922473143" result="Passed" start-time="2016-02-19 11:52:47Z" end-time="2016-02-19 11:52:47Z" duration="0.000379" asserts="1" />
            <test-case id="0-2977" name="TestCanAccessItsOwnName" fullname="NUnit.Framework.Tests.TestContextTests.TestCanAccessItsOwnName" methodname="TestCanAccessItsOwnName" classname="NUnit.Framework.Tests.TestContextTests" runstate="Runnable" seed="1776420821" result="Passed" start-time="2016-02-19 11:52:47Z" end-time="2016-02-19 11:52:47Z" duration="0.001183" asserts="1" />
            <test-case id="0-2988" name="TestCanAccessItsOwnProperties" fullname="NUnit.Framework.Tests.TestContextTests.TestCanAccessItsOwnProperties" methodname="TestCanAccessItsOwnProperties" classname="NUnit.Framework.Tests.TestContextTests" runstate="Runnable" seed="1165626120" result="Passed" start-time="2016-02-19 11:52:47Z" end-time="2016-02-19 11:52:47Z" duration="0.000484" asserts="1">
              <properties>
                <property name="Answer" value="42" />
              </properties>
            </test-case>
            <test-case id="0-2992" name="TestCanAccessTestState_FailingTest" fullname="NUnit.Framework.Tests.TestContextTests.TestCanAccessTestState_FailingTest" methodname="TestCanAccessTestState_FailingTest" classname="NUnit.Framework.Tests.TestContextTests" runstate="Runnable" seed="1011906051" result="Passed" start-time="2016-02-19 11:52:47Z" end-time="2016-02-19 11:52:47Z" duration="0.003396" asserts="0" />
            <test-case id="0-2991" name="TestCanAccessTestState_FailureInSetUp" fullname="NUnit.Framework.Tests.TestContextTests.TestCanAccessTestState_FailureInSetUp" methodname="TestCanAccessTestState_FailureInSetUp" classname="NUnit.Framework.Tests.TestContextTests" runstate="Runnable" seed="1120433797" result="Passed" start-time="2016-02-19 11:52:47Z" end-time="2016-02-19 11:52:47Z" duration="0.016742" asserts="0" />
            <test-case id="0-2993" name="TestCanAccessTestState_IgnoredInSetUp" fullname="NUnit.Framework.Tests.TestContextTests.TestCanAccessTestState_IgnoredInSetUp" methodname="TestCanAccessTestState_IgnoredInSetUp" classname="NUnit.Framework.Tests.TestContextTests" runstate="Runnable" seed="150034215" result="Passed" start-time="2016-02-19 11:52:47Z" end-time="2016-02-19 11:52:47Z" duration="0.014417" asserts="0" />
            <test-case id="0-2990" name="TestCanAccessTestState_PassingTest" fullname="NUnit.Framework.Tests.TestContextTests.TestCanAccessTestState_PassingTest" methodname="TestCanAccessTestState_PassingTest" classname="NUnit.Framework.Tests.TestContextTests" runstate="Runnable" seed="1509772507" result="Passed" start-time="2016-02-19 11:52:47Z" end-time="2016-02-19 11:52:47Z" duration="0.015580" asserts="0" />
            <test-case id="0-2989" name="TestCanAccessWorkDirectory" fullname="NUnit.Framework.Tests.TestContextTests.TestCanAccessWorkDirectory" methodname="TestCanAccessWorkDirectory" classname="NUnit.Framework.Tests.TestContextTests" runstate="Runnable" seed="1043859407" result="Passed" start-time="2016-02-19 11:52:47Z" end-time="2016-02-19 11:52:47Z" duration="0.000733" asserts="2" />
            <test-suite type="ParameterizedMethod" id="0-2983" name="TestCaseCanAccessItsOwnFullName" fullname="NUnit.Framework.Tests.TestContextTests.TestCaseCanAccessItsOwnFullName" runstate="Runnable" testcasecount="1" result="Passed" start-time="2016-02-19 11:52:47Z" end-time="2016-02-19 11:52:47Z" duration="0.000511" total="1" passed="1" failed="0" inconclusive="0" skipped="0" asserts="1">
              <test-case id="0-2982" name="TestCaseCanAccessItsOwnFullName(42)" fullname="NUnit.Framework.Tests.TestContextTests.TestCaseCanAccessItsOwnFullName(42)" methodname="TestCaseCanAccessItsOwnFullName" classname="NUnit.Framework.Tests.TestContextTests" runstate="Runnable" seed="682261123" result="Passed" start-time="2016-02-19 11:52:47Z" end-time="2016-02-19 11:52:47Z" duration="0.000386" asserts="1" />
            </test-suite>
            <test-suite type="ParameterizedMethod" id="0-2986" name="TestCaseCanAccessItsOwnMethodName" fullname="NUnit.Framework.Tests.TestContextTests.TestCaseCanAccessItsOwnMethodName" runstate="Runnable" testcasecount="1" result="Passed" start-time="2016-02-19 11:52:47Z" end-time="2016-02-19 11:52:47Z" duration="0.000421" total="1" passed="1" failed="0" inconclusive="0" skipped="0" asserts="1">
              <test-case id="0-2985" name="TestCaseCanAccessItsOwnMethodName(5)" fullname="NUnit.Framework.Tests.TestContextTests.TestCaseCanAccessItsOwnMethodName(5)" methodname="TestCaseCanAccessItsOwnMethodName" classname="NUnit.Framework.Tests.TestContextTests" runstate="Runnable" seed="1947923010" result="Passed" start-time="2016-02-19 11:52:47Z" end-time="2016-02-19 11:52:47Z" duration="0.000314" asserts="1" />
            </test-suite>
            <test-suite type="ParameterizedMethod" id="0-2980" name="TestCaseCanAccessItsOwnName" fullname="NUnit.Framework.Tests.TestContextTests.TestCaseCanAccessItsOwnName" runstate="Runnable" testcasecount="1" result="Passed" start-time="2016-02-19 11:52:47Z" end-time="2016-02-19 11:52:47Z" duration="0.001288" total="1" passed="1" failed="0" inconclusive="0" skipped="0" asserts="1">
              <test-case id="0-2979" name="TestCaseCanAccessItsOwnName(5)" fullname="NUnit.Framework.Tests.TestContextTests.TestCaseCanAccessItsOwnName(5)" methodname="TestCaseCanAccessItsOwnName" classname="NUnit.Framework.Tests.TestContextTests" runstate="Runnable" seed="185509983" result="Passed" start-time="2016-02-19 11:52:47Z" end-time="2016-02-19 11:52:47Z" duration="0.001175" asserts="1" />
            </test-suite>
            <test-case id="0-2994" name="TestContextOut_WritesToResult" fullname="NUnit.Framework.Tests.TestContextTests.TestContextOut_WritesToResult" methodname="TestContextOut_WritesToResult" classname="NUnit.Framework.Tests.TestContextTests" runstate="Runnable" seed="380067631" result="Passed" start-time="2016-02-19 11:52:47Z" end-time="2016-02-19 11:52:47Z" duration="0.000726" asserts="1">
              <output><![CDATA[Should go to the result
]]></output>
            </test-case>
            <test-case id="0-2998" name="TestContextStoresFailureInfoForOneTimeTearDown" fullname="NUnit.Framework.Tests.TestContextTests.TestContextStoresFailureInfoForOneTimeTearDown" methodname="TestContextStoresFailureInfoForOneTimeTearDown" classname="NUnit.Framework.Tests.TestContextTests" runstate="Runnable" seed="1846956709" result="Passed" start-time="2016-02-19 11:52:47Z" end-time="2016-02-19 11:52:47Z" duration="0.011271" asserts="0" />
            <test-case id="0-2997" name="TestContextStoresFailureInfoForTearDown" fullname="NUnit.Framework.Tests.TestContextTests.TestContextStoresFailureInfoForTearDown" methodname="TestContextStoresFailureInfoForTearDown" classname="NUnit.Framework.Tests.TestContextTests" runstate="Runnable" seed="772993257" result="Passed" start-time="2016-02-19 11:52:47Z" end-time="2016-02-19 11:52:47Z" duration="0.016111" asserts="0" />
            <test-case id="0-2995" name="TestContextWrite_WritesToResult" fullname="NUnit.Framework.Tests.TestContextTests.TestContextWrite_WritesToResult" methodname="TestContextWrite_WritesToResult" classname="NUnit.Framework.Tests.TestContextTests" runstate="Runnable" seed="2093896573" result="Passed" start-time="2016-02-19 11:52:47Z" end-time="2016-02-19 11:52:47Z" duration="0.000631" asserts="1">
              <output><![CDATA[Should go to the result]]></output>
            </test-case>
            <test-case id="0-2996" name="TestContextWriteLine_WritesToResult" fullname="NUnit.Framework.Tests.TestContextTests.TestContextWriteLine_WritesToResult" methodname="TestContextWriteLine_WritesToResult" classname="NUnit.Framework.Tests.TestContextTests" runstate="Runnable" seed="1540624413" result="Passed" start-time="2016-02-19 11:52:47Z" end-time="2016-02-19 11:52:47Z" duration="0.000364" asserts="1">
              <output><![CDATA[Should go to the result
]]></output>
            </test-case>
          </test-suite>
          <test-suite type="TestFixture" id="0-2962" name="ActionAttributeTests" fullname="NUnit.Framework.Tests.ActionAttributeTests" classname="NUnit.Framework.Tests.ActionAttributeTests" runstate="Runnable" testcasecount="10" result="Passed" start-time="2016-02-19 11:52:55Z" end-time="2016-02-19 11:52:55Z" duration="0.059311" total="10" passed="10" failed="0" inconclusive="0" skipped="0" asserts="241">
            <properties>
              <property name="ParallelScope" value="None" />
            </properties>
            <test-case id="0-2965" name="ActionsWrappingAssembly" fullname="NUnit.Framework.Tests.ActionAttributeTests.ActionsWrappingAssembly" methodname="ActionsWrappingAssembly" classname="NUnit.Framework.Tests.ActionAttributeTests" runstate="Runnable" seed="1431413477" result="Passed" start-time="2016-02-19 11:52:55Z" end-time="2016-02-19 11:52:55Z" duration="0.007127" asserts="9" />
            <test-case id="0-2968" name="ActionsWrappingParameterizedMethodSuite" fullname="NUnit.Framework.Tests.ActionAttributeTests.ActionsWrappingParameterizedMethodSuite" methodname="ActionsWrappingParameterizedMethodSuite" classname="NUnit.Framework.Tests.ActionAttributeTests" runstate="Runnable" seed="1726597782" result="Passed" start-time="2016-02-19 11:52:55Z" end-time="2016-02-19 11:52:55Z" duration="0.001413" asserts="8" />
            <test-case id="0-2966" name="ActionsWrappingSetUpFixture" fullname="NUnit.Framework.Tests.ActionAttributeTests.ActionsWrappingSetUpFixture" methodname="ActionsWrappingSetUpFixture" classname="NUnit.Framework.Tests.ActionAttributeTests" runstate="Runnable" seed="536803388" result="Passed" start-time="2016-02-19 11:52:55Z" end-time="2016-02-19 11:52:55Z" duration="0.000340" asserts="20" />
            <test-case id="0-2967" name="ActionsWrappingTestFixture" fullname="NUnit.Framework.Tests.ActionAttributeTests.ActionsWrappingTestFixture" methodname="ActionsWrappingTestFixture" classname="NUnit.Framework.Tests.ActionAttributeTests" runstate="Runnable" seed="1011725854" result="Passed" start-time="2016-02-19 11:52:55Z" end-time="2016-02-19 11:52:55Z" duration="0.001989" asserts="38" />
            <test-suite type="ParameterizedMethod" id="0-2973" name="ActionsWrappingTestMethod" fullname="NUnit.Framework.Tests.ActionAttributeTests.ActionsWrappingTestMethod" runstate="Runnable" testcasecount="3" result="Passed" start-time="2016-02-19 11:52:55Z" end-time="2016-02-19 11:52:55Z" duration="0.006062" total="3" passed="3" failed="0" inconclusive="0" skipped="0" asserts="162">
              <test-case id="0-2970" name="ActionsWrappingTestMethod(&quot;CaseOne&quot;)" fullname="NUnit.Framework.Tests.ActionAttributeTests.ActionsWrappingTestMethod(&quot;CaseOne&quot;)" methodname="ActionsWrappingTestMethod" classname="NUnit.Framework.Tests.ActionAttributeTests" runstate="Runnable" seed="1785304135" result="Passed" start-time="2016-02-19 11:52:55Z" end-time="2016-02-19 11:52:55Z" duration="0.004207" asserts="54" />
              <test-case id="0-2971" name="ActionsWrappingTestMethod(&quot;CaseTwo&quot;)" fullname="NUnit.Framework.Tests.ActionAttributeTests.ActionsWrappingTestMethod(&quot;CaseTwo&quot;)" methodname="ActionsWrappingTestMethod" classname="NUnit.Framework.Tests.ActionAttributeTests" runstate="Runnable" seed="501822027" result="Passed" start-time="2016-02-19 11:52:55Z" end-time="2016-02-19 11:52:55Z" duration="0.000520" asserts="54" />
              <test-case id="0-2972" name="ActionsWrappingTestMethod(&quot;SimpleTest&quot;)" fullname="NUnit.Framework.Tests.ActionAttributeTests.ActionsWrappingTestMethod(&quot;SimpleTest&quot;)" methodname="ActionsWrappingTestMethod" classname="NUnit.Framework.Tests.ActionAttributeTests" runstate="Runnable" seed="432553016" result="Passed" start-time="2016-02-19 11:52:55Z" end-time="2016-02-19 11:52:55Z" duration="0.000500" asserts="54" />
            </test-suite>
            <test-case id="0-2969" name="CorrectNumberOfEventsReceived" fullname="NUnit.Framework.Tests.ActionAttributeTests.CorrectNumberOfEventsReceived" methodname="CorrectNumberOfEventsReceived" classname="NUnit.Framework.Tests.ActionAttributeTests" runstate="Runnable" seed="714897143" result="Passed" start-time="2016-02-19 11:52:55Z" end-time="2016-02-19 11:52:55Z" duration="0.000792" asserts="1" />
            <test-case id="0-2964" name="ExpectedOutput_InCorrectOrder" fullname="NUnit.Framework.Tests.ActionAttributeTests.ExpectedOutput_InCorrectOrder" methodname="ExpectedOutput_InCorrectOrder" classname="NUnit.Framework.Tests.ActionAttributeTests" runstate="Runnable" seed="1457874238" result="Passed" start-time="2016-02-19 11:52:55Z" end-time="2016-02-19 11:52:55Z" duration="0.005570" asserts="0" />
            <test-case id="0-2963" name="TestsRunSuccessfully" fullname="NUnit.Framework.Tests.ActionAttributeTests.TestsRunSuccessfully" methodname="TestsRunSuccessfully" classname="NUnit.Framework.Tests.ActionAttributeTests" runstate="Runnable" seed="497084111" result="Passed" start-time="2016-02-19 11:52:55Z" end-time="2016-02-19 11:52:55Z" duration="0.002198" asserts="1" />
          </test-suite>
        </test-suite>
      </test-suite>
    </test-suite>
  </test-suite>
</test-run>